(3, 512, 512)
Noisy PSNR is '20.206576294402705'
(3, 512, 512) (3, 512, 512) torch.Size([1, 32, 512, 512])
Starting optimization with optimizer 'SAM'
Output directory: data/denoising/Set14/mask/4/sparsity/det/0.035/1e-09
epoch:  0 quantization_loss:  0.06534325331449509
p mean is: tensor(-0.0006, device='cuda:3')
epoch:  1000 quantization_loss:  0.049226731061935425
p mean is: tensor(-0.0265, device='cuda:3')
epoch:  2000 quantization_loss:  0.04918130487203598
p mean is: tensor(-0.0462, device='cuda:3')
epoch:  3000 quantization_loss:  0.046953801065683365
p mean is: tensor(-0.0664, device='cuda:3')
epoch:  4000 quantization_loss:  0.04628072306513786
p mean is: tensor(-0.0881, device='cuda:3')
epoch:  5000 quantization_loss:  0.04565972834825516
p mean is: tensor(-0.1118, device='cuda:3')
epoch:  6000 quantization_loss:  0.045515500009059906
p mean is: tensor(-0.1379, device='cuda:3')
epoch:  7000 quantization_loss:  0.04148080572485924
p mean is: tensor(-0.1658, device='cuda:3')
epoch:  8000 quantization_loss:  0.036182913929224014
p mean is: tensor(-0.1988, device='cuda:3')
epoch:  9000 quantization_loss:  0.030024398118257523
p mean is: tensor(-0.2383, device='cuda:3')
epoch:  10000 quantization_loss:  0.02851862646639347
p mean is: tensor(-0.2895, device='cuda:3')
epoch:  11000 quantization_loss:  0.026202911511063576
p mean is: tensor(-0.3566, device='cuda:3')
epoch:  12000 quantization_loss:  0.02415904402732849
p mean is: tensor(-0.4418, device='cuda:3')
epoch:  13000 quantization_loss:  0.022961629554629326
p mean is: tensor(-0.5466, device='cuda:3')
epoch:  14000 quantization_loss:  0.022447973489761353
p mean is: tensor(-0.6709, device='cuda:3')
epoch:  15000 quantization_loss:  0.020813481882214546
p mean is: tensor(-0.8122, device='cuda:3')
epoch:  16000 quantization_loss:  0.020274870097637177
p mean is: tensor(-0.9645, device='cuda:3')
epoch:  17000 quantization_loss:  0.02027854695916176
p mean is: tensor(-1.1206, device='cuda:3')
epoch:  18000 quantization_loss:  0.01943482644855976
p mean is: tensor(-1.2731, device='cuda:3')
epoch:  19000 quantization_loss:  0.019144998863339424
p mean is: tensor(-1.4168, device='cuda:3')
epoch:  20000 quantization_loss:  0.01890549808740616
p mean is: tensor(-1.5488, device='cuda:3')
epoch:  21000 quantization_loss:  0.018668025732040405
p mean is: tensor(-1.6682, device='cuda:3')
epoch:  22000 quantization_loss:  0.018374551087617874
p mean is: tensor(-1.7757, device='cuda:3')
epoch:  23000 quantization_loss:  0.018255967646837234
p mean is: tensor(-1.8723, device='cuda:3')
epoch:  24000 quantization_loss:  0.018115872517228127
p mean is: tensor(-1.9593, device='cuda:3')
epoch:  25000 quantization_loss:  0.017997123301029205
p mean is: tensor(-2.0381, device='cuda:3')
epoch:  26000 quantization_loss:  0.017845727503299713
p mean is: tensor(-2.1093, device='cuda:3')
epoch:  27000 quantization_loss:  0.017764965072274208
p mean is: tensor(-2.1745, device='cuda:3')
epoch:  28000 quantization_loss:  0.017751673236489296
p mean is: tensor(-2.2341, device='cuda:3')
epoch:  29000 quantization_loss:  0.017664562910795212
p mean is: tensor(-2.2890, device='cuda:3')
epoch:  30000 quantization_loss:  0.017576105892658234
p mean is: tensor(-2.3396, device='cuda:3')
epoch:  31000 quantization_loss:  0.017543788999319077
p mean is: tensor(-2.3865, device='cuda:3')
epoch:  32000 quantization_loss:  0.01750282198190689
p mean is: tensor(-2.4299, device='cuda:3')
epoch:  33000 quantization_loss:  0.01744047738611698
p mean is: tensor(-2.4703, device='cuda:3')
epoch:  34000 quantization_loss:  0.017401747405529022
p mean is: tensor(-2.5081, device='cuda:3')
epoch:  35000 quantization_loss:  0.01738252118229866
p mean is: tensor(-2.5434, device='cuda:3')
epoch:  36000 quantization_loss:  0.017302080988883972
p mean is: tensor(-2.5765, device='cuda:3')
epoch:  37000 quantization_loss:  0.01936633512377739
p mean is: tensor(-2.6077, device='cuda:3')
epoch:  38000 quantization_loss:  0.017244935035705566
p mean is: tensor(-2.6370, device='cuda:3')
epoch:  39000 quantization_loss:  0.0172414630651474
p mean is: tensor(-2.6647, device='cuda:3')
epoch:  40000 quantization_loss:  0.017213691025972366
p mean is: tensor(-2.6909, device='cuda:3')
epoch:  41000 quantization_loss:  0.017214354127645493
p mean is: tensor(-2.7156, device='cuda:3')
epoch:  42000 quantization_loss:  0.017181184142827988
p mean is: tensor(-2.7390, device='cuda:3')
epoch:  43000 quantization_loss:  0.01714584231376648
p mean is: tensor(-2.7612, device='cuda:3')
epoch:  44000 quantization_loss:  0.01712852530181408
p mean is: tensor(-2.7823, device='cuda:3')
epoch:  45000 quantization_loss:  0.017129454761743546
p mean is: tensor(-2.8024, device='cuda:3')
epoch:  46000 quantization_loss:  0.01709611341357231
p mean is: tensor(-2.8215, device='cuda:3')
epoch:  47000 quantization_loss:  0.017081687226891518
p mean is: tensor(-2.8397, device='cuda:3')
epoch:  48000 quantization_loss:  0.017062973231077194
p mean is: tensor(-2.8571, device='cuda:3')
epoch:  49000 quantization_loss:  0.017059678211808205
p mean is: tensor(-2.8738, device='cuda:3')
epoch:  50000 quantization_loss:  0.0170498788356781
p mean is: tensor(-2.8897, device='cuda:3')
epoch:  51000 quantization_loss:  0.017043329775333405
p mean is: tensor(-2.9049, device='cuda:3')
epoch:  52000 quantization_loss:  0.017029980197548866
p mean is: tensor(-2.9194, device='cuda:3')
epoch:  53000 quantization_loss:  0.017015768215060234
p mean is: tensor(-2.9333, device='cuda:3')
epoch:  54000 quantization_loss:  0.017019320279359818
p mean is: tensor(-2.9466, device='cuda:3')
epoch:  55000 quantization_loss:  0.01700931042432785
p mean is: tensor(-2.9594, device='cuda:3')
epoch:  56000 quantization_loss:  0.016990667209029198
p mean is: tensor(-2.9718, device='cuda:3')
epoch:  57000 quantization_loss:  0.016990745440125465
p mean is: tensor(-2.9836, device='cuda:3')
epoch:  58000 quantization_loss:  0.016976872459053993
p mean is: tensor(-2.9950, device='cuda:3')
epoch:  59000 quantization_loss:  0.017520533874630928
p mean is: tensor(-3.0059, device='cuda:3')
epoch:  60000 quantization_loss:  0.016966622322797775
p mean is: tensor(-3.0163, device='cuda:3')
epoch:  61000 quantization_loss:  0.016967741772532463
p mean is: tensor(-3.0264, device='cuda:3')
epoch:  62000 quantization_loss:  0.016959263011813164
p mean is: tensor(-3.0361, device='cuda:3')
epoch:  63000 quantization_loss:  0.01697719655930996
p mean is: tensor(-3.0455, device='cuda:3')
epoch:  64000 quantization_loss:  0.016947010532021523
p mean is: tensor(-3.0545, device='cuda:3')
epoch:  65000 quantization_loss:  0.01694582775235176
p mean is: tensor(-3.0633, device='cuda:3')
epoch:  66000 quantization_loss:  0.016942737624049187
p mean is: tensor(-3.0718, device='cuda:3')
epoch:  67000 quantization_loss:  0.01693739928305149
p mean is: tensor(-3.0799, device='cuda:3')
epoch:  68000 quantization_loss:  0.016934813931584358
p mean is: tensor(-3.0878, device='cuda:3')
epoch:  69000 quantization_loss:  0.016935087740421295
p mean is: tensor(-3.0954, device='cuda:3')
epoch:  70000 quantization_loss:  0.016926977783441544
p mean is: tensor(-3.1028, device='cuda:3')
epoch:  71000 quantization_loss:  0.016930067911744118
p mean is: tensor(-3.1098, device='cuda:3')
epoch:  72000 quantization_loss:  0.016914766281843185
p mean is: tensor(-3.1168, device='cuda:3')
epoch:  73000 quantization_loss:  0.016915256157517433
p mean is: tensor(-3.1235, device='cuda:3')
epoch:  74000 quantization_loss:  0.016914786770939827
p mean is: tensor(-3.1299, device='cuda:3')
epoch:  75000 quantization_loss:  0.016916709020733833
p mean is: tensor(-3.1362, device='cuda:3')
epoch:  76000 quantization_loss:  0.016912296414375305
p mean is: tensor(-3.1423, device='cuda:3')
epoch:  77000 quantization_loss:  0.016912151128053665
p mean is: tensor(-3.1482, device='cuda:3')
epoch:  78000 quantization_loss:  0.0169075820595026
p mean is: tensor(-3.1539, device='cuda:3')
epoch:  79000 quantization_loss:  0.016901470720767975
p mean is: tensor(-3.1594, device='cuda:3')
Number of elements to keep: 105310
Threshold value: -1.8509645462036133
Number of elements equal to threshold: 1
Number of elements to randomly select: 1
Actual sparsity achieved: 0.03499988533889999
Number of elements to keep: 105310
Threshold value: -1.8509645462036133
Number of elements equal to threshold: 1
Number of elements to randomly select: 1
Actual sparsity achieved: 0.03499988533889999
1.1.1.weight         | nonzeros =     514 /   12800             (  4.02%) | total_pruned =   12286 | shape = torch.Size([16, 32, 5, 5])
1.1.1.bias           | nonzeros =       0 /      16             (  0.00%) | total_pruned =      16 | shape = torch.Size([16])
1.2.weight           | nonzeros =       4 /      16             ( 25.00%) | total_pruned =      12 | shape = torch.Size([16])
1.2.bias             | nonzeros =       0 /      16             (  0.00%) | total_pruned =      16 | shape = torch.Size([16])
1.4.1.weight         | nonzeros =      76 /    6400             (  1.19%) | total_pruned =    6324 | shape = torch.Size([16, 16, 5, 5])
1.4.1.bias           | nonzeros =       0 /      16             (  0.00%) | total_pruned =      16 | shape = torch.Size([16])
1.5.weight           | nonzeros =       6 /      16             ( 37.50%) | total_pruned =      10 | shape = torch.Size([16])
1.5.bias             | nonzeros =       0 /      16             (  0.00%) | total_pruned =      16 | shape = torch.Size([16])
1.7.1.1.1.weight     | nonzeros =     158 /   12800             (  1.23%) | total_pruned =   12642 | shape = torch.Size([32, 16, 5, 5])
1.7.1.1.1.bias       | nonzeros =       0 /      32             (  0.00%) | total_pruned =      32 | shape = torch.Size([32])
1.7.1.2.weight       | nonzeros =      13 /      32             ( 40.62%) | total_pruned =      19 | shape = torch.Size([32])
1.7.1.2.bias         | nonzeros =       0 /      32             (  0.00%) | total_pruned =      32 | shape = torch.Size([32])
1.7.1.4.1.weight     | nonzeros =     325 /   25600             (  1.27%) | total_pruned =   25275 | shape = torch.Size([32, 32, 5, 5])
1.7.1.4.1.bias       | nonzeros =       0 /      32             (  0.00%) | total_pruned =      32 | shape = torch.Size([32])
1.7.1.5.weight       | nonzeros =      13 /      32             ( 40.62%) | total_pruned =      19 | shape = torch.Size([32])
1.7.1.5.bias         | nonzeros =       0 /      32             (  0.00%) | total_pruned =      32 | shape = torch.Size([32])
1.7.1.7.1.1.1.weight | nonzeros =     388 /   51200             (  0.76%) | total_pruned =   50812 | shape = torch.Size([64, 32, 5, 5])
1.7.1.7.1.1.1.bias   | nonzeros =       0 /      64             (  0.00%) | total_pruned =      64 | shape = torch.Size([64])
1.7.1.7.1.2.weight   | nonzeros =      23 /      64             ( 35.94%) | total_pruned =      41 | shape = torch.Size([64])
1.7.1.7.1.2.bias     | nonzeros =       0 /      64             (  0.00%) | total_pruned =      64 | shape = torch.Size([64])
1.7.1.7.1.4.1.weight | nonzeros =     713 /  102400             (  0.70%) | total_pruned =  101687 | shape = torch.Size([64, 64, 5, 5])
1.7.1.7.1.4.1.bias   | nonzeros =       0 /      64             (  0.00%) | total_pruned =      64 | shape = torch.Size([64])
1.7.1.7.1.5.weight   | nonzeros =      24 /      64             ( 37.50%) | total_pruned =      40 | shape = torch.Size([64])
1.7.1.7.1.5.bias     | nonzeros =       0 /      64             (  0.00%) | total_pruned =      64 | shape = torch.Size([64])
1.7.1.7.1.7.1.1.1.weight | nonzeros =     699 /  204800             (  0.34%) | total_pruned =  204101 | shape = torch.Size([128, 64, 5, 5])
1.7.1.7.1.7.1.1.1.bias | nonzeros =       0 /     128             (  0.00%) | total_pruned =     128 | shape = torch.Size([128])
1.7.1.7.1.7.1.2.weight | nonzeros =      46 /     128             ( 35.94%) | total_pruned =      82 | shape = torch.Size([128])
1.7.1.7.1.7.1.2.bias | nonzeros =       0 /     128             (  0.00%) | total_pruned =     128 | shape = torch.Size([128])
1.7.1.7.1.7.1.4.1.weight | nonzeros =    1431 /  409600             (  0.35%) | total_pruned =  408169 | shape = torch.Size([128, 128, 5, 5])
1.7.1.7.1.7.1.4.1.bias | nonzeros =       0 /     128             (  0.00%) | total_pruned =     128 | shape = torch.Size([128])
1.7.1.7.1.7.1.5.weight | nonzeros =      54 /     128             ( 42.19%) | total_pruned =      74 | shape = torch.Size([128])
1.7.1.7.1.7.1.5.bias | nonzeros =       0 /     128             (  0.00%) | total_pruned =     128 | shape = torch.Size([128])
1.7.1.7.1.7.1.7.1.1.1.weight | nonzeros =    2010 /  409600             (  0.49%) | total_pruned =  407590 | shape = torch.Size([128, 128, 5, 5])
1.7.1.7.1.7.1.7.1.1.1.bias | nonzeros =       0 /     128             (  0.00%) | total_pruned =     128 | shape = torch.Size([128])
1.7.1.7.1.7.1.7.1.2.weight | nonzeros =      65 /     128             ( 50.78%) | total_pruned =      63 | shape = torch.Size([128])
1.7.1.7.1.7.1.7.1.2.bias | nonzeros =       0 /     128             (  0.00%) | total_pruned =     128 | shape = torch.Size([128])
1.7.1.7.1.7.1.7.1.4.1.weight | nonzeros =    3559 /  409600             (  0.87%) | total_pruned =  406041 | shape = torch.Size([128, 128, 5, 5])
1.7.1.7.1.7.1.7.1.4.1.bias | nonzeros =       0 /     128             (  0.00%) | total_pruned =     128 | shape = torch.Size([128])
1.7.1.7.1.7.1.7.1.5.weight | nonzeros =      87 /     128             ( 67.97%) | total_pruned =      41 | shape = torch.Size([128])
1.7.1.7.1.7.1.7.1.5.bias | nonzeros =       0 /     128             (  0.00%) | total_pruned =     128 | shape = torch.Size([128])
1.7.1.7.1.7.1.7.1.7.1.1.1.weight | nonzeros =    7741 /  409600             (  1.89%) | total_pruned =  401859 | shape = torch.Size([128, 128, 5, 5])
1.7.1.7.1.7.1.7.1.7.1.1.1.bias | nonzeros =       0 /     128             (  0.00%) | total_pruned =     128 | shape = torch.Size([128])
1.7.1.7.1.7.1.7.1.7.1.2.weight | nonzeros =      99 /     128             ( 77.34%) | total_pruned =      29 | shape = torch.Size([128])
1.7.1.7.1.7.1.7.1.7.1.2.bias | nonzeros =       0 /     128             (  0.00%) | total_pruned =     128 | shape = torch.Size([128])
1.7.1.7.1.7.1.7.1.7.1.4.1.weight | nonzeros =   15452 /  409600             (  3.77%) | total_pruned =  394148 | shape = torch.Size([128, 128, 5, 5])
1.7.1.7.1.7.1.7.1.7.1.4.1.bias | nonzeros =       0 /     128             (  0.00%) | total_pruned =     128 | shape = torch.Size([128])
1.7.1.7.1.7.1.7.1.7.1.5.weight | nonzeros =      90 /     128             ( 70.31%) | total_pruned =      38 | shape = torch.Size([128])
1.7.1.7.1.7.1.7.1.7.1.5.bias | nonzeros =       0 /     128             (  0.00%) | total_pruned =     128 | shape = torch.Size([128])
1.7.1.7.1.7.1.7.1.7.2.weight | nonzeros =      90 /     128             ( 70.31%) | total_pruned =      38 | shape = torch.Size([128])
1.7.1.7.1.7.1.7.1.7.2.bias | nonzeros =       0 /     128             (  0.00%) | total_pruned =     128 | shape = torch.Size([128])
1.7.1.7.1.7.1.7.1.7.3.1.weight | nonzeros =   22078 /  147456             ( 14.97%) | total_pruned =  125378 | shape = torch.Size([128, 128, 3, 3])
1.7.1.7.1.7.1.7.1.7.3.1.bias | nonzeros =       0 /     128             (  0.00%) | total_pruned =     128 | shape = torch.Size([128])
1.7.1.7.1.7.1.7.1.7.4.weight | nonzeros =      90 /     128             ( 70.31%) | total_pruned =      38 | shape = torch.Size([128])
1.7.1.7.1.7.1.7.1.7.4.bias | nonzeros =       0 /     128             (  0.00%) | total_pruned =     128 | shape = torch.Size([128])
1.7.1.7.1.7.1.7.2.weight | nonzeros =      90 /     128             ( 70.31%) | total_pruned =      38 | shape = torch.Size([128])
1.7.1.7.1.7.1.7.2.bias | nonzeros =       0 /     128             (  0.00%) | total_pruned =     128 | shape = torch.Size([128])
1.7.1.7.1.7.1.7.3.1.weight | nonzeros =   21002 /  147456             ( 14.24%) | total_pruned =  126454 | shape = torch.Size([128, 128, 3, 3])
1.7.1.7.1.7.1.7.3.1.bias | nonzeros =       0 /     128             (  0.00%) | total_pruned =     128 | shape = torch.Size([128])
1.7.1.7.1.7.1.7.4.weight | nonzeros =      75 /     128             ( 58.59%) | total_pruned =      53 | shape = torch.Size([128])
1.7.1.7.1.7.1.7.4.bias | nonzeros =       0 /     128             (  0.00%) | total_pruned =     128 | shape = torch.Size([128])
1.7.1.7.1.7.2.weight | nonzeros =      75 /     128             ( 58.59%) | total_pruned =      53 | shape = torch.Size([128])
1.7.1.7.1.7.2.bias   | nonzeros =       0 /     128             (  0.00%) | total_pruned =     128 | shape = torch.Size([128])
1.7.1.7.1.7.3.1.weight | nonzeros =   15993 /  147456             ( 10.85%) | total_pruned =  131463 | shape = torch.Size([128, 128, 3, 3])
1.7.1.7.1.7.3.1.bias | nonzeros =       0 /     128             (  0.00%) | total_pruned =     128 | shape = torch.Size([128])
1.7.1.7.1.7.4.weight | nonzeros =      68 /     128             ( 53.12%) | total_pruned =      60 | shape = torch.Size([128])
1.7.1.7.1.7.4.bias   | nonzeros =       0 /     128             (  0.00%) | total_pruned =     128 | shape = torch.Size([128])
1.7.1.7.2.weight     | nonzeros =      68 /     128             ( 53.12%) | total_pruned =      60 | shape = torch.Size([128])
1.7.1.7.2.bias       | nonzeros =       0 /     128             (  0.00%) | total_pruned =     128 | shape = torch.Size([128])
1.7.1.7.3.1.weight   | nonzeros =    7734 /   73728             ( 10.49%) | total_pruned =   65994 | shape = torch.Size([64, 128, 3, 3])
1.7.1.7.3.1.bias     | nonzeros =       0 /      64             (  0.00%) | total_pruned =      64 | shape = torch.Size([64])
1.7.1.7.4.weight     | nonzeros =      33 /      64             ( 51.56%) | total_pruned =      31 | shape = torch.Size([64])
1.7.1.7.4.bias       | nonzeros =       0 /      64             (  0.00%) | total_pruned =      64 | shape = torch.Size([64])
1.7.2.weight         | nonzeros =      33 /      64             ( 51.56%) | total_pruned =      31 | shape = torch.Size([64])
1.7.2.bias           | nonzeros =       0 /      64             (  0.00%) | total_pruned =      64 | shape = torch.Size([64])
1.7.3.1.weight       | nonzeros =    2848 /   18432             ( 15.45%) | total_pruned =   15584 | shape = torch.Size([32, 64, 3, 3])
1.7.3.1.bias         | nonzeros =       0 /      32             (  0.00%) | total_pruned =      32 | shape = torch.Size([32])
1.7.4.weight         | nonzeros =      21 /      32             ( 65.62%) | total_pruned =      11 | shape = torch.Size([32])
1.7.4.bias           | nonzeros =       0 /      32             (  0.00%) | total_pruned =      32 | shape = torch.Size([32])
2.weight             | nonzeros =      21 /      32             ( 65.62%) | total_pruned =      11 | shape = torch.Size([32])
2.bias               | nonzeros =       0 /      32             (  0.00%) | total_pruned =      32 | shape = torch.Size([32])
3.1.weight           | nonzeros =    1355 /    4608             ( 29.41%) | total_pruned =    3253 | shape = torch.Size([16, 32, 3, 3])
3.1.bias             | nonzeros =       0 /      16             (  0.00%) | total_pruned =      16 | shape = torch.Size([16])
4.weight             | nonzeros =      15 /      16             ( 93.75%) | total_pruned =       1 | shape = torch.Size([16])
4.bias               | nonzeros =       0 /      16             (  0.00%) | total_pruned =      16 | shape = torch.Size([16])
6.1.weight           | nonzeros =      29 /      48             ( 60.42%) | total_pruned =      19 | shape = torch.Size([3, 16, 1, 1])
6.1.bias             | nonzeros =       2 /       3             ( 66.67%) | total_pruned =       1 | shape = torch.Size([3])
alive: 105310, pruned : 2903557, total: 3008867, Compression rate :      28.57x  ( 96.50% pruned)
(3, 512, 512) (3, 512, 512) (3, 512, 512)
PSNR of output image is:  21.148002499766058
Experiment done
