(3, 512, 512)
Noisy PSNR is '20.496031051644735'
(3, 512, 512) (3, 512, 512) torch.Size([1, 32, 512, 512])
Starting optimization with optimizer 'SAM'
Output directory: data/denoising/Set14/mask/13/sparsity/det/0.05/1e-09
epoch:  0 quantization_loss:  0.07471358776092529
p mean is: tensor(-0.0005, device='cuda:2')
epoch:  1000 quantization_loss:  0.06371496617794037
p mean is: tensor(-0.0165, device='cuda:2')
epoch:  2000 quantization_loss:  0.061186283826828
p mean is: tensor(-0.0268, device='cuda:2')
epoch:  3000 quantization_loss:  0.06102930009365082
p mean is: tensor(-0.0367, device='cuda:2')
epoch:  4000 quantization_loss:  0.061347633600234985
p mean is: tensor(-0.0466, device='cuda:2')
epoch:  5000 quantization_loss:  0.06023222580552101
p mean is: tensor(-0.0565, device='cuda:2')
epoch:  6000 quantization_loss:  0.06239604577422142
p mean is: tensor(-0.0672, device='cuda:2')
epoch:  7000 quantization_loss:  0.05865773558616638
p mean is: tensor(-0.0781, device='cuda:2')
epoch:  8000 quantization_loss:  0.05487145110964775
p mean is: tensor(-0.0904, device='cuda:2')
epoch:  9000 quantization_loss:  0.043625324964523315
p mean is: tensor(-0.1031, device='cuda:2')
epoch:  10000 quantization_loss:  0.034795649349689484
p mean is: tensor(-0.1197, device='cuda:2')
epoch:  11000 quantization_loss:  0.031025229021906853
p mean is: tensor(-0.1420, device='cuda:2')
epoch:  12000 quantization_loss:  0.0288750808686018
p mean is: tensor(-0.1725, device='cuda:2')
epoch:  13000 quantization_loss:  0.026537032797932625
p mean is: tensor(-0.2138, device='cuda:2')
epoch:  14000 quantization_loss:  0.025435665622353554
p mean is: tensor(-0.2687, device='cuda:2')
epoch:  15000 quantization_loss:  0.024017438292503357
p mean is: tensor(-0.3399, device='cuda:2')
epoch:  16000 quantization_loss:  0.022142771631479263
p mean is: tensor(-0.4292, device='cuda:2')
epoch:  17000 quantization_loss:  0.021534433588385582
p mean is: tensor(-0.5371, device='cuda:2')
epoch:  18000 quantization_loss:  0.020548393949866295
p mean is: tensor(-0.6612, device='cuda:2')
epoch:  19000 quantization_loss:  0.01975935883820057
p mean is: tensor(-0.7975, device='cuda:2')
epoch:  20000 quantization_loss:  0.019288992509245872
p mean is: tensor(-0.9395, device='cuda:2')
epoch:  21000 quantization_loss:  0.018904976546764374
p mean is: tensor(-1.0802, device='cuda:2')
epoch:  22000 quantization_loss:  0.018403692170977592
p mean is: tensor(-1.2141, device='cuda:2')
epoch:  23000 quantization_loss:  0.017902355641126633
p mean is: tensor(-1.3382, device='cuda:2')
epoch:  24000 quantization_loss:  0.01783769205212593
p mean is: tensor(-1.4513, device='cuda:2')
epoch:  25000 quantization_loss:  0.017459791153669357
p mean is: tensor(-1.5535, device='cuda:2')
epoch:  26000 quantization_loss:  0.01721750758588314
p mean is: tensor(-1.6456, device='cuda:2')
epoch:  27000 quantization_loss:  0.017078157514333725
p mean is: tensor(-1.7287, device='cuda:2')
epoch:  28000 quantization_loss:  0.016936153173446655
p mean is: tensor(-1.8037, device='cuda:2')
epoch:  29000 quantization_loss:  0.016732044517993927
p mean is: tensor(-1.8717, device='cuda:2')
epoch:  30000 quantization_loss:  0.016611196100711823
p mean is: tensor(-1.9335, device='cuda:2')
epoch:  31000 quantization_loss:  0.01651901565492153
p mean is: tensor(-1.9898, device='cuda:2')
epoch:  32000 quantization_loss:  0.016409287229180336
p mean is: tensor(-2.0413, device='cuda:2')
epoch:  33000 quantization_loss:  0.01627209037542343
p mean is: tensor(-2.0885, device='cuda:2')
epoch:  34000 quantization_loss:  0.016138052567839622
p mean is: tensor(-2.1322, device='cuda:2')
epoch:  35000 quantization_loss:  0.016087668016552925
p mean is: tensor(-2.1726, device='cuda:2')
epoch:  36000 quantization_loss:  0.016039248555898666
p mean is: tensor(-2.2100, device='cuda:2')
epoch:  37000 quantization_loss:  0.015940561890602112
p mean is: tensor(-2.2446, device='cuda:2')
epoch:  38000 quantization_loss:  0.0159122534096241
p mean is: tensor(-2.2768, device='cuda:2')
epoch:  39000 quantization_loss:  0.015823327004909515
p mean is: tensor(-2.3069, device='cuda:2')
epoch:  40000 quantization_loss:  0.015737393870949745
p mean is: tensor(-2.3350, device='cuda:2')
epoch:  41000 quantization_loss:  0.015712587162852287
p mean is: tensor(-2.3613, device='cuda:2')
epoch:  42000 quantization_loss:  0.015661967918276787
p mean is: tensor(-2.3861, device='cuda:2')
epoch:  43000 quantization_loss:  0.015632860362529755
p mean is: tensor(-2.4094, device='cuda:2')
epoch:  44000 quantization_loss:  0.015570835210382938
p mean is: tensor(-2.4312, device='cuda:2')
epoch:  45000 quantization_loss:  0.015544034540653229
p mean is: tensor(-2.4518, device='cuda:2')
epoch:  46000 quantization_loss:  0.015627358108758926
p mean is: tensor(-2.4712, device='cuda:2')
epoch:  47000 quantization_loss:  0.015478715300559998
p mean is: tensor(-2.4897, device='cuda:2')
epoch:  48000 quantization_loss:  0.015445780009031296
p mean is: tensor(-2.5071, device='cuda:2')
epoch:  49000 quantization_loss:  0.015439742244780064
p mean is: tensor(-2.5237, device='cuda:2')
epoch:  50000 quantization_loss:  0.015390416607260704
p mean is: tensor(-2.5394, device='cuda:2')
epoch:  51000 quantization_loss:  0.01537361927330494
p mean is: tensor(-2.5543, device='cuda:2')
epoch:  52000 quantization_loss:  0.015352047979831696
p mean is: tensor(-2.5685, device='cuda:2')
epoch:  53000 quantization_loss:  0.015338791534304619
p mean is: tensor(-2.5820, device='cuda:2')
epoch:  54000 quantization_loss:  0.015313243493437767
p mean is: tensor(-2.5949, device='cuda:2')
epoch:  55000 quantization_loss:  0.015297247096896172
p mean is: tensor(-2.6071, device='cuda:2')
epoch:  56000 quantization_loss:  0.015281662344932556
p mean is: tensor(-2.6188, device='cuda:2')
epoch:  57000 quantization_loss:  0.015272256918251514
p mean is: tensor(-2.6299, device='cuda:2')
epoch:  58000 quantization_loss:  0.015261772088706493
p mean is: tensor(-2.6406, device='cuda:2')
epoch:  59000 quantization_loss:  0.015241614542901516
p mean is: tensor(-2.6508, device='cuda:2')
epoch:  60000 quantization_loss:  0.015243913978338242
p mean is: tensor(-2.6605, device='cuda:2')
epoch:  61000 quantization_loss:  0.015239249914884567
p mean is: tensor(-2.6698, device='cuda:2')
epoch:  62000 quantization_loss:  0.015217682346701622
p mean is: tensor(-2.6787, device='cuda:2')
epoch:  63000 quantization_loss:  0.015252111479640007
p mean is: tensor(-2.6873, device='cuda:2')
epoch:  64000 quantization_loss:  0.015196572989225388
p mean is: tensor(-2.6956, device='cuda:2')
epoch:  65000 quantization_loss:  0.015196161344647408
p mean is: tensor(-2.7035, device='cuda:2')
epoch:  66000 quantization_loss:  0.015176345594227314
p mean is: tensor(-2.7111, device='cuda:2')
epoch:  67000 quantization_loss:  0.015179512090981007
p mean is: tensor(-2.7184, device='cuda:2')
epoch:  68000 quantization_loss:  0.015166412107646465
p mean is: tensor(-2.7254, device='cuda:2')
epoch:  69000 quantization_loss:  0.015198122709989548
p mean is: tensor(-2.7322, device='cuda:2')
epoch:  70000 quantization_loss:  0.015153885819017887
p mean is: tensor(-2.7388, device='cuda:2')
epoch:  71000 quantization_loss:  0.015153464861214161
p mean is: tensor(-2.7451, device='cuda:2')
epoch:  72000 quantization_loss:  0.015143724158406258
p mean is: tensor(-2.7512, device='cuda:2')
epoch:  73000 quantization_loss:  0.015140390023589134
p mean is: tensor(-2.7570, device='cuda:2')
epoch:  74000 quantization_loss:  0.015135185793042183
p mean is: tensor(-2.7626, device='cuda:2')
epoch:  75000 quantization_loss:  0.015220198780298233
p mean is: tensor(-2.7680, device='cuda:2')
epoch:  76000 quantization_loss:  0.015124877914786339
p mean is: tensor(-2.7733, device='cuda:2')
epoch:  77000 quantization_loss:  0.015121993608772755
p mean is: tensor(-2.7784, device='cuda:2')
epoch:  78000 quantization_loss:  0.015122937969863415
p mean is: tensor(-2.7834, device='cuda:2')
epoch:  79000 quantization_loss:  0.015114827081561089
p mean is: tensor(-2.7882, device='cuda:2')
Number of elements to keep: 150443
Threshold value: -1.7381335496902466
Number of elements equal to threshold: 1
Number of elements to randomly select: 1
Actual sparsity achieved: 0.04999988367714492
Number of elements to keep: 150443
Threshold value: -1.7381335496902466
Number of elements equal to threshold: 1
Number of elements to randomly select: 1
Actual sparsity achieved: 0.04999988367714492
1.1.1.weight         | nonzeros =     992 /   12800             (  7.75%) | total_pruned =   11808 | shape = torch.Size([16, 32, 5, 5])
1.1.1.bias           | nonzeros =       0 /      16             (  0.00%) | total_pruned =      16 | shape = torch.Size([16])
1.2.weight           | nonzeros =       5 /      16             ( 31.25%) | total_pruned =      11 | shape = torch.Size([16])
1.2.bias             | nonzeros =       0 /      16             (  0.00%) | total_pruned =      16 | shape = torch.Size([16])
1.4.1.weight         | nonzeros =     152 /    6400             (  2.38%) | total_pruned =    6248 | shape = torch.Size([16, 16, 5, 5])
1.4.1.bias           | nonzeros =       0 /      16             (  0.00%) | total_pruned =      16 | shape = torch.Size([16])
1.5.weight           | nonzeros =       8 /      16             ( 50.00%) | total_pruned =       8 | shape = torch.Size([16])
1.5.bias             | nonzeros =       0 /      16             (  0.00%) | total_pruned =      16 | shape = torch.Size([16])
1.7.1.1.1.weight     | nonzeros =     282 /   12800             (  2.20%) | total_pruned =   12518 | shape = torch.Size([32, 16, 5, 5])
1.7.1.1.1.bias       | nonzeros =       0 /      32             (  0.00%) | total_pruned =      32 | shape = torch.Size([32])
1.7.1.2.weight       | nonzeros =      17 /      32             ( 53.12%) | total_pruned =      15 | shape = torch.Size([32])
1.7.1.2.bias         | nonzeros =       0 /      32             (  0.00%) | total_pruned =      32 | shape = torch.Size([32])
1.7.1.4.1.weight     | nonzeros =     320 /   25600             (  1.25%) | total_pruned =   25280 | shape = torch.Size([32, 32, 5, 5])
1.7.1.4.1.bias       | nonzeros =       0 /      32             (  0.00%) | total_pruned =      32 | shape = torch.Size([32])
1.7.1.5.weight       | nonzeros =      10 /      32             ( 31.25%) | total_pruned =      22 | shape = torch.Size([32])
1.7.1.5.bias         | nonzeros =       0 /      32             (  0.00%) | total_pruned =      32 | shape = torch.Size([32])
1.7.1.7.1.1.1.weight | nonzeros =     370 /   51200             (  0.72%) | total_pruned =   50830 | shape = torch.Size([64, 32, 5, 5])
1.7.1.7.1.1.1.bias   | nonzeros =       0 /      64             (  0.00%) | total_pruned =      64 | shape = torch.Size([64])
1.7.1.7.1.2.weight   | nonzeros =      22 /      64             ( 34.38%) | total_pruned =      42 | shape = torch.Size([64])
1.7.1.7.1.2.bias     | nonzeros =       0 /      64             (  0.00%) | total_pruned =      64 | shape = torch.Size([64])
1.7.1.7.1.4.1.weight | nonzeros =     883 /  102400             (  0.86%) | total_pruned =  101517 | shape = torch.Size([64, 64, 5, 5])
1.7.1.7.1.4.1.bias   | nonzeros =       0 /      64             (  0.00%) | total_pruned =      64 | shape = torch.Size([64])
1.7.1.7.1.5.weight   | nonzeros =      33 /      64             ( 51.56%) | total_pruned =      31 | shape = torch.Size([64])
1.7.1.7.1.5.bias     | nonzeros =       0 /      64             (  0.00%) | total_pruned =      64 | shape = torch.Size([64])
1.7.1.7.1.7.1.1.1.weight | nonzeros =    1432 /  204800             (  0.70%) | total_pruned =  203368 | shape = torch.Size([128, 64, 5, 5])
1.7.1.7.1.7.1.1.1.bias | nonzeros =       0 /     128             (  0.00%) | total_pruned =     128 | shape = torch.Size([128])
1.7.1.7.1.7.1.2.weight | nonzeros =      66 /     128             ( 51.56%) | total_pruned =      62 | shape = torch.Size([128])
1.7.1.7.1.7.1.2.bias | nonzeros =       0 /     128             (  0.00%) | total_pruned =     128 | shape = torch.Size([128])
1.7.1.7.1.7.1.4.1.weight | nonzeros =    2356 /  409600             (  0.58%) | total_pruned =  407244 | shape = torch.Size([128, 128, 5, 5])
1.7.1.7.1.7.1.4.1.bias | nonzeros =       0 /     128             (  0.00%) | total_pruned =     128 | shape = torch.Size([128])
1.7.1.7.1.7.1.5.weight | nonzeros =      77 /     128             ( 60.16%) | total_pruned =      51 | shape = torch.Size([128])
1.7.1.7.1.7.1.5.bias | nonzeros =       0 /     128             (  0.00%) | total_pruned =     128 | shape = torch.Size([128])
1.7.1.7.1.7.1.7.1.1.1.weight | nonzeros =    3412 /  409600             (  0.83%) | total_pruned =  406188 | shape = torch.Size([128, 128, 5, 5])
1.7.1.7.1.7.1.7.1.1.1.bias | nonzeros =       0 /     128             (  0.00%) | total_pruned =     128 | shape = torch.Size([128])
1.7.1.7.1.7.1.7.1.2.weight | nonzeros =      75 /     128             ( 58.59%) | total_pruned =      53 | shape = torch.Size([128])
1.7.1.7.1.7.1.7.1.2.bias | nonzeros =       0 /     128             (  0.00%) | total_pruned =     128 | shape = torch.Size([128])
1.7.1.7.1.7.1.7.1.4.1.weight | nonzeros =    6970 /  409600             (  1.70%) | total_pruned =  402630 | shape = torch.Size([128, 128, 5, 5])
1.7.1.7.1.7.1.7.1.4.1.bias | nonzeros =       0 /     128             (  0.00%) | total_pruned =     128 | shape = torch.Size([128])
1.7.1.7.1.7.1.7.1.5.weight | nonzeros =      90 /     128             ( 70.31%) | total_pruned =      38 | shape = torch.Size([128])
1.7.1.7.1.7.1.7.1.5.bias | nonzeros =       0 /     128             (  0.00%) | total_pruned =     128 | shape = torch.Size([128])
1.7.1.7.1.7.1.7.1.7.1.1.1.weight | nonzeros =   12830 /  409600             (  3.13%) | total_pruned =  396770 | shape = torch.Size([128, 128, 5, 5])
1.7.1.7.1.7.1.7.1.7.1.1.1.bias | nonzeros =       0 /     128             (  0.00%) | total_pruned =     128 | shape = torch.Size([128])
1.7.1.7.1.7.1.7.1.7.1.2.weight | nonzeros =      94 /     128             ( 73.44%) | total_pruned =      34 | shape = torch.Size([128])
1.7.1.7.1.7.1.7.1.7.1.2.bias | nonzeros =       0 /     128             (  0.00%) | total_pruned =     128 | shape = torch.Size([128])
1.7.1.7.1.7.1.7.1.7.1.4.1.weight | nonzeros =   24766 /  409600             (  6.05%) | total_pruned =  384834 | shape = torch.Size([128, 128, 5, 5])
1.7.1.7.1.7.1.7.1.7.1.4.1.bias | nonzeros =       0 /     128             (  0.00%) | total_pruned =     128 | shape = torch.Size([128])
1.7.1.7.1.7.1.7.1.7.1.5.weight | nonzeros =      77 /     128             ( 60.16%) | total_pruned =      51 | shape = torch.Size([128])
1.7.1.7.1.7.1.7.1.7.1.5.bias | nonzeros =       0 /     128             (  0.00%) | total_pruned =     128 | shape = torch.Size([128])
1.7.1.7.1.7.1.7.1.7.2.weight | nonzeros =      77 /     128             ( 60.16%) | total_pruned =      51 | shape = torch.Size([128])
1.7.1.7.1.7.1.7.1.7.2.bias | nonzeros =       0 /     128             (  0.00%) | total_pruned =     128 | shape = torch.Size([128])
1.7.1.7.1.7.1.7.1.7.3.1.weight | nonzeros =   24318 /  147456             ( 16.49%) | total_pruned =  123138 | shape = torch.Size([128, 128, 3, 3])
1.7.1.7.1.7.1.7.1.7.3.1.bias | nonzeros =       0 /     128             (  0.00%) | total_pruned =     128 | shape = torch.Size([128])
1.7.1.7.1.7.1.7.1.7.4.weight | nonzeros =      85 /     128             ( 66.41%) | total_pruned =      43 | shape = torch.Size([128])
1.7.1.7.1.7.1.7.1.7.4.bias | nonzeros =       0 /     128             (  0.00%) | total_pruned =     128 | shape = torch.Size([128])
1.7.1.7.1.7.1.7.2.weight | nonzeros =      85 /     128             ( 66.41%) | total_pruned =      43 | shape = torch.Size([128])
1.7.1.7.1.7.1.7.2.bias | nonzeros =       0 /     128             (  0.00%) | total_pruned =     128 | shape = torch.Size([128])
1.7.1.7.1.7.1.7.3.1.weight | nonzeros =   28620 /  147456             ( 19.41%) | total_pruned =  118836 | shape = torch.Size([128, 128, 3, 3])
1.7.1.7.1.7.1.7.3.1.bias | nonzeros =       0 /     128             (  0.00%) | total_pruned =     128 | shape = torch.Size([128])
1.7.1.7.1.7.1.7.4.weight | nonzeros =      90 /     128             ( 70.31%) | total_pruned =      38 | shape = torch.Size([128])
1.7.1.7.1.7.1.7.4.bias | nonzeros =       0 /     128             (  0.00%) | total_pruned =     128 | shape = torch.Size([128])
1.7.1.7.1.7.2.weight | nonzeros =      90 /     128             ( 70.31%) | total_pruned =      38 | shape = torch.Size([128])
1.7.1.7.1.7.2.bias   | nonzeros =       0 /     128             (  0.00%) | total_pruned =     128 | shape = torch.Size([128])
1.7.1.7.1.7.3.1.weight | nonzeros =   25061 /  147456             ( 17.00%) | total_pruned =  122395 | shape = torch.Size([128, 128, 3, 3])
1.7.1.7.1.7.3.1.bias | nonzeros =       0 /     128             (  0.00%) | total_pruned =     128 | shape = torch.Size([128])
1.7.1.7.1.7.4.weight | nonzeros =      78 /     128             ( 60.94%) | total_pruned =      50 | shape = torch.Size([128])
1.7.1.7.1.7.4.bias   | nonzeros =       0 /     128             (  0.00%) | total_pruned =     128 | shape = torch.Size([128])
1.7.1.7.2.weight     | nonzeros =      78 /     128             ( 60.94%) | total_pruned =      50 | shape = torch.Size([128])
1.7.1.7.2.bias       | nonzeros =       0 /     128             (  0.00%) | total_pruned =     128 | shape = torch.Size([128])
1.7.1.7.3.1.weight   | nonzeros =   12327 /   73728             ( 16.72%) | total_pruned =   61401 | shape = torch.Size([64, 128, 3, 3])
1.7.1.7.3.1.bias     | nonzeros =       0 /      64             (  0.00%) | total_pruned =      64 | shape = torch.Size([64])
1.7.1.7.4.weight     | nonzeros =      43 /      64             ( 67.19%) | total_pruned =      21 | shape = torch.Size([64])
1.7.1.7.4.bias       | nonzeros =       0 /      64             (  0.00%) | total_pruned =      64 | shape = torch.Size([64])
1.7.2.weight         | nonzeros =      43 /      64             ( 67.19%) | total_pruned =      21 | shape = torch.Size([64])
1.7.2.bias           | nonzeros =       0 /      64             (  0.00%) | total_pruned =      64 | shape = torch.Size([64])
1.7.3.1.weight       | nonzeros =    2970 /   18432             ( 16.11%) | total_pruned =   15462 | shape = torch.Size([32, 64, 3, 3])
1.7.3.1.bias         | nonzeros =       0 /      32             (  0.00%) | total_pruned =      32 | shape = torch.Size([32])
1.7.4.weight         | nonzeros =      17 /      32             ( 53.12%) | total_pruned =      15 | shape = torch.Size([32])
1.7.4.bias           | nonzeros =       0 /      32             (  0.00%) | total_pruned =      32 | shape = torch.Size([32])
2.weight             | nonzeros =      17 /      32             ( 53.12%) | total_pruned =      15 | shape = torch.Size([32])
2.bias               | nonzeros =       0 /      32             (  0.00%) | total_pruned =      32 | shape = torch.Size([32])
3.1.weight           | nonzeros =    1053 /    4608             ( 22.85%) | total_pruned =    3555 | shape = torch.Size([16, 32, 3, 3])
3.1.bias             | nonzeros =       0 /      16             (  0.00%) | total_pruned =      16 | shape = torch.Size([16])
4.weight             | nonzeros =      16 /      16             (100.00%) | total_pruned =       0 | shape = torch.Size([16])
4.bias               | nonzeros =       0 /      16             (  0.00%) | total_pruned =      16 | shape = torch.Size([16])
6.1.weight           | nonzeros =      34 /      48             ( 70.83%) | total_pruned =      14 | shape = torch.Size([3, 16, 1, 1])
6.1.bias             | nonzeros =       2 /       3             ( 66.67%) | total_pruned =       1 | shape = torch.Size([3])
alive: 150443, pruned : 2858424, total: 3008867, Compression rate :      20.00x  ( 95.00% pruned)
(3, 512, 512) (3, 512, 512) (3, 512, 512)
PSNR of output image is:  21.253730880564795
Experiment done
