(3, 256, 256)
Noisy PSNR is '20.47261227992212'
(3, 256, 256) (3, 256, 256) torch.Size([1, 32, 256, 256])
Starting optimization with optimizer 'SAM'
Output directory: data/denoising/Set14/mask/1/sparsity/det/0.05/1e-09
epoch:  0 quantization_loss:  0.09211347252130508
p mean is: tensor(-0.0005, device='cuda:2')
epoch:  1000 quantization_loss:  0.0773746520280838
p mean is: tensor(-0.0116, device='cuda:2')
epoch:  2000 quantization_loss:  0.0771874263882637
p mean is: tensor(-0.0184, device='cuda:2')
epoch:  3000 quantization_loss:  0.07659858465194702
p mean is: tensor(-0.0242, device='cuda:2')
epoch:  4000 quantization_loss:  0.07356321066617966
p mean is: tensor(-0.0302, device='cuda:2')
epoch:  5000 quantization_loss:  0.07626700401306152
p mean is: tensor(-0.0360, device='cuda:2')
epoch:  6000 quantization_loss:  0.07388732582330704
p mean is: tensor(-0.0415, device='cuda:2')
epoch:  7000 quantization_loss:  0.07324418425559998
p mean is: tensor(-0.0472, device='cuda:2')
epoch:  8000 quantization_loss:  0.07682052254676819
p mean is: tensor(-0.0526, device='cuda:2')
epoch:  9000 quantization_loss:  0.07484087347984314
p mean is: tensor(-0.0582, device='cuda:2')
epoch:  10000 quantization_loss:  0.0733029842376709
p mean is: tensor(-0.0641, device='cuda:2')
epoch:  11000 quantization_loss:  0.07532214373350143
p mean is: tensor(-0.0702, device='cuda:2')
epoch:  12000 quantization_loss:  0.07093948870897293
p mean is: tensor(-0.0762, device='cuda:2')
epoch:  13000 quantization_loss:  0.05270947888493538
p mean is: tensor(-0.0833, device='cuda:2')
epoch:  14000 quantization_loss:  0.045941077172756195
p mean is: tensor(-0.0927, device='cuda:2')
epoch:  15000 quantization_loss:  0.0433109886944294
p mean is: tensor(-0.1057, device='cuda:2')
epoch:  16000 quantization_loss:  0.04202553629875183
p mean is: tensor(-0.1242, device='cuda:2')
epoch:  17000 quantization_loss:  0.04009968787431717
p mean is: tensor(-0.1504, device='cuda:2')
epoch:  18000 quantization_loss:  0.03972437232732773
p mean is: tensor(-0.1864, device='cuda:2')
epoch:  19000 quantization_loss:  0.0394066758453846
p mean is: tensor(-0.2356, device='cuda:2')
epoch:  20000 quantization_loss:  0.038225915282964706
p mean is: tensor(-0.3014, device='cuda:2')
epoch:  21000 quantization_loss:  0.03745287284255028
p mean is: tensor(-0.3859, device='cuda:2')
epoch:  22000 quantization_loss:  0.03497571498155594
p mean is: tensor(-0.4897, device='cuda:2')
epoch:  23000 quantization_loss:  0.03249898552894592
p mean is: tensor(-0.6116, device='cuda:2')
epoch:  24000 quantization_loss:  0.03182647004723549
p mean is: tensor(-0.7491, device='cuda:2')
epoch:  25000 quantization_loss:  0.031152529641985893
p mean is: tensor(-0.8972, device='cuda:2')
epoch:  26000 quantization_loss:  0.030776025727391243
p mean is: tensor(-1.0491, device='cuda:2')
epoch:  27000 quantization_loss:  0.03039485588669777
p mean is: tensor(-1.1974, device='cuda:2')
epoch:  28000 quantization_loss:  0.02999771572649479
p mean is: tensor(-1.3365, device='cuda:2')
epoch:  29000 quantization_loss:  0.029766224324703217
p mean is: tensor(-1.4627, device='cuda:2')
epoch:  30000 quantization_loss:  0.029577452689409256
p mean is: tensor(-1.5752, device='cuda:2')
epoch:  31000 quantization_loss:  0.02927342616021633
p mean is: tensor(-1.6756, device='cuda:2')
epoch:  32000 quantization_loss:  0.02894476428627968
p mean is: tensor(-1.7658, device='cuda:2')
epoch:  33000 quantization_loss:  0.02883371338248253
p mean is: tensor(-1.8467, device='cuda:2')
epoch:  34000 quantization_loss:  0.028800196945667267
p mean is: tensor(-1.9190, device='cuda:2')
epoch:  35000 quantization_loss:  0.02866079844534397
p mean is: tensor(-1.9841, device='cuda:2')
epoch:  36000 quantization_loss:  0.02860555611550808
p mean is: tensor(-2.0433, device='cuda:2')
epoch:  37000 quantization_loss:  0.02844133786857128
p mean is: tensor(-2.0970, device='cuda:2')
epoch:  38000 quantization_loss:  0.02829069271683693
p mean is: tensor(-2.1458, device='cuda:2')
epoch:  39000 quantization_loss:  0.028229227289557457
p mean is: tensor(-2.1906, device='cuda:2')
epoch:  40000 quantization_loss:  0.028127484023571014
p mean is: tensor(-2.2318, device='cuda:2')
epoch:  41000 quantization_loss:  0.02806013636291027
p mean is: tensor(-2.2698, device='cuda:2')
epoch:  42000 quantization_loss:  0.028089428320527077
p mean is: tensor(-2.3049, device='cuda:2')
epoch:  43000 quantization_loss:  0.028012121096253395
p mean is: tensor(-2.3374, device='cuda:2')
epoch:  44000 quantization_loss:  0.027937179431319237
p mean is: tensor(-2.3673, device='cuda:2')
epoch:  45000 quantization_loss:  0.027896707877516747
p mean is: tensor(-2.3950, device='cuda:2')
epoch:  46000 quantization_loss:  0.027842776849865913
p mean is: tensor(-2.4210, device='cuda:2')
epoch:  47000 quantization_loss:  0.027811165899038315
p mean is: tensor(-2.4453, device='cuda:2')
epoch:  48000 quantization_loss:  0.027770519256591797
p mean is: tensor(-2.4680, device='cuda:2')
epoch:  49000 quantization_loss:  0.027738044038414955
p mean is: tensor(-2.4894, device='cuda:2')
epoch:  50000 quantization_loss:  0.0277323629707098
p mean is: tensor(-2.5095, device='cuda:2')
epoch:  51000 quantization_loss:  0.027733277529478073
p mean is: tensor(-2.5283, device='cuda:2')
epoch:  52000 quantization_loss:  0.027666380628943443
p mean is: tensor(-2.5460, device='cuda:2')
epoch:  53000 quantization_loss:  0.027760807424783707
p mean is: tensor(-2.5624, device='cuda:2')
epoch:  54000 quantization_loss:  0.027627434581518173
p mean is: tensor(-2.5780, device='cuda:2')
epoch:  55000 quantization_loss:  0.027631916105747223
p mean is: tensor(-2.5928, device='cuda:2')
epoch:  56000 quantization_loss:  0.027591310441493988
p mean is: tensor(-2.6067, device='cuda:2')
epoch:  57000 quantization_loss:  0.02756153978407383
p mean is: tensor(-2.6192, device='cuda:2')
epoch:  58000 quantization_loss:  0.027564290910959244
p mean is: tensor(-2.6312, device='cuda:2')
epoch:  59000 quantization_loss:  0.02754080668091774
p mean is: tensor(-2.6427, device='cuda:2')
epoch:  60000 quantization_loss:  0.02754470892250538
p mean is: tensor(-2.6537, device='cuda:2')
epoch:  61000 quantization_loss:  0.027506062760949135
p mean is: tensor(-2.6642, device='cuda:2')
epoch:  62000 quantization_loss:  0.02751701883971691
p mean is: tensor(-2.6743, device='cuda:2')
epoch:  63000 quantization_loss:  0.027512243017554283
p mean is: tensor(-2.6833, device='cuda:2')
epoch:  64000 quantization_loss:  0.027502279728651047
p mean is: tensor(-2.6920, device='cuda:2')
epoch:  65000 quantization_loss:  0.027474353089928627
p mean is: tensor(-2.7004, device='cuda:2')
epoch:  66000 quantization_loss:  0.027476666495203972
p mean is: tensor(-2.7085, device='cuda:2')
epoch:  67000 quantization_loss:  0.027473079040646553
p mean is: tensor(-2.7162, device='cuda:2')
epoch:  68000 quantization_loss:  0.02746386080980301
p mean is: tensor(-2.7237, device='cuda:2')
epoch:  69000 quantization_loss:  0.027453385293483734
p mean is: tensor(-2.7309, device='cuda:2')
epoch:  70000 quantization_loss:  0.02745380438864231
p mean is: tensor(-2.7377, device='cuda:2')
epoch:  71000 quantization_loss:  0.027449529618024826
p mean is: tensor(-2.7442, device='cuda:2')
epoch:  72000 quantization_loss:  0.02743404544889927
p mean is: tensor(-2.7505, device='cuda:2')
epoch:  73000 quantization_loss:  0.02744215540587902
p mean is: tensor(-2.7565, device='cuda:2')
epoch:  74000 quantization_loss:  0.027425240725278854
p mean is: tensor(-2.7623, device='cuda:2')
epoch:  75000 quantization_loss:  0.027419880032539368
p mean is: tensor(-2.7679, device='cuda:2')
epoch:  76000 quantization_loss:  0.027423802763223648
p mean is: tensor(-2.7733, device='cuda:2')
epoch:  77000 quantization_loss:  0.027407478541135788
p mean is: tensor(-2.7784, device='cuda:2')
epoch:  78000 quantization_loss:  0.02744285576045513
p mean is: tensor(-2.7832, device='cuda:2')
epoch:  79000 quantization_loss:  0.027398614212870598
p mean is: tensor(-2.7879, device='cuda:2')
Number of elements to keep: 150443
Threshold value: -2.523092269897461
Number of elements equal to threshold: 1
Number of elements to randomly select: 1
Actual sparsity achieved: 0.04999988367714492
Number of elements to keep: 150443
Threshold value: -2.523092269897461
Number of elements equal to threshold: 1
Number of elements to randomly select: 1
Actual sparsity achieved: 0.04999988367714492
1.1.1.weight         | nonzeros =    1294 /   12800             ( 10.11%) | total_pruned =   11506 | shape = torch.Size([16, 32, 5, 5])
1.1.1.bias           | nonzeros =       0 /      16             (  0.00%) | total_pruned =      16 | shape = torch.Size([16])
1.2.weight           | nonzeros =      12 /      16             ( 75.00%) | total_pruned =       4 | shape = torch.Size([16])
1.2.bias             | nonzeros =       0 /      16             (  0.00%) | total_pruned =      16 | shape = torch.Size([16])
1.4.1.weight         | nonzeros =     512 /    6400             (  8.00%) | total_pruned =    5888 | shape = torch.Size([16, 16, 5, 5])
1.4.1.bias           | nonzeros =       0 /      16             (  0.00%) | total_pruned =      16 | shape = torch.Size([16])
1.5.weight           | nonzeros =      13 /      16             ( 81.25%) | total_pruned =       3 | shape = torch.Size([16])
1.5.bias             | nonzeros =       0 /      16             (  0.00%) | total_pruned =      16 | shape = torch.Size([16])
1.7.1.1.1.weight     | nonzeros =     747 /   12800             (  5.84%) | total_pruned =   12053 | shape = torch.Size([32, 16, 5, 5])
1.7.1.1.1.bias       | nonzeros =       0 /      32             (  0.00%) | total_pruned =      32 | shape = torch.Size([32])
1.7.1.2.weight       | nonzeros =      24 /      32             ( 75.00%) | total_pruned =       8 | shape = torch.Size([32])
1.7.1.2.bias         | nonzeros =       0 /      32             (  0.00%) | total_pruned =      32 | shape = torch.Size([32])
1.7.1.4.1.weight     | nonzeros =     688 /   25600             (  2.69%) | total_pruned =   24912 | shape = torch.Size([32, 32, 5, 5])
1.7.1.4.1.bias       | nonzeros =       0 /      32             (  0.00%) | total_pruned =      32 | shape = torch.Size([32])
1.7.1.5.weight       | nonzeros =      24 /      32             ( 75.00%) | total_pruned =       8 | shape = torch.Size([32])
1.7.1.5.bias         | nonzeros =       0 /      32             (  0.00%) | total_pruned =      32 | shape = torch.Size([32])
1.7.1.7.1.1.1.weight | nonzeros =     983 /   51200             (  1.92%) | total_pruned =   50217 | shape = torch.Size([64, 32, 5, 5])
1.7.1.7.1.1.1.bias   | nonzeros =       0 /      64             (  0.00%) | total_pruned =      64 | shape = torch.Size([64])
1.7.1.7.1.2.weight   | nonzeros =      46 /      64             ( 71.88%) | total_pruned =      18 | shape = torch.Size([64])
1.7.1.7.1.2.bias     | nonzeros =       0 /      64             (  0.00%) | total_pruned =      64 | shape = torch.Size([64])
1.7.1.7.1.4.1.weight | nonzeros =    1189 /  102400             (  1.16%) | total_pruned =  101211 | shape = torch.Size([64, 64, 5, 5])
1.7.1.7.1.4.1.bias   | nonzeros =       0 /      64             (  0.00%) | total_pruned =      64 | shape = torch.Size([64])
1.7.1.7.1.5.weight   | nonzeros =      33 /      64             ( 51.56%) | total_pruned =      31 | shape = torch.Size([64])
1.7.1.7.1.5.bias     | nonzeros =       0 /      64             (  0.00%) | total_pruned =      64 | shape = torch.Size([64])
1.7.1.7.1.7.1.1.1.weight | nonzeros =    1448 /  204800             (  0.71%) | total_pruned =  203352 | shape = torch.Size([128, 64, 5, 5])
1.7.1.7.1.7.1.1.1.bias | nonzeros =       0 /     128             (  0.00%) | total_pruned =     128 | shape = torch.Size([128])
1.7.1.7.1.7.1.2.weight | nonzeros =      52 /     128             ( 40.62%) | total_pruned =      76 | shape = torch.Size([128])
1.7.1.7.1.7.1.2.bias | nonzeros =       0 /     128             (  0.00%) | total_pruned =     128 | shape = torch.Size([128])
1.7.1.7.1.7.1.4.1.weight | nonzeros =    2935 /  409600             (  0.72%) | total_pruned =  406665 | shape = torch.Size([128, 128, 5, 5])
1.7.1.7.1.7.1.4.1.bias | nonzeros =       0 /     128             (  0.00%) | total_pruned =     128 | shape = torch.Size([128])
1.7.1.7.1.7.1.5.weight | nonzeros =      54 /     128             ( 42.19%) | total_pruned =      74 | shape = torch.Size([128])
1.7.1.7.1.7.1.5.bias | nonzeros =       0 /     128             (  0.00%) | total_pruned =     128 | shape = torch.Size([128])
1.7.1.7.1.7.1.7.1.1.1.weight | nonzeros =    6508 /  409600             (  1.59%) | total_pruned =  403092 | shape = torch.Size([128, 128, 5, 5])
1.7.1.7.1.7.1.7.1.1.1.bias | nonzeros =       0 /     128             (  0.00%) | total_pruned =     128 | shape = torch.Size([128])
1.7.1.7.1.7.1.7.1.2.weight | nonzeros =      47 /     128             ( 36.72%) | total_pruned =      81 | shape = torch.Size([128])
1.7.1.7.1.7.1.7.1.2.bias | nonzeros =       0 /     128             (  0.00%) | total_pruned =     128 | shape = torch.Size([128])
1.7.1.7.1.7.1.7.1.4.1.weight | nonzeros =    8794 /  409600             (  2.15%) | total_pruned =  400806 | shape = torch.Size([128, 128, 5, 5])
1.7.1.7.1.7.1.7.1.4.1.bias | nonzeros =       0 /     128             (  0.00%) | total_pruned =     128 | shape = torch.Size([128])
1.7.1.7.1.7.1.7.1.5.weight | nonzeros =      60 /     128             ( 46.88%) | total_pruned =      68 | shape = torch.Size([128])
1.7.1.7.1.7.1.7.1.5.bias | nonzeros =       0 /     128             (  0.00%) | total_pruned =     128 | shape = torch.Size([128])
1.7.1.7.1.7.1.7.1.7.1.1.1.weight | nonzeros =   19011 /  409600             (  4.64%) | total_pruned =  390589 | shape = torch.Size([128, 128, 5, 5])
1.7.1.7.1.7.1.7.1.7.1.1.1.bias | nonzeros =       0 /     128             (  0.00%) | total_pruned =     128 | shape = torch.Size([128])
1.7.1.7.1.7.1.7.1.7.1.2.weight | nonzeros =      80 /     128             ( 62.50%) | total_pruned =      48 | shape = torch.Size([128])
1.7.1.7.1.7.1.7.1.7.1.2.bias | nonzeros =       0 /     128             (  0.00%) | total_pruned =     128 | shape = torch.Size([128])
1.7.1.7.1.7.1.7.1.7.1.4.1.weight | nonzeros =   29491 /  409600             (  7.20%) | total_pruned =  380109 | shape = torch.Size([128, 128, 5, 5])
1.7.1.7.1.7.1.7.1.7.1.4.1.bias | nonzeros =       0 /     128             (  0.00%) | total_pruned =     128 | shape = torch.Size([128])
1.7.1.7.1.7.1.7.1.7.1.5.weight | nonzeros =      82 /     128             ( 64.06%) | total_pruned =      46 | shape = torch.Size([128])
1.7.1.7.1.7.1.7.1.7.1.5.bias | nonzeros =       0 /     128             (  0.00%) | total_pruned =     128 | shape = torch.Size([128])
1.7.1.7.1.7.1.7.1.7.2.weight | nonzeros =      82 /     128             ( 64.06%) | total_pruned =      46 | shape = torch.Size([128])
1.7.1.7.1.7.1.7.1.7.2.bias | nonzeros =       0 /     128             (  0.00%) | total_pruned =     128 | shape = torch.Size([128])
1.7.1.7.1.7.1.7.1.7.3.1.weight | nonzeros =   22146 /  147456             ( 15.02%) | total_pruned =  125310 | shape = torch.Size([128, 128, 3, 3])
1.7.1.7.1.7.1.7.1.7.3.1.bias | nonzeros =       0 /     128             (  0.00%) | total_pruned =     128 | shape = torch.Size([128])
1.7.1.7.1.7.1.7.1.7.4.weight | nonzeros =      89 /     128             ( 69.53%) | total_pruned =      39 | shape = torch.Size([128])
1.7.1.7.1.7.1.7.1.7.4.bias | nonzeros =       0 /     128             (  0.00%) | total_pruned =     128 | shape = torch.Size([128])
1.7.1.7.1.7.1.7.2.weight | nonzeros =      89 /     128             ( 69.53%) | total_pruned =      39 | shape = torch.Size([128])
1.7.1.7.1.7.1.7.2.bias | nonzeros =       0 /     128             (  0.00%) | total_pruned =     128 | shape = torch.Size([128])
1.7.1.7.1.7.1.7.3.1.weight | nonzeros =   21570 /  147456             ( 14.63%) | total_pruned =  125886 | shape = torch.Size([128, 128, 3, 3])
1.7.1.7.1.7.1.7.3.1.bias | nonzeros =       0 /     128             (  0.00%) | total_pruned =     128 | shape = torch.Size([128])
1.7.1.7.1.7.1.7.4.weight | nonzeros =      68 /     128             ( 53.12%) | total_pruned =      60 | shape = torch.Size([128])
1.7.1.7.1.7.1.7.4.bias | nonzeros =       0 /     128             (  0.00%) | total_pruned =     128 | shape = torch.Size([128])
1.7.1.7.1.7.2.weight | nonzeros =      68 /     128             ( 53.12%) | total_pruned =      60 | shape = torch.Size([128])
1.7.1.7.1.7.2.bias   | nonzeros =       0 /     128             (  0.00%) | total_pruned =     128 | shape = torch.Size([128])
1.7.1.7.1.7.3.1.weight | nonzeros =   19127 /  147456             ( 12.97%) | total_pruned =  128329 | shape = torch.Size([128, 128, 3, 3])
1.7.1.7.1.7.3.1.bias | nonzeros =       0 /     128             (  0.00%) | total_pruned =     128 | shape = torch.Size([128])
1.7.1.7.1.7.4.weight | nonzeros =      78 /     128             ( 60.94%) | total_pruned =      50 | shape = torch.Size([128])
1.7.1.7.1.7.4.bias   | nonzeros =       0 /     128             (  0.00%) | total_pruned =     128 | shape = torch.Size([128])
1.7.1.7.2.weight     | nonzeros =      78 /     128             ( 60.94%) | total_pruned =      50 | shape = torch.Size([128])
1.7.1.7.2.bias       | nonzeros =       0 /     128             (  0.00%) | total_pruned =     128 | shape = torch.Size([128])
1.7.1.7.3.1.weight   | nonzeros =    9705 /   73728             ( 13.16%) | total_pruned =   64023 | shape = torch.Size([64, 128, 3, 3])
1.7.1.7.3.1.bias     | nonzeros =       0 /      64             (  0.00%) | total_pruned =      64 | shape = torch.Size([64])
1.7.1.7.4.weight     | nonzeros =      31 /      64             ( 48.44%) | total_pruned =      33 | shape = torch.Size([64])
1.7.1.7.4.bias       | nonzeros =       0 /      64             (  0.00%) | total_pruned =      64 | shape = torch.Size([64])
1.7.2.weight         | nonzeros =      31 /      64             ( 48.44%) | total_pruned =      33 | shape = torch.Size([64])
1.7.2.bias           | nonzeros =       0 /      64             (  0.00%) | total_pruned =      64 | shape = torch.Size([64])
1.7.3.1.weight       | nonzeros =    2080 /   18432             ( 11.28%) | total_pruned =   16352 | shape = torch.Size([32, 64, 3, 3])
1.7.3.1.bias         | nonzeros =       0 /      32             (  0.00%) | total_pruned =      32 | shape = torch.Size([32])
1.7.4.weight         | nonzeros =      16 /      32             ( 50.00%) | total_pruned =      16 | shape = torch.Size([32])
1.7.4.bias           | nonzeros =       0 /      32             (  0.00%) | total_pruned =      32 | shape = torch.Size([32])
2.weight             | nonzeros =      16 /      32             ( 50.00%) | total_pruned =      16 | shape = torch.Size([32])
2.bias               | nonzeros =       0 /      32             (  0.00%) | total_pruned =      32 | shape = torch.Size([32])
3.1.weight           | nonzeros =     999 /    4608             ( 21.68%) | total_pruned =    3609 | shape = torch.Size([16, 32, 3, 3])
3.1.bias             | nonzeros =       0 /      16             (  0.00%) | total_pruned =      16 | shape = torch.Size([16])
4.weight             | nonzeros =      16 /      16             (100.00%) | total_pruned =       0 | shape = torch.Size([16])
4.bias               | nonzeros =       0 /      16             (  0.00%) | total_pruned =      16 | shape = torch.Size([16])
6.1.weight           | nonzeros =      25 /      48             ( 52.08%) | total_pruned =      23 | shape = torch.Size([3, 16, 1, 1])
6.1.bias             | nonzeros =       2 /       3             ( 66.67%) | total_pruned =       1 | shape = torch.Size([3])
alive: 150443, pruned : 2858424, total: 3008867, Compression rate :      20.00x  ( 95.00% pruned)
(3, 256, 256) (3, 256, 256) (3, 256, 256)
PSNR of output image is:  16.87594022892542
Experiment done
