(3, 256, 256)
Noisy PSNR is '20.338644331461406'
(3, 256, 256) (3, 256, 256) torch.Size([1, 32, 256, 256])
Starting optimization with optimizer 'SAM'
Output directory: data/denoising/Set14/mask/3/sparsity/det/0.04/1e-09
epoch:  0 quantization_loss:  0.07872501015663147
p mean is: tensor(-0.0005, device='cuda:6')
epoch:  1000 quantization_loss:  0.07329300045967102
p mean is: tensor(-0.0169, device='cuda:6')
epoch:  2000 quantization_loss:  0.07251489907503128
p mean is: tensor(-0.0292, device='cuda:6')
epoch:  3000 quantization_loss:  0.07305175811052322
p mean is: tensor(-0.0412, device='cuda:6')
epoch:  4000 quantization_loss:  0.07217137515544891
p mean is: tensor(-0.0535, device='cuda:6')
epoch:  5000 quantization_loss:  0.07191888988018036
p mean is: tensor(-0.0660, device='cuda:6')
epoch:  6000 quantization_loss:  0.07301666587591171
p mean is: tensor(-0.0789, device='cuda:6')
epoch:  7000 quantization_loss:  0.07173493504524231
p mean is: tensor(-0.0920, device='cuda:6')
epoch:  8000 quantization_loss:  0.07153936475515366
p mean is: tensor(-0.1058, device='cuda:6')
epoch:  9000 quantization_loss:  0.07115186750888824
p mean is: tensor(-0.1207, device='cuda:6')
epoch:  10000 quantization_loss:  0.07133478671312332
p mean is: tensor(-0.1369, device='cuda:6')
epoch:  11000 quantization_loss:  0.07160050421953201
p mean is: tensor(-0.1543, device='cuda:6')
epoch:  12000 quantization_loss:  0.07160695642232895
p mean is: tensor(-0.1727, device='cuda:6')
epoch:  13000 quantization_loss:  0.07111046463251114
p mean is: tensor(-0.1916, device='cuda:6')
epoch:  14000 quantization_loss:  0.0653398334980011
p mean is: tensor(-0.2120, device='cuda:6')
epoch:  15000 quantization_loss:  0.059244897216558456
p mean is: tensor(-0.2376, device='cuda:6')
epoch:  16000 quantization_loss:  0.051468055695295334
p mean is: tensor(-0.2710, device='cuda:6')
epoch:  17000 quantization_loss:  0.04850142449140549
p mean is: tensor(-0.3156, device='cuda:6')
epoch:  18000 quantization_loss:  0.04496686905622482
p mean is: tensor(-0.3756, device='cuda:6')
epoch:  19000 quantization_loss:  0.042851440608501434
p mean is: tensor(-0.4544, device='cuda:6')
epoch:  20000 quantization_loss:  0.040819309651851654
p mean is: tensor(-0.5548, device='cuda:6')
epoch:  21000 quantization_loss:  0.040148138999938965
p mean is: tensor(-0.6785, device='cuda:6')
epoch:  22000 quantization_loss:  0.039028629660606384
p mean is: tensor(-0.8233, device='cuda:6')
epoch:  23000 quantization_loss:  0.038462888449430466
p mean is: tensor(-0.9836, device='cuda:6')
epoch:  24000 quantization_loss:  0.036831993609666824
p mean is: tensor(-1.1498, device='cuda:6')
epoch:  25000 quantization_loss:  0.03603667765855789
p mean is: tensor(-1.3121, device='cuda:6')
epoch:  26000 quantization_loss:  0.03543249890208244
p mean is: tensor(-1.4630, device='cuda:6')
epoch:  27000 quantization_loss:  0.03470021113753319
p mean is: tensor(-1.5989, device='cuda:6')
epoch:  28000 quantization_loss:  0.03428506478667259
p mean is: tensor(-1.7196, device='cuda:6')
epoch:  29000 quantization_loss:  0.03112095035612583
p mean is: tensor(-1.8255, device='cuda:6')
epoch:  30000 quantization_loss:  0.03068358823657036
p mean is: tensor(-1.9180, device='cuda:6')
epoch:  31000 quantization_loss:  0.030199429020285606
p mean is: tensor(-1.9999, device='cuda:6')
epoch:  32000 quantization_loss:  0.02997935563325882
p mean is: tensor(-2.0730, device='cuda:6')
epoch:  33000 quantization_loss:  0.029967622831463814
p mean is: tensor(-2.1387, device='cuda:6')
epoch:  34000 quantization_loss:  0.030049236491322517
p mean is: tensor(-2.1981, device='cuda:6')
epoch:  35000 quantization_loss:  0.029343141242861748
p mean is: tensor(-2.2519, device='cuda:6')
epoch:  36000 quantization_loss:  0.029248302802443504
p mean is: tensor(-2.3010, device='cuda:6')
epoch:  37000 quantization_loss:  0.02903311885893345
p mean is: tensor(-2.3459, device='cuda:6')
epoch:  38000 quantization_loss:  0.028888314962387085
p mean is: tensor(-2.3872, device='cuda:6')
epoch:  39000 quantization_loss:  0.028768043965101242
p mean is: tensor(-2.4253, device='cuda:6')
epoch:  40000 quantization_loss:  0.02867850288748741
p mean is: tensor(-2.4604, device='cuda:6')
epoch:  41000 quantization_loss:  0.028604304417967796
p mean is: tensor(-2.4929, device='cuda:6')
epoch:  42000 quantization_loss:  0.028491156175732613
p mean is: tensor(-2.5230, device='cuda:6')
epoch:  43000 quantization_loss:  0.02846665121614933
p mean is: tensor(-2.5510, device='cuda:6')
epoch:  44000 quantization_loss:  0.02831725962460041
p mean is: tensor(-2.5771, device='cuda:6')
epoch:  45000 quantization_loss:  0.028276734054088593
p mean is: tensor(-2.6015, device='cuda:6')
epoch:  46000 quantization_loss:  0.02821901999413967
p mean is: tensor(-2.6243, device='cuda:6')
epoch:  47000 quantization_loss:  0.028298569843173027
p mean is: tensor(-2.6456, device='cuda:6')
epoch:  48000 quantization_loss:  0.028128866106271744
p mean is: tensor(-2.6655, device='cuda:6')
epoch:  49000 quantization_loss:  0.028066402301192284
p mean is: tensor(-2.6843, device='cuda:6')
epoch:  50000 quantization_loss:  0.028075583279132843
p mean is: tensor(-2.7020, device='cuda:6')
epoch:  51000 quantization_loss:  0.028039155527949333
p mean is: tensor(-2.7186, device='cuda:6')
epoch:  52000 quantization_loss:  0.027990279719233513
p mean is: tensor(-2.7341, device='cuda:6')
epoch:  53000 quantization_loss:  0.027962734922766685
p mean is: tensor(-2.7488, device='cuda:6')
epoch:  54000 quantization_loss:  0.027910888195037842
p mean is: tensor(-2.7627, device='cuda:6')
epoch:  55000 quantization_loss:  0.02788565494120121
p mean is: tensor(-2.7759, device='cuda:6')
epoch:  56000 quantization_loss:  0.027902739122509956
p mean is: tensor(-2.7885, device='cuda:6')
epoch:  57000 quantization_loss:  0.027850672602653503
p mean is: tensor(-2.8005, device='cuda:6')
epoch:  58000 quantization_loss:  0.027854280546307564
p mean is: tensor(-2.8119, device='cuda:6')
epoch:  59000 quantization_loss:  0.02782304212450981
p mean is: tensor(-2.8227, device='cuda:6')
epoch:  60000 quantization_loss:  0.027809347957372665
p mean is: tensor(-2.8328, device='cuda:6')
epoch:  61000 quantization_loss:  0.027815252542495728
p mean is: tensor(-2.8424, device='cuda:6')
epoch:  62000 quantization_loss:  0.027788184583187103
p mean is: tensor(-2.8516, device='cuda:6')
epoch:  63000 quantization_loss:  0.027774332091212273
p mean is: tensor(-2.8605, device='cuda:6')
epoch:  64000 quantization_loss:  0.027770578861236572
p mean is: tensor(-2.8689, device='cuda:6')
epoch:  65000 quantization_loss:  0.02775513008236885
p mean is: tensor(-2.8770, device='cuda:6')
epoch:  66000 quantization_loss:  0.02774055488407612
p mean is: tensor(-2.8847, device='cuda:6')
epoch:  67000 quantization_loss:  0.02774965576827526
p mean is: tensor(-2.8921, device='cuda:6')
epoch:  68000 quantization_loss:  0.027747852727770805
p mean is: tensor(-2.8992, device='cuda:6')
epoch:  69000 quantization_loss:  0.02773417718708515
p mean is: tensor(-2.9060, device='cuda:6')
epoch:  70000 quantization_loss:  0.027713827788829803
p mean is: tensor(-2.9125, device='cuda:6')
epoch:  71000 quantization_loss:  0.027714451774954796
p mean is: tensor(-2.9187, device='cuda:6')
epoch:  72000 quantization_loss:  0.02772492542862892
p mean is: tensor(-2.9246, device='cuda:6')
epoch:  73000 quantization_loss:  0.027700649574398994
p mean is: tensor(-2.9303, device='cuda:6')
epoch:  74000 quantization_loss:  0.027694514021277428
p mean is: tensor(-2.9357, device='cuda:6')
epoch:  75000 quantization_loss:  0.027699995785951614
p mean is: tensor(-2.9410, device='cuda:6')
epoch:  76000 quantization_loss:  0.027688689529895782
p mean is: tensor(-2.9460, device='cuda:6')
epoch:  77000 quantization_loss:  0.027693426236510277
p mean is: tensor(-2.9508, device='cuda:6')
epoch:  78000 quantization_loss:  0.027735646814107895
p mean is: tensor(-2.9554, device='cuda:6')
epoch:  79000 quantization_loss:  0.027665643021464348
p mean is: tensor(-2.9599, device='cuda:6')
Number of elements to keep: 120354
Threshold value: -2.5075554847717285
Number of elements equal to threshold: 1
Number of elements to randomly select: 1
Actual sparsity achieved: 0.03999977400131013
Number of elements to keep: 120354
Threshold value: -2.5075554847717285
Number of elements equal to threshold: 1
Number of elements to randomly select: 1
Actual sparsity achieved: 0.03999977400131013
1.1.1.weight         | nonzeros =     664 /   12800             (  5.19%) | total_pruned =   12136 | shape = torch.Size([16, 32, 5, 5])
1.1.1.bias           | nonzeros =       0 /      16             (  0.00%) | total_pruned =      16 | shape = torch.Size([16])
1.2.weight           | nonzeros =      11 /      16             ( 68.75%) | total_pruned =       5 | shape = torch.Size([16])
1.2.bias             | nonzeros =       0 /      16             (  0.00%) | total_pruned =      16 | shape = torch.Size([16])
1.4.1.weight         | nonzeros =     178 /    6400             (  2.78%) | total_pruned =    6222 | shape = torch.Size([16, 16, 5, 5])
1.4.1.bias           | nonzeros =       0 /      16             (  0.00%) | total_pruned =      16 | shape = torch.Size([16])
1.5.weight           | nonzeros =      12 /      16             ( 75.00%) | total_pruned =       4 | shape = torch.Size([16])
1.5.bias             | nonzeros =       0 /      16             (  0.00%) | total_pruned =      16 | shape = torch.Size([16])
1.7.1.1.1.weight     | nonzeros =     151 /   12800             (  1.18%) | total_pruned =   12649 | shape = torch.Size([32, 16, 5, 5])
1.7.1.1.1.bias       | nonzeros =       0 /      32             (  0.00%) | total_pruned =      32 | shape = torch.Size([32])
1.7.1.2.weight       | nonzeros =      24 /      32             ( 75.00%) | total_pruned =       8 | shape = torch.Size([32])
1.7.1.2.bias         | nonzeros =       0 /      32             (  0.00%) | total_pruned =      32 | shape = torch.Size([32])
1.7.1.4.1.weight     | nonzeros =     136 /   25600             (  0.53%) | total_pruned =   25464 | shape = torch.Size([32, 32, 5, 5])
1.7.1.4.1.bias       | nonzeros =       0 /      32             (  0.00%) | total_pruned =      32 | shape = torch.Size([32])
1.7.1.5.weight       | nonzeros =      19 /      32             ( 59.38%) | total_pruned =      13 | shape = torch.Size([32])
1.7.1.5.bias         | nonzeros =       0 /      32             (  0.00%) | total_pruned =      32 | shape = torch.Size([32])
1.7.1.7.1.1.1.weight | nonzeros =     188 /   51200             (  0.37%) | total_pruned =   51012 | shape = torch.Size([64, 32, 5, 5])
1.7.1.7.1.1.1.bias   | nonzeros =       0 /      64             (  0.00%) | total_pruned =      64 | shape = torch.Size([64])
1.7.1.7.1.2.weight   | nonzeros =      32 /      64             ( 50.00%) | total_pruned =      32 | shape = torch.Size([64])
1.7.1.7.1.2.bias     | nonzeros =       0 /      64             (  0.00%) | total_pruned =      64 | shape = torch.Size([64])
1.7.1.7.1.4.1.weight | nonzeros =     340 /  102400             (  0.33%) | total_pruned =  102060 | shape = torch.Size([64, 64, 5, 5])
1.7.1.7.1.4.1.bias   | nonzeros =       0 /      64             (  0.00%) | total_pruned =      64 | shape = torch.Size([64])
1.7.1.7.1.5.weight   | nonzeros =      23 /      64             ( 35.94%) | total_pruned =      41 | shape = torch.Size([64])
1.7.1.7.1.5.bias     | nonzeros =       0 /      64             (  0.00%) | total_pruned =      64 | shape = torch.Size([64])
1.7.1.7.1.7.1.1.1.weight | nonzeros =     670 /  204800             (  0.33%) | total_pruned =  204130 | shape = torch.Size([128, 64, 5, 5])
1.7.1.7.1.7.1.1.1.bias | nonzeros =       0 /     128             (  0.00%) | total_pruned =     128 | shape = torch.Size([128])
1.7.1.7.1.7.1.2.weight | nonzeros =      27 /     128             ( 21.09%) | total_pruned =     101 | shape = torch.Size([128])
1.7.1.7.1.7.1.2.bias | nonzeros =       0 /     128             (  0.00%) | total_pruned =     128 | shape = torch.Size([128])
1.7.1.7.1.7.1.4.1.weight | nonzeros =    1315 /  409600             (  0.32%) | total_pruned =  408285 | shape = torch.Size([128, 128, 5, 5])
1.7.1.7.1.7.1.4.1.bias | nonzeros =       0 /     128             (  0.00%) | total_pruned =     128 | shape = torch.Size([128])
1.7.1.7.1.7.1.5.weight | nonzeros =      32 /     128             ( 25.00%) | total_pruned =      96 | shape = torch.Size([128])
1.7.1.7.1.7.1.5.bias | nonzeros =       0 /     128             (  0.00%) | total_pruned =     128 | shape = torch.Size([128])
1.7.1.7.1.7.1.7.1.1.1.weight | nonzeros =    3034 /  409600             (  0.74%) | total_pruned =  406566 | shape = torch.Size([128, 128, 5, 5])
1.7.1.7.1.7.1.7.1.1.1.bias | nonzeros =       0 /     128             (  0.00%) | total_pruned =     128 | shape = torch.Size([128])
1.7.1.7.1.7.1.7.1.2.weight | nonzeros =      39 /     128             ( 30.47%) | total_pruned =      89 | shape = torch.Size([128])
1.7.1.7.1.7.1.7.1.2.bias | nonzeros =       0 /     128             (  0.00%) | total_pruned =     128 | shape = torch.Size([128])
1.7.1.7.1.7.1.7.1.4.1.weight | nonzeros =    4628 /  409600             (  1.13%) | total_pruned =  404972 | shape = torch.Size([128, 128, 5, 5])
1.7.1.7.1.7.1.7.1.4.1.bias | nonzeros =       0 /     128             (  0.00%) | total_pruned =     128 | shape = torch.Size([128])
1.7.1.7.1.7.1.7.1.5.weight | nonzeros =      62 /     128             ( 48.44%) | total_pruned =      66 | shape = torch.Size([128])
1.7.1.7.1.7.1.7.1.5.bias | nonzeros =       0 /     128             (  0.00%) | total_pruned =     128 | shape = torch.Size([128])
1.7.1.7.1.7.1.7.1.7.1.1.1.weight | nonzeros =   11834 /  409600             (  2.89%) | total_pruned =  397766 | shape = torch.Size([128, 128, 5, 5])
1.7.1.7.1.7.1.7.1.7.1.1.1.bias | nonzeros =       0 /     128             (  0.00%) | total_pruned =     128 | shape = torch.Size([128])
1.7.1.7.1.7.1.7.1.7.1.2.weight | nonzeros =      80 /     128             ( 62.50%) | total_pruned =      48 | shape = torch.Size([128])
1.7.1.7.1.7.1.7.1.7.1.2.bias | nonzeros =       0 /     128             (  0.00%) | total_pruned =     128 | shape = torch.Size([128])
1.7.1.7.1.7.1.7.1.7.1.4.1.weight | nonzeros =   17080 /  409600             (  4.17%) | total_pruned =  392520 | shape = torch.Size([128, 128, 5, 5])
1.7.1.7.1.7.1.7.1.7.1.4.1.bias | nonzeros =       0 /     128             (  0.00%) | total_pruned =     128 | shape = torch.Size([128])
1.7.1.7.1.7.1.7.1.7.1.5.weight | nonzeros =      75 /     128             ( 58.59%) | total_pruned =      53 | shape = torch.Size([128])
1.7.1.7.1.7.1.7.1.7.1.5.bias | nonzeros =       0 /     128             (  0.00%) | total_pruned =     128 | shape = torch.Size([128])
1.7.1.7.1.7.1.7.1.7.2.weight | nonzeros =      75 /     128             ( 58.59%) | total_pruned =      53 | shape = torch.Size([128])
1.7.1.7.1.7.1.7.1.7.2.bias | nonzeros =       0 /     128             (  0.00%) | total_pruned =     128 | shape = torch.Size([128])
1.7.1.7.1.7.1.7.1.7.3.1.weight | nonzeros =   19406 /  147456             ( 13.16%) | total_pruned =  128050 | shape = torch.Size([128, 128, 3, 3])
1.7.1.7.1.7.1.7.1.7.3.1.bias | nonzeros =       0 /     128             (  0.00%) | total_pruned =     128 | shape = torch.Size([128])
1.7.1.7.1.7.1.7.1.7.4.weight | nonzeros =      70 /     128             ( 54.69%) | total_pruned =      58 | shape = torch.Size([128])
1.7.1.7.1.7.1.7.1.7.4.bias | nonzeros =       0 /     128             (  0.00%) | total_pruned =     128 | shape = torch.Size([128])
1.7.1.7.1.7.1.7.2.weight | nonzeros =      70 /     128             ( 54.69%) | total_pruned =      58 | shape = torch.Size([128])
1.7.1.7.1.7.1.7.2.bias | nonzeros =       0 /     128             (  0.00%) | total_pruned =     128 | shape = torch.Size([128])
1.7.1.7.1.7.1.7.3.1.weight | nonzeros =   21830 /  147456             ( 14.80%) | total_pruned =  125626 | shape = torch.Size([128, 128, 3, 3])
1.7.1.7.1.7.1.7.3.1.bias | nonzeros =       0 /     128             (  0.00%) | total_pruned =     128 | shape = torch.Size([128])
1.7.1.7.1.7.1.7.4.weight | nonzeros =      76 /     128             ( 59.38%) | total_pruned =      52 | shape = torch.Size([128])
1.7.1.7.1.7.1.7.4.bias | nonzeros =       0 /     128             (  0.00%) | total_pruned =     128 | shape = torch.Size([128])
1.7.1.7.1.7.2.weight | nonzeros =      76 /     128             ( 59.38%) | total_pruned =      52 | shape = torch.Size([128])
1.7.1.7.1.7.2.bias   | nonzeros =       0 /     128             (  0.00%) | total_pruned =     128 | shape = torch.Size([128])
1.7.1.7.1.7.3.1.weight | nonzeros =   24389 /  147456             ( 16.54%) | total_pruned =  123067 | shape = torch.Size([128, 128, 3, 3])
1.7.1.7.1.7.3.1.bias | nonzeros =       0 /     128             (  0.00%) | total_pruned =     128 | shape = torch.Size([128])
1.7.1.7.1.7.4.weight | nonzeros =      79 /     128             ( 61.72%) | total_pruned =      49 | shape = torch.Size([128])
1.7.1.7.1.7.4.bias   | nonzeros =       0 /     128             (  0.00%) | total_pruned =     128 | shape = torch.Size([128])
1.7.1.7.2.weight     | nonzeros =      79 /     128             ( 61.72%) | total_pruned =      49 | shape = torch.Size([128])
1.7.1.7.2.bias       | nonzeros =       0 /     128             (  0.00%) | total_pruned =     128 | shape = torch.Size([128])
1.7.1.7.3.1.weight   | nonzeros =   10486 /   73728             ( 14.22%) | total_pruned =   63242 | shape = torch.Size([64, 128, 3, 3])
1.7.1.7.3.1.bias     | nonzeros =       0 /      64             (  0.00%) | total_pruned =      64 | shape = torch.Size([64])
1.7.1.7.4.weight     | nonzeros =      32 /      64             ( 50.00%) | total_pruned =      32 | shape = torch.Size([64])
1.7.1.7.4.bias       | nonzeros =       0 /      64             (  0.00%) | total_pruned =      64 | shape = torch.Size([64])
1.7.2.weight         | nonzeros =      32 /      64             ( 50.00%) | total_pruned =      32 | shape = torch.Size([64])
1.7.2.bias           | nonzeros =       0 /      64             (  0.00%) | total_pruned =      64 | shape = torch.Size([64])
1.7.3.1.weight       | nonzeros =    2077 /   18432             ( 11.27%) | total_pruned =   16355 | shape = torch.Size([32, 64, 3, 3])
1.7.3.1.bias         | nonzeros =       0 /      32             (  0.00%) | total_pruned =      32 | shape = torch.Size([32])
1.7.4.weight         | nonzeros =      15 /      32             ( 46.88%) | total_pruned =      17 | shape = torch.Size([32])
1.7.4.bias           | nonzeros =       0 /      32             (  0.00%) | total_pruned =      32 | shape = torch.Size([32])
2.weight             | nonzeros =      15 /      32             ( 46.88%) | total_pruned =      17 | shape = torch.Size([32])
2.bias               | nonzeros =       0 /      32             (  0.00%) | total_pruned =      32 | shape = torch.Size([32])
3.1.weight           | nonzeros =     849 /    4608             ( 18.42%) | total_pruned =    3759 | shape = torch.Size([16, 32, 3, 3])
3.1.bias             | nonzeros =       0 /      16             (  0.00%) | total_pruned =      16 | shape = torch.Size([16])
4.weight             | nonzeros =      14 /      16             ( 87.50%) | total_pruned =       2 | shape = torch.Size([16])
4.bias               | nonzeros =       0 /      16             (  0.00%) | total_pruned =      16 | shape = torch.Size([16])
6.1.weight           | nonzeros =      28 /      48             ( 58.33%) | total_pruned =      20 | shape = torch.Size([3, 16, 1, 1])
6.1.bias             | nonzeros =       2 /       3             ( 66.67%) | total_pruned =       1 | shape = torch.Size([3])
alive: 120354, pruned : 2888513, total: 3008867, Compression rate :      25.00x  ( 96.00% pruned)
(3, 256, 256) (3, 256, 256) (3, 256, 256)
PSNR of output image is:  16.944178995972322
Experiment done
