(3, 512, 512)
Noisy PSNR is '20.20765317244606'
(3, 512, 512) (3, 512, 512) torch.Size([1, 32, 512, 512])
Starting optimization with optimizer 'SAM'
Output directory: data/denoising/Set14/mask/5/sparsity/det/0.035/1e-09
epoch:  0 quantization_loss:  0.06333602219820023
p mean is: tensor(-0.0006, device='cuda:4')
epoch:  1000 quantization_loss:  0.05860355496406555
p mean is: tensor(-0.0281, device='cuda:4')
epoch:  2000 quantization_loss:  0.05644838139414787
p mean is: tensor(-0.0489, device='cuda:4')
epoch:  3000 quantization_loss:  0.055919431149959564
p mean is: tensor(-0.0691, device='cuda:4')
epoch:  4000 quantization_loss:  0.05607437342405319
p mean is: tensor(-0.0892, device='cuda:4')
epoch:  5000 quantization_loss:  0.0555180162191391
p mean is: tensor(-0.1097, device='cuda:4')
epoch:  6000 quantization_loss:  0.05536959320306778
p mean is: tensor(-0.1311, device='cuda:4')
epoch:  7000 quantization_loss:  0.05476316809654236
p mean is: tensor(-0.1529, device='cuda:4')
epoch:  8000 quantization_loss:  0.048842377960681915
p mean is: tensor(-0.1759, device='cuda:4')
epoch:  9000 quantization_loss:  0.045932237058877945
p mean is: tensor(-0.2050, device='cuda:4')
epoch:  10000 quantization_loss:  0.03866776078939438
p mean is: tensor(-0.2431, device='cuda:4')
epoch:  11000 quantization_loss:  0.03442933410406113
p mean is: tensor(-0.2908, device='cuda:4')
epoch:  12000 quantization_loss:  0.03215617686510086
p mean is: tensor(-0.3521, device='cuda:4')
epoch:  13000 quantization_loss:  0.031088799238204956
p mean is: tensor(-0.4308, device='cuda:4')
epoch:  14000 quantization_loss:  0.02920345589518547
p mean is: tensor(-0.5293, device='cuda:4')
epoch:  15000 quantization_loss:  0.028220979496836662
p mean is: tensor(-0.6485, device='cuda:4')
epoch:  16000 quantization_loss:  0.027618419378995895
p mean is: tensor(-0.7863, device='cuda:4')
epoch:  17000 quantization_loss:  0.026818424463272095
p mean is: tensor(-0.9375, device='cuda:4')
epoch:  18000 quantization_loss:  0.02626725099980831
p mean is: tensor(-1.0941, device='cuda:4')
epoch:  19000 quantization_loss:  0.02585143968462944
p mean is: tensor(-1.2477, device='cuda:4')
epoch:  20000 quantization_loss:  0.025423824787139893
p mean is: tensor(-1.3921, device='cuda:4')
epoch:  21000 quantization_loss:  0.025107627734541893
p mean is: tensor(-1.5243, device='cuda:4')
epoch:  22000 quantization_loss:  0.0248431246727705
p mean is: tensor(-1.6435, device='cuda:4')
epoch:  23000 quantization_loss:  0.02462436445057392
p mean is: tensor(-1.7505, device='cuda:4')
epoch:  24000 quantization_loss:  0.024440642446279526
p mean is: tensor(-1.8465, device='cuda:4')
epoch:  25000 quantization_loss:  0.024320168420672417
p mean is: tensor(-1.9327, device='cuda:4')
epoch:  26000 quantization_loss:  0.02420349046587944
p mean is: tensor(-2.0104, device='cuda:4')
epoch:  27000 quantization_loss:  0.02408551797270775
p mean is: tensor(-2.0810, device='cuda:4')
epoch:  28000 quantization_loss:  0.023940065875649452
p mean is: tensor(-2.1453, device='cuda:4')
epoch:  29000 quantization_loss:  0.023864571005105972
p mean is: tensor(-2.2039, device='cuda:4')
epoch:  30000 quantization_loss:  0.023817678913474083
p mean is: tensor(-2.2578, device='cuda:4')
epoch:  31000 quantization_loss:  0.023730942979454994
p mean is: tensor(-2.3076, device='cuda:4')
epoch:  32000 quantization_loss:  0.02364891767501831
p mean is: tensor(-2.3538, device='cuda:4')
epoch:  33000 quantization_loss:  0.02359582670032978
p mean is: tensor(-2.3967, device='cuda:4')
epoch:  34000 quantization_loss:  0.02356037311255932
p mean is: tensor(-2.4366, device='cuda:4')
epoch:  35000 quantization_loss:  0.023475127294659615
p mean is: tensor(-2.4739, device='cuda:4')
epoch:  36000 quantization_loss:  0.023454654961824417
p mean is: tensor(-2.5088, device='cuda:4')
epoch:  37000 quantization_loss:  0.023425394669175148
p mean is: tensor(-2.5416, device='cuda:4')
epoch:  38000 quantization_loss:  0.023339619860053062
p mean is: tensor(-2.5724, device='cuda:4')
epoch:  39000 quantization_loss:  0.023319555446505547
p mean is: tensor(-2.6015, device='cuda:4')
epoch:  40000 quantization_loss:  0.023297451436519623
p mean is: tensor(-2.6289, device='cuda:4')
epoch:  41000 quantization_loss:  0.02324877679347992
p mean is: tensor(-2.6549, device='cuda:4')
epoch:  42000 quantization_loss:  0.023219041526317596
p mean is: tensor(-2.6795, device='cuda:4')
epoch:  43000 quantization_loss:  0.02323194406926632
p mean is: tensor(-2.7028, device='cuda:4')
epoch:  44000 quantization_loss:  0.023179296404123306
p mean is: tensor(-2.7250, device='cuda:4')
epoch:  45000 quantization_loss:  0.02314607799053192
p mean is: tensor(-2.7460, device='cuda:4')
epoch:  46000 quantization_loss:  0.023124147206544876
p mean is: tensor(-2.7660, device='cuda:4')
epoch:  47000 quantization_loss:  0.023109357804059982
p mean is: tensor(-2.7850, device='cuda:4')
epoch:  48000 quantization_loss:  0.023108933120965958
p mean is: tensor(-2.8032, device='cuda:4')
epoch:  49000 quantization_loss:  0.02306169457733631
p mean is: tensor(-2.8205, device='cuda:4')
epoch:  50000 quantization_loss:  0.02307322435081005
p mean is: tensor(-2.8371, device='cuda:4')
epoch:  51000 quantization_loss:  0.02305387333035469
p mean is: tensor(-2.8529, device='cuda:4')
epoch:  52000 quantization_loss:  0.023037243634462357
p mean is: tensor(-2.8681, device='cuda:4')
epoch:  53000 quantization_loss:  0.023022906854748726
p mean is: tensor(-2.8826, device='cuda:4')
epoch:  54000 quantization_loss:  0.023024432361125946
p mean is: tensor(-2.8966, device='cuda:4')
epoch:  55000 quantization_loss:  0.023016510531306267
p mean is: tensor(-2.9099, device='cuda:4')
epoch:  56000 quantization_loss:  0.022993817925453186
p mean is: tensor(-2.9227, device='cuda:4')
epoch:  57000 quantization_loss:  0.02299089916050434
p mean is: tensor(-2.9350, device='cuda:4')
epoch:  58000 quantization_loss:  0.022979961708188057
p mean is: tensor(-2.9468, device='cuda:4')
epoch:  59000 quantization_loss:  0.022965386509895325
p mean is: tensor(-2.9583, device='cuda:4')
epoch:  60000 quantization_loss:  0.02297188527882099
p mean is: tensor(-2.9692, device='cuda:4')
epoch:  61000 quantization_loss:  0.022953564301133156
p mean is: tensor(-2.9797, device='cuda:4')
epoch:  62000 quantization_loss:  0.022991109639406204
p mean is: tensor(-2.9898, device='cuda:4')
epoch:  63000 quantization_loss:  0.022950265556573868
p mean is: tensor(-2.9996, device='cuda:4')
epoch:  64000 quantization_loss:  0.022945547476410866
p mean is: tensor(-3.0090, device='cuda:4')
epoch:  65000 quantization_loss:  0.02294118143618107
p mean is: tensor(-3.0181, device='cuda:4')
epoch:  66000 quantization_loss:  0.022944949567317963
p mean is: tensor(-3.0268, device='cuda:4')
epoch:  67000 quantization_loss:  0.02292868122458458
p mean is: tensor(-3.0353, device='cuda:4')
epoch:  68000 quantization_loss:  0.022936120629310608
p mean is: tensor(-3.0434, device='cuda:4')
epoch:  69000 quantization_loss:  0.02292332611978054
p mean is: tensor(-3.0513, device='cuda:4')
epoch:  70000 quantization_loss:  0.022914646193385124
p mean is: tensor(-3.0589, device='cuda:4')
epoch:  71000 quantization_loss:  0.022907253354787827
p mean is: tensor(-3.0662, device='cuda:4')
epoch:  72000 quantization_loss:  0.022906022146344185
p mean is: tensor(-3.0734, device='cuda:4')
epoch:  73000 quantization_loss:  0.022901281714439392
p mean is: tensor(-3.0803, device='cuda:4')
epoch:  74000 quantization_loss:  0.022903021425008774
p mean is: tensor(-3.0869, device='cuda:4')
epoch:  75000 quantization_loss:  0.022902678698301315
p mean is: tensor(-3.0934, device='cuda:4')
epoch:  76000 quantization_loss:  0.022898230701684952
p mean is: tensor(-3.0997, device='cuda:4')
epoch:  77000 quantization_loss:  0.02289365977048874
p mean is: tensor(-3.1058, device='cuda:4')
epoch:  78000 quantization_loss:  0.022893326357007027
p mean is: tensor(-3.1118, device='cuda:4')
epoch:  79000 quantization_loss:  0.022889582440257072
p mean is: tensor(-3.1175, device='cuda:4')
Number of elements to keep: 105310
Threshold value: 1.2666127681732178
Number of elements equal to threshold: 1
Number of elements to randomly select: 1
Actual sparsity achieved: 0.03499988533889999
Number of elements to keep: 105310
Threshold value: 1.2666127681732178
Number of elements equal to threshold: 1
Number of elements to randomly select: 1
Actual sparsity achieved: 0.03499988533889999
1.1.1.weight         | nonzeros =     574 /   12800             (  4.48%) | total_pruned =   12226 | shape = torch.Size([16, 32, 5, 5])
1.1.1.bias           | nonzeros =       0 /      16             (  0.00%) | total_pruned =      16 | shape = torch.Size([16])
1.2.weight           | nonzeros =       4 /      16             ( 25.00%) | total_pruned =      12 | shape = torch.Size([16])
1.2.bias             | nonzeros =       0 /      16             (  0.00%) | total_pruned =      16 | shape = torch.Size([16])
1.4.1.weight         | nonzeros =      40 /    6400             (  0.62%) | total_pruned =    6360 | shape = torch.Size([16, 16, 5, 5])
1.4.1.bias           | nonzeros =       0 /      16             (  0.00%) | total_pruned =      16 | shape = torch.Size([16])
1.5.weight           | nonzeros =       4 /      16             ( 25.00%) | total_pruned =      12 | shape = torch.Size([16])
1.5.bias             | nonzeros =       0 /      16             (  0.00%) | total_pruned =      16 | shape = torch.Size([16])
1.7.1.1.1.weight     | nonzeros =      22 /   12800             (  0.17%) | total_pruned =   12778 | shape = torch.Size([32, 16, 5, 5])
1.7.1.1.1.bias       | nonzeros =       0 /      32             (  0.00%) | total_pruned =      32 | shape = torch.Size([32])
1.7.1.2.weight       | nonzeros =       8 /      32             ( 25.00%) | total_pruned =      24 | shape = torch.Size([32])
1.7.1.2.bias         | nonzeros =       0 /      32             (  0.00%) | total_pruned =      32 | shape = torch.Size([32])
1.7.1.4.1.weight     | nonzeros =      14 /   25600             (  0.05%) | total_pruned =   25586 | shape = torch.Size([32, 32, 5, 5])
1.7.1.4.1.bias       | nonzeros =       0 /      32             (  0.00%) | total_pruned =      32 | shape = torch.Size([32])
1.7.1.5.weight       | nonzeros =      13 /      32             ( 40.62%) | total_pruned =      19 | shape = torch.Size([32])
1.7.1.5.bias         | nonzeros =       0 /      32             (  0.00%) | total_pruned =      32 | shape = torch.Size([32])
1.7.1.7.1.1.1.weight | nonzeros =       2 /   51200             (  0.00%) | total_pruned =   51198 | shape = torch.Size([64, 32, 5, 5])
1.7.1.7.1.1.1.bias   | nonzeros =       0 /      64             (  0.00%) | total_pruned =      64 | shape = torch.Size([64])
1.7.1.7.1.2.weight   | nonzeros =      18 /      64             ( 28.12%) | total_pruned =      46 | shape = torch.Size([64])
1.7.1.7.1.2.bias     | nonzeros =       0 /      64             (  0.00%) | total_pruned =      64 | shape = torch.Size([64])
1.7.1.7.1.4.1.weight | nonzeros =       2 /  102400             (  0.00%) | total_pruned =  102398 | shape = torch.Size([64, 64, 5, 5])
1.7.1.7.1.4.1.bias   | nonzeros =       0 /      64             (  0.00%) | total_pruned =      64 | shape = torch.Size([64])
1.7.1.7.1.5.weight   | nonzeros =      21 /      64             ( 32.81%) | total_pruned =      43 | shape = torch.Size([64])
1.7.1.7.1.5.bias     | nonzeros =       0 /      64             (  0.00%) | total_pruned =      64 | shape = torch.Size([64])
1.7.1.7.1.7.1.1.1.weight | nonzeros =       0 /  204800             (  0.00%) | total_pruned =  204800 | shape = torch.Size([128, 64, 5, 5])
1.7.1.7.1.7.1.1.1.bias | nonzeros =       0 /     128             (  0.00%) | total_pruned =     128 | shape = torch.Size([128])
1.7.1.7.1.7.1.2.weight | nonzeros =      47 /     128             ( 36.72%) | total_pruned =      81 | shape = torch.Size([128])
1.7.1.7.1.7.1.2.bias | nonzeros =       0 /     128             (  0.00%) | total_pruned =     128 | shape = torch.Size([128])
1.7.1.7.1.7.1.4.1.weight | nonzeros =       0 /  409600             (  0.00%) | total_pruned =  409600 | shape = torch.Size([128, 128, 5, 5])
1.7.1.7.1.7.1.4.1.bias | nonzeros =       0 /     128             (  0.00%) | total_pruned =     128 | shape = torch.Size([128])
1.7.1.7.1.7.1.5.weight | nonzeros =      45 /     128             ( 35.16%) | total_pruned =      83 | shape = torch.Size([128])
1.7.1.7.1.7.1.5.bias | nonzeros =       0 /     128             (  0.00%) | total_pruned =     128 | shape = torch.Size([128])
1.7.1.7.1.7.1.7.1.1.1.weight | nonzeros =       2 /  409600             (  0.00%) | total_pruned =  409598 | shape = torch.Size([128, 128, 5, 5])
1.7.1.7.1.7.1.7.1.1.1.bias | nonzeros =       0 /     128             (  0.00%) | total_pruned =     128 | shape = torch.Size([128])
1.7.1.7.1.7.1.7.1.2.weight | nonzeros =      62 /     128             ( 48.44%) | total_pruned =      66 | shape = torch.Size([128])
1.7.1.7.1.7.1.7.1.2.bias | nonzeros =       0 /     128             (  0.00%) | total_pruned =     128 | shape = torch.Size([128])
1.7.1.7.1.7.1.7.1.4.1.weight | nonzeros =     263 /  409600             (  0.06%) | total_pruned =  409337 | shape = torch.Size([128, 128, 5, 5])
1.7.1.7.1.7.1.7.1.4.1.bias | nonzeros =       0 /     128             (  0.00%) | total_pruned =     128 | shape = torch.Size([128])
1.7.1.7.1.7.1.7.1.5.weight | nonzeros =      80 /     128             ( 62.50%) | total_pruned =      48 | shape = torch.Size([128])
1.7.1.7.1.7.1.7.1.5.bias | nonzeros =       0 /     128             (  0.00%) | total_pruned =     128 | shape = torch.Size([128])
1.7.1.7.1.7.1.7.1.7.1.1.1.weight | nonzeros =    1772 /  409600             (  0.43%) | total_pruned =  407828 | shape = torch.Size([128, 128, 5, 5])
1.7.1.7.1.7.1.7.1.7.1.1.1.bias | nonzeros =       0 /     128             (  0.00%) | total_pruned =     128 | shape = torch.Size([128])
1.7.1.7.1.7.1.7.1.7.1.2.weight | nonzeros =     103 /     128             ( 80.47%) | total_pruned =      25 | shape = torch.Size([128])
1.7.1.7.1.7.1.7.1.7.1.2.bias | nonzeros =       0 /     128             (  0.00%) | total_pruned =     128 | shape = torch.Size([128])
1.7.1.7.1.7.1.7.1.7.1.4.1.weight | nonzeros =   12620 /  409600             (  3.08%) | total_pruned =  396980 | shape = torch.Size([128, 128, 5, 5])
1.7.1.7.1.7.1.7.1.7.1.4.1.bias | nonzeros =       0 /     128             (  0.00%) | total_pruned =     128 | shape = torch.Size([128])
1.7.1.7.1.7.1.7.1.7.1.5.weight | nonzeros =      99 /     128             ( 77.34%) | total_pruned =      29 | shape = torch.Size([128])
1.7.1.7.1.7.1.7.1.7.1.5.bias | nonzeros =       0 /     128             (  0.00%) | total_pruned =     128 | shape = torch.Size([128])
1.7.1.7.1.7.1.7.1.7.2.weight | nonzeros =      99 /     128             ( 77.34%) | total_pruned =      29 | shape = torch.Size([128])
1.7.1.7.1.7.1.7.1.7.2.bias | nonzeros =       0 /     128             (  0.00%) | total_pruned =     128 | shape = torch.Size([128])
1.7.1.7.1.7.1.7.1.7.3.1.weight | nonzeros =   25592 /  147456             ( 17.36%) | total_pruned =  121864 | shape = torch.Size([128, 128, 3, 3])
1.7.1.7.1.7.1.7.1.7.3.1.bias | nonzeros =       0 /     128             (  0.00%) | total_pruned =     128 | shape = torch.Size([128])
1.7.1.7.1.7.1.7.1.7.4.weight | nonzeros =      90 /     128             ( 70.31%) | total_pruned =      38 | shape = torch.Size([128])
1.7.1.7.1.7.1.7.1.7.4.bias | nonzeros =       0 /     128             (  0.00%) | total_pruned =     128 | shape = torch.Size([128])
1.7.1.7.1.7.1.7.2.weight | nonzeros =      90 /     128             ( 70.31%) | total_pruned =      38 | shape = torch.Size([128])
1.7.1.7.1.7.1.7.2.bias | nonzeros =       0 /     128             (  0.00%) | total_pruned =     128 | shape = torch.Size([128])
1.7.1.7.1.7.1.7.3.1.weight | nonzeros =   24811 /  147456             ( 16.83%) | total_pruned =  122645 | shape = torch.Size([128, 128, 3, 3])
1.7.1.7.1.7.1.7.3.1.bias | nonzeros =       0 /     128             (  0.00%) | total_pruned =     128 | shape = torch.Size([128])
1.7.1.7.1.7.1.7.4.weight | nonzeros =      85 /     128             ( 66.41%) | total_pruned =      43 | shape = torch.Size([128])
1.7.1.7.1.7.1.7.4.bias | nonzeros =       0 /     128             (  0.00%) | total_pruned =     128 | shape = torch.Size([128])
1.7.1.7.1.7.2.weight | nonzeros =      85 /     128             ( 66.41%) | total_pruned =      43 | shape = torch.Size([128])
1.7.1.7.1.7.2.bias   | nonzeros =       0 /     128             (  0.00%) | total_pruned =     128 | shape = torch.Size([128])
1.7.1.7.1.7.3.1.weight | nonzeros =   22726 /  147456             ( 15.41%) | total_pruned =  124730 | shape = torch.Size([128, 128, 3, 3])
1.7.1.7.1.7.3.1.bias | nonzeros =       0 /     128             (  0.00%) | total_pruned =     128 | shape = torch.Size([128])
1.7.1.7.1.7.4.weight | nonzeros =      88 /     128             ( 68.75%) | total_pruned =      40 | shape = torch.Size([128])
1.7.1.7.1.7.4.bias   | nonzeros =       0 /     128             (  0.00%) | total_pruned =     128 | shape = torch.Size([128])
1.7.1.7.2.weight     | nonzeros =      88 /     128             ( 68.75%) | total_pruned =      40 | shape = torch.Size([128])
1.7.1.7.2.bias       | nonzeros =       0 /     128             (  0.00%) | total_pruned =     128 | shape = torch.Size([128])
1.7.1.7.3.1.weight   | nonzeros =   11249 /   73728             ( 15.26%) | total_pruned =   62479 | shape = torch.Size([64, 128, 3, 3])
1.7.1.7.3.1.bias     | nonzeros =       0 /      64             (  0.00%) | total_pruned =      64 | shape = torch.Size([64])
1.7.1.7.4.weight     | nonzeros =      39 /      64             ( 60.94%) | total_pruned =      25 | shape = torch.Size([64])
1.7.1.7.4.bias       | nonzeros =       0 /      64             (  0.00%) | total_pruned =      64 | shape = torch.Size([64])
1.7.2.weight         | nonzeros =      39 /      64             ( 60.94%) | total_pruned =      25 | shape = torch.Size([64])
1.7.2.bias           | nonzeros =       0 /      64             (  0.00%) | total_pruned =      64 | shape = torch.Size([64])
1.7.3.1.weight       | nonzeros =    3083 /   18432             ( 16.73%) | total_pruned =   15349 | shape = torch.Size([32, 64, 3, 3])
1.7.3.1.bias         | nonzeros =       0 /      32             (  0.00%) | total_pruned =      32 | shape = torch.Size([32])
1.7.4.weight         | nonzeros =      20 /      32             ( 62.50%) | total_pruned =      12 | shape = torch.Size([32])
1.7.4.bias           | nonzeros =       0 /      32             (  0.00%) | total_pruned =      32 | shape = torch.Size([32])
2.weight             | nonzeros =      20 /      32             ( 62.50%) | total_pruned =      12 | shape = torch.Size([32])
2.bias               | nonzeros =       0 /      32             (  0.00%) | total_pruned =      32 | shape = torch.Size([32])
3.1.weight           | nonzeros =    1247 /    4608             ( 27.06%) | total_pruned =    3361 | shape = torch.Size([16, 32, 3, 3])
3.1.bias             | nonzeros =       0 /      16             (  0.00%) | total_pruned =      16 | shape = torch.Size([16])
4.weight             | nonzeros =      16 /      16             (100.00%) | total_pruned =       0 | shape = torch.Size([16])
4.bias               | nonzeros =       0 /      16             (  0.00%) | total_pruned =      16 | shape = torch.Size([16])
6.1.weight           | nonzeros =      27 /      48             ( 56.25%) | total_pruned =      21 | shape = torch.Size([3, 16, 1, 1])
6.1.bias             | nonzeros =       1 /       3             ( 33.33%) | total_pruned =       2 | shape = torch.Size([3])
alive: 105310, pruned : 2903557, total: 3008867, Compression rate :      28.57x  ( 96.50% pruned)
(3, 512, 512) (3, 512, 512) (3, 512, 512)
PSNR of output image is:  12.955334324862022
Experiment done
