(3, 256, 256)
Noisy PSNR is '20.177361151384364'
(3, 256, 256) (3, 256, 256) torch.Size([1, 32, 256, 256])
Starting optimization with optimizer 'SAM'
Output directory: data/denoising/Set14/mask/9/sparsity/det/0.03/1e-09
epoch:  0 quantization_loss:  0.0622507743537426
p mean is: tensor(-0.0005, device='cuda:4')
epoch:  1000 quantization_loss:  0.05901724845170975
p mean is: tensor(-0.0144, device='cuda:4')
epoch:  2000 quantization_loss:  0.059717874974012375
p mean is: tensor(-0.0246, device='cuda:4')
epoch:  3000 quantization_loss:  0.05919453874230385
p mean is: tensor(-0.0345, device='cuda:4')
epoch:  4000 quantization_loss:  0.06014373525977135
p mean is: tensor(-0.0436, device='cuda:4')
epoch:  5000 quantization_loss:  0.059758175164461136
p mean is: tensor(-0.0529, device='cuda:4')
epoch:  6000 quantization_loss:  0.06032807007431984
p mean is: tensor(-0.0616, device='cuda:4')
epoch:  7000 quantization_loss:  0.058150842785835266
p mean is: tensor(-0.0709, device='cuda:4')
epoch:  8000 quantization_loss:  0.05780789628624916
p mean is: tensor(-0.0801, device='cuda:4')
epoch:  9000 quantization_loss:  0.059841472655534744
p mean is: tensor(-0.0895, device='cuda:4')
epoch:  10000 quantization_loss:  0.05930580943822861
p mean is: tensor(-0.0992, device='cuda:4')
epoch:  11000 quantization_loss:  0.05755934119224548
p mean is: tensor(-0.1090, device='cuda:4')
epoch:  12000 quantization_loss:  0.058626990765333176
p mean is: tensor(-0.1190, device='cuda:4')
epoch:  13000 quantization_loss:  0.05157719552516937
p mean is: tensor(-0.1290, device='cuda:4')
epoch:  14000 quantization_loss:  0.035711731761693954
p mean is: tensor(-0.1413, device='cuda:4')
epoch:  15000 quantization_loss:  0.03154371306300163
p mean is: tensor(-0.1590, device='cuda:4')
epoch:  16000 quantization_loss:  0.02911367639899254
p mean is: tensor(-0.1847, device='cuda:4')
epoch:  17000 quantization_loss:  0.025099055841565132
p mean is: tensor(-0.2207, device='cuda:4')
epoch:  18000 quantization_loss:  0.022820385172963142
p mean is: tensor(-0.2689, device='cuda:4')
epoch:  19000 quantization_loss:  0.02071985974907875
p mean is: tensor(-0.3298, device='cuda:4')
epoch:  20000 quantization_loss:  0.020323265343904495
p mean is: tensor(-0.4092, device='cuda:4')
epoch:  21000 quantization_loss:  0.019522957503795624
p mean is: tensor(-0.5114, device='cuda:4')
epoch:  22000 quantization_loss:  0.01905209943652153
p mean is: tensor(-0.6379, device='cuda:4')
epoch:  23000 quantization_loss:  0.01860227808356285
p mean is: tensor(-0.7877, device='cuda:4')
epoch:  24000 quantization_loss:  0.017986927181482315
p mean is: tensor(-0.9565, device='cuda:4')
epoch:  25000 quantization_loss:  0.01750863902270794
p mean is: tensor(-1.1362, device='cuda:4')
epoch:  26000 quantization_loss:  0.017224960029125214
p mean is: tensor(-1.3164, device='cuda:4')
epoch:  27000 quantization_loss:  0.0168005283921957
p mean is: tensor(-1.4870, device='cuda:4')
epoch:  28000 quantization_loss:  0.016391096636652946
p mean is: tensor(-1.6415, device='cuda:4')
epoch:  29000 quantization_loss:  0.016173504292964935
p mean is: tensor(-1.7784, device='cuda:4')
epoch:  30000 quantization_loss:  0.015900222584605217
p mean is: tensor(-1.8989, device='cuda:4')
epoch:  31000 quantization_loss:  0.015716930851340294
p mean is: tensor(-2.0050, device='cuda:4')
epoch:  32000 quantization_loss:  0.015564480796456337
p mean is: tensor(-2.0990, device='cuda:4')
epoch:  33000 quantization_loss:  0.015427687205374241
p mean is: tensor(-2.1831, device='cuda:4')
epoch:  34000 quantization_loss:  0.015269679948687553
p mean is: tensor(-2.2587, device='cuda:4')
epoch:  35000 quantization_loss:  0.015142075717449188
p mean is: tensor(-2.3267, device='cuda:4')
epoch:  36000 quantization_loss:  0.015035564079880714
p mean is: tensor(-2.3884, device='cuda:4')
epoch:  37000 quantization_loss:  0.014947989955544472
p mean is: tensor(-2.4445, device='cuda:4')
epoch:  38000 quantization_loss:  0.014813447371125221
p mean is: tensor(-2.4960, device='cuda:4')
epoch:  39000 quantization_loss:  0.014746911823749542
p mean is: tensor(-2.5433, device='cuda:4')
epoch:  40000 quantization_loss:  0.014662360772490501
p mean is: tensor(-2.5869, device='cuda:4')
epoch:  41000 quantization_loss:  0.014608441852033138
p mean is: tensor(-2.6274, device='cuda:4')
epoch:  42000 quantization_loss:  0.014515290968120098
p mean is: tensor(-2.6650, device='cuda:4')
epoch:  43000 quantization_loss:  0.014480305835604668
p mean is: tensor(-2.7001, device='cuda:4')
epoch:  44000 quantization_loss:  0.014401273801922798
p mean is: tensor(-2.7329, device='cuda:4')
epoch:  45000 quantization_loss:  0.01437492948025465
p mean is: tensor(-2.7636, device='cuda:4')
epoch:  46000 quantization_loss:  0.014316767454147339
p mean is: tensor(-2.7924, device='cuda:4')
epoch:  47000 quantization_loss:  0.014278136193752289
p mean is: tensor(-2.8195, device='cuda:4')
epoch:  48000 quantization_loss:  0.014239133335649967
p mean is: tensor(-2.8451, device='cuda:4')
epoch:  49000 quantization_loss:  0.01421409659087658
p mean is: tensor(-2.8692, device='cuda:4')
epoch:  50000 quantization_loss:  0.014163259416818619
p mean is: tensor(-2.8920, device='cuda:4')
epoch:  51000 quantization_loss:  0.014145513996481895
p mean is: tensor(-2.9136, device='cuda:4')
epoch:  52000 quantization_loss:  0.014115998521447182
p mean is: tensor(-2.9340, device='cuda:4')
epoch:  53000 quantization_loss:  0.01411953754723072
p mean is: tensor(-2.9533, device='cuda:4')
epoch:  54000 quantization_loss:  0.014066881500184536
p mean is: tensor(-2.9717, device='cuda:4')
epoch:  55000 quantization_loss:  0.014049765653908253
p mean is: tensor(-2.9892, device='cuda:4')
epoch:  56000 quantization_loss:  0.014040431007742882
p mean is: tensor(-3.0059, device='cuda:4')
epoch:  57000 quantization_loss:  0.014021478593349457
p mean is: tensor(-3.0217, device='cuda:4')
epoch:  58000 quantization_loss:  0.014006081037223339
p mean is: tensor(-3.0369, device='cuda:4')
epoch:  59000 quantization_loss:  0.013985983096063137
p mean is: tensor(-3.0513, device='cuda:4')
epoch:  60000 quantization_loss:  0.013978688977658749
p mean is: tensor(-3.0650, device='cuda:4')
epoch:  61000 quantization_loss:  0.01395875122398138
p mean is: tensor(-3.0782, device='cuda:4')
epoch:  62000 quantization_loss:  0.01396011933684349
p mean is: tensor(-3.0907, device='cuda:4')
epoch:  63000 quantization_loss:  0.01394345611333847
p mean is: tensor(-3.1028, device='cuda:4')
epoch:  64000 quantization_loss:  0.013934983871877193
p mean is: tensor(-3.1144, device='cuda:4')
epoch:  65000 quantization_loss:  0.013927084393799305
p mean is: tensor(-3.1255, device='cuda:4')
epoch:  66000 quantization_loss:  0.013916288502514362
p mean is: tensor(-3.1361, device='cuda:4')
epoch:  67000 quantization_loss:  0.013909571804106236
p mean is: tensor(-3.1463, device='cuda:4')
epoch:  68000 quantization_loss:  0.013907253742218018
p mean is: tensor(-3.1562, device='cuda:4')
epoch:  69000 quantization_loss:  0.013894661329686642
p mean is: tensor(-3.1656, device='cuda:4')
epoch:  70000 quantization_loss:  0.013896564021706581
p mean is: tensor(-3.1747, device='cuda:4')
epoch:  71000 quantization_loss:  0.013881598599255085
p mean is: tensor(-3.1834, device='cuda:4')
epoch:  72000 quantization_loss:  0.013902637176215649
p mean is: tensor(-3.1919, device='cuda:4')
epoch:  73000 quantization_loss:  0.013880826532840729
p mean is: tensor(-3.2000, device='cuda:4')
epoch:  74000 quantization_loss:  0.013873104937374592
p mean is: tensor(-3.2078, device='cuda:4')
epoch:  75000 quantization_loss:  0.013872010633349419
p mean is: tensor(-3.2153, device='cuda:4')
epoch:  76000 quantization_loss:  0.013865126296877861
p mean is: tensor(-3.2226, device='cuda:4')
epoch:  77000 quantization_loss:  0.013860853388905525
p mean is: tensor(-3.2297, device='cuda:4')
epoch:  78000 quantization_loss:  0.013854743912816048
p mean is: tensor(-3.2365, device='cuda:4')
epoch:  79000 quantization_loss:  0.01385681051760912
p mean is: tensor(-3.2430, device='cuda:4')
Number of elements to keep: 90266
Threshold value: -2.414682626724243
Number of elements equal to threshold: 1
Number of elements to randomly select: 1
Actual sparsity achieved: 0.029999996676489855
Number of elements to keep: 90266
Threshold value: -2.414682626724243
Number of elements equal to threshold: 1
Number of elements to randomly select: 1
Actual sparsity achieved: 0.029999996676489855
1.1.1.weight         | nonzeros =     330 /   12800             (  2.58%) | total_pruned =   12470 | shape = torch.Size([16, 32, 5, 5])
1.1.1.bias           | nonzeros =       0 /      16             (  0.00%) | total_pruned =      16 | shape = torch.Size([16])
1.2.weight           | nonzeros =       5 /      16             ( 31.25%) | total_pruned =      11 | shape = torch.Size([16])
1.2.bias             | nonzeros =       0 /      16             (  0.00%) | total_pruned =      16 | shape = torch.Size([16])
1.4.1.weight         | nonzeros =      66 /    6400             (  1.03%) | total_pruned =    6334 | shape = torch.Size([16, 16, 5, 5])
1.4.1.bias           | nonzeros =       0 /      16             (  0.00%) | total_pruned =      16 | shape = torch.Size([16])
1.5.weight           | nonzeros =       6 /      16             ( 37.50%) | total_pruned =      10 | shape = torch.Size([16])
1.5.bias             | nonzeros =       0 /      16             (  0.00%) | total_pruned =      16 | shape = torch.Size([16])
1.7.1.1.1.weight     | nonzeros =      81 /   12800             (  0.63%) | total_pruned =   12719 | shape = torch.Size([32, 16, 5, 5])
1.7.1.1.1.bias       | nonzeros =       0 /      32             (  0.00%) | total_pruned =      32 | shape = torch.Size([32])
1.7.1.2.weight       | nonzeros =       7 /      32             ( 21.88%) | total_pruned =      25 | shape = torch.Size([32])
1.7.1.2.bias         | nonzeros =       0 /      32             (  0.00%) | total_pruned =      32 | shape = torch.Size([32])
1.7.1.4.1.weight     | nonzeros =     107 /   25600             (  0.42%) | total_pruned =   25493 | shape = torch.Size([32, 32, 5, 5])
1.7.1.4.1.bias       | nonzeros =       0 /      32             (  0.00%) | total_pruned =      32 | shape = torch.Size([32])
1.7.1.5.weight       | nonzeros =      10 /      32             ( 31.25%) | total_pruned =      22 | shape = torch.Size([32])
1.7.1.5.bias         | nonzeros =       0 /      32             (  0.00%) | total_pruned =      32 | shape = torch.Size([32])
1.7.1.7.1.1.1.weight | nonzeros =     161 /   51200             (  0.31%) | total_pruned =   51039 | shape = torch.Size([64, 32, 5, 5])
1.7.1.7.1.1.1.bias   | nonzeros =       0 /      64             (  0.00%) | total_pruned =      64 | shape = torch.Size([64])
1.7.1.7.1.2.weight   | nonzeros =      13 /      64             ( 20.31%) | total_pruned =      51 | shape = torch.Size([64])
1.7.1.7.1.2.bias     | nonzeros =       0 /      64             (  0.00%) | total_pruned =      64 | shape = torch.Size([64])
1.7.1.7.1.4.1.weight | nonzeros =     278 /  102400             (  0.27%) | total_pruned =  102122 | shape = torch.Size([64, 64, 5, 5])
1.7.1.7.1.4.1.bias   | nonzeros =       0 /      64             (  0.00%) | total_pruned =      64 | shape = torch.Size([64])
1.7.1.7.1.5.weight   | nonzeros =      17 /      64             ( 26.56%) | total_pruned =      47 | shape = torch.Size([64])
1.7.1.7.1.5.bias     | nonzeros =       0 /      64             (  0.00%) | total_pruned =      64 | shape = torch.Size([64])
1.7.1.7.1.7.1.1.1.weight | nonzeros =     506 /  204800             (  0.25%) | total_pruned =  204294 | shape = torch.Size([128, 64, 5, 5])
1.7.1.7.1.7.1.1.1.bias | nonzeros =       0 /     128             (  0.00%) | total_pruned =     128 | shape = torch.Size([128])
1.7.1.7.1.7.1.2.weight | nonzeros =      27 /     128             ( 21.09%) | total_pruned =     101 | shape = torch.Size([128])
1.7.1.7.1.7.1.2.bias | nonzeros =       0 /     128             (  0.00%) | total_pruned =     128 | shape = torch.Size([128])
1.7.1.7.1.7.1.4.1.weight | nonzeros =     942 /  409600             (  0.23%) | total_pruned =  408658 | shape = torch.Size([128, 128, 5, 5])
1.7.1.7.1.7.1.4.1.bias | nonzeros =       0 /     128             (  0.00%) | total_pruned =     128 | shape = torch.Size([128])
1.7.1.7.1.7.1.5.weight | nonzeros =      34 /     128             ( 26.56%) | total_pruned =      94 | shape = torch.Size([128])
1.7.1.7.1.7.1.5.bias | nonzeros =       0 /     128             (  0.00%) | total_pruned =     128 | shape = torch.Size([128])
1.7.1.7.1.7.1.7.1.1.1.weight | nonzeros =    1735 /  409600             (  0.42%) | total_pruned =  407865 | shape = torch.Size([128, 128, 5, 5])
1.7.1.7.1.7.1.7.1.1.1.bias | nonzeros =       0 /     128             (  0.00%) | total_pruned =     128 | shape = torch.Size([128])
1.7.1.7.1.7.1.7.1.2.weight | nonzeros =      47 /     128             ( 36.72%) | total_pruned =      81 | shape = torch.Size([128])
1.7.1.7.1.7.1.7.1.2.bias | nonzeros =       0 /     128             (  0.00%) | total_pruned =     128 | shape = torch.Size([128])
1.7.1.7.1.7.1.7.1.4.1.weight | nonzeros =    4013 /  409600             (  0.98%) | total_pruned =  405587 | shape = torch.Size([128, 128, 5, 5])
1.7.1.7.1.7.1.7.1.4.1.bias | nonzeros =       0 /     128             (  0.00%) | total_pruned =     128 | shape = torch.Size([128])
1.7.1.7.1.7.1.7.1.5.weight | nonzeros =      61 /     128             ( 47.66%) | total_pruned =      67 | shape = torch.Size([128])
1.7.1.7.1.7.1.7.1.5.bias | nonzeros =       0 /     128             (  0.00%) | total_pruned =     128 | shape = torch.Size([128])
1.7.1.7.1.7.1.7.1.7.1.1.1.weight | nonzeros =    9596 /  409600             (  2.34%) | total_pruned =  400004 | shape = torch.Size([128, 128, 5, 5])
1.7.1.7.1.7.1.7.1.7.1.1.1.bias | nonzeros =       0 /     128             (  0.00%) | total_pruned =     128 | shape = torch.Size([128])
1.7.1.7.1.7.1.7.1.7.1.2.weight | nonzeros =      81 /     128             ( 63.28%) | total_pruned =      47 | shape = torch.Size([128])
1.7.1.7.1.7.1.7.1.7.1.2.bias | nonzeros =       0 /     128             (  0.00%) | total_pruned =     128 | shape = torch.Size([128])
1.7.1.7.1.7.1.7.1.7.1.4.1.weight | nonzeros =   12751 /  409600             (  3.11%) | total_pruned =  396849 | shape = torch.Size([128, 128, 5, 5])
1.7.1.7.1.7.1.7.1.7.1.4.1.bias | nonzeros =       0 /     128             (  0.00%) | total_pruned =     128 | shape = torch.Size([128])
1.7.1.7.1.7.1.7.1.7.1.5.weight | nonzeros =      68 /     128             ( 53.12%) | total_pruned =      60 | shape = torch.Size([128])
1.7.1.7.1.7.1.7.1.7.1.5.bias | nonzeros =       0 /     128             (  0.00%) | total_pruned =     128 | shape = torch.Size([128])
1.7.1.7.1.7.1.7.1.7.2.weight | nonzeros =      68 /     128             ( 53.12%) | total_pruned =      60 | shape = torch.Size([128])
1.7.1.7.1.7.1.7.1.7.2.bias | nonzeros =       0 /     128             (  0.00%) | total_pruned =     128 | shape = torch.Size([128])
1.7.1.7.1.7.1.7.1.7.3.1.weight | nonzeros =   13235 /  147456             (  8.98%) | total_pruned =  134221 | shape = torch.Size([128, 128, 3, 3])
1.7.1.7.1.7.1.7.1.7.3.1.bias | nonzeros =       0 /     128             (  0.00%) | total_pruned =     128 | shape = torch.Size([128])
1.7.1.7.1.7.1.7.1.7.4.weight | nonzeros =      74 /     128             ( 57.81%) | total_pruned =      54 | shape = torch.Size([128])
1.7.1.7.1.7.1.7.1.7.4.bias | nonzeros =       0 /     128             (  0.00%) | total_pruned =     128 | shape = torch.Size([128])
1.7.1.7.1.7.1.7.2.weight | nonzeros =      74 /     128             ( 57.81%) | total_pruned =      54 | shape = torch.Size([128])
1.7.1.7.1.7.1.7.2.bias | nonzeros =       0 /     128             (  0.00%) | total_pruned =     128 | shape = torch.Size([128])
1.7.1.7.1.7.1.7.3.1.weight | nonzeros =   17129 /  147456             ( 11.62%) | total_pruned =  130327 | shape = torch.Size([128, 128, 3, 3])
1.7.1.7.1.7.1.7.3.1.bias | nonzeros =       0 /     128             (  0.00%) | total_pruned =     128 | shape = torch.Size([128])
1.7.1.7.1.7.1.7.4.weight | nonzeros =      72 /     128             ( 56.25%) | total_pruned =      56 | shape = torch.Size([128])
1.7.1.7.1.7.1.7.4.bias | nonzeros =       0 /     128             (  0.00%) | total_pruned =     128 | shape = torch.Size([128])
1.7.1.7.1.7.2.weight | nonzeros =      72 /     128             ( 56.25%) | total_pruned =      56 | shape = torch.Size([128])
1.7.1.7.1.7.2.bias   | nonzeros =       0 /     128             (  0.00%) | total_pruned =     128 | shape = torch.Size([128])
1.7.1.7.1.7.3.1.weight | nonzeros =   17075 /  147456             ( 11.58%) | total_pruned =  130381 | shape = torch.Size([128, 128, 3, 3])
1.7.1.7.1.7.3.1.bias | nonzeros =       0 /     128             (  0.00%) | total_pruned =     128 | shape = torch.Size([128])
1.7.1.7.1.7.4.weight | nonzeros =      70 /     128             ( 54.69%) | total_pruned =      58 | shape = torch.Size([128])
1.7.1.7.1.7.4.bias   | nonzeros =       0 /     128             (  0.00%) | total_pruned =     128 | shape = torch.Size([128])
1.7.1.7.2.weight     | nonzeros =      70 /     128             ( 54.69%) | total_pruned =      58 | shape = torch.Size([128])
1.7.1.7.2.bias       | nonzeros =       0 /     128             (  0.00%) | total_pruned =     128 | shape = torch.Size([128])
1.7.1.7.3.1.weight   | nonzeros =    8215 /   73728             ( 11.14%) | total_pruned =   65513 | shape = torch.Size([64, 128, 3, 3])
1.7.1.7.3.1.bias     | nonzeros =       0 /      64             (  0.00%) | total_pruned =      64 | shape = torch.Size([64])
1.7.1.7.4.weight     | nonzeros =      32 /      64             ( 50.00%) | total_pruned =      32 | shape = torch.Size([64])
1.7.1.7.4.bias       | nonzeros =       0 /      64             (  0.00%) | total_pruned =      64 | shape = torch.Size([64])
1.7.2.weight         | nonzeros =      32 /      64             ( 50.00%) | total_pruned =      32 | shape = torch.Size([64])
1.7.2.bias           | nonzeros =       0 /      64             (  0.00%) | total_pruned =      64 | shape = torch.Size([64])
1.7.3.1.weight       | nonzeros =    2103 /   18432             ( 11.41%) | total_pruned =   16329 | shape = torch.Size([32, 64, 3, 3])
1.7.3.1.bias         | nonzeros =       0 /      32             (  0.00%) | total_pruned =      32 | shape = torch.Size([32])
1.7.4.weight         | nonzeros =      16 /      32             ( 50.00%) | total_pruned =      16 | shape = torch.Size([32])
1.7.4.bias           | nonzeros =       0 /      32             (  0.00%) | total_pruned =      32 | shape = torch.Size([32])
2.weight             | nonzeros =      16 /      32             ( 50.00%) | total_pruned =      16 | shape = torch.Size([32])
2.bias               | nonzeros =       0 /      32             (  0.00%) | total_pruned =      32 | shape = torch.Size([32])
3.1.weight           | nonzeros =     927 /    4608             ( 20.12%) | total_pruned =    3681 | shape = torch.Size([16, 32, 3, 3])
3.1.bias             | nonzeros =       0 /      16             (  0.00%) | total_pruned =      16 | shape = torch.Size([16])
4.weight             | nonzeros =      15 /      16             ( 93.75%) | total_pruned =       1 | shape = torch.Size([16])
4.bias               | nonzeros =       0 /      16             (  0.00%) | total_pruned =      16 | shape = torch.Size([16])
6.1.weight           | nonzeros =      26 /      48             ( 54.17%) | total_pruned =      22 | shape = torch.Size([3, 16, 1, 1])
6.1.bias             | nonzeros =       3 /       3             (100.00%) | total_pruned =       0 | shape = torch.Size([3])
alive: 90266, pruned : 2918601, total: 3008867, Compression rate :      33.33x  ( 97.00% pruned)
(3, 256, 256) (3, 256, 256) (3, 256, 256)
PSNR of output image is:  23.06073662682829
Experiment done
