(3, 512, 512)
Noisy PSNR is '20.207450240529106'
(3, 512, 512) (3, 512, 512) torch.Size([1, 32, 512, 512])
Starting optimization with optimizer 'SAM'
Output directory: data/denoising/Set14/mask/5/sparsity/det/0.03/1e-09
epoch:  0 quantization_loss:  0.07358399033546448
p mean is: tensor(-0.0006, device='cuda:6')
epoch:  1000 quantization_loss:  0.06147609278559685
p mean is: tensor(-0.0348, device='cuda:6')
epoch:  2000 quantization_loss:  0.05823603272438049
p mean is: tensor(-0.0603, device='cuda:6')
epoch:  3000 quantization_loss:  0.05876687169075012
p mean is: tensor(-0.0844, device='cuda:6')
epoch:  4000 quantization_loss:  0.05916173756122589
p mean is: tensor(-0.1083, device='cuda:6')
epoch:  5000 quantization_loss:  0.0584041066467762
p mean is: tensor(-0.1330, device='cuda:6')
epoch:  6000 quantization_loss:  0.05772113800048828
p mean is: tensor(-0.1591, device='cuda:6')
epoch:  7000 quantization_loss:  0.05723784118890762
p mean is: tensor(-0.1868, device='cuda:6')
epoch:  8000 quantization_loss:  0.05578452721238136
p mean is: tensor(-0.2160, device='cuda:6')
epoch:  9000 quantization_loss:  0.05172380059957504
p mean is: tensor(-0.2497, device='cuda:6')
epoch:  10000 quantization_loss:  0.04773174598813057
p mean is: tensor(-0.2909, device='cuda:6')
epoch:  11000 quantization_loss:  0.03927714377641678
p mean is: tensor(-0.3402, device='cuda:6')
epoch:  12000 quantization_loss:  0.03690467029809952
p mean is: tensor(-0.4012, device='cuda:6')
epoch:  13000 quantization_loss:  0.034497544169425964
p mean is: tensor(-0.4789, device='cuda:6')
epoch:  14000 quantization_loss:  0.03316904976963997
p mean is: tensor(-0.5762, device='cuda:6')
epoch:  15000 quantization_loss:  0.03207516670227051
p mean is: tensor(-0.6945, device='cuda:6')
epoch:  16000 quantization_loss:  0.03119104728102684
p mean is: tensor(-0.8318, device='cuda:6')
epoch:  17000 quantization_loss:  0.029782403260469437
p mean is: tensor(-0.9835, device='cuda:6')
epoch:  18000 quantization_loss:  0.029141288250684738
p mean is: tensor(-1.1415, device='cuda:6')
epoch:  19000 quantization_loss:  0.028647076338529587
p mean is: tensor(-1.2976, device='cuda:6')
epoch:  20000 quantization_loss:  0.028225697576999664
p mean is: tensor(-1.4453, device='cuda:6')
epoch:  21000 quantization_loss:  0.02789876237511635
p mean is: tensor(-1.5814, device='cuda:6')
epoch:  22000 quantization_loss:  0.027588263154029846
p mean is: tensor(-1.7048, device='cuda:6')
epoch:  23000 quantization_loss:  0.027356941252946854
p mean is: tensor(-1.8159, device='cuda:6')
epoch:  24000 quantization_loss:  0.02660408802330494
p mean is: tensor(-1.9157, device='cuda:6')
epoch:  25000 quantization_loss:  0.026365045458078384
p mean is: tensor(-2.0048, device='cuda:6')
epoch:  26000 quantization_loss:  0.026266884058713913
p mean is: tensor(-2.0850, device='cuda:6')
epoch:  27000 quantization_loss:  0.025986718013882637
p mean is: tensor(-2.1576, device='cuda:6')
epoch:  28000 quantization_loss:  0.025845982134342194
p mean is: tensor(-2.2239, device='cuda:6')
epoch:  29000 quantization_loss:  0.025772210210561752
p mean is: tensor(-2.2846, device='cuda:6')
epoch:  30000 quantization_loss:  0.025747068226337433
p mean is: tensor(-2.3406, device='cuda:6')
epoch:  31000 quantization_loss:  0.02560267597436905
p mean is: tensor(-2.3925, device='cuda:6')
epoch:  32000 quantization_loss:  0.02552969753742218
p mean is: tensor(-2.4405, device='cuda:6')
epoch:  33000 quantization_loss:  0.025518862530589104
p mean is: tensor(-2.4854, device='cuda:6')
epoch:  34000 quantization_loss:  0.025402577593922615
p mean is: tensor(-2.5269, device='cuda:6')
epoch:  35000 quantization_loss:  0.025320203974843025
p mean is: tensor(-2.5659, device='cuda:6')
epoch:  36000 quantization_loss:  0.02529928833246231
p mean is: tensor(-2.6024, device='cuda:6')
epoch:  37000 quantization_loss:  0.025256764143705368
p mean is: tensor(-2.6368, device='cuda:6')
epoch:  38000 quantization_loss:  0.025217188522219658
p mean is: tensor(-2.6691, device='cuda:6')
epoch:  39000 quantization_loss:  0.025202371180057526
p mean is: tensor(-2.6997, device='cuda:6')
epoch:  40000 quantization_loss:  0.02515324391424656
p mean is: tensor(-2.7285, device='cuda:6')
epoch:  41000 quantization_loss:  0.025112999603152275
p mean is: tensor(-2.7557, device='cuda:6')
epoch:  42000 quantization_loss:  0.02510545589029789
p mean is: tensor(-2.7816, device='cuda:6')
epoch:  43000 quantization_loss:  0.025077812373638153
p mean is: tensor(-2.8060, device='cuda:6')
epoch:  44000 quantization_loss:  0.025053545832633972
p mean is: tensor(-2.8293, device='cuda:6')
epoch:  45000 quantization_loss:  0.02502470090985298
p mean is: tensor(-2.8515, device='cuda:6')
epoch:  46000 quantization_loss:  0.025008702650666237
p mean is: tensor(-2.8726, device='cuda:6')
epoch:  47000 quantization_loss:  0.024994226172566414
p mean is: tensor(-2.8927, device='cuda:6')
epoch:  48000 quantization_loss:  0.024956131353974342
p mean is: tensor(-2.9118, device='cuda:6')
epoch:  49000 quantization_loss:  0.0249265655875206
p mean is: tensor(-2.9302, device='cuda:6')
epoch:  50000 quantization_loss:  0.024934599176049232
p mean is: tensor(-2.9477, device='cuda:6')
epoch:  51000 quantization_loss:  0.024915305897593498
p mean is: tensor(-2.9645, device='cuda:6')
epoch:  52000 quantization_loss:  0.024889126420021057
p mean is: tensor(-2.9806, device='cuda:6')
epoch:  53000 quantization_loss:  0.024872981011867523
p mean is: tensor(-2.9961, device='cuda:6')
epoch:  54000 quantization_loss:  0.024863731116056442
p mean is: tensor(-3.0109, device='cuda:6')
epoch:  55000 quantization_loss:  0.024897048249840736
p mean is: tensor(-3.0251, device='cuda:6')
epoch:  56000 quantization_loss:  0.024845290929079056
p mean is: tensor(-3.0387, device='cuda:6')
epoch:  57000 quantization_loss:  0.024836713448166847
p mean is: tensor(-3.0519, device='cuda:6')
epoch:  58000 quantization_loss:  0.02481985278427601
p mean is: tensor(-3.0646, device='cuda:6')
epoch:  59000 quantization_loss:  0.02482205629348755
p mean is: tensor(-3.0768, device='cuda:6')
epoch:  60000 quantization_loss:  0.02481704391539097
p mean is: tensor(-3.0885, device='cuda:6')
epoch:  61000 quantization_loss:  0.024809733033180237
p mean is: tensor(-3.0998, device='cuda:6')
epoch:  62000 quantization_loss:  0.02481527253985405
p mean is: tensor(-3.1107, device='cuda:6')
epoch:  63000 quantization_loss:  0.024809669703245163
p mean is: tensor(-3.1213, device='cuda:6')
epoch:  64000 quantization_loss:  0.024793047457933426
p mean is: tensor(-3.1315, device='cuda:6')
epoch:  65000 quantization_loss:  0.02479088120162487
p mean is: tensor(-3.1413, device='cuda:6')
epoch:  66000 quantization_loss:  0.02477974444627762
p mean is: tensor(-3.1508, device='cuda:6')
epoch:  67000 quantization_loss:  0.024777637794613838
p mean is: tensor(-3.1599, device='cuda:6')
epoch:  68000 quantization_loss:  0.024782050400972366
p mean is: tensor(-3.1688, device='cuda:6')
epoch:  69000 quantization_loss:  0.024773407727479935
p mean is: tensor(-3.1774, device='cuda:6')
epoch:  70000 quantization_loss:  0.02476956881582737
p mean is: tensor(-3.1858, device='cuda:6')
epoch:  71000 quantization_loss:  0.024764470756053925
p mean is: tensor(-3.1939, device='cuda:6')
epoch:  72000 quantization_loss:  0.02476518787443638
p mean is: tensor(-3.2017, device='cuda:6')
epoch:  73000 quantization_loss:  0.02475440688431263
p mean is: tensor(-3.2092, device='cuda:6')
epoch:  74000 quantization_loss:  0.024755053222179413
p mean is: tensor(-3.2166, device='cuda:6')
epoch:  75000 quantization_loss:  0.024747973307967186
p mean is: tensor(-3.2238, device='cuda:6')
epoch:  76000 quantization_loss:  0.024744978174567223
p mean is: tensor(-3.2307, device='cuda:6')
epoch:  77000 quantization_loss:  0.024742156267166138
p mean is: tensor(-3.2375, device='cuda:6')
epoch:  78000 quantization_loss:  0.024736681953072548
p mean is: tensor(-3.2440, device='cuda:6')
epoch:  79000 quantization_loss:  0.024733856320381165
p mean is: tensor(-3.2503, device='cuda:6')
Number of elements to keep: 90266
Threshold value: 3.0185837745666504
Number of elements equal to threshold: 1
Number of elements to randomly select: 1
Actual sparsity achieved: 0.029999996676489855
Number of elements to keep: 90266
Threshold value: 3.0185837745666504
Number of elements equal to threshold: 1
Number of elements to randomly select: 1
Actual sparsity achieved: 0.029999996676489855
1.1.1.weight         | nonzeros =     362 /   12800             (  2.83%) | total_pruned =   12438 | shape = torch.Size([16, 32, 5, 5])
1.1.1.bias           | nonzeros =       0 /      16             (  0.00%) | total_pruned =      16 | shape = torch.Size([16])
1.2.weight           | nonzeros =       5 /      16             ( 31.25%) | total_pruned =      11 | shape = torch.Size([16])
1.2.bias             | nonzeros =       0 /      16             (  0.00%) | total_pruned =      16 | shape = torch.Size([16])
1.4.1.weight         | nonzeros =      28 /    6400             (  0.44%) | total_pruned =    6372 | shape = torch.Size([16, 16, 5, 5])
1.4.1.bias           | nonzeros =       0 /      16             (  0.00%) | total_pruned =      16 | shape = torch.Size([16])
1.5.weight           | nonzeros =       5 /      16             ( 31.25%) | total_pruned =      11 | shape = torch.Size([16])
1.5.bias             | nonzeros =       0 /      16             (  0.00%) | total_pruned =      16 | shape = torch.Size([16])
1.7.1.1.1.weight     | nonzeros =       7 /   12800             (  0.05%) | total_pruned =   12793 | shape = torch.Size([32, 16, 5, 5])
1.7.1.1.1.bias       | nonzeros =       0 /      32             (  0.00%) | total_pruned =      32 | shape = torch.Size([32])
1.7.1.2.weight       | nonzeros =       7 /      32             ( 21.88%) | total_pruned =      25 | shape = torch.Size([32])
1.7.1.2.bias         | nonzeros =       0 /      32             (  0.00%) | total_pruned =      32 | shape = torch.Size([32])
1.7.1.4.1.weight     | nonzeros =       2 /   25600             (  0.01%) | total_pruned =   25598 | shape = torch.Size([32, 32, 5, 5])
1.7.1.4.1.bias       | nonzeros =       0 /      32             (  0.00%) | total_pruned =      32 | shape = torch.Size([32])
1.7.1.5.weight       | nonzeros =       9 /      32             ( 28.12%) | total_pruned =      23 | shape = torch.Size([32])
1.7.1.5.bias         | nonzeros =       0 /      32             (  0.00%) | total_pruned =      32 | shape = torch.Size([32])
1.7.1.7.1.1.1.weight | nonzeros =       0 /   51200             (  0.00%) | total_pruned =   51200 | shape = torch.Size([64, 32, 5, 5])
1.7.1.7.1.1.1.bias   | nonzeros =       0 /      64             (  0.00%) | total_pruned =      64 | shape = torch.Size([64])
1.7.1.7.1.2.weight   | nonzeros =      15 /      64             ( 23.44%) | total_pruned =      49 | shape = torch.Size([64])
1.7.1.7.1.2.bias     | nonzeros =       0 /      64             (  0.00%) | total_pruned =      64 | shape = torch.Size([64])
1.7.1.7.1.4.1.weight | nonzeros =       0 /  102400             (  0.00%) | total_pruned =  102400 | shape = torch.Size([64, 64, 5, 5])
1.7.1.7.1.4.1.bias   | nonzeros =       0 /      64             (  0.00%) | total_pruned =      64 | shape = torch.Size([64])
1.7.1.7.1.5.weight   | nonzeros =      20 /      64             ( 31.25%) | total_pruned =      44 | shape = torch.Size([64])
1.7.1.7.1.5.bias     | nonzeros =       0 /      64             (  0.00%) | total_pruned =      64 | shape = torch.Size([64])
1.7.1.7.1.7.1.1.1.weight | nonzeros =       0 /  204800             (  0.00%) | total_pruned =  204800 | shape = torch.Size([128, 64, 5, 5])
1.7.1.7.1.7.1.1.1.bias | nonzeros =       0 /     128             (  0.00%) | total_pruned =     128 | shape = torch.Size([128])
1.7.1.7.1.7.1.2.weight | nonzeros =      40 /     128             ( 31.25%) | total_pruned =      88 | shape = torch.Size([128])
1.7.1.7.1.7.1.2.bias | nonzeros =       0 /     128             (  0.00%) | total_pruned =     128 | shape = torch.Size([128])
1.7.1.7.1.7.1.4.1.weight | nonzeros =       0 /  409600             (  0.00%) | total_pruned =  409600 | shape = torch.Size([128, 128, 5, 5])
1.7.1.7.1.7.1.4.1.bias | nonzeros =       0 /     128             (  0.00%) | total_pruned =     128 | shape = torch.Size([128])
1.7.1.7.1.7.1.5.weight | nonzeros =      50 /     128             ( 39.06%) | total_pruned =      78 | shape = torch.Size([128])
1.7.1.7.1.7.1.5.bias | nonzeros =       0 /     128             (  0.00%) | total_pruned =     128 | shape = torch.Size([128])
1.7.1.7.1.7.1.7.1.1.1.weight | nonzeros =       0 /  409600             (  0.00%) | total_pruned =  409600 | shape = torch.Size([128, 128, 5, 5])
1.7.1.7.1.7.1.7.1.1.1.bias | nonzeros =       0 /     128             (  0.00%) | total_pruned =     128 | shape = torch.Size([128])
1.7.1.7.1.7.1.7.1.2.weight | nonzeros =      69 /     128             ( 53.91%) | total_pruned =      59 | shape = torch.Size([128])
1.7.1.7.1.7.1.7.1.2.bias | nonzeros =       0 /     128             (  0.00%) | total_pruned =     128 | shape = torch.Size([128])
1.7.1.7.1.7.1.7.1.4.1.weight | nonzeros =     101 /  409600             (  0.02%) | total_pruned =  409499 | shape = torch.Size([128, 128, 5, 5])
1.7.1.7.1.7.1.7.1.4.1.bias | nonzeros =       0 /     128             (  0.00%) | total_pruned =     128 | shape = torch.Size([128])
1.7.1.7.1.7.1.7.1.5.weight | nonzeros =      86 /     128             ( 67.19%) | total_pruned =      42 | shape = torch.Size([128])
1.7.1.7.1.7.1.7.1.5.bias | nonzeros =       0 /     128             (  0.00%) | total_pruned =     128 | shape = torch.Size([128])
1.7.1.7.1.7.1.7.1.7.1.1.1.weight | nonzeros =    1328 /  409600             (  0.32%) | total_pruned =  408272 | shape = torch.Size([128, 128, 5, 5])
1.7.1.7.1.7.1.7.1.7.1.1.1.bias | nonzeros =       0 /     128             (  0.00%) | total_pruned =     128 | shape = torch.Size([128])
1.7.1.7.1.7.1.7.1.7.1.2.weight | nonzeros =     100 /     128             ( 78.12%) | total_pruned =      28 | shape = torch.Size([128])
1.7.1.7.1.7.1.7.1.7.1.2.bias | nonzeros =       0 /     128             (  0.00%) | total_pruned =     128 | shape = torch.Size([128])
1.7.1.7.1.7.1.7.1.7.1.4.1.weight | nonzeros =   11080 /  409600             (  2.71%) | total_pruned =  398520 | shape = torch.Size([128, 128, 5, 5])
1.7.1.7.1.7.1.7.1.7.1.4.1.bias | nonzeros =       0 /     128             (  0.00%) | total_pruned =     128 | shape = torch.Size([128])
1.7.1.7.1.7.1.7.1.7.1.5.weight | nonzeros =      89 /     128             ( 69.53%) | total_pruned =      39 | shape = torch.Size([128])
1.7.1.7.1.7.1.7.1.7.1.5.bias | nonzeros =       0 /     128             (  0.00%) | total_pruned =     128 | shape = torch.Size([128])
1.7.1.7.1.7.1.7.1.7.2.weight | nonzeros =      89 /     128             ( 69.53%) | total_pruned =      39 | shape = torch.Size([128])
1.7.1.7.1.7.1.7.1.7.2.bias | nonzeros =       0 /     128             (  0.00%) | total_pruned =     128 | shape = torch.Size([128])
1.7.1.7.1.7.1.7.1.7.3.1.weight | nonzeros =   21107 /  147456             ( 14.31%) | total_pruned =  126349 | shape = torch.Size([128, 128, 3, 3])
1.7.1.7.1.7.1.7.1.7.3.1.bias | nonzeros =       0 /     128             (  0.00%) | total_pruned =     128 | shape = torch.Size([128])
1.7.1.7.1.7.1.7.1.7.4.weight | nonzeros =      78 /     128             ( 60.94%) | total_pruned =      50 | shape = torch.Size([128])
1.7.1.7.1.7.1.7.1.7.4.bias | nonzeros =       0 /     128             (  0.00%) | total_pruned =     128 | shape = torch.Size([128])
1.7.1.7.1.7.1.7.2.weight | nonzeros =      78 /     128             ( 60.94%) | total_pruned =      50 | shape = torch.Size([128])
1.7.1.7.1.7.1.7.2.bias | nonzeros =       0 /     128             (  0.00%) | total_pruned =     128 | shape = torch.Size([128])
1.7.1.7.1.7.1.7.3.1.weight | nonzeros =   21451 /  147456             ( 14.55%) | total_pruned =  126005 | shape = torch.Size([128, 128, 3, 3])
1.7.1.7.1.7.1.7.3.1.bias | nonzeros =       0 /     128             (  0.00%) | total_pruned =     128 | shape = torch.Size([128])
1.7.1.7.1.7.1.7.4.weight | nonzeros =      85 /     128             ( 66.41%) | total_pruned =      43 | shape = torch.Size([128])
1.7.1.7.1.7.1.7.4.bias | nonzeros =       0 /     128             (  0.00%) | total_pruned =     128 | shape = torch.Size([128])
1.7.1.7.1.7.2.weight | nonzeros =      85 /     128             ( 66.41%) | total_pruned =      43 | shape = torch.Size([128])
1.7.1.7.1.7.2.bias   | nonzeros =       0 /     128             (  0.00%) | total_pruned =     128 | shape = torch.Size([128])
1.7.1.7.1.7.3.1.weight | nonzeros =   19413 /  147456             ( 13.17%) | total_pruned =  128043 | shape = torch.Size([128, 128, 3, 3])
1.7.1.7.1.7.3.1.bias | nonzeros =       0 /     128             (  0.00%) | total_pruned =     128 | shape = torch.Size([128])
1.7.1.7.1.7.4.weight | nonzeros =      75 /     128             ( 58.59%) | total_pruned =      53 | shape = torch.Size([128])
1.7.1.7.1.7.4.bias   | nonzeros =       0 /     128             (  0.00%) | total_pruned =     128 | shape = torch.Size([128])
1.7.1.7.2.weight     | nonzeros =      75 /     128             ( 58.59%) | total_pruned =      53 | shape = torch.Size([128])
1.7.1.7.2.bias       | nonzeros =       0 /     128             (  0.00%) | total_pruned =     128 | shape = torch.Size([128])
1.7.1.7.3.1.weight   | nonzeros =    9403 /   73728             ( 12.75%) | total_pruned =   64325 | shape = torch.Size([64, 128, 3, 3])
1.7.1.7.3.1.bias     | nonzeros =       0 /      64             (  0.00%) | total_pruned =      64 | shape = torch.Size([64])
1.7.1.7.4.weight     | nonzeros =      39 /      64             ( 60.94%) | total_pruned =      25 | shape = torch.Size([64])
1.7.1.7.4.bias       | nonzeros =       0 /      64             (  0.00%) | total_pruned =      64 | shape = torch.Size([64])
1.7.2.weight         | nonzeros =      39 /      64             ( 60.94%) | total_pruned =      25 | shape = torch.Size([64])
1.7.2.bias           | nonzeros =       0 /      64             (  0.00%) | total_pruned =      64 | shape = torch.Size([64])
1.7.3.1.weight       | nonzeros =    3426 /   18432             ( 18.59%) | total_pruned =   15006 | shape = torch.Size([32, 64, 3, 3])
1.7.3.1.bias         | nonzeros =       0 /      32             (  0.00%) | total_pruned =      32 | shape = torch.Size([32])
1.7.4.weight         | nonzeros =      24 /      32             ( 75.00%) | total_pruned =       8 | shape = torch.Size([32])
1.7.4.bias           | nonzeros =       0 /      32             (  0.00%) | total_pruned =      32 | shape = torch.Size([32])
2.weight             | nonzeros =      24 /      32             ( 75.00%) | total_pruned =       8 | shape = torch.Size([32])
2.bias               | nonzeros =       0 /      32             (  0.00%) | total_pruned =      32 | shape = torch.Size([32])
3.1.weight           | nonzeros =    1328 /    4608             ( 28.82%) | total_pruned =    3280 | shape = torch.Size([16, 32, 3, 3])
3.1.bias             | nonzeros =       0 /      16             (  0.00%) | total_pruned =      16 | shape = torch.Size([16])
4.weight             | nonzeros =      16 /      16             (100.00%) | total_pruned =       0 | shape = torch.Size([16])
4.bias               | nonzeros =       0 /      16             (  0.00%) | total_pruned =      16 | shape = torch.Size([16])
6.1.weight           | nonzeros =      27 /      48             ( 56.25%) | total_pruned =      21 | shape = torch.Size([3, 16, 1, 1])
6.1.bias             | nonzeros =       1 /       3             ( 33.33%) | total_pruned =       2 | shape = torch.Size([3])
alive: 90266, pruned : 2918601, total: 3008867, Compression rate :      33.33x  ( 97.00% pruned)
(3, 512, 512) (3, 512, 512) (3, 512, 512)
PSNR of output image is:  12.751806337162465
Experiment done
