(3, 512, 512)
Noisy PSNR is '20.214900036651002'
(3, 512, 512) (3, 512, 512) torch.Size([1, 32, 512, 512])
Starting optimization with optimizer 'SAM'
Output directory: data/denoising/Set14/mask/4/sparsity/det/0.04/1e-09
epoch:  0 quantization_loss:  0.06031927838921547
p mean is: tensor(-0.0005, device='cuda:0')
epoch:  1000 quantization_loss:  0.04895469546318054
p mean is: tensor(-0.0261, device='cuda:0')
epoch:  2000 quantization_loss:  0.04841528832912445
p mean is: tensor(-0.0455, device='cuda:0')
epoch:  3000 quantization_loss:  0.04710908234119415
p mean is: tensor(-0.0652, device='cuda:0')
epoch:  4000 quantization_loss:  0.0462026447057724
p mean is: tensor(-0.0860, device='cuda:0')
epoch:  5000 quantization_loss:  0.04601159691810608
p mean is: tensor(-0.1087, device='cuda:0')
epoch:  6000 quantization_loss:  0.04527883604168892
p mean is: tensor(-0.1335, device='cuda:0')
epoch:  7000 quantization_loss:  0.045202553272247314
p mean is: tensor(-0.1600, device='cuda:0')
epoch:  8000 quantization_loss:  0.040681060403585434
p mean is: tensor(-0.1887, device='cuda:0')
epoch:  9000 quantization_loss:  0.03866366669535637
p mean is: tensor(-0.2245, device='cuda:0')
epoch:  10000 quantization_loss:  0.03143627569079399
p mean is: tensor(-0.2685, device='cuda:0')
epoch:  11000 quantization_loss:  0.028100987896323204
p mean is: tensor(-0.3227, device='cuda:0')
epoch:  12000 quantization_loss:  0.026172848418354988
p mean is: tensor(-0.3913, device='cuda:0')
epoch:  13000 quantization_loss:  0.025100169703364372
p mean is: tensor(-0.4777, device='cuda:0')
epoch:  14000 quantization_loss:  0.023805489763617516
p mean is: tensor(-0.5834, device='cuda:0')
epoch:  15000 quantization_loss:  0.02336130104959011
p mean is: tensor(-0.7077, device='cuda:0')
epoch:  16000 quantization_loss:  0.02265256457030773
p mean is: tensor(-0.8468, device='cuda:0')
epoch:  17000 quantization_loss:  0.022005805745720863
p mean is: tensor(-0.9951, device='cuda:0')
epoch:  18000 quantization_loss:  0.02161618135869503
p mean is: tensor(-1.1453, device='cuda:0')
epoch:  19000 quantization_loss:  0.02124110795557499
p mean is: tensor(-1.2907, device='cuda:0')
epoch:  20000 quantization_loss:  0.02089855819940567
p mean is: tensor(-1.4267, device='cuda:0')
epoch:  21000 quantization_loss:  0.020739715546369553
p mean is: tensor(-1.5513, device='cuda:0')
epoch:  22000 quantization_loss:  0.02054261602461338
p mean is: tensor(-1.6637, device='cuda:0')
epoch:  23000 quantization_loss:  0.020318035036325455
p mean is: tensor(-1.7647, device='cuda:0')
epoch:  24000 quantization_loss:  0.020185507833957672
p mean is: tensor(-1.8557, device='cuda:0')
epoch:  25000 quantization_loss:  0.02011304721236229
p mean is: tensor(-1.9376, device='cuda:0')
epoch:  26000 quantization_loss:  0.019998840987682343
p mean is: tensor(-2.0115, device='cuda:0')
epoch:  27000 quantization_loss:  0.019938703626394272
p mean is: tensor(-2.0788, device='cuda:0')
epoch:  28000 quantization_loss:  0.019696880131959915
p mean is: tensor(-2.1402, device='cuda:0')
epoch:  29000 quantization_loss:  0.019576476886868477
p mean is: tensor(-2.1958, device='cuda:0')
epoch:  30000 quantization_loss:  0.019504675641655922
p mean is: tensor(-2.2467, device='cuda:0')
epoch:  31000 quantization_loss:  0.019451037049293518
p mean is: tensor(-2.2938, device='cuda:0')
epoch:  32000 quantization_loss:  0.019659530371427536
p mean is: tensor(-2.3373, device='cuda:0')
epoch:  33000 quantization_loss:  0.019315576180815697
p mean is: tensor(-2.3777, device='cuda:0')
epoch:  34000 quantization_loss:  0.01925923116505146
p mean is: tensor(-2.4154, device='cuda:0')
epoch:  35000 quantization_loss:  0.01923278719186783
p mean is: tensor(-2.4507, device='cuda:0')
epoch:  36000 quantization_loss:  0.019188029691576958
p mean is: tensor(-2.4836, device='cuda:0')
epoch:  37000 quantization_loss:  0.019187692552804947
p mean is: tensor(-2.5146, device='cuda:0')
epoch:  38000 quantization_loss:  0.019108757376670837
p mean is: tensor(-2.5438, device='cuda:0')
epoch:  39000 quantization_loss:  0.019076062366366386
p mean is: tensor(-2.5711, device='cuda:0')
epoch:  40000 quantization_loss:  0.019041644409298897
p mean is: tensor(-2.5970, device='cuda:0')
epoch:  41000 quantization_loss:  0.019022110849618912
p mean is: tensor(-2.6213, device='cuda:0')
epoch:  42000 quantization_loss:  0.019004741683602333
p mean is: tensor(-2.6445, device='cuda:0')
epoch:  43000 quantization_loss:  0.01897074282169342
p mean is: tensor(-2.6663, device='cuda:0')
epoch:  44000 quantization_loss:  0.01895839162170887
p mean is: tensor(-2.6870, device='cuda:0')
epoch:  45000 quantization_loss:  0.018940109759569168
p mean is: tensor(-2.7067, device='cuda:0')
epoch:  46000 quantization_loss:  0.018922211602330208
p mean is: tensor(-2.7253, device='cuda:0')
epoch:  47000 quantization_loss:  0.018896738067269325
p mean is: tensor(-2.7431, device='cuda:0')
epoch:  48000 quantization_loss:  0.018880527466535568
p mean is: tensor(-2.7601, device='cuda:0')
epoch:  49000 quantization_loss:  0.018869444727897644
p mean is: tensor(-2.7763, device='cuda:0')
epoch:  50000 quantization_loss:  0.01884486898779869
p mean is: tensor(-2.7917, device='cuda:0')
epoch:  51000 quantization_loss:  0.018853317946195602
p mean is: tensor(-2.8064, device='cuda:0')
epoch:  52000 quantization_loss:  0.018832700327038765
p mean is: tensor(-2.8205, device='cuda:0')
epoch:  53000 quantization_loss:  0.01880464144051075
p mean is: tensor(-2.8339, device='cuda:0')
epoch:  54000 quantization_loss:  0.01879621297121048
p mean is: tensor(-2.8468, device='cuda:0')
epoch:  55000 quantization_loss:  0.018790535628795624
p mean is: tensor(-2.8591, device='cuda:0')
epoch:  56000 quantization_loss:  0.018781442195177078
p mean is: tensor(-2.8709, device='cuda:0')
epoch:  57000 quantization_loss:  0.018864396959543228
p mean is: tensor(-2.8822, device='cuda:0')
epoch:  58000 quantization_loss:  0.018767954781651497
p mean is: tensor(-2.8931, device='cuda:0')
epoch:  59000 quantization_loss:  0.018762432038784027
p mean is: tensor(-2.9035, device='cuda:0')
epoch:  60000 quantization_loss:  0.01875157281756401
p mean is: tensor(-2.9135, device='cuda:0')
epoch:  61000 quantization_loss:  0.018743446096777916
p mean is: tensor(-2.9231, device='cuda:0')
epoch:  62000 quantization_loss:  0.018737342208623886
p mean is: tensor(-2.9323, device='cuda:0')
epoch:  63000 quantization_loss:  0.018737677484750748
p mean is: tensor(-2.9412, device='cuda:0')
epoch:  64000 quantization_loss:  0.018728628754615784
p mean is: tensor(-2.9497, device='cuda:0')
epoch:  65000 quantization_loss:  0.01872718706727028
p mean is: tensor(-2.9579, device='cuda:0')
epoch:  66000 quantization_loss:  0.01873055472970009
p mean is: tensor(-2.9658, device='cuda:0')
epoch:  67000 quantization_loss:  0.01872173137962818
p mean is: tensor(-2.9735, device='cuda:0')
epoch:  68000 quantization_loss:  0.018713975325226784
p mean is: tensor(-2.9808, device='cuda:0')
epoch:  69000 quantization_loss:  0.018708495423197746
p mean is: tensor(-2.9880, device='cuda:0')
epoch:  70000 quantization_loss:  0.018702374771237373
p mean is: tensor(-2.9949, device='cuda:0')
epoch:  71000 quantization_loss:  0.018696600571274757
p mean is: tensor(-3.0016, device='cuda:0')
epoch:  72000 quantization_loss:  0.018696853891015053
p mean is: tensor(-3.0080, device='cuda:0')
epoch:  73000 quantization_loss:  0.01869642734527588
p mean is: tensor(-3.0142, device='cuda:0')
epoch:  74000 quantization_loss:  0.018695926293730736
p mean is: tensor(-3.0202, device='cuda:0')
epoch:  75000 quantization_loss:  0.018691053614020348
p mean is: tensor(-3.0261, device='cuda:0')
epoch:  76000 quantization_loss:  0.018690310418605804
p mean is: tensor(-3.0317, device='cuda:0')
epoch:  77000 quantization_loss:  0.01868571899831295
p mean is: tensor(-3.0372, device='cuda:0')
epoch:  78000 quantization_loss:  0.018676171079277992
p mean is: tensor(-3.0425, device='cuda:0')
epoch:  79000 quantization_loss:  0.018682483583688736
p mean is: tensor(-3.0476, device='cuda:0')
Number of elements to keep: 120354
Threshold value: -2.0395941734313965
Number of elements equal to threshold: 1
Number of elements to randomly select: 1
Actual sparsity achieved: 0.03999977400131013
Number of elements to keep: 120354
Threshold value: -2.0395941734313965
Number of elements equal to threshold: 1
Number of elements to randomly select: 1
Actual sparsity achieved: 0.03999977400131013
1.1.1.weight         | nonzeros =     665 /   12800             (  5.20%) | total_pruned =   12135 | shape = torch.Size([16, 32, 5, 5])
1.1.1.bias           | nonzeros =       0 /      16             (  0.00%) | total_pruned =      16 | shape = torch.Size([16])
1.2.weight           | nonzeros =       6 /      16             ( 37.50%) | total_pruned =      10 | shape = torch.Size([16])
1.2.bias             | nonzeros =       0 /      16             (  0.00%) | total_pruned =      16 | shape = torch.Size([16])
1.4.1.weight         | nonzeros =     113 /    6400             (  1.77%) | total_pruned =    6287 | shape = torch.Size([16, 16, 5, 5])
1.4.1.bias           | nonzeros =       0 /      16             (  0.00%) | total_pruned =      16 | shape = torch.Size([16])
1.5.weight           | nonzeros =       8 /      16             ( 50.00%) | total_pruned =       8 | shape = torch.Size([16])
1.5.bias             | nonzeros =       0 /      16             (  0.00%) | total_pruned =      16 | shape = torch.Size([16])
1.7.1.1.1.weight     | nonzeros =     203 /   12800             (  1.59%) | total_pruned =   12597 | shape = torch.Size([32, 16, 5, 5])
1.7.1.1.1.bias       | nonzeros =       0 /      32             (  0.00%) | total_pruned =      32 | shape = torch.Size([32])
1.7.1.2.weight       | nonzeros =      13 /      32             ( 40.62%) | total_pruned =      19 | shape = torch.Size([32])
1.7.1.2.bias         | nonzeros =       0 /      32             (  0.00%) | total_pruned =      32 | shape = torch.Size([32])
1.7.1.4.1.weight     | nonzeros =     281 /   25600             (  1.10%) | total_pruned =   25319 | shape = torch.Size([32, 32, 5, 5])
1.7.1.4.1.bias       | nonzeros =       0 /      32             (  0.00%) | total_pruned =      32 | shape = torch.Size([32])
1.7.1.5.weight       | nonzeros =      10 /      32             ( 31.25%) | total_pruned =      22 | shape = torch.Size([32])
1.7.1.5.bias         | nonzeros =       0 /      32             (  0.00%) | total_pruned =      32 | shape = torch.Size([32])
1.7.1.7.1.1.1.weight | nonzeros =     435 /   51200             (  0.85%) | total_pruned =   50765 | shape = torch.Size([64, 32, 5, 5])
1.7.1.7.1.1.1.bias   | nonzeros =       0 /      64             (  0.00%) | total_pruned =      64 | shape = torch.Size([64])
1.7.1.7.1.2.weight   | nonzeros =      18 /      64             ( 28.12%) | total_pruned =      46 | shape = torch.Size([64])
1.7.1.7.1.2.bias     | nonzeros =       0 /      64             (  0.00%) | total_pruned =      64 | shape = torch.Size([64])
1.7.1.7.1.4.1.weight | nonzeros =     728 /  102400             (  0.71%) | total_pruned =  101672 | shape = torch.Size([64, 64, 5, 5])
1.7.1.7.1.4.1.bias   | nonzeros =       0 /      64             (  0.00%) | total_pruned =      64 | shape = torch.Size([64])
1.7.1.7.1.5.weight   | nonzeros =      20 /      64             ( 31.25%) | total_pruned =      44 | shape = torch.Size([64])
1.7.1.7.1.5.bias     | nonzeros =       0 /      64             (  0.00%) | total_pruned =      64 | shape = torch.Size([64])
1.7.1.7.1.7.1.1.1.weight | nonzeros =    1264 /  204800             (  0.62%) | total_pruned =  203536 | shape = torch.Size([128, 64, 5, 5])
1.7.1.7.1.7.1.1.1.bias | nonzeros =       0 /     128             (  0.00%) | total_pruned =     128 | shape = torch.Size([128])
1.7.1.7.1.7.1.2.weight | nonzeros =      52 /     128             ( 40.62%) | total_pruned =      76 | shape = torch.Size([128])
1.7.1.7.1.7.1.2.bias | nonzeros =       0 /     128             (  0.00%) | total_pruned =     128 | shape = torch.Size([128])
1.7.1.7.1.7.1.4.1.weight | nonzeros =    2062 /  409600             (  0.50%) | total_pruned =  407538 | shape = torch.Size([128, 128, 5, 5])
1.7.1.7.1.7.1.4.1.bias | nonzeros =       0 /     128             (  0.00%) | total_pruned =     128 | shape = torch.Size([128])
1.7.1.7.1.7.1.5.weight | nonzeros =      68 /     128             ( 53.12%) | total_pruned =      60 | shape = torch.Size([128])
1.7.1.7.1.7.1.5.bias | nonzeros =       0 /     128             (  0.00%) | total_pruned =     128 | shape = torch.Size([128])
1.7.1.7.1.7.1.7.1.1.1.weight | nonzeros =    2872 /  409600             (  0.70%) | total_pruned =  406728 | shape = torch.Size([128, 128, 5, 5])
1.7.1.7.1.7.1.7.1.1.1.bias | nonzeros =       0 /     128             (  0.00%) | total_pruned =     128 | shape = torch.Size([128])
1.7.1.7.1.7.1.7.1.2.weight | nonzeros =      66 /     128             ( 51.56%) | total_pruned =      62 | shape = torch.Size([128])
1.7.1.7.1.7.1.7.1.2.bias | nonzeros =       0 /     128             (  0.00%) | total_pruned =     128 | shape = torch.Size([128])
1.7.1.7.1.7.1.7.1.4.1.weight | nonzeros =    5452 /  409600             (  1.33%) | total_pruned =  404148 | shape = torch.Size([128, 128, 5, 5])
1.7.1.7.1.7.1.7.1.4.1.bias | nonzeros =       0 /     128             (  0.00%) | total_pruned =     128 | shape = torch.Size([128])
1.7.1.7.1.7.1.7.1.5.weight | nonzeros =      87 /     128             ( 67.97%) | total_pruned =      41 | shape = torch.Size([128])
1.7.1.7.1.7.1.7.1.5.bias | nonzeros =       0 /     128             (  0.00%) | total_pruned =     128 | shape = torch.Size([128])
1.7.1.7.1.7.1.7.1.7.1.1.1.weight | nonzeros =   11760 /  409600             (  2.87%) | total_pruned =  397840 | shape = torch.Size([128, 128, 5, 5])
1.7.1.7.1.7.1.7.1.7.1.1.1.bias | nonzeros =       0 /     128             (  0.00%) | total_pruned =     128 | shape = torch.Size([128])
1.7.1.7.1.7.1.7.1.7.1.2.weight | nonzeros =     102 /     128             ( 79.69%) | total_pruned =      26 | shape = torch.Size([128])
1.7.1.7.1.7.1.7.1.7.1.2.bias | nonzeros =       0 /     128             (  0.00%) | total_pruned =     128 | shape = torch.Size([128])
1.7.1.7.1.7.1.7.1.7.1.4.1.weight | nonzeros =   18324 /  409600             (  4.47%) | total_pruned =  391276 | shape = torch.Size([128, 128, 5, 5])
1.7.1.7.1.7.1.7.1.7.1.4.1.bias | nonzeros =       0 /     128             (  0.00%) | total_pruned =     128 | shape = torch.Size([128])
1.7.1.7.1.7.1.7.1.7.1.5.weight | nonzeros =      87 /     128             ( 67.97%) | total_pruned =      41 | shape = torch.Size([128])
1.7.1.7.1.7.1.7.1.7.1.5.bias | nonzeros =       0 /     128             (  0.00%) | total_pruned =     128 | shape = torch.Size([128])
1.7.1.7.1.7.1.7.1.7.2.weight | nonzeros =      87 /     128             ( 67.97%) | total_pruned =      41 | shape = torch.Size([128])
1.7.1.7.1.7.1.7.1.7.2.bias | nonzeros =       0 /     128             (  0.00%) | total_pruned =     128 | shape = torch.Size([128])
1.7.1.7.1.7.1.7.1.7.3.1.weight | nonzeros =   21585 /  147456             ( 14.64%) | total_pruned =  125871 | shape = torch.Size([128, 128, 3, 3])
1.7.1.7.1.7.1.7.1.7.3.1.bias | nonzeros =       0 /     128             (  0.00%) | total_pruned =     128 | shape = torch.Size([128])
1.7.1.7.1.7.1.7.1.7.4.weight | nonzeros =      89 /     128             ( 69.53%) | total_pruned =      39 | shape = torch.Size([128])
1.7.1.7.1.7.1.7.1.7.4.bias | nonzeros =       0 /     128             (  0.00%) | total_pruned =     128 | shape = torch.Size([128])
1.7.1.7.1.7.1.7.2.weight | nonzeros =      89 /     128             ( 69.53%) | total_pruned =      39 | shape = torch.Size([128])
1.7.1.7.1.7.1.7.2.bias | nonzeros =       0 /     128             (  0.00%) | total_pruned =     128 | shape = torch.Size([128])
1.7.1.7.1.7.1.7.3.1.weight | nonzeros =   22566 /  147456             ( 15.30%) | total_pruned =  124890 | shape = torch.Size([128, 128, 3, 3])
1.7.1.7.1.7.1.7.3.1.bias | nonzeros =       0 /     128             (  0.00%) | total_pruned =     128 | shape = torch.Size([128])
1.7.1.7.1.7.1.7.4.weight | nonzeros =      82 /     128             ( 64.06%) | total_pruned =      46 | shape = torch.Size([128])
1.7.1.7.1.7.1.7.4.bias | nonzeros =       0 /     128             (  0.00%) | total_pruned =     128 | shape = torch.Size([128])
1.7.1.7.1.7.2.weight | nonzeros =      82 /     128             ( 64.06%) | total_pruned =      46 | shape = torch.Size([128])
1.7.1.7.1.7.2.bias   | nonzeros =       0 /     128             (  0.00%) | total_pruned =     128 | shape = torch.Size([128])
1.7.1.7.1.7.3.1.weight | nonzeros =   17829 /  147456             ( 12.09%) | total_pruned =  129627 | shape = torch.Size([128, 128, 3, 3])
1.7.1.7.1.7.3.1.bias | nonzeros =       0 /     128             (  0.00%) | total_pruned =     128 | shape = torch.Size([128])
1.7.1.7.1.7.4.weight | nonzeros =      71 /     128             ( 55.47%) | total_pruned =      57 | shape = torch.Size([128])
1.7.1.7.1.7.4.bias   | nonzeros =       0 /     128             (  0.00%) | total_pruned =     128 | shape = torch.Size([128])
1.7.1.7.2.weight     | nonzeros =      71 /     128             ( 55.47%) | total_pruned =      57 | shape = torch.Size([128])
1.7.1.7.2.bias       | nonzeros =       0 /     128             (  0.00%) | total_pruned =     128 | shape = torch.Size([128])
1.7.1.7.3.1.weight   | nonzeros =    8217 /   73728             ( 11.15%) | total_pruned =   65511 | shape = torch.Size([64, 128, 3, 3])
1.7.1.7.3.1.bias     | nonzeros =       0 /      64             (  0.00%) | total_pruned =      64 | shape = torch.Size([64])
1.7.1.7.4.weight     | nonzeros =      33 /      64             ( 51.56%) | total_pruned =      31 | shape = torch.Size([64])
1.7.1.7.4.bias       | nonzeros =       0 /      64             (  0.00%) | total_pruned =      64 | shape = torch.Size([64])
1.7.2.weight         | nonzeros =      33 /      64             ( 51.56%) | total_pruned =      31 | shape = torch.Size([64])
1.7.2.bias           | nonzeros =       0 /      64             (  0.00%) | total_pruned =      64 | shape = torch.Size([64])
1.7.3.1.weight       | nonzeros =    3142 /   18432             ( 17.05%) | total_pruned =   15290 | shape = torch.Size([32, 64, 3, 3])
1.7.3.1.bias         | nonzeros =       0 /      32             (  0.00%) | total_pruned =      32 | shape = torch.Size([32])
1.7.4.weight         | nonzeros =      24 /      32             ( 75.00%) | total_pruned =       8 | shape = torch.Size([32])
1.7.4.bias           | nonzeros =       0 /      32             (  0.00%) | total_pruned =      32 | shape = torch.Size([32])
2.weight             | nonzeros =      24 /      32             ( 75.00%) | total_pruned =       8 | shape = torch.Size([32])
2.bias               | nonzeros =       0 /      32             (  0.00%) | total_pruned =      32 | shape = torch.Size([32])
3.1.weight           | nonzeros =    1584 /    4608             ( 34.38%) | total_pruned =    3024 | shape = torch.Size([16, 32, 3, 3])
3.1.bias             | nonzeros =       0 /      16             (  0.00%) | total_pruned =      16 | shape = torch.Size([16])
4.weight             | nonzeros =      16 /      16             (100.00%) | total_pruned =       0 | shape = torch.Size([16])
4.bias               | nonzeros =       0 /      16             (  0.00%) | total_pruned =      16 | shape = torch.Size([16])
6.1.weight           | nonzeros =      33 /      48             ( 68.75%) | total_pruned =      15 | shape = torch.Size([3, 16, 1, 1])
6.1.bias             | nonzeros =       1 /       3             ( 33.33%) | total_pruned =       2 | shape = torch.Size([3])
alive: 120354, pruned : 2888513, total: 3008867, Compression rate :      25.00x  ( 96.00% pruned)
(3, 512, 512) (3, 512, 512) (3, 512, 512)
PSNR of output image is:  20.176612072114825
Experiment done
