(3, 512, 512)
Noisy PSNR is '20.308492139779467'
(3, 512, 512) (3, 512, 512) torch.Size([1, 32, 512, 512])
Starting optimization with optimizer 'SAM'
Output directory: data/denoising/Set14/mask/7/sparsity/det/0.03/1e-09
epoch:  0 quantization_loss:  0.07410293817520142
p mean is: tensor(-0.0006, device='cuda:2')
epoch:  1000 quantization_loss:  0.06846820563077927
p mean is: tensor(-0.0223, device='cuda:2')
epoch:  2000 quantization_loss:  0.06745009124279022
p mean is: tensor(-0.0382, device='cuda:2')
epoch:  3000 quantization_loss:  0.06771232187747955
p mean is: tensor(-0.0538, device='cuda:2')
epoch:  4000 quantization_loss:  0.06751839071512222
p mean is: tensor(-0.0691, device='cuda:2')
epoch:  5000 quantization_loss:  0.06712887436151505
p mean is: tensor(-0.0849, device='cuda:2')
epoch:  6000 quantization_loss:  0.06605179607868195
p mean is: tensor(-0.1024, device='cuda:2')
epoch:  7000 quantization_loss:  0.0660582035779953
p mean is: tensor(-0.1211, device='cuda:2')
epoch:  8000 quantization_loss:  0.06638749688863754
p mean is: tensor(-0.1414, device='cuda:2')
epoch:  9000 quantization_loss:  0.06601475924253464
p mean is: tensor(-0.1633, device='cuda:2')
epoch:  10000 quantization_loss:  0.05655553564429283
p mean is: tensor(-0.1857, device='cuda:2')
epoch:  11000 quantization_loss:  0.05138564109802246
p mean is: tensor(-0.2103, device='cuda:2')
epoch:  12000 quantization_loss:  0.04841446876525879
p mean is: tensor(-0.2425, device='cuda:2')
epoch:  13000 quantization_loss:  0.03867831826210022
p mean is: tensor(-0.2854, device='cuda:2')
epoch:  14000 quantization_loss:  0.03632354736328125
p mean is: tensor(-0.3412, device='cuda:2')
epoch:  15000 quantization_loss:  0.035523414611816406
p mean is: tensor(-0.4137, device='cuda:2')
epoch:  16000 quantization_loss:  0.034944936633110046
p mean is: tensor(-0.5052, device='cuda:2')
epoch:  17000 quantization_loss:  0.0339658223092556
p mean is: tensor(-0.6175, device='cuda:2')
epoch:  18000 quantization_loss:  0.03172992542386055
p mean is: tensor(-0.7494, device='cuda:2')
epoch:  19000 quantization_loss:  0.030872194096446037
p mean is: tensor(-0.8957, device='cuda:2')
epoch:  20000 quantization_loss:  0.030237242579460144
p mean is: tensor(-1.0494, device='cuda:2')
epoch:  21000 quantization_loss:  0.029985269531607628
p mean is: tensor(-1.2037, device='cuda:2')
epoch:  22000 quantization_loss:  0.029452847316861153
p mean is: tensor(-1.3517, device='cuda:2')
epoch:  23000 quantization_loss:  0.02917049080133438
p mean is: tensor(-1.4892, device='cuda:2')
epoch:  24000 quantization_loss:  0.028803376480937004
p mean is: tensor(-1.6147, device='cuda:2')
epoch:  25000 quantization_loss:  0.02849527820944786
p mean is: tensor(-1.7284, device='cuda:2')
epoch:  26000 quantization_loss:  0.028211409226059914
p mean is: tensor(-1.8301, device='cuda:2')
epoch:  27000 quantization_loss:  0.028022602200508118
p mean is: tensor(-1.9213, device='cuda:2')
epoch:  28000 quantization_loss:  0.02775932103395462
p mean is: tensor(-2.0037, device='cuda:2')
epoch:  29000 quantization_loss:  0.02760038897395134
p mean is: tensor(-2.0783, device='cuda:2')
epoch:  30000 quantization_loss:  0.02659909427165985
p mean is: tensor(-2.1464, device='cuda:2')
epoch:  31000 quantization_loss:  0.02636796049773693
p mean is: tensor(-2.2092, device='cuda:2')
epoch:  32000 quantization_loss:  0.026552431285381317
p mean is: tensor(-2.2669, device='cuda:2')
epoch:  33000 quantization_loss:  0.026184450834989548
p mean is: tensor(-2.3204, device='cuda:2')
epoch:  34000 quantization_loss:  0.02598346397280693
p mean is: tensor(-2.3703, device='cuda:2')
epoch:  35000 quantization_loss:  0.025909235700964928
p mean is: tensor(-2.4167, device='cuda:2')
epoch:  36000 quantization_loss:  0.02579241804778576
p mean is: tensor(-2.4599, device='cuda:2')
epoch:  37000 quantization_loss:  0.025665393099188805
p mean is: tensor(-2.5004, device='cuda:2')
epoch:  38000 quantization_loss:  0.025559647008776665
p mean is: tensor(-2.5384, device='cuda:2')
epoch:  39000 quantization_loss:  0.025529777631163597
p mean is: tensor(-2.5743, device='cuda:2')
epoch:  40000 quantization_loss:  0.02541613206267357
p mean is: tensor(-2.6081, device='cuda:2')
epoch:  41000 quantization_loss:  0.025355353951454163
p mean is: tensor(-2.6400, device='cuda:2')
epoch:  42000 quantization_loss:  0.025277338922023773
p mean is: tensor(-2.6701, device='cuda:2')
epoch:  43000 quantization_loss:  0.0252534132450819
p mean is: tensor(-2.6987, device='cuda:2')
epoch:  44000 quantization_loss:  0.02513713948428631
p mean is: tensor(-2.7258, device='cuda:2')
epoch:  45000 quantization_loss:  0.025106417015194893
p mean is: tensor(-2.7514, device='cuda:2')
epoch:  46000 quantization_loss:  0.025048209354281425
p mean is: tensor(-2.7760, device='cuda:2')
epoch:  47000 quantization_loss:  0.024975283071398735
p mean is: tensor(-2.7994, device='cuda:2')
epoch:  48000 quantization_loss:  0.024945074692368507
p mean is: tensor(-2.8217, device='cuda:2')
epoch:  49000 quantization_loss:  0.024856582283973694
p mean is: tensor(-2.8431, device='cuda:2')
epoch:  50000 quantization_loss:  0.0248784888535738
p mean is: tensor(-2.8634, device='cuda:2')
epoch:  51000 quantization_loss:  0.024857936426997185
p mean is: tensor(-2.8829, device='cuda:2')
epoch:  52000 quantization_loss:  0.024767879396677017
p mean is: tensor(-2.9015, device='cuda:2')
epoch:  53000 quantization_loss:  0.024738093838095665
p mean is: tensor(-2.9194, device='cuda:2')
epoch:  54000 quantization_loss:  0.024568038061261177
p mean is: tensor(-2.9364, device='cuda:2')
epoch:  55000 quantization_loss:  0.024445872753858566
p mean is: tensor(-2.9526, device='cuda:2')
epoch:  56000 quantization_loss:  0.0243567805737257
p mean is: tensor(-2.9681, device='cuda:2')
epoch:  57000 quantization_loss:  0.02432800456881523
p mean is: tensor(-2.9833, device='cuda:2')
epoch:  58000 quantization_loss:  0.024357160553336143
p mean is: tensor(-2.9978, device='cuda:2')
epoch:  59000 quantization_loss:  0.02424495667219162
p mean is: tensor(-3.0118, device='cuda:2')
epoch:  60000 quantization_loss:  0.024223683401942253
p mean is: tensor(-3.0254, device='cuda:2')
epoch:  61000 quantization_loss:  0.024188203737139702
p mean is: tensor(-3.0384, device='cuda:2')
epoch:  62000 quantization_loss:  0.024210194125771523
p mean is: tensor(-3.0511, device='cuda:2')
epoch:  63000 quantization_loss:  0.02416878752410412
p mean is: tensor(-3.0633, device='cuda:2')
epoch:  64000 quantization_loss:  0.024128103628754616
p mean is: tensor(-3.0752, device='cuda:2')
epoch:  65000 quantization_loss:  0.024093134328722954
p mean is: tensor(-3.0866, device='cuda:2')
epoch:  66000 quantization_loss:  0.024169161915779114
p mean is: tensor(-3.0976, device='cuda:2')
epoch:  67000 quantization_loss:  0.024060068652033806
p mean is: tensor(-3.1084, device='cuda:2')
epoch:  68000 quantization_loss:  0.024058466777205467
p mean is: tensor(-3.1188, device='cuda:2')
epoch:  69000 quantization_loss:  0.024024398997426033
p mean is: tensor(-3.1289, device='cuda:2')
epoch:  70000 quantization_loss:  0.024026935920119286
p mean is: tensor(-3.1386, device='cuda:2')
epoch:  71000 quantization_loss:  0.024013224989175797
p mean is: tensor(-3.1481, device='cuda:2')
epoch:  72000 quantization_loss:  0.024001985788345337
p mean is: tensor(-3.1573, device='cuda:2')
epoch:  73000 quantization_loss:  0.02399764023721218
p mean is: tensor(-3.1662, device='cuda:2')
epoch:  74000 quantization_loss:  0.023979170247912407
p mean is: tensor(-3.1749, device='cuda:2')
epoch:  75000 quantization_loss:  0.023985639214515686
p mean is: tensor(-3.1832, device='cuda:2')
epoch:  76000 quantization_loss:  0.023964937776327133
p mean is: tensor(-3.1913, device='cuda:2')
epoch:  77000 quantization_loss:  0.02395540475845337
p mean is: tensor(-3.1992, device='cuda:2')
epoch:  78000 quantization_loss:  0.02394147403538227
p mean is: tensor(-3.2068, device='cuda:2')
epoch:  79000 quantization_loss:  0.023941636085510254
p mean is: tensor(-3.2143, device='cuda:2')
Number of elements to keep: 90266
Threshold value: 4.6433587074279785
Number of elements equal to threshold: 1
Number of elements to randomly select: 1
Actual sparsity achieved: 0.029999996676489855
Number of elements to keep: 90266
Threshold value: 4.6433587074279785
Number of elements equal to threshold: 1
Number of elements to randomly select: 1
Actual sparsity achieved: 0.029999996676489855
1.1.1.weight         | nonzeros =     352 /   12800             (  2.75%) | total_pruned =   12448 | shape = torch.Size([16, 32, 5, 5])
1.1.1.bias           | nonzeros =       0 /      16             (  0.00%) | total_pruned =      16 | shape = torch.Size([16])
1.2.weight           | nonzeros =       9 /      16             ( 56.25%) | total_pruned =       7 | shape = torch.Size([16])
1.2.bias             | nonzeros =       0 /      16             (  0.00%) | total_pruned =      16 | shape = torch.Size([16])
1.4.1.weight         | nonzeros =      21 /    6400             (  0.33%) | total_pruned =    6379 | shape = torch.Size([16, 16, 5, 5])
1.4.1.bias           | nonzeros =       0 /      16             (  0.00%) | total_pruned =      16 | shape = torch.Size([16])
1.5.weight           | nonzeros =       3 /      16             ( 18.75%) | total_pruned =      13 | shape = torch.Size([16])
1.5.bias             | nonzeros =       0 /      16             (  0.00%) | total_pruned =      16 | shape = torch.Size([16])
1.7.1.1.1.weight     | nonzeros =       0 /   12800             (  0.00%) | total_pruned =   12800 | shape = torch.Size([32, 16, 5, 5])
1.7.1.1.1.bias       | nonzeros =       0 /      32             (  0.00%) | total_pruned =      32 | shape = torch.Size([32])
1.7.1.2.weight       | nonzeros =      10 /      32             ( 31.25%) | total_pruned =      22 | shape = torch.Size([32])
1.7.1.2.bias         | nonzeros =       0 /      32             (  0.00%) | total_pruned =      32 | shape = torch.Size([32])
1.7.1.4.1.weight     | nonzeros =       1 /   25600             (  0.00%) | total_pruned =   25599 | shape = torch.Size([32, 32, 5, 5])
1.7.1.4.1.bias       | nonzeros =       0 /      32             (  0.00%) | total_pruned =      32 | shape = torch.Size([32])
1.7.1.5.weight       | nonzeros =      10 /      32             ( 31.25%) | total_pruned =      22 | shape = torch.Size([32])
1.7.1.5.bias         | nonzeros =       0 /      32             (  0.00%) | total_pruned =      32 | shape = torch.Size([32])
1.7.1.7.1.1.1.weight | nonzeros =       1 /   51200             (  0.00%) | total_pruned =   51199 | shape = torch.Size([64, 32, 5, 5])
1.7.1.7.1.1.1.bias   | nonzeros =       0 /      64             (  0.00%) | total_pruned =      64 | shape = torch.Size([64])
1.7.1.7.1.2.weight   | nonzeros =      15 /      64             ( 23.44%) | total_pruned =      49 | shape = torch.Size([64])
1.7.1.7.1.2.bias     | nonzeros =       0 /      64             (  0.00%) | total_pruned =      64 | shape = torch.Size([64])
1.7.1.7.1.4.1.weight | nonzeros =       0 /  102400             (  0.00%) | total_pruned =  102400 | shape = torch.Size([64, 64, 5, 5])
1.7.1.7.1.4.1.bias   | nonzeros =       0 /      64             (  0.00%) | total_pruned =      64 | shape = torch.Size([64])
1.7.1.7.1.5.weight   | nonzeros =      15 /      64             ( 23.44%) | total_pruned =      49 | shape = torch.Size([64])
1.7.1.7.1.5.bias     | nonzeros =       0 /      64             (  0.00%) | total_pruned =      64 | shape = torch.Size([64])
1.7.1.7.1.7.1.1.1.weight | nonzeros =       0 /  204800             (  0.00%) | total_pruned =  204800 | shape = torch.Size([128, 64, 5, 5])
1.7.1.7.1.7.1.1.1.bias | nonzeros =       0 /     128             (  0.00%) | total_pruned =     128 | shape = torch.Size([128])
1.7.1.7.1.7.1.2.weight | nonzeros =      33 /     128             ( 25.78%) | total_pruned =      95 | shape = torch.Size([128])
1.7.1.7.1.7.1.2.bias | nonzeros =       0 /     128             (  0.00%) | total_pruned =     128 | shape = torch.Size([128])
1.7.1.7.1.7.1.4.1.weight | nonzeros =       0 /  409600             (  0.00%) | total_pruned =  409600 | shape = torch.Size([128, 128, 5, 5])
1.7.1.7.1.7.1.4.1.bias | nonzeros =       0 /     128             (  0.00%) | total_pruned =     128 | shape = torch.Size([128])
1.7.1.7.1.7.1.5.weight | nonzeros =      45 /     128             ( 35.16%) | total_pruned =      83 | shape = torch.Size([128])
1.7.1.7.1.7.1.5.bias | nonzeros =       0 /     128             (  0.00%) | total_pruned =     128 | shape = torch.Size([128])
1.7.1.7.1.7.1.7.1.1.1.weight | nonzeros =       0 /  409600             (  0.00%) | total_pruned =  409600 | shape = torch.Size([128, 128, 5, 5])
1.7.1.7.1.7.1.7.1.1.1.bias | nonzeros =       0 /     128             (  0.00%) | total_pruned =     128 | shape = torch.Size([128])
1.7.1.7.1.7.1.7.1.2.weight | nonzeros =      71 /     128             ( 55.47%) | total_pruned =      57 | shape = torch.Size([128])
1.7.1.7.1.7.1.7.1.2.bias | nonzeros =       0 /     128             (  0.00%) | total_pruned =     128 | shape = torch.Size([128])
1.7.1.7.1.7.1.7.1.4.1.weight | nonzeros =      14 /  409600             (  0.00%) | total_pruned =  409586 | shape = torch.Size([128, 128, 5, 5])
1.7.1.7.1.7.1.7.1.4.1.bias | nonzeros =       0 /     128             (  0.00%) | total_pruned =     128 | shape = torch.Size([128])
1.7.1.7.1.7.1.7.1.5.weight | nonzeros =      90 /     128             ( 70.31%) | total_pruned =      38 | shape = torch.Size([128])
1.7.1.7.1.7.1.7.1.5.bias | nonzeros =       0 /     128             (  0.00%) | total_pruned =     128 | shape = torch.Size([128])
1.7.1.7.1.7.1.7.1.7.1.1.1.weight | nonzeros =     530 /  409600             (  0.13%) | total_pruned =  409070 | shape = torch.Size([128, 128, 5, 5])
1.7.1.7.1.7.1.7.1.7.1.1.1.bias | nonzeros =       0 /     128             (  0.00%) | total_pruned =     128 | shape = torch.Size([128])
1.7.1.7.1.7.1.7.1.7.1.2.weight | nonzeros =      96 /     128             ( 75.00%) | total_pruned =      32 | shape = torch.Size([128])
1.7.1.7.1.7.1.7.1.7.1.2.bias | nonzeros =       0 /     128             (  0.00%) | total_pruned =     128 | shape = torch.Size([128])
1.7.1.7.1.7.1.7.1.7.1.4.1.weight | nonzeros =    9067 /  409600             (  2.21%) | total_pruned =  400533 | shape = torch.Size([128, 128, 5, 5])
1.7.1.7.1.7.1.7.1.7.1.4.1.bias | nonzeros =       0 /     128             (  0.00%) | total_pruned =     128 | shape = torch.Size([128])
1.7.1.7.1.7.1.7.1.7.1.5.weight | nonzeros =      87 /     128             ( 67.97%) | total_pruned =      41 | shape = torch.Size([128])
1.7.1.7.1.7.1.7.1.7.1.5.bias | nonzeros =       0 /     128             (  0.00%) | total_pruned =     128 | shape = torch.Size([128])
1.7.1.7.1.7.1.7.1.7.2.weight | nonzeros =      87 /     128             ( 67.97%) | total_pruned =      41 | shape = torch.Size([128])
1.7.1.7.1.7.1.7.1.7.2.bias | nonzeros =       0 /     128             (  0.00%) | total_pruned =     128 | shape = torch.Size([128])
1.7.1.7.1.7.1.7.1.7.3.1.weight | nonzeros =   20692 /  147456             ( 14.03%) | total_pruned =  126764 | shape = torch.Size([128, 128, 3, 3])
1.7.1.7.1.7.1.7.1.7.3.1.bias | nonzeros =       0 /     128             (  0.00%) | total_pruned =     128 | shape = torch.Size([128])
1.7.1.7.1.7.1.7.1.7.4.weight | nonzeros =      85 /     128             ( 66.41%) | total_pruned =      43 | shape = torch.Size([128])
1.7.1.7.1.7.1.7.1.7.4.bias | nonzeros =       0 /     128             (  0.00%) | total_pruned =     128 | shape = torch.Size([128])
1.7.1.7.1.7.1.7.2.weight | nonzeros =      85 /     128             ( 66.41%) | total_pruned =      43 | shape = torch.Size([128])
1.7.1.7.1.7.1.7.2.bias | nonzeros =       0 /     128             (  0.00%) | total_pruned =     128 | shape = torch.Size([128])
1.7.1.7.1.7.1.7.3.1.weight | nonzeros =   22959 /  147456             ( 15.57%) | total_pruned =  124497 | shape = torch.Size([128, 128, 3, 3])
1.7.1.7.1.7.1.7.3.1.bias | nonzeros =       0 /     128             (  0.00%) | total_pruned =     128 | shape = torch.Size([128])
1.7.1.7.1.7.1.7.4.weight | nonzeros =      91 /     128             ( 71.09%) | total_pruned =      37 | shape = torch.Size([128])
1.7.1.7.1.7.1.7.4.bias | nonzeros =       0 /     128             (  0.00%) | total_pruned =     128 | shape = torch.Size([128])
1.7.1.7.1.7.2.weight | nonzeros =      91 /     128             ( 71.09%) | total_pruned =      37 | shape = torch.Size([128])
1.7.1.7.1.7.2.bias   | nonzeros =       0 /     128             (  0.00%) | total_pruned =     128 | shape = torch.Size([128])
1.7.1.7.1.7.3.1.weight | nonzeros =   20747 /  147456             ( 14.07%) | total_pruned =  126709 | shape = torch.Size([128, 128, 3, 3])
1.7.1.7.1.7.3.1.bias | nonzeros =       0 /     128             (  0.00%) | total_pruned =     128 | shape = torch.Size([128])
1.7.1.7.1.7.4.weight | nonzeros =      83 /     128             ( 64.84%) | total_pruned =      45 | shape = torch.Size([128])
1.7.1.7.1.7.4.bias   | nonzeros =       0 /     128             (  0.00%) | total_pruned =     128 | shape = torch.Size([128])
1.7.1.7.2.weight     | nonzeros =      83 /     128             ( 64.84%) | total_pruned =      45 | shape = torch.Size([128])
1.7.1.7.2.bias       | nonzeros =       0 /     128             (  0.00%) | total_pruned =     128 | shape = torch.Size([128])
1.7.1.7.3.1.weight   | nonzeros =   10361 /   73728             ( 14.05%) | total_pruned =   63367 | shape = torch.Size([64, 128, 3, 3])
1.7.1.7.3.1.bias     | nonzeros =       0 /      64             (  0.00%) | total_pruned =      64 | shape = torch.Size([64])
1.7.1.7.4.weight     | nonzeros =      44 /      64             ( 68.75%) | total_pruned =      20 | shape = torch.Size([64])
1.7.1.7.4.bias       | nonzeros =       0 /      64             (  0.00%) | total_pruned =      64 | shape = torch.Size([64])
1.7.2.weight         | nonzeros =      44 /      64             ( 68.75%) | total_pruned =      20 | shape = torch.Size([64])
1.7.2.bias           | nonzeros =       0 /      64             (  0.00%) | total_pruned =      64 | shape = torch.Size([64])
1.7.3.1.weight       | nonzeros =    3076 /   18432             ( 16.69%) | total_pruned =   15356 | shape = torch.Size([32, 64, 3, 3])
1.7.3.1.bias         | nonzeros =       0 /      32             (  0.00%) | total_pruned =      32 | shape = torch.Size([32])
1.7.4.weight         | nonzeros =      19 /      32             ( 59.38%) | total_pruned =      13 | shape = torch.Size([32])
1.7.4.bias           | nonzeros =       0 /      32             (  0.00%) | total_pruned =      32 | shape = torch.Size([32])
2.weight             | nonzeros =      19 /      32             ( 59.38%) | total_pruned =      13 | shape = torch.Size([32])
2.bias               | nonzeros =       0 /      32             (  0.00%) | total_pruned =      32 | shape = torch.Size([32])
3.1.weight           | nonzeros =    1178 /    4608             ( 25.56%) | total_pruned =    3430 | shape = torch.Size([16, 32, 3, 3])
3.1.bias             | nonzeros =       0 /      16             (  0.00%) | total_pruned =      16 | shape = torch.Size([16])
4.weight             | nonzeros =      16 /      16             (100.00%) | total_pruned =       0 | shape = torch.Size([16])
4.bias               | nonzeros =       0 /      16             (  0.00%) | total_pruned =      16 | shape = torch.Size([16])
6.1.weight           | nonzeros =      33 /      48             ( 68.75%) | total_pruned =      15 | shape = torch.Size([3, 16, 1, 1])
6.1.bias             | nonzeros =       3 /       3             (100.00%) | total_pruned =       0 | shape = torch.Size([3])
alive: 90266, pruned : 2918601, total: 3008867, Compression rate :      33.33x  ( 97.00% pruned)
(3, 512, 512) (3, 512, 512) (3, 512, 512)
PSNR of output image is:  11.948711603632077
Experiment done
