(3, 512, 512)
Noisy PSNR is '20.43047922270707'
(3, 512, 512) (3, 512, 512) torch.Size([1, 32, 512, 512])
Starting optimization with optimizer 'SAM'
Output directory: data/denoising/Set14/mask/2/sparsity/det/0.05/1e-09
epoch:  0 quantization_loss:  0.10314138233661652
p mean is: tensor(-0.0005, device='cuda:3')
epoch:  1000 quantization_loss:  0.0862717255949974
p mean is: tensor(-0.0198, device='cuda:3')
epoch:  2000 quantization_loss:  0.08102927356958389
p mean is: tensor(-0.0339, device='cuda:3')
epoch:  3000 quantization_loss:  0.0783255398273468
p mean is: tensor(-0.0472, device='cuda:3')
epoch:  4000 quantization_loss:  0.07810191810131073
p mean is: tensor(-0.0605, device='cuda:3')
epoch:  5000 quantization_loss:  0.07818350940942764
p mean is: tensor(-0.0741, device='cuda:3')
epoch:  6000 quantization_loss:  0.07256653904914856
p mean is: tensor(-0.0884, device='cuda:3')
epoch:  7000 quantization_loss:  0.07097119837999344
p mean is: tensor(-0.1066, device='cuda:3')
epoch:  8000 quantization_loss:  0.06696250289678574
p mean is: tensor(-0.1314, device='cuda:3')
epoch:  9000 quantization_loss:  0.058624185621738434
p mean is: tensor(-0.1641, device='cuda:3')
epoch:  10000 quantization_loss:  0.05519836023449898
p mean is: tensor(-0.2062, device='cuda:3')
epoch:  11000 quantization_loss:  0.05068834125995636
p mean is: tensor(-0.2619, device='cuda:3')
epoch:  12000 quantization_loss:  0.048448435962200165
p mean is: tensor(-0.3332, device='cuda:3')
epoch:  13000 quantization_loss:  0.047040149569511414
p mean is: tensor(-0.4226, device='cuda:3')
epoch:  14000 quantization_loss:  0.04539572075009346
p mean is: tensor(-0.5305, device='cuda:3')
epoch:  15000 quantization_loss:  0.044402409344911575
p mean is: tensor(-0.6559, device='cuda:3')
epoch:  16000 quantization_loss:  0.04163435101509094
p mean is: tensor(-0.7935, device='cuda:3')
epoch:  17000 quantization_loss:  0.04073520004749298
p mean is: tensor(-0.9363, device='cuda:3')
epoch:  18000 quantization_loss:  0.04018079489469528
p mean is: tensor(-1.0780, device='cuda:3')
epoch:  19000 quantization_loss:  0.0397389717400074
p mean is: tensor(-1.2137, device='cuda:3')
epoch:  20000 quantization_loss:  0.03944370523095131
p mean is: tensor(-1.3399, device='cuda:3')
epoch:  21000 quantization_loss:  0.03893572837114334
p mean is: tensor(-1.4549, device='cuda:3')
epoch:  22000 quantization_loss:  0.03861164674162865
p mean is: tensor(-1.5586, device='cuda:3')
epoch:  23000 quantization_loss:  0.038376979529857635
p mean is: tensor(-1.6520, device='cuda:3')
epoch:  24000 quantization_loss:  0.03816050663590431
p mean is: tensor(-1.7363, device='cuda:3')
epoch:  25000 quantization_loss:  0.038051288574934006
p mean is: tensor(-1.8124, device='cuda:3')
epoch:  26000 quantization_loss:  0.03789301961660385
p mean is: tensor(-1.8814, device='cuda:3')
epoch:  27000 quantization_loss:  0.03773590549826622
p mean is: tensor(-1.9441, device='cuda:3')
epoch:  28000 quantization_loss:  0.03758338466286659
p mean is: tensor(-2.0011, device='cuda:3')
epoch:  29000 quantization_loss:  0.037458572536706924
p mean is: tensor(-2.0535, device='cuda:3')
epoch:  30000 quantization_loss:  0.037397388368844986
p mean is: tensor(-2.1015, device='cuda:3')
epoch:  31000 quantization_loss:  0.03728248178958893
p mean is: tensor(-2.1458, device='cuda:3')
epoch:  32000 quantization_loss:  0.037212058901786804
p mean is: tensor(-2.1866, device='cuda:3')
epoch:  33000 quantization_loss:  0.03713608905673027
p mean is: tensor(-2.2243, device='cuda:3')
epoch:  34000 quantization_loss:  0.037080030888319016
p mean is: tensor(-2.2593, device='cuda:3')
epoch:  35000 quantization_loss:  0.03700574114918709
p mean is: tensor(-2.2918, device='cuda:3')
epoch:  36000 quantization_loss:  0.03696504980325699
p mean is: tensor(-2.3221, device='cuda:3')
epoch:  37000 quantization_loss:  0.036890771239995956
p mean is: tensor(-2.3506, device='cuda:3')
epoch:  38000 quantization_loss:  0.03683977201581001
p mean is: tensor(-2.3772, device='cuda:3')
epoch:  39000 quantization_loss:  0.0368054024875164
p mean is: tensor(-2.4021, device='cuda:3')
epoch:  40000 quantization_loss:  0.03679291158914566
p mean is: tensor(-2.4255, device='cuda:3')
epoch:  41000 quantization_loss:  0.036699745804071426
p mean is: tensor(-2.4475, device='cuda:3')
epoch:  42000 quantization_loss:  0.03668374940752983
p mean is: tensor(-2.4683, device='cuda:3')
epoch:  43000 quantization_loss:  0.03679313883185387
p mean is: tensor(-2.4878, device='cuda:3')
epoch:  44000 quantization_loss:  0.03663838282227516
p mean is: tensor(-2.5063, device='cuda:3')
epoch:  45000 quantization_loss:  0.03659084439277649
p mean is: tensor(-2.5238, device='cuda:3')
epoch:  46000 quantization_loss:  0.036584775894880295
p mean is: tensor(-2.5403, device='cuda:3')
epoch:  47000 quantization_loss:  0.03655651584267616
p mean is: tensor(-2.5560, device='cuda:3')
epoch:  48000 quantization_loss:  0.036529336124658585
p mean is: tensor(-2.5709, device='cuda:3')
epoch:  49000 quantization_loss:  0.03649897873401642
p mean is: tensor(-2.5850, device='cuda:3')
epoch:  50000 quantization_loss:  0.036493100225925446
p mean is: tensor(-2.5984, device='cuda:3')
epoch:  51000 quantization_loss:  0.03648681938648224
p mean is: tensor(-2.6111, device='cuda:3')
epoch:  52000 quantization_loss:  0.036454230546951294
p mean is: tensor(-2.6232, device='cuda:3')
epoch:  53000 quantization_loss:  0.036344267427921295
p mean is: tensor(-2.6346, device='cuda:3')
epoch:  54000 quantization_loss:  0.036033909767866135
p mean is: tensor(-2.6452, device='cuda:3')
epoch:  55000 quantization_loss:  0.03596829995512962
p mean is: tensor(-2.6555, device='cuda:3')
epoch:  56000 quantization_loss:  0.03583178296685219
p mean is: tensor(-2.6654, device='cuda:3')
epoch:  57000 quantization_loss:  0.03582743927836418
p mean is: tensor(-2.6750, device='cuda:3')
epoch:  58000 quantization_loss:  0.03572394698858261
p mean is: tensor(-2.6842, device='cuda:3')
epoch:  59000 quantization_loss:  0.03566528111696243
p mean is: tensor(-2.6930, device='cuda:3')
epoch:  60000 quantization_loss:  0.03559878095984459
p mean is: tensor(-2.7016, device='cuda:3')
epoch:  61000 quantization_loss:  0.035581983625888824
p mean is: tensor(-2.7098, device='cuda:3')
epoch:  62000 quantization_loss:  0.035568658262491226
p mean is: tensor(-2.7177, device='cuda:3')
epoch:  63000 quantization_loss:  0.03555388003587723
p mean is: tensor(-2.7254, device='cuda:3')
epoch:  64000 quantization_loss:  0.03554068133234978
p mean is: tensor(-2.7327, device='cuda:3')
epoch:  65000 quantization_loss:  0.0355214886367321
p mean is: tensor(-2.7398, device='cuda:3')
epoch:  66000 quantization_loss:  0.03550618141889572
p mean is: tensor(-2.7466, device='cuda:3')
epoch:  67000 quantization_loss:  0.03549541160464287
p mean is: tensor(-2.7531, device='cuda:3')
epoch:  68000 quantization_loss:  0.035486895591020584
p mean is: tensor(-2.7595, device='cuda:3')
epoch:  69000 quantization_loss:  0.035474974662065506
p mean is: tensor(-2.7656, device='cuda:3')
epoch:  70000 quantization_loss:  0.03546673804521561
p mean is: tensor(-2.7715, device='cuda:3')
epoch:  71000 quantization_loss:  0.03546787425875664
p mean is: tensor(-2.7772, device='cuda:3')
epoch:  72000 quantization_loss:  0.035459261387586594
p mean is: tensor(-2.7827, device='cuda:3')
epoch:  73000 quantization_loss:  0.03544270247220993
p mean is: tensor(-2.7880, device='cuda:3')
epoch:  74000 quantization_loss:  0.03543447330594063
p mean is: tensor(-2.7931, device='cuda:3')
epoch:  75000 quantization_loss:  0.03542785719037056
p mean is: tensor(-2.7981, device='cuda:3')
epoch:  76000 quantization_loss:  0.035431765019893646
p mean is: tensor(-2.8028, device='cuda:3')
epoch:  77000 quantization_loss:  0.03542018681764603
p mean is: tensor(-2.8075, device='cuda:3')
epoch:  78000 quantization_loss:  0.035415083169937134
p mean is: tensor(-2.8120, device='cuda:3')
epoch:  79000 quantization_loss:  0.03541412204504013
p mean is: tensor(-2.8164, device='cuda:3')
Number of elements to keep: 150443
Threshold value: -1.8467317819595337
Number of elements equal to threshold: 1
Number of elements to randomly select: 1
Actual sparsity achieved: 0.04999988367714492
Number of elements to keep: 150443
Threshold value: -1.8467317819595337
Number of elements equal to threshold: 1
Number of elements to randomly select: 1
Actual sparsity achieved: 0.04999988367714492
1.1.1.weight         | nonzeros =     898 /   12800             (  7.02%) | total_pruned =   11902 | shape = torch.Size([16, 32, 5, 5])
1.1.1.bias           | nonzeros =       0 /      16             (  0.00%) | total_pruned =      16 | shape = torch.Size([16])
1.2.weight           | nonzeros =       8 /      16             ( 50.00%) | total_pruned =       8 | shape = torch.Size([16])
1.2.bias             | nonzeros =       0 /      16             (  0.00%) | total_pruned =      16 | shape = torch.Size([16])
1.4.1.weight         | nonzeros =     116 /    6400             (  1.81%) | total_pruned =    6284 | shape = torch.Size([16, 16, 5, 5])
1.4.1.bias           | nonzeros =       0 /      16             (  0.00%) | total_pruned =      16 | shape = torch.Size([16])
1.5.weight           | nonzeros =       6 /      16             ( 37.50%) | total_pruned =      10 | shape = torch.Size([16])
1.5.bias             | nonzeros =       0 /      16             (  0.00%) | total_pruned =      16 | shape = torch.Size([16])
1.7.1.1.1.weight     | nonzeros =     191 /   12800             (  1.49%) | total_pruned =   12609 | shape = torch.Size([32, 16, 5, 5])
1.7.1.1.1.bias       | nonzeros =       0 /      32             (  0.00%) | total_pruned =      32 | shape = torch.Size([32])
1.7.1.2.weight       | nonzeros =      10 /      32             ( 31.25%) | total_pruned =      22 | shape = torch.Size([32])
1.7.1.2.bias         | nonzeros =       0 /      32             (  0.00%) | total_pruned =      32 | shape = torch.Size([32])
1.7.1.4.1.weight     | nonzeros =     388 /   25600             (  1.52%) | total_pruned =   25212 | shape = torch.Size([32, 32, 5, 5])
1.7.1.4.1.bias       | nonzeros =       0 /      32             (  0.00%) | total_pruned =      32 | shape = torch.Size([32])
1.7.1.5.weight       | nonzeros =      10 /      32             ( 31.25%) | total_pruned =      22 | shape = torch.Size([32])
1.7.1.5.bias         | nonzeros =       0 /      32             (  0.00%) | total_pruned =      32 | shape = torch.Size([32])
1.7.1.7.1.1.1.weight | nonzeros =     586 /   51200             (  1.14%) | total_pruned =   50614 | shape = torch.Size([64, 32, 5, 5])
1.7.1.7.1.1.1.bias   | nonzeros =       0 /      64             (  0.00%) | total_pruned =      64 | shape = torch.Size([64])
1.7.1.7.1.2.weight   | nonzeros =      20 /      64             ( 31.25%) | total_pruned =      44 | shape = torch.Size([64])
1.7.1.7.1.2.bias     | nonzeros =       0 /      64             (  0.00%) | total_pruned =      64 | shape = torch.Size([64])
1.7.1.7.1.4.1.weight | nonzeros =     831 /  102400             (  0.81%) | total_pruned =  101569 | shape = torch.Size([64, 64, 5, 5])
1.7.1.7.1.4.1.bias   | nonzeros =       0 /      64             (  0.00%) | total_pruned =      64 | shape = torch.Size([64])
1.7.1.7.1.5.weight   | nonzeros =      18 /      64             ( 28.12%) | total_pruned =      46 | shape = torch.Size([64])
1.7.1.7.1.5.bias     | nonzeros =       0 /      64             (  0.00%) | total_pruned =      64 | shape = torch.Size([64])
1.7.1.7.1.7.1.1.1.weight | nonzeros =    1290 /  204800             (  0.63%) | total_pruned =  203510 | shape = torch.Size([128, 64, 5, 5])
1.7.1.7.1.7.1.1.1.bias | nonzeros =       0 /     128             (  0.00%) | total_pruned =     128 | shape = torch.Size([128])
1.7.1.7.1.7.1.2.weight | nonzeros =      43 /     128             ( 33.59%) | total_pruned =      85 | shape = torch.Size([128])
1.7.1.7.1.7.1.2.bias | nonzeros =       0 /     128             (  0.00%) | total_pruned =     128 | shape = torch.Size([128])
1.7.1.7.1.7.1.4.1.weight | nonzeros =    2275 /  409600             (  0.56%) | total_pruned =  407325 | shape = torch.Size([128, 128, 5, 5])
1.7.1.7.1.7.1.4.1.bias | nonzeros =       0 /     128             (  0.00%) | total_pruned =     128 | shape = torch.Size([128])
1.7.1.7.1.7.1.5.weight | nonzeros =      61 /     128             ( 47.66%) | total_pruned =      67 | shape = torch.Size([128])
1.7.1.7.1.7.1.5.bias | nonzeros =       0 /     128             (  0.00%) | total_pruned =     128 | shape = torch.Size([128])
1.7.1.7.1.7.1.7.1.1.1.weight | nonzeros =    3473 /  409600             (  0.85%) | total_pruned =  406127 | shape = torch.Size([128, 128, 5, 5])
1.7.1.7.1.7.1.7.1.1.1.bias | nonzeros =       0 /     128             (  0.00%) | total_pruned =     128 | shape = torch.Size([128])
1.7.1.7.1.7.1.7.1.2.weight | nonzeros =      64 /     128             ( 50.00%) | total_pruned =      64 | shape = torch.Size([128])
1.7.1.7.1.7.1.7.1.2.bias | nonzeros =       0 /     128             (  0.00%) | total_pruned =     128 | shape = torch.Size([128])
1.7.1.7.1.7.1.7.1.4.1.weight | nonzeros =    6450 /  409600             (  1.57%) | total_pruned =  403150 | shape = torch.Size([128, 128, 5, 5])
1.7.1.7.1.7.1.7.1.4.1.bias | nonzeros =       0 /     128             (  0.00%) | total_pruned =     128 | shape = torch.Size([128])
1.7.1.7.1.7.1.7.1.5.weight | nonzeros =      98 /     128             ( 76.56%) | total_pruned =      30 | shape = torch.Size([128])
1.7.1.7.1.7.1.7.1.5.bias | nonzeros =       0 /     128             (  0.00%) | total_pruned =     128 | shape = torch.Size([128])
1.7.1.7.1.7.1.7.1.7.1.1.1.weight | nonzeros =   13938 /  409600             (  3.40%) | total_pruned =  395662 | shape = torch.Size([128, 128, 5, 5])
1.7.1.7.1.7.1.7.1.7.1.1.1.bias | nonzeros =       0 /     128             (  0.00%) | total_pruned =     128 | shape = torch.Size([128])
1.7.1.7.1.7.1.7.1.7.1.2.weight | nonzeros =      96 /     128             ( 75.00%) | total_pruned =      32 | shape = torch.Size([128])
1.7.1.7.1.7.1.7.1.7.1.2.bias | nonzeros =       0 /     128             (  0.00%) | total_pruned =     128 | shape = torch.Size([128])
1.7.1.7.1.7.1.7.1.7.1.4.1.weight | nonzeros =   23585 /  409600             (  5.76%) | total_pruned =  386015 | shape = torch.Size([128, 128, 5, 5])
1.7.1.7.1.7.1.7.1.7.1.4.1.bias | nonzeros =       0 /     128             (  0.00%) | total_pruned =     128 | shape = torch.Size([128])
1.7.1.7.1.7.1.7.1.7.1.5.weight | nonzeros =      81 /     128             ( 63.28%) | total_pruned =      47 | shape = torch.Size([128])
1.7.1.7.1.7.1.7.1.7.1.5.bias | nonzeros =       0 /     128             (  0.00%) | total_pruned =     128 | shape = torch.Size([128])
1.7.1.7.1.7.1.7.1.7.2.weight | nonzeros =      81 /     128             ( 63.28%) | total_pruned =      47 | shape = torch.Size([128])
1.7.1.7.1.7.1.7.1.7.2.bias | nonzeros =       0 /     128             (  0.00%) | total_pruned =     128 | shape = torch.Size([128])
1.7.1.7.1.7.1.7.1.7.3.1.weight | nonzeros =   27661 /  147456             ( 18.76%) | total_pruned =  119795 | shape = torch.Size([128, 128, 3, 3])
1.7.1.7.1.7.1.7.1.7.3.1.bias | nonzeros =       0 /     128             (  0.00%) | total_pruned =     128 | shape = torch.Size([128])
1.7.1.7.1.7.1.7.1.7.4.weight | nonzeros =     100 /     128             ( 78.12%) | total_pruned =      28 | shape = torch.Size([128])
1.7.1.7.1.7.1.7.1.7.4.bias | nonzeros =       0 /     128             (  0.00%) | total_pruned =     128 | shape = torch.Size([128])
1.7.1.7.1.7.1.7.2.weight | nonzeros =     100 /     128             ( 78.12%) | total_pruned =      28 | shape = torch.Size([128])
1.7.1.7.1.7.1.7.2.bias | nonzeros =       0 /     128             (  0.00%) | total_pruned =     128 | shape = torch.Size([128])
1.7.1.7.1.7.1.7.3.1.weight | nonzeros =   30221 /  147456             ( 20.49%) | total_pruned =  117235 | shape = torch.Size([128, 128, 3, 3])
1.7.1.7.1.7.1.7.3.1.bias | nonzeros =       0 /     128             (  0.00%) | total_pruned =     128 | shape = torch.Size([128])
1.7.1.7.1.7.1.7.4.weight | nonzeros =      85 /     128             ( 66.41%) | total_pruned =      43 | shape = torch.Size([128])
1.7.1.7.1.7.1.7.4.bias | nonzeros =       0 /     128             (  0.00%) | total_pruned =     128 | shape = torch.Size([128])
1.7.1.7.1.7.2.weight | nonzeros =      85 /     128             ( 66.41%) | total_pruned =      43 | shape = torch.Size([128])
1.7.1.7.1.7.2.bias   | nonzeros =       0 /     128             (  0.00%) | total_pruned =     128 | shape = torch.Size([128])
1.7.1.7.1.7.3.1.weight | nonzeros =   21910 /  147456             ( 14.86%) | total_pruned =  125546 | shape = torch.Size([128, 128, 3, 3])
1.7.1.7.1.7.3.1.bias | nonzeros =       0 /     128             (  0.00%) | total_pruned =     128 | shape = torch.Size([128])
1.7.1.7.1.7.4.weight | nonzeros =      72 /     128             ( 56.25%) | total_pruned =      56 | shape = torch.Size([128])
1.7.1.7.1.7.4.bias   | nonzeros =       0 /     128             (  0.00%) | total_pruned =     128 | shape = torch.Size([128])
1.7.1.7.2.weight     | nonzeros =      72 /     128             ( 56.25%) | total_pruned =      56 | shape = torch.Size([128])
1.7.1.7.2.bias       | nonzeros =       0 /     128             (  0.00%) | total_pruned =     128 | shape = torch.Size([128])
1.7.1.7.3.1.weight   | nonzeros =   11131 /   73728             ( 15.10%) | total_pruned =   62597 | shape = torch.Size([64, 128, 3, 3])
1.7.1.7.3.1.bias     | nonzeros =       0 /      64             (  0.00%) | total_pruned =      64 | shape = torch.Size([64])
1.7.1.7.4.weight     | nonzeros =      41 /      64             ( 64.06%) | total_pruned =      23 | shape = torch.Size([64])
1.7.1.7.4.bias       | nonzeros =       0 /      64             (  0.00%) | total_pruned =      64 | shape = torch.Size([64])
1.7.2.weight         | nonzeros =      41 /      64             ( 64.06%) | total_pruned =      23 | shape = torch.Size([64])
1.7.2.bias           | nonzeros =       0 /      64             (  0.00%) | total_pruned =      64 | shape = torch.Size([64])
1.7.3.1.weight       | nonzeros =    3044 /   18432             ( 16.51%) | total_pruned =   15388 | shape = torch.Size([32, 64, 3, 3])
1.7.3.1.bias         | nonzeros =       0 /      32             (  0.00%) | total_pruned =      32 | shape = torch.Size([32])
1.7.4.weight         | nonzeros =      18 /      32             ( 56.25%) | total_pruned =      14 | shape = torch.Size([32])
1.7.4.bias           | nonzeros =       0 /      32             (  0.00%) | total_pruned =      32 | shape = torch.Size([32])
2.weight             | nonzeros =      18 /      32             ( 56.25%) | total_pruned =      14 | shape = torch.Size([32])
2.bias               | nonzeros =       0 /      32             (  0.00%) | total_pruned =      32 | shape = torch.Size([32])
3.1.weight           | nonzeros =    1179 /    4608             ( 25.59%) | total_pruned =    3429 | shape = torch.Size([16, 32, 3, 3])
3.1.bias             | nonzeros =       0 /      16             (  0.00%) | total_pruned =      16 | shape = torch.Size([16])
4.weight             | nonzeros =      16 /      16             (100.00%) | total_pruned =       0 | shape = torch.Size([16])
4.bias               | nonzeros =       0 /      16             (  0.00%) | total_pruned =      16 | shape = torch.Size([16])
6.1.weight           | nonzeros =      31 /      48             ( 64.58%) | total_pruned =      17 | shape = torch.Size([3, 16, 1, 1])
6.1.bias             | nonzeros =       1 /       3             ( 33.33%) | total_pruned =       2 | shape = torch.Size([3])
alive: 150443, pruned : 2858424, total: 3008867, Compression rate :      20.00x  ( 95.00% pruned)
(3, 512, 512) (3, 512, 512) (3, 512, 512)
PSNR of output image is:  15.529670298041996
Experiment done
