(3, 512, 512)
Noisy PSNR is '20.487134506318952'
(3, 512, 512) (3, 512, 512) torch.Size([1, 32, 512, 512])
Starting optimization with optimizer 'SAM'
Output directory: data/denoising/Set14/mask/13/sparsity/det/0.04/1e-09
epoch:  0 quantization_loss:  0.08517339825630188
p mean is: tensor(-0.0005, device='cuda:4')
epoch:  1000 quantization_loss:  0.06817780435085297
p mean is: tensor(-0.0204, device='cuda:4')
epoch:  2000 quantization_loss:  0.06632692366838455
p mean is: tensor(-0.0340, device='cuda:4')
epoch:  3000 quantization_loss:  0.06546591967344284
p mean is: tensor(-0.0464, device='cuda:4')
epoch:  4000 quantization_loss:  0.06578787416219711
p mean is: tensor(-0.0592, device='cuda:4')
epoch:  5000 quantization_loss:  0.06511898338794708
p mean is: tensor(-0.0723, device='cuda:4')
epoch:  6000 quantization_loss:  0.06443427503108978
p mean is: tensor(-0.0864, device='cuda:4')
epoch:  7000 quantization_loss:  0.06104866787791252
p mean is: tensor(-0.1016, device='cuda:4')
epoch:  8000 quantization_loss:  0.053097501397132874
p mean is: tensor(-0.1185, device='cuda:4')
epoch:  9000 quantization_loss:  0.04411790892481804
p mean is: tensor(-0.1392, device='cuda:4')
epoch:  10000 quantization_loss:  0.04096908122301102
p mean is: tensor(-0.1668, device='cuda:4')
epoch:  11000 quantization_loss:  0.03929430618882179
p mean is: tensor(-0.2041, device='cuda:4')
epoch:  12000 quantization_loss:  0.03747512772679329
p mean is: tensor(-0.2544, device='cuda:4')
epoch:  13000 quantization_loss:  0.036258406937122345
p mean is: tensor(-0.3201, device='cuda:4')
epoch:  14000 quantization_loss:  0.035022784024477005
p mean is: tensor(-0.4040, device='cuda:4')
epoch:  15000 quantization_loss:  0.0342753566801548
p mean is: tensor(-0.5080, device='cuda:4')
epoch:  16000 quantization_loss:  0.03363681584596634
p mean is: tensor(-0.6323, device='cuda:4')
epoch:  17000 quantization_loss:  0.031882770359516144
p mean is: tensor(-0.7742, device='cuda:4')
epoch:  18000 quantization_loss:  0.031244659796357155
p mean is: tensor(-0.9265, device='cuda:4')
epoch:  19000 quantization_loss:  0.030701445415616035
p mean is: tensor(-1.0813, device='cuda:4')
epoch:  20000 quantization_loss:  0.029223226010799408
p mean is: tensor(-1.2312, device='cuda:4')
epoch:  21000 quantization_loss:  0.028435951098799706
p mean is: tensor(-1.3700, device='cuda:4')
epoch:  22000 quantization_loss:  0.028087269514799118
p mean is: tensor(-1.4960, device='cuda:4')
epoch:  23000 quantization_loss:  0.027631092816591263
p mean is: tensor(-1.6097, device='cuda:4')
epoch:  24000 quantization_loss:  0.027498770505189896
p mean is: tensor(-1.7119, device='cuda:4')
epoch:  25000 quantization_loss:  0.027229661121964455
p mean is: tensor(-1.8040, device='cuda:4')
epoch:  26000 quantization_loss:  0.027132637798786163
p mean is: tensor(-1.8870, device='cuda:4')
epoch:  27000 quantization_loss:  0.026955438777804375
p mean is: tensor(-1.9622, device='cuda:4')
epoch:  28000 quantization_loss:  0.026789074763655663
p mean is: tensor(-2.0306, device='cuda:4')
epoch:  29000 quantization_loss:  0.026746314018964767
p mean is: tensor(-2.0928, device='cuda:4')
epoch:  30000 quantization_loss:  0.026649655774235725
p mean is: tensor(-2.1500, device='cuda:4')
epoch:  31000 quantization_loss:  0.026567965745925903
p mean is: tensor(-2.2023, device='cuda:4')
epoch:  32000 quantization_loss:  0.026409383863210678
p mean is: tensor(-2.2506, device='cuda:4')
epoch:  33000 quantization_loss:  0.026387706398963928
p mean is: tensor(-2.2951, device='cuda:4')
epoch:  34000 quantization_loss:  0.026219727471470833
p mean is: tensor(-2.3365, device='cuda:4')
epoch:  35000 quantization_loss:  0.026174774393439293
p mean is: tensor(-2.3750, device='cuda:4')
epoch:  36000 quantization_loss:  0.026148878037929535
p mean is: tensor(-2.4109, device='cuda:4')
epoch:  37000 quantization_loss:  0.02607712149620056
p mean is: tensor(-2.4444, device='cuda:4')
epoch:  38000 quantization_loss:  0.02598014660179615
p mean is: tensor(-2.4756, device='cuda:4')
epoch:  39000 quantization_loss:  0.025950836017727852
p mean is: tensor(-2.5051, device='cuda:4')
epoch:  40000 quantization_loss:  0.025894900783896446
p mean is: tensor(-2.5328, device='cuda:4')
epoch:  41000 quantization_loss:  0.025882471352815628
p mean is: tensor(-2.5588, device='cuda:4')
epoch:  42000 quantization_loss:  0.025841711089015007
p mean is: tensor(-2.5834, device='cuda:4')
epoch:  43000 quantization_loss:  0.025797560811042786
p mean is: tensor(-2.6066, device='cuda:4')
epoch:  44000 quantization_loss:  0.02576151303946972
p mean is: tensor(-2.6286, device='cuda:4')
epoch:  45000 quantization_loss:  0.02573765255510807
p mean is: tensor(-2.6495, device='cuda:4')
epoch:  46000 quantization_loss:  0.02571309357881546
p mean is: tensor(-2.6693, device='cuda:4')
epoch:  47000 quantization_loss:  0.02568797580897808
p mean is: tensor(-2.6880, device='cuda:4')
epoch:  48000 quantization_loss:  0.025667086243629456
p mean is: tensor(-2.7059, device='cuda:4')
epoch:  49000 quantization_loss:  0.025644518435001373
p mean is: tensor(-2.7229, device='cuda:4')
epoch:  50000 quantization_loss:  0.025607850402593613
p mean is: tensor(-2.7391, device='cuda:4')
epoch:  51000 quantization_loss:  0.025606829673051834
p mean is: tensor(-2.7546, device='cuda:4')
epoch:  52000 quantization_loss:  0.02558555267751217
p mean is: tensor(-2.7695, device='cuda:4')
epoch:  53000 quantization_loss:  0.02557355910539627
p mean is: tensor(-2.7837, device='cuda:4')
epoch:  54000 quantization_loss:  0.025548383593559265
p mean is: tensor(-2.7972, device='cuda:4')
epoch:  55000 quantization_loss:  0.025522660464048386
p mean is: tensor(-2.8102, device='cuda:4')
epoch:  56000 quantization_loss:  0.02552047185599804
p mean is: tensor(-2.8227, device='cuda:4')
epoch:  57000 quantization_loss:  0.02551855891942978
p mean is: tensor(-2.8347, device='cuda:4')
epoch:  58000 quantization_loss:  0.02549329586327076
p mean is: tensor(-2.8462, device='cuda:4')
epoch:  59000 quantization_loss:  0.025496989488601685
p mean is: tensor(-2.8572, device='cuda:4')
epoch:  60000 quantization_loss:  0.025476595386862755
p mean is: tensor(-2.8678, device='cuda:4')
epoch:  61000 quantization_loss:  0.025480428710579872
p mean is: tensor(-2.8780, device='cuda:4')
epoch:  62000 quantization_loss:  0.025458304211497307
p mean is: tensor(-2.8879, device='cuda:4')
epoch:  63000 quantization_loss:  0.025453561916947365
p mean is: tensor(-2.8972, device='cuda:4')
epoch:  64000 quantization_loss:  0.025439484044909477
p mean is: tensor(-2.9063, device='cuda:4')
epoch:  65000 quantization_loss:  0.025449173524975777
p mean is: tensor(-2.9151, device='cuda:4')
epoch:  66000 quantization_loss:  0.02543184533715248
p mean is: tensor(-2.9235, device='cuda:4')
epoch:  67000 quantization_loss:  0.025427646934986115
p mean is: tensor(-2.9315, device='cuda:4')
epoch:  68000 quantization_loss:  0.02541436068713665
p mean is: tensor(-2.9394, device='cuda:4')
epoch:  69000 quantization_loss:  0.025409627705812454
p mean is: tensor(-2.9469, device='cuda:4')
epoch:  70000 quantization_loss:  0.025406135246157646
p mean is: tensor(-2.9542, device='cuda:4')
epoch:  71000 quantization_loss:  0.025398634374141693
p mean is: tensor(-2.9614, device='cuda:4')
epoch:  72000 quantization_loss:  0.02540017105638981
p mean is: tensor(-2.9682, device='cuda:4')
epoch:  73000 quantization_loss:  0.025393100455403328
p mean is: tensor(-2.9748, device='cuda:4')
epoch:  74000 quantization_loss:  0.025385022163391113
p mean is: tensor(-2.9812, device='cuda:4')
epoch:  75000 quantization_loss:  0.02538476139307022
p mean is: tensor(-2.9874, device='cuda:4')
epoch:  76000 quantization_loss:  0.025380205363035202
p mean is: tensor(-2.9933, device='cuda:4')
epoch:  77000 quantization_loss:  0.025375742465257645
p mean is: tensor(-2.9991, device='cuda:4')
epoch:  78000 quantization_loss:  0.025372255593538284
p mean is: tensor(-3.0047, device='cuda:4')
epoch:  79000 quantization_loss:  0.02536376379430294
p mean is: tensor(-3.0101, device='cuda:4')
Number of elements to keep: 120354
Threshold value: -1.5957328081130981
Number of elements equal to threshold: 1
Number of elements to randomly select: 1
Actual sparsity achieved: 0.03999977400131013
Number of elements to keep: 120354
Threshold value: -1.5957328081130981
Number of elements equal to threshold: 1
Number of elements to randomly select: 1
Actual sparsity achieved: 0.03999977400131013
1.1.1.weight         | nonzeros =     657 /   12800             (  5.13%) | total_pruned =   12143 | shape = torch.Size([16, 32, 5, 5])
1.1.1.bias           | nonzeros =       0 /      16             (  0.00%) | total_pruned =      16 | shape = torch.Size([16])
1.2.weight           | nonzeros =       4 /      16             ( 25.00%) | total_pruned =      12 | shape = torch.Size([16])
1.2.bias             | nonzeros =       0 /      16             (  0.00%) | total_pruned =      16 | shape = torch.Size([16])
1.4.1.weight         | nonzeros =      95 /    6400             (  1.48%) | total_pruned =    6305 | shape = torch.Size([16, 16, 5, 5])
1.4.1.bias           | nonzeros =       0 /      16             (  0.00%) | total_pruned =      16 | shape = torch.Size([16])
1.5.weight           | nonzeros =       8 /      16             ( 50.00%) | total_pruned =       8 | shape = torch.Size([16])
1.5.bias             | nonzeros =       0 /      16             (  0.00%) | total_pruned =      16 | shape = torch.Size([16])
1.7.1.1.1.weight     | nonzeros =     164 /   12800             (  1.28%) | total_pruned =   12636 | shape = torch.Size([32, 16, 5, 5])
1.7.1.1.1.bias       | nonzeros =       0 /      32             (  0.00%) | total_pruned =      32 | shape = torch.Size([32])
1.7.1.2.weight       | nonzeros =      12 /      32             ( 37.50%) | total_pruned =      20 | shape = torch.Size([32])
1.7.1.2.bias         | nonzeros =       0 /      32             (  0.00%) | total_pruned =      32 | shape = torch.Size([32])
1.7.1.4.1.weight     | nonzeros =     281 /   25600             (  1.10%) | total_pruned =   25319 | shape = torch.Size([32, 32, 5, 5])
1.7.1.4.1.bias       | nonzeros =       0 /      32             (  0.00%) | total_pruned =      32 | shape = torch.Size([32])
1.7.1.5.weight       | nonzeros =      16 /      32             ( 50.00%) | total_pruned =      16 | shape = torch.Size([32])
1.7.1.5.bias         | nonzeros =       0 /      32             (  0.00%) | total_pruned =      32 | shape = torch.Size([32])
1.7.1.7.1.1.1.weight | nonzeros =     340 /   51200             (  0.66%) | total_pruned =   50860 | shape = torch.Size([64, 32, 5, 5])
1.7.1.7.1.1.1.bias   | nonzeros =       0 /      64             (  0.00%) | total_pruned =      64 | shape = torch.Size([64])
1.7.1.7.1.2.weight   | nonzeros =      17 /      64             ( 26.56%) | total_pruned =      47 | shape = torch.Size([64])
1.7.1.7.1.2.bias     | nonzeros =       0 /      64             (  0.00%) | total_pruned =      64 | shape = torch.Size([64])
1.7.1.7.1.4.1.weight | nonzeros =     482 /  102400             (  0.47%) | total_pruned =  101918 | shape = torch.Size([64, 64, 5, 5])
1.7.1.7.1.4.1.bias   | nonzeros =       0 /      64             (  0.00%) | total_pruned =      64 | shape = torch.Size([64])
1.7.1.7.1.5.weight   | nonzeros =      14 /      64             ( 21.88%) | total_pruned =      50 | shape = torch.Size([64])
1.7.1.7.1.5.bias     | nonzeros =       0 /      64             (  0.00%) | total_pruned =      64 | shape = torch.Size([64])
1.7.1.7.1.7.1.1.1.weight | nonzeros =     804 /  204800             (  0.39%) | total_pruned =  203996 | shape = torch.Size([128, 64, 5, 5])
1.7.1.7.1.7.1.1.1.bias | nonzeros =       0 /     128             (  0.00%) | total_pruned =     128 | shape = torch.Size([128])
1.7.1.7.1.7.1.2.weight | nonzeros =      49 /     128             ( 38.28%) | total_pruned =      79 | shape = torch.Size([128])
1.7.1.7.1.7.1.2.bias | nonzeros =       0 /     128             (  0.00%) | total_pruned =     128 | shape = torch.Size([128])
1.7.1.7.1.7.1.4.1.weight | nonzeros =    1430 /  409600             (  0.35%) | total_pruned =  408170 | shape = torch.Size([128, 128, 5, 5])
1.7.1.7.1.7.1.4.1.bias | nonzeros =       0 /     128             (  0.00%) | total_pruned =     128 | shape = torch.Size([128])
1.7.1.7.1.7.1.5.weight | nonzeros =      56 /     128             ( 43.75%) | total_pruned =      72 | shape = torch.Size([128])
1.7.1.7.1.7.1.5.bias | nonzeros =       0 /     128             (  0.00%) | total_pruned =     128 | shape = torch.Size([128])
1.7.1.7.1.7.1.7.1.1.1.weight | nonzeros =    2013 /  409600             (  0.49%) | total_pruned =  407587 | shape = torch.Size([128, 128, 5, 5])
1.7.1.7.1.7.1.7.1.1.1.bias | nonzeros =       0 /     128             (  0.00%) | total_pruned =     128 | shape = torch.Size([128])
1.7.1.7.1.7.1.7.1.2.weight | nonzeros =      66 /     128             ( 51.56%) | total_pruned =      62 | shape = torch.Size([128])
1.7.1.7.1.7.1.7.1.2.bias | nonzeros =       0 /     128             (  0.00%) | total_pruned =     128 | shape = torch.Size([128])
1.7.1.7.1.7.1.7.1.4.1.weight | nonzeros =    3130 /  409600             (  0.76%) | total_pruned =  406470 | shape = torch.Size([128, 128, 5, 5])
1.7.1.7.1.7.1.7.1.4.1.bias | nonzeros =       0 /     128             (  0.00%) | total_pruned =     128 | shape = torch.Size([128])
1.7.1.7.1.7.1.7.1.5.weight | nonzeros =      82 /     128             ( 64.06%) | total_pruned =      46 | shape = torch.Size([128])
1.7.1.7.1.7.1.7.1.5.bias | nonzeros =       0 /     128             (  0.00%) | total_pruned =     128 | shape = torch.Size([128])
1.7.1.7.1.7.1.7.1.7.1.1.1.weight | nonzeros =    7533 /  409600             (  1.84%) | total_pruned =  402067 | shape = torch.Size([128, 128, 5, 5])
1.7.1.7.1.7.1.7.1.7.1.1.1.bias | nonzeros =       0 /     128             (  0.00%) | total_pruned =     128 | shape = torch.Size([128])
1.7.1.7.1.7.1.7.1.7.1.2.weight | nonzeros =     104 /     128             ( 81.25%) | total_pruned =      24 | shape = torch.Size([128])
1.7.1.7.1.7.1.7.1.7.1.2.bias | nonzeros =       0 /     128             (  0.00%) | total_pruned =     128 | shape = torch.Size([128])
1.7.1.7.1.7.1.7.1.7.1.4.1.weight | nonzeros =   21488 /  409600             (  5.25%) | total_pruned =  388112 | shape = torch.Size([128, 128, 5, 5])
1.7.1.7.1.7.1.7.1.7.1.4.1.bias | nonzeros =       0 /     128             (  0.00%) | total_pruned =     128 | shape = torch.Size([128])
1.7.1.7.1.7.1.7.1.7.1.5.weight | nonzeros =      81 /     128             ( 63.28%) | total_pruned =      47 | shape = torch.Size([128])
1.7.1.7.1.7.1.7.1.7.1.5.bias | nonzeros =       0 /     128             (  0.00%) | total_pruned =     128 | shape = torch.Size([128])
1.7.1.7.1.7.1.7.1.7.2.weight | nonzeros =      81 /     128             ( 63.28%) | total_pruned =      47 | shape = torch.Size([128])
1.7.1.7.1.7.1.7.1.7.2.bias | nonzeros =       0 /     128             (  0.00%) | total_pruned =     128 | shape = torch.Size([128])
1.7.1.7.1.7.1.7.1.7.3.1.weight | nonzeros =   24618 /  147456             ( 16.70%) | total_pruned =  122838 | shape = torch.Size([128, 128, 3, 3])
1.7.1.7.1.7.1.7.1.7.3.1.bias | nonzeros =       0 /     128             (  0.00%) | total_pruned =     128 | shape = torch.Size([128])
1.7.1.7.1.7.1.7.1.7.4.weight | nonzeros =      88 /     128             ( 68.75%) | total_pruned =      40 | shape = torch.Size([128])
1.7.1.7.1.7.1.7.1.7.4.bias | nonzeros =       0 /     128             (  0.00%) | total_pruned =     128 | shape = torch.Size([128])
1.7.1.7.1.7.1.7.2.weight | nonzeros =      88 /     128             ( 68.75%) | total_pruned =      40 | shape = torch.Size([128])
1.7.1.7.1.7.1.7.2.bias | nonzeros =       0 /     128             (  0.00%) | total_pruned =     128 | shape = torch.Size([128])
1.7.1.7.1.7.1.7.3.1.weight | nonzeros =   24096 /  147456             ( 16.34%) | total_pruned =  123360 | shape = torch.Size([128, 128, 3, 3])
1.7.1.7.1.7.1.7.3.1.bias | nonzeros =       0 /     128             (  0.00%) | total_pruned =     128 | shape = torch.Size([128])
1.7.1.7.1.7.1.7.4.weight | nonzeros =      77 /     128             ( 60.16%) | total_pruned =      51 | shape = torch.Size([128])
1.7.1.7.1.7.1.7.4.bias | nonzeros =       0 /     128             (  0.00%) | total_pruned =     128 | shape = torch.Size([128])
1.7.1.7.1.7.2.weight | nonzeros =      77 /     128             ( 60.16%) | total_pruned =      51 | shape = torch.Size([128])
1.7.1.7.1.7.2.bias   | nonzeros =       0 /     128             (  0.00%) | total_pruned =     128 | shape = torch.Size([128])
1.7.1.7.1.7.3.1.weight | nonzeros =   19807 /  147456             ( 13.43%) | total_pruned =  127649 | shape = torch.Size([128, 128, 3, 3])
1.7.1.7.1.7.3.1.bias | nonzeros =       0 /     128             (  0.00%) | total_pruned =     128 | shape = torch.Size([128])
1.7.1.7.1.7.4.weight | nonzeros =      77 /     128             ( 60.16%) | total_pruned =      51 | shape = torch.Size([128])
1.7.1.7.1.7.4.bias   | nonzeros =       0 /     128             (  0.00%) | total_pruned =     128 | shape = torch.Size([128])
1.7.1.7.2.weight     | nonzeros =      77 /     128             ( 60.16%) | total_pruned =      51 | shape = torch.Size([128])
1.7.1.7.2.bias       | nonzeros =       0 /     128             (  0.00%) | total_pruned =     128 | shape = torch.Size([128])
1.7.1.7.3.1.weight   | nonzeros =    8801 /   73728             ( 11.94%) | total_pruned =   64927 | shape = torch.Size([64, 128, 3, 3])
1.7.1.7.3.1.bias     | nonzeros =       0 /      64             (  0.00%) | total_pruned =      64 | shape = torch.Size([64])
1.7.1.7.4.weight     | nonzeros =      31 /      64             ( 48.44%) | total_pruned =      33 | shape = torch.Size([64])
1.7.1.7.4.bias       | nonzeros =       0 /      64             (  0.00%) | total_pruned =      64 | shape = torch.Size([64])
1.7.2.weight         | nonzeros =      31 /      64             ( 48.44%) | total_pruned =      33 | shape = torch.Size([64])
1.7.2.bias           | nonzeros =       0 /      64             (  0.00%) | total_pruned =      64 | shape = torch.Size([64])
1.7.3.1.weight       | nonzeros =    2376 /   18432             ( 12.89%) | total_pruned =   16056 | shape = torch.Size([32, 64, 3, 3])
1.7.3.1.bias         | nonzeros =       0 /      32             (  0.00%) | total_pruned =      32 | shape = torch.Size([32])
1.7.4.weight         | nonzeros =      19 /      32             ( 59.38%) | total_pruned =      13 | shape = torch.Size([32])
1.7.4.bias           | nonzeros =       0 /      32             (  0.00%) | total_pruned =      32 | shape = torch.Size([32])
2.weight             | nonzeros =      19 /      32             ( 59.38%) | total_pruned =      13 | shape = torch.Size([32])
2.bias               | nonzeros =       0 /      32             (  0.00%) | total_pruned =      32 | shape = torch.Size([32])
3.1.weight           | nonzeros =    1021 /    4608             ( 22.16%) | total_pruned =    3587 | shape = torch.Size([16, 32, 3, 3])
3.1.bias             | nonzeros =       0 /      16             (  0.00%) | total_pruned =      16 | shape = torch.Size([16])
4.weight             | nonzeros =      14 /      16             ( 87.50%) | total_pruned =       2 | shape = torch.Size([16])
4.bias               | nonzeros =       0 /      16             (  0.00%) | total_pruned =      16 | shape = torch.Size([16])
6.1.weight           | nonzeros =      27 /      48             ( 56.25%) | total_pruned =      21 | shape = torch.Size([3, 16, 1, 1])
6.1.bias             | nonzeros =       3 /       3             (100.00%) | total_pruned =       0 | shape = torch.Size([3])
alive: 120354, pruned : 2888513, total: 3008867, Compression rate :      25.00x  ( 96.00% pruned)
(3, 512, 512) (3, 512, 512) (3, 512, 512)
PSNR of output image is:  17.252081644786994
Experiment done
