(3, 512, 512)
Noisy PSNR is '20.31214316955662'
(3, 512, 512) (3, 512, 512) torch.Size([1, 32, 512, 512])
Starting optimization with optimizer 'SAM'
Output directory: data/denoising/face/mask/3/sparsity/skip/det/0.5/1e-09
epoch:  0 quantization_loss:  0.07759927213191986
p mean is: tensor(2.7544e-06, device='cuda:4')
epoch:  1000 quantization_loss:  0.05593464523553848
p mean is: tensor(0.0003, device='cuda:4')
epoch:  2000 quantization_loss:  0.05482722446322441
p mean is: tensor(0.0007, device='cuda:4')
epoch:  3000 quantization_loss:  0.05455108731985092
p mean is: tensor(0.0005, device='cuda:4')
epoch:  4000 quantization_loss:  0.05462771654129028
p mean is: tensor(0.0009, device='cuda:4')
epoch:  5000 quantization_loss:  0.053565360605716705
p mean is: tensor(0.0012, device='cuda:4')
epoch:  6000 quantization_loss:  0.05456170067191124
p mean is: tensor(0.0009, device='cuda:4')
epoch:  7000 quantization_loss:  0.05380312353372574
p mean is: tensor(0.0009, device='cuda:4')
epoch:  8000 quantization_loss:  0.053181905299425125
p mean is: tensor(0.0010, device='cuda:4')
epoch:  9000 quantization_loss:  0.05344376713037491
p mean is: tensor(0.0014, device='cuda:4')
epoch:  10000 quantization_loss:  0.054015181958675385
p mean is: tensor(0.0013, device='cuda:4')
epoch:  11000 quantization_loss:  0.053649771958589554
p mean is: tensor(0.0015, device='cuda:4')
epoch:  12000 quantization_loss:  0.052925385534763336
p mean is: tensor(0.0019, device='cuda:4')
epoch:  13000 quantization_loss:  0.03804067522287369
p mean is: tensor(0.0011, device='cuda:4')
epoch:  14000 quantization_loss:  0.026221690699458122
p mean is: tensor(0.0006, device='cuda:4')
epoch:  15000 quantization_loss:  0.02283744141459465
p mean is: tensor(-0.0001, device='cuda:4')
epoch:  16000 quantization_loss:  0.01925523206591606
p mean is: tensor(-0.0005, device='cuda:4')
epoch:  17000 quantization_loss:  0.017195919528603554
p mean is: tensor(-0.0009, device='cuda:4')
epoch:  18000 quantization_loss:  0.01590627431869507
p mean is: tensor(-0.0013, device='cuda:4')
epoch:  19000 quantization_loss:  0.014827349223196507
p mean is: tensor(-0.0016, device='cuda:4')
epoch:  20000 quantization_loss:  0.013650384731590748
p mean is: tensor(-0.0018, device='cuda:4')
epoch:  21000 quantization_loss:  0.01300792582333088
p mean is: tensor(-0.0019, device='cuda:4')
epoch:  22000 quantization_loss:  0.012364490889012814
p mean is: tensor(-0.0018, device='cuda:4')
epoch:  23000 quantization_loss:  0.012434420175850391
p mean is: tensor(-0.0016, device='cuda:4')
epoch:  24000 quantization_loss:  0.01177424006164074
p mean is: tensor(-0.0011, device='cuda:4')
epoch:  25000 quantization_loss:  0.011413870379328728
p mean is: tensor(-0.0004, device='cuda:4')
epoch:  26000 quantization_loss:  0.01120589766651392
p mean is: tensor(0.0003, device='cuda:4')
epoch:  27000 quantization_loss:  0.010981435887515545
p mean is: tensor(0.0012, device='cuda:4')
epoch:  28000 quantization_loss:  0.010804940946400166
p mean is: tensor(0.0025, device='cuda:4')
epoch:  29000 quantization_loss:  0.010709638707339764
p mean is: tensor(0.0036, device='cuda:4')
epoch:  30000 quantization_loss:  0.01075192540884018
p mean is: tensor(0.0048, device='cuda:4')
epoch:  31000 quantization_loss:  0.010523796081542969
p mean is: tensor(0.0061, device='cuda:4')
epoch:  32000 quantization_loss:  0.010496159084141254
p mean is: tensor(0.0074, device='cuda:4')
epoch:  33000 quantization_loss:  0.010421921499073505
p mean is: tensor(0.0089, device='cuda:4')
epoch:  34000 quantization_loss:  0.010346091352403164
p mean is: tensor(0.0102, device='cuda:4')
epoch:  35000 quantization_loss:  0.010485841892659664
p mean is: tensor(0.0114, device='cuda:4')
epoch:  36000 quantization_loss:  0.01029250305145979
p mean is: tensor(0.0126, device='cuda:4')
epoch:  37000 quantization_loss:  0.010217482224106789
p mean is: tensor(0.0139, device='cuda:4')
epoch:  38000 quantization_loss:  0.010217423550784588
p mean is: tensor(0.0150, device='cuda:4')
epoch:  39000 quantization_loss:  0.010140928439795971
p mean is: tensor(0.0161, device='cuda:4')
epoch:  40000 quantization_loss:  0.01015076506882906
p mean is: tensor(0.0172, device='cuda:4')
epoch:  41000 quantization_loss:  0.010129570960998535
p mean is: tensor(0.0183, device='cuda:4')
epoch:  42000 quantization_loss:  0.010083620436489582
p mean is: tensor(0.0193, device='cuda:4')
epoch:  43000 quantization_loss:  0.010083536617457867
p mean is: tensor(0.0201, device='cuda:4')
epoch:  44000 quantization_loss:  0.00999903678894043
p mean is: tensor(0.0209, device='cuda:4')
epoch:  45000 quantization_loss:  0.01006070151925087
p mean is: tensor(0.0216, device='cuda:4')
epoch:  46000 quantization_loss:  0.010055489838123322
p mean is: tensor(0.0224, device='cuda:4')
epoch:  47000 quantization_loss:  0.009986541233956814
p mean is: tensor(0.0231, device='cuda:4')
epoch:  48000 quantization_loss:  0.009934027679264545
p mean is: tensor(0.0239, device='cuda:4')
epoch:  49000 quantization_loss:  0.009993128478527069
p mean is: tensor(0.0247, device='cuda:4')
epoch:  50000 quantization_loss:  0.010047129355370998
p mean is: tensor(0.0252, device='cuda:4')
epoch:  51000 quantization_loss:  0.009938236325979233
p mean is: tensor(0.0258, device='cuda:4')
epoch:  52000 quantization_loss:  0.009938246570527554
p mean is: tensor(0.0264, device='cuda:4')
epoch:  53000 quantization_loss:  0.009887496009469032
p mean is: tensor(0.0269, device='cuda:4')
epoch:  54000 quantization_loss:  0.009914803318679333
p mean is: tensor(0.0274, device='cuda:4')
epoch:  55000 quantization_loss:  0.009877881966531277
p mean is: tensor(0.0279, device='cuda:4')
epoch:  56000 quantization_loss:  0.009857557713985443
p mean is: tensor(0.0284, device='cuda:4')
epoch:  57000 quantization_loss:  0.009863350540399551
p mean is: tensor(0.0288, device='cuda:4')
epoch:  58000 quantization_loss:  0.009847422130405903
p mean is: tensor(0.0292, device='cuda:4')
epoch:  59000 quantization_loss:  0.009853105992078781
p mean is: tensor(0.0296, device='cuda:4')
Number of elements to keep: 1108915
Threshold value: -5.932184308221622e-07
Number of elements equal to threshold: 1
Number of elements to randomly select: 1
Actual sparsity achieved: 0.49999977455450845
Number of elements to keep: 1108915
Threshold value: -5.932184308221622e-07
Number of elements equal to threshold: 1
Number of elements to randomly select: 1
Actual sparsity achieved: 0.49999977455450845
1.0.1.1.weight       | nonzeros =      64 /     128             ( 50.00%) | total_pruned =      64 | shape = torch.Size([4, 32, 1, 1])
1.0.1.1.bias         | nonzeros =       1 /       4             ( 25.00%) | total_pruned =       3 | shape = torch.Size([4])
1.0.2.weight         | nonzeros =       4 /       4             (100.00%) | total_pruned =       0 | shape = torch.Size([4])
1.0.2.bias           | nonzeros =       0 /       4             (  0.00%) | total_pruned =       4 | shape = torch.Size([4])
1.1.1.1.weight       | nonzeros =   19196 /   36864             ( 52.07%) | total_pruned =   17668 | shape = torch.Size([128, 32, 3, 3])
1.1.1.1.bias         | nonzeros =      87 /     128             ( 67.97%) | total_pruned =      41 | shape = torch.Size([128])
1.1.2.weight         | nonzeros =     103 /     128             ( 80.47%) | total_pruned =      25 | shape = torch.Size([128])
1.1.2.bias           | nonzeros =       0 /     128             (  0.00%) | total_pruned =     128 | shape = torch.Size([128])
1.1.4.1.weight       | nonzeros =   73114 /  147456             ( 49.58%) | total_pruned =   74342 | shape = torch.Size([128, 128, 3, 3])
1.1.4.1.bias         | nonzeros =     103 /     128             ( 80.47%) | total_pruned =      25 | shape = torch.Size([128])
1.1.5.weight         | nonzeros =      95 /     128             ( 74.22%) | total_pruned =      33 | shape = torch.Size([128])
1.1.5.bias           | nonzeros =       0 /     128             (  0.00%) | total_pruned =     128 | shape = torch.Size([128])
1.1.7.1.0.1.1.weight | nonzeros =     203 /     512             ( 39.65%) | total_pruned =     309 | shape = torch.Size([4, 128, 1, 1])
1.1.7.1.0.1.1.bias   | nonzeros =       3 /       4             ( 75.00%) | total_pruned =       1 | shape = torch.Size([4])
1.1.7.1.0.2.weight   | nonzeros =       3 /       4             ( 75.00%) | total_pruned =       1 | shape = torch.Size([4])
1.1.7.1.0.2.bias     | nonzeros =       0 /       4             (  0.00%) | total_pruned =       4 | shape = torch.Size([4])
1.1.7.1.1.1.1.weight | nonzeros =   73484 /  147456             ( 49.83%) | total_pruned =   73972 | shape = torch.Size([128, 128, 3, 3])
1.1.7.1.1.1.1.bias   | nonzeros =     105 /     128             ( 82.03%) | total_pruned =      23 | shape = torch.Size([128])
1.1.7.1.1.2.weight   | nonzeros =     102 /     128             ( 79.69%) | total_pruned =      26 | shape = torch.Size([128])
1.1.7.1.1.2.bias     | nonzeros =       0 /     128             (  0.00%) | total_pruned =     128 | shape = torch.Size([128])
1.1.7.1.1.4.1.weight | nonzeros =   74302 /  147456             ( 50.39%) | total_pruned =   73154 | shape = torch.Size([128, 128, 3, 3])
1.1.7.1.1.4.1.bias   | nonzeros =     117 /     128             ( 91.41%) | total_pruned =      11 | shape = torch.Size([128])
1.1.7.1.1.5.weight   | nonzeros =     100 /     128             ( 78.12%) | total_pruned =      28 | shape = torch.Size([128])
1.1.7.1.1.5.bias     | nonzeros =       0 /     128             (  0.00%) | total_pruned =     128 | shape = torch.Size([128])
1.1.7.1.1.7.1.0.1.1.weight | nonzeros =     227 /     512             ( 44.34%) | total_pruned =     285 | shape = torch.Size([4, 128, 1, 1])
1.1.7.1.1.7.1.0.1.1.bias | nonzeros =       1 /       4             ( 25.00%) | total_pruned =       3 | shape = torch.Size([4])
1.1.7.1.1.7.1.0.2.weight | nonzeros =       4 /       4             (100.00%) | total_pruned =       0 | shape = torch.Size([4])
1.1.7.1.1.7.1.0.2.bias | nonzeros =       0 /       4             (  0.00%) | total_pruned =       4 | shape = torch.Size([4])
1.1.7.1.1.7.1.1.1.1.weight | nonzeros =   74618 /  147456             ( 50.60%) | total_pruned =   72838 | shape = torch.Size([128, 128, 3, 3])
1.1.7.1.1.7.1.1.1.1.bias | nonzeros =     125 /     128             ( 97.66%) | total_pruned =       3 | shape = torch.Size([128])
1.1.7.1.1.7.1.1.2.weight | nonzeros =      87 /     128             ( 67.97%) | total_pruned =      41 | shape = torch.Size([128])
1.1.7.1.1.7.1.1.2.bias | nonzeros =       0 /     128             (  0.00%) | total_pruned =     128 | shape = torch.Size([128])
1.1.7.1.1.7.1.1.4.1.weight | nonzeros =   73965 /  147456             ( 50.16%) | total_pruned =   73491 | shape = torch.Size([128, 128, 3, 3])
1.1.7.1.1.7.1.1.4.1.bias | nonzeros =     127 /     128             ( 99.22%) | total_pruned =       1 | shape = torch.Size([128])
1.1.7.1.1.7.1.1.5.weight | nonzeros =      84 /     128             ( 65.62%) | total_pruned =      44 | shape = torch.Size([128])
1.1.7.1.1.7.1.1.5.bias | nonzeros =       0 /     128             (  0.00%) | total_pruned =     128 | shape = torch.Size([128])
1.1.7.1.1.7.1.1.7.1.0.1.1.weight | nonzeros =     220 /     512             ( 42.97%) | total_pruned =     292 | shape = torch.Size([4, 128, 1, 1])
1.1.7.1.1.7.1.1.7.1.0.1.1.bias | nonzeros =       3 /       4             ( 75.00%) | total_pruned =       1 | shape = torch.Size([4])
1.1.7.1.1.7.1.1.7.1.0.2.weight | nonzeros =       4 /       4             (100.00%) | total_pruned =       0 | shape = torch.Size([4])
1.1.7.1.1.7.1.1.7.1.0.2.bias | nonzeros =       0 /       4             (  0.00%) | total_pruned =       4 | shape = torch.Size([4])
1.1.7.1.1.7.1.1.7.1.1.1.1.weight | nonzeros =   74086 /  147456             ( 50.24%) | total_pruned =   73370 | shape = torch.Size([128, 128, 3, 3])
1.1.7.1.1.7.1.1.7.1.1.1.1.bias | nonzeros =     128 /     128             (100.00%) | total_pruned =       0 | shape = torch.Size([128])
1.1.7.1.1.7.1.1.7.1.1.2.weight | nonzeros =      80 /     128             ( 62.50%) | total_pruned =      48 | shape = torch.Size([128])
1.1.7.1.1.7.1.1.7.1.1.2.bias | nonzeros =       0 /     128             (  0.00%) | total_pruned =     128 | shape = torch.Size([128])
1.1.7.1.1.7.1.1.7.1.1.4.1.weight | nonzeros =   73942 /  147456             ( 50.15%) | total_pruned =   73514 | shape = torch.Size([128, 128, 3, 3])
1.1.7.1.1.7.1.1.7.1.1.4.1.bias | nonzeros =     128 /     128             (100.00%) | total_pruned =       0 | shape = torch.Size([128])
1.1.7.1.1.7.1.1.7.1.1.5.weight | nonzeros =      90 /     128             ( 70.31%) | total_pruned =      38 | shape = torch.Size([128])
1.1.7.1.1.7.1.1.7.1.1.5.bias | nonzeros =       0 /     128             (  0.00%) | total_pruned =     128 | shape = torch.Size([128])
1.1.7.1.1.7.1.1.7.1.1.7.1.0.1.1.weight | nonzeros =     254 /     512             ( 49.61%) | total_pruned =     258 | shape = torch.Size([4, 128, 1, 1])
1.1.7.1.1.7.1.1.7.1.1.7.1.0.1.1.bias | nonzeros =       4 /       4             (100.00%) | total_pruned =       0 | shape = torch.Size([4])
1.1.7.1.1.7.1.1.7.1.1.7.1.0.2.weight | nonzeros =       4 /       4             (100.00%) | total_pruned =       0 | shape = torch.Size([4])
1.1.7.1.1.7.1.1.7.1.1.7.1.0.2.bias | nonzeros =       0 /       4             (  0.00%) | total_pruned =       4 | shape = torch.Size([4])
1.1.7.1.1.7.1.1.7.1.1.7.1.1.1.1.weight | nonzeros =   73961 /  147456             ( 50.16%) | total_pruned =   73495 | shape = torch.Size([128, 128, 3, 3])
1.1.7.1.1.7.1.1.7.1.1.7.1.1.1.1.bias | nonzeros =     128 /     128             (100.00%) | total_pruned =       0 | shape = torch.Size([128])
1.1.7.1.1.7.1.1.7.1.1.7.1.1.2.weight | nonzeros =      84 /     128             ( 65.62%) | total_pruned =      44 | shape = torch.Size([128])
1.1.7.1.1.7.1.1.7.1.1.7.1.1.2.bias | nonzeros =       0 /     128             (  0.00%) | total_pruned =     128 | shape = torch.Size([128])
1.1.7.1.1.7.1.1.7.1.1.7.1.1.4.1.weight | nonzeros =   73957 /  147456             ( 50.16%) | total_pruned =   73499 | shape = torch.Size([128, 128, 3, 3])
1.1.7.1.1.7.1.1.7.1.1.7.1.1.4.1.bias | nonzeros =     128 /     128             (100.00%) | total_pruned =       0 | shape = torch.Size([128])
1.1.7.1.1.7.1.1.7.1.1.7.1.1.5.weight | nonzeros =      73 /     128             ( 57.03%) | total_pruned =      55 | shape = torch.Size([128])
1.1.7.1.1.7.1.1.7.1.1.7.1.1.5.bias | nonzeros =       0 /     128             (  0.00%) | total_pruned =     128 | shape = torch.Size([128])
1.1.7.1.1.7.1.1.7.1.1.7.2.weight | nonzeros =      71 /     132             ( 53.79%) | total_pruned =      61 | shape = torch.Size([132])
1.1.7.1.1.7.1.1.7.1.1.7.2.bias | nonzeros =       0 /     132             (  0.00%) | total_pruned =     132 | shape = torch.Size([132])
1.1.7.1.1.7.1.1.7.1.1.7.3.1.weight | nonzeros =   75323 /  152064             ( 49.53%) | total_pruned =   76741 | shape = torch.Size([128, 132, 3, 3])
1.1.7.1.1.7.1.1.7.1.1.7.3.1.bias | nonzeros =     128 /     128             (100.00%) | total_pruned =       0 | shape = torch.Size([128])
1.1.7.1.1.7.1.1.7.1.1.7.4.weight | nonzeros =      85 /     128             ( 66.41%) | total_pruned =      43 | shape = torch.Size([128])
1.1.7.1.1.7.1.1.7.1.1.7.4.bias | nonzeros =       0 /     128             (  0.00%) | total_pruned =     128 | shape = torch.Size([128])
1.1.7.1.1.7.1.1.7.1.1.7.6.1.weight | nonzeros =    8042 /   16384             ( 49.08%) | total_pruned =    8342 | shape = torch.Size([128, 128, 1, 1])
1.1.7.1.1.7.1.1.7.1.1.7.6.1.bias | nonzeros =     124 /     128             ( 96.88%) | total_pruned =       4 | shape = torch.Size([128])
1.1.7.1.1.7.1.1.7.1.1.7.7.weight | nonzeros =      24 /     128             ( 18.75%) | total_pruned =     104 | shape = torch.Size([128])
1.1.7.1.1.7.1.1.7.1.1.7.7.bias | nonzeros =       0 /     128             (  0.00%) | total_pruned =     128 | shape = torch.Size([128])
1.1.7.1.1.7.1.1.7.2.weight | nonzeros =      26 /     132             ( 19.70%) | total_pruned =     106 | shape = torch.Size([132])
1.1.7.1.1.7.1.1.7.2.bias | nonzeros =       0 /     132             (  0.00%) | total_pruned =     132 | shape = torch.Size([132])
1.1.7.1.1.7.1.1.7.3.1.weight | nonzeros =   74381 /  152064             ( 48.91%) | total_pruned =   77683 | shape = torch.Size([128, 132, 3, 3])
1.1.7.1.1.7.1.1.7.3.1.bias | nonzeros =     122 /     128             ( 95.31%) | total_pruned =       6 | shape = torch.Size([128])
1.1.7.1.1.7.1.1.7.4.weight | nonzeros =      94 /     128             ( 73.44%) | total_pruned =      34 | shape = torch.Size([128])
1.1.7.1.1.7.1.1.7.4.bias | nonzeros =       0 /     128             (  0.00%) | total_pruned =     128 | shape = torch.Size([128])
1.1.7.1.1.7.1.1.7.6.1.weight | nonzeros =    8181 /   16384             ( 49.93%) | total_pruned =    8203 | shape = torch.Size([128, 128, 1, 1])
1.1.7.1.1.7.1.1.7.6.1.bias | nonzeros =     121 /     128             ( 94.53%) | total_pruned =       7 | shape = torch.Size([128])
1.1.7.1.1.7.1.1.7.7.weight | nonzeros =      50 /     128             ( 39.06%) | total_pruned =      78 | shape = torch.Size([128])
1.1.7.1.1.7.1.1.7.7.bias | nonzeros =       0 /     128             (  0.00%) | total_pruned =     128 | shape = torch.Size([128])
1.1.7.1.1.7.2.weight | nonzeros =      49 /     132             ( 37.12%) | total_pruned =      83 | shape = torch.Size([132])
1.1.7.1.1.7.2.bias   | nonzeros =       0 /     132             (  0.00%) | total_pruned =     132 | shape = torch.Size([132])
1.1.7.1.1.7.3.1.weight | nonzeros =   74409 /  152064             ( 48.93%) | total_pruned =   77655 | shape = torch.Size([128, 132, 3, 3])
1.1.7.1.1.7.3.1.bias | nonzeros =     114 /     128             ( 89.06%) | total_pruned =      14 | shape = torch.Size([128])
1.1.7.1.1.7.4.weight | nonzeros =      93 /     128             ( 72.66%) | total_pruned =      35 | shape = torch.Size([128])
1.1.7.1.1.7.4.bias   | nonzeros =       0 /     128             (  0.00%) | total_pruned =     128 | shape = torch.Size([128])
1.1.7.1.1.7.6.1.weight | nonzeros =    8335 /   16384             ( 50.87%) | total_pruned =    8049 | shape = torch.Size([128, 128, 1, 1])
1.1.7.1.1.7.6.1.bias | nonzeros =     117 /     128             ( 91.41%) | total_pruned =      11 | shape = torch.Size([128])
1.1.7.1.1.7.7.weight | nonzeros =      68 /     128             ( 53.12%) | total_pruned =      60 | shape = torch.Size([128])
1.1.7.1.1.7.7.bias   | nonzeros =       0 /     128             (  0.00%) | total_pruned =     128 | shape = torch.Size([128])
1.1.7.2.weight       | nonzeros =      62 /     132             ( 46.97%) | total_pruned =      70 | shape = torch.Size([132])
1.1.7.2.bias         | nonzeros =       0 /     132             (  0.00%) | total_pruned =     132 | shape = torch.Size([132])
1.1.7.3.1.weight     | nonzeros =   74671 /  152064             ( 49.10%) | total_pruned =   77393 | shape = torch.Size([128, 132, 3, 3])
1.1.7.3.1.bias       | nonzeros =     112 /     128             ( 87.50%) | total_pruned =      16 | shape = torch.Size([128])
1.1.7.4.weight       | nonzeros =      96 /     128             ( 75.00%) | total_pruned =      32 | shape = torch.Size([128])
1.1.7.4.bias         | nonzeros =       0 /     128             (  0.00%) | total_pruned =     128 | shape = torch.Size([128])
1.1.7.6.1.weight     | nonzeros =    8296 /   16384             ( 50.63%) | total_pruned =    8088 | shape = torch.Size([128, 128, 1, 1])
1.1.7.6.1.bias       | nonzeros =     112 /     128             ( 87.50%) | total_pruned =      16 | shape = torch.Size([128])
1.1.7.7.weight       | nonzeros =      88 /     128             ( 68.75%) | total_pruned =      40 | shape = torch.Size([128])
1.1.7.7.bias         | nonzeros =       0 /     128             (  0.00%) | total_pruned =     128 | shape = torch.Size([128])
2.weight             | nonzeros =      92 /     132             ( 69.70%) | total_pruned =      40 | shape = torch.Size([132])
2.bias               | nonzeros =       0 /     132             (  0.00%) | total_pruned =     132 | shape = torch.Size([132])
3.1.weight           | nonzeros =   75284 /  152064             ( 49.51%) | total_pruned =   76780 | shape = torch.Size([128, 132, 3, 3])
3.1.bias             | nonzeros =     108 /     128             ( 84.38%) | total_pruned =      20 | shape = torch.Size([128])
4.weight             | nonzeros =     108 /     128             ( 84.38%) | total_pruned =      20 | shape = torch.Size([128])
4.bias               | nonzeros =       0 /     128             (  0.00%) | total_pruned =     128 | shape = torch.Size([128])
6.1.weight           | nonzeros =    8638 /   16384             ( 52.72%) | total_pruned =    7746 | shape = torch.Size([128, 128, 1, 1])
6.1.bias             | nonzeros =      96 /     128             ( 75.00%) | total_pruned =      32 | shape = torch.Size([128])
7.weight             | nonzeros =      86 /     128             ( 67.19%) | total_pruned =      42 | shape = torch.Size([128])
7.bias               | nonzeros =       0 /     128             (  0.00%) | total_pruned =     128 | shape = torch.Size([128])
9.1.weight           | nonzeros =     169 /     384             ( 44.01%) | total_pruned =     215 | shape = torch.Size([3, 128, 1, 1])
9.1.bias             | nonzeros =       1 /       3             ( 33.33%) | total_pruned =       2 | shape = torch.Size([3])
alive: 1105674, pruned : 1112157, total: 2217831, Compression rate :       2.01x  ( 50.15% pruned)
(3, 512, 512) (3, 512, 512) (3, 512, 512)
PSNR of output image is:  31.93455739918145
Experiment done
