(3, 512, 512)
Noisy PSNR is '21.1287283900257'
(3, 512, 512) (3, 512, 512) torch.Size([1, 32, 512, 512])
Starting optimization with optimizer 'SAM'
Output directory: data/denoising/face/mask/0/sparsity/skip/det/0.5/1e-09
epoch:  0 quantization_loss:  0.13933657109737396
p mean is: tensor(5.3765e-07, device='cuda:0')
epoch:  1000 quantization_loss:  0.0777774527668953
p mean is: tensor(0.0002, device='cuda:0')
epoch:  2000 quantization_loss:  0.07213597744703293
p mean is: tensor(0.0009, device='cuda:0')
epoch:  3000 quantization_loss:  0.06738749146461487
p mean is: tensor(0.0012, device='cuda:0')
epoch:  4000 quantization_loss:  0.06845486909151077
p mean is: tensor(0.0013, device='cuda:0')
epoch:  5000 quantization_loss:  0.06717126816511154
p mean is: tensor(0.0014, device='cuda:0')
epoch:  6000 quantization_loss:  0.06757789850234985
p mean is: tensor(0.0019, device='cuda:0')
epoch:  7000 quantization_loss:  0.06711935251951218
p mean is: tensor(0.0023, device='cuda:0')
epoch:  8000 quantization_loss:  0.06674855947494507
p mean is: tensor(0.0021, device='cuda:0')
epoch:  9000 quantization_loss:  0.06530560553073883
p mean is: tensor(0.0021, device='cuda:0')
epoch:  10000 quantization_loss:  0.06712297350168228
p mean is: tensor(0.0024, device='cuda:0')
epoch:  11000 quantization_loss:  0.06592276692390442
p mean is: tensor(0.0020, device='cuda:0')
epoch:  12000 quantization_loss:  0.06181006506085396
p mean is: tensor(0.0010, device='cuda:0')
epoch:  13000 quantization_loss:  0.041617363691329956
p mean is: tensor(-0.0002, device='cuda:0')
epoch:  14000 quantization_loss:  0.027134597301483154
p mean is: tensor(-0.0013, device='cuda:0')
epoch:  15000 quantization_loss:  0.023729601874947548
p mean is: tensor(-0.0024, device='cuda:0')
epoch:  16000 quantization_loss:  0.023411046713590622
p mean is: tensor(-0.0032, device='cuda:0')
epoch:  17000 quantization_loss:  0.02099474146962166
p mean is: tensor(-0.0036, device='cuda:0')
epoch:  18000 quantization_loss:  0.020735669881105423
p mean is: tensor(-0.0038, device='cuda:0')
epoch:  19000 quantization_loss:  0.019979136064648628
p mean is: tensor(-0.0039, device='cuda:0')
epoch:  20000 quantization_loss:  0.019628265872597694
p mean is: tensor(-0.0040, device='cuda:0')
epoch:  21000 quantization_loss:  0.01884547993540764
p mean is: tensor(-0.0041, device='cuda:0')
epoch:  22000 quantization_loss:  0.018199266865849495
p mean is: tensor(-0.0040, device='cuda:0')
epoch:  23000 quantization_loss:  0.017408721148967743
p mean is: tensor(-0.0038, device='cuda:0')
epoch:  24000 quantization_loss:  0.01708102971315384
p mean is: tensor(-0.0035, device='cuda:0')
epoch:  25000 quantization_loss:  0.01672881655395031
p mean is: tensor(-0.0033, device='cuda:0')
epoch:  26000 quantization_loss:  0.01628105528652668
p mean is: tensor(-0.0028, device='cuda:0')
epoch:  27000 quantization_loss:  0.01603785902261734
p mean is: tensor(-0.0021, device='cuda:0')
epoch:  28000 quantization_loss:  0.01589030958712101
p mean is: tensor(-0.0013, device='cuda:0')
epoch:  29000 quantization_loss:  0.01568656787276268
p mean is: tensor(-0.0006, device='cuda:0')
epoch:  30000 quantization_loss:  0.015575357712805271
p mean is: tensor(0.0002, device='cuda:0')
epoch:  31000 quantization_loss:  0.015529238618910313
p mean is: tensor(0.0014, device='cuda:0')
epoch:  32000 quantization_loss:  0.01547845359891653
p mean is: tensor(0.0025, device='cuda:0')
epoch:  33000 quantization_loss:  0.01547739002853632
p mean is: tensor(0.0036, device='cuda:0')
epoch:  34000 quantization_loss:  0.015119791030883789
p mean is: tensor(0.0047, device='cuda:0')
epoch:  35000 quantization_loss:  0.015016547404229641
p mean is: tensor(0.0057, device='cuda:0')
epoch:  36000 quantization_loss:  0.01495344191789627
p mean is: tensor(0.0068, device='cuda:0')
epoch:  37000 quantization_loss:  0.014935159124433994
p mean is: tensor(0.0077, device='cuda:0')
epoch:  38000 quantization_loss:  0.014895251020789146
p mean is: tensor(0.0088, device='cuda:0')
epoch:  39000 quantization_loss:  0.014880873262882233
p mean is: tensor(0.0099, device='cuda:0')
epoch:  40000 quantization_loss:  0.014833105728030205
p mean is: tensor(0.0107, device='cuda:0')
epoch:  41000 quantization_loss:  0.014729165472090244
p mean is: tensor(0.0116, device='cuda:0')
epoch:  42000 quantization_loss:  0.014683960936963558
p mean is: tensor(0.0124, device='cuda:0')
epoch:  43000 quantization_loss:  0.014652163721621037
p mean is: tensor(0.0133, device='cuda:0')
epoch:  44000 quantization_loss:  0.01464882493019104
p mean is: tensor(0.0140, device='cuda:0')
epoch:  45000 quantization_loss:  0.014606896787881851
p mean is: tensor(0.0147, device='cuda:0')
epoch:  46000 quantization_loss:  0.014604839496314526
p mean is: tensor(0.0154, device='cuda:0')
epoch:  47000 quantization_loss:  0.014584604650735855
p mean is: tensor(0.0161, device='cuda:0')
epoch:  48000 quantization_loss:  0.014583599753677845
p mean is: tensor(0.0167, device='cuda:0')
epoch:  49000 quantization_loss:  0.014539319090545177
p mean is: tensor(0.0173, device='cuda:0')
epoch:  50000 quantization_loss:  0.014557924121618271
p mean is: tensor(0.0180, device='cuda:0')
epoch:  51000 quantization_loss:  0.01452079601585865
p mean is: tensor(0.0186, device='cuda:0')
epoch:  52000 quantization_loss:  0.015121592208743095
p mean is: tensor(0.0192, device='cuda:0')
epoch:  53000 quantization_loss:  0.014515470713376999
p mean is: tensor(0.0196, device='cuda:0')
epoch:  54000 quantization_loss:  0.014516408555209637
p mean is: tensor(0.0202, device='cuda:0')
epoch:  55000 quantization_loss:  0.014471248723566532
p mean is: tensor(0.0207, device='cuda:0')
epoch:  56000 quantization_loss:  0.014455599710345268
p mean is: tensor(0.0212, device='cuda:0')
epoch:  57000 quantization_loss:  0.014437414705753326
p mean is: tensor(0.0216, device='cuda:0')
epoch:  58000 quantization_loss:  0.014460918493568897
p mean is: tensor(0.0221, device='cuda:0')
epoch:  59000 quantization_loss:  0.014456598088145256
p mean is: tensor(0.0223, device='cuda:0')
Number of elements to keep: 1108915
Threshold value: -1.5793492593729752e-06
Number of elements equal to threshold: 1
Number of elements to randomly select: 1
Actual sparsity achieved: 0.49999977455450845
Number of elements to keep: 1108915
Threshold value: -1.5793492593729752e-06
Number of elements equal to threshold: 1
Number of elements to randomly select: 1
Actual sparsity achieved: 0.49999977455450845
1.0.1.1.weight       | nonzeros =      51 /     128             ( 39.84%) | total_pruned =      77 | shape = torch.Size([4, 32, 1, 1])
1.0.1.1.bias         | nonzeros =       4 /       4             (100.00%) | total_pruned =       0 | shape = torch.Size([4])
1.0.2.weight         | nonzeros =       4 /       4             (100.00%) | total_pruned =       0 | shape = torch.Size([4])
1.0.2.bias           | nonzeros =       0 /       4             (  0.00%) | total_pruned =       4 | shape = torch.Size([4])
1.1.1.1.weight       | nonzeros =   19262 /   36864             ( 52.25%) | total_pruned =   17602 | shape = torch.Size([128, 32, 3, 3])
1.1.1.1.bias         | nonzeros =      76 /     128             ( 59.38%) | total_pruned =      52 | shape = torch.Size([128])
1.1.2.weight         | nonzeros =     101 /     128             ( 78.91%) | total_pruned =      27 | shape = torch.Size([128])
1.1.2.bias           | nonzeros =       0 /     128             (  0.00%) | total_pruned =     128 | shape = torch.Size([128])
1.1.4.1.weight       | nonzeros =   74287 /  147456             ( 50.38%) | total_pruned =   73169 | shape = torch.Size([128, 128, 3, 3])
1.1.4.1.bias         | nonzeros =     110 /     128             ( 85.94%) | total_pruned =      18 | shape = torch.Size([128])
1.1.5.weight         | nonzeros =     107 /     128             ( 83.59%) | total_pruned =      21 | shape = torch.Size([128])
1.1.5.bias           | nonzeros =       0 /     128             (  0.00%) | total_pruned =     128 | shape = torch.Size([128])
1.1.7.1.0.1.1.weight | nonzeros =     274 /     512             ( 53.52%) | total_pruned =     238 | shape = torch.Size([4, 128, 1, 1])
1.1.7.1.0.1.1.bias   | nonzeros =       4 /       4             (100.00%) | total_pruned =       0 | shape = torch.Size([4])
1.1.7.1.0.2.weight   | nonzeros =       0 /       4             (  0.00%) | total_pruned =       4 | shape = torch.Size([4])
1.1.7.1.0.2.bias     | nonzeros =       0 /       4             (  0.00%) | total_pruned =       4 | shape = torch.Size([4])
1.1.7.1.1.1.1.weight | nonzeros =   74446 /  147456             ( 50.49%) | total_pruned =   73010 | shape = torch.Size([128, 128, 3, 3])
1.1.7.1.1.1.1.bias   | nonzeros =     126 /     128             ( 98.44%) | total_pruned =       2 | shape = torch.Size([128])
1.1.7.1.1.2.weight   | nonzeros =     106 /     128             ( 82.81%) | total_pruned =      22 | shape = torch.Size([128])
1.1.7.1.1.2.bias     | nonzeros =       0 /     128             (  0.00%) | total_pruned =     128 | shape = torch.Size([128])
1.1.7.1.1.4.1.weight | nonzeros =   74294 /  147456             ( 50.38%) | total_pruned =   73162 | shape = torch.Size([128, 128, 3, 3])
1.1.7.1.1.4.1.bias   | nonzeros =     127 /     128             ( 99.22%) | total_pruned =       1 | shape = torch.Size([128])
1.1.7.1.1.5.weight   | nonzeros =      92 /     128             ( 71.88%) | total_pruned =      36 | shape = torch.Size([128])
1.1.7.1.1.5.bias     | nonzeros =       0 /     128             (  0.00%) | total_pruned =     128 | shape = torch.Size([128])
1.1.7.1.1.7.1.0.1.1.weight | nonzeros =     254 /     512             ( 49.61%) | total_pruned =     258 | shape = torch.Size([4, 128, 1, 1])
1.1.7.1.1.7.1.0.1.1.bias | nonzeros =       4 /       4             (100.00%) | total_pruned =       0 | shape = torch.Size([4])
1.1.7.1.1.7.1.0.2.weight | nonzeros =       1 /       4             ( 25.00%) | total_pruned =       3 | shape = torch.Size([4])
1.1.7.1.1.7.1.0.2.bias | nonzeros =       0 /       4             (  0.00%) | total_pruned =       4 | shape = torch.Size([4])
1.1.7.1.1.7.1.1.1.1.weight | nonzeros =   74022 /  147456             ( 50.20%) | total_pruned =   73434 | shape = torch.Size([128, 128, 3, 3])
1.1.7.1.1.7.1.1.1.1.bias | nonzeros =     128 /     128             (100.00%) | total_pruned =       0 | shape = torch.Size([128])
1.1.7.1.1.7.1.1.2.weight | nonzeros =      77 /     128             ( 60.16%) | total_pruned =      51 | shape = torch.Size([128])
1.1.7.1.1.7.1.1.2.bias | nonzeros =       0 /     128             (  0.00%) | total_pruned =     128 | shape = torch.Size([128])
1.1.7.1.1.7.1.1.4.1.weight | nonzeros =   73435 /  147456             ( 49.80%) | total_pruned =   74021 | shape = torch.Size([128, 128, 3, 3])
1.1.7.1.1.7.1.1.4.1.bias | nonzeros =     128 /     128             (100.00%) | total_pruned =       0 | shape = torch.Size([128])
1.1.7.1.1.7.1.1.5.weight | nonzeros =      83 /     128             ( 64.84%) | total_pruned =      45 | shape = torch.Size([128])
1.1.7.1.1.7.1.1.5.bias | nonzeros =       0 /     128             (  0.00%) | total_pruned =     128 | shape = torch.Size([128])
1.1.7.1.1.7.1.1.7.1.0.1.1.weight | nonzeros =     234 /     512             ( 45.70%) | total_pruned =     278 | shape = torch.Size([4, 128, 1, 1])
1.1.7.1.1.7.1.1.7.1.0.1.1.bias | nonzeros =       4 /       4             (100.00%) | total_pruned =       0 | shape = torch.Size([4])
1.1.7.1.1.7.1.1.7.1.0.2.weight | nonzeros =       3 /       4             ( 75.00%) | total_pruned =       1 | shape = torch.Size([4])
1.1.7.1.1.7.1.1.7.1.0.2.bias | nonzeros =       0 /       4             (  0.00%) | total_pruned =       4 | shape = torch.Size([4])
1.1.7.1.1.7.1.1.7.1.1.1.1.weight | nonzeros =   73688 /  147456             ( 49.97%) | total_pruned =   73768 | shape = torch.Size([128, 128, 3, 3])
1.1.7.1.1.7.1.1.7.1.1.1.1.bias | nonzeros =     128 /     128             (100.00%) | total_pruned =       0 | shape = torch.Size([128])
1.1.7.1.1.7.1.1.7.1.1.2.weight | nonzeros =      83 /     128             ( 64.84%) | total_pruned =      45 | shape = torch.Size([128])
1.1.7.1.1.7.1.1.7.1.1.2.bias | nonzeros =       0 /     128             (  0.00%) | total_pruned =     128 | shape = torch.Size([128])
1.1.7.1.1.7.1.1.7.1.1.4.1.weight | nonzeros =   73438 /  147456             ( 49.80%) | total_pruned =   74018 | shape = torch.Size([128, 128, 3, 3])
1.1.7.1.1.7.1.1.7.1.1.4.1.bias | nonzeros =     128 /     128             (100.00%) | total_pruned =       0 | shape = torch.Size([128])
1.1.7.1.1.7.1.1.7.1.1.5.weight | nonzeros =      78 /     128             ( 60.94%) | total_pruned =      50 | shape = torch.Size([128])
1.1.7.1.1.7.1.1.7.1.1.5.bias | nonzeros =       0 /     128             (  0.00%) | total_pruned =     128 | shape = torch.Size([128])
1.1.7.1.1.7.1.1.7.1.1.7.1.0.1.1.weight | nonzeros =     256 /     512             ( 50.00%) | total_pruned =     256 | shape = torch.Size([4, 128, 1, 1])
1.1.7.1.1.7.1.1.7.1.1.7.1.0.1.1.bias | nonzeros =       4 /       4             (100.00%) | total_pruned =       0 | shape = torch.Size([4])
1.1.7.1.1.7.1.1.7.1.1.7.1.0.2.weight | nonzeros =       4 /       4             (100.00%) | total_pruned =       0 | shape = torch.Size([4])
1.1.7.1.1.7.1.1.7.1.1.7.1.0.2.bias | nonzeros =       0 /       4             (  0.00%) | total_pruned =       4 | shape = torch.Size([4])
1.1.7.1.1.7.1.1.7.1.1.7.1.1.1.1.weight | nonzeros =   73484 /  147456             ( 49.83%) | total_pruned =   73972 | shape = torch.Size([128, 128, 3, 3])
1.1.7.1.1.7.1.1.7.1.1.7.1.1.1.1.bias | nonzeros =     128 /     128             (100.00%) | total_pruned =       0 | shape = torch.Size([128])
1.1.7.1.1.7.1.1.7.1.1.7.1.1.2.weight | nonzeros =      85 /     128             ( 66.41%) | total_pruned =      43 | shape = torch.Size([128])
1.1.7.1.1.7.1.1.7.1.1.7.1.1.2.bias | nonzeros =       0 /     128             (  0.00%) | total_pruned =     128 | shape = torch.Size([128])
1.1.7.1.1.7.1.1.7.1.1.7.1.1.4.1.weight | nonzeros =   73768 /  147456             ( 50.03%) | total_pruned =   73688 | shape = torch.Size([128, 128, 3, 3])
1.1.7.1.1.7.1.1.7.1.1.7.1.1.4.1.bias | nonzeros =     128 /     128             (100.00%) | total_pruned =       0 | shape = torch.Size([128])
1.1.7.1.1.7.1.1.7.1.1.7.1.1.5.weight | nonzeros =      78 /     128             ( 60.94%) | total_pruned =      50 | shape = torch.Size([128])
1.1.7.1.1.7.1.1.7.1.1.7.1.1.5.bias | nonzeros =       0 /     128             (  0.00%) | total_pruned =     128 | shape = torch.Size([128])
1.1.7.1.1.7.1.1.7.1.1.7.2.weight | nonzeros =      75 /     132             ( 56.82%) | total_pruned =      57 | shape = torch.Size([132])
1.1.7.1.1.7.1.1.7.1.1.7.2.bias | nonzeros =       0 /     132             (  0.00%) | total_pruned =     132 | shape = torch.Size([132])
1.1.7.1.1.7.1.1.7.1.1.7.3.1.weight | nonzeros =   75326 /  152064             ( 49.54%) | total_pruned =   76738 | shape = torch.Size([128, 132, 3, 3])
1.1.7.1.1.7.1.1.7.1.1.7.3.1.bias | nonzeros =     128 /     128             (100.00%) | total_pruned =       0 | shape = torch.Size([128])
1.1.7.1.1.7.1.1.7.1.1.7.4.weight | nonzeros =      89 /     128             ( 69.53%) | total_pruned =      39 | shape = torch.Size([128])
1.1.7.1.1.7.1.1.7.1.1.7.4.bias | nonzeros =       0 /     128             (  0.00%) | total_pruned =     128 | shape = torch.Size([128])
1.1.7.1.1.7.1.1.7.1.1.7.6.1.weight | nonzeros =    8214 /   16384             ( 50.13%) | total_pruned =    8170 | shape = torch.Size([128, 128, 1, 1])
1.1.7.1.1.7.1.1.7.1.1.7.6.1.bias | nonzeros =     123 /     128             ( 96.09%) | total_pruned =       5 | shape = torch.Size([128])
1.1.7.1.1.7.1.1.7.1.1.7.7.weight | nonzeros =      71 /     128             ( 55.47%) | total_pruned =      57 | shape = torch.Size([128])
1.1.7.1.1.7.1.1.7.1.1.7.7.bias | nonzeros =       0 /     128             (  0.00%) | total_pruned =     128 | shape = torch.Size([128])
1.1.7.1.1.7.1.1.7.2.weight | nonzeros =      59 /     132             ( 44.70%) | total_pruned =      73 | shape = torch.Size([132])
1.1.7.1.1.7.1.1.7.2.bias | nonzeros =       0 /     132             (  0.00%) | total_pruned =     132 | shape = torch.Size([132])
1.1.7.1.1.7.1.1.7.3.1.weight | nonzeros =   75083 /  152064             ( 49.38%) | total_pruned =   76981 | shape = torch.Size([128, 132, 3, 3])
1.1.7.1.1.7.1.1.7.3.1.bias | nonzeros =     125 /     128             ( 97.66%) | total_pruned =       3 | shape = torch.Size([128])
1.1.7.1.1.7.1.1.7.4.weight | nonzeros =      93 /     128             ( 72.66%) | total_pruned =      35 | shape = torch.Size([128])
1.1.7.1.1.7.1.1.7.4.bias | nonzeros =       0 /     128             (  0.00%) | total_pruned =     128 | shape = torch.Size([128])
1.1.7.1.1.7.1.1.7.6.1.weight | nonzeros =    8180 /   16384             ( 49.93%) | total_pruned =    8204 | shape = torch.Size([128, 128, 1, 1])
1.1.7.1.1.7.1.1.7.6.1.bias | nonzeros =     123 /     128             ( 96.09%) | total_pruned =       5 | shape = torch.Size([128])
1.1.7.1.1.7.1.1.7.7.weight | nonzeros =      37 /     128             ( 28.91%) | total_pruned =      91 | shape = torch.Size([128])
1.1.7.1.1.7.1.1.7.7.bias | nonzeros =       0 /     128             (  0.00%) | total_pruned =     128 | shape = torch.Size([128])
1.1.7.1.1.7.2.weight | nonzeros =      31 /     132             ( 23.48%) | total_pruned =     101 | shape = torch.Size([132])
1.1.7.1.1.7.2.bias   | nonzeros =       0 /     132             (  0.00%) | total_pruned =     132 | shape = torch.Size([132])
1.1.7.1.1.7.3.1.weight | nonzeros =   74891 /  152064             ( 49.25%) | total_pruned =   77173 | shape = torch.Size([128, 132, 3, 3])
1.1.7.1.1.7.3.1.bias | nonzeros =     118 /     128             ( 92.19%) | total_pruned =      10 | shape = torch.Size([128])
1.1.7.1.1.7.4.weight | nonzeros =      75 /     128             ( 58.59%) | total_pruned =      53 | shape = torch.Size([128])
1.1.7.1.1.7.4.bias   | nonzeros =       0 /     128             (  0.00%) | total_pruned =     128 | shape = torch.Size([128])
1.1.7.1.1.7.6.1.weight | nonzeros =    7900 /   16384             ( 48.22%) | total_pruned =    8484 | shape = torch.Size([128, 128, 1, 1])
1.1.7.1.1.7.6.1.bias | nonzeros =     122 /     128             ( 95.31%) | total_pruned =       6 | shape = torch.Size([128])
1.1.7.1.1.7.7.weight | nonzeros =      69 /     128             ( 53.91%) | total_pruned =      59 | shape = torch.Size([128])
1.1.7.1.1.7.7.bias   | nonzeros =       0 /     128             (  0.00%) | total_pruned =     128 | shape = torch.Size([128])
1.1.7.2.weight       | nonzeros =      68 /     132             ( 51.52%) | total_pruned =      64 | shape = torch.Size([132])
1.1.7.2.bias         | nonzeros =       0 /     132             (  0.00%) | total_pruned =     132 | shape = torch.Size([132])
1.1.7.3.1.weight     | nonzeros =   75835 /  152064             ( 49.87%) | total_pruned =   76229 | shape = torch.Size([128, 132, 3, 3])
1.1.7.3.1.bias       | nonzeros =     128 /     128             (100.00%) | total_pruned =       0 | shape = torch.Size([128])
1.1.7.4.weight       | nonzeros =      76 /     128             ( 59.38%) | total_pruned =      52 | shape = torch.Size([128])
1.1.7.4.bias         | nonzeros =       0 /     128             (  0.00%) | total_pruned =     128 | shape = torch.Size([128])
1.1.7.6.1.weight     | nonzeros =    8009 /   16384             ( 48.88%) | total_pruned =    8375 | shape = torch.Size([128, 128, 1, 1])
1.1.7.6.1.bias       | nonzeros =     111 /     128             ( 86.72%) | total_pruned =      17 | shape = torch.Size([128])
1.1.7.7.weight       | nonzeros =      78 /     128             ( 60.94%) | total_pruned =      50 | shape = torch.Size([128])
1.1.7.7.bias         | nonzeros =       0 /     128             (  0.00%) | total_pruned =     128 | shape = torch.Size([128])
2.weight             | nonzeros =      76 /     132             ( 57.58%) | total_pruned =      56 | shape = torch.Size([132])
2.bias               | nonzeros =       0 /     132             (  0.00%) | total_pruned =     132 | shape = torch.Size([132])
3.1.weight           | nonzeros =   74275 /  152064             ( 48.84%) | total_pruned =   77789 | shape = torch.Size([128, 132, 3, 3])
3.1.bias             | nonzeros =     122 /     128             ( 95.31%) | total_pruned =       6 | shape = torch.Size([128])
4.weight             | nonzeros =     104 /     128             ( 81.25%) | total_pruned =      24 | shape = torch.Size([128])
4.bias               | nonzeros =       0 /     128             (  0.00%) | total_pruned =     128 | shape = torch.Size([128])
6.1.weight           | nonzeros =    8126 /   16384             ( 49.60%) | total_pruned =    8258 | shape = torch.Size([128, 128, 1, 1])
6.1.bias             | nonzeros =      78 /     128             ( 60.94%) | total_pruned =      50 | shape = torch.Size([128])
7.weight             | nonzeros =     119 /     128             ( 92.97%) | total_pruned =       9 | shape = torch.Size([128])
7.bias               | nonzeros =       0 /     128             (  0.00%) | total_pruned =     128 | shape = torch.Size([128])
9.1.weight           | nonzeros =     215 /     384             ( 55.99%) | total_pruned =     169 | shape = torch.Size([3, 128, 1, 1])
9.1.bias             | nonzeros =       1 /       3             ( 33.33%) | total_pruned =       2 | shape = torch.Size([3])
alive: 1105675, pruned : 1112156, total: 2217831, Compression rate :       2.01x  ( 50.15% pruned)
(3, 512, 512) (3, 512, 512) (3, 512, 512)
PSNR of output image is:  20.72386784791142
Experiment done
