Starting vanilla DIP on 4 using SAM(sigma=0.1,lr=0.01,decay=0,beta=0)
Noisy PSNR is '19.759993055002656'
(3, 512, 512) (3, 512, 512) torch.Size([1, 32, 512, 512])
Starting optimization with optimizer 'SAM'
Output directory: data/denoising/Set14/mask/4/SAM(sigma=0.1,lr=0.01,decay=0,beta=0)/det/0.0/0.0
epoch:  0 quantization_loss:  0.05722438916563988
p mean is: tensor(2.0956e-06, device='cuda:2')
epoch:  1000 quantization_loss:  0.05177314206957817
p mean is: tensor(0.0003, device='cuda:2')
epoch:  2000 quantization_loss:  0.04686533659696579
p mean is: tensor(0.0005, device='cuda:2')
epoch:  3000 quantization_loss:  0.044854890555143356
p mean is: tensor(0.0007, device='cuda:2')
epoch:  4000 quantization_loss:  0.044751621782779694
p mean is: tensor(0.0007, device='cuda:2')
epoch:  5000 quantization_loss:  0.0447678379714489
p mean is: tensor(0.0009, device='cuda:2')
epoch:  6000 quantization_loss:  0.04436817765235901
p mean is: tensor(0.0009, device='cuda:2')
epoch:  7000 quantization_loss:  0.04388737678527832
p mean is: tensor(0.0007, device='cuda:2')
epoch:  8000 quantization_loss:  0.043768495321273804
p mean is: tensor(0.0004, device='cuda:2')
epoch:  9000 quantization_loss:  0.039458513259887695
p mean is: tensor(-6.6374e-05, device='cuda:2')
epoch:  10000 quantization_loss:  0.03546544164419174
p mean is: tensor(-0.0005, device='cuda:2')
epoch:  11000 quantization_loss:  0.02823217585682869
p mean is: tensor(-0.0011, device='cuda:2')
epoch:  12000 quantization_loss:  0.02557777427136898
p mean is: tensor(-0.0018, device='cuda:2')
epoch:  13000 quantization_loss:  0.024186914786696434
p mean is: tensor(-0.0024, device='cuda:2')
epoch:  14000 quantization_loss:  0.022799020633101463
p mean is: tensor(-0.0028, device='cuda:2')
epoch:  15000 quantization_loss:  0.02106797695159912
p mean is: tensor(-0.0031, device='cuda:2')
epoch:  16000 quantization_loss:  0.02034795843064785
p mean is: tensor(-0.0034, device='cuda:2')
epoch:  17000 quantization_loss:  0.020226849243044853
p mean is: tensor(-0.0036, device='cuda:2')
epoch:  18000 quantization_loss:  0.019228164106607437
p mean is: tensor(-0.0036, device='cuda:2')
epoch:  19000 quantization_loss:  0.01995103806257248
p mean is: tensor(-0.0037, device='cuda:2')
epoch:  20000 quantization_loss:  0.018818296492099762
p mean is: tensor(-0.0035, device='cuda:2')
epoch:  21000 quantization_loss:  0.01831907406449318
p mean is: tensor(-0.0034, device='cuda:2')
epoch:  22000 quantization_loss:  0.018159743398427963
p mean is: tensor(-0.0034, device='cuda:2')
epoch:  23000 quantization_loss:  0.01797132007777691
p mean is: tensor(-0.0033, device='cuda:2')
epoch:  24000 quantization_loss:  0.017908340319991112
p mean is: tensor(-0.0031, device='cuda:2')
epoch:  25000 quantization_loss:  0.017748817801475525
p mean is: tensor(-0.0030, device='cuda:2')
epoch:  26000 quantization_loss:  0.018174834549427032
p mean is: tensor(-0.0028, device='cuda:2')
epoch:  27000 quantization_loss:  0.01756751351058483
p mean is: tensor(-0.0026, device='cuda:2')
epoch:  28000 quantization_loss:  0.017478838562965393
p mean is: tensor(-0.0023, device='cuda:2')
epoch:  29000 quantization_loss:  0.017345864325761795
p mean is: tensor(-0.0022, device='cuda:2')
epoch:  30000 quantization_loss:  0.017266664654016495
p mean is: tensor(-0.0020, device='cuda:2')
epoch:  31000 quantization_loss:  0.017264114692807198
p mean is: tensor(-0.0018, device='cuda:2')
epoch:  32000 quantization_loss:  0.017179027199745178
p mean is: tensor(-0.0018, device='cuda:2')
epoch:  33000 quantization_loss:  0.01714533567428589
p mean is: tensor(-0.0016, device='cuda:2')
epoch:  34000 quantization_loss:  0.017115265130996704
p mean is: tensor(-0.0015, device='cuda:2')
epoch:  35000 quantization_loss:  0.017025422304868698
p mean is: tensor(-0.0015, device='cuda:2')
epoch:  36000 quantization_loss:  0.016998007893562317
p mean is: tensor(-0.0014, device='cuda:2')
epoch:  37000 quantization_loss:  0.016964001581072807
p mean is: tensor(-0.0013, device='cuda:2')
epoch:  38000 quantization_loss:  0.01691463775932789
p mean is: tensor(-0.0012, device='cuda:2')
epoch:  39000 quantization_loss:  0.01687224581837654
p mean is: tensor(-0.0011, device='cuda:2')
epoch:  40000 quantization_loss:  0.016861746087670326
p mean is: tensor(-0.0011, device='cuda:2')
epoch:  41000 quantization_loss:  0.01689302921295166
p mean is: tensor(-0.0011, device='cuda:2')
epoch:  42000 quantization_loss:  0.016789663583040237
p mean is: tensor(-0.0010, device='cuda:2')
epoch:  43000 quantization_loss:  0.016768679022789
p mean is: tensor(-0.0011, device='cuda:2')
epoch:  44000 quantization_loss:  0.01676052063703537
p mean is: tensor(-0.0011, device='cuda:2')
epoch:  45000 quantization_loss:  0.016739677637815475
p mean is: tensor(-0.0011, device='cuda:2')
epoch:  46000 quantization_loss:  0.016725603491067886
p mean is: tensor(-0.0011, device='cuda:2')
epoch:  47000 quantization_loss:  0.016705337911844254
p mean is: tensor(-0.0011, device='cuda:2')
epoch:  48000 quantization_loss:  0.01668335124850273
p mean is: tensor(-0.0012, device='cuda:2')
epoch:  49000 quantization_loss:  0.01666746661067009
p mean is: tensor(-0.0012, device='cuda:2')
epoch:  50000 quantization_loss:  0.016660187393426895
p mean is: tensor(-0.0012, device='cuda:2')
epoch:  51000 quantization_loss:  0.01664428785443306
p mean is: tensor(-0.0011, device='cuda:2')
epoch:  52000 quantization_loss:  0.016670972108840942
p mean is: tensor(-0.0011, device='cuda:2')
epoch:  53000 quantization_loss:  0.016627371311187744
p mean is: tensor(-0.0011, device='cuda:2')
epoch:  54000 quantization_loss:  0.016621749848127365
p mean is: tensor(-0.0011, device='cuda:2')
epoch:  55000 quantization_loss:  0.016603875905275345
p mean is: tensor(-0.0010, device='cuda:2')
epoch:  56000 quantization_loss:  0.016597716137766838
p mean is: tensor(-0.0010, device='cuda:2')
epoch:  57000 quantization_loss:  0.01658717542886734
p mean is: tensor(-0.0010, device='cuda:2')
epoch:  58000 quantization_loss:  0.01657906547188759
p mean is: tensor(-0.0010, device='cuda:2')
epoch:  59000 quantization_loss:  0.016577400267124176
p mean is: tensor(-0.0010, device='cuda:2')
epoch:  60000 quantization_loss:  0.016572032123804092
p mean is: tensor(-0.0010, device='cuda:2')
epoch:  61000 quantization_loss:  0.01656380295753479
p mean is: tensor(-0.0009, device='cuda:2')
epoch:  62000 quantization_loss:  0.016559038311243057
p mean is: tensor(-0.0009, device='cuda:2')
epoch:  63000 quantization_loss:  0.016553984954953194
p mean is: tensor(-0.0009, device='cuda:2')
epoch:  64000 quantization_loss:  0.016544153913855553
p mean is: tensor(-0.0009, device='cuda:2')
epoch:  65000 quantization_loss:  0.016650013625621796
p mean is: tensor(-0.0008, device='cuda:2')
epoch:  66000 quantization_loss:  0.016537848860025406
p mean is: tensor(-0.0007, device='cuda:2')
epoch:  67000 quantization_loss:  0.016537098214030266
p mean is: tensor(-0.0007, device='cuda:2')
epoch:  68000 quantization_loss:  0.016535986214876175
p mean is: tensor(-0.0007, device='cuda:2')
epoch:  69000 quantization_loss:  0.01653066836297512
p mean is: tensor(-0.0007, device='cuda:2')
epoch:  70000 quantization_loss:  0.016524501144886017
p mean is: tensor(-0.0006, device='cuda:2')
epoch:  71000 quantization_loss:  0.016521861776709557
p mean is: tensor(-0.0006, device='cuda:2')
epoch:  72000 quantization_loss:  0.016516059637069702
p mean is: tensor(-0.0006, device='cuda:2')
epoch:  73000 quantization_loss:  0.0165178794413805
p mean is: tensor(-0.0006, device='cuda:2')
epoch:  74000 quantization_loss:  0.016513383015990257
p mean is: tensor(-0.0006, device='cuda:2')
epoch:  75000 quantization_loss:  0.01651393063366413
p mean is: tensor(-0.0005, device='cuda:2')
epoch:  76000 quantization_loss:  0.016509274020791054
p mean is: tensor(-0.0005, device='cuda:2')
epoch:  77000 quantization_loss:  0.016508035361766815
p mean is: tensor(-0.0005, device='cuda:2')
epoch:  78000 quantization_loss:  0.016505006700754166
p mean is: tensor(-0.0005, device='cuda:2')
epoch:  79000 quantization_loss:  0.016502052545547485
p mean is: tensor(-0.0005, device='cuda:2')
here
1.1.1.weight         | nonzeros =    6556 /   12800             ( 51.22%) | total_pruned =    6244 | shape = torch.Size([16, 32, 5, 5])
1.1.1.bias           | nonzeros =       9 /      16             ( 56.25%) | total_pruned =       7 | shape = torch.Size([16])
1.2.weight           | nonzeros =      13 /      16             ( 81.25%) | total_pruned =       3 | shape = torch.Size([16])
1.2.bias             | nonzeros =       0 /      16             (  0.00%) | total_pruned =      16 | shape = torch.Size([16])
1.4.1.weight         | nonzeros =    3198 /    6400             ( 49.97%) | total_pruned =    3202 | shape = torch.Size([16, 16, 5, 5])
1.4.1.bias           | nonzeros =       8 /      16             ( 50.00%) | total_pruned =       8 | shape = torch.Size([16])
1.5.weight           | nonzeros =      13 /      16             ( 81.25%) | total_pruned =       3 | shape = torch.Size([16])
1.5.bias             | nonzeros =       0 /      16             (  0.00%) | total_pruned =      16 | shape = torch.Size([16])
1.7.1.1.1.weight     | nonzeros =    6398 /   12800             ( 49.98%) | total_pruned =    6402 | shape = torch.Size([32, 16, 5, 5])
1.7.1.1.1.bias       | nonzeros =      15 /      32             ( 46.88%) | total_pruned =      17 | shape = torch.Size([32])
1.7.1.2.weight       | nonzeros =      20 /      32             ( 62.50%) | total_pruned =      12 | shape = torch.Size([32])
1.7.1.2.bias         | nonzeros =       0 /      32             (  0.00%) | total_pruned =      32 | shape = torch.Size([32])
1.7.1.4.1.weight     | nonzeros =   12838 /   25600             ( 50.15%) | total_pruned =   12762 | shape = torch.Size([32, 32, 5, 5])
1.7.1.4.1.bias       | nonzeros =      18 /      32             ( 56.25%) | total_pruned =      14 | shape = torch.Size([32])
1.7.1.5.weight       | nonzeros =      19 /      32             ( 59.38%) | total_pruned =      13 | shape = torch.Size([32])
1.7.1.5.bias         | nonzeros =       0 /      32             (  0.00%) | total_pruned =      32 | shape = torch.Size([32])
1.7.1.7.1.1.1.weight | nonzeros =   25610 /   51200             ( 50.02%) | total_pruned =   25590 | shape = torch.Size([64, 32, 5, 5])
1.7.1.7.1.1.1.bias   | nonzeros =      34 /      64             ( 53.12%) | total_pruned =      30 | shape = torch.Size([64])
1.7.1.7.1.2.weight   | nonzeros =      43 /      64             ( 67.19%) | total_pruned =      21 | shape = torch.Size([64])
1.7.1.7.1.2.bias     | nonzeros =       0 /      64             (  0.00%) | total_pruned =      64 | shape = torch.Size([64])
1.7.1.7.1.4.1.weight | nonzeros =   51300 /  102400             ( 50.10%) | total_pruned =   51100 | shape = torch.Size([64, 64, 5, 5])
1.7.1.7.1.4.1.bias   | nonzeros =      30 /      64             ( 46.88%) | total_pruned =      34 | shape = torch.Size([64])
1.7.1.7.1.5.weight   | nonzeros =      44 /      64             ( 68.75%) | total_pruned =      20 | shape = torch.Size([64])
1.7.1.7.1.5.bias     | nonzeros =       0 /      64             (  0.00%) | total_pruned =      64 | shape = torch.Size([64])
1.7.1.7.1.7.1.1.1.weight | nonzeros =  102763 /  204800             ( 50.18%) | total_pruned =  102037 | shape = torch.Size([128, 64, 5, 5])
1.7.1.7.1.7.1.1.1.bias | nonzeros =      72 /     128             ( 56.25%) | total_pruned =      56 | shape = torch.Size([128])
1.7.1.7.1.7.1.2.weight | nonzeros =      86 /     128             ( 67.19%) | total_pruned =      42 | shape = torch.Size([128])
1.7.1.7.1.7.1.2.bias | nonzeros =       0 /     128             (  0.00%) | total_pruned =     128 | shape = torch.Size([128])
1.7.1.7.1.7.1.4.1.weight | nonzeros =  204484 /  409600             ( 49.92%) | total_pruned =  205116 | shape = torch.Size([128, 128, 5, 5])
1.7.1.7.1.7.1.4.1.bias | nonzeros =      58 /     128             ( 45.31%) | total_pruned =      70 | shape = torch.Size([128])
1.7.1.7.1.7.1.5.weight | nonzeros =      96 /     128             ( 75.00%) | total_pruned =      32 | shape = torch.Size([128])
1.7.1.7.1.7.1.5.bias | nonzeros =       0 /     128             (  0.00%) | total_pruned =     128 | shape = torch.Size([128])
1.7.1.7.1.7.1.7.1.1.1.weight | nonzeros =  204736 /  409600             ( 49.98%) | total_pruned =  204864 | shape = torch.Size([128, 128, 5, 5])
1.7.1.7.1.7.1.7.1.1.1.bias | nonzeros =      72 /     128             ( 56.25%) | total_pruned =      56 | shape = torch.Size([128])
1.7.1.7.1.7.1.7.1.2.weight | nonzeros =      87 /     128             ( 67.97%) | total_pruned =      41 | shape = torch.Size([128])
1.7.1.7.1.7.1.7.1.2.bias | nonzeros =       0 /     128             (  0.00%) | total_pruned =     128 | shape = torch.Size([128])
1.7.1.7.1.7.1.7.1.4.1.weight | nonzeros =  204913 /  409600             ( 50.03%) | total_pruned =  204687 | shape = torch.Size([128, 128, 5, 5])
1.7.1.7.1.7.1.7.1.4.1.bias | nonzeros =      64 /     128             ( 50.00%) | total_pruned =      64 | shape = torch.Size([128])
1.7.1.7.1.7.1.7.1.5.weight | nonzeros =      96 /     128             ( 75.00%) | total_pruned =      32 | shape = torch.Size([128])
1.7.1.7.1.7.1.7.1.5.bias | nonzeros =       0 /     128             (  0.00%) | total_pruned =     128 | shape = torch.Size([128])
1.7.1.7.1.7.1.7.1.7.1.1.1.weight | nonzeros =  204417 /  409600             ( 49.91%) | total_pruned =  205183 | shape = torch.Size([128, 128, 5, 5])
1.7.1.7.1.7.1.7.1.7.1.1.1.bias | nonzeros =      58 /     128             ( 45.31%) | total_pruned =      70 | shape = torch.Size([128])
1.7.1.7.1.7.1.7.1.7.1.2.weight | nonzeros =      95 /     128             ( 74.22%) | total_pruned =      33 | shape = torch.Size([128])
1.7.1.7.1.7.1.7.1.7.1.2.bias | nonzeros =       0 /     128             (  0.00%) | total_pruned =     128 | shape = torch.Size([128])
1.7.1.7.1.7.1.7.1.7.1.4.1.weight | nonzeros =  203440 /  409600             ( 49.67%) | total_pruned =  206160 | shape = torch.Size([128, 128, 5, 5])
1.7.1.7.1.7.1.7.1.7.1.4.1.bias | nonzeros =      66 /     128             ( 51.56%) | total_pruned =      62 | shape = torch.Size([128])
1.7.1.7.1.7.1.7.1.7.1.5.weight | nonzeros =      85 /     128             ( 66.41%) | total_pruned =      43 | shape = torch.Size([128])
1.7.1.7.1.7.1.7.1.7.1.5.bias | nonzeros =       0 /     128             (  0.00%) | total_pruned =     128 | shape = torch.Size([128])
1.7.1.7.1.7.1.7.1.7.2.weight | nonzeros =      83 /     128             ( 64.84%) | total_pruned =      45 | shape = torch.Size([128])
1.7.1.7.1.7.1.7.1.7.2.bias | nonzeros =       0 /     128             (  0.00%) | total_pruned =     128 | shape = torch.Size([128])
1.7.1.7.1.7.1.7.1.7.3.1.weight | nonzeros =   72638 /  147456             ( 49.26%) | total_pruned =   74818 | shape = torch.Size([128, 128, 3, 3])
1.7.1.7.1.7.1.7.1.7.3.1.bias | nonzeros =      66 /     128             ( 51.56%) | total_pruned =      62 | shape = torch.Size([128])
1.7.1.7.1.7.1.7.1.7.4.weight | nonzeros =      90 /     128             ( 70.31%) | total_pruned =      38 | shape = torch.Size([128])
1.7.1.7.1.7.1.7.1.7.4.bias | nonzeros =       0 /     128             (  0.00%) | total_pruned =     128 | shape = torch.Size([128])
1.7.1.7.1.7.1.7.2.weight | nonzeros =      89 /     128             ( 69.53%) | total_pruned =      39 | shape = torch.Size([128])
1.7.1.7.1.7.1.7.2.bias | nonzeros =       0 /     128             (  0.00%) | total_pruned =     128 | shape = torch.Size([128])
1.7.1.7.1.7.1.7.3.1.weight | nonzeros =   72151 /  147456             ( 48.93%) | total_pruned =   75305 | shape = torch.Size([128, 128, 3, 3])
1.7.1.7.1.7.1.7.3.1.bias | nonzeros =      67 /     128             ( 52.34%) | total_pruned =      61 | shape = torch.Size([128])
1.7.1.7.1.7.1.7.4.weight | nonzeros =      79 /     128             ( 61.72%) | total_pruned =      49 | shape = torch.Size([128])
1.7.1.7.1.7.1.7.4.bias | nonzeros =       0 /     128             (  0.00%) | total_pruned =     128 | shape = torch.Size([128])
1.7.1.7.1.7.2.weight | nonzeros =      78 /     128             ( 60.94%) | total_pruned =      50 | shape = torch.Size([128])
1.7.1.7.1.7.2.bias   | nonzeros =       0 /     128             (  0.00%) | total_pruned =     128 | shape = torch.Size([128])
1.7.1.7.1.7.3.1.weight | nonzeros =   71467 /  147456             ( 48.47%) | total_pruned =   75989 | shape = torch.Size([128, 128, 3, 3])
1.7.1.7.1.7.3.1.bias | nonzeros =      63 /     128             ( 49.22%) | total_pruned =      65 | shape = torch.Size([128])
1.7.1.7.1.7.4.weight | nonzeros =      78 /     128             ( 60.94%) | total_pruned =      50 | shape = torch.Size([128])
1.7.1.7.1.7.4.bias   | nonzeros =       0 /     128             (  0.00%) | total_pruned =     128 | shape = torch.Size([128])
1.7.1.7.2.weight     | nonzeros =      78 /     128             ( 60.94%) | total_pruned =      50 | shape = torch.Size([128])
1.7.1.7.2.bias       | nonzeros =       0 /     128             (  0.00%) | total_pruned =     128 | shape = torch.Size([128])
1.7.1.7.3.1.weight   | nonzeros =   36013 /   73728             ( 48.85%) | total_pruned =   37715 | shape = torch.Size([64, 128, 3, 3])
1.7.1.7.3.1.bias     | nonzeros =      35 /      64             ( 54.69%) | total_pruned =      29 | shape = torch.Size([64])
1.7.1.7.4.weight     | nonzeros =      43 /      64             ( 67.19%) | total_pruned =      21 | shape = torch.Size([64])
1.7.1.7.4.bias       | nonzeros =       0 /      64             (  0.00%) | total_pruned =      64 | shape = torch.Size([64])
1.7.2.weight         | nonzeros =      43 /      64             ( 67.19%) | total_pruned =      21 | shape = torch.Size([64])
1.7.2.bias           | nonzeros =       0 /      64             (  0.00%) | total_pruned =      64 | shape = torch.Size([64])
1.7.3.1.weight       | nonzeros =    9091 /   18432             ( 49.32%) | total_pruned =    9341 | shape = torch.Size([32, 64, 3, 3])
1.7.3.1.bias         | nonzeros =      13 /      32             ( 40.62%) | total_pruned =      19 | shape = torch.Size([32])
1.7.4.weight         | nonzeros =      19 /      32             ( 59.38%) | total_pruned =      13 | shape = torch.Size([32])
1.7.4.bias           | nonzeros =       0 /      32             (  0.00%) | total_pruned =      32 | shape = torch.Size([32])
2.weight             | nonzeros =      19 /      32             ( 59.38%) | total_pruned =      13 | shape = torch.Size([32])
2.bias               | nonzeros =       0 /      32             (  0.00%) | total_pruned =      32 | shape = torch.Size([32])
3.1.weight           | nonzeros =    2220 /    4608             ( 48.18%) | total_pruned =    2388 | shape = torch.Size([16, 32, 3, 3])
3.1.bias             | nonzeros =       8 /      16             ( 50.00%) | total_pruned =       8 | shape = torch.Size([16])
4.weight             | nonzeros =      14 /      16             ( 87.50%) | total_pruned =       2 | shape = torch.Size([16])
4.bias               | nonzeros =       0 /      16             (  0.00%) | total_pruned =      16 | shape = torch.Size([16])
6.1.weight           | nonzeros =      33 /      48             ( 68.75%) | total_pruned =      15 | shape = torch.Size([3, 16, 1, 1])
6.1.bias             | nonzeros =       2 /       3             ( 66.67%) | total_pruned =       1 | shape = torch.Size([3])
alive: 1496434, pruned : 1512433, total: 3008867, Compression rate :       2.01x  ( 50.27% pruned)
PSNR of output image is:  20.738465267592247
Experiment done
