(3, 512, 512)
Starting vanilla DIP on 7 using ADAM(sigma=0.1,lr=0.01,decay=0,beta=0)
Noisy PSNR is '20.23819151183645'
[128, 128, 128, 128]
Number of params in decoder: 83584
torch.Size([1, 128, 32, 32])
Starting optimization with optimizer 'ADAM'
here
At step '200', psnr is '20.40599490369847'
At step '400', psnr is '20.561303961815778'
At step '600', psnr is '21.421152695654104'
At step '800', psnr is '21.498784078996202'
At step '1000', psnr is '21.287294050940048'
At step '1200', psnr is '22.21875711713114'
At step '1400', psnr is '22.26584295023384'
At step '1600', psnr is '22.29707031797576'
At step '1800', psnr is '22.217431095313582'
At step '2000', psnr is '22.437293035804107'
At step '2200', psnr is '22.332530353156457'
At step '2400', psnr is '22.21851673921345'
At step '2600', psnr is '22.400499478528193'
At step '2800', psnr is '22.505617210793837'
At step '3000', psnr is '22.29540579059881'
At step '3200', psnr is '22.651582306439547'
At step '3400', psnr is '22.516690114565915'
At step '3600', psnr is '22.50063042754226'
At step '3800', psnr is '21.958491315002895'
At step '4000', psnr is '22.660534482752873'
At step '4200', psnr is '22.555626015833596'
At step '4400', psnr is '22.707094466576475'
At step '4600', psnr is '22.423777929607684'
At step '4800', psnr is '22.749166948287463'
At step '5000', psnr is '22.343629624784924'
At step '5200', psnr is '22.681392214979258'
At step '5400', psnr is '22.599745766530532'
At step '5600', psnr is '22.82494403585344'
At step '5800', psnr is '22.561555246889363'
At step '6000', psnr is '22.68749273024303'
At step '6200', psnr is '22.67161702642347'
At step '6400', psnr is '22.546003262413766'
At step '6600', psnr is '22.60293042758263'
At step '6800', psnr is '22.702268310579363'
At step '7000', psnr is '22.75361172778926'
At step '7200', psnr is '22.732849899131423'
At step '7400', psnr is '22.78322600785159'
At step '7600', psnr is '22.535428547362596'
At step '7800', psnr is '22.7407435698656'
At step '8000', psnr is '22.81954672523654'
At step '8200', psnr is '22.791483777157623'
At step '8400', psnr is '22.927587655595147'
At step '8600', psnr is '22.876974795444426'
At step '8800', psnr is '22.773309820054543'
At step '9000', psnr is '22.868467516867597'
At step '9200', psnr is '22.820397761848294'
At step '9400', psnr is '23.022307357692526'
At step '9600', psnr is '22.83311157113891'
At step '9800', psnr is '22.745913476546214'
At step '10000', psnr is '22.750546503126014'
At step '10200', psnr is '22.76405754619016'
At step '10400', psnr is '22.917811310405817'
At step '10600', psnr is '23.02342697632614'
At step '10800', psnr is '22.69288717922781'
At step '11000', psnr is '22.693651868132445'
At step '11200', psnr is '22.672553602365745'
At step '11400', psnr is '22.9665700585811'
At step '11600', psnr is '22.818375446189457'
At step '11800', psnr is '22.681296224374776'
At step '12000', psnr is '22.825412194910562'
At step '12200', psnr is '22.974948276858477'
At step '12400', psnr is '22.962935447354326'
At step '12600', psnr is '22.792241017556755'
At step '12800', psnr is '22.885655679036013'
At step '13000', psnr is '22.56052856836114'
At step '13200', psnr is '22.89896152582276'
At step '13400', psnr is '23.022969121678038'
At step '13600', psnr is '22.914739356840798'
At step '13800', psnr is '22.89526138843906'
At step '14000', psnr is '22.450285411455187'
At step '14200', psnr is '22.96814699209211'
At step '14400', psnr is '23.030334030387948'
At step '14600', psnr is '22.834689704920905'
At step '14800', psnr is '22.982941303955794'
At step '15000', psnr is '22.887079685199105'
At step '15200', psnr is '23.04225394388277'
At step '15400', psnr is '22.93856926994371'
At step '15600', psnr is '22.82822772579806'
At step '15800', psnr is '22.931746794012497'
At step '16000', psnr is '22.901763845934774'
At step '16200', psnr is '23.01051389914506'
At step '16400', psnr is '22.743972301242334'
At step '16600', psnr is '23.055470300349068'
At step '16800', psnr is '22.962156794499755'
At step '17000', psnr is '22.711248978338702'
At step '17200', psnr is '22.935690197801854'
At step '17400', psnr is '22.90323643960029'
At step '17600', psnr is '22.987835590628094'
At step '17800', psnr is '23.05881672821627'
At step '18000', psnr is '22.652307215860965'
At step '18200', psnr is '23.098944378913'
At step '18400', psnr is '22.849183243550875'
At step '18600', psnr is '22.76228132633593'
At step '18800', psnr is '22.917043922597312'
At step '19000', psnr is '22.932184235124904'
At step '19200', psnr is '23.050322162778443'
At step '19400', psnr is '22.837401883519746'
At step '19600', psnr is '23.001345120703526'
At step '19800', psnr is '22.905037979562778'
At step '20000', psnr is '23.002725131052088'
At step '20200', psnr is '22.85075336694211'
At step '20400', psnr is '23.099904822155626'
At step '20600', psnr is '23.001872056557595'
At step '20800', psnr is '23.095765107882347'
At step '21000', psnr is '23.031762512109957'
At step '21200', psnr is '22.89562713848199'
At step '21400', psnr is '22.895989717613347'
At step '21600', psnr is '22.913608026248756'
At step '21800', psnr is '22.93942535999557'
At step '22000', psnr is '23.022011121185606'
At step '22200', psnr is '22.971221542842724'
At step '22400', psnr is '22.933246544921833'
At step '22600', psnr is '22.825975312607962'
At step '22800', psnr is '22.89255003650647'
At step '23000', psnr is '22.689424846862124'
At step '23200', psnr is '23.05657026251903'
At step '23400', psnr is '22.97678878765105'
At step '23600', psnr is '23.06033566172273'
At step '23800', psnr is '22.997756276757894'
At step '24000', psnr is '22.96536496113827'
At step '24200', psnr is '23.03051978900474'
At step '24400', psnr is '22.973033180232676'
At step '24600', psnr is '22.99014901833302'
At step '24800', psnr is '23.051917777169763'
At step '25000', psnr is '22.931941296520883'
At step '25200', psnr is '23.03108206683966'
At step '25400', psnr is '22.910052784534148'
At step '25600', psnr is '22.94280852599386'
At step '25800', psnr is '22.922346009230715'
At step '26000', psnr is '22.989183509221924'
At step '26200', psnr is '23.094633808701698'
At step '26400', psnr is '23.086120813786167'
At step '26600', psnr is '23.008056129012427'
At step '26800', psnr is '22.98749877852135'
At step '27000', psnr is '23.03004302452862'
At step '27200', psnr is '23.009391852916398'
At step '27400', psnr is '22.972284484852036'
At step '27600', psnr is '23.074274786054893'
At step '27800', psnr is '23.06458692730457'
At step '28000', psnr is '23.0787421666643'
At step '28200', psnr is '22.82035803785247'
At step '28400', psnr is '22.9652698040029'
At step '28600', psnr is '23.047516846168016'
At step '28800', psnr is '23.101801167783375'
At step '29000', psnr is '22.952731383370452'
At step '29200', psnr is '23.029529993605543'
At step '29400', psnr is '23.018254502629716'
At step '29600', psnr is '22.961114609777407'
At step '29800', psnr is '23.020312374617117'
At step '30000', psnr is '23.140079547421394'
At step '30200', psnr is '23.11761246633255'
At step '30400', psnr is '23.105740828734483'
At step '30600', psnr is '23.14346768550307'
At step '30800', psnr is '23.130736064194053'
At step '31000', psnr is '23.124063647504393'
At step '31200', psnr is '22.842430465371294'
At step '31400', psnr is '22.869300351610164'
At step '31600', psnr is '23.104614486674482'
At step '31800', psnr is '23.029734703424932'
At step '32000', psnr is '23.068027830289196'
At step '32200', psnr is '23.083970094726148'
At step '32400', psnr is '23.084903405246074'
At step '32600', psnr is '22.87263766735287'
At step '32800', psnr is '23.01007507100934'
At step '33000', psnr is '22.922201057428996'
At step '33200', psnr is '23.118233311830068'
At step '33400', psnr is '23.013595573463945'
At step '33600', psnr is '22.99045576882397'
At step '33800', psnr is '23.133194106369793'
At step '34000', psnr is '23.029739656201404'
At step '34200', psnr is '23.08134678189117'
At step '34400', psnr is '22.869640849628297'
At step '34600', psnr is '23.002574600444486'
At step '34800', psnr is '23.004328790428442'
At step '35000', psnr is '23.062983325056685'
At step '35200', psnr is '23.10131399643165'
At step '35400', psnr is '23.05316041479326'
At step '35600', psnr is '23.026199861983176'
At step '35800', psnr is '23.068973963265794'
At step '36000', psnr is '23.036708025905483'
At step '36200', psnr is '22.97281890493249'
At step '36400', psnr is '23.0723062254331'
At step '36600', psnr is '22.97974828450802'
At step '36800', psnr is '23.07210741790523'
At step '37000', psnr is '23.092446628084303'
At step '37200', psnr is '23.032695820389954'
At step '37400', psnr is '23.072178687481948'
At step '37600', psnr is '23.0431882677277'
At step '37800', psnr is '23.036372362642226'
At step '38000', psnr is '23.004852395081414'
At step '38200', psnr is '22.904660608741914'
At step '38400', psnr is '23.03488327312747'
At step '38600', psnr is '23.11919128964867'
At step '38800', psnr is '23.091604635247265'
At step '39000', psnr is '23.093674530309144'
At step '39200', psnr is '22.92652269854317'
At step '39400', psnr is '22.864790079272627'
At step '39600', psnr is '22.96859544049306'
At step '39800', psnr is '23.064221228916058'
Experiment done
