(3, 512, 512)
Noisy PSNR is '21.120210387881173'
(3, 512, 512) (3, 512, 512) torch.Size([1, 32, 512, 512])
Starting optimization with optimizer 'SAM'
Output directory: data/denoising/face/mask/0/unet/det/0.03/1e-09
epoch:  0 quantization_loss:  0.16456347703933716
p mean is: tensor(-0.0006, device='cuda:3')
epoch:  1000 quantization_loss:  0.11702340841293335
p mean is: tensor(-0.0184, device='cuda:3')
epoch:  2000 quantization_loss:  0.10847768932580948
p mean is: tensor(-0.0302, device='cuda:3')
epoch:  3000 quantization_loss:  0.11204220354557037
p mean is: tensor(-0.0414, device='cuda:3')
epoch:  4000 quantization_loss:  0.0962504968047142
p mean is: tensor(-0.0521, device='cuda:3')
epoch:  5000 quantization_loss:  0.08697011321783066
p mean is: tensor(-0.0645, device='cuda:3')
epoch:  6000 quantization_loss:  0.08467429876327515
p mean is: tensor(-0.0813, device='cuda:3')
epoch:  7000 quantization_loss:  0.08396614342927933
p mean is: tensor(-0.1052, device='cuda:3')
epoch:  8000 quantization_loss:  0.08395518362522125
p mean is: tensor(-0.1388, device='cuda:3')
epoch:  9000 quantization_loss:  0.08329787850379944
p mean is: tensor(-0.1852, device='cuda:3')
epoch:  10000 quantization_loss:  0.0789693295955658
p mean is: tensor(-0.2474, device='cuda:3')
epoch:  11000 quantization_loss:  0.07750333845615387
p mean is: tensor(-0.3262, device='cuda:3')
epoch:  12000 quantization_loss:  0.07647538930177689
p mean is: tensor(-0.4250, device='cuda:3')
epoch:  13000 quantization_loss:  0.07522301375865936
p mean is: tensor(-0.5443, device='cuda:3')
epoch:  14000 quantization_loss:  0.07482531666755676
p mean is: tensor(-0.6825, device='cuda:3')
epoch:  15000 quantization_loss:  0.07404564321041107
p mean is: tensor(-0.8355, device='cuda:3')
epoch:  16000 quantization_loss:  0.0734732523560524
p mean is: tensor(-0.9952, device='cuda:3')
epoch:  17000 quantization_loss:  0.07325226813554764
p mean is: tensor(-1.1529, device='cuda:3')
epoch:  18000 quantization_loss:  0.07277326285839081
p mean is: tensor(-1.3040, device='cuda:3')
epoch:  19000 quantization_loss:  0.07253146916627884
p mean is: tensor(-1.4453, device='cuda:3')
epoch:  20000 quantization_loss:  0.07230298966169357
p mean is: tensor(-1.5743, device='cuda:3')
epoch:  21000 quantization_loss:  0.07213468849658966
p mean is: tensor(-1.6908, device='cuda:3')
epoch:  22000 quantization_loss:  0.07204044610261917
p mean is: tensor(-1.7972, device='cuda:3')
epoch:  23000 quantization_loss:  0.0717911571264267
p mean is: tensor(-1.8940, device='cuda:3')
epoch:  24000 quantization_loss:  0.07164686173200607
p mean is: tensor(-1.9820, device='cuda:3')
epoch:  25000 quantization_loss:  0.07153819501399994
p mean is: tensor(-2.0625, device='cuda:3')
epoch:  26000 quantization_loss:  0.07141617685556412
p mean is: tensor(-2.1362, device='cuda:3')
epoch:  27000 quantization_loss:  0.07139665633440018
p mean is: tensor(-2.2042, device='cuda:3')
epoch:  28000 quantization_loss:  0.07130135595798492
p mean is: tensor(-2.2670, device='cuda:3')
epoch:  29000 quantization_loss:  0.07122068107128143
p mean is: tensor(-2.3253, device='cuda:3')
epoch:  30000 quantization_loss:  0.07121126353740692
p mean is: tensor(-2.3796, device='cuda:3')
epoch:  31000 quantization_loss:  0.07121984660625458
p mean is: tensor(-2.4301, device='cuda:3')
epoch:  32000 quantization_loss:  0.07110193371772766
p mean is: tensor(-2.4773, device='cuda:3')
epoch:  33000 quantization_loss:  0.07102224975824356
p mean is: tensor(-2.5214, device='cuda:3')
epoch:  34000 quantization_loss:  0.07098189741373062
p mean is: tensor(-2.5630, device='cuda:3')
epoch:  35000 quantization_loss:  0.07098305970430374
p mean is: tensor(-2.6021, device='cuda:3')
epoch:  36000 quantization_loss:  0.07095707952976227
p mean is: tensor(-2.6391, device='cuda:3')
epoch:  37000 quantization_loss:  0.0709054246544838
p mean is: tensor(-2.6739, device='cuda:3')
epoch:  38000 quantization_loss:  0.07088184356689453
p mean is: tensor(-2.7070, device='cuda:3')
epoch:  39000 quantization_loss:  0.07084264606237411
p mean is: tensor(-2.7380, device='cuda:3')
epoch:  40000 quantization_loss:  0.07081988453865051
p mean is: tensor(-2.7674, device='cuda:3')
epoch:  41000 quantization_loss:  0.07079459726810455
p mean is: tensor(-2.7954, device='cuda:3')
epoch:  42000 quantization_loss:  0.07077536731958389
p mean is: tensor(-2.8219, device='cuda:3')
epoch:  43000 quantization_loss:  0.07080382853746414
p mean is: tensor(-2.8471, device='cuda:3')
epoch:  44000 quantization_loss:  0.0707395076751709
p mean is: tensor(-2.8712, device='cuda:3')
epoch:  45000 quantization_loss:  0.07073188573122025
p mean is: tensor(-2.8941, device='cuda:3')
epoch:  46000 quantization_loss:  0.07070750743150711
p mean is: tensor(-2.9159, device='cuda:3')
epoch:  47000 quantization_loss:  0.07071039080619812
p mean is: tensor(-2.9367, device='cuda:3')
epoch:  48000 quantization_loss:  0.07071617245674133
p mean is: tensor(-2.9567, device='cuda:3')
epoch:  49000 quantization_loss:  0.07066967338323593
p mean is: tensor(-2.9758, device='cuda:3')
epoch:  50000 quantization_loss:  0.07065167278051376
p mean is: tensor(-2.9942, device='cuda:3')
epoch:  51000 quantization_loss:  0.07066675275564194
p mean is: tensor(-3.0117, device='cuda:3')
epoch:  52000 quantization_loss:  0.0706564262509346
p mean is: tensor(-3.0285, device='cuda:3')
epoch:  53000 quantization_loss:  0.07064077258110046
p mean is: tensor(-3.0447, device='cuda:3')
epoch:  54000 quantization_loss:  0.07062908262014389
p mean is: tensor(-3.0602, device='cuda:3')
epoch:  55000 quantization_loss:  0.07063461095094681
p mean is: tensor(-3.0751, device='cuda:3')
epoch:  56000 quantization_loss:  0.07061374932527542
p mean is: tensor(-3.0895, device='cuda:3')
epoch:  57000 quantization_loss:  0.07061927020549774
p mean is: tensor(-3.1033, device='cuda:3')
epoch:  58000 quantization_loss:  0.07060486823320389
p mean is: tensor(-3.1167, device='cuda:3')
epoch:  59000 quantization_loss:  0.07059985399246216
p mean is: tensor(-3.1295, device='cuda:3')
Number of elements to keep: 90266
Threshold value: -1.8442389965057373
Number of elements equal to threshold: 1
Number of elements to randomly select: 1
Actual sparsity achieved: 0.029999996676489855
Number of elements to keep: 90266
Threshold value: -1.8442389965057373
Number of elements equal to threshold: 1
Number of elements to randomly select: 1
Actual sparsity achieved: 0.029999996676489855
1.1.1.weight         | nonzeros =     706 /   12800             (  5.52%) | total_pruned =   12094 | shape = torch.Size([16, 32, 5, 5])
1.1.1.bias           | nonzeros =       0 /      16             (  0.00%) | total_pruned =      16 | shape = torch.Size([16])
1.2.weight           | nonzeros =       6 /      16             ( 37.50%) | total_pruned =      10 | shape = torch.Size([16])
1.2.bias             | nonzeros =       0 /      16             (  0.00%) | total_pruned =      16 | shape = torch.Size([16])
1.4.1.weight         | nonzeros =      77 /    6400             (  1.20%) | total_pruned =    6323 | shape = torch.Size([16, 16, 5, 5])
1.4.1.bias           | nonzeros =       0 /      16             (  0.00%) | total_pruned =      16 | shape = torch.Size([16])
1.5.weight           | nonzeros =       7 /      16             ( 43.75%) | total_pruned =       9 | shape = torch.Size([16])
1.5.bias             | nonzeros =       0 /      16             (  0.00%) | total_pruned =      16 | shape = torch.Size([16])
1.7.1.1.1.weight     | nonzeros =     107 /   12800             (  0.84%) | total_pruned =   12693 | shape = torch.Size([32, 16, 5, 5])
1.7.1.1.1.bias       | nonzeros =       0 /      32             (  0.00%) | total_pruned =      32 | shape = torch.Size([32])
1.7.1.2.weight       | nonzeros =      17 /      32             ( 53.12%) | total_pruned =      15 | shape = torch.Size([32])
1.7.1.2.bias         | nonzeros =       0 /      32             (  0.00%) | total_pruned =      32 | shape = torch.Size([32])
1.7.1.4.1.weight     | nonzeros =     212 /   25600             (  0.83%) | total_pruned =   25388 | shape = torch.Size([32, 32, 5, 5])
1.7.1.4.1.bias       | nonzeros =       0 /      32             (  0.00%) | total_pruned =      32 | shape = torch.Size([32])
1.7.1.5.weight       | nonzeros =      16 /      32             ( 50.00%) | total_pruned =      16 | shape = torch.Size([32])
1.7.1.5.bias         | nonzeros =       0 /      32             (  0.00%) | total_pruned =      32 | shape = torch.Size([32])
1.7.1.7.1.1.1.weight | nonzeros =     337 /   51200             (  0.66%) | total_pruned =   50863 | shape = torch.Size([64, 32, 5, 5])
1.7.1.7.1.1.1.bias   | nonzeros =       0 /      64             (  0.00%) | total_pruned =      64 | shape = torch.Size([64])
1.7.1.7.1.2.weight   | nonzeros =      30 /      64             ( 46.88%) | total_pruned =      34 | shape = torch.Size([64])
1.7.1.7.1.2.bias     | nonzeros =       0 /      64             (  0.00%) | total_pruned =      64 | shape = torch.Size([64])
1.7.1.7.1.4.1.weight | nonzeros =     589 /  102400             (  0.58%) | total_pruned =  101811 | shape = torch.Size([64, 64, 5, 5])
1.7.1.7.1.4.1.bias   | nonzeros =       0 /      64             (  0.00%) | total_pruned =      64 | shape = torch.Size([64])
1.7.1.7.1.5.weight   | nonzeros =      24 /      64             ( 37.50%) | total_pruned =      40 | shape = torch.Size([64])
1.7.1.7.1.5.bias     | nonzeros =       0 /      64             (  0.00%) | total_pruned =      64 | shape = torch.Size([64])
1.7.1.7.1.7.1.1.1.weight | nonzeros =     779 /  204800             (  0.38%) | total_pruned =  204021 | shape = torch.Size([128, 64, 5, 5])
1.7.1.7.1.7.1.1.1.bias | nonzeros =       0 /     128             (  0.00%) | total_pruned =     128 | shape = torch.Size([128])
1.7.1.7.1.7.1.2.weight | nonzeros =      55 /     128             ( 42.97%) | total_pruned =      73 | shape = torch.Size([128])
1.7.1.7.1.7.1.2.bias | nonzeros =       0 /     128             (  0.00%) | total_pruned =     128 | shape = torch.Size([128])
1.7.1.7.1.7.1.4.1.weight | nonzeros =    1349 /  409600             (  0.33%) | total_pruned =  408251 | shape = torch.Size([128, 128, 5, 5])
1.7.1.7.1.7.1.4.1.bias | nonzeros =       0 /     128             (  0.00%) | total_pruned =     128 | shape = torch.Size([128])
1.7.1.7.1.7.1.5.weight | nonzeros =      68 /     128             ( 53.12%) | total_pruned =      60 | shape = torch.Size([128])
1.7.1.7.1.7.1.5.bias | nonzeros =       0 /     128             (  0.00%) | total_pruned =     128 | shape = torch.Size([128])
1.7.1.7.1.7.1.7.1.1.1.weight | nonzeros =    1915 /  409600             (  0.47%) | total_pruned =  407685 | shape = torch.Size([128, 128, 5, 5])
1.7.1.7.1.7.1.7.1.1.1.bias | nonzeros =       0 /     128             (  0.00%) | total_pruned =     128 | shape = torch.Size([128])
1.7.1.7.1.7.1.7.1.2.weight | nonzeros =      73 /     128             ( 57.03%) | total_pruned =      55 | shape = torch.Size([128])
1.7.1.7.1.7.1.7.1.2.bias | nonzeros =       0 /     128             (  0.00%) | total_pruned =     128 | shape = torch.Size([128])
1.7.1.7.1.7.1.7.1.4.1.weight | nonzeros =    4455 /  409600             (  1.09%) | total_pruned =  405145 | shape = torch.Size([128, 128, 5, 5])
1.7.1.7.1.7.1.7.1.4.1.bias | nonzeros =       0 /     128             (  0.00%) | total_pruned =     128 | shape = torch.Size([128])
1.7.1.7.1.7.1.7.1.5.weight | nonzeros =     102 /     128             ( 79.69%) | total_pruned =      26 | shape = torch.Size([128])
1.7.1.7.1.7.1.7.1.5.bias | nonzeros =       0 /     128             (  0.00%) | total_pruned =     128 | shape = torch.Size([128])
1.7.1.7.1.7.1.7.1.7.1.1.1.weight | nonzeros =   10171 /  409600             (  2.48%) | total_pruned =  399429 | shape = torch.Size([128, 128, 5, 5])
1.7.1.7.1.7.1.7.1.7.1.1.1.bias | nonzeros =       0 /     128             (  0.00%) | total_pruned =     128 | shape = torch.Size([128])
1.7.1.7.1.7.1.7.1.7.1.2.weight | nonzeros =     102 /     128             ( 79.69%) | total_pruned =      26 | shape = torch.Size([128])
1.7.1.7.1.7.1.7.1.7.1.2.bias | nonzeros =       0 /     128             (  0.00%) | total_pruned =     128 | shape = torch.Size([128])
1.7.1.7.1.7.1.7.1.7.1.4.1.weight | nonzeros =   21430 /  409600             (  5.23%) | total_pruned =  388170 | shape = torch.Size([128, 128, 5, 5])
1.7.1.7.1.7.1.7.1.7.1.4.1.bias | nonzeros =       0 /     128             (  0.00%) | total_pruned =     128 | shape = torch.Size([128])
1.7.1.7.1.7.1.7.1.7.1.5.weight | nonzeros =     104 /     128             ( 81.25%) | total_pruned =      24 | shape = torch.Size([128])
1.7.1.7.1.7.1.7.1.7.1.5.bias | nonzeros =       0 /     128             (  0.00%) | total_pruned =     128 | shape = torch.Size([128])
1.7.1.7.1.7.1.7.1.7.2.weight | nonzeros =     104 /     128             ( 81.25%) | total_pruned =      24 | shape = torch.Size([128])
1.7.1.7.1.7.1.7.1.7.2.bias | nonzeros =       0 /     128             (  0.00%) | total_pruned =     128 | shape = torch.Size([128])
1.7.1.7.1.7.1.7.1.7.3.1.weight | nonzeros =   18788 /  147456             ( 12.74%) | total_pruned =  128668 | shape = torch.Size([128, 128, 3, 3])
1.7.1.7.1.7.1.7.1.7.3.1.bias | nonzeros =       0 /     128             (  0.00%) | total_pruned =     128 | shape = torch.Size([128])
1.7.1.7.1.7.1.7.1.7.4.weight | nonzeros =      94 /     128             ( 73.44%) | total_pruned =      34 | shape = torch.Size([128])
1.7.1.7.1.7.1.7.1.7.4.bias | nonzeros =       0 /     128             (  0.00%) | total_pruned =     128 | shape = torch.Size([128])
1.7.1.7.1.7.1.7.2.weight | nonzeros =      94 /     128             ( 73.44%) | total_pruned =      34 | shape = torch.Size([128])
1.7.1.7.1.7.1.7.2.bias | nonzeros =       0 /     128             (  0.00%) | total_pruned =     128 | shape = torch.Size([128])
1.7.1.7.1.7.1.7.3.1.weight | nonzeros =   13918 /  147456             (  9.44%) | total_pruned =  133538 | shape = torch.Size([128, 128, 3, 3])
1.7.1.7.1.7.1.7.3.1.bias | nonzeros =       0 /     128             (  0.00%) | total_pruned =     128 | shape = torch.Size([128])
1.7.1.7.1.7.1.7.4.weight | nonzeros =      61 /     128             ( 47.66%) | total_pruned =      67 | shape = torch.Size([128])
1.7.1.7.1.7.1.7.4.bias | nonzeros =       0 /     128             (  0.00%) | total_pruned =     128 | shape = torch.Size([128])
1.7.1.7.1.7.2.weight | nonzeros =      61 /     128             ( 47.66%) | total_pruned =      67 | shape = torch.Size([128])
1.7.1.7.1.7.2.bias   | nonzeros =       0 /     128             (  0.00%) | total_pruned =     128 | shape = torch.Size([128])
1.7.1.7.1.7.3.1.weight | nonzeros =    7523 /  147456             (  5.10%) | total_pruned =  139933 | shape = torch.Size([128, 128, 3, 3])
1.7.1.7.1.7.3.1.bias | nonzeros =       0 /     128             (  0.00%) | total_pruned =     128 | shape = torch.Size([128])
1.7.1.7.1.7.4.weight | nonzeros =      42 /     128             ( 32.81%) | total_pruned =      86 | shape = torch.Size([128])
1.7.1.7.1.7.4.bias   | nonzeros =       0 /     128             (  0.00%) | total_pruned =     128 | shape = torch.Size([128])
1.7.1.7.2.weight     | nonzeros =      42 /     128             ( 32.81%) | total_pruned =      86 | shape = torch.Size([128])
1.7.1.7.2.bias       | nonzeros =       0 /     128             (  0.00%) | total_pruned =     128 | shape = torch.Size([128])
1.7.1.7.3.1.weight   | nonzeros =    3545 /   73728             (  4.81%) | total_pruned =   70183 | shape = torch.Size([64, 128, 3, 3])
1.7.1.7.3.1.bias     | nonzeros =       0 /      64             (  0.00%) | total_pruned =      64 | shape = torch.Size([64])
1.7.1.7.4.weight     | nonzeros =      26 /      64             ( 40.62%) | total_pruned =      38 | shape = torch.Size([64])
1.7.1.7.4.bias       | nonzeros =       0 /      64             (  0.00%) | total_pruned =      64 | shape = torch.Size([64])
1.7.2.weight         | nonzeros =      26 /      64             ( 40.62%) | total_pruned =      38 | shape = torch.Size([64])
1.7.2.bias           | nonzeros =       0 /      64             (  0.00%) | total_pruned =      64 | shape = torch.Size([64])
1.7.3.1.weight       | nonzeros =    1839 /   18432             (  9.98%) | total_pruned =   16593 | shape = torch.Size([32, 64, 3, 3])
1.7.3.1.bias         | nonzeros =       0 /      32             (  0.00%) | total_pruned =      32 | shape = torch.Size([32])
1.7.4.weight         | nonzeros =      19 /      32             ( 59.38%) | total_pruned =      13 | shape = torch.Size([32])
1.7.4.bias           | nonzeros =       0 /      32             (  0.00%) | total_pruned =      32 | shape = torch.Size([32])
2.weight             | nonzeros =      19 /      32             ( 59.38%) | total_pruned =      13 | shape = torch.Size([32])
2.bias               | nonzeros =       0 /      32             (  0.00%) | total_pruned =      32 | shape = torch.Size([32])
3.1.weight           | nonzeros =    1285 /    4608             ( 27.89%) | total_pruned =    3323 | shape = torch.Size([16, 32, 3, 3])
3.1.bias             | nonzeros =       0 /      16             (  0.00%) | total_pruned =      16 | shape = torch.Size([16])
4.weight             | nonzeros =      16 /      16             (100.00%) | total_pruned =       0 | shape = torch.Size([16])
4.bias               | nonzeros =       0 /      16             (  0.00%) | total_pruned =      16 | shape = torch.Size([16])
6.1.weight           | nonzeros =      32 /      48             ( 66.67%) | total_pruned =      16 | shape = torch.Size([3, 16, 1, 1])
6.1.bias             | nonzeros =       1 /       3             ( 33.33%) | total_pruned =       2 | shape = torch.Size([3])
alive: 90266, pruned : 2918601, total: 3008867, Compression rate :      33.33x  ( 97.00% pruned)
(3, 512, 512) (3, 512, 512) (3, 512, 512)
PSNR of output image is:  11.684567327041504
Experiment done
