(3, 512, 512)
Noisy PSNR is '20.222234653593514'
(3, 512, 512) (3, 512, 512) torch.Size([1, 32, 512, 512])
Starting optimization with optimizer 'SAM'
Output directory: data/denoising/face/mask/4/unet/det/0.069/1e-09
epoch:  0 quantization_loss:  0.07930855453014374
p mean is: tensor(-0.0004, device='cuda:3')
epoch:  1000 quantization_loss:  0.07238341867923737
p mean is: tensor(-0.0146, device='cuda:3')
epoch:  2000 quantization_loss:  0.07215424627065659
p mean is: tensor(-0.0250, device='cuda:3')
epoch:  3000 quantization_loss:  0.0717834010720253
p mean is: tensor(-0.0358, device='cuda:3')
epoch:  4000 quantization_loss:  0.07107719779014587
p mean is: tensor(-0.0467, device='cuda:3')
epoch:  5000 quantization_loss:  0.07113723456859589
p mean is: tensor(-0.0583, device='cuda:3')
epoch:  6000 quantization_loss:  0.07235429435968399
p mean is: tensor(-0.0700, device='cuda:3')
epoch:  7000 quantization_loss:  0.07129303365945816
p mean is: tensor(-0.0817, device='cuda:3')
epoch:  8000 quantization_loss:  0.053387489169836044
p mean is: tensor(-0.0940, device='cuda:3')
epoch:  9000 quantization_loss:  0.040845487266778946
p mean is: tensor(-0.1089, device='cuda:3')
epoch:  10000 quantization_loss:  0.03435481712222099
p mean is: tensor(-0.1281, device='cuda:3')
epoch:  11000 quantization_loss:  0.032045308500528336
p mean is: tensor(-0.1541, device='cuda:3')
epoch:  12000 quantization_loss:  0.030849885195493698
p mean is: tensor(-0.1897, device='cuda:3')
epoch:  13000 quantization_loss:  0.029940444976091385
p mean is: tensor(-0.2379, device='cuda:3')
epoch:  14000 quantization_loss:  0.029453523457050323
p mean is: tensor(-0.3009, device='cuda:3')
epoch:  15000 quantization_loss:  0.029081027954816818
p mean is: tensor(-0.3811, device='cuda:3')
epoch:  16000 quantization_loss:  0.031125225126743317
p mean is: tensor(-0.4790, device='cuda:3')
epoch:  17000 quantization_loss:  0.02826729044318199
p mean is: tensor(-0.5935, device='cuda:3')
epoch:  18000 quantization_loss:  0.02760371007025242
p mean is: tensor(-0.7205, device='cuda:3')
epoch:  19000 quantization_loss:  0.02730710059404373
p mean is: tensor(-0.8536, device='cuda:3')
epoch:  20000 quantization_loss:  0.02699386514723301
p mean is: tensor(-0.9864, device='cuda:3')
epoch:  21000 quantization_loss:  0.026817386969923973
p mean is: tensor(-1.1139, device='cuda:3')
epoch:  22000 quantization_loss:  0.026604820042848587
p mean is: tensor(-1.2324, device='cuda:3')
epoch:  23000 quantization_loss:  0.026415977627038956
p mean is: tensor(-1.3406, device='cuda:3')
epoch:  24000 quantization_loss:  0.026054594665765762
p mean is: tensor(-1.4382, device='cuda:3')
epoch:  25000 quantization_loss:  0.025928650051355362
p mean is: tensor(-1.5263, device='cuda:3')
epoch:  26000 quantization_loss:  0.02581077814102173
p mean is: tensor(-1.6057, device='cuda:3')
epoch:  27000 quantization_loss:  0.02581733651459217
p mean is: tensor(-1.6772, device='cuda:3')
epoch:  28000 quantization_loss:  0.02575414814054966
p mean is: tensor(-1.7419, device='cuda:3')
epoch:  29000 quantization_loss:  0.025600885972380638
p mean is: tensor(-1.8006, device='cuda:3')
epoch:  30000 quantization_loss:  0.025544658303260803
p mean is: tensor(-1.8540, device='cuda:3')
epoch:  31000 quantization_loss:  0.02556115761399269
p mean is: tensor(-1.9027, device='cuda:3')
epoch:  32000 quantization_loss:  0.02554250881075859
p mean is: tensor(-1.9473, device='cuda:3')
epoch:  33000 quantization_loss:  0.02547105774283409
p mean is: tensor(-1.9884, device='cuda:3')
epoch:  34000 quantization_loss:  0.02542107179760933
p mean is: tensor(-2.0261, device='cuda:3')
epoch:  35000 quantization_loss:  0.025396279990673065
p mean is: tensor(-2.0609, device='cuda:3')
epoch:  36000 quantization_loss:  0.025394879281520844
p mean is: tensor(-2.0931, device='cuda:3')
epoch:  37000 quantization_loss:  0.025370625779032707
p mean is: tensor(-2.1230, device='cuda:3')
epoch:  38000 quantization_loss:  0.025360669940710068
p mean is: tensor(-2.1508, device='cuda:3')
epoch:  39000 quantization_loss:  0.025319527834653854
p mean is: tensor(-2.1766, device='cuda:3')
epoch:  40000 quantization_loss:  0.025317691266536713
p mean is: tensor(-2.2005, device='cuda:3')
epoch:  41000 quantization_loss:  0.025330083444714546
p mean is: tensor(-2.2229, device='cuda:3')
epoch:  42000 quantization_loss:  0.025267113000154495
p mean is: tensor(-2.2439, device='cuda:3')
epoch:  43000 quantization_loss:  0.025272725149989128
p mean is: tensor(-2.2635, device='cuda:3')
epoch:  44000 quantization_loss:  0.025252968072891235
p mean is: tensor(-2.2820, device='cuda:3')
epoch:  45000 quantization_loss:  0.02523360215127468
p mean is: tensor(-2.2993, device='cuda:3')
epoch:  46000 quantization_loss:  0.025230243802070618
p mean is: tensor(-2.3156, device='cuda:3')
epoch:  47000 quantization_loss:  0.025216370820999146
p mean is: tensor(-2.3310, device='cuda:3')
epoch:  48000 quantization_loss:  0.02519654668867588
p mean is: tensor(-2.3454, device='cuda:3')
epoch:  49000 quantization_loss:  0.02519831992685795
p mean is: tensor(-2.3591, device='cuda:3')
epoch:  50000 quantization_loss:  0.025176897644996643
p mean is: tensor(-2.3721, device='cuda:3')
epoch:  51000 quantization_loss:  0.025127897039055824
p mean is: tensor(-2.3842, device='cuda:3')
epoch:  52000 quantization_loss:  0.025167329236865044
p mean is: tensor(-2.3958, device='cuda:3')
epoch:  53000 quantization_loss:  0.02516007237136364
p mean is: tensor(-2.4067, device='cuda:3')
epoch:  54000 quantization_loss:  0.025155797600746155
p mean is: tensor(-2.4171, device='cuda:3')
epoch:  55000 quantization_loss:  0.025146260857582092
p mean is: tensor(-2.4269, device='cuda:3')
epoch:  56000 quantization_loss:  0.025148319080471992
p mean is: tensor(-2.4363, device='cuda:3')
epoch:  57000 quantization_loss:  0.02513302117586136
p mean is: tensor(-2.4451, device='cuda:3')
epoch:  58000 quantization_loss:  0.025150982663035393
p mean is: tensor(-2.4535, device='cuda:3')
epoch:  59000 quantization_loss:  0.0251352246850729
p mean is: tensor(-2.4615, device='cuda:3')
Number of elements to keep: 207611
Threshold value: -2.0175788402557373
Number of elements equal to threshold: 1
Number of elements to randomly select: 1
Actual sparsity achieved: 0.06899972647511506
Number of elements to keep: 207611
Threshold value: -2.0175788402557373
Number of elements equal to threshold: 1
Number of elements to randomly select: 1
Actual sparsity achieved: 0.06899972647511506
1.1.1.weight         | nonzeros =    2194 /   12800             ( 17.14%) | total_pruned =   10606 | shape = torch.Size([16, 32, 5, 5])
1.1.1.bias           | nonzeros =       0 /      16             (  0.00%) | total_pruned =      16 | shape = torch.Size([16])
1.2.weight           | nonzeros =       9 /      16             ( 56.25%) | total_pruned =       7 | shape = torch.Size([16])
1.2.bias             | nonzeros =       0 /      16             (  0.00%) | total_pruned =      16 | shape = torch.Size([16])
1.4.1.weight         | nonzeros =     534 /    6400             (  8.34%) | total_pruned =    5866 | shape = torch.Size([16, 16, 5, 5])
1.4.1.bias           | nonzeros =       0 /      16             (  0.00%) | total_pruned =      16 | shape = torch.Size([16])
1.5.weight           | nonzeros =       8 /      16             ( 50.00%) | total_pruned =       8 | shape = torch.Size([16])
1.5.bias             | nonzeros =       0 /      16             (  0.00%) | total_pruned =      16 | shape = torch.Size([16])
1.7.1.1.1.weight     | nonzeros =     704 /   12800             (  5.50%) | total_pruned =   12096 | shape = torch.Size([32, 16, 5, 5])
1.7.1.1.1.bias       | nonzeros =       0 /      32             (  0.00%) | total_pruned =      32 | shape = torch.Size([32])
1.7.1.2.weight       | nonzeros =      20 /      32             ( 62.50%) | total_pruned =      12 | shape = torch.Size([32])
1.7.1.2.bias         | nonzeros =       0 /      32             (  0.00%) | total_pruned =      32 | shape = torch.Size([32])
1.7.1.4.1.weight     | nonzeros =    1030 /   25600             (  4.02%) | total_pruned =   24570 | shape = torch.Size([32, 32, 5, 5])
1.7.1.4.1.bias       | nonzeros =       0 /      32             (  0.00%) | total_pruned =      32 | shape = torch.Size([32])
1.7.1.5.weight       | nonzeros =      18 /      32             ( 56.25%) | total_pruned =      14 | shape = torch.Size([32])
1.7.1.5.bias         | nonzeros =       0 /      32             (  0.00%) | total_pruned =      32 | shape = torch.Size([32])
1.7.1.7.1.1.1.weight | nonzeros =    1309 /   51200             (  2.56%) | total_pruned =   49891 | shape = torch.Size([64, 32, 5, 5])
1.7.1.7.1.1.1.bias   | nonzeros =       0 /      64             (  0.00%) | total_pruned =      64 | shape = torch.Size([64])
1.7.1.7.1.2.weight   | nonzeros =      31 /      64             ( 48.44%) | total_pruned =      33 | shape = torch.Size([64])
1.7.1.7.1.2.bias     | nonzeros =       0 /      64             (  0.00%) | total_pruned =      64 | shape = torch.Size([64])
1.7.1.7.1.4.1.weight | nonzeros =    1868 /  102400             (  1.82%) | total_pruned =  100532 | shape = torch.Size([64, 64, 5, 5])
1.7.1.7.1.4.1.bias   | nonzeros =       0 /      64             (  0.00%) | total_pruned =      64 | shape = torch.Size([64])
1.7.1.7.1.5.weight   | nonzeros =      29 /      64             ( 45.31%) | total_pruned =      35 | shape = torch.Size([64])
1.7.1.7.1.5.bias     | nonzeros =       0 /      64             (  0.00%) | total_pruned =      64 | shape = torch.Size([64])
1.7.1.7.1.7.1.1.1.weight | nonzeros =    3633 /  204800             (  1.77%) | total_pruned =  201167 | shape = torch.Size([128, 64, 5, 5])
1.7.1.7.1.7.1.1.1.bias | nonzeros =       0 /     128             (  0.00%) | total_pruned =     128 | shape = torch.Size([128])
1.7.1.7.1.7.1.2.weight | nonzeros =      70 /     128             ( 54.69%) | total_pruned =      58 | shape = torch.Size([128])
1.7.1.7.1.7.1.2.bias | nonzeros =       0 /     128             (  0.00%) | total_pruned =     128 | shape = torch.Size([128])
1.7.1.7.1.7.1.4.1.weight | nonzeros =    7783 /  409600             (  1.90%) | total_pruned =  401817 | shape = torch.Size([128, 128, 5, 5])
1.7.1.7.1.7.1.4.1.bias | nonzeros =       0 /     128             (  0.00%) | total_pruned =     128 | shape = torch.Size([128])
1.7.1.7.1.7.1.5.weight | nonzeros =      69 /     128             ( 53.91%) | total_pruned =      59 | shape = torch.Size([128])
1.7.1.7.1.7.1.5.bias | nonzeros =       0 /     128             (  0.00%) | total_pruned =     128 | shape = torch.Size([128])
1.7.1.7.1.7.1.7.1.1.1.weight | nonzeros =   11738 /  409600             (  2.87%) | total_pruned =  397862 | shape = torch.Size([128, 128, 5, 5])
1.7.1.7.1.7.1.7.1.1.1.bias | nonzeros =       0 /     128             (  0.00%) | total_pruned =     128 | shape = torch.Size([128])
1.7.1.7.1.7.1.7.1.2.weight | nonzeros =      78 /     128             ( 60.94%) | total_pruned =      50 | shape = torch.Size([128])
1.7.1.7.1.7.1.7.1.2.bias | nonzeros =       0 /     128             (  0.00%) | total_pruned =     128 | shape = torch.Size([128])
1.7.1.7.1.7.1.7.1.4.1.weight | nonzeros =   21183 /  409600             (  5.17%) | total_pruned =  388417 | shape = torch.Size([128, 128, 5, 5])
1.7.1.7.1.7.1.7.1.4.1.bias | nonzeros =       0 /     128             (  0.00%) | total_pruned =     128 | shape = torch.Size([128])
1.7.1.7.1.7.1.7.1.5.weight | nonzeros =      97 /     128             ( 75.78%) | total_pruned =      31 | shape = torch.Size([128])
1.7.1.7.1.7.1.7.1.5.bias | nonzeros =       0 /     128             (  0.00%) | total_pruned =     128 | shape = torch.Size([128])
1.7.1.7.1.7.1.7.1.7.1.1.1.weight | nonzeros =   36616 /  409600             (  8.94%) | total_pruned =  372984 | shape = torch.Size([128, 128, 5, 5])
1.7.1.7.1.7.1.7.1.7.1.1.1.bias | nonzeros =       0 /     128             (  0.00%) | total_pruned =     128 | shape = torch.Size([128])
1.7.1.7.1.7.1.7.1.7.1.2.weight | nonzeros =     100 /     128             ( 78.12%) | total_pruned =      28 | shape = torch.Size([128])
1.7.1.7.1.7.1.7.1.7.1.2.bias | nonzeros =       0 /     128             (  0.00%) | total_pruned =     128 | shape = torch.Size([128])
1.7.1.7.1.7.1.7.1.7.1.4.1.weight | nonzeros =   42645 /  409600             ( 10.41%) | total_pruned =  366955 | shape = torch.Size([128, 128, 5, 5])
1.7.1.7.1.7.1.7.1.7.1.4.1.bias | nonzeros =       0 /     128             (  0.00%) | total_pruned =     128 | shape = torch.Size([128])
1.7.1.7.1.7.1.7.1.7.1.5.weight | nonzeros =      82 /     128             ( 64.06%) | total_pruned =      46 | shape = torch.Size([128])
1.7.1.7.1.7.1.7.1.7.1.5.bias | nonzeros =       0 /     128             (  0.00%) | total_pruned =     128 | shape = torch.Size([128])
1.7.1.7.1.7.1.7.1.7.2.weight | nonzeros =      82 /     128             ( 64.06%) | total_pruned =      46 | shape = torch.Size([128])
1.7.1.7.1.7.1.7.1.7.2.bias | nonzeros =       0 /     128             (  0.00%) | total_pruned =     128 | shape = torch.Size([128])
1.7.1.7.1.7.1.7.1.7.3.1.weight | nonzeros =   21105 /  147456             ( 14.31%) | total_pruned =  126351 | shape = torch.Size([128, 128, 3, 3])
1.7.1.7.1.7.1.7.1.7.3.1.bias | nonzeros =       0 /     128             (  0.00%) | total_pruned =     128 | shape = torch.Size([128])
1.7.1.7.1.7.1.7.1.7.4.weight | nonzeros =      84 /     128             ( 65.62%) | total_pruned =      44 | shape = torch.Size([128])
1.7.1.7.1.7.1.7.1.7.4.bias | nonzeros =       0 /     128             (  0.00%) | total_pruned =     128 | shape = torch.Size([128])
1.7.1.7.1.7.1.7.2.weight | nonzeros =      84 /     128             ( 65.62%) | total_pruned =      44 | shape = torch.Size([128])
1.7.1.7.1.7.1.7.2.bias | nonzeros =       0 /     128             (  0.00%) | total_pruned =     128 | shape = torch.Size([128])
1.7.1.7.1.7.1.7.3.1.weight | nonzeros =   20538 /  147456             ( 13.93%) | total_pruned =  126918 | shape = torch.Size([128, 128, 3, 3])
1.7.1.7.1.7.1.7.3.1.bias | nonzeros =       0 /     128             (  0.00%) | total_pruned =     128 | shape = torch.Size([128])
1.7.1.7.1.7.1.7.4.weight | nonzeros =      77 /     128             ( 60.16%) | total_pruned =      51 | shape = torch.Size([128])
1.7.1.7.1.7.1.7.4.bias | nonzeros =       0 /     128             (  0.00%) | total_pruned =     128 | shape = torch.Size([128])
1.7.1.7.1.7.2.weight | nonzeros =      77 /     128             ( 60.16%) | total_pruned =      51 | shape = torch.Size([128])
1.7.1.7.1.7.2.bias   | nonzeros =       0 /     128             (  0.00%) | total_pruned =     128 | shape = torch.Size([128])
1.7.1.7.1.7.3.1.weight | nonzeros =   18750 /  147456             ( 12.72%) | total_pruned =  128706 | shape = torch.Size([128, 128, 3, 3])
1.7.1.7.1.7.3.1.bias | nonzeros =       0 /     128             (  0.00%) | total_pruned =     128 | shape = torch.Size([128])
1.7.1.7.1.7.4.weight | nonzeros =      80 /     128             ( 62.50%) | total_pruned =      48 | shape = torch.Size([128])
1.7.1.7.1.7.4.bias   | nonzeros =       0 /     128             (  0.00%) | total_pruned =     128 | shape = torch.Size([128])
1.7.1.7.2.weight     | nonzeros =      80 /     128             ( 62.50%) | total_pruned =      48 | shape = torch.Size([128])
1.7.1.7.2.bias       | nonzeros =       0 /     128             (  0.00%) | total_pruned =     128 | shape = torch.Size([128])
1.7.1.7.3.1.weight   | nonzeros =   10373 /   73728             ( 14.07%) | total_pruned =   63355 | shape = torch.Size([64, 128, 3, 3])
1.7.1.7.3.1.bias     | nonzeros =       0 /      64             (  0.00%) | total_pruned =      64 | shape = torch.Size([64])
1.7.1.7.4.weight     | nonzeros =      38 /      64             ( 59.38%) | total_pruned =      26 | shape = torch.Size([64])
1.7.1.7.4.bias       | nonzeros =       0 /      64             (  0.00%) | total_pruned =      64 | shape = torch.Size([64])
1.7.2.weight         | nonzeros =      38 /      64             ( 59.38%) | total_pruned =      26 | shape = torch.Size([64])
1.7.2.bias           | nonzeros =       0 /      64             (  0.00%) | total_pruned =      64 | shape = torch.Size([64])
1.7.3.1.weight       | nonzeros =    3009 /   18432             ( 16.32%) | total_pruned =   15423 | shape = torch.Size([32, 64, 3, 3])
1.7.3.1.bias         | nonzeros =       0 /      32             (  0.00%) | total_pruned =      32 | shape = torch.Size([32])
1.7.4.weight         | nonzeros =      20 /      32             ( 62.50%) | total_pruned =      12 | shape = torch.Size([32])
1.7.4.bias           | nonzeros =       0 /      32             (  0.00%) | total_pruned =      32 | shape = torch.Size([32])
2.weight             | nonzeros =      20 /      32             ( 62.50%) | total_pruned =      12 | shape = torch.Size([32])
2.bias               | nonzeros =       0 /      32             (  0.00%) | total_pruned =      32 | shape = torch.Size([32])
3.1.weight           | nonzeros =    1259 /    4608             ( 27.32%) | total_pruned =    3349 | shape = torch.Size([16, 32, 3, 3])
3.1.bias             | nonzeros =       0 /      16             (  0.00%) | total_pruned =      16 | shape = torch.Size([16])
4.weight             | nonzeros =      16 /      16             (100.00%) | total_pruned =       0 | shape = torch.Size([16])
4.bias               | nonzeros =       0 /      16             (  0.00%) | total_pruned =      16 | shape = torch.Size([16])
6.1.weight           | nonzeros =      31 /      48             ( 64.58%) | total_pruned =      17 | shape = torch.Size([3, 16, 1, 1])
6.1.bias             | nonzeros =       2 /       3             ( 66.67%) | total_pruned =       1 | shape = torch.Size([3])
alive: 207611, pruned : 2801256, total: 3008867, Compression rate :      14.49x  ( 93.10% pruned)
(3, 512, 512) (3, 512, 512) (3, 512, 512)
PSNR of output image is:  17.86733724450732
Experiment done
