Processing image: lenna
(3, 512, 512)
(3, 512, 512)
Starting optimization with optimizer 'SAM'
Output directory where results stored: data/inpainting/Set14/mask/13/sparsity/0.5/det/0.8/1e-09
1.1.1.weight         | nonzeros =    9861 /   12800             ( 77.04%) | total_pruned =    2939 | shape = torch.Size([16, 32, 5, 5])
1.1.1.bias           | nonzeros =      16 /      16             (100.00%) | total_pruned =       0 | shape = torch.Size([16])
1.2.weight           | nonzeros =       4 /      16             ( 25.00%) | total_pruned =      12 | shape = torch.Size([16])
1.2.bias             | nonzeros =       0 /      16             (  0.00%) | total_pruned =      16 | shape = torch.Size([16])
1.4.1.weight         | nonzeros =    5077 /    6400             ( 79.33%) | total_pruned =    1323 | shape = torch.Size([16, 16, 5, 5])
1.4.1.bias           | nonzeros =      16 /      16             (100.00%) | total_pruned =       0 | shape = torch.Size([16])
1.5.weight           | nonzeros =      10 /      16             ( 62.50%) | total_pruned =       6 | shape = torch.Size([16])
1.5.bias             | nonzeros =       0 /      16             (  0.00%) | total_pruned =      16 | shape = torch.Size([16])
1.7.1.1.1.weight     | nonzeros =   10049 /   12800             ( 78.51%) | total_pruned =    2751 | shape = torch.Size([32, 16, 5, 5])
1.7.1.1.1.bias       | nonzeros =      32 /      32             (100.00%) | total_pruned =       0 | shape = torch.Size([32])
1.7.1.2.weight       | nonzeros =      13 /      32             ( 40.62%) | total_pruned =      19 | shape = torch.Size([32])
1.7.1.2.bias         | nonzeros =       0 /      32             (  0.00%) | total_pruned =      32 | shape = torch.Size([32])
1.7.1.4.1.weight     | nonzeros =   21445 /   25600             ( 83.77%) | total_pruned =    4155 | shape = torch.Size([32, 32, 5, 5])
1.7.1.4.1.bias       | nonzeros =      32 /      32             (100.00%) | total_pruned =       0 | shape = torch.Size([32])
1.7.1.5.weight       | nonzeros =      10 /      32             ( 31.25%) | total_pruned =      22 | shape = torch.Size([32])
1.7.1.5.bias         | nonzeros =       0 /      32             (  0.00%) | total_pruned =      32 | shape = torch.Size([32])
1.7.1.7.1.1.1.weight | nonzeros =   43773 /   51200             ( 85.49%) | total_pruned =    7427 | shape = torch.Size([64, 32, 5, 5])
1.7.1.7.1.1.1.bias   | nonzeros =      64 /      64             (100.00%) | total_pruned =       0 | shape = torch.Size([64])
1.7.1.7.1.2.weight   | nonzeros =      31 /      64             ( 48.44%) | total_pruned =      33 | shape = torch.Size([64])
1.7.1.7.1.2.bias     | nonzeros =       0 /      64             (  0.00%) | total_pruned =      64 | shape = torch.Size([64])
1.7.1.7.1.4.1.weight | nonzeros =   85458 /  102400             ( 83.46%) | total_pruned =   16942 | shape = torch.Size([64, 64, 5, 5])
1.7.1.7.1.4.1.bias   | nonzeros =      64 /      64             (100.00%) | total_pruned =       0 | shape = torch.Size([64])
1.7.1.7.1.5.weight   | nonzeros =      35 /      64             ( 54.69%) | total_pruned =      29 | shape = torch.Size([64])
1.7.1.7.1.5.bias     | nonzeros =       0 /      64             (  0.00%) | total_pruned =      64 | shape = torch.Size([64])
1.7.1.7.1.7.1.1.1.weight | nonzeros =  174558 /  204800             ( 85.23%) | total_pruned =   30242 | shape = torch.Size([128, 64, 5, 5])
1.7.1.7.1.7.1.1.1.bias | nonzeros =     128 /     128             (100.00%) | total_pruned =       0 | shape = torch.Size([128])
1.7.1.7.1.7.1.2.weight | nonzeros =      70 /     128             ( 54.69%) | total_pruned =      58 | shape = torch.Size([128])
1.7.1.7.1.7.1.2.bias | nonzeros =       0 /     128             (  0.00%) | total_pruned =     128 | shape = torch.Size([128])
1.7.1.7.1.7.1.4.1.weight | nonzeros =  353929 /  409600             ( 86.41%) | total_pruned =   55671 | shape = torch.Size([128, 128, 5, 5])
1.7.1.7.1.7.1.4.1.bias | nonzeros =     128 /     128             (100.00%) | total_pruned =       0 | shape = torch.Size([128])
1.7.1.7.1.7.1.5.weight | nonzeros =      78 /     128             ( 60.94%) | total_pruned =      50 | shape = torch.Size([128])
1.7.1.7.1.7.1.5.bias | nonzeros =       0 /     128             (  0.00%) | total_pruned =     128 | shape = torch.Size([128])
1.7.1.7.1.7.1.7.1.1.1.weight | nonzeros =  343825 /  409600             ( 83.94%) | total_pruned =   65775 | shape = torch.Size([128, 128, 5, 5])
1.7.1.7.1.7.1.7.1.1.1.bias | nonzeros =     128 /     128             (100.00%) | total_pruned =       0 | shape = torch.Size([128])
1.7.1.7.1.7.1.7.1.2.weight | nonzeros =      84 /     128             ( 65.62%) | total_pruned =      44 | shape = torch.Size([128])
1.7.1.7.1.7.1.7.1.2.bias | nonzeros =       0 /     128             (  0.00%) | total_pruned =     128 | shape = torch.Size([128])
1.7.1.7.1.7.1.7.1.4.1.weight | nonzeros =  326782 /  409600             ( 79.78%) | total_pruned =   82818 | shape = torch.Size([128, 128, 5, 5])
1.7.1.7.1.7.1.7.1.4.1.bias | nonzeros =     128 /     128             (100.00%) | total_pruned =       0 | shape = torch.Size([128])
1.7.1.7.1.7.1.7.1.5.weight | nonzeros =      93 /     128             ( 72.66%) | total_pruned =      35 | shape = torch.Size([128])
1.7.1.7.1.7.1.7.1.5.bias | nonzeros =       0 /     128             (  0.00%) | total_pruned =     128 | shape = torch.Size([128])
1.7.1.7.1.7.1.7.1.7.1.1.1.weight | nonzeros =  305440 /  409600             ( 74.57%) | total_pruned =  104160 | shape = torch.Size([128, 128, 5, 5])
1.7.1.7.1.7.1.7.1.7.1.1.1.bias | nonzeros =     128 /     128             (100.00%) | total_pruned =       0 | shape = torch.Size([128])
1.7.1.7.1.7.1.7.1.7.1.2.weight | nonzeros =      96 /     128             ( 75.00%) | total_pruned =      32 | shape = torch.Size([128])
1.7.1.7.1.7.1.7.1.7.1.2.bias | nonzeros =       0 /     128             (  0.00%) | total_pruned =     128 | shape = torch.Size([128])
1.7.1.7.1.7.1.7.1.7.1.4.1.weight | nonzeros =  299403 /  409600             ( 73.10%) | total_pruned =  110197 | shape = torch.Size([128, 128, 5, 5])
1.7.1.7.1.7.1.7.1.7.1.4.1.bias | nonzeros =     128 /     128             (100.00%) | total_pruned =       0 | shape = torch.Size([128])
1.7.1.7.1.7.1.7.1.7.1.5.weight | nonzeros =      84 /     128             ( 65.62%) | total_pruned =      44 | shape = torch.Size([128])
1.7.1.7.1.7.1.7.1.7.1.5.bias | nonzeros =       0 /     128             (  0.00%) | total_pruned =     128 | shape = torch.Size([128])
1.7.1.7.1.7.1.7.1.7.2.weight | nonzeros =      84 /     128             ( 65.62%) | total_pruned =      44 | shape = torch.Size([128])
1.7.1.7.1.7.1.7.1.7.2.bias | nonzeros =       0 /     128             (  0.00%) | total_pruned =     128 | shape = torch.Size([128])
1.7.1.7.1.7.1.7.1.7.3.1.weight | nonzeros =  108921 /  147456             ( 73.87%) | total_pruned =   38535 | shape = torch.Size([128, 128, 3, 3])
1.7.1.7.1.7.1.7.1.7.3.1.bias | nonzeros =     128 /     128             (100.00%) | total_pruned =       0 | shape = torch.Size([128])
1.7.1.7.1.7.1.7.1.7.4.weight | nonzeros =      88 /     128             ( 68.75%) | total_pruned =      40 | shape = torch.Size([128])
1.7.1.7.1.7.1.7.1.7.4.bias | nonzeros =       0 /     128             (  0.00%) | total_pruned =     128 | shape = torch.Size([128])
1.7.1.7.1.7.1.7.2.weight | nonzeros =      88 /     128             ( 68.75%) | total_pruned =      40 | shape = torch.Size([128])
1.7.1.7.1.7.1.7.2.bias | nonzeros =       0 /     128             (  0.00%) | total_pruned =     128 | shape = torch.Size([128])
1.7.1.7.1.7.1.7.3.1.weight | nonzeros =  116762 /  147456             ( 79.18%) | total_pruned =   30694 | shape = torch.Size([128, 128, 3, 3])
1.7.1.7.1.7.1.7.3.1.bias | nonzeros =     128 /     128             (100.00%) | total_pruned =       0 | shape = torch.Size([128])
1.7.1.7.1.7.1.7.4.weight | nonzeros =      67 /     128             ( 52.34%) | total_pruned =      61 | shape = torch.Size([128])
1.7.1.7.1.7.1.7.4.bias | nonzeros =       0 /     128             (  0.00%) | total_pruned =     128 | shape = torch.Size([128])
1.7.1.7.1.7.2.weight | nonzeros =      66 /     128             ( 51.56%) | total_pruned =      62 | shape = torch.Size([128])
1.7.1.7.1.7.2.bias   | nonzeros =       0 /     128             (  0.00%) | total_pruned =     128 | shape = torch.Size([128])
1.7.1.7.1.7.3.1.weight | nonzeros =  121480 /  147456             ( 82.38%) | total_pruned =   25976 | shape = torch.Size([128, 128, 3, 3])
1.7.1.7.1.7.3.1.bias | nonzeros =     128 /     128             (100.00%) | total_pruned =       0 | shape = torch.Size([128])
1.7.1.7.1.7.4.weight | nonzeros =      70 /     128             ( 54.69%) | total_pruned =      58 | shape = torch.Size([128])
1.7.1.7.1.7.4.bias   | nonzeros =       0 /     128             (  0.00%) | total_pruned =     128 | shape = torch.Size([128])
1.7.1.7.2.weight     | nonzeros =      70 /     128             ( 54.69%) | total_pruned =      58 | shape = torch.Size([128])
1.7.1.7.2.bias       | nonzeros =       0 /     128             (  0.00%) | total_pruned =     128 | shape = torch.Size([128])
1.7.1.7.3.1.weight   | nonzeros =   58893 /   73728             ( 79.88%) | total_pruned =   14835 | shape = torch.Size([64, 128, 3, 3])
1.7.1.7.3.1.bias     | nonzeros =      64 /      64             (100.00%) | total_pruned =       0 | shape = torch.Size([64])
1.7.1.7.4.weight     | nonzeros =      37 /      64             ( 57.81%) | total_pruned =      27 | shape = torch.Size([64])
1.7.1.7.4.bias       | nonzeros =       0 /      64             (  0.00%) | total_pruned =      64 | shape = torch.Size([64])
1.7.2.weight         | nonzeros =      37 /      64             ( 57.81%) | total_pruned =      27 | shape = torch.Size([64])
1.7.2.bias           | nonzeros =       0 /      64             (  0.00%) | total_pruned =      64 | shape = torch.Size([64])
1.7.3.1.weight       | nonzeros =   13728 /   18432             ( 74.48%) | total_pruned =    4704 | shape = torch.Size([32, 64, 3, 3])
1.7.3.1.bias         | nonzeros =      32 /      32             (100.00%) | total_pruned =       0 | shape = torch.Size([32])
1.7.4.weight         | nonzeros =      23 /      32             ( 71.88%) | total_pruned =       9 | shape = torch.Size([32])
1.7.4.bias           | nonzeros =       0 /      32             (  0.00%) | total_pruned =      32 | shape = torch.Size([32])
2.weight             | nonzeros =      23 /      32             ( 71.88%) | total_pruned =       9 | shape = torch.Size([32])
2.bias               | nonzeros =       0 /      32             (  0.00%) | total_pruned =      32 | shape = torch.Size([32])
3.1.weight           | nonzeros =    2827 /    4608             ( 61.35%) | total_pruned =    1781 | shape = torch.Size([16, 32, 3, 3])
3.1.bias             | nonzeros =      16 /      16             (100.00%) | total_pruned =       0 | shape = torch.Size([16])
4.weight             | nonzeros =      14 /      16             ( 87.50%) | total_pruned =       2 | shape = torch.Size([16])
4.bias               | nonzeros =       0 /      16             (  0.00%) | total_pruned =      16 | shape = torch.Size([16])
6.1.weight           | nonzeros =      21 /      48             ( 43.75%) | total_pruned =      27 | shape = torch.Size([3, 16, 1, 1])
6.1.bias             | nonzeros =       1 /       3             ( 33.33%) | total_pruned =       2 | shape = torch.Size([3])
alive: 2404996, pruned : 603871, total: 3008867, Compression rate :       1.25x  ( 20.07% pruned)
torch.Size([1, 3, 512, 512]) torch.Size([1, 3, 512, 512])
Initial PSNR of output image is:  17.591794468944496
epoch:  0 loss:  0.01566830649971962 PSNR:  17.591794468944496
epoch:  1000 loss:  0.0013951564906165004 PSNR:  28.058803390203963
epoch:  2000 loss:  0.0008351394790224731 PSNR:  30.2414463301091
epoch:  3000 loss:  0.0006895353435538709 PSNR:  31.040775968316872
epoch:  4000 loss:  0.0006139919860288501 PSNR:  31.52736663006097
epoch:  5000 loss:  0.0005202325992286205 PSNR:  32.213305739839335
epoch:  6000 loss:  0.002062976360321045 PSNR:  26.382038721979125
epoch:  7000 loss:  0.001203217776492238 PSNR:  28.69672947784992
epoch:  8000 loss:  0.0009246803820133209 PSNR:  29.80718267968301
epoch:  9000 loss:  0.0008590912912040949 PSNR:  30.11532135336338
epoch:  10000 loss:  0.0007593964110128582 PSNR:  30.63954267681654
epoch:  11000 loss:  0.0006654608878307045 PSNR:  31.193258257191687
epoch:  12000 loss:  0.000666057865601033 PSNR:  31.185439144106617
epoch:  13000 loss:  0.0006334622157737613 PSNR:  31.39663910890277
epoch:  14000 loss:  0.0005408031865954399 PSNR:  32.05061840363477
epoch:  15000 loss:  0.0005158132407814264 PSNR:  32.24198575268288
epoch:  16000 loss:  0.0004981599049642682 PSNR:  32.38432203142297
epoch:  17000 loss:  0.00048319052439182997 PSNR:  32.50705856753119
epoch:  18000 loss:  0.00047401408664882183 PSNR:  32.583240581234385
epoch:  19000 loss:  0.0004852847778238356 PSNR:  32.48538507298778
epoch:  20000 loss:  0.0004674684605561197 PSNR:  32.632877916443135
epoch:  21000 loss:  0.0004788010264746845 PSNR:  32.53514608331008
epoch:  22000 loss:  0.00043736043153330684 PSNR:  32.90573215907664
epoch:  23000 loss:  0.0004714077804237604 PSNR:  32.59576478377241
epoch:  24000 loss:  0.0004369119997136295 PSNR:  32.904876592658155
epoch:  25000 loss:  0.0004321245360188186 PSNR:  32.94892419905293
epoch:  26000 loss:  0.00041977677028626204 PSNR:  33.067347467777154
epoch:  27000 loss:  0.0004199240356683731 PSNR:  33.06373294970061
epoch:  28000 loss:  0.0004206275916658342 PSNR:  33.05299222032408
epoch:  29000 loss:  0.0004014404839836061 PSNR:  33.242677188188566
epoch:  30000 loss:  0.00041784014320001006 PSNR:  33.07583680125748
epoch:  31000 loss:  0.0003989206743426621 PSNR:  33.265121535883
epoch:  32000 loss:  0.0003957606095355004 PSNR:  33.295568042044195
epoch:  33000 loss:  0.00040131513378582895 PSNR:  33.23801248716404
epoch:  34000 loss:  0.0003917594440281391 PSNR:  33.33347681907788
epoch:  35000 loss:  0.00042392450268380344 PSNR:  33.01369035323106
epoch:  36000 loss:  0.0003881622978951782 PSNR:  33.367475937640606
epoch:  37000 loss:  0.00038459477946162224 PSNR:  33.40619374560659
epoch:  38000 loss:  0.0004118096549063921 PSNR:  33.125316369843944
epoch:  39000 loss:  0.0004030215204693377 PSNR:  33.21598975125879
PSNR of output image is:  32.76149323474748
(3, 512, 512) (1, 3, 512, 512)
Experiment done
Processing image: lenna
(3, 512, 512)
(3, 512, 512)
Starting optimization with optimizer 'SAM'
Output directory where results stored: data/inpainting/Set14/mask/13/sparsity/0.5/det/0.8/1e-09
1.1.1.weight         | nonzeros =    9861 /   12800             ( 77.04%) | total_pruned =    2939 | shape = torch.Size([16, 32, 5, 5])
1.1.1.bias           | nonzeros =      16 /      16             (100.00%) | total_pruned =       0 | shape = torch.Size([16])
1.2.weight           | nonzeros =       4 /      16             ( 25.00%) | total_pruned =      12 | shape = torch.Size([16])
1.2.bias             | nonzeros =       0 /      16             (  0.00%) | total_pruned =      16 | shape = torch.Size([16])
1.4.1.weight         | nonzeros =    5077 /    6400             ( 79.33%) | total_pruned =    1323 | shape = torch.Size([16, 16, 5, 5])
1.4.1.bias           | nonzeros =      16 /      16             (100.00%) | total_pruned =       0 | shape = torch.Size([16])
1.5.weight           | nonzeros =      10 /      16             ( 62.50%) | total_pruned =       6 | shape = torch.Size([16])
1.5.bias             | nonzeros =       0 /      16             (  0.00%) | total_pruned =      16 | shape = torch.Size([16])
1.7.1.1.1.weight     | nonzeros =   10049 /   12800             ( 78.51%) | total_pruned =    2751 | shape = torch.Size([32, 16, 5, 5])
1.7.1.1.1.bias       | nonzeros =      32 /      32             (100.00%) | total_pruned =       0 | shape = torch.Size([32])
1.7.1.2.weight       | nonzeros =      13 /      32             ( 40.62%) | total_pruned =      19 | shape = torch.Size([32])
1.7.1.2.bias         | nonzeros =       0 /      32             (  0.00%) | total_pruned =      32 | shape = torch.Size([32])
1.7.1.4.1.weight     | nonzeros =   21445 /   25600             ( 83.77%) | total_pruned =    4155 | shape = torch.Size([32, 32, 5, 5])
1.7.1.4.1.bias       | nonzeros =      32 /      32             (100.00%) | total_pruned =       0 | shape = torch.Size([32])
1.7.1.5.weight       | nonzeros =      10 /      32             ( 31.25%) | total_pruned =      22 | shape = torch.Size([32])
1.7.1.5.bias         | nonzeros =       0 /      32             (  0.00%) | total_pruned =      32 | shape = torch.Size([32])
1.7.1.7.1.1.1.weight | nonzeros =   43773 /   51200             ( 85.49%) | total_pruned =    7427 | shape = torch.Size([64, 32, 5, 5])
1.7.1.7.1.1.1.bias   | nonzeros =      64 /      64             (100.00%) | total_pruned =       0 | shape = torch.Size([64])
1.7.1.7.1.2.weight   | nonzeros =      31 /      64             ( 48.44%) | total_pruned =      33 | shape = torch.Size([64])
1.7.1.7.1.2.bias     | nonzeros =       0 /      64             (  0.00%) | total_pruned =      64 | shape = torch.Size([64])
1.7.1.7.1.4.1.weight | nonzeros =   85458 /  102400             ( 83.46%) | total_pruned =   16942 | shape = torch.Size([64, 64, 5, 5])
1.7.1.7.1.4.1.bias   | nonzeros =      64 /      64             (100.00%) | total_pruned =       0 | shape = torch.Size([64])
1.7.1.7.1.5.weight   | nonzeros =      35 /      64             ( 54.69%) | total_pruned =      29 | shape = torch.Size([64])
1.7.1.7.1.5.bias     | nonzeros =       0 /      64             (  0.00%) | total_pruned =      64 | shape = torch.Size([64])
1.7.1.7.1.7.1.1.1.weight | nonzeros =  174558 /  204800             ( 85.23%) | total_pruned =   30242 | shape = torch.Size([128, 64, 5, 5])
1.7.1.7.1.7.1.1.1.bias | nonzeros =     128 /     128             (100.00%) | total_pruned =       0 | shape = torch.Size([128])
1.7.1.7.1.7.1.2.weight | nonzeros =      70 /     128             ( 54.69%) | total_pruned =      58 | shape = torch.Size([128])
1.7.1.7.1.7.1.2.bias | nonzeros =       0 /     128             (  0.00%) | total_pruned =     128 | shape = torch.Size([128])
1.7.1.7.1.7.1.4.1.weight | nonzeros =  353929 /  409600             ( 86.41%) | total_pruned =   55671 | shape = torch.Size([128, 128, 5, 5])
1.7.1.7.1.7.1.4.1.bias | nonzeros =     128 /     128             (100.00%) | total_pruned =       0 | shape = torch.Size([128])
1.7.1.7.1.7.1.5.weight | nonzeros =      78 /     128             ( 60.94%) | total_pruned =      50 | shape = torch.Size([128])
1.7.1.7.1.7.1.5.bias | nonzeros =       0 /     128             (  0.00%) | total_pruned =     128 | shape = torch.Size([128])
1.7.1.7.1.7.1.7.1.1.1.weight | nonzeros =  343825 /  409600             ( 83.94%) | total_pruned =   65775 | shape = torch.Size([128, 128, 5, 5])
1.7.1.7.1.7.1.7.1.1.1.bias | nonzeros =     128 /     128             (100.00%) | total_pruned =       0 | shape = torch.Size([128])
1.7.1.7.1.7.1.7.1.2.weight | nonzeros =      84 /     128             ( 65.62%) | total_pruned =      44 | shape = torch.Size([128])
1.7.1.7.1.7.1.7.1.2.bias | nonzeros =       0 /     128             (  0.00%) | total_pruned =     128 | shape = torch.Size([128])
1.7.1.7.1.7.1.7.1.4.1.weight | nonzeros =  326782 /  409600             ( 79.78%) | total_pruned =   82818 | shape = torch.Size([128, 128, 5, 5])
1.7.1.7.1.7.1.7.1.4.1.bias | nonzeros =     128 /     128             (100.00%) | total_pruned =       0 | shape = torch.Size([128])
1.7.1.7.1.7.1.7.1.5.weight | nonzeros =      93 /     128             ( 72.66%) | total_pruned =      35 | shape = torch.Size([128])
1.7.1.7.1.7.1.7.1.5.bias | nonzeros =       0 /     128             (  0.00%) | total_pruned =     128 | shape = torch.Size([128])
1.7.1.7.1.7.1.7.1.7.1.1.1.weight | nonzeros =  305440 /  409600             ( 74.57%) | total_pruned =  104160 | shape = torch.Size([128, 128, 5, 5])
1.7.1.7.1.7.1.7.1.7.1.1.1.bias | nonzeros =     128 /     128             (100.00%) | total_pruned =       0 | shape = torch.Size([128])
1.7.1.7.1.7.1.7.1.7.1.2.weight | nonzeros =      96 /     128             ( 75.00%) | total_pruned =      32 | shape = torch.Size([128])
1.7.1.7.1.7.1.7.1.7.1.2.bias | nonzeros =       0 /     128             (  0.00%) | total_pruned =     128 | shape = torch.Size([128])
1.7.1.7.1.7.1.7.1.7.1.4.1.weight | nonzeros =  299403 /  409600             ( 73.10%) | total_pruned =  110197 | shape = torch.Size([128, 128, 5, 5])
1.7.1.7.1.7.1.7.1.7.1.4.1.bias | nonzeros =     128 /     128             (100.00%) | total_pruned =       0 | shape = torch.Size([128])
1.7.1.7.1.7.1.7.1.7.1.5.weight | nonzeros =      84 /     128             ( 65.62%) | total_pruned =      44 | shape = torch.Size([128])
1.7.1.7.1.7.1.7.1.7.1.5.bias | nonzeros =       0 /     128             (  0.00%) | total_pruned =     128 | shape = torch.Size([128])
1.7.1.7.1.7.1.7.1.7.2.weight | nonzeros =      84 /     128             ( 65.62%) | total_pruned =      44 | shape = torch.Size([128])
1.7.1.7.1.7.1.7.1.7.2.bias | nonzeros =       0 /     128             (  0.00%) | total_pruned =     128 | shape = torch.Size([128])
1.7.1.7.1.7.1.7.1.7.3.1.weight | nonzeros =  108921 /  147456             ( 73.87%) | total_pruned =   38535 | shape = torch.Size([128, 128, 3, 3])
1.7.1.7.1.7.1.7.1.7.3.1.bias | nonzeros =     128 /     128             (100.00%) | total_pruned =       0 | shape = torch.Size([128])
1.7.1.7.1.7.1.7.1.7.4.weight | nonzeros =      88 /     128             ( 68.75%) | total_pruned =      40 | shape = torch.Size([128])
1.7.1.7.1.7.1.7.1.7.4.bias | nonzeros =       0 /     128             (  0.00%) | total_pruned =     128 | shape = torch.Size([128])
1.7.1.7.1.7.1.7.2.weight | nonzeros =      88 /     128             ( 68.75%) | total_pruned =      40 | shape = torch.Size([128])
1.7.1.7.1.7.1.7.2.bias | nonzeros =       0 /     128             (  0.00%) | total_pruned =     128 | shape = torch.Size([128])
1.7.1.7.1.7.1.7.3.1.weight | nonzeros =  116762 /  147456             ( 79.18%) | total_pruned =   30694 | shape = torch.Size([128, 128, 3, 3])
1.7.1.7.1.7.1.7.3.1.bias | nonzeros =     128 /     128             (100.00%) | total_pruned =       0 | shape = torch.Size([128])
1.7.1.7.1.7.1.7.4.weight | nonzeros =      67 /     128             ( 52.34%) | total_pruned =      61 | shape = torch.Size([128])
1.7.1.7.1.7.1.7.4.bias | nonzeros =       0 /     128             (  0.00%) | total_pruned =     128 | shape = torch.Size([128])
1.7.1.7.1.7.2.weight | nonzeros =      66 /     128             ( 51.56%) | total_pruned =      62 | shape = torch.Size([128])
1.7.1.7.1.7.2.bias   | nonzeros =       0 /     128             (  0.00%) | total_pruned =     128 | shape = torch.Size([128])
1.7.1.7.1.7.3.1.weight | nonzeros =  121480 /  147456             ( 82.38%) | total_pruned =   25976 | shape = torch.Size([128, 128, 3, 3])
1.7.1.7.1.7.3.1.bias | nonzeros =     128 /     128             (100.00%) | total_pruned =       0 | shape = torch.Size([128])
1.7.1.7.1.7.4.weight | nonzeros =      70 /     128             ( 54.69%) | total_pruned =      58 | shape = torch.Size([128])
1.7.1.7.1.7.4.bias   | nonzeros =       0 /     128             (  0.00%) | total_pruned =     128 | shape = torch.Size([128])
1.7.1.7.2.weight     | nonzeros =      70 /     128             ( 54.69%) | total_pruned =      58 | shape = torch.Size([128])
1.7.1.7.2.bias       | nonzeros =       0 /     128             (  0.00%) | total_pruned =     128 | shape = torch.Size([128])
1.7.1.7.3.1.weight   | nonzeros =   58893 /   73728             ( 79.88%) | total_pruned =   14835 | shape = torch.Size([64, 128, 3, 3])
1.7.1.7.3.1.bias     | nonzeros =      64 /      64             (100.00%) | total_pruned =       0 | shape = torch.Size([64])
1.7.1.7.4.weight     | nonzeros =      37 /      64             ( 57.81%) | total_pruned =      27 | shape = torch.Size([64])
1.7.1.7.4.bias       | nonzeros =       0 /      64             (  0.00%) | total_pruned =      64 | shape = torch.Size([64])
1.7.2.weight         | nonzeros =      37 /      64             ( 57.81%) | total_pruned =      27 | shape = torch.Size([64])
1.7.2.bias           | nonzeros =       0 /      64             (  0.00%) | total_pruned =      64 | shape = torch.Size([64])
1.7.3.1.weight       | nonzeros =   13728 /   18432             ( 74.48%) | total_pruned =    4704 | shape = torch.Size([32, 64, 3, 3])
1.7.3.1.bias         | nonzeros =      32 /      32             (100.00%) | total_pruned =       0 | shape = torch.Size([32])
1.7.4.weight         | nonzeros =      23 /      32             ( 71.88%) | total_pruned =       9 | shape = torch.Size([32])
1.7.4.bias           | nonzeros =       0 /      32             (  0.00%) | total_pruned =      32 | shape = torch.Size([32])
2.weight             | nonzeros =      23 /      32             ( 71.88%) | total_pruned =       9 | shape = torch.Size([32])
2.bias               | nonzeros =       0 /      32             (  0.00%) | total_pruned =      32 | shape = torch.Size([32])
3.1.weight           | nonzeros =    2827 /    4608             ( 61.35%) | total_pruned =    1781 | shape = torch.Size([16, 32, 3, 3])
3.1.bias             | nonzeros =      16 /      16             (100.00%) | total_pruned =       0 | shape = torch.Size([16])
4.weight             | nonzeros =      14 /      16             ( 87.50%) | total_pruned =       2 | shape = torch.Size([16])
4.bias               | nonzeros =       0 /      16             (  0.00%) | total_pruned =      16 | shape = torch.Size([16])
6.1.weight           | nonzeros =      21 /      48             ( 43.75%) | total_pruned =      27 | shape = torch.Size([3, 16, 1, 1])
6.1.bias             | nonzeros =       1 /       3             ( 33.33%) | total_pruned =       2 | shape = torch.Size([3])
alive: 2404996, pruned : 603871, total: 3008867, Compression rate :       1.25x  ( 20.07% pruned)
torch.Size([1, 3, 512, 512]) torch.Size([1, 3, 512, 512])
Initial PSNR of output image is:  17.591793976086393
epoch:  0 loss:  0.008699795231223106 PSNR:  17.591793976086393
epoch:  1000 loss:  0.000740958726964891 PSNR:  27.976828191520134
epoch:  2000 loss:  0.0004564004484564066 PSNR:  29.67303569840732
epoch:  3000 loss:  0.00031784726888872683 PSNR:  30.777306461517696
epoch:  4000 loss:  0.00027581508038565516 PSNR:  31.077917568557616
epoch:  5000 loss:  0.0002599742147140205 PSNR:  31.144052429675668
epoch:  6000 loss:  0.00022819219157099724 PSNR:  31.415624003981748
epoch:  7000 loss:  0.00025287631433457136 PSNR:  31.11566262332196
epoch:  8000 loss:  0.0012218443443998694 PSNR:  25.96669038346445
epoch:  9000 loss:  0.0005892285844311118 PSNR:  28.785470037877957
epoch:  10000 loss:  0.0004202077107038349 PSNR:  29.96006305676353
epoch:  11000 loss:  0.0003618269693106413 PSNR:  30.42457880795757
epoch:  12000 loss:  0.0003119244356639683 PSNR:  30.82997456935594
epoch:  13000 loss:  0.000326745182974264 PSNR:  30.604501522969624
epoch:  14000 loss:  0.00027802539989352226 PSNR:  31.062057403246378
epoch:  15000 loss:  0.0002693065907806158 PSNR:  31.062386947040718
epoch:  16000 loss:  0.00024205107183661312 PSNR:  31.321369612500966
epoch:  17000 loss:  0.00023249156947713345 PSNR:  31.38916454257935
epoch:  18000 loss:  0.00024007106549106538 PSNR:  31.242699917776736
epoch:  19000 loss:  0.00021975165873300284 PSNR:  31.461072279221156
epoch:  20000 loss:  0.0002166253252653405 PSNR:  31.462563906530864
epoch:  21000 loss:  0.00021199070033617318 PSNR:  31.479209667797647
epoch:  22000 loss:  0.00021539803128689528 PSNR:  31.415999245646866
epoch:  23000 loss:  0.00020550521730910987 PSNR:  31.532673534196825
epoch:  24000 loss:  0.00019687760504893959 PSNR:  31.569397129919384
epoch:  25000 loss:  0.00019759763381443918 PSNR:  31.534966320784093
epoch:  26000 loss:  0.00020626239711418748 PSNR:  31.436871730140506
epoch:  27000 loss:  0.0001875739253591746 PSNR:  31.630930886512992
epoch:  28000 loss:  0.00018677271145861596 PSNR:  31.621039317991123
epoch:  29000 loss:  0.00018844788428395987 PSNR:  31.583891780969928
epoch:  30000 loss:  0.00018102923058904707 PSNR:  31.626506056094406
epoch:  31000 loss:  0.00019151069864165038 PSNR:  31.509810469782693
epoch:  32000 loss:  0.00018884548626374453 PSNR:  31.52303022288256
epoch:  33000 loss:  0.0001817185984691605 PSNR:  31.58335830670182
epoch:  34000 loss:  0.0001908287958940491 PSNR:  31.443774155901533
epoch:  35000 loss:  0.00017558294348418713 PSNR:  31.631890885180457
epoch:  36000 loss:  0.0001930059224832803 PSNR:  31.437672258740612
epoch:  37000 loss:  0.00017769815167412162 PSNR:  31.56886930565316
epoch:  38000 loss:  0.00017687358194962144 PSNR:  31.561560289166852
epoch:  39000 loss:  0.000190762773854658 PSNR:  31.437349681119077
PSNR of output image is:  30.982853698798255
(3, 512, 512) (1, 3, 512, 512)
Experiment done
