Processing image: coastguard
(3, 256, 256)
(3, 256, 256)
Starting optimization with optimizer 'SAM'
Output directory where results stored: data/inpainting/Set14/mask/2/sparsity/0.5/det/0.03/1e-09
1.1.1.weight         | nonzeros =     467 /   12800             (  3.65%) | total_pruned =   12333 | shape = torch.Size([16, 32, 5, 5])
1.1.1.bias           | nonzeros =       0 /      16             (  0.00%) | total_pruned =      16 | shape = torch.Size([16])
1.2.weight           | nonzeros =       6 /      16             ( 37.50%) | total_pruned =      10 | shape = torch.Size([16])
1.2.bias             | nonzeros =       0 /      16             (  0.00%) | total_pruned =      16 | shape = torch.Size([16])
1.4.1.weight         | nonzeros =      81 /    6400             (  1.27%) | total_pruned =    6319 | shape = torch.Size([16, 16, 5, 5])
1.4.1.bias           | nonzeros =       0 /      16             (  0.00%) | total_pruned =      16 | shape = torch.Size([16])
1.5.weight           | nonzeros =       9 /      16             ( 56.25%) | total_pruned =       7 | shape = torch.Size([16])
1.5.bias             | nonzeros =       0 /      16             (  0.00%) | total_pruned =      16 | shape = torch.Size([16])
1.7.1.1.1.weight     | nonzeros =      81 /   12800             (  0.63%) | total_pruned =   12719 | shape = torch.Size([32, 16, 5, 5])
1.7.1.1.1.bias       | nonzeros =       0 /      32             (  0.00%) | total_pruned =      32 | shape = torch.Size([32])
1.7.1.2.weight       | nonzeros =      11 /      32             ( 34.38%) | total_pruned =      21 | shape = torch.Size([32])
1.7.1.2.bias         | nonzeros =       0 /      32             (  0.00%) | total_pruned =      32 | shape = torch.Size([32])
1.7.1.4.1.weight     | nonzeros =     134 /   25600             (  0.52%) | total_pruned =   25466 | shape = torch.Size([32, 32, 5, 5])
1.7.1.4.1.bias       | nonzeros =       0 /      32             (  0.00%) | total_pruned =      32 | shape = torch.Size([32])
1.7.1.5.weight       | nonzeros =      10 /      32             ( 31.25%) | total_pruned =      22 | shape = torch.Size([32])
1.7.1.5.bias         | nonzeros =       0 /      32             (  0.00%) | total_pruned =      32 | shape = torch.Size([32])
1.7.1.7.1.1.1.weight | nonzeros =     121 /   51200             (  0.24%) | total_pruned =   51079 | shape = torch.Size([64, 32, 5, 5])
1.7.1.7.1.1.1.bias   | nonzeros =       0 /      64             (  0.00%) | total_pruned =      64 | shape = torch.Size([64])
1.7.1.7.1.2.weight   | nonzeros =      29 /      64             ( 45.31%) | total_pruned =      35 | shape = torch.Size([64])
1.7.1.7.1.2.bias     | nonzeros =       0 /      64             (  0.00%) | total_pruned =      64 | shape = torch.Size([64])
1.7.1.7.1.4.1.weight | nonzeros =     193 /  102400             (  0.19%) | total_pruned =  102207 | shape = torch.Size([64, 64, 5, 5])
1.7.1.7.1.4.1.bias   | nonzeros =       0 /      64             (  0.00%) | total_pruned =      64 | shape = torch.Size([64])
1.7.1.7.1.5.weight   | nonzeros =      27 /      64             ( 42.19%) | total_pruned =      37 | shape = torch.Size([64])
1.7.1.7.1.5.bias     | nonzeros =       0 /      64             (  0.00%) | total_pruned =      64 | shape = torch.Size([64])
1.7.1.7.1.7.1.1.1.weight | nonzeros =     190 /  204800             (  0.09%) | total_pruned =  204610 | shape = torch.Size([128, 64, 5, 5])
1.7.1.7.1.7.1.1.1.bias | nonzeros =       0 /     128             (  0.00%) | total_pruned =     128 | shape = torch.Size([128])
1.7.1.7.1.7.1.2.weight | nonzeros =      43 /     128             ( 33.59%) | total_pruned =      85 | shape = torch.Size([128])
1.7.1.7.1.7.1.2.bias | nonzeros =       0 /     128             (  0.00%) | total_pruned =     128 | shape = torch.Size([128])
1.7.1.7.1.7.1.4.1.weight | nonzeros =     328 /  409600             (  0.08%) | total_pruned =  409272 | shape = torch.Size([128, 128, 5, 5])
1.7.1.7.1.7.1.4.1.bias | nonzeros =       0 /     128             (  0.00%) | total_pruned =     128 | shape = torch.Size([128])
1.7.1.7.1.7.1.5.weight | nonzeros =      47 /     128             ( 36.72%) | total_pruned =      81 | shape = torch.Size([128])
1.7.1.7.1.7.1.5.bias | nonzeros =       0 /     128             (  0.00%) | total_pruned =     128 | shape = torch.Size([128])
1.7.1.7.1.7.1.7.1.1.1.weight | nonzeros =     552 /  409600             (  0.13%) | total_pruned =  409048 | shape = torch.Size([128, 128, 5, 5])
1.7.1.7.1.7.1.7.1.1.1.bias | nonzeros =       0 /     128             (  0.00%) | total_pruned =     128 | shape = torch.Size([128])
1.7.1.7.1.7.1.7.1.2.weight | nonzeros =      59 /     128             ( 46.09%) | total_pruned =      69 | shape = torch.Size([128])
1.7.1.7.1.7.1.7.1.2.bias | nonzeros =       0 /     128             (  0.00%) | total_pruned =     128 | shape = torch.Size([128])
1.7.1.7.1.7.1.7.1.4.1.weight | nonzeros =    2031 /  409600             (  0.50%) | total_pruned =  407569 | shape = torch.Size([128, 128, 5, 5])
1.7.1.7.1.7.1.7.1.4.1.bias | nonzeros =       0 /     128             (  0.00%) | total_pruned =     128 | shape = torch.Size([128])
1.7.1.7.1.7.1.7.1.5.weight | nonzeros =      77 /     128             ( 60.16%) | total_pruned =      51 | shape = torch.Size([128])
1.7.1.7.1.7.1.7.1.5.bias | nonzeros =       0 /     128             (  0.00%) | total_pruned =     128 | shape = torch.Size([128])
1.7.1.7.1.7.1.7.1.7.1.1.1.weight | nonzeros =    6991 /  409600             (  1.71%) | total_pruned =  402609 | shape = torch.Size([128, 128, 5, 5])
1.7.1.7.1.7.1.7.1.7.1.1.1.bias | nonzeros =       0 /     128             (  0.00%) | total_pruned =     128 | shape = torch.Size([128])
1.7.1.7.1.7.1.7.1.7.1.2.weight | nonzeros =      84 /     128             ( 65.62%) | total_pruned =      44 | shape = torch.Size([128])
1.7.1.7.1.7.1.7.1.7.1.2.bias | nonzeros =       0 /     128             (  0.00%) | total_pruned =     128 | shape = torch.Size([128])
1.7.1.7.1.7.1.7.1.7.1.4.1.weight | nonzeros =   18140 /  409600             (  4.43%) | total_pruned =  391460 | shape = torch.Size([128, 128, 5, 5])
1.7.1.7.1.7.1.7.1.7.1.4.1.bias | nonzeros =       0 /     128             (  0.00%) | total_pruned =     128 | shape = torch.Size([128])
1.7.1.7.1.7.1.7.1.7.1.5.weight | nonzeros =      67 /     128             ( 52.34%) | total_pruned =      61 | shape = torch.Size([128])
1.7.1.7.1.7.1.7.1.7.1.5.bias | nonzeros =       0 /     128             (  0.00%) | total_pruned =     128 | shape = torch.Size([128])
1.7.1.7.1.7.1.7.1.7.2.weight | nonzeros =      67 /     128             ( 52.34%) | total_pruned =      61 | shape = torch.Size([128])
1.7.1.7.1.7.1.7.1.7.2.bias | nonzeros =       0 /     128             (  0.00%) | total_pruned =     128 | shape = torch.Size([128])
1.7.1.7.1.7.1.7.1.7.3.1.weight | nonzeros =   15257 /  147456             ( 10.35%) | total_pruned =  132199 | shape = torch.Size([128, 128, 3, 3])
1.7.1.7.1.7.1.7.1.7.3.1.bias | nonzeros =       0 /     128             (  0.00%) | total_pruned =     128 | shape = torch.Size([128])
1.7.1.7.1.7.1.7.1.7.4.weight | nonzeros =      74 /     128             ( 57.81%) | total_pruned =      54 | shape = torch.Size([128])
1.7.1.7.1.7.1.7.1.7.4.bias | nonzeros =       0 /     128             (  0.00%) | total_pruned =     128 | shape = torch.Size([128])
1.7.1.7.1.7.1.7.2.weight | nonzeros =      74 /     128             ( 57.81%) | total_pruned =      54 | shape = torch.Size([128])
1.7.1.7.1.7.1.7.2.bias | nonzeros =       0 /     128             (  0.00%) | total_pruned =     128 | shape = torch.Size([128])
1.7.1.7.1.7.1.7.3.1.weight | nonzeros =   18106 /  147456             ( 12.28%) | total_pruned =  129350 | shape = torch.Size([128, 128, 3, 3])
1.7.1.7.1.7.1.7.3.1.bias | nonzeros =       0 /     128             (  0.00%) | total_pruned =     128 | shape = torch.Size([128])
1.7.1.7.1.7.1.7.4.weight | nonzeros =      68 /     128             ( 53.12%) | total_pruned =      60 | shape = torch.Size([128])
1.7.1.7.1.7.1.7.4.bias | nonzeros =       0 /     128             (  0.00%) | total_pruned =     128 | shape = torch.Size([128])
1.7.1.7.1.7.2.weight | nonzeros =      68 /     128             ( 53.12%) | total_pruned =      60 | shape = torch.Size([128])
1.7.1.7.1.7.2.bias   | nonzeros =       0 /     128             (  0.00%) | total_pruned =     128 | shape = torch.Size([128])
1.7.1.7.1.7.3.1.weight | nonzeros =   15815 /  147456             ( 10.73%) | total_pruned =  131641 | shape = torch.Size([128, 128, 3, 3])
1.7.1.7.1.7.3.1.bias | nonzeros =       0 /     128             (  0.00%) | total_pruned =     128 | shape = torch.Size([128])
1.7.1.7.1.7.4.weight | nonzeros =      62 /     128             ( 48.44%) | total_pruned =      66 | shape = torch.Size([128])
1.7.1.7.1.7.4.bias   | nonzeros =       0 /     128             (  0.00%) | total_pruned =     128 | shape = torch.Size([128])
1.7.1.7.2.weight     | nonzeros =      62 /     128             ( 48.44%) | total_pruned =      66 | shape = torch.Size([128])
1.7.1.7.2.bias       | nonzeros =       0 /     128             (  0.00%) | total_pruned =     128 | shape = torch.Size([128])
1.7.1.7.3.1.weight   | nonzeros =    7604 /   73728             ( 10.31%) | total_pruned =   66124 | shape = torch.Size([64, 128, 3, 3])
1.7.1.7.3.1.bias     | nonzeros =       0 /      64             (  0.00%) | total_pruned =      64 | shape = torch.Size([64])
1.7.1.7.4.weight     | nonzeros =      31 /      64             ( 48.44%) | total_pruned =      33 | shape = torch.Size([64])
1.7.1.7.4.bias       | nonzeros =       0 /      64             (  0.00%) | total_pruned =      64 | shape = torch.Size([64])
1.7.2.weight         | nonzeros =      31 /      64             ( 48.44%) | total_pruned =      33 | shape = torch.Size([64])
1.7.2.bias           | nonzeros =       0 /      64             (  0.00%) | total_pruned =      64 | shape = torch.Size([64])
1.7.3.1.weight       | nonzeros =    2064 /   18432             ( 11.20%) | total_pruned =   16368 | shape = torch.Size([32, 64, 3, 3])
1.7.3.1.bias         | nonzeros =       0 /      32             (  0.00%) | total_pruned =      32 | shape = torch.Size([32])
1.7.4.weight         | nonzeros =      16 /      32             ( 50.00%) | total_pruned =      16 | shape = torch.Size([32])
1.7.4.bias           | nonzeros =       0 /      32             (  0.00%) | total_pruned =      32 | shape = torch.Size([32])
2.weight             | nonzeros =      16 /      32             ( 50.00%) | total_pruned =      16 | shape = torch.Size([32])
2.bias               | nonzeros =       0 /      32             (  0.00%) | total_pruned =      32 | shape = torch.Size([32])
3.1.weight           | nonzeros =    1025 /    4608             ( 22.24%) | total_pruned =    3583 | shape = torch.Size([16, 32, 3, 3])
3.1.bias             | nonzeros =       0 /      16             (  0.00%) | total_pruned =      16 | shape = torch.Size([16])
4.weight             | nonzeros =      16 /      16             (100.00%) | total_pruned =       0 | shape = torch.Size([16])
4.bias               | nonzeros =       0 /      16             (  0.00%) | total_pruned =      16 | shape = torch.Size([16])
6.1.weight           | nonzeros =      30 /      48             ( 62.50%) | total_pruned =      18 | shape = torch.Size([3, 16, 1, 1])
6.1.bias             | nonzeros =       2 /       3             ( 66.67%) | total_pruned =       1 | shape = torch.Size([3])
alive: 90266, pruned : 2918601, total: 3008867, Compression rate :      33.33x  ( 97.00% pruned)
torch.Size([1, 3, 256, 256]) torch.Size([1, 3, 256, 256])
Initial PSNR of output image is:  23.457192816193167
epoch:  0 loss:  0.00405661016702652 PSNR:  23.457192816193167
epoch:  1000 loss:  0.0019282388966530561 PSNR:  26.60683754024802
epoch:  2000 loss:  0.0007171979523263872 PSNR:  30.607456691863497
epoch:  3000 loss:  0.0005716781015507877 PSNR:  31.489503033071024
epoch:  4000 loss:  0.00040025165071710944 PSNR:  32.77736155394215
epoch:  5000 loss:  0.0004400431353133172 PSNR:  32.479687651478756
epoch:  6000 loss:  0.00029336410807445645 PSNR:  33.87938812712525
epoch:  7000 loss:  0.00029118199017830193 PSNR:  33.86693549713207
epoch:  8000 loss:  0.0002805663098115474 PSNR:  34.02337743068532
epoch:  9000 loss:  0.00022075045853853226 PSNR:  34.749798827618065
epoch:  10000 loss:  0.00021450819622259587 PSNR:  34.84252962262028
epoch:  11000 loss:  0.00020318762108217925 PSNR:  34.99057270819287
epoch:  12000 loss:  0.0002734708832576871 PSNR:  34.020761089965454
epoch:  13000 loss:  0.00023129532928578556 PSNR:  34.48669894228478
epoch:  14000 loss:  0.00021691166330128908 PSNR:  34.79074234599008
epoch:  15000 loss:  0.00021420214034151286 PSNR:  34.8110994838915
epoch:  16000 loss:  0.00016043019422795624 PSNR:  35.64595615678502
epoch:  17000 loss:  0.0001689546916168183 PSNR:  35.46624356332712
epoch:  18000 loss:  0.0001661248243181035 PSNR:  35.473376972834586
epoch:  19000 loss:  0.00015606338274665177 PSNR:  35.70070539733838
epoch:  20000 loss:  0.00016593383043073118 PSNR:  35.54562193828899
epoch:  21000 loss:  0.00018634283333085477 PSNR:  35.19749090753498
epoch:  22000 loss:  0.00015546497888863087 PSNR:  35.670624837633056
epoch:  23000 loss:  0.00015620063641108572 PSNR:  35.64112201830906
epoch:  24000 loss:  0.00016733926895540208 PSNR:  35.48451083895112
epoch:  25000 loss:  0.00015039616846479475 PSNR:  35.709261620876184
epoch:  26000 loss:  0.00014432896568905562 PSNR:  35.86226748943725
epoch:  27000 loss:  0.00015759115922264755 PSNR:  35.566946791980044
epoch:  28000 loss:  0.00012747981236316264 PSNR:  36.154704578844616
epoch:  29000 loss:  0.00013058993499726057 PSNR:  36.08995007438221
epoch:  30000 loss:  0.00013329769717529416 PSNR:  36.07034101533071
epoch:  31000 loss:  0.00012740265810862184 PSNR:  36.174122747436094
epoch:  32000 loss:  0.0001473069132771343 PSNR:  35.75419892515852
epoch:  33000 loss:  0.00012074317783117294 PSNR:  36.28790752979425
epoch:  34000 loss:  0.00012084378249710426 PSNR:  36.30577765189352
epoch:  35000 loss:  0.0001322157186223194 PSNR:  36.06174455163322
epoch:  36000 loss:  0.00012894888641312718 PSNR:  36.11244060404949
epoch:  37000 loss:  0.0001282013108721003 PSNR:  36.169889849921994
epoch:  38000 loss:  0.00011885410640388727 PSNR:  36.31003085844825
epoch:  39000 loss:  0.0001156273647211492 PSNR:  36.35928074828549
PSNR of output image is:  36.35928096986203
(3, 256, 256) (1, 3, 256, 256)
Experiment done
Processing image: coastguard
(3, 256, 256)
(3, 256, 256)
Starting optimization with optimizer 'SAM'
Output directory where results stored: data/inpainting/Set14/mask/2/sparsity/0.5/det/0.03/1e-09
1.1.1.weight         | nonzeros =     467 /   12800             (  3.65%) | total_pruned =   12333 | shape = torch.Size([16, 32, 5, 5])
1.1.1.bias           | nonzeros =       0 /      16             (  0.00%) | total_pruned =      16 | shape = torch.Size([16])
1.2.weight           | nonzeros =       6 /      16             ( 37.50%) | total_pruned =      10 | shape = torch.Size([16])
1.2.bias             | nonzeros =       0 /      16             (  0.00%) | total_pruned =      16 | shape = torch.Size([16])
1.4.1.weight         | nonzeros =      81 /    6400             (  1.27%) | total_pruned =    6319 | shape = torch.Size([16, 16, 5, 5])
1.4.1.bias           | nonzeros =       0 /      16             (  0.00%) | total_pruned =      16 | shape = torch.Size([16])
1.5.weight           | nonzeros =       9 /      16             ( 56.25%) | total_pruned =       7 | shape = torch.Size([16])
1.5.bias             | nonzeros =       0 /      16             (  0.00%) | total_pruned =      16 | shape = torch.Size([16])
1.7.1.1.1.weight     | nonzeros =      81 /   12800             (  0.63%) | total_pruned =   12719 | shape = torch.Size([32, 16, 5, 5])
1.7.1.1.1.bias       | nonzeros =       0 /      32             (  0.00%) | total_pruned =      32 | shape = torch.Size([32])
1.7.1.2.weight       | nonzeros =      11 /      32             ( 34.38%) | total_pruned =      21 | shape = torch.Size([32])
1.7.1.2.bias         | nonzeros =       0 /      32             (  0.00%) | total_pruned =      32 | shape = torch.Size([32])
1.7.1.4.1.weight     | nonzeros =     134 /   25600             (  0.52%) | total_pruned =   25466 | shape = torch.Size([32, 32, 5, 5])
1.7.1.4.1.bias       | nonzeros =       0 /      32             (  0.00%) | total_pruned =      32 | shape = torch.Size([32])
1.7.1.5.weight       | nonzeros =      10 /      32             ( 31.25%) | total_pruned =      22 | shape = torch.Size([32])
1.7.1.5.bias         | nonzeros =       0 /      32             (  0.00%) | total_pruned =      32 | shape = torch.Size([32])
1.7.1.7.1.1.1.weight | nonzeros =     121 /   51200             (  0.24%) | total_pruned =   51079 | shape = torch.Size([64, 32, 5, 5])
1.7.1.7.1.1.1.bias   | nonzeros =       0 /      64             (  0.00%) | total_pruned =      64 | shape = torch.Size([64])
1.7.1.7.1.2.weight   | nonzeros =      29 /      64             ( 45.31%) | total_pruned =      35 | shape = torch.Size([64])
1.7.1.7.1.2.bias     | nonzeros =       0 /      64             (  0.00%) | total_pruned =      64 | shape = torch.Size([64])
1.7.1.7.1.4.1.weight | nonzeros =     193 /  102400             (  0.19%) | total_pruned =  102207 | shape = torch.Size([64, 64, 5, 5])
1.7.1.7.1.4.1.bias   | nonzeros =       0 /      64             (  0.00%) | total_pruned =      64 | shape = torch.Size([64])
1.7.1.7.1.5.weight   | nonzeros =      27 /      64             ( 42.19%) | total_pruned =      37 | shape = torch.Size([64])
1.7.1.7.1.5.bias     | nonzeros =       0 /      64             (  0.00%) | total_pruned =      64 | shape = torch.Size([64])
1.7.1.7.1.7.1.1.1.weight | nonzeros =     190 /  204800             (  0.09%) | total_pruned =  204610 | shape = torch.Size([128, 64, 5, 5])
1.7.1.7.1.7.1.1.1.bias | nonzeros =       0 /     128             (  0.00%) | total_pruned =     128 | shape = torch.Size([128])
1.7.1.7.1.7.1.2.weight | nonzeros =      43 /     128             ( 33.59%) | total_pruned =      85 | shape = torch.Size([128])
1.7.1.7.1.7.1.2.bias | nonzeros =       0 /     128             (  0.00%) | total_pruned =     128 | shape = torch.Size([128])
1.7.1.7.1.7.1.4.1.weight | nonzeros =     328 /  409600             (  0.08%) | total_pruned =  409272 | shape = torch.Size([128, 128, 5, 5])
1.7.1.7.1.7.1.4.1.bias | nonzeros =       0 /     128             (  0.00%) | total_pruned =     128 | shape = torch.Size([128])
1.7.1.7.1.7.1.5.weight | nonzeros =      47 /     128             ( 36.72%) | total_pruned =      81 | shape = torch.Size([128])
1.7.1.7.1.7.1.5.bias | nonzeros =       0 /     128             (  0.00%) | total_pruned =     128 | shape = torch.Size([128])
1.7.1.7.1.7.1.7.1.1.1.weight | nonzeros =     552 /  409600             (  0.13%) | total_pruned =  409048 | shape = torch.Size([128, 128, 5, 5])
1.7.1.7.1.7.1.7.1.1.1.bias | nonzeros =       0 /     128             (  0.00%) | total_pruned =     128 | shape = torch.Size([128])
1.7.1.7.1.7.1.7.1.2.weight | nonzeros =      59 /     128             ( 46.09%) | total_pruned =      69 | shape = torch.Size([128])
1.7.1.7.1.7.1.7.1.2.bias | nonzeros =       0 /     128             (  0.00%) | total_pruned =     128 | shape = torch.Size([128])
1.7.1.7.1.7.1.7.1.4.1.weight | nonzeros =    2031 /  409600             (  0.50%) | total_pruned =  407569 | shape = torch.Size([128, 128, 5, 5])
1.7.1.7.1.7.1.7.1.4.1.bias | nonzeros =       0 /     128             (  0.00%) | total_pruned =     128 | shape = torch.Size([128])
1.7.1.7.1.7.1.7.1.5.weight | nonzeros =      77 /     128             ( 60.16%) | total_pruned =      51 | shape = torch.Size([128])
1.7.1.7.1.7.1.7.1.5.bias | nonzeros =       0 /     128             (  0.00%) | total_pruned =     128 | shape = torch.Size([128])
1.7.1.7.1.7.1.7.1.7.1.1.1.weight | nonzeros =    6991 /  409600             (  1.71%) | total_pruned =  402609 | shape = torch.Size([128, 128, 5, 5])
1.7.1.7.1.7.1.7.1.7.1.1.1.bias | nonzeros =       0 /     128             (  0.00%) | total_pruned =     128 | shape = torch.Size([128])
1.7.1.7.1.7.1.7.1.7.1.2.weight | nonzeros =      84 /     128             ( 65.62%) | total_pruned =      44 | shape = torch.Size([128])
1.7.1.7.1.7.1.7.1.7.1.2.bias | nonzeros =       0 /     128             (  0.00%) | total_pruned =     128 | shape = torch.Size([128])
1.7.1.7.1.7.1.7.1.7.1.4.1.weight | nonzeros =   18140 /  409600             (  4.43%) | total_pruned =  391460 | shape = torch.Size([128, 128, 5, 5])
1.7.1.7.1.7.1.7.1.7.1.4.1.bias | nonzeros =       0 /     128             (  0.00%) | total_pruned =     128 | shape = torch.Size([128])
1.7.1.7.1.7.1.7.1.7.1.5.weight | nonzeros =      67 /     128             ( 52.34%) | total_pruned =      61 | shape = torch.Size([128])
1.7.1.7.1.7.1.7.1.7.1.5.bias | nonzeros =       0 /     128             (  0.00%) | total_pruned =     128 | shape = torch.Size([128])
1.7.1.7.1.7.1.7.1.7.2.weight | nonzeros =      67 /     128             ( 52.34%) | total_pruned =      61 | shape = torch.Size([128])
1.7.1.7.1.7.1.7.1.7.2.bias | nonzeros =       0 /     128             (  0.00%) | total_pruned =     128 | shape = torch.Size([128])
1.7.1.7.1.7.1.7.1.7.3.1.weight | nonzeros =   15257 /  147456             ( 10.35%) | total_pruned =  132199 | shape = torch.Size([128, 128, 3, 3])
1.7.1.7.1.7.1.7.1.7.3.1.bias | nonzeros =       0 /     128             (  0.00%) | total_pruned =     128 | shape = torch.Size([128])
1.7.1.7.1.7.1.7.1.7.4.weight | nonzeros =      74 /     128             ( 57.81%) | total_pruned =      54 | shape = torch.Size([128])
1.7.1.7.1.7.1.7.1.7.4.bias | nonzeros =       0 /     128             (  0.00%) | total_pruned =     128 | shape = torch.Size([128])
1.7.1.7.1.7.1.7.2.weight | nonzeros =      74 /     128             ( 57.81%) | total_pruned =      54 | shape = torch.Size([128])
1.7.1.7.1.7.1.7.2.bias | nonzeros =       0 /     128             (  0.00%) | total_pruned =     128 | shape = torch.Size([128])
1.7.1.7.1.7.1.7.3.1.weight | nonzeros =   18106 /  147456             ( 12.28%) | total_pruned =  129350 | shape = torch.Size([128, 128, 3, 3])
1.7.1.7.1.7.1.7.3.1.bias | nonzeros =       0 /     128             (  0.00%) | total_pruned =     128 | shape = torch.Size([128])
1.7.1.7.1.7.1.7.4.weight | nonzeros =      68 /     128             ( 53.12%) | total_pruned =      60 | shape = torch.Size([128])
1.7.1.7.1.7.1.7.4.bias | nonzeros =       0 /     128             (  0.00%) | total_pruned =     128 | shape = torch.Size([128])
1.7.1.7.1.7.2.weight | nonzeros =      68 /     128             ( 53.12%) | total_pruned =      60 | shape = torch.Size([128])
1.7.1.7.1.7.2.bias   | nonzeros =       0 /     128             (  0.00%) | total_pruned =     128 | shape = torch.Size([128])
1.7.1.7.1.7.3.1.weight | nonzeros =   15815 /  147456             ( 10.73%) | total_pruned =  131641 | shape = torch.Size([128, 128, 3, 3])
1.7.1.7.1.7.3.1.bias | nonzeros =       0 /     128             (  0.00%) | total_pruned =     128 | shape = torch.Size([128])
1.7.1.7.1.7.4.weight | nonzeros =      62 /     128             ( 48.44%) | total_pruned =      66 | shape = torch.Size([128])
1.7.1.7.1.7.4.bias   | nonzeros =       0 /     128             (  0.00%) | total_pruned =     128 | shape = torch.Size([128])
1.7.1.7.2.weight     | nonzeros =      62 /     128             ( 48.44%) | total_pruned =      66 | shape = torch.Size([128])
1.7.1.7.2.bias       | nonzeros =       0 /     128             (  0.00%) | total_pruned =     128 | shape = torch.Size([128])
1.7.1.7.3.1.weight   | nonzeros =    7604 /   73728             ( 10.31%) | total_pruned =   66124 | shape = torch.Size([64, 128, 3, 3])
1.7.1.7.3.1.bias     | nonzeros =       0 /      64             (  0.00%) | total_pruned =      64 | shape = torch.Size([64])
1.7.1.7.4.weight     | nonzeros =      31 /      64             ( 48.44%) | total_pruned =      33 | shape = torch.Size([64])
1.7.1.7.4.bias       | nonzeros =       0 /      64             (  0.00%) | total_pruned =      64 | shape = torch.Size([64])
1.7.2.weight         | nonzeros =      31 /      64             ( 48.44%) | total_pruned =      33 | shape = torch.Size([64])
1.7.2.bias           | nonzeros =       0 /      64             (  0.00%) | total_pruned =      64 | shape = torch.Size([64])
1.7.3.1.weight       | nonzeros =    2064 /   18432             ( 11.20%) | total_pruned =   16368 | shape = torch.Size([32, 64, 3, 3])
1.7.3.1.bias         | nonzeros =       0 /      32             (  0.00%) | total_pruned =      32 | shape = torch.Size([32])
1.7.4.weight         | nonzeros =      16 /      32             ( 50.00%) | total_pruned =      16 | shape = torch.Size([32])
1.7.4.bias           | nonzeros =       0 /      32             (  0.00%) | total_pruned =      32 | shape = torch.Size([32])
2.weight             | nonzeros =      16 /      32             ( 50.00%) | total_pruned =      16 | shape = torch.Size([32])
2.bias               | nonzeros =       0 /      32             (  0.00%) | total_pruned =      32 | shape = torch.Size([32])
3.1.weight           | nonzeros =    1025 /    4608             ( 22.24%) | total_pruned =    3583 | shape = torch.Size([16, 32, 3, 3])
3.1.bias             | nonzeros =       0 /      16             (  0.00%) | total_pruned =      16 | shape = torch.Size([16])
4.weight             | nonzeros =      16 /      16             (100.00%) | total_pruned =       0 | shape = torch.Size([16])
4.bias               | nonzeros =       0 /      16             (  0.00%) | total_pruned =      16 | shape = torch.Size([16])
6.1.weight           | nonzeros =      30 /      48             ( 62.50%) | total_pruned =      18 | shape = torch.Size([3, 16, 1, 1])
6.1.bias             | nonzeros =       2 /       3             ( 66.67%) | total_pruned =       1 | shape = torch.Size([3])
alive: 90266, pruned : 2918601, total: 3008867, Compression rate :      33.33x  ( 97.00% pruned)
torch.Size([1, 3, 256, 256]) torch.Size([1, 3, 256, 256])
Initial PSNR of output image is:  23.457189137412904
epoch:  0 loss:  0.0022705227602273226 PSNR:  23.457189137412904
epoch:  1000 loss:  0.0007274175877682865 PSNR:  27.085592148971607
epoch:  2000 loss:  0.0003313171910122037 PSNR:  28.17824516028224
epoch:  3000 loss:  0.00017047219444066286 PSNR:  28.80032770160989
epoch:  4000 loss:  0.00012588273966684937 PSNR:  28.661680268963607
epoch:  5000 loss:  9.385855810251087e-05 PSNR:  28.43744483307095
epoch:  6000 loss:  0.00015285350673366338 PSNR:  28.24683663105478
epoch:  7000 loss:  7.984913827385753e-05 PSNR:  28.329300364506974
epoch:  8000 loss:  8.98828002391383e-05 PSNR:  28.176117314037587
epoch:  9000 loss:  6.052891694707796e-05 PSNR:  28.1873987655838
epoch:  10000 loss:  5.7268523960374296e-05 PSNR:  28.190370351985376
epoch:  11000 loss:  4.04491183871869e-05 PSNR:  28.116687988220175
epoch:  12000 loss:  7.224809087347239e-05 PSNR:  27.65407322818318
epoch:  13000 loss:  4.1679460991872475e-05 PSNR:  28.004061438528176
epoch:  14000 loss:  3.8030768337193877e-05 PSNR:  27.975154664026256
epoch:  15000 loss:  3.6031342460773885e-05 PSNR:  27.785489448163318
epoch:  16000 loss:  4.1711246012710035e-05 PSNR:  27.743755028349796
epoch:  17000 loss:  3.33688803948462e-05 PSNR:  27.788898307642537
epoch:  18000 loss:  5.566005711443722e-05 PSNR:  27.64532836451153
epoch:  19000 loss:  2.903233325923793e-05 PSNR:  27.803244839007792
epoch:  20000 loss:  2.825219780788757e-05 PSNR:  27.735933614466614
epoch:  21000 loss:  2.5072928110603243e-05 PSNR:  27.69489210952596
epoch:  22000 loss:  3.127258605672978e-05 PSNR:  27.711172943296013
epoch:  23000 loss:  4.058228660142049e-05 PSNR:  27.657810949005807
epoch:  24000 loss:  2.4479833882651292e-05 PSNR:  27.67357962167509
epoch:  25000 loss:  2.9731647373409942e-05 PSNR:  27.646505089286187
epoch:  26000 loss:  2.6264562620781362e-05 PSNR:  27.536431589302236
epoch:  27000 loss:  3.475191260804422e-05 PSNR:  27.531110851011388
epoch:  28000 loss:  3.374071093276143e-05 PSNR:  27.47948126052558
epoch:  29000 loss:  2.0160352505627088e-05 PSNR:  27.534936522808987
epoch:  30000 loss:  4.1546503780409694e-05 PSNR:  27.583996655972808
epoch:  31000 loss:  2.366838089074008e-05 PSNR:  27.477988898990713
epoch:  32000 loss:  2.4424822186119854e-05 PSNR:  27.408278539043053
epoch:  33000 loss:  2.360605139983818e-05 PSNR:  27.40500769833798
epoch:  34000 loss:  1.957943823072128e-05 PSNR:  27.46229637392993
epoch:  35000 loss:  1.924216849147342e-05 PSNR:  27.424329056734717
epoch:  36000 loss:  3.719428787007928e-05 PSNR:  27.26731950198957
epoch:  37000 loss:  2.5268926037824713e-05 PSNR:  27.371124985933267
epoch:  38000 loss:  2.8103857403039e-05 PSNR:  27.450364269606794
epoch:  39000 loss:  1.8421667846268974e-05 PSNR:  27.381817404769414
PSNR of output image is:  27.381817202676572
(3, 256, 256) (1, 3, 256, 256)
Experiment done
