Processing image: face
(3, 256, 256)
(3, 256, 256)
Starting optimization with optimizer 'SAM'
Output directory where results stored: data/inpainting/Set14/mask/6/sparsity/0.5/det/0.8/1e-09
1.1.1.weight         | nonzeros =    7528 /   12800             ( 58.81%) | total_pruned =    5272 | shape = torch.Size([16, 32, 5, 5])
1.1.1.bias           | nonzeros =      16 /      16             (100.00%) | total_pruned =       0 | shape = torch.Size([16])
1.2.weight           | nonzeros =      10 /      16             ( 62.50%) | total_pruned =       6 | shape = torch.Size([16])
1.2.bias             | nonzeros =       0 /      16             (  0.00%) | total_pruned =      16 | shape = torch.Size([16])
1.4.1.weight         | nonzeros =    3997 /    6400             ( 62.45%) | total_pruned =    2403 | shape = torch.Size([16, 16, 5, 5])
1.4.1.bias           | nonzeros =      16 /      16             (100.00%) | total_pruned =       0 | shape = torch.Size([16])
1.5.weight           | nonzeros =      12 /      16             ( 75.00%) | total_pruned =       4 | shape = torch.Size([16])
1.5.bias             | nonzeros =       0 /      16             (  0.00%) | total_pruned =      16 | shape = torch.Size([16])
1.7.1.1.1.weight     | nonzeros =    8300 /   12800             ( 64.84%) | total_pruned =    4500 | shape = torch.Size([32, 16, 5, 5])
1.7.1.1.1.bias       | nonzeros =      32 /      32             (100.00%) | total_pruned =       0 | shape = torch.Size([32])
1.7.1.2.weight       | nonzeros =      20 /      32             ( 62.50%) | total_pruned =      12 | shape = torch.Size([32])
1.7.1.2.bias         | nonzeros =       0 /      32             (  0.00%) | total_pruned =      32 | shape = torch.Size([32])
1.7.1.4.1.weight     | nonzeros =   17675 /   25600             ( 69.04%) | total_pruned =    7925 | shape = torch.Size([32, 32, 5, 5])
1.7.1.4.1.bias       | nonzeros =      32 /      32             (100.00%) | total_pruned =       0 | shape = torch.Size([32])
1.7.1.5.weight       | nonzeros =      20 /      32             ( 62.50%) | total_pruned =      12 | shape = torch.Size([32])
1.7.1.5.bias         | nonzeros =       0 /      32             (  0.00%) | total_pruned =      32 | shape = torch.Size([32])
1.7.1.7.1.1.1.weight | nonzeros =   37248 /   51200             ( 72.75%) | total_pruned =   13952 | shape = torch.Size([64, 32, 5, 5])
1.7.1.7.1.1.1.bias   | nonzeros =      64 /      64             (100.00%) | total_pruned =       0 | shape = torch.Size([64])
1.7.1.7.1.2.weight   | nonzeros =      41 /      64             ( 64.06%) | total_pruned =      23 | shape = torch.Size([64])
1.7.1.7.1.2.bias     | nonzeros =       0 /      64             (  0.00%) | total_pruned =      64 | shape = torch.Size([64])
1.7.1.7.1.4.1.weight | nonzeros =   78579 /  102400             ( 76.74%) | total_pruned =   23821 | shape = torch.Size([64, 64, 5, 5])
1.7.1.7.1.4.1.bias   | nonzeros =      64 /      64             (100.00%) | total_pruned =       0 | shape = torch.Size([64])
1.7.1.7.1.5.weight   | nonzeros =      33 /      64             ( 51.56%) | total_pruned =      31 | shape = torch.Size([64])
1.7.1.7.1.5.bias     | nonzeros =       0 /      64             (  0.00%) | total_pruned =      64 | shape = torch.Size([64])
1.7.1.7.1.7.1.1.1.weight | nonzeros =  165290 /  204800             ( 80.71%) | total_pruned =   39510 | shape = torch.Size([128, 64, 5, 5])
1.7.1.7.1.7.1.1.1.bias | nonzeros =     128 /     128             (100.00%) | total_pruned =       0 | shape = torch.Size([128])
1.7.1.7.1.7.1.2.weight | nonzeros =      61 /     128             ( 47.66%) | total_pruned =      67 | shape = torch.Size([128])
1.7.1.7.1.7.1.2.bias | nonzeros =       0 /     128             (  0.00%) | total_pruned =     128 | shape = torch.Size([128])
1.7.1.7.1.7.1.4.1.weight | nonzeros =  350868 /  409600             ( 85.66%) | total_pruned =   58732 | shape = torch.Size([128, 128, 5, 5])
1.7.1.7.1.7.1.4.1.bias | nonzeros =     128 /     128             (100.00%) | total_pruned =       0 | shape = torch.Size([128])
1.7.1.7.1.7.1.5.weight | nonzeros =      38 /     128             ( 29.69%) | total_pruned =      90 | shape = torch.Size([128])
1.7.1.7.1.7.1.5.bias | nonzeros =       0 /     128             (  0.00%) | total_pruned =     128 | shape = torch.Size([128])
1.7.1.7.1.7.1.7.1.1.1.weight | nonzeros =  344454 /  409600             ( 84.10%) | total_pruned =   65146 | shape = torch.Size([128, 128, 5, 5])
1.7.1.7.1.7.1.7.1.1.1.bias | nonzeros =     128 /     128             (100.00%) | total_pruned =       0 | shape = torch.Size([128])
1.7.1.7.1.7.1.7.1.2.weight | nonzeros =      48 /     128             ( 37.50%) | total_pruned =      80 | shape = torch.Size([128])
1.7.1.7.1.7.1.7.1.2.bias | nonzeros =       0 /     128             (  0.00%) | total_pruned =     128 | shape = torch.Size([128])
1.7.1.7.1.7.1.7.1.4.1.weight | nonzeros =  345396 /  409600             ( 84.33%) | total_pruned =   64204 | shape = torch.Size([128, 128, 5, 5])
1.7.1.7.1.7.1.7.1.4.1.bias | nonzeros =     128 /     128             (100.00%) | total_pruned =       0 | shape = torch.Size([128])
1.7.1.7.1.7.1.7.1.5.weight | nonzeros =      60 /     128             ( 46.88%) | total_pruned =      68 | shape = torch.Size([128])
1.7.1.7.1.7.1.7.1.5.bias | nonzeros =       0 /     128             (  0.00%) | total_pruned =     128 | shape = torch.Size([128])
1.7.1.7.1.7.1.7.1.7.1.1.1.weight | nonzeros =  326026 /  409600             ( 79.60%) | total_pruned =   83574 | shape = torch.Size([128, 128, 5, 5])
1.7.1.7.1.7.1.7.1.7.1.1.1.bias | nonzeros =     128 /     128             (100.00%) | total_pruned =       0 | shape = torch.Size([128])
1.7.1.7.1.7.1.7.1.7.1.2.weight | nonzeros =      73 /     128             ( 57.03%) | total_pruned =      55 | shape = torch.Size([128])
1.7.1.7.1.7.1.7.1.7.1.2.bias | nonzeros =       0 /     128             (  0.00%) | total_pruned =     128 | shape = torch.Size([128])
1.7.1.7.1.7.1.7.1.7.1.4.1.weight | nonzeros =  325354 /  409600             ( 79.43%) | total_pruned =   84246 | shape = torch.Size([128, 128, 5, 5])
1.7.1.7.1.7.1.7.1.7.1.4.1.bias | nonzeros =     128 /     128             (100.00%) | total_pruned =       0 | shape = torch.Size([128])
1.7.1.7.1.7.1.7.1.7.1.5.weight | nonzeros =      70 /     128             ( 54.69%) | total_pruned =      58 | shape = torch.Size([128])
1.7.1.7.1.7.1.7.1.7.1.5.bias | nonzeros =       0 /     128             (  0.00%) | total_pruned =     128 | shape = torch.Size([128])
1.7.1.7.1.7.1.7.1.7.2.weight | nonzeros =      70 /     128             ( 54.69%) | total_pruned =      58 | shape = torch.Size([128])
1.7.1.7.1.7.1.7.1.7.2.bias | nonzeros =       0 /     128             (  0.00%) | total_pruned =     128 | shape = torch.Size([128])
1.7.1.7.1.7.1.7.1.7.3.1.weight | nonzeros =  109349 /  147456             ( 74.16%) | total_pruned =   38107 | shape = torch.Size([128, 128, 3, 3])
1.7.1.7.1.7.1.7.1.7.3.1.bias | nonzeros =     128 /     128             (100.00%) | total_pruned =       0 | shape = torch.Size([128])
1.7.1.7.1.7.1.7.1.7.4.weight | nonzeros =      84 /     128             ( 65.62%) | total_pruned =      44 | shape = torch.Size([128])
1.7.1.7.1.7.1.7.1.7.4.bias | nonzeros =       0 /     128             (  0.00%) | total_pruned =     128 | shape = torch.Size([128])
1.7.1.7.1.7.1.7.2.weight | nonzeros =      82 /     128             ( 64.06%) | total_pruned =      46 | shape = torch.Size([128])
1.7.1.7.1.7.1.7.2.bias | nonzeros =       0 /     128             (  0.00%) | total_pruned =     128 | shape = torch.Size([128])
1.7.1.7.1.7.1.7.3.1.weight | nonzeros =  109144 /  147456             ( 74.02%) | total_pruned =   38312 | shape = torch.Size([128, 128, 3, 3])
1.7.1.7.1.7.1.7.3.1.bias | nonzeros =     128 /     128             (100.00%) | total_pruned =       0 | shape = torch.Size([128])
1.7.1.7.1.7.1.7.4.weight | nonzeros =      70 /     128             ( 54.69%) | total_pruned =      58 | shape = torch.Size([128])
1.7.1.7.1.7.1.7.4.bias | nonzeros =       0 /     128             (  0.00%) | total_pruned =     128 | shape = torch.Size([128])
1.7.1.7.1.7.2.weight | nonzeros =      70 /     128             ( 54.69%) | total_pruned =      58 | shape = torch.Size([128])
1.7.1.7.1.7.2.bias   | nonzeros =       0 /     128             (  0.00%) | total_pruned =     128 | shape = torch.Size([128])
1.7.1.7.1.7.3.1.weight | nonzeros =  107965 /  147456             ( 73.22%) | total_pruned =   39491 | shape = torch.Size([128, 128, 3, 3])
1.7.1.7.1.7.3.1.bias | nonzeros =     128 /     128             (100.00%) | total_pruned =       0 | shape = torch.Size([128])
1.7.1.7.1.7.4.weight | nonzeros =      82 /     128             ( 64.06%) | total_pruned =      46 | shape = torch.Size([128])
1.7.1.7.1.7.4.bias   | nonzeros =       0 /     128             (  0.00%) | total_pruned =     128 | shape = torch.Size([128])
1.7.1.7.2.weight     | nonzeros =      80 /     128             ( 62.50%) | total_pruned =      48 | shape = torch.Size([128])
1.7.1.7.2.bias       | nonzeros =       0 /     128             (  0.00%) | total_pruned =     128 | shape = torch.Size([128])
1.7.1.7.3.1.weight   | nonzeros =   50135 /   73728             ( 68.00%) | total_pruned =   23593 | shape = torch.Size([64, 128, 3, 3])
1.7.1.7.3.1.bias     | nonzeros =      64 /      64             (100.00%) | total_pruned =       0 | shape = torch.Size([64])
1.7.1.7.4.weight     | nonzeros =      41 /      64             ( 64.06%) | total_pruned =      23 | shape = torch.Size([64])
1.7.1.7.4.bias       | nonzeros =       0 /      64             (  0.00%) | total_pruned =      64 | shape = torch.Size([64])
1.7.2.weight         | nonzeros =      39 /      64             ( 60.94%) | total_pruned =      25 | shape = torch.Size([64])
1.7.2.bias           | nonzeros =       0 /      64             (  0.00%) | total_pruned =      64 | shape = torch.Size([64])
1.7.3.1.weight       | nonzeros =   12417 /   18432             ( 67.37%) | total_pruned =    6015 | shape = torch.Size([32, 64, 3, 3])
1.7.3.1.bias         | nonzeros =      32 /      32             (100.00%) | total_pruned =       0 | shape = torch.Size([32])
1.7.4.weight         | nonzeros =      19 /      32             ( 59.38%) | total_pruned =      13 | shape = torch.Size([32])
1.7.4.bias           | nonzeros =       0 /      32             (  0.00%) | total_pruned =      32 | shape = torch.Size([32])
2.weight             | nonzeros =      19 /      32             ( 59.38%) | total_pruned =      13 | shape = torch.Size([32])
2.bias               | nonzeros =       0 /      32             (  0.00%) | total_pruned =      32 | shape = torch.Size([32])
3.1.weight           | nonzeros =    2599 /    4608             ( 56.40%) | total_pruned =    2009 | shape = torch.Size([16, 32, 3, 3])
3.1.bias             | nonzeros =      16 /      16             (100.00%) | total_pruned =       0 | shape = torch.Size([16])
4.weight             | nonzeros =      16 /      16             (100.00%) | total_pruned =       0 | shape = torch.Size([16])
4.bias               | nonzeros =       0 /      16             (  0.00%) | total_pruned =      16 | shape = torch.Size([16])
6.1.weight           | nonzeros =      27 /      48             ( 56.25%) | total_pruned =      21 | shape = torch.Size([3, 16, 1, 1])
6.1.bias             | nonzeros =       0 /       3             (  0.00%) | total_pruned =       3 | shape = torch.Size([3])
alive: 2404997, pruned : 603870, total: 3008867, Compression rate :       1.25x  ( 20.07% pruned)
torch.Size([1, 3, 256, 256]) torch.Size([1, 3, 256, 256])
Initial PSNR of output image is:  14.578309702619915
epoch:  0 loss:  0.03141963109374046 PSNR:  14.578309702619915
epoch:  1000 loss:  0.0010424740612506866 PSNR:  29.35097549248864
epoch:  2000 loss:  0.000666070613078773 PSNR:  31.234876975234904
epoch:  3000 loss:  0.0005462311091832817 PSNR:  32.03059592880381
epoch:  4000 loss:  0.00044689723290503025 PSNR:  32.835777907141896
epoch:  5000 loss:  0.0004143458209000528 PSNR:  33.11546020277057
epoch:  6000 loss:  0.0003647098783403635 PSNR:  33.54353245278383
epoch:  7000 loss:  0.00031033006962388754 PSNR:  34.078455402006426
epoch:  8000 loss:  0.0002969749621115625 PSNR:  34.18878389366164
epoch:  9000 loss:  0.00026071706088259816 PSNR:  34.61179290652163
epoch:  10000 loss:  0.00023440210497938097 PSNR:  34.94820379948264
epoch:  11000 loss:  0.00022329133935272694 PSNR:  35.08452524179595
epoch:  12000 loss:  0.00022047680977266282 PSNR:  35.085877972041175
epoch:  13000 loss:  0.00021047203335911036 PSNR:  35.210988181380884
epoch:  14000 loss:  0.00023116086958907545 PSNR:  34.90501251766344
epoch:  15000 loss:  0.00020017682982143015 PSNR:  35.31327625998296
epoch:  16000 loss:  0.0001906204706756398 PSNR:  35.43663959621536
epoch:  17000 loss:  0.0001961737871170044 PSNR:  35.32594323824691
epoch:  18000 loss:  0.00019002769840881228 PSNR:  35.433981643430585
epoch:  19000 loss:  0.00018286779231857508 PSNR:  35.5187641812708
epoch:  20000 loss:  0.00019898683240171522 PSNR:  35.253197782637635
epoch:  21000 loss:  0.00017918716184794903 PSNR:  35.494904049219144
epoch:  22000 loss:  0.0001747407077345997 PSNR:  35.574366496841215
epoch:  23000 loss:  0.00017370287969242781 PSNR:  35.608378835029136
epoch:  24000 loss:  0.00017619828577153385 PSNR:  35.5882513011453
epoch:  25000 loss:  0.0001748749491525814 PSNR:  35.60184886803047
epoch:  26000 loss:  0.0001675969106145203 PSNR:  35.67686987561753
epoch:  27000 loss:  0.00016465554654132575 PSNR:  35.70679791140835
epoch:  28000 loss:  0.00016907116514630616 PSNR:  35.66075060122489
epoch:  29000 loss:  0.0001676618558121845 PSNR:  35.62721647089647
epoch:  30000 loss:  0.0001701568253338337 PSNR:  35.61904514693104
epoch:  31000 loss:  0.0001979437656700611 PSNR:  35.06430571160137
epoch:  32000 loss:  0.0001935759501066059 PSNR:  35.18301486407691
epoch:  33000 loss:  0.00016348603821825236 PSNR:  35.7009222659251
epoch:  34000 loss:  0.0001705243339529261 PSNR:  35.4901002760304
epoch:  35000 loss:  0.00016035864246077836 PSNR:  35.7568808127317
epoch:  36000 loss:  0.0001570608001202345 PSNR:  35.75752399108935
epoch:  37000 loss:  0.00017031942843459547 PSNR:  35.579662494158725
epoch:  38000 loss:  0.00015696797345299274 PSNR:  35.773937168851475
epoch:  39000 loss:  0.00016657255764584988 PSNR:  35.547745036076094
PSNR of output image is:  35.547745167609264
(3, 256, 256) (1, 3, 256, 256)
Experiment done
Processing image: face
(3, 256, 256)
(3, 256, 256)
Starting optimization with optimizer 'SAM'
Output directory where results stored: data/inpainting/Set14/mask/6/sparsity/0.5/det/0.8/1e-09
1.1.1.weight         | nonzeros =    7528 /   12800             ( 58.81%) | total_pruned =    5272 | shape = torch.Size([16, 32, 5, 5])
1.1.1.bias           | nonzeros =      16 /      16             (100.00%) | total_pruned =       0 | shape = torch.Size([16])
1.2.weight           | nonzeros =      10 /      16             ( 62.50%) | total_pruned =       6 | shape = torch.Size([16])
1.2.bias             | nonzeros =       0 /      16             (  0.00%) | total_pruned =      16 | shape = torch.Size([16])
1.4.1.weight         | nonzeros =    3997 /    6400             ( 62.45%) | total_pruned =    2403 | shape = torch.Size([16, 16, 5, 5])
1.4.1.bias           | nonzeros =      16 /      16             (100.00%) | total_pruned =       0 | shape = torch.Size([16])
1.5.weight           | nonzeros =      12 /      16             ( 75.00%) | total_pruned =       4 | shape = torch.Size([16])
1.5.bias             | nonzeros =       0 /      16             (  0.00%) | total_pruned =      16 | shape = torch.Size([16])
1.7.1.1.1.weight     | nonzeros =    8300 /   12800             ( 64.84%) | total_pruned =    4500 | shape = torch.Size([32, 16, 5, 5])
1.7.1.1.1.bias       | nonzeros =      32 /      32             (100.00%) | total_pruned =       0 | shape = torch.Size([32])
1.7.1.2.weight       | nonzeros =      20 /      32             ( 62.50%) | total_pruned =      12 | shape = torch.Size([32])
1.7.1.2.bias         | nonzeros =       0 /      32             (  0.00%) | total_pruned =      32 | shape = torch.Size([32])
1.7.1.4.1.weight     | nonzeros =   17675 /   25600             ( 69.04%) | total_pruned =    7925 | shape = torch.Size([32, 32, 5, 5])
1.7.1.4.1.bias       | nonzeros =      32 /      32             (100.00%) | total_pruned =       0 | shape = torch.Size([32])
1.7.1.5.weight       | nonzeros =      20 /      32             ( 62.50%) | total_pruned =      12 | shape = torch.Size([32])
1.7.1.5.bias         | nonzeros =       0 /      32             (  0.00%) | total_pruned =      32 | shape = torch.Size([32])
1.7.1.7.1.1.1.weight | nonzeros =   37248 /   51200             ( 72.75%) | total_pruned =   13952 | shape = torch.Size([64, 32, 5, 5])
1.7.1.7.1.1.1.bias   | nonzeros =      64 /      64             (100.00%) | total_pruned =       0 | shape = torch.Size([64])
1.7.1.7.1.2.weight   | nonzeros =      41 /      64             ( 64.06%) | total_pruned =      23 | shape = torch.Size([64])
1.7.1.7.1.2.bias     | nonzeros =       0 /      64             (  0.00%) | total_pruned =      64 | shape = torch.Size([64])
1.7.1.7.1.4.1.weight | nonzeros =   78579 /  102400             ( 76.74%) | total_pruned =   23821 | shape = torch.Size([64, 64, 5, 5])
1.7.1.7.1.4.1.bias   | nonzeros =      64 /      64             (100.00%) | total_pruned =       0 | shape = torch.Size([64])
1.7.1.7.1.5.weight   | nonzeros =      33 /      64             ( 51.56%) | total_pruned =      31 | shape = torch.Size([64])
1.7.1.7.1.5.bias     | nonzeros =       0 /      64             (  0.00%) | total_pruned =      64 | shape = torch.Size([64])
1.7.1.7.1.7.1.1.1.weight | nonzeros =  165290 /  204800             ( 80.71%) | total_pruned =   39510 | shape = torch.Size([128, 64, 5, 5])
1.7.1.7.1.7.1.1.1.bias | nonzeros =     128 /     128             (100.00%) | total_pruned =       0 | shape = torch.Size([128])
1.7.1.7.1.7.1.2.weight | nonzeros =      61 /     128             ( 47.66%) | total_pruned =      67 | shape = torch.Size([128])
1.7.1.7.1.7.1.2.bias | nonzeros =       0 /     128             (  0.00%) | total_pruned =     128 | shape = torch.Size([128])
1.7.1.7.1.7.1.4.1.weight | nonzeros =  350868 /  409600             ( 85.66%) | total_pruned =   58732 | shape = torch.Size([128, 128, 5, 5])
1.7.1.7.1.7.1.4.1.bias | nonzeros =     128 /     128             (100.00%) | total_pruned =       0 | shape = torch.Size([128])
1.7.1.7.1.7.1.5.weight | nonzeros =      38 /     128             ( 29.69%) | total_pruned =      90 | shape = torch.Size([128])
1.7.1.7.1.7.1.5.bias | nonzeros =       0 /     128             (  0.00%) | total_pruned =     128 | shape = torch.Size([128])
1.7.1.7.1.7.1.7.1.1.1.weight | nonzeros =  344454 /  409600             ( 84.10%) | total_pruned =   65146 | shape = torch.Size([128, 128, 5, 5])
1.7.1.7.1.7.1.7.1.1.1.bias | nonzeros =     128 /     128             (100.00%) | total_pruned =       0 | shape = torch.Size([128])
1.7.1.7.1.7.1.7.1.2.weight | nonzeros =      48 /     128             ( 37.50%) | total_pruned =      80 | shape = torch.Size([128])
1.7.1.7.1.7.1.7.1.2.bias | nonzeros =       0 /     128             (  0.00%) | total_pruned =     128 | shape = torch.Size([128])
1.7.1.7.1.7.1.7.1.4.1.weight | nonzeros =  345396 /  409600             ( 84.33%) | total_pruned =   64204 | shape = torch.Size([128, 128, 5, 5])
1.7.1.7.1.7.1.7.1.4.1.bias | nonzeros =     128 /     128             (100.00%) | total_pruned =       0 | shape = torch.Size([128])
1.7.1.7.1.7.1.7.1.5.weight | nonzeros =      60 /     128             ( 46.88%) | total_pruned =      68 | shape = torch.Size([128])
1.7.1.7.1.7.1.7.1.5.bias | nonzeros =       0 /     128             (  0.00%) | total_pruned =     128 | shape = torch.Size([128])
1.7.1.7.1.7.1.7.1.7.1.1.1.weight | nonzeros =  326026 /  409600             ( 79.60%) | total_pruned =   83574 | shape = torch.Size([128, 128, 5, 5])
1.7.1.7.1.7.1.7.1.7.1.1.1.bias | nonzeros =     128 /     128             (100.00%) | total_pruned =       0 | shape = torch.Size([128])
1.7.1.7.1.7.1.7.1.7.1.2.weight | nonzeros =      73 /     128             ( 57.03%) | total_pruned =      55 | shape = torch.Size([128])
1.7.1.7.1.7.1.7.1.7.1.2.bias | nonzeros =       0 /     128             (  0.00%) | total_pruned =     128 | shape = torch.Size([128])
1.7.1.7.1.7.1.7.1.7.1.4.1.weight | nonzeros =  325354 /  409600             ( 79.43%) | total_pruned =   84246 | shape = torch.Size([128, 128, 5, 5])
1.7.1.7.1.7.1.7.1.7.1.4.1.bias | nonzeros =     128 /     128             (100.00%) | total_pruned =       0 | shape = torch.Size([128])
1.7.1.7.1.7.1.7.1.7.1.5.weight | nonzeros =      70 /     128             ( 54.69%) | total_pruned =      58 | shape = torch.Size([128])
1.7.1.7.1.7.1.7.1.7.1.5.bias | nonzeros =       0 /     128             (  0.00%) | total_pruned =     128 | shape = torch.Size([128])
1.7.1.7.1.7.1.7.1.7.2.weight | nonzeros =      70 /     128             ( 54.69%) | total_pruned =      58 | shape = torch.Size([128])
1.7.1.7.1.7.1.7.1.7.2.bias | nonzeros =       0 /     128             (  0.00%) | total_pruned =     128 | shape = torch.Size([128])
1.7.1.7.1.7.1.7.1.7.3.1.weight | nonzeros =  109349 /  147456             ( 74.16%) | total_pruned =   38107 | shape = torch.Size([128, 128, 3, 3])
1.7.1.7.1.7.1.7.1.7.3.1.bias | nonzeros =     128 /     128             (100.00%) | total_pruned =       0 | shape = torch.Size([128])
1.7.1.7.1.7.1.7.1.7.4.weight | nonzeros =      84 /     128             ( 65.62%) | total_pruned =      44 | shape = torch.Size([128])
1.7.1.7.1.7.1.7.1.7.4.bias | nonzeros =       0 /     128             (  0.00%) | total_pruned =     128 | shape = torch.Size([128])
1.7.1.7.1.7.1.7.2.weight | nonzeros =      82 /     128             ( 64.06%) | total_pruned =      46 | shape = torch.Size([128])
1.7.1.7.1.7.1.7.2.bias | nonzeros =       0 /     128             (  0.00%) | total_pruned =     128 | shape = torch.Size([128])
1.7.1.7.1.7.1.7.3.1.weight | nonzeros =  109144 /  147456             ( 74.02%) | total_pruned =   38312 | shape = torch.Size([128, 128, 3, 3])
1.7.1.7.1.7.1.7.3.1.bias | nonzeros =     128 /     128             (100.00%) | total_pruned =       0 | shape = torch.Size([128])
1.7.1.7.1.7.1.7.4.weight | nonzeros =      70 /     128             ( 54.69%) | total_pruned =      58 | shape = torch.Size([128])
1.7.1.7.1.7.1.7.4.bias | nonzeros =       0 /     128             (  0.00%) | total_pruned =     128 | shape = torch.Size([128])
1.7.1.7.1.7.2.weight | nonzeros =      70 /     128             ( 54.69%) | total_pruned =      58 | shape = torch.Size([128])
1.7.1.7.1.7.2.bias   | nonzeros =       0 /     128             (  0.00%) | total_pruned =     128 | shape = torch.Size([128])
1.7.1.7.1.7.3.1.weight | nonzeros =  107965 /  147456             ( 73.22%) | total_pruned =   39491 | shape = torch.Size([128, 128, 3, 3])
1.7.1.7.1.7.3.1.bias | nonzeros =     128 /     128             (100.00%) | total_pruned =       0 | shape = torch.Size([128])
1.7.1.7.1.7.4.weight | nonzeros =      82 /     128             ( 64.06%) | total_pruned =      46 | shape = torch.Size([128])
1.7.1.7.1.7.4.bias   | nonzeros =       0 /     128             (  0.00%) | total_pruned =     128 | shape = torch.Size([128])
1.7.1.7.2.weight     | nonzeros =      80 /     128             ( 62.50%) | total_pruned =      48 | shape = torch.Size([128])
1.7.1.7.2.bias       | nonzeros =       0 /     128             (  0.00%) | total_pruned =     128 | shape = torch.Size([128])
1.7.1.7.3.1.weight   | nonzeros =   50135 /   73728             ( 68.00%) | total_pruned =   23593 | shape = torch.Size([64, 128, 3, 3])
1.7.1.7.3.1.bias     | nonzeros =      64 /      64             (100.00%) | total_pruned =       0 | shape = torch.Size([64])
1.7.1.7.4.weight     | nonzeros =      41 /      64             ( 64.06%) | total_pruned =      23 | shape = torch.Size([64])
1.7.1.7.4.bias       | nonzeros =       0 /      64             (  0.00%) | total_pruned =      64 | shape = torch.Size([64])
1.7.2.weight         | nonzeros =      39 /      64             ( 60.94%) | total_pruned =      25 | shape = torch.Size([64])
1.7.2.bias           | nonzeros =       0 /      64             (  0.00%) | total_pruned =      64 | shape = torch.Size([64])
1.7.3.1.weight       | nonzeros =   12417 /   18432             ( 67.37%) | total_pruned =    6015 | shape = torch.Size([32, 64, 3, 3])
1.7.3.1.bias         | nonzeros =      32 /      32             (100.00%) | total_pruned =       0 | shape = torch.Size([32])
1.7.4.weight         | nonzeros =      19 /      32             ( 59.38%) | total_pruned =      13 | shape = torch.Size([32])
1.7.4.bias           | nonzeros =       0 /      32             (  0.00%) | total_pruned =      32 | shape = torch.Size([32])
2.weight             | nonzeros =      19 /      32             ( 59.38%) | total_pruned =      13 | shape = torch.Size([32])
2.bias               | nonzeros =       0 /      32             (  0.00%) | total_pruned =      32 | shape = torch.Size([32])
3.1.weight           | nonzeros =    2599 /    4608             ( 56.40%) | total_pruned =    2009 | shape = torch.Size([16, 32, 3, 3])
3.1.bias             | nonzeros =      16 /      16             (100.00%) | total_pruned =       0 | shape = torch.Size([16])
4.weight             | nonzeros =      16 /      16             (100.00%) | total_pruned =       0 | shape = torch.Size([16])
4.bias               | nonzeros =       0 /      16             (  0.00%) | total_pruned =      16 | shape = torch.Size([16])
6.1.weight           | nonzeros =      27 /      48             ( 56.25%) | total_pruned =      21 | shape = torch.Size([3, 16, 1, 1])
6.1.bias             | nonzeros =       0 /       3             (  0.00%) | total_pruned =       3 | shape = torch.Size([3])
alive: 2404997, pruned : 603870, total: 3008867, Compression rate :       1.25x  ( 20.07% pruned)
torch.Size([1, 3, 256, 256]) torch.Size([1, 3, 256, 256])
Initial PSNR of output image is:  14.57830904531531
epoch:  0 loss:  0.017333220690488815 PSNR:  14.57830904531531
epoch:  1000 loss:  0.000689545355271548 PSNR:  28.326747544394443
epoch:  2000 loss:  0.00038617150858044624 PSNR:  30.257711764359314
epoch:  3000 loss:  0.00027790915919467807 PSNR:  31.063033285408537
epoch:  4000 loss:  0.0002261011686641723 PSNR:  31.09789520876257
epoch:  5000 loss:  0.00015976125723682344 PSNR:  31.34620826869808
epoch:  6000 loss:  0.0001359263260383159 PSNR:  31.098250031007893
epoch:  7000 loss:  0.00011488745076349005 PSNR:  30.98563481315937
epoch:  8000 loss:  0.00012995280849281698 PSNR:  30.533002704161134
epoch:  9000 loss:  0.00010060561908176169 PSNR:  30.593624302873895
epoch:  10000 loss:  8.911987242754549e-05 PSNR:  30.52301178034361
epoch:  11000 loss:  8.890667231753469e-05 PSNR:  30.257387215972315
epoch:  12000 loss:  8.772719593252987e-05 PSNR:  30.2398633093423
epoch:  13000 loss:  7.215946970973164e-05 PSNR:  30.13415896774141
epoch:  14000 loss:  6.992596900090575e-05 PSNR:  29.99470069454475
epoch:  15000 loss:  7.39793322281912e-05 PSNR:  29.898544268326486
epoch:  16000 loss:  6.282802496571094e-05 PSNR:  29.82269949368627
epoch:  17000 loss:  6.361853593261912e-05 PSNR:  29.797860790994978
epoch:  18000 loss:  6.528157973662019e-05 PSNR:  29.72869068337229
epoch:  19000 loss:  7.536790508311242e-05 PSNR:  29.561077087546614
epoch:  20000 loss:  5.7699609897099435e-05 PSNR:  29.611939043032915
epoch:  21000 loss:  7.197670493042096e-05 PSNR:  29.634513990978046
epoch:  22000 loss:  6.786546146031469e-05 PSNR:  29.580809646053172
epoch:  23000 loss:  6.087672591092996e-05 PSNR:  29.478912731924986
epoch:  24000 loss:  5.7885958085535094e-05 PSNR:  29.403449528488363
epoch:  25000 loss:  5.218948354013264e-05 PSNR:  29.363256228985435
epoch:  26000 loss:  5.669674283126369e-05 PSNR:  29.296390352699724
epoch:  27000 loss:  5.361815419746563e-05 PSNR:  29.368189343394988
epoch:  28000 loss:  5.470958421938121e-05 PSNR:  29.202847912133294
epoch:  29000 loss:  5.342988879419863e-05 PSNR:  29.124511413022525
epoch:  30000 loss:  4.959072975907475e-05 PSNR:  29.19474487640931
epoch:  31000 loss:  4.9688540457282215e-05 PSNR:  29.20659317556373
epoch:  32000 loss:  5.055163273937069e-05 PSNR:  29.255039530706824
epoch:  33000 loss:  5.251333277556114e-05 PSNR:  29.045550693816686
epoch:  34000 loss:  7.1947171818465e-05 PSNR:  29.062631576702124
epoch:  35000 loss:  4.6318600652739406e-05 PSNR:  29.016599561684195
epoch:  36000 loss:  4.520646689343266e-05 PSNR:  29.021578357639463
epoch:  37000 loss:  4.559382068691775e-05 PSNR:  29.00341566655414
epoch:  38000 loss:  5.50438926438801e-05 PSNR:  29.09523050835066
epoch:  39000 loss:  4.822949995286763e-05 PSNR:  28.918351696698224
PSNR of output image is:  28.918351800293344
(3, 256, 256) (1, 3, 256, 256)
Experiment done
