Processing image: ppt3
(3, 512, 512)
(3, 512, 512)
Starting optimization with optimizer 'SAM'
Output directory where results stored: data/inpainting/Set14/mask/0/sparsity/0.5/det/0.8/1e-09
1.1.1.weight         | nonzeros =    7927 /   12800             ( 61.93%) | total_pruned =    4873 | shape = torch.Size([16, 32, 5, 5])
1.1.1.bias           | nonzeros =      16 /      16             (100.00%) | total_pruned =       0 | shape = torch.Size([16])
1.2.weight           | nonzeros =      10 /      16             ( 62.50%) | total_pruned =       6 | shape = torch.Size([16])
1.2.bias             | nonzeros =       0 /      16             (  0.00%) | total_pruned =      16 | shape = torch.Size([16])
1.4.1.weight         | nonzeros =    4376 /    6400             ( 68.38%) | total_pruned =    2024 | shape = torch.Size([16, 16, 5, 5])
1.4.1.bias           | nonzeros =      16 /      16             (100.00%) | total_pruned =       0 | shape = torch.Size([16])
1.5.weight           | nonzeros =      10 /      16             ( 62.50%) | total_pruned =       6 | shape = torch.Size([16])
1.5.bias             | nonzeros =       0 /      16             (  0.00%) | total_pruned =      16 | shape = torch.Size([16])
1.7.1.1.1.weight     | nonzeros =    9566 /   12800             ( 74.73%) | total_pruned =    3234 | shape = torch.Size([32, 16, 5, 5])
1.7.1.1.1.bias       | nonzeros =      32 /      32             (100.00%) | total_pruned =       0 | shape = torch.Size([32])
1.7.1.2.weight       | nonzeros =      15 /      32             ( 46.88%) | total_pruned =      17 | shape = torch.Size([32])
1.7.1.2.bias         | nonzeros =       0 /      32             (  0.00%) | total_pruned =      32 | shape = torch.Size([32])
1.7.1.4.1.weight     | nonzeros =   20638 /   25600             ( 80.62%) | total_pruned =    4962 | shape = torch.Size([32, 32, 5, 5])
1.7.1.4.1.bias       | nonzeros =      32 /      32             (100.00%) | total_pruned =       0 | shape = torch.Size([32])
1.7.1.5.weight       | nonzeros =      16 /      32             ( 50.00%) | total_pruned =      16 | shape = torch.Size([32])
1.7.1.5.bias         | nonzeros =       0 /      32             (  0.00%) | total_pruned =      32 | shape = torch.Size([32])
1.7.1.7.1.1.1.weight | nonzeros =   40875 /   51200             ( 79.83%) | total_pruned =   10325 | shape = torch.Size([64, 32, 5, 5])
1.7.1.7.1.1.1.bias   | nonzeros =      64 /      64             (100.00%) | total_pruned =       0 | shape = torch.Size([64])
1.7.1.7.1.2.weight   | nonzeros =      45 /      64             ( 70.31%) | total_pruned =      19 | shape = torch.Size([64])
1.7.1.7.1.2.bias     | nonzeros =       0 /      64             (  0.00%) | total_pruned =      64 | shape = torch.Size([64])
1.7.1.7.1.4.1.weight | nonzeros =   83106 /  102400             ( 81.16%) | total_pruned =   19294 | shape = torch.Size([64, 64, 5, 5])
1.7.1.7.1.4.1.bias   | nonzeros =      64 /      64             (100.00%) | total_pruned =       0 | shape = torch.Size([64])
1.7.1.7.1.5.weight   | nonzeros =      30 /      64             ( 46.88%) | total_pruned =      34 | shape = torch.Size([64])
1.7.1.7.1.5.bias     | nonzeros =       0 /      64             (  0.00%) | total_pruned =      64 | shape = torch.Size([64])
1.7.1.7.1.7.1.1.1.weight | nonzeros =  174360 /  204800             ( 85.14%) | total_pruned =   30440 | shape = torch.Size([128, 64, 5, 5])
1.7.1.7.1.7.1.1.1.bias | nonzeros =     128 /     128             (100.00%) | total_pruned =       0 | shape = torch.Size([128])
1.7.1.7.1.7.1.2.weight | nonzeros =      64 /     128             ( 50.00%) | total_pruned =      64 | shape = torch.Size([128])
1.7.1.7.1.7.1.2.bias | nonzeros =       0 /     128             (  0.00%) | total_pruned =     128 | shape = torch.Size([128])
1.7.1.7.1.7.1.4.1.weight | nonzeros =  358104 /  409600             ( 87.43%) | total_pruned =   51496 | shape = torch.Size([128, 128, 5, 5])
1.7.1.7.1.7.1.4.1.bias | nonzeros =     128 /     128             (100.00%) | total_pruned =       0 | shape = torch.Size([128])
1.7.1.7.1.7.1.5.weight | nonzeros =      59 /     128             ( 46.09%) | total_pruned =      69 | shape = torch.Size([128])
1.7.1.7.1.7.1.5.bias | nonzeros =       0 /     128             (  0.00%) | total_pruned =     128 | shape = torch.Size([128])
1.7.1.7.1.7.1.7.1.1.1.weight | nonzeros =  352830 /  409600             ( 86.14%) | total_pruned =   56770 | shape = torch.Size([128, 128, 5, 5])
1.7.1.7.1.7.1.7.1.1.1.bias | nonzeros =     128 /     128             (100.00%) | total_pruned =       0 | shape = torch.Size([128])
1.7.1.7.1.7.1.7.1.2.weight | nonzeros =      77 /     128             ( 60.16%) | total_pruned =      51 | shape = torch.Size([128])
1.7.1.7.1.7.1.7.1.2.bias | nonzeros =       0 /     128             (  0.00%) | total_pruned =     128 | shape = torch.Size([128])
1.7.1.7.1.7.1.7.1.4.1.weight | nonzeros =  330280 /  409600             ( 80.63%) | total_pruned =   79320 | shape = torch.Size([128, 128, 5, 5])
1.7.1.7.1.7.1.7.1.4.1.bias | nonzeros =     128 /     128             (100.00%) | total_pruned =       0 | shape = torch.Size([128])
1.7.1.7.1.7.1.7.1.5.weight | nonzeros =      89 /     128             ( 69.53%) | total_pruned =      39 | shape = torch.Size([128])
1.7.1.7.1.7.1.7.1.5.bias | nonzeros =       0 /     128             (  0.00%) | total_pruned =     128 | shape = torch.Size([128])
1.7.1.7.1.7.1.7.1.7.1.1.1.weight | nonzeros =  306965 /  409600             ( 74.94%) | total_pruned =  102635 | shape = torch.Size([128, 128, 5, 5])
1.7.1.7.1.7.1.7.1.7.1.1.1.bias | nonzeros =     128 /     128             (100.00%) | total_pruned =       0 | shape = torch.Size([128])
1.7.1.7.1.7.1.7.1.7.1.2.weight | nonzeros =      93 /     128             ( 72.66%) | total_pruned =      35 | shape = torch.Size([128])
1.7.1.7.1.7.1.7.1.7.1.2.bias | nonzeros =       0 /     128             (  0.00%) | total_pruned =     128 | shape = torch.Size([128])
1.7.1.7.1.7.1.7.1.7.1.4.1.weight | nonzeros =  295009 /  409600             ( 72.02%) | total_pruned =  114591 | shape = torch.Size([128, 128, 5, 5])
1.7.1.7.1.7.1.7.1.7.1.4.1.bias | nonzeros =     128 /     128             (100.00%) | total_pruned =       0 | shape = torch.Size([128])
1.7.1.7.1.7.1.7.1.7.1.5.weight | nonzeros =      86 /     128             ( 67.19%) | total_pruned =      42 | shape = torch.Size([128])
1.7.1.7.1.7.1.7.1.7.1.5.bias | nonzeros =       0 /     128             (  0.00%) | total_pruned =     128 | shape = torch.Size([128])
1.7.1.7.1.7.1.7.1.7.2.weight | nonzeros =      85 /     128             ( 66.41%) | total_pruned =      43 | shape = torch.Size([128])
1.7.1.7.1.7.1.7.1.7.2.bias | nonzeros =       0 /     128             (  0.00%) | total_pruned =     128 | shape = torch.Size([128])
1.7.1.7.1.7.1.7.1.7.3.1.weight | nonzeros =  109633 /  147456             ( 74.35%) | total_pruned =   37823 | shape = torch.Size([128, 128, 3, 3])
1.7.1.7.1.7.1.7.1.7.3.1.bias | nonzeros =     128 /     128             (100.00%) | total_pruned =       0 | shape = torch.Size([128])
1.7.1.7.1.7.1.7.1.7.4.weight | nonzeros =      85 /     128             ( 66.41%) | total_pruned =      43 | shape = torch.Size([128])
1.7.1.7.1.7.1.7.1.7.4.bias | nonzeros =       0 /     128             (  0.00%) | total_pruned =     128 | shape = torch.Size([128])
1.7.1.7.1.7.1.7.2.weight | nonzeros =      85 /     128             ( 66.41%) | total_pruned =      43 | shape = torch.Size([128])
1.7.1.7.1.7.1.7.2.bias | nonzeros =       0 /     128             (  0.00%) | total_pruned =     128 | shape = torch.Size([128])
1.7.1.7.1.7.1.7.3.1.weight | nonzeros =  111806 /  147456             ( 75.82%) | total_pruned =   35650 | shape = torch.Size([128, 128, 3, 3])
1.7.1.7.1.7.1.7.3.1.bias | nonzeros =     128 /     128             (100.00%) | total_pruned =       0 | shape = torch.Size([128])
1.7.1.7.1.7.1.7.4.weight | nonzeros =      81 /     128             ( 63.28%) | total_pruned =      47 | shape = torch.Size([128])
1.7.1.7.1.7.1.7.4.bias | nonzeros =       0 /     128             (  0.00%) | total_pruned =     128 | shape = torch.Size([128])
1.7.1.7.1.7.2.weight | nonzeros =      80 /     128             ( 62.50%) | total_pruned =      48 | shape = torch.Size([128])
1.7.1.7.1.7.2.bias   | nonzeros =       0 /     128             (  0.00%) | total_pruned =     128 | shape = torch.Size([128])
1.7.1.7.1.7.3.1.weight | nonzeros =  120062 /  147456             ( 81.42%) | total_pruned =   27394 | shape = torch.Size([128, 128, 3, 3])
1.7.1.7.1.7.3.1.bias | nonzeros =     128 /     128             (100.00%) | total_pruned =       0 | shape = torch.Size([128])
1.7.1.7.1.7.4.weight | nonzeros =      61 /     128             ( 47.66%) | total_pruned =      67 | shape = torch.Size([128])
1.7.1.7.1.7.4.bias   | nonzeros =       0 /     128             (  0.00%) | total_pruned =     128 | shape = torch.Size([128])
1.7.1.7.2.weight     | nonzeros =      61 /     128             ( 47.66%) | total_pruned =      67 | shape = torch.Size([128])
1.7.1.7.2.bias       | nonzeros =       0 /     128             (  0.00%) | total_pruned =     128 | shape = torch.Size([128])
1.7.1.7.3.1.weight   | nonzeros =   59948 /   73728             ( 81.31%) | total_pruned =   13780 | shape = torch.Size([64, 128, 3, 3])
1.7.1.7.3.1.bias     | nonzeros =      64 /      64             (100.00%) | total_pruned =       0 | shape = torch.Size([64])
1.7.1.7.4.weight     | nonzeros =      37 /      64             ( 57.81%) | total_pruned =      27 | shape = torch.Size([64])
1.7.1.7.4.bias       | nonzeros =       0 /      64             (  0.00%) | total_pruned =      64 | shape = torch.Size([64])
1.7.2.weight         | nonzeros =      36 /      64             ( 56.25%) | total_pruned =      28 | shape = torch.Size([64])
1.7.2.bias           | nonzeros =       0 /      64             (  0.00%) | total_pruned =      64 | shape = torch.Size([64])
1.7.3.1.weight       | nonzeros =   13975 /   18432             ( 75.82%) | total_pruned =    4457 | shape = torch.Size([32, 64, 3, 3])
1.7.3.1.bias         | nonzeros =      32 /      32             (100.00%) | total_pruned =       0 | shape = torch.Size([32])
1.7.4.weight         | nonzeros =      20 /      32             ( 62.50%) | total_pruned =      12 | shape = torch.Size([32])
1.7.4.bias           | nonzeros =       0 /      32             (  0.00%) | total_pruned =      32 | shape = torch.Size([32])
2.weight             | nonzeros =      20 /      32             ( 62.50%) | total_pruned =      12 | shape = torch.Size([32])
2.bias               | nonzeros =       0 /      32             (  0.00%) | total_pruned =      32 | shape = torch.Size([32])
3.1.weight           | nonzeros =    2762 /    4608             ( 59.94%) | total_pruned =    1846 | shape = torch.Size([16, 32, 3, 3])
3.1.bias             | nonzeros =      16 /      16             (100.00%) | total_pruned =       0 | shape = torch.Size([16])
4.weight             | nonzeros =      16 /      16             (100.00%) | total_pruned =       0 | shape = torch.Size([16])
4.bias               | nonzeros =       0 /      16             (  0.00%) | total_pruned =      16 | shape = torch.Size([16])
6.1.weight           | nonzeros =      25 /      48             ( 52.08%) | total_pruned =      23 | shape = torch.Size([3, 16, 1, 1])
6.1.bias             | nonzeros =       1 /       3             ( 33.33%) | total_pruned =       2 | shape = torch.Size([3])
alive: 2404997, pruned : 603870, total: 3008867, Compression rate :       1.25x  ( 20.07% pruned)
torch.Size([1, 3, 512, 512]) torch.Size([1, 3, 512, 512])
Initial PSNR of output image is:  11.063092088787874
epoch:  0 loss:  0.07047978043556213 PSNR:  11.063092088787874
epoch:  1000 loss:  0.002794405911117792 PSNR:  24.946985085144288
epoch:  2000 loss:  0.0012265343684703112 PSNR:  28.36109516989683
epoch:  3000 loss:  0.0008222709293477237 PSNR:  29.96468812384073
epoch:  4000 loss:  0.0005634793778881431 PSNR:  31.42806970860846
epoch:  5000 loss:  0.0006211050786077976 PSNR:  31.055932597178
epoch:  6000 loss:  0.00042816036147996783 PSNR:  32.434458934166145
epoch:  7000 loss:  0.0003685674164444208 PSNR:  33.021454536145704
epoch:  8000 loss:  0.00037750875344499946 PSNR:  32.89282222525934
epoch:  9000 loss:  0.0003391573845874518 PSNR:  33.282740675326586
epoch:  10000 loss:  0.00033705210080370307 PSNR:  33.319697873053094
epoch:  11000 loss:  0.00029301265021786094 PSNR:  33.79468964910398
epoch:  12000 loss:  0.0002669839304871857 PSNR:  34.10427207858049
epoch:  13000 loss:  0.0002488593745511025 PSNR:  34.33508498258203
epoch:  14000 loss:  0.00034190932638011873 PSNR:  33.28337047312114
epoch:  15000 loss:  0.00022778796846978366 PSNR:  34.58777988418917
epoch:  16000 loss:  0.00021899485727772117 PSNR:  34.7269662749419
epoch:  17000 loss:  0.00023770022380631417 PSNR:  34.4601814637314
epoch:  18000 loss:  0.00027726287953555584 PSNR:  33.944176380226466
epoch:  19000 loss:  0.0002876461949199438 PSNR:  33.85166709256936
epoch:  20000 loss:  0.0002402585232630372 PSNR:  34.45042899086222
epoch:  21000 loss:  0.000298821076285094 PSNR:  33.716512651233515
epoch:  22000 loss:  0.00021642008505295962 PSNR:  34.76072715086439
epoch:  23000 loss:  0.00020804765517823398 PSNR:  34.88611272671685
epoch:  24000 loss:  0.00022205390268936753 PSNR:  34.69106162479184
epoch:  25000 loss:  0.00019174203043803573 PSNR:  35.1332459900586
epoch:  26000 loss:  0.0002156987029593438 PSNR:  34.773206833124156
epoch:  27000 loss:  0.000206480995984748 PSNR:  34.89576008019595
epoch:  28000 loss:  0.00017588268383406103 PSNR:  35.378502748219105
epoch:  29000 loss:  0.0002049465838354081 PSNR:  34.89547904037853
epoch:  30000 loss:  0.00023680427693761885 PSNR:  34.46771076070915
epoch:  31000 loss:  0.00018685524992179126 PSNR:  35.1837369326367
epoch:  32000 loss:  0.00017631551600061357 PSNR:  35.353011035458955
epoch:  33000 loss:  0.00017559377010911703 PSNR:  35.3796828306552
epoch:  34000 loss:  0.00017499968816991895 PSNR:  35.36688151034711
epoch:  35000 loss:  0.00017049058806151152 PSNR:  35.44647510661011
epoch:  36000 loss:  0.00016572655295021832 PSNR:  35.54659080537163
epoch:  37000 loss:  0.0001693548692855984 PSNR:  35.49154701670455
epoch:  38000 loss:  0.00015947184874676168 PSNR:  35.65714210418948
epoch:  39000 loss:  0.00016365150804631412 PSNR:  35.57277174744853
PSNR of output image is:  35.57277158425727
(3, 512, 512) (1, 3, 512, 512)
Experiment done
Processing image: ppt3
(3, 512, 512)
(3, 512, 512)
Starting optimization with optimizer 'SAM'
Output directory where results stored: data/inpainting/Set14/mask/0/sparsity/0.5/det/0.8/1e-09
1.1.1.weight         | nonzeros =    7927 /   12800             ( 61.93%) | total_pruned =    4873 | shape = torch.Size([16, 32, 5, 5])
1.1.1.bias           | nonzeros =      16 /      16             (100.00%) | total_pruned =       0 | shape = torch.Size([16])
1.2.weight           | nonzeros =      10 /      16             ( 62.50%) | total_pruned =       6 | shape = torch.Size([16])
1.2.bias             | nonzeros =       0 /      16             (  0.00%) | total_pruned =      16 | shape = torch.Size([16])
1.4.1.weight         | nonzeros =    4376 /    6400             ( 68.38%) | total_pruned =    2024 | shape = torch.Size([16, 16, 5, 5])
1.4.1.bias           | nonzeros =      16 /      16             (100.00%) | total_pruned =       0 | shape = torch.Size([16])
1.5.weight           | nonzeros =      10 /      16             ( 62.50%) | total_pruned =       6 | shape = torch.Size([16])
1.5.bias             | nonzeros =       0 /      16             (  0.00%) | total_pruned =      16 | shape = torch.Size([16])
1.7.1.1.1.weight     | nonzeros =    9566 /   12800             ( 74.73%) | total_pruned =    3234 | shape = torch.Size([32, 16, 5, 5])
1.7.1.1.1.bias       | nonzeros =      32 /      32             (100.00%) | total_pruned =       0 | shape = torch.Size([32])
1.7.1.2.weight       | nonzeros =      15 /      32             ( 46.88%) | total_pruned =      17 | shape = torch.Size([32])
1.7.1.2.bias         | nonzeros =       0 /      32             (  0.00%) | total_pruned =      32 | shape = torch.Size([32])
1.7.1.4.1.weight     | nonzeros =   20638 /   25600             ( 80.62%) | total_pruned =    4962 | shape = torch.Size([32, 32, 5, 5])
1.7.1.4.1.bias       | nonzeros =      32 /      32             (100.00%) | total_pruned =       0 | shape = torch.Size([32])
1.7.1.5.weight       | nonzeros =      16 /      32             ( 50.00%) | total_pruned =      16 | shape = torch.Size([32])
1.7.1.5.bias         | nonzeros =       0 /      32             (  0.00%) | total_pruned =      32 | shape = torch.Size([32])
1.7.1.7.1.1.1.weight | nonzeros =   40875 /   51200             ( 79.83%) | total_pruned =   10325 | shape = torch.Size([64, 32, 5, 5])
1.7.1.7.1.1.1.bias   | nonzeros =      64 /      64             (100.00%) | total_pruned =       0 | shape = torch.Size([64])
1.7.1.7.1.2.weight   | nonzeros =      45 /      64             ( 70.31%) | total_pruned =      19 | shape = torch.Size([64])
1.7.1.7.1.2.bias     | nonzeros =       0 /      64             (  0.00%) | total_pruned =      64 | shape = torch.Size([64])
1.7.1.7.1.4.1.weight | nonzeros =   83106 /  102400             ( 81.16%) | total_pruned =   19294 | shape = torch.Size([64, 64, 5, 5])
1.7.1.7.1.4.1.bias   | nonzeros =      64 /      64             (100.00%) | total_pruned =       0 | shape = torch.Size([64])
1.7.1.7.1.5.weight   | nonzeros =      30 /      64             ( 46.88%) | total_pruned =      34 | shape = torch.Size([64])
1.7.1.7.1.5.bias     | nonzeros =       0 /      64             (  0.00%) | total_pruned =      64 | shape = torch.Size([64])
1.7.1.7.1.7.1.1.1.weight | nonzeros =  174360 /  204800             ( 85.14%) | total_pruned =   30440 | shape = torch.Size([128, 64, 5, 5])
1.7.1.7.1.7.1.1.1.bias | nonzeros =     128 /     128             (100.00%) | total_pruned =       0 | shape = torch.Size([128])
1.7.1.7.1.7.1.2.weight | nonzeros =      64 /     128             ( 50.00%) | total_pruned =      64 | shape = torch.Size([128])
1.7.1.7.1.7.1.2.bias | nonzeros =       0 /     128             (  0.00%) | total_pruned =     128 | shape = torch.Size([128])
1.7.1.7.1.7.1.4.1.weight | nonzeros =  358104 /  409600             ( 87.43%) | total_pruned =   51496 | shape = torch.Size([128, 128, 5, 5])
1.7.1.7.1.7.1.4.1.bias | nonzeros =     128 /     128             (100.00%) | total_pruned =       0 | shape = torch.Size([128])
1.7.1.7.1.7.1.5.weight | nonzeros =      59 /     128             ( 46.09%) | total_pruned =      69 | shape = torch.Size([128])
1.7.1.7.1.7.1.5.bias | nonzeros =       0 /     128             (  0.00%) | total_pruned =     128 | shape = torch.Size([128])
1.7.1.7.1.7.1.7.1.1.1.weight | nonzeros =  352830 /  409600             ( 86.14%) | total_pruned =   56770 | shape = torch.Size([128, 128, 5, 5])
1.7.1.7.1.7.1.7.1.1.1.bias | nonzeros =     128 /     128             (100.00%) | total_pruned =       0 | shape = torch.Size([128])
1.7.1.7.1.7.1.7.1.2.weight | nonzeros =      77 /     128             ( 60.16%) | total_pruned =      51 | shape = torch.Size([128])
1.7.1.7.1.7.1.7.1.2.bias | nonzeros =       0 /     128             (  0.00%) | total_pruned =     128 | shape = torch.Size([128])
1.7.1.7.1.7.1.7.1.4.1.weight | nonzeros =  330280 /  409600             ( 80.63%) | total_pruned =   79320 | shape = torch.Size([128, 128, 5, 5])
1.7.1.7.1.7.1.7.1.4.1.bias | nonzeros =     128 /     128             (100.00%) | total_pruned =       0 | shape = torch.Size([128])
1.7.1.7.1.7.1.7.1.5.weight | nonzeros =      89 /     128             ( 69.53%) | total_pruned =      39 | shape = torch.Size([128])
1.7.1.7.1.7.1.7.1.5.bias | nonzeros =       0 /     128             (  0.00%) | total_pruned =     128 | shape = torch.Size([128])
1.7.1.7.1.7.1.7.1.7.1.1.1.weight | nonzeros =  306965 /  409600             ( 74.94%) | total_pruned =  102635 | shape = torch.Size([128, 128, 5, 5])
1.7.1.7.1.7.1.7.1.7.1.1.1.bias | nonzeros =     128 /     128             (100.00%) | total_pruned =       0 | shape = torch.Size([128])
1.7.1.7.1.7.1.7.1.7.1.2.weight | nonzeros =      93 /     128             ( 72.66%) | total_pruned =      35 | shape = torch.Size([128])
1.7.1.7.1.7.1.7.1.7.1.2.bias | nonzeros =       0 /     128             (  0.00%) | total_pruned =     128 | shape = torch.Size([128])
1.7.1.7.1.7.1.7.1.7.1.4.1.weight | nonzeros =  295009 /  409600             ( 72.02%) | total_pruned =  114591 | shape = torch.Size([128, 128, 5, 5])
1.7.1.7.1.7.1.7.1.7.1.4.1.bias | nonzeros =     128 /     128             (100.00%) | total_pruned =       0 | shape = torch.Size([128])
1.7.1.7.1.7.1.7.1.7.1.5.weight | nonzeros =      86 /     128             ( 67.19%) | total_pruned =      42 | shape = torch.Size([128])
1.7.1.7.1.7.1.7.1.7.1.5.bias | nonzeros =       0 /     128             (  0.00%) | total_pruned =     128 | shape = torch.Size([128])
1.7.1.7.1.7.1.7.1.7.2.weight | nonzeros =      85 /     128             ( 66.41%) | total_pruned =      43 | shape = torch.Size([128])
1.7.1.7.1.7.1.7.1.7.2.bias | nonzeros =       0 /     128             (  0.00%) | total_pruned =     128 | shape = torch.Size([128])
1.7.1.7.1.7.1.7.1.7.3.1.weight | nonzeros =  109633 /  147456             ( 74.35%) | total_pruned =   37823 | shape = torch.Size([128, 128, 3, 3])
1.7.1.7.1.7.1.7.1.7.3.1.bias | nonzeros =     128 /     128             (100.00%) | total_pruned =       0 | shape = torch.Size([128])
1.7.1.7.1.7.1.7.1.7.4.weight | nonzeros =      85 /     128             ( 66.41%) | total_pruned =      43 | shape = torch.Size([128])
1.7.1.7.1.7.1.7.1.7.4.bias | nonzeros =       0 /     128             (  0.00%) | total_pruned =     128 | shape = torch.Size([128])
1.7.1.7.1.7.1.7.2.weight | nonzeros =      85 /     128             ( 66.41%) | total_pruned =      43 | shape = torch.Size([128])
1.7.1.7.1.7.1.7.2.bias | nonzeros =       0 /     128             (  0.00%) | total_pruned =     128 | shape = torch.Size([128])
1.7.1.7.1.7.1.7.3.1.weight | nonzeros =  111806 /  147456             ( 75.82%) | total_pruned =   35650 | shape = torch.Size([128, 128, 3, 3])
1.7.1.7.1.7.1.7.3.1.bias | nonzeros =     128 /     128             (100.00%) | total_pruned =       0 | shape = torch.Size([128])
1.7.1.7.1.7.1.7.4.weight | nonzeros =      81 /     128             ( 63.28%) | total_pruned =      47 | shape = torch.Size([128])
1.7.1.7.1.7.1.7.4.bias | nonzeros =       0 /     128             (  0.00%) | total_pruned =     128 | shape = torch.Size([128])
1.7.1.7.1.7.2.weight | nonzeros =      80 /     128             ( 62.50%) | total_pruned =      48 | shape = torch.Size([128])
1.7.1.7.1.7.2.bias   | nonzeros =       0 /     128             (  0.00%) | total_pruned =     128 | shape = torch.Size([128])
1.7.1.7.1.7.3.1.weight | nonzeros =  120062 /  147456             ( 81.42%) | total_pruned =   27394 | shape = torch.Size([128, 128, 3, 3])
1.7.1.7.1.7.3.1.bias | nonzeros =     128 /     128             (100.00%) | total_pruned =       0 | shape = torch.Size([128])
1.7.1.7.1.7.4.weight | nonzeros =      61 /     128             ( 47.66%) | total_pruned =      67 | shape = torch.Size([128])
1.7.1.7.1.7.4.bias   | nonzeros =       0 /     128             (  0.00%) | total_pruned =     128 | shape = torch.Size([128])
1.7.1.7.2.weight     | nonzeros =      61 /     128             ( 47.66%) | total_pruned =      67 | shape = torch.Size([128])
1.7.1.7.2.bias       | nonzeros =       0 /     128             (  0.00%) | total_pruned =     128 | shape = torch.Size([128])
1.7.1.7.3.1.weight   | nonzeros =   59948 /   73728             ( 81.31%) | total_pruned =   13780 | shape = torch.Size([64, 128, 3, 3])
1.7.1.7.3.1.bias     | nonzeros =      64 /      64             (100.00%) | total_pruned =       0 | shape = torch.Size([64])
1.7.1.7.4.weight     | nonzeros =      37 /      64             ( 57.81%) | total_pruned =      27 | shape = torch.Size([64])
1.7.1.7.4.bias       | nonzeros =       0 /      64             (  0.00%) | total_pruned =      64 | shape = torch.Size([64])
1.7.2.weight         | nonzeros =      36 /      64             ( 56.25%) | total_pruned =      28 | shape = torch.Size([64])
1.7.2.bias           | nonzeros =       0 /      64             (  0.00%) | total_pruned =      64 | shape = torch.Size([64])
1.7.3.1.weight       | nonzeros =   13975 /   18432             ( 75.82%) | total_pruned =    4457 | shape = torch.Size([32, 64, 3, 3])
1.7.3.1.bias         | nonzeros =      32 /      32             (100.00%) | total_pruned =       0 | shape = torch.Size([32])
1.7.4.weight         | nonzeros =      20 /      32             ( 62.50%) | total_pruned =      12 | shape = torch.Size([32])
1.7.4.bias           | nonzeros =       0 /      32             (  0.00%) | total_pruned =      32 | shape = torch.Size([32])
2.weight             | nonzeros =      20 /      32             ( 62.50%) | total_pruned =      12 | shape = torch.Size([32])
2.bias               | nonzeros =       0 /      32             (  0.00%) | total_pruned =      32 | shape = torch.Size([32])
3.1.weight           | nonzeros =    2762 /    4608             ( 59.94%) | total_pruned =    1846 | shape = torch.Size([16, 32, 3, 3])
3.1.bias             | nonzeros =      16 /      16             (100.00%) | total_pruned =       0 | shape = torch.Size([16])
4.weight             | nonzeros =      16 /      16             (100.00%) | total_pruned =       0 | shape = torch.Size([16])
4.bias               | nonzeros =       0 /      16             (  0.00%) | total_pruned =      16 | shape = torch.Size([16])
6.1.weight           | nonzeros =      25 /      48             ( 52.08%) | total_pruned =      23 | shape = torch.Size([3, 16, 1, 1])
6.1.bias             | nonzeros =       1 /       3             ( 33.33%) | total_pruned =       2 | shape = torch.Size([3])
alive: 2404997, pruned : 603870, total: 3008867, Compression rate :       1.25x  ( 20.07% pruned)
torch.Size([1, 3, 512, 512]) torch.Size([1, 3, 512, 512])
Initial PSNR of output image is:  11.063092088787874
epoch:  0 loss:  0.03913325443863869 PSNR:  11.063092088787874
epoch:  1000 loss:  0.0009902588790282607 PSNR:  25.049358661938676
epoch:  2000 loss:  0.0005074430373497307 PSNR:  26.41788592151962
epoch:  3000 loss:  0.00039679743349552155 PSNR:  26.843975685382723
epoch:  4000 loss:  0.00020593308727256954 PSNR:  27.604647368455396
epoch:  5000 loss:  0.00022950248967390507 PSNR:  27.453487641367936
epoch:  6000 loss:  0.00020645928452722728 PSNR:  27.63983226031432
epoch:  7000 loss:  0.0002312942815478891 PSNR:  27.389038083080543
epoch:  8000 loss:  0.00017460026720073074 PSNR:  27.84196883185231
epoch:  9000 loss:  0.00011466295109130442 PSNR:  28.101040365186307
epoch:  10000 loss:  0.00011784366506617516 PSNR:  28.133552104491084
epoch:  11000 loss:  0.00012565351789817214 PSNR:  28.014790118162743
epoch:  12000 loss:  0.00011514007928781211 PSNR:  28.088097177041806
epoch:  13000 loss:  0.00013775122351944447 PSNR:  27.908126844277852
epoch:  14000 loss:  0.00011051553155994043 PSNR:  28.075763760752658
epoch:  15000 loss:  9.924526966642588e-05 PSNR:  28.10223985480131
epoch:  16000 loss:  8.276549488073215e-05 PSNR:  28.18515505565939
epoch:  17000 loss:  7.487398397643119e-05 PSNR:  28.179348524538174
epoch:  18000 loss:  8.099040132947266e-05 PSNR:  28.128897062131703
epoch:  19000 loss:  7.331911183428019e-05 PSNR:  28.171194698510675
epoch:  20000 loss:  7.689530320931226e-05 PSNR:  28.159009608444453
epoch:  21000 loss:  7.713369268458337e-05 PSNR:  28.1391198348051
epoch:  22000 loss:  6.804243457736447e-05 PSNR:  28.156177294619166
epoch:  23000 loss:  6.798865797463804e-05 PSNR:  28.17575531084927
epoch:  24000 loss:  6.723513070028275e-05 PSNR:  28.171896554771266
epoch:  25000 loss:  0.00010296172695234418 PSNR:  27.918872978483776
epoch:  26000 loss:  6.627522816415876e-05 PSNR:  28.147631386458386
epoch:  27000 loss:  6.108156230766326e-05 PSNR:  28.163143400416246
epoch:  28000 loss:  7.87091557867825e-05 PSNR:  28.07172435777865
epoch:  29000 loss:  6.316776853054762e-05 PSNR:  28.146741326895388
epoch:  30000 loss:  5.963864896330051e-05 PSNR:  28.152798527933562
epoch:  31000 loss:  7.12627952452749e-05 PSNR:  28.103320838751582
epoch:  32000 loss:  8.471689943689853e-05 PSNR:  28.061144262716837
epoch:  33000 loss:  6.34919197182171e-05 PSNR:  28.124241069944013
epoch:  34000 loss:  8.96925266715698e-05 PSNR:  28.012444159698052
epoch:  35000 loss:  6.339106766972691e-05 PSNR:  28.15002116165274
epoch:  36000 loss:  6.957394361961633e-05 PSNR:  28.035643139361778
epoch:  37000 loss:  5.2626957767643034e-05 PSNR:  28.170658190154345
epoch:  38000 loss:  6.075423880247399e-05 PSNR:  28.11419130326632
epoch:  39000 loss:  8.031541074160486e-05 PSNR:  28.044280367713718
PSNR of output image is:  28.044281133760755
(3, 512, 512) (1, 3, 512, 512)
Experiment done
