Processing image: bridge
(3, 512, 512)
(3, 512, 512)
Starting optimization with optimizer 'SAM'
Output directory where results stored: data/inpainting/Set14/mask/9/sparsity/0.5/det/0.5/1e-09
1.1.1.weight         | nonzeros =    6293 /   12800             ( 49.16%) | total_pruned =    6507 | shape = torch.Size([16, 32, 5, 5])
1.1.1.bias           | nonzeros =       0 /      16             (  0.00%) | total_pruned =      16 | shape = torch.Size([16])
1.2.weight           | nonzeros =       7 /      16             ( 43.75%) | total_pruned =       9 | shape = torch.Size([16])
1.2.bias             | nonzeros =       0 /      16             (  0.00%) | total_pruned =      16 | shape = torch.Size([16])
1.4.1.weight         | nonzeros =    3233 /    6400             ( 50.52%) | total_pruned =    3167 | shape = torch.Size([16, 16, 5, 5])
1.4.1.bias           | nonzeros =       0 /      16             (  0.00%) | total_pruned =      16 | shape = torch.Size([16])
1.5.weight           | nonzeros =       8 /      16             ( 50.00%) | total_pruned =       8 | shape = torch.Size([16])
1.5.bias             | nonzeros =       0 /      16             (  0.00%) | total_pruned =      16 | shape = torch.Size([16])
1.7.1.1.1.weight     | nonzeros =    6488 /   12800             ( 50.69%) | total_pruned =    6312 | shape = torch.Size([32, 16, 5, 5])
1.7.1.1.1.bias       | nonzeros =       0 /      32             (  0.00%) | total_pruned =      32 | shape = torch.Size([32])
1.7.1.2.weight       | nonzeros =      14 /      32             ( 43.75%) | total_pruned =      18 | shape = torch.Size([32])
1.7.1.2.bias         | nonzeros =       0 /      32             (  0.00%) | total_pruned =      32 | shape = torch.Size([32])
1.7.1.4.1.weight     | nonzeros =   12852 /   25600             ( 50.20%) | total_pruned =   12748 | shape = torch.Size([32, 32, 5, 5])
1.7.1.4.1.bias       | nonzeros =       0 /      32             (  0.00%) | total_pruned =      32 | shape = torch.Size([32])
1.7.1.5.weight       | nonzeros =      16 /      32             ( 50.00%) | total_pruned =      16 | shape = torch.Size([32])
1.7.1.5.bias         | nonzeros =       0 /      32             (  0.00%) | total_pruned =      32 | shape = torch.Size([32])
1.7.1.7.1.1.1.weight | nonzeros =   25612 /   51200             ( 50.02%) | total_pruned =   25588 | shape = torch.Size([64, 32, 5, 5])
1.7.1.7.1.1.1.bias   | nonzeros =       5 /      64             (  7.81%) | total_pruned =      59 | shape = torch.Size([64])
1.7.1.7.1.2.weight   | nonzeros =      36 /      64             ( 56.25%) | total_pruned =      28 | shape = torch.Size([64])
1.7.1.7.1.2.bias     | nonzeros =       0 /      64             (  0.00%) | total_pruned =      64 | shape = torch.Size([64])
1.7.1.7.1.4.1.weight | nonzeros =   50511 /  102400             ( 49.33%) | total_pruned =   51889 | shape = torch.Size([64, 64, 5, 5])
1.7.1.7.1.4.1.bias   | nonzeros =       8 /      64             ( 12.50%) | total_pruned =      56 | shape = torch.Size([64])
1.7.1.7.1.5.weight   | nonzeros =      32 /      64             ( 50.00%) | total_pruned =      32 | shape = torch.Size([64])
1.7.1.7.1.5.bias     | nonzeros =       0 /      64             (  0.00%) | total_pruned =      64 | shape = torch.Size([64])
1.7.1.7.1.7.1.1.1.weight | nonzeros =  100841 /  204800             ( 49.24%) | total_pruned =  103959 | shape = torch.Size([128, 64, 5, 5])
1.7.1.7.1.7.1.1.1.bias | nonzeros =      23 /     128             ( 17.97%) | total_pruned =     105 | shape = torch.Size([128])
1.7.1.7.1.7.1.2.weight | nonzeros =      70 /     128             ( 54.69%) | total_pruned =      58 | shape = torch.Size([128])
1.7.1.7.1.7.1.2.bias | nonzeros =       0 /     128             (  0.00%) | total_pruned =     128 | shape = torch.Size([128])
1.7.1.7.1.7.1.4.1.weight | nonzeros =  199416 /  409600             ( 48.69%) | total_pruned =  210184 | shape = torch.Size([128, 128, 5, 5])
1.7.1.7.1.7.1.4.1.bias | nonzeros =      41 /     128             ( 32.03%) | total_pruned =      87 | shape = torch.Size([128])
1.7.1.7.1.7.1.5.weight | nonzeros =      77 /     128             ( 60.16%) | total_pruned =      51 | shape = torch.Size([128])
1.7.1.7.1.7.1.5.bias | nonzeros =       0 /     128             (  0.00%) | total_pruned =     128 | shape = torch.Size([128])
1.7.1.7.1.7.1.7.1.1.1.weight | nonzeros =  203188 /  409600             ( 49.61%) | total_pruned =  206412 | shape = torch.Size([128, 128, 5, 5])
1.7.1.7.1.7.1.7.1.1.1.bias | nonzeros =      38 /     128             ( 29.69%) | total_pruned =      90 | shape = torch.Size([128])
1.7.1.7.1.7.1.7.1.2.weight | nonzeros =      78 /     128             ( 60.94%) | total_pruned =      50 | shape = torch.Size([128])
1.7.1.7.1.7.1.7.1.2.bias | nonzeros =       0 /     128             (  0.00%) | total_pruned =     128 | shape = torch.Size([128])
1.7.1.7.1.7.1.7.1.4.1.weight | nonzeros =  206640 /  409600             ( 50.45%) | total_pruned =  202960 | shape = torch.Size([128, 128, 5, 5])
1.7.1.7.1.7.1.7.1.4.1.bias | nonzeros =      28 /     128             ( 21.88%) | total_pruned =     100 | shape = torch.Size([128])
1.7.1.7.1.7.1.7.1.5.weight | nonzeros =      91 /     128             ( 71.09%) | total_pruned =      37 | shape = torch.Size([128])
1.7.1.7.1.7.1.7.1.5.bias | nonzeros =       0 /     128             (  0.00%) | total_pruned =     128 | shape = torch.Size([128])
1.7.1.7.1.7.1.7.1.7.1.1.1.weight | nonzeros =  201846 /  409600             ( 49.28%) | total_pruned =  207754 | shape = torch.Size([128, 128, 5, 5])
1.7.1.7.1.7.1.7.1.7.1.1.1.bias | nonzeros =      29 /     128             ( 22.66%) | total_pruned =      99 | shape = torch.Size([128])
1.7.1.7.1.7.1.7.1.7.1.2.weight | nonzeros =      96 /     128             ( 75.00%) | total_pruned =      32 | shape = torch.Size([128])
1.7.1.7.1.7.1.7.1.7.1.2.bias | nonzeros =       0 /     128             (  0.00%) | total_pruned =     128 | shape = torch.Size([128])
1.7.1.7.1.7.1.7.1.7.1.4.1.weight | nonzeros =  198064 /  409600             ( 48.36%) | total_pruned =  211536 | shape = torch.Size([128, 128, 5, 5])
1.7.1.7.1.7.1.7.1.7.1.4.1.bias | nonzeros =      40 /     128             ( 31.25%) | total_pruned =      88 | shape = torch.Size([128])
1.7.1.7.1.7.1.7.1.7.1.5.weight | nonzeros =      85 /     128             ( 66.41%) | total_pruned =      43 | shape = torch.Size([128])
1.7.1.7.1.7.1.7.1.7.1.5.bias | nonzeros =       0 /     128             (  0.00%) | total_pruned =     128 | shape = torch.Size([128])
1.7.1.7.1.7.1.7.1.7.2.weight | nonzeros =      85 /     128             ( 66.41%) | total_pruned =      43 | shape = torch.Size([128])
1.7.1.7.1.7.1.7.1.7.2.bias | nonzeros =       0 /     128             (  0.00%) | total_pruned =     128 | shape = torch.Size([128])
1.7.1.7.1.7.1.7.1.7.3.1.weight | nonzeros =   74764 /  147456             ( 50.70%) | total_pruned =   72692 | shape = torch.Size([128, 128, 3, 3])
1.7.1.7.1.7.1.7.1.7.3.1.bias | nonzeros =      27 /     128             ( 21.09%) | total_pruned =     101 | shape = torch.Size([128])
1.7.1.7.1.7.1.7.1.7.4.weight | nonzeros =      97 /     128             ( 75.78%) | total_pruned =      31 | shape = torch.Size([128])
1.7.1.7.1.7.1.7.1.7.4.bias | nonzeros =       0 /     128             (  0.00%) | total_pruned =     128 | shape = torch.Size([128])
1.7.1.7.1.7.1.7.2.weight | nonzeros =      97 /     128             ( 75.78%) | total_pruned =      31 | shape = torch.Size([128])
1.7.1.7.1.7.1.7.2.bias | nonzeros =       0 /     128             (  0.00%) | total_pruned =     128 | shape = torch.Size([128])
1.7.1.7.1.7.1.7.3.1.weight | nonzeros =   76791 /  147456             ( 52.08%) | total_pruned =   70665 | shape = torch.Size([128, 128, 3, 3])
1.7.1.7.1.7.1.7.3.1.bias | nonzeros =      43 /     128             ( 33.59%) | total_pruned =      85 | shape = torch.Size([128])
1.7.1.7.1.7.1.7.4.weight | nonzeros =      79 /     128             ( 61.72%) | total_pruned =      49 | shape = torch.Size([128])
1.7.1.7.1.7.1.7.4.bias | nonzeros =       0 /     128             (  0.00%) | total_pruned =     128 | shape = torch.Size([128])
1.7.1.7.1.7.2.weight | nonzeros =      79 /     128             ( 61.72%) | total_pruned =      49 | shape = torch.Size([128])
1.7.1.7.1.7.2.bias   | nonzeros =       0 /     128             (  0.00%) | total_pruned =     128 | shape = torch.Size([128])
1.7.1.7.1.7.3.1.weight | nonzeros =   80756 /  147456             ( 54.77%) | total_pruned =   66700 | shape = torch.Size([128, 128, 3, 3])
1.7.1.7.1.7.3.1.bias | nonzeros =      39 /     128             ( 30.47%) | total_pruned =      89 | shape = torch.Size([128])
1.7.1.7.1.7.4.weight | nonzeros =      76 /     128             ( 59.38%) | total_pruned =      52 | shape = torch.Size([128])
1.7.1.7.1.7.4.bias   | nonzeros =       0 /     128             (  0.00%) | total_pruned =     128 | shape = torch.Size([128])
1.7.1.7.2.weight     | nonzeros =      76 /     128             ( 59.38%) | total_pruned =      52 | shape = torch.Size([128])
1.7.1.7.2.bias       | nonzeros =       0 /     128             (  0.00%) | total_pruned =     128 | shape = torch.Size([128])
1.7.1.7.3.1.weight   | nonzeros =   40999 /   73728             ( 55.61%) | total_pruned =   32729 | shape = torch.Size([64, 128, 3, 3])
1.7.1.7.3.1.bias     | nonzeros =      14 /      64             ( 21.88%) | total_pruned =      50 | shape = torch.Size([64])
1.7.1.7.4.weight     | nonzeros =      37 /      64             ( 57.81%) | total_pruned =      27 | shape = torch.Size([64])
1.7.1.7.4.bias       | nonzeros =       0 /      64             (  0.00%) | total_pruned =      64 | shape = torch.Size([64])
1.7.2.weight         | nonzeros =      37 /      64             ( 57.81%) | total_pruned =      27 | shape = torch.Size([64])
1.7.2.bias           | nonzeros =       0 /      64             (  0.00%) | total_pruned =      64 | shape = torch.Size([64])
1.7.3.1.weight       | nonzeros =   10356 /   18432             ( 56.18%) | total_pruned =    8076 | shape = torch.Size([32, 64, 3, 3])
1.7.3.1.bias         | nonzeros =      11 /      32             ( 34.38%) | total_pruned =      21 | shape = torch.Size([32])
1.7.4.weight         | nonzeros =      19 /      32             ( 59.38%) | total_pruned =      13 | shape = torch.Size([32])
1.7.4.bias           | nonzeros =       0 /      32             (  0.00%) | total_pruned =      32 | shape = torch.Size([32])
2.weight             | nonzeros =      19 /      32             ( 59.38%) | total_pruned =      13 | shape = torch.Size([32])
2.bias               | nonzeros =       0 /      32             (  0.00%) | total_pruned =      32 | shape = torch.Size([32])
3.1.weight           | nonzeros =    2037 /    4608             ( 44.21%) | total_pruned =    2571 | shape = torch.Size([16, 32, 3, 3])
3.1.bias             | nonzeros =       0 /      16             (  0.00%) | total_pruned =      16 | shape = torch.Size([16])
4.weight             | nonzeros =      16 /      16             (100.00%) | total_pruned =       0 | shape = torch.Size([16])
4.bias               | nonzeros =       0 /      16             (  0.00%) | total_pruned =      16 | shape = torch.Size([16])
6.1.weight           | nonzeros =      29 /      48             ( 60.42%) | total_pruned =      19 | shape = torch.Size([3, 16, 1, 1])
6.1.bias             | nonzeros =       0 /       3             (  0.00%) | total_pruned =       3 | shape = torch.Size([3])
alive: 1502389, pruned : 1506478, total: 3008867, Compression rate :       2.00x  ( 50.07% pruned)
torch.Size([1, 3, 512, 512]) torch.Size([1, 3, 512, 512])
Initial PSNR of output image is:  20.690223498154584
epoch:  0 loss:  0.0076699284836649895 PSNR:  20.690223498154584
epoch:  1000 loss:  0.0035733580589294434 PSNR:  23.9373650040502
epoch:  2000 loss:  0.0023030168376863003 PSNR:  25.731894672138047
epoch:  3000 loss:  0.0017510995967313647 PSNR:  26.79618605491867
epoch:  4000 loss:  0.0014488480519503355 PSNR:  27.49438852664495
epoch:  5000 loss:  0.001394916558638215 PSNR:  27.609923939761686
epoch:  6000 loss:  0.001276604481972754 PSNR:  27.928692458578407
epoch:  7000 loss:  0.0012703503016382456 PSNR:  27.92021196951002
epoch:  8000 loss:  0.0011010414455085993 PSNR:  28.449905168508952
epoch:  9000 loss:  0.0011024283012375236 PSNR:  28.433027731840465
epoch:  10000 loss:  0.0010385361965745687 PSNR:  28.63574609159619
epoch:  11000 loss:  0.0009591467678546906 PSNR:  28.90757221329812
epoch:  12000 loss:  0.0010316637344658375 PSNR:  28.650569646812105
epoch:  13000 loss:  0.0009623885853216052 PSNR:  28.886199908631443
epoch:  14000 loss:  0.0009303763508796692 PSNR:  28.993998410897035
epoch:  15000 loss:  0.0008873821934685111 PSNR:  29.15377038987127
epoch:  16000 loss:  0.0009158201282843947 PSNR:  29.03763493945266
epoch:  17000 loss:  0.0009039813885465264 PSNR:  29.086315456107577
epoch:  18000 loss:  0.0008418218931183219 PSNR:  29.314656035909398
epoch:  19000 loss:  0.0008707249071449041 PSNR:  29.19922401102138
epoch:  20000 loss:  0.0008458902593702078 PSNR:  29.275673590551325
epoch:  21000 loss:  0.0008264879579655826 PSNR:  29.35710304739142
epoch:  22000 loss:  0.000814140192233026 PSNR:  29.415610239009
epoch:  23000 loss:  0.0008505921578034759 PSNR:  29.245447167928866
epoch:  24000 loss:  0.0008552824147045612 PSNR:  29.228814202979258
epoch:  25000 loss:  0.0007673666696064174 PSNR:  29.585768022816485
epoch:  26000 loss:  0.0007958318456076086 PSNR:  29.478734739439027
epoch:  27000 loss:  0.0007708520861342549 PSNR:  29.558481884774842
epoch:  28000 loss:  0.0007639366085641086 PSNR:  29.58834600207032
epoch:  29000 loss:  0.0007870608242228627 PSNR:  29.501679150473787
epoch:  30000 loss:  0.0008092591888271272 PSNR:  29.411059342583933
epoch:  31000 loss:  0.0007604804704897106 PSNR:  29.603226309839606
epoch:  32000 loss:  0.0007596728391945362 PSNR:  29.609182084458414
epoch:  33000 loss:  0.0007742986781522632 PSNR:  29.5434303839542
epoch:  34000 loss:  0.0007680210983380675 PSNR:  29.576549650424077
epoch:  35000 loss:  0.0007527099805884063 PSNR:  29.620631468955292
epoch:  36000 loss:  0.0007869666442275047 PSNR:  29.46747485464655
epoch:  37000 loss:  0.0007530783186666667 PSNR:  29.6190762688776
epoch:  38000 loss:  0.00075886509148404 PSNR:  29.59665846396245
epoch:  39000 loss:  0.0007374158012680709 PSNR:  29.675206791102504
PSNR of output image is:  29.675207191495872
(3, 512, 512) (1, 3, 512, 512)
Experiment done
Processing image: bridge
(3, 512, 512)
(3, 512, 512)
Starting optimization with optimizer 'SAM'
Output directory where results stored: data/inpainting/Set14/mask/9/sparsity/0.5/det/0.5/1e-09
1.1.1.weight         | nonzeros =    6293 /   12800             ( 49.16%) | total_pruned =    6507 | shape = torch.Size([16, 32, 5, 5])
1.1.1.bias           | nonzeros =       0 /      16             (  0.00%) | total_pruned =      16 | shape = torch.Size([16])
1.2.weight           | nonzeros =       7 /      16             ( 43.75%) | total_pruned =       9 | shape = torch.Size([16])
1.2.bias             | nonzeros =       0 /      16             (  0.00%) | total_pruned =      16 | shape = torch.Size([16])
1.4.1.weight         | nonzeros =    3233 /    6400             ( 50.52%) | total_pruned =    3167 | shape = torch.Size([16, 16, 5, 5])
1.4.1.bias           | nonzeros =       0 /      16             (  0.00%) | total_pruned =      16 | shape = torch.Size([16])
1.5.weight           | nonzeros =       8 /      16             ( 50.00%) | total_pruned =       8 | shape = torch.Size([16])
1.5.bias             | nonzeros =       0 /      16             (  0.00%) | total_pruned =      16 | shape = torch.Size([16])
1.7.1.1.1.weight     | nonzeros =    6488 /   12800             ( 50.69%) | total_pruned =    6312 | shape = torch.Size([32, 16, 5, 5])
1.7.1.1.1.bias       | nonzeros =       0 /      32             (  0.00%) | total_pruned =      32 | shape = torch.Size([32])
1.7.1.2.weight       | nonzeros =      14 /      32             ( 43.75%) | total_pruned =      18 | shape = torch.Size([32])
1.7.1.2.bias         | nonzeros =       0 /      32             (  0.00%) | total_pruned =      32 | shape = torch.Size([32])
1.7.1.4.1.weight     | nonzeros =   12852 /   25600             ( 50.20%) | total_pruned =   12748 | shape = torch.Size([32, 32, 5, 5])
1.7.1.4.1.bias       | nonzeros =       0 /      32             (  0.00%) | total_pruned =      32 | shape = torch.Size([32])
1.7.1.5.weight       | nonzeros =      16 /      32             ( 50.00%) | total_pruned =      16 | shape = torch.Size([32])
1.7.1.5.bias         | nonzeros =       0 /      32             (  0.00%) | total_pruned =      32 | shape = torch.Size([32])
1.7.1.7.1.1.1.weight | nonzeros =   25612 /   51200             ( 50.02%) | total_pruned =   25588 | shape = torch.Size([64, 32, 5, 5])
1.7.1.7.1.1.1.bias   | nonzeros =       5 /      64             (  7.81%) | total_pruned =      59 | shape = torch.Size([64])
1.7.1.7.1.2.weight   | nonzeros =      36 /      64             ( 56.25%) | total_pruned =      28 | shape = torch.Size([64])
1.7.1.7.1.2.bias     | nonzeros =       0 /      64             (  0.00%) | total_pruned =      64 | shape = torch.Size([64])
1.7.1.7.1.4.1.weight | nonzeros =   50511 /  102400             ( 49.33%) | total_pruned =   51889 | shape = torch.Size([64, 64, 5, 5])
1.7.1.7.1.4.1.bias   | nonzeros =       8 /      64             ( 12.50%) | total_pruned =      56 | shape = torch.Size([64])
1.7.1.7.1.5.weight   | nonzeros =      32 /      64             ( 50.00%) | total_pruned =      32 | shape = torch.Size([64])
1.7.1.7.1.5.bias     | nonzeros =       0 /      64             (  0.00%) | total_pruned =      64 | shape = torch.Size([64])
1.7.1.7.1.7.1.1.1.weight | nonzeros =  100841 /  204800             ( 49.24%) | total_pruned =  103959 | shape = torch.Size([128, 64, 5, 5])
1.7.1.7.1.7.1.1.1.bias | nonzeros =      23 /     128             ( 17.97%) | total_pruned =     105 | shape = torch.Size([128])
1.7.1.7.1.7.1.2.weight | nonzeros =      70 /     128             ( 54.69%) | total_pruned =      58 | shape = torch.Size([128])
1.7.1.7.1.7.1.2.bias | nonzeros =       0 /     128             (  0.00%) | total_pruned =     128 | shape = torch.Size([128])
1.7.1.7.1.7.1.4.1.weight | nonzeros =  199416 /  409600             ( 48.69%) | total_pruned =  210184 | shape = torch.Size([128, 128, 5, 5])
1.7.1.7.1.7.1.4.1.bias | nonzeros =      41 /     128             ( 32.03%) | total_pruned =      87 | shape = torch.Size([128])
1.7.1.7.1.7.1.5.weight | nonzeros =      77 /     128             ( 60.16%) | total_pruned =      51 | shape = torch.Size([128])
1.7.1.7.1.7.1.5.bias | nonzeros =       0 /     128             (  0.00%) | total_pruned =     128 | shape = torch.Size([128])
1.7.1.7.1.7.1.7.1.1.1.weight | nonzeros =  203188 /  409600             ( 49.61%) | total_pruned =  206412 | shape = torch.Size([128, 128, 5, 5])
1.7.1.7.1.7.1.7.1.1.1.bias | nonzeros =      38 /     128             ( 29.69%) | total_pruned =      90 | shape = torch.Size([128])
1.7.1.7.1.7.1.7.1.2.weight | nonzeros =      78 /     128             ( 60.94%) | total_pruned =      50 | shape = torch.Size([128])
1.7.1.7.1.7.1.7.1.2.bias | nonzeros =       0 /     128             (  0.00%) | total_pruned =     128 | shape = torch.Size([128])
1.7.1.7.1.7.1.7.1.4.1.weight | nonzeros =  206640 /  409600             ( 50.45%) | total_pruned =  202960 | shape = torch.Size([128, 128, 5, 5])
1.7.1.7.1.7.1.7.1.4.1.bias | nonzeros =      28 /     128             ( 21.88%) | total_pruned =     100 | shape = torch.Size([128])
1.7.1.7.1.7.1.7.1.5.weight | nonzeros =      91 /     128             ( 71.09%) | total_pruned =      37 | shape = torch.Size([128])
1.7.1.7.1.7.1.7.1.5.bias | nonzeros =       0 /     128             (  0.00%) | total_pruned =     128 | shape = torch.Size([128])
1.7.1.7.1.7.1.7.1.7.1.1.1.weight | nonzeros =  201846 /  409600             ( 49.28%) | total_pruned =  207754 | shape = torch.Size([128, 128, 5, 5])
1.7.1.7.1.7.1.7.1.7.1.1.1.bias | nonzeros =      29 /     128             ( 22.66%) | total_pruned =      99 | shape = torch.Size([128])
1.7.1.7.1.7.1.7.1.7.1.2.weight | nonzeros =      96 /     128             ( 75.00%) | total_pruned =      32 | shape = torch.Size([128])
1.7.1.7.1.7.1.7.1.7.1.2.bias | nonzeros =       0 /     128             (  0.00%) | total_pruned =     128 | shape = torch.Size([128])
1.7.1.7.1.7.1.7.1.7.1.4.1.weight | nonzeros =  198064 /  409600             ( 48.36%) | total_pruned =  211536 | shape = torch.Size([128, 128, 5, 5])
1.7.1.7.1.7.1.7.1.7.1.4.1.bias | nonzeros =      40 /     128             ( 31.25%) | total_pruned =      88 | shape = torch.Size([128])
1.7.1.7.1.7.1.7.1.7.1.5.weight | nonzeros =      85 /     128             ( 66.41%) | total_pruned =      43 | shape = torch.Size([128])
1.7.1.7.1.7.1.7.1.7.1.5.bias | nonzeros =       0 /     128             (  0.00%) | total_pruned =     128 | shape = torch.Size([128])
1.7.1.7.1.7.1.7.1.7.2.weight | nonzeros =      85 /     128             ( 66.41%) | total_pruned =      43 | shape = torch.Size([128])
1.7.1.7.1.7.1.7.1.7.2.bias | nonzeros =       0 /     128             (  0.00%) | total_pruned =     128 | shape = torch.Size([128])
1.7.1.7.1.7.1.7.1.7.3.1.weight | nonzeros =   74764 /  147456             ( 50.70%) | total_pruned =   72692 | shape = torch.Size([128, 128, 3, 3])
1.7.1.7.1.7.1.7.1.7.3.1.bias | nonzeros =      27 /     128             ( 21.09%) | total_pruned =     101 | shape = torch.Size([128])
1.7.1.7.1.7.1.7.1.7.4.weight | nonzeros =      97 /     128             ( 75.78%) | total_pruned =      31 | shape = torch.Size([128])
1.7.1.7.1.7.1.7.1.7.4.bias | nonzeros =       0 /     128             (  0.00%) | total_pruned =     128 | shape = torch.Size([128])
1.7.1.7.1.7.1.7.2.weight | nonzeros =      97 /     128             ( 75.78%) | total_pruned =      31 | shape = torch.Size([128])
1.7.1.7.1.7.1.7.2.bias | nonzeros =       0 /     128             (  0.00%) | total_pruned =     128 | shape = torch.Size([128])
1.7.1.7.1.7.1.7.3.1.weight | nonzeros =   76791 /  147456             ( 52.08%) | total_pruned =   70665 | shape = torch.Size([128, 128, 3, 3])
1.7.1.7.1.7.1.7.3.1.bias | nonzeros =      43 /     128             ( 33.59%) | total_pruned =      85 | shape = torch.Size([128])
1.7.1.7.1.7.1.7.4.weight | nonzeros =      79 /     128             ( 61.72%) | total_pruned =      49 | shape = torch.Size([128])
1.7.1.7.1.7.1.7.4.bias | nonzeros =       0 /     128             (  0.00%) | total_pruned =     128 | shape = torch.Size([128])
1.7.1.7.1.7.2.weight | nonzeros =      79 /     128             ( 61.72%) | total_pruned =      49 | shape = torch.Size([128])
1.7.1.7.1.7.2.bias   | nonzeros =       0 /     128             (  0.00%) | total_pruned =     128 | shape = torch.Size([128])
1.7.1.7.1.7.3.1.weight | nonzeros =   80756 /  147456             ( 54.77%) | total_pruned =   66700 | shape = torch.Size([128, 128, 3, 3])
1.7.1.7.1.7.3.1.bias | nonzeros =      39 /     128             ( 30.47%) | total_pruned =      89 | shape = torch.Size([128])
1.7.1.7.1.7.4.weight | nonzeros =      76 /     128             ( 59.38%) | total_pruned =      52 | shape = torch.Size([128])
1.7.1.7.1.7.4.bias   | nonzeros =       0 /     128             (  0.00%) | total_pruned =     128 | shape = torch.Size([128])
1.7.1.7.2.weight     | nonzeros =      76 /     128             ( 59.38%) | total_pruned =      52 | shape = torch.Size([128])
1.7.1.7.2.bias       | nonzeros =       0 /     128             (  0.00%) | total_pruned =     128 | shape = torch.Size([128])
1.7.1.7.3.1.weight   | nonzeros =   40999 /   73728             ( 55.61%) | total_pruned =   32729 | shape = torch.Size([64, 128, 3, 3])
1.7.1.7.3.1.bias     | nonzeros =      14 /      64             ( 21.88%) | total_pruned =      50 | shape = torch.Size([64])
1.7.1.7.4.weight     | nonzeros =      37 /      64             ( 57.81%) | total_pruned =      27 | shape = torch.Size([64])
1.7.1.7.4.bias       | nonzeros =       0 /      64             (  0.00%) | total_pruned =      64 | shape = torch.Size([64])
1.7.2.weight         | nonzeros =      37 /      64             ( 57.81%) | total_pruned =      27 | shape = torch.Size([64])
1.7.2.bias           | nonzeros =       0 /      64             (  0.00%) | total_pruned =      64 | shape = torch.Size([64])
1.7.3.1.weight       | nonzeros =   10356 /   18432             ( 56.18%) | total_pruned =    8076 | shape = torch.Size([32, 64, 3, 3])
1.7.3.1.bias         | nonzeros =      11 /      32             ( 34.38%) | total_pruned =      21 | shape = torch.Size([32])
1.7.4.weight         | nonzeros =      19 /      32             ( 59.38%) | total_pruned =      13 | shape = torch.Size([32])
1.7.4.bias           | nonzeros =       0 /      32             (  0.00%) | total_pruned =      32 | shape = torch.Size([32])
2.weight             | nonzeros =      19 /      32             ( 59.38%) | total_pruned =      13 | shape = torch.Size([32])
2.bias               | nonzeros =       0 /      32             (  0.00%) | total_pruned =      32 | shape = torch.Size([32])
3.1.weight           | nonzeros =    2037 /    4608             ( 44.21%) | total_pruned =    2571 | shape = torch.Size([16, 32, 3, 3])
3.1.bias             | nonzeros =       0 /      16             (  0.00%) | total_pruned =      16 | shape = torch.Size([16])
4.weight             | nonzeros =      16 /      16             (100.00%) | total_pruned =       0 | shape = torch.Size([16])
4.bias               | nonzeros =       0 /      16             (  0.00%) | total_pruned =      16 | shape = torch.Size([16])
6.1.weight           | nonzeros =      29 /      48             ( 60.42%) | total_pruned =      19 | shape = torch.Size([3, 16, 1, 1])
6.1.bias             | nonzeros =       0 /       3             (  0.00%) | total_pruned =       3 | shape = torch.Size([3])
alive: 1502389, pruned : 1506478, total: 3008867, Compression rate :       2.00x  ( 50.07% pruned)
torch.Size([1, 3, 512, 512]) torch.Size([1, 3, 512, 512])
Initial PSNR of output image is:  20.69022705588903
epoch:  0 loss:  0.004279396962374449 PSNR:  20.69022705588903
epoch:  1000 loss:  0.0019386892672628164 PSNR:  23.523697293692347
epoch:  2000 loss:  0.0010727422777563334 PSNR:  24.83506181375899
epoch:  3000 loss:  0.0007348769577220082 PSNR:  25.243329096439673
epoch:  4000 loss:  0.0006249870639294386 PSNR:  25.087916652824166
epoch:  5000 loss:  0.0005095388041809201 PSNR:  25.082368991130974
epoch:  6000 loss:  0.00042243473581038415 PSNR:  25.284332442909392
epoch:  7000 loss:  0.0004735575639642775 PSNR:  25.028820094527468
epoch:  8000 loss:  0.00035791442496702075 PSNR:  25.208666284646334
epoch:  9000 loss:  0.00033695384627208114 PSNR:  25.167515309913732
epoch:  10000 loss:  0.0003060563758481294 PSNR:  25.129877456768895
epoch:  11000 loss:  0.00031621925882063806 PSNR:  25.0940910519547
epoch:  12000 loss:  0.00031538214534521103 PSNR:  24.95532617830238
epoch:  13000 loss:  0.00029080439708195627 PSNR:  24.95992433505927
epoch:  14000 loss:  0.0002671519760042429 PSNR:  24.977623760353328
epoch:  15000 loss:  0.00024077354464679956 PSNR:  24.98333006790977
epoch:  16000 loss:  0.00032872468000277877 PSNR:  24.747165382263525
epoch:  17000 loss:  0.0002470901235938072 PSNR:  24.89265180610131
epoch:  18000 loss:  0.0002840710512828082 PSNR:  24.782910003515024
epoch:  19000 loss:  0.0002450578613206744 PSNR:  24.866930406941435
epoch:  20000 loss:  0.00022642372641712427 PSNR:  24.868086797610403
epoch:  21000 loss:  0.0002184509503422305 PSNR:  24.861249474462547
epoch:  22000 loss:  0.00025182677200064063 PSNR:  24.726426718962724
epoch:  23000 loss:  0.0002213428233517334 PSNR:  24.801063953114717
epoch:  24000 loss:  0.00022123657981865108 PSNR:  24.72840381140984
epoch:  25000 loss:  0.00020331135601736605 PSNR:  24.73445080797258
epoch:  26000 loss:  0.00021402757556643337 PSNR:  24.71663299723518
epoch:  27000 loss:  0.00021757022477686405 PSNR:  24.741436123268926
epoch:  28000 loss:  0.00021734993788413703 PSNR:  24.75944705364762
epoch:  29000 loss:  0.0002019901730818674 PSNR:  24.676777619464232
epoch:  30000 loss:  0.00019177384092472494 PSNR:  24.66285174838064
epoch:  31000 loss:  0.00019507700926624238 PSNR:  24.675094598194022
epoch:  32000 loss:  0.00018102405010722578 PSNR:  24.680122379308614
epoch:  33000 loss:  0.00018130181706510484 PSNR:  24.688971604447424
epoch:  34000 loss:  0.0001784248452167958 PSNR:  24.653615818748765
epoch:  35000 loss:  0.0001717648410703987 PSNR:  24.64414659279473
epoch:  36000 loss:  0.0001960192312253639 PSNR:  24.683242411495293
epoch:  37000 loss:  0.00017978604591917247 PSNR:  24.598048312028187
epoch:  38000 loss:  0.0001817903685150668 PSNR:  24.6625552296268
epoch:  39000 loss:  0.00016712138312868774 PSNR:  24.653696932770583
PSNR of output image is:  24.653697452568444
(3, 512, 512) (1, 3, 512, 512)
Experiment done
