Processing image: baboon
(3, 512, 512)
(3, 512, 512)
Starting optimization with optimizer 'SAM'
Output directory where results stored: data/inpainting/Set14/mask/1/sparsity/0.5/det/0.1/1e-09
1.1.1.weight         | nonzeros =    2517 /   12800             ( 19.66%) | total_pruned =   10283 | shape = torch.Size([16, 32, 5, 5])
1.1.1.bias           | nonzeros =       0 /      16             (  0.00%) | total_pruned =      16 | shape = torch.Size([16])
1.2.weight           | nonzeros =      10 /      16             ( 62.50%) | total_pruned =       6 | shape = torch.Size([16])
1.2.bias             | nonzeros =       0 /      16             (  0.00%) | total_pruned =      16 | shape = torch.Size([16])
1.4.1.weight         | nonzeros =     783 /    6400             ( 12.23%) | total_pruned =    5617 | shape = torch.Size([16, 16, 5, 5])
1.4.1.bias           | nonzeros =       0 /      16             (  0.00%) | total_pruned =      16 | shape = torch.Size([16])
1.5.weight           | nonzeros =      10 /      16             ( 62.50%) | total_pruned =       6 | shape = torch.Size([16])
1.5.bias             | nonzeros =       0 /      16             (  0.00%) | total_pruned =      16 | shape = torch.Size([16])
1.7.1.1.1.weight     | nonzeros =    1039 /   12800             (  8.12%) | total_pruned =   11761 | shape = torch.Size([32, 16, 5, 5])
1.7.1.1.1.bias       | nonzeros =       0 /      32             (  0.00%) | total_pruned =      32 | shape = torch.Size([32])
1.7.1.2.weight       | nonzeros =      18 /      32             ( 56.25%) | total_pruned =      14 | shape = torch.Size([32])
1.7.1.2.bias         | nonzeros =       0 /      32             (  0.00%) | total_pruned =      32 | shape = torch.Size([32])
1.7.1.4.1.weight     | nonzeros =    1256 /   25600             (  4.91%) | total_pruned =   24344 | shape = torch.Size([32, 32, 5, 5])
1.7.1.4.1.bias       | nonzeros =       0 /      32             (  0.00%) | total_pruned =      32 | shape = torch.Size([32])
1.7.1.5.weight       | nonzeros =      21 /      32             ( 65.62%) | total_pruned =      11 | shape = torch.Size([32])
1.7.1.5.bias         | nonzeros =       0 /      32             (  0.00%) | total_pruned =      32 | shape = torch.Size([32])
1.7.1.7.1.1.1.weight | nonzeros =    1744 /   51200             (  3.41%) | total_pruned =   49456 | shape = torch.Size([64, 32, 5, 5])
1.7.1.7.1.1.1.bias   | nonzeros =       0 /      64             (  0.00%) | total_pruned =      64 | shape = torch.Size([64])
1.7.1.7.1.2.weight   | nonzeros =      31 /      64             ( 48.44%) | total_pruned =      33 | shape = torch.Size([64])
1.7.1.7.1.2.bias     | nonzeros =       0 /      64             (  0.00%) | total_pruned =      64 | shape = torch.Size([64])
1.7.1.7.1.4.1.weight | nonzeros =    3148 /  102400             (  3.07%) | total_pruned =   99252 | shape = torch.Size([64, 64, 5, 5])
1.7.1.7.1.4.1.bias   | nonzeros =       0 /      64             (  0.00%) | total_pruned =      64 | shape = torch.Size([64])
1.7.1.7.1.5.weight   | nonzeros =      23 /      64             ( 35.94%) | total_pruned =      41 | shape = torch.Size([64])
1.7.1.7.1.5.bias     | nonzeros =       0 /      64             (  0.00%) | total_pruned =      64 | shape = torch.Size([64])
1.7.1.7.1.7.1.1.1.weight | nonzeros =    5972 /  204800             (  2.92%) | total_pruned =  198828 | shape = torch.Size([128, 64, 5, 5])
1.7.1.7.1.7.1.1.1.bias | nonzeros =       0 /     128             (  0.00%) | total_pruned =     128 | shape = torch.Size([128])
1.7.1.7.1.7.1.2.weight | nonzeros =      60 /     128             ( 46.88%) | total_pruned =      68 | shape = torch.Size([128])
1.7.1.7.1.7.1.2.bias | nonzeros =       0 /     128             (  0.00%) | total_pruned =     128 | shape = torch.Size([128])
1.7.1.7.1.7.1.4.1.weight | nonzeros =   12806 /  409600             (  3.13%) | total_pruned =  396794 | shape = torch.Size([128, 128, 5, 5])
1.7.1.7.1.7.1.4.1.bias | nonzeros =       0 /     128             (  0.00%) | total_pruned =     128 | shape = torch.Size([128])
1.7.1.7.1.7.1.5.weight | nonzeros =      60 /     128             ( 46.88%) | total_pruned =      68 | shape = torch.Size([128])
1.7.1.7.1.7.1.5.bias | nonzeros =       0 /     128             (  0.00%) | total_pruned =     128 | shape = torch.Size([128])
1.7.1.7.1.7.1.7.1.1.1.weight | nonzeros =   18457 /  409600             (  4.51%) | total_pruned =  391143 | shape = torch.Size([128, 128, 5, 5])
1.7.1.7.1.7.1.7.1.1.1.bias | nonzeros =       0 /     128             (  0.00%) | total_pruned =     128 | shape = torch.Size([128])
1.7.1.7.1.7.1.7.1.2.weight | nonzeros =      64 /     128             ( 50.00%) | total_pruned =      64 | shape = torch.Size([128])
1.7.1.7.1.7.1.7.1.2.bias | nonzeros =       0 /     128             (  0.00%) | total_pruned =     128 | shape = torch.Size([128])
1.7.1.7.1.7.1.7.1.4.1.weight | nonzeros =   29275 /  409600             (  7.15%) | total_pruned =  380325 | shape = torch.Size([128, 128, 5, 5])
1.7.1.7.1.7.1.7.1.4.1.bias | nonzeros =       0 /     128             (  0.00%) | total_pruned =     128 | shape = torch.Size([128])
1.7.1.7.1.7.1.7.1.5.weight | nonzeros =      93 /     128             ( 72.66%) | total_pruned =      35 | shape = torch.Size([128])
1.7.1.7.1.7.1.7.1.5.bias | nonzeros =       0 /     128             (  0.00%) | total_pruned =     128 | shape = torch.Size([128])
1.7.1.7.1.7.1.7.1.7.1.1.1.weight | nonzeros =   56522 /  409600             ( 13.80%) | total_pruned =  353078 | shape = torch.Size([128, 128, 5, 5])
1.7.1.7.1.7.1.7.1.7.1.1.1.bias | nonzeros =       0 /     128             (  0.00%) | total_pruned =     128 | shape = torch.Size([128])
1.7.1.7.1.7.1.7.1.7.1.2.weight | nonzeros =     105 /     128             ( 82.03%) | total_pruned =      23 | shape = torch.Size([128])
1.7.1.7.1.7.1.7.1.7.1.2.bias | nonzeros =       0 /     128             (  0.00%) | total_pruned =     128 | shape = torch.Size([128])
1.7.1.7.1.7.1.7.1.7.1.4.1.weight | nonzeros =   70994 /  409600             ( 17.33%) | total_pruned =  338606 | shape = torch.Size([128, 128, 5, 5])
1.7.1.7.1.7.1.7.1.7.1.4.1.bias | nonzeros =       0 /     128             (  0.00%) | total_pruned =     128 | shape = torch.Size([128])
1.7.1.7.1.7.1.7.1.7.1.5.weight | nonzeros =      92 /     128             ( 71.88%) | total_pruned =      36 | shape = torch.Size([128])
1.7.1.7.1.7.1.7.1.7.1.5.bias | nonzeros =       0 /     128             (  0.00%) | total_pruned =     128 | shape = torch.Size([128])
1.7.1.7.1.7.1.7.1.7.2.weight | nonzeros =      92 /     128             ( 71.88%) | total_pruned =      36 | shape = torch.Size([128])
1.7.1.7.1.7.1.7.1.7.2.bias | nonzeros =       0 /     128             (  0.00%) | total_pruned =     128 | shape = torch.Size([128])
1.7.1.7.1.7.1.7.1.7.3.1.weight | nonzeros =   29219 /  147456             ( 19.82%) | total_pruned =  118237 | shape = torch.Size([128, 128, 3, 3])
1.7.1.7.1.7.1.7.1.7.3.1.bias | nonzeros =       0 /     128             (  0.00%) | total_pruned =     128 | shape = torch.Size([128])
1.7.1.7.1.7.1.7.1.7.4.weight | nonzeros =      84 /     128             ( 65.62%) | total_pruned =      44 | shape = torch.Size([128])
1.7.1.7.1.7.1.7.1.7.4.bias | nonzeros =       0 /     128             (  0.00%) | total_pruned =     128 | shape = torch.Size([128])
1.7.1.7.1.7.1.7.2.weight | nonzeros =      84 /     128             ( 65.62%) | total_pruned =      44 | shape = torch.Size([128])
1.7.1.7.1.7.1.7.2.bias | nonzeros =       0 /     128             (  0.00%) | total_pruned =     128 | shape = torch.Size([128])
1.7.1.7.1.7.1.7.3.1.weight | nonzeros =   26043 /  147456             ( 17.66%) | total_pruned =  121413 | shape = torch.Size([128, 128, 3, 3])
1.7.1.7.1.7.1.7.3.1.bias | nonzeros =       0 /     128             (  0.00%) | total_pruned =     128 | shape = torch.Size([128])
1.7.1.7.1.7.1.7.4.weight | nonzeros =      79 /     128             ( 61.72%) | total_pruned =      49 | shape = torch.Size([128])
1.7.1.7.1.7.1.7.4.bias | nonzeros =       0 /     128             (  0.00%) | total_pruned =     128 | shape = torch.Size([128])
1.7.1.7.1.7.2.weight | nonzeros =      79 /     128             ( 61.72%) | total_pruned =      49 | shape = torch.Size([128])
1.7.1.7.1.7.2.bias   | nonzeros =       0 /     128             (  0.00%) | total_pruned =     128 | shape = torch.Size([128])
1.7.1.7.1.7.3.1.weight | nonzeros =   24857 /  147456             ( 16.86%) | total_pruned =  122599 | shape = torch.Size([128, 128, 3, 3])
1.7.1.7.1.7.3.1.bias | nonzeros =       0 /     128             (  0.00%) | total_pruned =     128 | shape = torch.Size([128])
1.7.1.7.1.7.4.weight | nonzeros =      83 /     128             ( 64.84%) | total_pruned =      45 | shape = torch.Size([128])
1.7.1.7.1.7.4.bias   | nonzeros =       0 /     128             (  0.00%) | total_pruned =     128 | shape = torch.Size([128])
1.7.1.7.2.weight     | nonzeros =      83 /     128             ( 64.84%) | total_pruned =      45 | shape = torch.Size([128])
1.7.1.7.2.bias       | nonzeros =       0 /     128             (  0.00%) | total_pruned =     128 | shape = torch.Size([128])
1.7.1.7.3.1.weight   | nonzeros =   11030 /   73728             ( 14.96%) | total_pruned =   62698 | shape = torch.Size([64, 128, 3, 3])
1.7.1.7.3.1.bias     | nonzeros =       0 /      64             (  0.00%) | total_pruned =      64 | shape = torch.Size([64])
1.7.1.7.4.weight     | nonzeros =      33 /      64             ( 51.56%) | total_pruned =      31 | shape = torch.Size([64])
1.7.1.7.4.bias       | nonzeros =       0 /      64             (  0.00%) | total_pruned =      64 | shape = torch.Size([64])
1.7.2.weight         | nonzeros =      33 /      64             ( 51.56%) | total_pruned =      31 | shape = torch.Size([64])
1.7.2.bias           | nonzeros =       0 /      64             (  0.00%) | total_pruned =      64 | shape = torch.Size([64])
1.7.3.1.weight       | nonzeros =    2672 /   18432             ( 14.50%) | total_pruned =   15760 | shape = torch.Size([32, 64, 3, 3])
1.7.3.1.bias         | nonzeros =       0 /      32             (  0.00%) | total_pruned =      32 | shape = torch.Size([32])
1.7.4.weight         | nonzeros =      18 /      32             ( 56.25%) | total_pruned =      14 | shape = torch.Size([32])
1.7.4.bias           | nonzeros =       0 /      32             (  0.00%) | total_pruned =      32 | shape = torch.Size([32])
2.weight             | nonzeros =      18 /      32             ( 56.25%) | total_pruned =      14 | shape = torch.Size([32])
2.bias               | nonzeros =       0 /      32             (  0.00%) | total_pruned =      32 | shape = torch.Size([32])
3.1.weight           | nonzeros =    1233 /    4608             ( 26.76%) | total_pruned =    3375 | shape = torch.Size([16, 32, 3, 3])
3.1.bias             | nonzeros =       0 /      16             (  0.00%) | total_pruned =      16 | shape = torch.Size([16])
4.weight             | nonzeros =      16 /      16             (100.00%) | total_pruned =       0 | shape = torch.Size([16])
4.bias               | nonzeros =       0 /      16             (  0.00%) | total_pruned =      16 | shape = torch.Size([16])
6.1.weight           | nonzeros =      29 /      48             ( 60.42%) | total_pruned =      19 | shape = torch.Size([3, 16, 1, 1])
6.1.bias             | nonzeros =       1 /       3             ( 33.33%) | total_pruned =       2 | shape = torch.Size([3])
alive: 300886, pruned : 2707981, total: 3008867, Compression rate :      10.00x  ( 90.00% pruned)
torch.Size([1, 3, 512, 512]) torch.Size([1, 3, 512, 512])
Initial PSNR of output image is:  18.305694887662757
epoch:  0 loss:  0.01327646803110838 PSNR:  18.305694887662757
epoch:  1000 loss:  0.006402629427611828 PSNR:  21.394435270593416
epoch:  2000 loss:  0.0041415151208639145 PSNR:  23.187457352326742
epoch:  3000 loss:  0.003274991177022457 PSNR:  24.112143602253823
epoch:  4000 loss:  0.003052713116630912 PSNR:  24.391550179288885
epoch:  5000 loss:  0.0029232590459287167 PSNR:  24.5550866255679
epoch:  6000 loss:  0.002701247576624155 PSNR:  24.862933671398416
epoch:  7000 loss:  0.002660206053406 PSNR:  24.923602881874718
epoch:  8000 loss:  0.0025328209158033133 PSNR:  25.11099865287134
epoch:  9000 loss:  0.002495297696441412 PSNR:  25.161038677241155
epoch:  10000 loss:  0.0025495593436062336 PSNR:  25.07533191448838
epoch:  11000 loss:  0.002439492382109165 PSNR:  25.256680844324706
epoch:  12000 loss:  0.0023786011151969433 PSNR:  25.346103483911
epoch:  13000 loss:  0.0023775130975991488 PSNR:  25.343719382605265
epoch:  14000 loss:  0.0023803559597581625 PSNR:  25.335514800685996
epoch:  15000 loss:  0.0024487196933478117 PSNR:  25.232899506219432
epoch:  16000 loss:  0.002312470693141222 PSNR:  25.449344194642283
epoch:  17000 loss:  0.002317619975656271 PSNR:  25.443662674717864
epoch:  18000 loss:  0.0022714862134307623 PSNR:  25.515141934014917
epoch:  19000 loss:  0.0022877592127770185 PSNR:  25.48551510514455
epoch:  20000 loss:  0.002250303514301777 PSNR:  25.550447969241638
epoch:  21000 loss:  0.002243262715637684 PSNR:  25.554454368449043
epoch:  22000 loss:  0.002213375410065055 PSNR:  25.60749154308298
epoch:  23000 loss:  0.0022792969830334187 PSNR:  25.49512733607401
epoch:  24000 loss:  0.0022239049430936575 PSNR:  25.592022234742263
epoch:  25000 loss:  0.002216783119365573 PSNR:  25.60201175747136
epoch:  26000 loss:  0.0021843682043254375 PSNR:  25.661447108252492
epoch:  27000 loss:  0.002172026550397277 PSNR:  25.6758548947094
epoch:  28000 loss:  0.0021844645962119102 PSNR:  25.654820093936216
epoch:  29000 loss:  0.0021814904175698757 PSNR:  25.661692070516352
epoch:  30000 loss:  0.0021654204465448856 PSNR:  25.687491153387583
epoch:  31000 loss:  0.0022056230809539557 PSNR:  25.6134727051731
epoch:  32000 loss:  0.0021460801362991333 PSNR:  25.722071085945622
epoch:  33000 loss:  0.0021308031864464283 PSNR:  25.750752959521115
epoch:  34000 loss:  0.002135493326932192 PSNR:  25.739796728068512
epoch:  35000 loss:  0.002204462420195341 PSNR:  25.625957100155023
epoch:  36000 loss:  0.0021397299133241177 PSNR:  25.73367268550176
epoch:  37000 loss:  0.0021624392829835415 PSNR:  25.694981381086354
epoch:  38000 loss:  0.0021651245187968016 PSNR:  25.681690138680896
epoch:  39000 loss:  0.002111810492351651 PSNR:  25.778592154712694
PSNR of output image is:  25.71019851367303
(3, 512, 512) (1, 3, 512, 512)
Experiment done
Processing image: baboon
(3, 512, 512)
(3, 512, 512)
Starting optimization with optimizer 'SAM'
Output directory where results stored: data/inpainting/Set14/mask/1/sparsity/0.5/det/0.1/1e-09
1.1.1.weight         | nonzeros =    2517 /   12800             ( 19.66%) | total_pruned =   10283 | shape = torch.Size([16, 32, 5, 5])
1.1.1.bias           | nonzeros =       0 /      16             (  0.00%) | total_pruned =      16 | shape = torch.Size([16])
1.2.weight           | nonzeros =      10 /      16             ( 62.50%) | total_pruned =       6 | shape = torch.Size([16])
1.2.bias             | nonzeros =       0 /      16             (  0.00%) | total_pruned =      16 | shape = torch.Size([16])
1.4.1.weight         | nonzeros =     783 /    6400             ( 12.23%) | total_pruned =    5617 | shape = torch.Size([16, 16, 5, 5])
1.4.1.bias           | nonzeros =       0 /      16             (  0.00%) | total_pruned =      16 | shape = torch.Size([16])
1.5.weight           | nonzeros =      10 /      16             ( 62.50%) | total_pruned =       6 | shape = torch.Size([16])
1.5.bias             | nonzeros =       0 /      16             (  0.00%) | total_pruned =      16 | shape = torch.Size([16])
1.7.1.1.1.weight     | nonzeros =    1039 /   12800             (  8.12%) | total_pruned =   11761 | shape = torch.Size([32, 16, 5, 5])
1.7.1.1.1.bias       | nonzeros =       0 /      32             (  0.00%) | total_pruned =      32 | shape = torch.Size([32])
1.7.1.2.weight       | nonzeros =      18 /      32             ( 56.25%) | total_pruned =      14 | shape = torch.Size([32])
1.7.1.2.bias         | nonzeros =       0 /      32             (  0.00%) | total_pruned =      32 | shape = torch.Size([32])
1.7.1.4.1.weight     | nonzeros =    1256 /   25600             (  4.91%) | total_pruned =   24344 | shape = torch.Size([32, 32, 5, 5])
1.7.1.4.1.bias       | nonzeros =       0 /      32             (  0.00%) | total_pruned =      32 | shape = torch.Size([32])
1.7.1.5.weight       | nonzeros =      21 /      32             ( 65.62%) | total_pruned =      11 | shape = torch.Size([32])
1.7.1.5.bias         | nonzeros =       0 /      32             (  0.00%) | total_pruned =      32 | shape = torch.Size([32])
1.7.1.7.1.1.1.weight | nonzeros =    1744 /   51200             (  3.41%) | total_pruned =   49456 | shape = torch.Size([64, 32, 5, 5])
1.7.1.7.1.1.1.bias   | nonzeros =       0 /      64             (  0.00%) | total_pruned =      64 | shape = torch.Size([64])
1.7.1.7.1.2.weight   | nonzeros =      31 /      64             ( 48.44%) | total_pruned =      33 | shape = torch.Size([64])
1.7.1.7.1.2.bias     | nonzeros =       0 /      64             (  0.00%) | total_pruned =      64 | shape = torch.Size([64])
1.7.1.7.1.4.1.weight | nonzeros =    3148 /  102400             (  3.07%) | total_pruned =   99252 | shape = torch.Size([64, 64, 5, 5])
1.7.1.7.1.4.1.bias   | nonzeros =       0 /      64             (  0.00%) | total_pruned =      64 | shape = torch.Size([64])
1.7.1.7.1.5.weight   | nonzeros =      23 /      64             ( 35.94%) | total_pruned =      41 | shape = torch.Size([64])
1.7.1.7.1.5.bias     | nonzeros =       0 /      64             (  0.00%) | total_pruned =      64 | shape = torch.Size([64])
1.7.1.7.1.7.1.1.1.weight | nonzeros =    5972 /  204800             (  2.92%) | total_pruned =  198828 | shape = torch.Size([128, 64, 5, 5])
1.7.1.7.1.7.1.1.1.bias | nonzeros =       0 /     128             (  0.00%) | total_pruned =     128 | shape = torch.Size([128])
1.7.1.7.1.7.1.2.weight | nonzeros =      60 /     128             ( 46.88%) | total_pruned =      68 | shape = torch.Size([128])
1.7.1.7.1.7.1.2.bias | nonzeros =       0 /     128             (  0.00%) | total_pruned =     128 | shape = torch.Size([128])
1.7.1.7.1.7.1.4.1.weight | nonzeros =   12806 /  409600             (  3.13%) | total_pruned =  396794 | shape = torch.Size([128, 128, 5, 5])
1.7.1.7.1.7.1.4.1.bias | nonzeros =       0 /     128             (  0.00%) | total_pruned =     128 | shape = torch.Size([128])
1.7.1.7.1.7.1.5.weight | nonzeros =      60 /     128             ( 46.88%) | total_pruned =      68 | shape = torch.Size([128])
1.7.1.7.1.7.1.5.bias | nonzeros =       0 /     128             (  0.00%) | total_pruned =     128 | shape = torch.Size([128])
1.7.1.7.1.7.1.7.1.1.1.weight | nonzeros =   18457 /  409600             (  4.51%) | total_pruned =  391143 | shape = torch.Size([128, 128, 5, 5])
1.7.1.7.1.7.1.7.1.1.1.bias | nonzeros =       0 /     128             (  0.00%) | total_pruned =     128 | shape = torch.Size([128])
1.7.1.7.1.7.1.7.1.2.weight | nonzeros =      64 /     128             ( 50.00%) | total_pruned =      64 | shape = torch.Size([128])
1.7.1.7.1.7.1.7.1.2.bias | nonzeros =       0 /     128             (  0.00%) | total_pruned =     128 | shape = torch.Size([128])
1.7.1.7.1.7.1.7.1.4.1.weight | nonzeros =   29275 /  409600             (  7.15%) | total_pruned =  380325 | shape = torch.Size([128, 128, 5, 5])
1.7.1.7.1.7.1.7.1.4.1.bias | nonzeros =       0 /     128             (  0.00%) | total_pruned =     128 | shape = torch.Size([128])
1.7.1.7.1.7.1.7.1.5.weight | nonzeros =      93 /     128             ( 72.66%) | total_pruned =      35 | shape = torch.Size([128])
1.7.1.7.1.7.1.7.1.5.bias | nonzeros =       0 /     128             (  0.00%) | total_pruned =     128 | shape = torch.Size([128])
1.7.1.7.1.7.1.7.1.7.1.1.1.weight | nonzeros =   56522 /  409600             ( 13.80%) | total_pruned =  353078 | shape = torch.Size([128, 128, 5, 5])
1.7.1.7.1.7.1.7.1.7.1.1.1.bias | nonzeros =       0 /     128             (  0.00%) | total_pruned =     128 | shape = torch.Size([128])
1.7.1.7.1.7.1.7.1.7.1.2.weight | nonzeros =     105 /     128             ( 82.03%) | total_pruned =      23 | shape = torch.Size([128])
1.7.1.7.1.7.1.7.1.7.1.2.bias | nonzeros =       0 /     128             (  0.00%) | total_pruned =     128 | shape = torch.Size([128])
1.7.1.7.1.7.1.7.1.7.1.4.1.weight | nonzeros =   70994 /  409600             ( 17.33%) | total_pruned =  338606 | shape = torch.Size([128, 128, 5, 5])
1.7.1.7.1.7.1.7.1.7.1.4.1.bias | nonzeros =       0 /     128             (  0.00%) | total_pruned =     128 | shape = torch.Size([128])
1.7.1.7.1.7.1.7.1.7.1.5.weight | nonzeros =      92 /     128             ( 71.88%) | total_pruned =      36 | shape = torch.Size([128])
1.7.1.7.1.7.1.7.1.7.1.5.bias | nonzeros =       0 /     128             (  0.00%) | total_pruned =     128 | shape = torch.Size([128])
1.7.1.7.1.7.1.7.1.7.2.weight | nonzeros =      92 /     128             ( 71.88%) | total_pruned =      36 | shape = torch.Size([128])
1.7.1.7.1.7.1.7.1.7.2.bias | nonzeros =       0 /     128             (  0.00%) | total_pruned =     128 | shape = torch.Size([128])
1.7.1.7.1.7.1.7.1.7.3.1.weight | nonzeros =   29219 /  147456             ( 19.82%) | total_pruned =  118237 | shape = torch.Size([128, 128, 3, 3])
1.7.1.7.1.7.1.7.1.7.3.1.bias | nonzeros =       0 /     128             (  0.00%) | total_pruned =     128 | shape = torch.Size([128])
1.7.1.7.1.7.1.7.1.7.4.weight | nonzeros =      84 /     128             ( 65.62%) | total_pruned =      44 | shape = torch.Size([128])
1.7.1.7.1.7.1.7.1.7.4.bias | nonzeros =       0 /     128             (  0.00%) | total_pruned =     128 | shape = torch.Size([128])
1.7.1.7.1.7.1.7.2.weight | nonzeros =      84 /     128             ( 65.62%) | total_pruned =      44 | shape = torch.Size([128])
1.7.1.7.1.7.1.7.2.bias | nonzeros =       0 /     128             (  0.00%) | total_pruned =     128 | shape = torch.Size([128])
1.7.1.7.1.7.1.7.3.1.weight | nonzeros =   26043 /  147456             ( 17.66%) | total_pruned =  121413 | shape = torch.Size([128, 128, 3, 3])
1.7.1.7.1.7.1.7.3.1.bias | nonzeros =       0 /     128             (  0.00%) | total_pruned =     128 | shape = torch.Size([128])
1.7.1.7.1.7.1.7.4.weight | nonzeros =      79 /     128             ( 61.72%) | total_pruned =      49 | shape = torch.Size([128])
1.7.1.7.1.7.1.7.4.bias | nonzeros =       0 /     128             (  0.00%) | total_pruned =     128 | shape = torch.Size([128])
1.7.1.7.1.7.2.weight | nonzeros =      79 /     128             ( 61.72%) | total_pruned =      49 | shape = torch.Size([128])
1.7.1.7.1.7.2.bias   | nonzeros =       0 /     128             (  0.00%) | total_pruned =     128 | shape = torch.Size([128])
1.7.1.7.1.7.3.1.weight | nonzeros =   24857 /  147456             ( 16.86%) | total_pruned =  122599 | shape = torch.Size([128, 128, 3, 3])
1.7.1.7.1.7.3.1.bias | nonzeros =       0 /     128             (  0.00%) | total_pruned =     128 | shape = torch.Size([128])
1.7.1.7.1.7.4.weight | nonzeros =      83 /     128             ( 64.84%) | total_pruned =      45 | shape = torch.Size([128])
1.7.1.7.1.7.4.bias   | nonzeros =       0 /     128             (  0.00%) | total_pruned =     128 | shape = torch.Size([128])
1.7.1.7.2.weight     | nonzeros =      83 /     128             ( 64.84%) | total_pruned =      45 | shape = torch.Size([128])
1.7.1.7.2.bias       | nonzeros =       0 /     128             (  0.00%) | total_pruned =     128 | shape = torch.Size([128])
1.7.1.7.3.1.weight   | nonzeros =   11030 /   73728             ( 14.96%) | total_pruned =   62698 | shape = torch.Size([64, 128, 3, 3])
1.7.1.7.3.1.bias     | nonzeros =       0 /      64             (  0.00%) | total_pruned =      64 | shape = torch.Size([64])
1.7.1.7.4.weight     | nonzeros =      33 /      64             ( 51.56%) | total_pruned =      31 | shape = torch.Size([64])
1.7.1.7.4.bias       | nonzeros =       0 /      64             (  0.00%) | total_pruned =      64 | shape = torch.Size([64])
1.7.2.weight         | nonzeros =      33 /      64             ( 51.56%) | total_pruned =      31 | shape = torch.Size([64])
1.7.2.bias           | nonzeros =       0 /      64             (  0.00%) | total_pruned =      64 | shape = torch.Size([64])
1.7.3.1.weight       | nonzeros =    2672 /   18432             ( 14.50%) | total_pruned =   15760 | shape = torch.Size([32, 64, 3, 3])
1.7.3.1.bias         | nonzeros =       0 /      32             (  0.00%) | total_pruned =      32 | shape = torch.Size([32])
1.7.4.weight         | nonzeros =      18 /      32             ( 56.25%) | total_pruned =      14 | shape = torch.Size([32])
1.7.4.bias           | nonzeros =       0 /      32             (  0.00%) | total_pruned =      32 | shape = torch.Size([32])
2.weight             | nonzeros =      18 /      32             ( 56.25%) | total_pruned =      14 | shape = torch.Size([32])
2.bias               | nonzeros =       0 /      32             (  0.00%) | total_pruned =      32 | shape = torch.Size([32])
3.1.weight           | nonzeros =    1233 /    4608             ( 26.76%) | total_pruned =    3375 | shape = torch.Size([16, 32, 3, 3])
3.1.bias             | nonzeros =       0 /      16             (  0.00%) | total_pruned =      16 | shape = torch.Size([16])
4.weight             | nonzeros =      16 /      16             (100.00%) | total_pruned =       0 | shape = torch.Size([16])
4.bias               | nonzeros =       0 /      16             (  0.00%) | total_pruned =      16 | shape = torch.Size([16])
6.1.weight           | nonzeros =      29 /      48             ( 60.42%) | total_pruned =      19 | shape = torch.Size([3, 16, 1, 1])
6.1.bias             | nonzeros =       1 /       3             ( 33.33%) | total_pruned =       2 | shape = torch.Size([3])
alive: 300886, pruned : 2707981, total: 3008867, Compression rate :      10.00x  ( 90.00% pruned)
torch.Size([1, 3, 512, 512]) torch.Size([1, 3, 512, 512])
Initial PSNR of output image is:  18.305694887662757
epoch:  0 loss:  0.007369389757514 PSNR:  18.305694887662757
epoch:  1000 loss:  0.00339125725440681 PSNR:  20.962785477410133
epoch:  2000 loss:  0.0019364382605999708 PSNR:  22.127126318014238
epoch:  3000 loss:  0.0015690092695876956 PSNR:  22.38106656795439
epoch:  4000 loss:  0.00131751480512321 PSNR:  22.533024773091267
epoch:  5000 loss:  0.0012580304173752666 PSNR:  22.561295946228547
epoch:  6000 loss:  0.001237161923199892 PSNR:  22.456068796021206
epoch:  7000 loss:  0.0011291680857539177 PSNR:  22.51163104636133
epoch:  8000 loss:  0.0011477553052827716 PSNR:  22.48060030241158
epoch:  9000 loss:  0.0010945610702037811 PSNR:  22.468141692504553
epoch:  10000 loss:  0.0010226875310763717 PSNR:  22.57689902189743
epoch:  11000 loss:  0.0010236656526103616 PSNR:  22.509592491606504
epoch:  12000 loss:  0.0009978613816201687 PSNR:  22.55701587304237
epoch:  13000 loss:  0.0009893185924738646 PSNR:  22.554050256761585
epoch:  14000 loss:  0.00099142175167799 PSNR:  22.47557905305447
epoch:  15000 loss:  0.000980821787379682 PSNR:  22.516879395419846
epoch:  16000 loss:  0.0009356973459944129 PSNR:  22.519739516438065
epoch:  17000 loss:  0.0009428767370991409 PSNR:  22.501729720017607
epoch:  18000 loss:  0.0009234996396116912 PSNR:  22.53798435445921
epoch:  19000 loss:  0.00092578015755862 PSNR:  22.481216428515552
epoch:  20000 loss:  0.0009276228374801576 PSNR:  22.470680721152824
epoch:  21000 loss:  0.0009208733099512756 PSNR:  22.491422395956313
epoch:  22000 loss:  0.0008890860481187701 PSNR:  22.512699864960947
epoch:  23000 loss:  0.0009012377704493701 PSNR:  22.471079264390323
epoch:  24000 loss:  0.0008987471810542047 PSNR:  22.46027691292835
epoch:  25000 loss:  0.0008910902542993426 PSNR:  22.460594972148158
epoch:  26000 loss:  0.0009084794437512755 PSNR:  22.447613780604932
epoch:  27000 loss:  0.0008753376896493137 PSNR:  22.459184651109897
epoch:  28000 loss:  0.0008800916839390993 PSNR:  22.49143428953704
epoch:  29000 loss:  0.0008781813085079193 PSNR:  22.46175457680635
epoch:  30000 loss:  0.0008633892866782844 PSNR:  22.475041608121273
epoch:  31000 loss:  0.000878194987308234 PSNR:  22.44763644681771
epoch:  32000 loss:  0.0008536940440535545 PSNR:  22.442498574636247
epoch:  33000 loss:  0.0008982131257653236 PSNR:  22.40923414789623
epoch:  34000 loss:  0.0008950578048825264 PSNR:  22.384061070278985
epoch:  35000 loss:  0.0008467603474855423 PSNR:  22.446590530986647
epoch:  36000 loss:  0.0008440895471721888 PSNR:  22.440803215867156
epoch:  37000 loss:  0.0008533512009307742 PSNR:  22.43697595018501
epoch:  38000 loss:  0.0008451296016573906 PSNR:  22.433248975625993
epoch:  39000 loss:  0.0008334470330737531 PSNR:  22.452616688941088
PSNR of output image is:  22.384224059863485
(3, 512, 512) (1, 3, 512, 512)
Experiment done
