Processing image: barbara
(3, 512, 512)
(3, 512, 512)
Starting optimization with optimizer 'SAM'
Output directory where results stored: data/inpainting/Set14/mask/12/sparsity/0.5/det/0.1/1e-09
1.1.1.weight         | nonzeros =    2311 /   12800             ( 18.05%) | total_pruned =   10489 | shape = torch.Size([16, 32, 5, 5])
1.1.1.bias           | nonzeros =       0 /      16             (  0.00%) | total_pruned =      16 | shape = torch.Size([16])
1.2.weight           | nonzeros =       9 /      16             ( 56.25%) | total_pruned =       7 | shape = torch.Size([16])
1.2.bias             | nonzeros =       0 /      16             (  0.00%) | total_pruned =      16 | shape = torch.Size([16])
1.4.1.weight         | nonzeros =     458 /    6400             (  7.16%) | total_pruned =    5942 | shape = torch.Size([16, 16, 5, 5])
1.4.1.bias           | nonzeros =       0 /      16             (  0.00%) | total_pruned =      16 | shape = torch.Size([16])
1.5.weight           | nonzeros =       6 /      16             ( 37.50%) | total_pruned =      10 | shape = torch.Size([16])
1.5.bias             | nonzeros =       0 /      16             (  0.00%) | total_pruned =      16 | shape = torch.Size([16])
1.7.1.1.1.weight     | nonzeros =     682 /   12800             (  5.33%) | total_pruned =   12118 | shape = torch.Size([32, 16, 5, 5])
1.7.1.1.1.bias       | nonzeros =       0 /      32             (  0.00%) | total_pruned =      32 | shape = torch.Size([32])
1.7.1.2.weight       | nonzeros =      19 /      32             ( 59.38%) | total_pruned =      13 | shape = torch.Size([32])
1.7.1.2.bias         | nonzeros =       0 /      32             (  0.00%) | total_pruned =      32 | shape = torch.Size([32])
1.7.1.4.1.weight     | nonzeros =    1513 /   25600             (  5.91%) | total_pruned =   24087 | shape = torch.Size([32, 32, 5, 5])
1.7.1.4.1.bias       | nonzeros =       0 /      32             (  0.00%) | total_pruned =      32 | shape = torch.Size([32])
1.7.1.5.weight       | nonzeros =      21 /      32             ( 65.62%) | total_pruned =      11 | shape = torch.Size([32])
1.7.1.5.bias         | nonzeros =       0 /      32             (  0.00%) | total_pruned =      32 | shape = torch.Size([32])
1.7.1.7.1.1.1.weight | nonzeros =    2389 /   51200             (  4.67%) | total_pruned =   48811 | shape = torch.Size([64, 32, 5, 5])
1.7.1.7.1.1.1.bias   | nonzeros =       0 /      64             (  0.00%) | total_pruned =      64 | shape = torch.Size([64])
1.7.1.7.1.2.weight   | nonzeros =      26 /      64             ( 40.62%) | total_pruned =      38 | shape = torch.Size([64])
1.7.1.7.1.2.bias     | nonzeros =       0 /      64             (  0.00%) | total_pruned =      64 | shape = torch.Size([64])
1.7.1.7.1.4.1.weight | nonzeros =    3650 /  102400             (  3.56%) | total_pruned =   98750 | shape = torch.Size([64, 64, 5, 5])
1.7.1.7.1.4.1.bias   | nonzeros =       0 /      64             (  0.00%) | total_pruned =      64 | shape = torch.Size([64])
1.7.1.7.1.5.weight   | nonzeros =      24 /      64             ( 37.50%) | total_pruned =      40 | shape = torch.Size([64])
1.7.1.7.1.5.bias     | nonzeros =       0 /      64             (  0.00%) | total_pruned =      64 | shape = torch.Size([64])
1.7.1.7.1.7.1.1.1.weight | nonzeros =    7979 /  204800             (  3.90%) | total_pruned =  196821 | shape = torch.Size([128, 64, 5, 5])
1.7.1.7.1.7.1.1.1.bias | nonzeros =       0 /     128             (  0.00%) | total_pruned =     128 | shape = torch.Size([128])
1.7.1.7.1.7.1.2.weight | nonzeros =      54 /     128             ( 42.19%) | total_pruned =      74 | shape = torch.Size([128])
1.7.1.7.1.7.1.2.bias | nonzeros =       0 /     128             (  0.00%) | total_pruned =     128 | shape = torch.Size([128])
1.7.1.7.1.7.1.4.1.weight | nonzeros =   16545 /  409600             (  4.04%) | total_pruned =  393055 | shape = torch.Size([128, 128, 5, 5])
1.7.1.7.1.7.1.4.1.bias | nonzeros =       0 /     128             (  0.00%) | total_pruned =     128 | shape = torch.Size([128])
1.7.1.7.1.7.1.5.weight | nonzeros =      61 /     128             ( 47.66%) | total_pruned =      67 | shape = torch.Size([128])
1.7.1.7.1.7.1.5.bias | nonzeros =       0 /     128             (  0.00%) | total_pruned =     128 | shape = torch.Size([128])
1.7.1.7.1.7.1.7.1.1.1.weight | nonzeros =   22457 /  409600             (  5.48%) | total_pruned =  387143 | shape = torch.Size([128, 128, 5, 5])
1.7.1.7.1.7.1.7.1.1.1.bias | nonzeros =       0 /     128             (  0.00%) | total_pruned =     128 | shape = torch.Size([128])
1.7.1.7.1.7.1.7.1.2.weight | nonzeros =      73 /     128             ( 57.03%) | total_pruned =      55 | shape = torch.Size([128])
1.7.1.7.1.7.1.7.1.2.bias | nonzeros =       0 /     128             (  0.00%) | total_pruned =     128 | shape = torch.Size([128])
1.7.1.7.1.7.1.7.1.4.1.weight | nonzeros =   35434 /  409600             (  8.65%) | total_pruned =  374166 | shape = torch.Size([128, 128, 5, 5])
1.7.1.7.1.7.1.7.1.4.1.bias | nonzeros =       0 /     128             (  0.00%) | total_pruned =     128 | shape = torch.Size([128])
1.7.1.7.1.7.1.7.1.5.weight | nonzeros =      92 /     128             ( 71.88%) | total_pruned =      36 | shape = torch.Size([128])
1.7.1.7.1.7.1.7.1.5.bias | nonzeros =       0 /     128             (  0.00%) | total_pruned =     128 | shape = torch.Size([128])
1.7.1.7.1.7.1.7.1.7.1.1.1.weight | nonzeros =   53916 /  409600             ( 13.16%) | total_pruned =  355684 | shape = torch.Size([128, 128, 5, 5])
1.7.1.7.1.7.1.7.1.7.1.1.1.bias | nonzeros =       0 /     128             (  0.00%) | total_pruned =     128 | shape = torch.Size([128])
1.7.1.7.1.7.1.7.1.7.1.2.weight | nonzeros =      98 /     128             ( 76.56%) | total_pruned =      30 | shape = torch.Size([128])
1.7.1.7.1.7.1.7.1.7.1.2.bias | nonzeros =       0 /     128             (  0.00%) | total_pruned =     128 | shape = torch.Size([128])
1.7.1.7.1.7.1.7.1.7.1.4.1.weight | nonzeros =   57148 /  409600             ( 13.95%) | total_pruned =  352452 | shape = torch.Size([128, 128, 5, 5])
1.7.1.7.1.7.1.7.1.7.1.4.1.bias | nonzeros =       0 /     128             (  0.00%) | total_pruned =     128 | shape = torch.Size([128])
1.7.1.7.1.7.1.7.1.7.1.5.weight | nonzeros =      80 /     128             ( 62.50%) | total_pruned =      48 | shape = torch.Size([128])
1.7.1.7.1.7.1.7.1.7.1.5.bias | nonzeros =       0 /     128             (  0.00%) | total_pruned =     128 | shape = torch.Size([128])
1.7.1.7.1.7.1.7.1.7.2.weight | nonzeros =      80 /     128             ( 62.50%) | total_pruned =      48 | shape = torch.Size([128])
1.7.1.7.1.7.1.7.1.7.2.bias | nonzeros =       0 /     128             (  0.00%) | total_pruned =     128 | shape = torch.Size([128])
1.7.1.7.1.7.1.7.1.7.3.1.weight | nonzeros =   29604 /  147456             ( 20.08%) | total_pruned =  117852 | shape = torch.Size([128, 128, 3, 3])
1.7.1.7.1.7.1.7.1.7.3.1.bias | nonzeros =       0 /     128             (  0.00%) | total_pruned =     128 | shape = torch.Size([128])
1.7.1.7.1.7.1.7.1.7.4.weight | nonzeros =      96 /     128             ( 75.00%) | total_pruned =      32 | shape = torch.Size([128])
1.7.1.7.1.7.1.7.1.7.4.bias | nonzeros =       0 /     128             (  0.00%) | total_pruned =     128 | shape = torch.Size([128])
1.7.1.7.1.7.1.7.2.weight | nonzeros =      96 /     128             ( 75.00%) | total_pruned =      32 | shape = torch.Size([128])
1.7.1.7.1.7.1.7.2.bias | nonzeros =       0 /     128             (  0.00%) | total_pruned =     128 | shape = torch.Size([128])
1.7.1.7.1.7.1.7.3.1.weight | nonzeros =   30190 /  147456             ( 20.47%) | total_pruned =  117266 | shape = torch.Size([128, 128, 3, 3])
1.7.1.7.1.7.1.7.3.1.bias | nonzeros =       0 /     128             (  0.00%) | total_pruned =     128 | shape = torch.Size([128])
1.7.1.7.1.7.1.7.4.weight | nonzeros =      80 /     128             ( 62.50%) | total_pruned =      48 | shape = torch.Size([128])
1.7.1.7.1.7.1.7.4.bias | nonzeros =       0 /     128             (  0.00%) | total_pruned =     128 | shape = torch.Size([128])
1.7.1.7.1.7.2.weight | nonzeros =      80 /     128             ( 62.50%) | total_pruned =      48 | shape = torch.Size([128])
1.7.1.7.1.7.2.bias   | nonzeros =       0 /     128             (  0.00%) | total_pruned =     128 | shape = torch.Size([128])
1.7.1.7.1.7.3.1.weight | nonzeros =   23063 /  147456             ( 15.64%) | total_pruned =  124393 | shape = torch.Size([128, 128, 3, 3])
1.7.1.7.1.7.3.1.bias | nonzeros =       0 /     128             (  0.00%) | total_pruned =     128 | shape = torch.Size([128])
1.7.1.7.1.7.4.weight | nonzeros =      74 /     128             ( 57.81%) | total_pruned =      54 | shape = torch.Size([128])
1.7.1.7.1.7.4.bias   | nonzeros =       0 /     128             (  0.00%) | total_pruned =     128 | shape = torch.Size([128])
1.7.1.7.2.weight     | nonzeros =      74 /     128             ( 57.81%) | total_pruned =      54 | shape = torch.Size([128])
1.7.1.7.2.bias       | nonzeros =       0 /     128             (  0.00%) | total_pruned =     128 | shape = torch.Size([128])
1.7.1.7.3.1.weight   | nonzeros =    8928 /   73728             ( 12.11%) | total_pruned =   64800 | shape = torch.Size([64, 128, 3, 3])
1.7.1.7.3.1.bias     | nonzeros =       0 /      64             (  0.00%) | total_pruned =      64 | shape = torch.Size([64])
1.7.1.7.4.weight     | nonzeros =      29 /      64             ( 45.31%) | total_pruned =      35 | shape = torch.Size([64])
1.7.1.7.4.bias       | nonzeros =       0 /      64             (  0.00%) | total_pruned =      64 | shape = torch.Size([64])
1.7.2.weight         | nonzeros =      29 /      64             ( 45.31%) | total_pruned =      35 | shape = torch.Size([64])
1.7.2.bias           | nonzeros =       0 /      64             (  0.00%) | total_pruned =      64 | shape = torch.Size([64])
1.7.3.1.weight       | nonzeros =    2262 /   18432             ( 12.27%) | total_pruned =   16170 | shape = torch.Size([32, 64, 3, 3])
1.7.3.1.bias         | nonzeros =       0 /      32             (  0.00%) | total_pruned =      32 | shape = torch.Size([32])
1.7.4.weight         | nonzeros =      17 /      32             ( 53.12%) | total_pruned =      15 | shape = torch.Size([32])
1.7.4.bias           | nonzeros =       0 /      32             (  0.00%) | total_pruned =      32 | shape = torch.Size([32])
2.weight             | nonzeros =      17 /      32             ( 53.12%) | total_pruned =      15 | shape = torch.Size([32])
2.bias               | nonzeros =       0 /      32             (  0.00%) | total_pruned =      32 | shape = torch.Size([32])
3.1.weight           | nonzeros =    1080 /    4608             ( 23.44%) | total_pruned =    3528 | shape = torch.Size([16, 32, 3, 3])
3.1.bias             | nonzeros =       0 /      16             (  0.00%) | total_pruned =      16 | shape = torch.Size([16])
4.weight             | nonzeros =      15 /      16             ( 93.75%) | total_pruned =       1 | shape = torch.Size([16])
4.bias               | nonzeros =       0 /      16             (  0.00%) | total_pruned =      16 | shape = torch.Size([16])
6.1.weight           | nonzeros =      26 /      48             ( 54.17%) | total_pruned =      22 | shape = torch.Size([3, 16, 1, 1])
6.1.bias             | nonzeros =       1 /       3             ( 33.33%) | total_pruned =       2 | shape = torch.Size([3])
alive: 300886, pruned : 2707981, total: 3008867, Compression rate :      10.00x  ( 90.00% pruned)
torch.Size([1, 3, 512, 512]) torch.Size([1, 3, 512, 512])
Initial PSNR of output image is:  20.251351438763365
epoch:  0 loss:  0.008493829518556595 PSNR:  20.251351438763365
epoch:  1000 loss:  0.003160389605909586 PSNR:  24.503397517724913
epoch:  2000 loss:  0.0018760906532406807 PSNR:  26.677050143960905
epoch:  3000 loss:  0.0012214523740112782 PSNR:  28.451594131826454
epoch:  4000 loss:  0.00113155588041991 PSNR:  28.759398668887833
epoch:  5000 loss:  0.0008661469328217208 PSNR:  29.836195508898324
epoch:  6000 loss:  0.0009370457846671343 PSNR:  29.526693526563346
epoch:  7000 loss:  0.000689085281919688 PSNR:  30.740439947913313
epoch:  8000 loss:  0.000645561027340591 PSNR:  30.994407587890464
epoch:  9000 loss:  0.0007806291105225682 PSNR:  30.248588126187492
epoch:  10000 loss:  0.0005976874963380396 PSNR:  31.291895545814427
epoch:  11000 loss:  0.0005986554315313697 PSNR:  31.28603137209215
epoch:  12000 loss:  0.0005514546646736562 PSNR:  31.602866412302987
epoch:  13000 loss:  0.0005899481475353241 PSNR:  31.348698578995165
epoch:  14000 loss:  0.0006069797673262656 PSNR:  31.239357588646165
epoch:  15000 loss:  0.0005574470269493759 PSNR:  31.57466883319371
epoch:  16000 loss:  0.0005556609248742461 PSNR:  31.57009994813819
epoch:  17000 loss:  0.0005055993096902966 PSNR:  31.937466260034576
epoch:  18000 loss:  0.0005288774846121669 PSNR:  31.770565946177108
epoch:  19000 loss:  0.0004946462577208877 PSNR:  32.025691211955596
epoch:  20000 loss:  0.0005041023250669241 PSNR:  31.946053423079764
epoch:  21000 loss:  0.0004980112425982952 PSNR:  31.991648387845522
epoch:  22000 loss:  0.0004685805179178715 PSNR:  32.221376135328136
epoch:  23000 loss:  0.0005049079190939665 PSNR:  31.95400279311297
epoch:  24000 loss:  0.0004962722305208445 PSNR:  32.01563356055205
epoch:  25000 loss:  0.00047929101856425405 PSNR:  32.14439582772823
epoch:  26000 loss:  0.00045523137669079006 PSNR:  32.34220244753912
epoch:  27000 loss:  0.0005049556493759155 PSNR:  31.95347845365771
epoch:  28000 loss:  0.00047609509783796966 PSNR:  32.17339920397522
epoch:  29000 loss:  0.00045748375123366714 PSNR:  32.3242163676478
epoch:  30000 loss:  0.0004595565842464566 PSNR:  32.30930679459745
epoch:  31000 loss:  0.0004376973956823349 PSNR:  32.4882575810026
epoch:  32000 loss:  0.000434470537584275 PSNR:  32.511419151814266
epoch:  33000 loss:  0.0004393668787088245 PSNR:  32.478304232334615
epoch:  34000 loss:  0.00048106801114045084 PSNR:  32.1421630995266
epoch:  35000 loss:  0.0004600643296726048 PSNR:  32.30539415907372
epoch:  36000 loss:  0.00043771901982836425 PSNR:  32.49596110302782
epoch:  37000 loss:  0.00042821335955522954 PSNR:  32.57899589111838
epoch:  38000 loss:  0.0004563822294585407 PSNR:  32.33898186978438
epoch:  39000 loss:  0.0004525240510702133 PSNR:  32.37006555138673
PSNR of output image is:  32.26727274538589
(3, 512, 512) (1, 3, 512, 512)
Experiment done
Processing image: barbara
(3, 512, 512)
(3, 512, 512)
Starting optimization with optimizer 'SAM'
Output directory where results stored: data/inpainting/Set14/mask/12/sparsity/0.5/det/0.1/1e-09
1.1.1.weight         | nonzeros =    2311 /   12800             ( 18.05%) | total_pruned =   10489 | shape = torch.Size([16, 32, 5, 5])
1.1.1.bias           | nonzeros =       0 /      16             (  0.00%) | total_pruned =      16 | shape = torch.Size([16])
1.2.weight           | nonzeros =       9 /      16             ( 56.25%) | total_pruned =       7 | shape = torch.Size([16])
1.2.bias             | nonzeros =       0 /      16             (  0.00%) | total_pruned =      16 | shape = torch.Size([16])
1.4.1.weight         | nonzeros =     458 /    6400             (  7.16%) | total_pruned =    5942 | shape = torch.Size([16, 16, 5, 5])
1.4.1.bias           | nonzeros =       0 /      16             (  0.00%) | total_pruned =      16 | shape = torch.Size([16])
1.5.weight           | nonzeros =       6 /      16             ( 37.50%) | total_pruned =      10 | shape = torch.Size([16])
1.5.bias             | nonzeros =       0 /      16             (  0.00%) | total_pruned =      16 | shape = torch.Size([16])
1.7.1.1.1.weight     | nonzeros =     682 /   12800             (  5.33%) | total_pruned =   12118 | shape = torch.Size([32, 16, 5, 5])
1.7.1.1.1.bias       | nonzeros =       0 /      32             (  0.00%) | total_pruned =      32 | shape = torch.Size([32])
1.7.1.2.weight       | nonzeros =      19 /      32             ( 59.38%) | total_pruned =      13 | shape = torch.Size([32])
1.7.1.2.bias         | nonzeros =       0 /      32             (  0.00%) | total_pruned =      32 | shape = torch.Size([32])
1.7.1.4.1.weight     | nonzeros =    1513 /   25600             (  5.91%) | total_pruned =   24087 | shape = torch.Size([32, 32, 5, 5])
1.7.1.4.1.bias       | nonzeros =       0 /      32             (  0.00%) | total_pruned =      32 | shape = torch.Size([32])
1.7.1.5.weight       | nonzeros =      21 /      32             ( 65.62%) | total_pruned =      11 | shape = torch.Size([32])
1.7.1.5.bias         | nonzeros =       0 /      32             (  0.00%) | total_pruned =      32 | shape = torch.Size([32])
1.7.1.7.1.1.1.weight | nonzeros =    2389 /   51200             (  4.67%) | total_pruned =   48811 | shape = torch.Size([64, 32, 5, 5])
1.7.1.7.1.1.1.bias   | nonzeros =       0 /      64             (  0.00%) | total_pruned =      64 | shape = torch.Size([64])
1.7.1.7.1.2.weight   | nonzeros =      26 /      64             ( 40.62%) | total_pruned =      38 | shape = torch.Size([64])
1.7.1.7.1.2.bias     | nonzeros =       0 /      64             (  0.00%) | total_pruned =      64 | shape = torch.Size([64])
1.7.1.7.1.4.1.weight | nonzeros =    3650 /  102400             (  3.56%) | total_pruned =   98750 | shape = torch.Size([64, 64, 5, 5])
1.7.1.7.1.4.1.bias   | nonzeros =       0 /      64             (  0.00%) | total_pruned =      64 | shape = torch.Size([64])
1.7.1.7.1.5.weight   | nonzeros =      24 /      64             ( 37.50%) | total_pruned =      40 | shape = torch.Size([64])
1.7.1.7.1.5.bias     | nonzeros =       0 /      64             (  0.00%) | total_pruned =      64 | shape = torch.Size([64])
1.7.1.7.1.7.1.1.1.weight | nonzeros =    7979 /  204800             (  3.90%) | total_pruned =  196821 | shape = torch.Size([128, 64, 5, 5])
1.7.1.7.1.7.1.1.1.bias | nonzeros =       0 /     128             (  0.00%) | total_pruned =     128 | shape = torch.Size([128])
1.7.1.7.1.7.1.2.weight | nonzeros =      54 /     128             ( 42.19%) | total_pruned =      74 | shape = torch.Size([128])
1.7.1.7.1.7.1.2.bias | nonzeros =       0 /     128             (  0.00%) | total_pruned =     128 | shape = torch.Size([128])
1.7.1.7.1.7.1.4.1.weight | nonzeros =   16545 /  409600             (  4.04%) | total_pruned =  393055 | shape = torch.Size([128, 128, 5, 5])
1.7.1.7.1.7.1.4.1.bias | nonzeros =       0 /     128             (  0.00%) | total_pruned =     128 | shape = torch.Size([128])
1.7.1.7.1.7.1.5.weight | nonzeros =      61 /     128             ( 47.66%) | total_pruned =      67 | shape = torch.Size([128])
1.7.1.7.1.7.1.5.bias | nonzeros =       0 /     128             (  0.00%) | total_pruned =     128 | shape = torch.Size([128])
1.7.1.7.1.7.1.7.1.1.1.weight | nonzeros =   22457 /  409600             (  5.48%) | total_pruned =  387143 | shape = torch.Size([128, 128, 5, 5])
1.7.1.7.1.7.1.7.1.1.1.bias | nonzeros =       0 /     128             (  0.00%) | total_pruned =     128 | shape = torch.Size([128])
1.7.1.7.1.7.1.7.1.2.weight | nonzeros =      73 /     128             ( 57.03%) | total_pruned =      55 | shape = torch.Size([128])
1.7.1.7.1.7.1.7.1.2.bias | nonzeros =       0 /     128             (  0.00%) | total_pruned =     128 | shape = torch.Size([128])
1.7.1.7.1.7.1.7.1.4.1.weight | nonzeros =   35434 /  409600             (  8.65%) | total_pruned =  374166 | shape = torch.Size([128, 128, 5, 5])
1.7.1.7.1.7.1.7.1.4.1.bias | nonzeros =       0 /     128             (  0.00%) | total_pruned =     128 | shape = torch.Size([128])
1.7.1.7.1.7.1.7.1.5.weight | nonzeros =      92 /     128             ( 71.88%) | total_pruned =      36 | shape = torch.Size([128])
1.7.1.7.1.7.1.7.1.5.bias | nonzeros =       0 /     128             (  0.00%) | total_pruned =     128 | shape = torch.Size([128])
1.7.1.7.1.7.1.7.1.7.1.1.1.weight | nonzeros =   53916 /  409600             ( 13.16%) | total_pruned =  355684 | shape = torch.Size([128, 128, 5, 5])
1.7.1.7.1.7.1.7.1.7.1.1.1.bias | nonzeros =       0 /     128             (  0.00%) | total_pruned =     128 | shape = torch.Size([128])
1.7.1.7.1.7.1.7.1.7.1.2.weight | nonzeros =      98 /     128             ( 76.56%) | total_pruned =      30 | shape = torch.Size([128])
1.7.1.7.1.7.1.7.1.7.1.2.bias | nonzeros =       0 /     128             (  0.00%) | total_pruned =     128 | shape = torch.Size([128])
1.7.1.7.1.7.1.7.1.7.1.4.1.weight | nonzeros =   57148 /  409600             ( 13.95%) | total_pruned =  352452 | shape = torch.Size([128, 128, 5, 5])
1.7.1.7.1.7.1.7.1.7.1.4.1.bias | nonzeros =       0 /     128             (  0.00%) | total_pruned =     128 | shape = torch.Size([128])
1.7.1.7.1.7.1.7.1.7.1.5.weight | nonzeros =      80 /     128             ( 62.50%) | total_pruned =      48 | shape = torch.Size([128])
1.7.1.7.1.7.1.7.1.7.1.5.bias | nonzeros =       0 /     128             (  0.00%) | total_pruned =     128 | shape = torch.Size([128])
1.7.1.7.1.7.1.7.1.7.2.weight | nonzeros =      80 /     128             ( 62.50%) | total_pruned =      48 | shape = torch.Size([128])
1.7.1.7.1.7.1.7.1.7.2.bias | nonzeros =       0 /     128             (  0.00%) | total_pruned =     128 | shape = torch.Size([128])
1.7.1.7.1.7.1.7.1.7.3.1.weight | nonzeros =   29604 /  147456             ( 20.08%) | total_pruned =  117852 | shape = torch.Size([128, 128, 3, 3])
1.7.1.7.1.7.1.7.1.7.3.1.bias | nonzeros =       0 /     128             (  0.00%) | total_pruned =     128 | shape = torch.Size([128])
1.7.1.7.1.7.1.7.1.7.4.weight | nonzeros =      96 /     128             ( 75.00%) | total_pruned =      32 | shape = torch.Size([128])
1.7.1.7.1.7.1.7.1.7.4.bias | nonzeros =       0 /     128             (  0.00%) | total_pruned =     128 | shape = torch.Size([128])
1.7.1.7.1.7.1.7.2.weight | nonzeros =      96 /     128             ( 75.00%) | total_pruned =      32 | shape = torch.Size([128])
1.7.1.7.1.7.1.7.2.bias | nonzeros =       0 /     128             (  0.00%) | total_pruned =     128 | shape = torch.Size([128])
1.7.1.7.1.7.1.7.3.1.weight | nonzeros =   30190 /  147456             ( 20.47%) | total_pruned =  117266 | shape = torch.Size([128, 128, 3, 3])
1.7.1.7.1.7.1.7.3.1.bias | nonzeros =       0 /     128             (  0.00%) | total_pruned =     128 | shape = torch.Size([128])
1.7.1.7.1.7.1.7.4.weight | nonzeros =      80 /     128             ( 62.50%) | total_pruned =      48 | shape = torch.Size([128])
1.7.1.7.1.7.1.7.4.bias | nonzeros =       0 /     128             (  0.00%) | total_pruned =     128 | shape = torch.Size([128])
1.7.1.7.1.7.2.weight | nonzeros =      80 /     128             ( 62.50%) | total_pruned =      48 | shape = torch.Size([128])
1.7.1.7.1.7.2.bias   | nonzeros =       0 /     128             (  0.00%) | total_pruned =     128 | shape = torch.Size([128])
1.7.1.7.1.7.3.1.weight | nonzeros =   23063 /  147456             ( 15.64%) | total_pruned =  124393 | shape = torch.Size([128, 128, 3, 3])
1.7.1.7.1.7.3.1.bias | nonzeros =       0 /     128             (  0.00%) | total_pruned =     128 | shape = torch.Size([128])
1.7.1.7.1.7.4.weight | nonzeros =      74 /     128             ( 57.81%) | total_pruned =      54 | shape = torch.Size([128])
1.7.1.7.1.7.4.bias   | nonzeros =       0 /     128             (  0.00%) | total_pruned =     128 | shape = torch.Size([128])
1.7.1.7.2.weight     | nonzeros =      74 /     128             ( 57.81%) | total_pruned =      54 | shape = torch.Size([128])
1.7.1.7.2.bias       | nonzeros =       0 /     128             (  0.00%) | total_pruned =     128 | shape = torch.Size([128])
1.7.1.7.3.1.weight   | nonzeros =    8928 /   73728             ( 12.11%) | total_pruned =   64800 | shape = torch.Size([64, 128, 3, 3])
1.7.1.7.3.1.bias     | nonzeros =       0 /      64             (  0.00%) | total_pruned =      64 | shape = torch.Size([64])
1.7.1.7.4.weight     | nonzeros =      29 /      64             ( 45.31%) | total_pruned =      35 | shape = torch.Size([64])
1.7.1.7.4.bias       | nonzeros =       0 /      64             (  0.00%) | total_pruned =      64 | shape = torch.Size([64])
1.7.2.weight         | nonzeros =      29 /      64             ( 45.31%) | total_pruned =      35 | shape = torch.Size([64])
1.7.2.bias           | nonzeros =       0 /      64             (  0.00%) | total_pruned =      64 | shape = torch.Size([64])
1.7.3.1.weight       | nonzeros =    2262 /   18432             ( 12.27%) | total_pruned =   16170 | shape = torch.Size([32, 64, 3, 3])
1.7.3.1.bias         | nonzeros =       0 /      32             (  0.00%) | total_pruned =      32 | shape = torch.Size([32])
1.7.4.weight         | nonzeros =      17 /      32             ( 53.12%) | total_pruned =      15 | shape = torch.Size([32])
1.7.4.bias           | nonzeros =       0 /      32             (  0.00%) | total_pruned =      32 | shape = torch.Size([32])
2.weight             | nonzeros =      17 /      32             ( 53.12%) | total_pruned =      15 | shape = torch.Size([32])
2.bias               | nonzeros =       0 /      32             (  0.00%) | total_pruned =      32 | shape = torch.Size([32])
3.1.weight           | nonzeros =    1080 /    4608             ( 23.44%) | total_pruned =    3528 | shape = torch.Size([16, 32, 3, 3])
3.1.bias             | nonzeros =       0 /      16             (  0.00%) | total_pruned =      16 | shape = torch.Size([16])
4.weight             | nonzeros =      15 /      16             ( 93.75%) | total_pruned =       1 | shape = torch.Size([16])
4.bias               | nonzeros =       0 /      16             (  0.00%) | total_pruned =      16 | shape = torch.Size([16])
6.1.weight           | nonzeros =      26 /      48             ( 54.17%) | total_pruned =      22 | shape = torch.Size([3, 16, 1, 1])
6.1.bias             | nonzeros =       1 /       3             ( 33.33%) | total_pruned =       2 | shape = torch.Size([3])
alive: 300886, pruned : 2707981, total: 3008867, Compression rate :      10.00x  ( 90.00% pruned)
torch.Size([1, 3, 512, 512]) torch.Size([1, 3, 512, 512])
Initial PSNR of output image is:  20.25134717722922
epoch:  0 loss:  0.0047249929048120975 PSNR:  20.25134717722922
epoch:  1000 loss:  0.0016671647317707539 PSNR:  24.352159680600707
epoch:  2000 loss:  0.0010080363135784864 PSNR:  25.624075666777237
epoch:  3000 loss:  0.0006400477141141891 PSNR:  26.443027866247206
epoch:  4000 loss:  0.0004700954887084663 PSNR:  26.785587628960897
epoch:  5000 loss:  0.00041844218503683805 PSNR:  26.805225292820523
epoch:  6000 loss:  0.00043710132013075054 PSNR:  26.695393998174367
epoch:  7000 loss:  0.0003352128551341593 PSNR:  26.905040297776168
epoch:  8000 loss:  0.000314903911203146 PSNR:  26.928934910991757
epoch:  9000 loss:  0.0002951611240860075 PSNR:  26.913742360074945
epoch:  10000 loss:  0.00026224038447253406 PSNR:  27.011010224587505
epoch:  11000 loss:  0.000281530519714579 PSNR:  26.979371679013937
epoch:  12000 loss:  0.00025009544333443046 PSNR:  27.02639579438005
epoch:  13000 loss:  0.00025466931401751935 PSNR:  26.93776788683906
epoch:  14000 loss:  0.0002592903620097786 PSNR:  26.91239225343565
epoch:  15000 loss:  0.00024642058997415006 PSNR:  26.967500813819804
epoch:  16000 loss:  0.0002526658936403692 PSNR:  26.93391603740462
epoch:  17000 loss:  0.00022493982396554202 PSNR:  27.05880571027886
epoch:  18000 loss:  0.0002308570983586833 PSNR:  26.99335820170798
epoch:  19000 loss:  0.00021681960788555443 PSNR:  27.038268343227337
epoch:  20000 loss:  0.0002768315898720175 PSNR:  26.73777899937846
epoch:  21000 loss:  0.000236451203818433 PSNR:  26.98214604349741
epoch:  22000 loss:  0.00020962207054253668 PSNR:  27.05242776966974
epoch:  23000 loss:  0.00022371008526533842 PSNR:  27.013617403039873
epoch:  24000 loss:  0.00020179527928121388 PSNR:  27.032807776548232
epoch:  25000 loss:  0.00021123611077200621 PSNR:  26.964948710734078
epoch:  26000 loss:  0.00021414621733129025 PSNR:  26.927089326554828
epoch:  27000 loss:  0.0002511779312044382 PSNR:  26.899658443497568
epoch:  28000 loss:  0.00020763771317433566 PSNR:  27.047093965904203
epoch:  29000 loss:  0.00020531119662337005 PSNR:  26.97562270011568
epoch:  30000 loss:  0.00021032639779150486 PSNR:  26.929837550662423
epoch:  31000 loss:  0.00020476349163800478 PSNR:  26.99235859366066
epoch:  32000 loss:  0.00021913762611802667 PSNR:  26.941441079790454
epoch:  33000 loss:  0.00021996998111717403 PSNR:  26.836983120557466
epoch:  34000 loss:  0.00019486440578475595 PSNR:  26.948740021484298
epoch:  35000 loss:  0.00018523543258197606 PSNR:  27.00493156942379
epoch:  36000 loss:  0.00018770917085930705 PSNR:  26.992729300674995
epoch:  37000 loss:  0.0001834611757658422 PSNR:  27.01435308391012
epoch:  38000 loss:  0.00018980540335178375 PSNR:  26.958988510006108
epoch:  39000 loss:  0.00019105341925751418 PSNR:  26.977729944984894
PSNR of output image is:  26.874936136368643
(3, 512, 512) (1, 3, 512, 512)
Experiment done
