Processing image: comic
(3, 256, 256)
(3, 256, 256)
Starting optimization with optimizer 'SAM'
Output directory where results stored: data/inpainting/Set14/mask/7/sparsity/0.5/det/0.5/1e-09
1.1.1.weight         | nonzeros =    6501 /   12800             ( 50.79%) | total_pruned =    6299 | shape = torch.Size([16, 32, 5, 5])
1.1.1.bias           | nonzeros =       0 /      16             (  0.00%) | total_pruned =      16 | shape = torch.Size([16])
1.2.weight           | nonzeros =       6 /      16             ( 37.50%) | total_pruned =      10 | shape = torch.Size([16])
1.2.bias             | nonzeros =       0 /      16             (  0.00%) | total_pruned =      16 | shape = torch.Size([16])
1.4.1.weight         | nonzeros =    3390 /    6400             ( 52.97%) | total_pruned =    3010 | shape = torch.Size([16, 16, 5, 5])
1.4.1.bias           | nonzeros =       0 /      16             (  0.00%) | total_pruned =      16 | shape = torch.Size([16])
1.5.weight           | nonzeros =      10 /      16             ( 62.50%) | total_pruned =       6 | shape = torch.Size([16])
1.5.bias             | nonzeros =       0 /      16             (  0.00%) | total_pruned =      16 | shape = torch.Size([16])
1.7.1.1.1.weight     | nonzeros =    6672 /   12800             ( 52.12%) | total_pruned =    6128 | shape = torch.Size([32, 16, 5, 5])
1.7.1.1.1.bias       | nonzeros =       0 /      32             (  0.00%) | total_pruned =      32 | shape = torch.Size([32])
1.7.1.2.weight       | nonzeros =      18 /      32             ( 56.25%) | total_pruned =      14 | shape = torch.Size([32])
1.7.1.2.bias         | nonzeros =       0 /      32             (  0.00%) | total_pruned =      32 | shape = torch.Size([32])
1.7.1.4.1.weight     | nonzeros =   13205 /   25600             ( 51.58%) | total_pruned =   12395 | shape = torch.Size([32, 32, 5, 5])
1.7.1.4.1.bias       | nonzeros =       0 /      32             (  0.00%) | total_pruned =      32 | shape = torch.Size([32])
1.7.1.5.weight       | nonzeros =      23 /      32             ( 71.88%) | total_pruned =       9 | shape = torch.Size([32])
1.7.1.5.bias         | nonzeros =       0 /      32             (  0.00%) | total_pruned =      32 | shape = torch.Size([32])
1.7.1.7.1.1.1.weight | nonzeros =   26277 /   51200             ( 51.32%) | total_pruned =   24923 | shape = torch.Size([64, 32, 5, 5])
1.7.1.7.1.1.1.bias   | nonzeros =       0 /      64             (  0.00%) | total_pruned =      64 | shape = torch.Size([64])
1.7.1.7.1.2.weight   | nonzeros =      41 /      64             ( 64.06%) | total_pruned =      23 | shape = torch.Size([64])
1.7.1.7.1.2.bias     | nonzeros =       0 /      64             (  0.00%) | total_pruned =      64 | shape = torch.Size([64])
1.7.1.7.1.4.1.weight | nonzeros =   51931 /  102400             ( 50.71%) | total_pruned =   50469 | shape = torch.Size([64, 64, 5, 5])
1.7.1.7.1.4.1.bias   | nonzeros =       0 /      64             (  0.00%) | total_pruned =      64 | shape = torch.Size([64])
1.7.1.7.1.5.weight   | nonzeros =      30 /      64             ( 46.88%) | total_pruned =      34 | shape = torch.Size([64])
1.7.1.7.1.5.bias     | nonzeros =       0 /      64             (  0.00%) | total_pruned =      64 | shape = torch.Size([64])
1.7.1.7.1.7.1.1.1.weight | nonzeros =  102819 /  204800             ( 50.20%) | total_pruned =  101981 | shape = torch.Size([128, 64, 5, 5])
1.7.1.7.1.7.1.1.1.bias | nonzeros =       0 /     128             (  0.00%) | total_pruned =     128 | shape = torch.Size([128])
1.7.1.7.1.7.1.2.weight | nonzeros =      54 /     128             ( 42.19%) | total_pruned =      74 | shape = torch.Size([128])
1.7.1.7.1.7.1.2.bias | nonzeros =       0 /     128             (  0.00%) | total_pruned =     128 | shape = torch.Size([128])
1.7.1.7.1.7.1.4.1.weight | nonzeros =  202890 /  409600             ( 49.53%) | total_pruned =  206710 | shape = torch.Size([128, 128, 5, 5])
1.7.1.7.1.7.1.4.1.bias | nonzeros =       0 /     128             (  0.00%) | total_pruned =     128 | shape = torch.Size([128])
1.7.1.7.1.7.1.5.weight | nonzeros =      43 /     128             ( 33.59%) | total_pruned =      85 | shape = torch.Size([128])
1.7.1.7.1.7.1.5.bias | nonzeros =       0 /     128             (  0.00%) | total_pruned =     128 | shape = torch.Size([128])
1.7.1.7.1.7.1.7.1.1.1.weight | nonzeros =  204101 /  409600             ( 49.83%) | total_pruned =  205499 | shape = torch.Size([128, 128, 5, 5])
1.7.1.7.1.7.1.7.1.1.1.bias | nonzeros =       0 /     128             (  0.00%) | total_pruned =     128 | shape = torch.Size([128])
1.7.1.7.1.7.1.7.1.2.weight | nonzeros =      52 /     128             ( 40.62%) | total_pruned =      76 | shape = torch.Size([128])
1.7.1.7.1.7.1.7.1.2.bias | nonzeros =       0 /     128             (  0.00%) | total_pruned =     128 | shape = torch.Size([128])
1.7.1.7.1.7.1.7.1.4.1.weight | nonzeros =  205832 /  409600             ( 50.25%) | total_pruned =  203768 | shape = torch.Size([128, 128, 5, 5])
1.7.1.7.1.7.1.7.1.4.1.bias | nonzeros =       0 /     128             (  0.00%) | total_pruned =     128 | shape = torch.Size([128])
1.7.1.7.1.7.1.7.1.5.weight | nonzeros =      75 /     128             ( 58.59%) | total_pruned =      53 | shape = torch.Size([128])
1.7.1.7.1.7.1.7.1.5.bias | nonzeros =       0 /     128             (  0.00%) | total_pruned =     128 | shape = torch.Size([128])
1.7.1.7.1.7.1.7.1.7.1.1.1.weight | nonzeros =  201656 /  409600             ( 49.23%) | total_pruned =  207944 | shape = torch.Size([128, 128, 5, 5])
1.7.1.7.1.7.1.7.1.7.1.1.1.bias | nonzeros =       0 /     128             (  0.00%) | total_pruned =     128 | shape = torch.Size([128])
1.7.1.7.1.7.1.7.1.7.1.2.weight | nonzeros =      85 /     128             ( 66.41%) | total_pruned =      43 | shape = torch.Size([128])
1.7.1.7.1.7.1.7.1.7.1.2.bias | nonzeros =       0 /     128             (  0.00%) | total_pruned =     128 | shape = torch.Size([128])
1.7.1.7.1.7.1.7.1.7.1.4.1.weight | nonzeros =  207061 /  409600             ( 50.55%) | total_pruned =  202539 | shape = torch.Size([128, 128, 5, 5])
1.7.1.7.1.7.1.7.1.7.1.4.1.bias | nonzeros =       0 /     128             (  0.00%) | total_pruned =     128 | shape = torch.Size([128])
1.7.1.7.1.7.1.7.1.7.1.5.weight | nonzeros =      61 /     128             ( 47.66%) | total_pruned =      67 | shape = torch.Size([128])
1.7.1.7.1.7.1.7.1.7.1.5.bias | nonzeros =       0 /     128             (  0.00%) | total_pruned =     128 | shape = torch.Size([128])
1.7.1.7.1.7.1.7.1.7.2.weight | nonzeros =      61 /     128             ( 47.66%) | total_pruned =      67 | shape = torch.Size([128])
1.7.1.7.1.7.1.7.1.7.2.bias | nonzeros =       0 /     128             (  0.00%) | total_pruned =     128 | shape = torch.Size([128])
1.7.1.7.1.7.1.7.1.7.3.1.weight | nonzeros =   77540 /  147456             ( 52.59%) | total_pruned =   69916 | shape = torch.Size([128, 128, 3, 3])
1.7.1.7.1.7.1.7.1.7.3.1.bias | nonzeros =       0 /     128             (  0.00%) | total_pruned =     128 | shape = torch.Size([128])
1.7.1.7.1.7.1.7.1.7.4.weight | nonzeros =      76 /     128             ( 59.38%) | total_pruned =      52 | shape = torch.Size([128])
1.7.1.7.1.7.1.7.1.7.4.bias | nonzeros =       0 /     128             (  0.00%) | total_pruned =     128 | shape = torch.Size([128])
1.7.1.7.1.7.1.7.2.weight | nonzeros =      75 /     128             ( 58.59%) | total_pruned =      53 | shape = torch.Size([128])
1.7.1.7.1.7.1.7.2.bias | nonzeros =       0 /     128             (  0.00%) | total_pruned =     128 | shape = torch.Size([128])
1.7.1.7.1.7.1.7.3.1.weight | nonzeros =   74500 /  147456             ( 50.52%) | total_pruned =   72956 | shape = torch.Size([128, 128, 3, 3])
1.7.1.7.1.7.1.7.3.1.bias | nonzeros =       0 /     128             (  0.00%) | total_pruned =     128 | shape = torch.Size([128])
1.7.1.7.1.7.1.7.4.weight | nonzeros =      86 /     128             ( 67.19%) | total_pruned =      42 | shape = torch.Size([128])
1.7.1.7.1.7.1.7.4.bias | nonzeros =       0 /     128             (  0.00%) | total_pruned =     128 | shape = torch.Size([128])
1.7.1.7.1.7.2.weight | nonzeros =      86 /     128             ( 67.19%) | total_pruned =      42 | shape = torch.Size([128])
1.7.1.7.1.7.2.bias   | nonzeros =       0 /     128             (  0.00%) | total_pruned =     128 | shape = torch.Size([128])
1.7.1.7.1.7.3.1.weight | nonzeros =   71867 /  147456             ( 48.74%) | total_pruned =   75589 | shape = torch.Size([128, 128, 3, 3])
1.7.1.7.1.7.3.1.bias | nonzeros =       0 /     128             (  0.00%) | total_pruned =     128 | shape = torch.Size([128])
1.7.1.7.1.7.4.weight | nonzeros =      89 /     128             ( 69.53%) | total_pruned =      39 | shape = torch.Size([128])
1.7.1.7.1.7.4.bias   | nonzeros =       0 /     128             (  0.00%) | total_pruned =     128 | shape = torch.Size([128])
1.7.1.7.2.weight     | nonzeros =      89 /     128             ( 69.53%) | total_pruned =      39 | shape = torch.Size([128])
1.7.1.7.2.bias       | nonzeros =       0 /     128             (  0.00%) | total_pruned =     128 | shape = torch.Size([128])
1.7.1.7.3.1.weight   | nonzeros =   36166 /   73728             ( 49.05%) | total_pruned =   37562 | shape = torch.Size([64, 128, 3, 3])
1.7.1.7.3.1.bias     | nonzeros =       0 /      64             (  0.00%) | total_pruned =      64 | shape = torch.Size([64])
1.7.1.7.4.weight     | nonzeros =      35 /      64             ( 54.69%) | total_pruned =      29 | shape = torch.Size([64])
1.7.1.7.4.bias       | nonzeros =       0 /      64             (  0.00%) | total_pruned =      64 | shape = torch.Size([64])
1.7.2.weight         | nonzeros =      35 /      64             ( 54.69%) | total_pruned =      29 | shape = torch.Size([64])
1.7.2.bias           | nonzeros =       0 /      64             (  0.00%) | total_pruned =      64 | shape = torch.Size([64])
1.7.3.1.weight       | nonzeros =    8768 /   18432             ( 47.57%) | total_pruned =    9664 | shape = torch.Size([32, 64, 3, 3])
1.7.3.1.bias         | nonzeros =       0 /      32             (  0.00%) | total_pruned =      32 | shape = torch.Size([32])
1.7.4.weight         | nonzeros =      19 /      32             ( 59.38%) | total_pruned =      13 | shape = torch.Size([32])
1.7.4.bias           | nonzeros =       0 /      32             (  0.00%) | total_pruned =      32 | shape = torch.Size([32])
2.weight             | nonzeros =      19 /      32             ( 59.38%) | total_pruned =      13 | shape = torch.Size([32])
2.bias               | nonzeros =       0 /      32             (  0.00%) | total_pruned =      32 | shape = torch.Size([32])
3.1.weight           | nonzeros =    2043 /    4608             ( 44.34%) | total_pruned =    2565 | shape = torch.Size([16, 32, 3, 3])
3.1.bias             | nonzeros =       0 /      16             (  0.00%) | total_pruned =      16 | shape = torch.Size([16])
4.weight             | nonzeros =      15 /      16             ( 93.75%) | total_pruned =       1 | shape = torch.Size([16])
4.bias               | nonzeros =       0 /      16             (  0.00%) | total_pruned =      16 | shape = torch.Size([16])
6.1.weight           | nonzeros =      30 /      48             ( 62.50%) | total_pruned =      18 | shape = torch.Size([3, 16, 1, 1])
6.1.bias             | nonzeros =       1 /       3             ( 33.33%) | total_pruned =       2 | shape = torch.Size([3])
alive: 1504433, pruned : 1504434, total: 3008867, Compression rate :       2.00x  ( 50.00% pruned)
torch.Size([1, 3, 256, 256]) torch.Size([1, 3, 256, 256])
Initial PSNR of output image is:  17.763687948638754
epoch:  0 loss:  0.015047552064061165 PSNR:  17.763687948638754
epoch:  1000 loss:  0.0038044608663767576 PSNR:  23.510170884243994
epoch:  2000 loss:  0.001576064620167017 PSNR:  26.93362992100041
epoch:  3000 loss:  0.0012592964340001345 PSNR:  27.74076514381499
epoch:  4000 loss:  0.000940986443310976 PSNR:  28.7044316751083
epoch:  5000 loss:  0.0007734023965895176 PSNR:  29.31503681327309
epoch:  6000 loss:  0.0007807940128259361 PSNR:  29.270958509707544
epoch:  7000 loss:  0.0006827525794506073 PSNR:  29.69143674271077
epoch:  8000 loss:  0.0006025642505846918 PSNR:  30.042858038579375
epoch:  9000 loss:  0.0005641844472847879 PSNR:  30.191150655394836
epoch:  10000 loss:  0.0005792168085463345 PSNR:  30.08239999562308
epoch:  11000 loss:  0.0006029178039170802 PSNR:  29.925432211811625
epoch:  12000 loss:  0.000507683027535677 PSNR:  30.408910124320542
epoch:  13000 loss:  0.00046207866398617625 PSNR:  30.583244351291057
epoch:  14000 loss:  0.0005065326113253832 PSNR:  30.396198776048045
epoch:  15000 loss:  0.00046934917918406427 PSNR:  30.547658090863735
epoch:  16000 loss:  0.00045760985813103616 PSNR:  30.61799738189564
epoch:  17000 loss:  0.000439999857917428 PSNR:  30.664352082958914
epoch:  18000 loss:  0.0004291138320695609 PSNR:  30.743662480948394
epoch:  19000 loss:  0.0004060780629515648 PSNR:  30.840851685963536
epoch:  20000 loss:  0.0004106489650439471 PSNR:  30.846760960154178
epoch:  21000 loss:  0.0004358712467364967 PSNR:  30.682186023274134
epoch:  22000 loss:  0.00038491602754220366 PSNR:  30.91857407948238
epoch:  23000 loss:  0.0004087530542165041 PSNR:  30.804402288445743
epoch:  24000 loss:  0.0003872322849929333 PSNR:  30.935203187929062
epoch:  25000 loss:  0.00038270000368356705 PSNR:  30.94649638515736
epoch:  26000 loss:  0.000423152232542634 PSNR:  30.72593994295937
epoch:  27000 loss:  0.0003528159577399492 PSNR:  31.13880120662475
epoch:  28000 loss:  0.00035597645910456777 PSNR:  31.111904326194406
epoch:  29000 loss:  0.0003457997809164226 PSNR:  31.174162254348484
epoch:  30000 loss:  0.00040015223203226924 PSNR:  30.874834542202635
epoch:  31000 loss:  0.0003550444671418518 PSNR:  31.100002186699747
epoch:  32000 loss:  0.0003847391053568572 PSNR:  30.896599047264353
epoch:  33000 loss:  0.00035717859282158315 PSNR:  31.09095060803087
epoch:  34000 loss:  0.00033153174445033073 PSNR:  31.2416626665225
epoch:  35000 loss:  0.00036710812128148973 PSNR:  31.015454280821547
epoch:  36000 loss:  0.00033903680741786957 PSNR:  31.166798426241343
epoch:  37000 loss:  0.0003219852806068957 PSNR:  31.243385206344712
epoch:  38000 loss:  0.00034501170739531517 PSNR:  31.13928326756204
epoch:  39000 loss:  0.00041547673754394054 PSNR:  30.744732782571734
PSNR of output image is:  30.74473293521308
(3, 256, 256) (1, 3, 256, 256)
Experiment done
Processing image: comic
(3, 256, 256)
(3, 256, 256)
Starting optimization with optimizer 'SAM'
Output directory where results stored: data/inpainting/Set14/mask/7/sparsity/0.5/det/0.5/1e-09
1.1.1.weight         | nonzeros =    6501 /   12800             ( 50.79%) | total_pruned =    6299 | shape = torch.Size([16, 32, 5, 5])
1.1.1.bias           | nonzeros =       0 /      16             (  0.00%) | total_pruned =      16 | shape = torch.Size([16])
1.2.weight           | nonzeros =       6 /      16             ( 37.50%) | total_pruned =      10 | shape = torch.Size([16])
1.2.bias             | nonzeros =       0 /      16             (  0.00%) | total_pruned =      16 | shape = torch.Size([16])
1.4.1.weight         | nonzeros =    3390 /    6400             ( 52.97%) | total_pruned =    3010 | shape = torch.Size([16, 16, 5, 5])
1.4.1.bias           | nonzeros =       0 /      16             (  0.00%) | total_pruned =      16 | shape = torch.Size([16])
1.5.weight           | nonzeros =      10 /      16             ( 62.50%) | total_pruned =       6 | shape = torch.Size([16])
1.5.bias             | nonzeros =       0 /      16             (  0.00%) | total_pruned =      16 | shape = torch.Size([16])
1.7.1.1.1.weight     | nonzeros =    6672 /   12800             ( 52.12%) | total_pruned =    6128 | shape = torch.Size([32, 16, 5, 5])
1.7.1.1.1.bias       | nonzeros =       0 /      32             (  0.00%) | total_pruned =      32 | shape = torch.Size([32])
1.7.1.2.weight       | nonzeros =      18 /      32             ( 56.25%) | total_pruned =      14 | shape = torch.Size([32])
1.7.1.2.bias         | nonzeros =       0 /      32             (  0.00%) | total_pruned =      32 | shape = torch.Size([32])
1.7.1.4.1.weight     | nonzeros =   13205 /   25600             ( 51.58%) | total_pruned =   12395 | shape = torch.Size([32, 32, 5, 5])
1.7.1.4.1.bias       | nonzeros =       0 /      32             (  0.00%) | total_pruned =      32 | shape = torch.Size([32])
1.7.1.5.weight       | nonzeros =      23 /      32             ( 71.88%) | total_pruned =       9 | shape = torch.Size([32])
1.7.1.5.bias         | nonzeros =       0 /      32             (  0.00%) | total_pruned =      32 | shape = torch.Size([32])
1.7.1.7.1.1.1.weight | nonzeros =   26277 /   51200             ( 51.32%) | total_pruned =   24923 | shape = torch.Size([64, 32, 5, 5])
1.7.1.7.1.1.1.bias   | nonzeros =       0 /      64             (  0.00%) | total_pruned =      64 | shape = torch.Size([64])
1.7.1.7.1.2.weight   | nonzeros =      41 /      64             ( 64.06%) | total_pruned =      23 | shape = torch.Size([64])
1.7.1.7.1.2.bias     | nonzeros =       0 /      64             (  0.00%) | total_pruned =      64 | shape = torch.Size([64])
1.7.1.7.1.4.1.weight | nonzeros =   51931 /  102400             ( 50.71%) | total_pruned =   50469 | shape = torch.Size([64, 64, 5, 5])
1.7.1.7.1.4.1.bias   | nonzeros =       0 /      64             (  0.00%) | total_pruned =      64 | shape = torch.Size([64])
1.7.1.7.1.5.weight   | nonzeros =      30 /      64             ( 46.88%) | total_pruned =      34 | shape = torch.Size([64])
1.7.1.7.1.5.bias     | nonzeros =       0 /      64             (  0.00%) | total_pruned =      64 | shape = torch.Size([64])
1.7.1.7.1.7.1.1.1.weight | nonzeros =  102819 /  204800             ( 50.20%) | total_pruned =  101981 | shape = torch.Size([128, 64, 5, 5])
1.7.1.7.1.7.1.1.1.bias | nonzeros =       0 /     128             (  0.00%) | total_pruned =     128 | shape = torch.Size([128])
1.7.1.7.1.7.1.2.weight | nonzeros =      54 /     128             ( 42.19%) | total_pruned =      74 | shape = torch.Size([128])
1.7.1.7.1.7.1.2.bias | nonzeros =       0 /     128             (  0.00%) | total_pruned =     128 | shape = torch.Size([128])
1.7.1.7.1.7.1.4.1.weight | nonzeros =  202890 /  409600             ( 49.53%) | total_pruned =  206710 | shape = torch.Size([128, 128, 5, 5])
1.7.1.7.1.7.1.4.1.bias | nonzeros =       0 /     128             (  0.00%) | total_pruned =     128 | shape = torch.Size([128])
1.7.1.7.1.7.1.5.weight | nonzeros =      43 /     128             ( 33.59%) | total_pruned =      85 | shape = torch.Size([128])
1.7.1.7.1.7.1.5.bias | nonzeros =       0 /     128             (  0.00%) | total_pruned =     128 | shape = torch.Size([128])
1.7.1.7.1.7.1.7.1.1.1.weight | nonzeros =  204101 /  409600             ( 49.83%) | total_pruned =  205499 | shape = torch.Size([128, 128, 5, 5])
1.7.1.7.1.7.1.7.1.1.1.bias | nonzeros =       0 /     128             (  0.00%) | total_pruned =     128 | shape = torch.Size([128])
1.7.1.7.1.7.1.7.1.2.weight | nonzeros =      52 /     128             ( 40.62%) | total_pruned =      76 | shape = torch.Size([128])
1.7.1.7.1.7.1.7.1.2.bias | nonzeros =       0 /     128             (  0.00%) | total_pruned =     128 | shape = torch.Size([128])
1.7.1.7.1.7.1.7.1.4.1.weight | nonzeros =  205832 /  409600             ( 50.25%) | total_pruned =  203768 | shape = torch.Size([128, 128, 5, 5])
1.7.1.7.1.7.1.7.1.4.1.bias | nonzeros =       0 /     128             (  0.00%) | total_pruned =     128 | shape = torch.Size([128])
1.7.1.7.1.7.1.7.1.5.weight | nonzeros =      75 /     128             ( 58.59%) | total_pruned =      53 | shape = torch.Size([128])
1.7.1.7.1.7.1.7.1.5.bias | nonzeros =       0 /     128             (  0.00%) | total_pruned =     128 | shape = torch.Size([128])
1.7.1.7.1.7.1.7.1.7.1.1.1.weight | nonzeros =  201656 /  409600             ( 49.23%) | total_pruned =  207944 | shape = torch.Size([128, 128, 5, 5])
1.7.1.7.1.7.1.7.1.7.1.1.1.bias | nonzeros =       0 /     128             (  0.00%) | total_pruned =     128 | shape = torch.Size([128])
1.7.1.7.1.7.1.7.1.7.1.2.weight | nonzeros =      85 /     128             ( 66.41%) | total_pruned =      43 | shape = torch.Size([128])
1.7.1.7.1.7.1.7.1.7.1.2.bias | nonzeros =       0 /     128             (  0.00%) | total_pruned =     128 | shape = torch.Size([128])
1.7.1.7.1.7.1.7.1.7.1.4.1.weight | nonzeros =  207061 /  409600             ( 50.55%) | total_pruned =  202539 | shape = torch.Size([128, 128, 5, 5])
1.7.1.7.1.7.1.7.1.7.1.4.1.bias | nonzeros =       0 /     128             (  0.00%) | total_pruned =     128 | shape = torch.Size([128])
1.7.1.7.1.7.1.7.1.7.1.5.weight | nonzeros =      61 /     128             ( 47.66%) | total_pruned =      67 | shape = torch.Size([128])
1.7.1.7.1.7.1.7.1.7.1.5.bias | nonzeros =       0 /     128             (  0.00%) | total_pruned =     128 | shape = torch.Size([128])
1.7.1.7.1.7.1.7.1.7.2.weight | nonzeros =      61 /     128             ( 47.66%) | total_pruned =      67 | shape = torch.Size([128])
1.7.1.7.1.7.1.7.1.7.2.bias | nonzeros =       0 /     128             (  0.00%) | total_pruned =     128 | shape = torch.Size([128])
1.7.1.7.1.7.1.7.1.7.3.1.weight | nonzeros =   77540 /  147456             ( 52.59%) | total_pruned =   69916 | shape = torch.Size([128, 128, 3, 3])
1.7.1.7.1.7.1.7.1.7.3.1.bias | nonzeros =       0 /     128             (  0.00%) | total_pruned =     128 | shape = torch.Size([128])
1.7.1.7.1.7.1.7.1.7.4.weight | nonzeros =      76 /     128             ( 59.38%) | total_pruned =      52 | shape = torch.Size([128])
1.7.1.7.1.7.1.7.1.7.4.bias | nonzeros =       0 /     128             (  0.00%) | total_pruned =     128 | shape = torch.Size([128])
1.7.1.7.1.7.1.7.2.weight | nonzeros =      75 /     128             ( 58.59%) | total_pruned =      53 | shape = torch.Size([128])
1.7.1.7.1.7.1.7.2.bias | nonzeros =       0 /     128             (  0.00%) | total_pruned =     128 | shape = torch.Size([128])
1.7.1.7.1.7.1.7.3.1.weight | nonzeros =   74500 /  147456             ( 50.52%) | total_pruned =   72956 | shape = torch.Size([128, 128, 3, 3])
1.7.1.7.1.7.1.7.3.1.bias | nonzeros =       0 /     128             (  0.00%) | total_pruned =     128 | shape = torch.Size([128])
1.7.1.7.1.7.1.7.4.weight | nonzeros =      86 /     128             ( 67.19%) | total_pruned =      42 | shape = torch.Size([128])
1.7.1.7.1.7.1.7.4.bias | nonzeros =       0 /     128             (  0.00%) | total_pruned =     128 | shape = torch.Size([128])
1.7.1.7.1.7.2.weight | nonzeros =      86 /     128             ( 67.19%) | total_pruned =      42 | shape = torch.Size([128])
1.7.1.7.1.7.2.bias   | nonzeros =       0 /     128             (  0.00%) | total_pruned =     128 | shape = torch.Size([128])
1.7.1.7.1.7.3.1.weight | nonzeros =   71867 /  147456             ( 48.74%) | total_pruned =   75589 | shape = torch.Size([128, 128, 3, 3])
1.7.1.7.1.7.3.1.bias | nonzeros =       0 /     128             (  0.00%) | total_pruned =     128 | shape = torch.Size([128])
1.7.1.7.1.7.4.weight | nonzeros =      89 /     128             ( 69.53%) | total_pruned =      39 | shape = torch.Size([128])
1.7.1.7.1.7.4.bias   | nonzeros =       0 /     128             (  0.00%) | total_pruned =     128 | shape = torch.Size([128])
1.7.1.7.2.weight     | nonzeros =      89 /     128             ( 69.53%) | total_pruned =      39 | shape = torch.Size([128])
1.7.1.7.2.bias       | nonzeros =       0 /     128             (  0.00%) | total_pruned =     128 | shape = torch.Size([128])
1.7.1.7.3.1.weight   | nonzeros =   36166 /   73728             ( 49.05%) | total_pruned =   37562 | shape = torch.Size([64, 128, 3, 3])
1.7.1.7.3.1.bias     | nonzeros =       0 /      64             (  0.00%) | total_pruned =      64 | shape = torch.Size([64])
1.7.1.7.4.weight     | nonzeros =      35 /      64             ( 54.69%) | total_pruned =      29 | shape = torch.Size([64])
1.7.1.7.4.bias       | nonzeros =       0 /      64             (  0.00%) | total_pruned =      64 | shape = torch.Size([64])
1.7.2.weight         | nonzeros =      35 /      64             ( 54.69%) | total_pruned =      29 | shape = torch.Size([64])
1.7.2.bias           | nonzeros =       0 /      64             (  0.00%) | total_pruned =      64 | shape = torch.Size([64])
1.7.3.1.weight       | nonzeros =    8768 /   18432             ( 47.57%) | total_pruned =    9664 | shape = torch.Size([32, 64, 3, 3])
1.7.3.1.bias         | nonzeros =       0 /      32             (  0.00%) | total_pruned =      32 | shape = torch.Size([32])
1.7.4.weight         | nonzeros =      19 /      32             ( 59.38%) | total_pruned =      13 | shape = torch.Size([32])
1.7.4.bias           | nonzeros =       0 /      32             (  0.00%) | total_pruned =      32 | shape = torch.Size([32])
2.weight             | nonzeros =      19 /      32             ( 59.38%) | total_pruned =      13 | shape = torch.Size([32])
2.bias               | nonzeros =       0 /      32             (  0.00%) | total_pruned =      32 | shape = torch.Size([32])
3.1.weight           | nonzeros =    2043 /    4608             ( 44.34%) | total_pruned =    2565 | shape = torch.Size([16, 32, 3, 3])
3.1.bias             | nonzeros =       0 /      16             (  0.00%) | total_pruned =      16 | shape = torch.Size([16])
4.weight             | nonzeros =      15 /      16             ( 93.75%) | total_pruned =       1 | shape = torch.Size([16])
4.bias               | nonzeros =       0 /      16             (  0.00%) | total_pruned =      16 | shape = torch.Size([16])
6.1.weight           | nonzeros =      30 /      48             ( 62.50%) | total_pruned =      18 | shape = torch.Size([3, 16, 1, 1])
6.1.bias             | nonzeros =       1 /       3             ( 33.33%) | total_pruned =       2 | shape = torch.Size([3])
alive: 1504433, pruned : 1504434, total: 3008867, Compression rate :       2.00x  ( 50.00% pruned)
torch.Size([1, 3, 256, 256]) torch.Size([1, 3, 256, 256])
Initial PSNR of output image is:  17.763687948638754
epoch:  0 loss:  0.008408579044044018 PSNR:  17.763687948638754
epoch:  1000 loss:  0.0015189105179160833 PSNR:  22.481710678815258
epoch:  2000 loss:  0.0006603774381801486 PSNR:  23.0697894549748
epoch:  3000 loss:  0.00045082985889166594 PSNR:  23.228439329209053
epoch:  4000 loss:  0.000346536748111248 PSNR:  23.084556507134273
epoch:  5000 loss:  0.0003270885208621621 PSNR:  23.134677585353177
epoch:  6000 loss:  0.0002575181133579463 PSNR:  23.08133366385008
epoch:  7000 loss:  0.0002202356408815831 PSNR:  22.968746500653378
epoch:  8000 loss:  0.00040310592157766223 PSNR:  22.716760104551387
epoch:  9000 loss:  0.00019408772641327232 PSNR:  22.85419112774495
epoch:  10000 loss:  0.000156227353727445 PSNR:  22.784845320312648
epoch:  11000 loss:  0.00016206060536205769 PSNR:  22.745887591157555
epoch:  12000 loss:  0.0003018658608198166 PSNR:  22.41051479870132
epoch:  13000 loss:  0.00016525477985851467 PSNR:  22.657714496326754
epoch:  14000 loss:  0.00012298746150918305 PSNR:  22.700529356899164
epoch:  15000 loss:  0.00014844100223854184 PSNR:  22.581605086617856
epoch:  16000 loss:  0.00019966931722592562 PSNR:  22.457051763221592
epoch:  17000 loss:  0.0001347059733234346 PSNR:  22.629487108264836
epoch:  18000 loss:  0.00014473104965873063 PSNR:  22.626606107171682
epoch:  19000 loss:  0.00011046824511140585 PSNR:  22.565244388842306
epoch:  20000 loss:  0.00013417695299722254 PSNR:  22.51561875787352
epoch:  21000 loss:  0.00014709433889947832 PSNR:  22.527313077208603
epoch:  22000 loss:  0.0001242765283677727 PSNR:  22.566092910154172
epoch:  23000 loss:  0.00013261157437227666 PSNR:  22.38210255768976
epoch:  24000 loss:  0.00021920357539784163 PSNR:  22.357723148037273
epoch:  25000 loss:  0.0001032162326737307 PSNR:  22.42606609966039
epoch:  26000 loss:  0.00011618094140430912 PSNR:  22.39727330276924
epoch:  27000 loss:  0.0001002910066745244 PSNR:  22.34140081001113
epoch:  28000 loss:  0.00013952789595350623 PSNR:  22.254098543552516
epoch:  29000 loss:  0.00011976611858699471 PSNR:  22.382523425224292
epoch:  30000 loss:  9.457992564421147e-05 PSNR:  22.35658311229688
epoch:  31000 loss:  9.329726890427992e-05 PSNR:  22.333718638329003
epoch:  32000 loss:  9.490417869528756e-05 PSNR:  22.368573028164885
epoch:  33000 loss:  7.670152990613133e-05 PSNR:  22.308849934010397
epoch:  34000 loss:  7.664827717235312e-05 PSNR:  22.333236840147975
epoch:  35000 loss:  8.015015919227153e-05 PSNR:  22.298978637390114
epoch:  36000 loss:  9.620307537261397e-05 PSNR:  22.312971527638975
epoch:  37000 loss:  8.009102020878345e-05 PSNR:  22.26605650151705
epoch:  38000 loss:  9.295032941736281e-05 PSNR:  22.25836584554007
epoch:  39000 loss:  0.00012022208829876035 PSNR:  22.13856692188152
PSNR of output image is:  22.138566615927342
(3, 256, 256) (1, 3, 256, 256)
Experiment done
