Processing image: foreman
(3, 256, 256)
(3, 256, 256)
Starting optimization with optimizer 'SAM'
Output directory where results stored: data/inpainting/Set14/mask/10/sparsity/0.5/det/0.8/1e-09
1.1.1.weight         | nonzeros =    8423 /   12800             ( 65.80%) | total_pruned =    4377 | shape = torch.Size([16, 32, 5, 5])
1.1.1.bias           | nonzeros =      16 /      16             (100.00%) | total_pruned =       0 | shape = torch.Size([16])
1.2.weight           | nonzeros =       8 /      16             ( 50.00%) | total_pruned =       8 | shape = torch.Size([16])
1.2.bias             | nonzeros =       0 /      16             (  0.00%) | total_pruned =      16 | shape = torch.Size([16])
1.4.1.weight         | nonzeros =    4340 /    6400             ( 67.81%) | total_pruned =    2060 | shape = torch.Size([16, 16, 5, 5])
1.4.1.bias           | nonzeros =      16 /      16             (100.00%) | total_pruned =       0 | shape = torch.Size([16])
1.5.weight           | nonzeros =       9 /      16             ( 56.25%) | total_pruned =       7 | shape = torch.Size([16])
1.5.bias             | nonzeros =       0 /      16             (  0.00%) | total_pruned =      16 | shape = torch.Size([16])
1.7.1.1.1.weight     | nonzeros =    8992 /   12800             ( 70.25%) | total_pruned =    3808 | shape = torch.Size([32, 16, 5, 5])
1.7.1.1.1.bias       | nonzeros =      32 /      32             (100.00%) | total_pruned =       0 | shape = torch.Size([32])
1.7.1.2.weight       | nonzeros =      21 /      32             ( 65.62%) | total_pruned =      11 | shape = torch.Size([32])
1.7.1.2.bias         | nonzeros =       0 /      32             (  0.00%) | total_pruned =      32 | shape = torch.Size([32])
1.7.1.4.1.weight     | nonzeros =   18234 /   25600             ( 71.23%) | total_pruned =    7366 | shape = torch.Size([32, 32, 5, 5])
1.7.1.4.1.bias       | nonzeros =      32 /      32             (100.00%) | total_pruned =       0 | shape = torch.Size([32])
1.7.1.5.weight       | nonzeros =      21 /      32             ( 65.62%) | total_pruned =      11 | shape = torch.Size([32])
1.7.1.5.bias         | nonzeros =       0 /      32             (  0.00%) | total_pruned =      32 | shape = torch.Size([32])
1.7.1.7.1.1.1.weight | nonzeros =   38389 /   51200             ( 74.98%) | total_pruned =   12811 | shape = torch.Size([64, 32, 5, 5])
1.7.1.7.1.1.1.bias   | nonzeros =      64 /      64             (100.00%) | total_pruned =       0 | shape = torch.Size([64])
1.7.1.7.1.2.weight   | nonzeros =      35 /      64             ( 54.69%) | total_pruned =      29 | shape = torch.Size([64])
1.7.1.7.1.2.bias     | nonzeros =       0 /      64             (  0.00%) | total_pruned =      64 | shape = torch.Size([64])
1.7.1.7.1.4.1.weight | nonzeros =   79403 /  102400             ( 77.54%) | total_pruned =   22997 | shape = torch.Size([64, 64, 5, 5])
1.7.1.7.1.4.1.bias   | nonzeros =      64 /      64             (100.00%) | total_pruned =       0 | shape = torch.Size([64])
1.7.1.7.1.5.weight   | nonzeros =      40 /      64             ( 62.50%) | total_pruned =      24 | shape = torch.Size([64])
1.7.1.7.1.5.bias     | nonzeros =       0 /      64             (  0.00%) | total_pruned =      64 | shape = torch.Size([64])
1.7.1.7.1.7.1.1.1.weight | nonzeros =  166080 /  204800             ( 81.09%) | total_pruned =   38720 | shape = torch.Size([128, 64, 5, 5])
1.7.1.7.1.7.1.1.1.bias | nonzeros =     128 /     128             (100.00%) | total_pruned =       0 | shape = torch.Size([128])
1.7.1.7.1.7.1.2.weight | nonzeros =      59 /     128             ( 46.09%) | total_pruned =      69 | shape = torch.Size([128])
1.7.1.7.1.7.1.2.bias | nonzeros =       0 /     128             (  0.00%) | total_pruned =     128 | shape = torch.Size([128])
1.7.1.7.1.7.1.4.1.weight | nonzeros =  351048 /  409600             ( 85.71%) | total_pruned =   58552 | shape = torch.Size([128, 128, 5, 5])
1.7.1.7.1.7.1.4.1.bias | nonzeros =     128 /     128             (100.00%) | total_pruned =       0 | shape = torch.Size([128])
1.7.1.7.1.7.1.5.weight | nonzeros =      49 /     128             ( 38.28%) | total_pruned =      79 | shape = torch.Size([128])
1.7.1.7.1.7.1.5.bias | nonzeros =       0 /     128             (  0.00%) | total_pruned =     128 | shape = torch.Size([128])
1.7.1.7.1.7.1.7.1.1.1.weight | nonzeros =  342655 /  409600             ( 83.66%) | total_pruned =   66945 | shape = torch.Size([128, 128, 5, 5])
1.7.1.7.1.7.1.7.1.1.1.bias | nonzeros =     128 /     128             (100.00%) | total_pruned =       0 | shape = torch.Size([128])
1.7.1.7.1.7.1.7.1.2.weight | nonzeros =      62 /     128             ( 48.44%) | total_pruned =      66 | shape = torch.Size([128])
1.7.1.7.1.7.1.7.1.2.bias | nonzeros =       0 /     128             (  0.00%) | total_pruned =     128 | shape = torch.Size([128])
1.7.1.7.1.7.1.7.1.4.1.weight | nonzeros =  336391 /  409600             ( 82.13%) | total_pruned =   73209 | shape = torch.Size([128, 128, 5, 5])
1.7.1.7.1.7.1.7.1.4.1.bias | nonzeros =     128 /     128             (100.00%) | total_pruned =       0 | shape = torch.Size([128])
1.7.1.7.1.7.1.7.1.5.weight | nonzeros =      72 /     128             ( 56.25%) | total_pruned =      56 | shape = torch.Size([128])
1.7.1.7.1.7.1.7.1.5.bias | nonzeros =       0 /     128             (  0.00%) | total_pruned =     128 | shape = torch.Size([128])
1.7.1.7.1.7.1.7.1.7.1.1.1.weight | nonzeros =  320993 /  409600             ( 78.37%) | total_pruned =   88607 | shape = torch.Size([128, 128, 5, 5])
1.7.1.7.1.7.1.7.1.7.1.1.1.bias | nonzeros =     128 /     128             (100.00%) | total_pruned =       0 | shape = torch.Size([128])
1.7.1.7.1.7.1.7.1.7.1.2.weight | nonzeros =      78 /     128             ( 60.94%) | total_pruned =      50 | shape = torch.Size([128])
1.7.1.7.1.7.1.7.1.7.1.2.bias | nonzeros =       0 /     128             (  0.00%) | total_pruned =     128 | shape = torch.Size([128])
1.7.1.7.1.7.1.7.1.7.1.4.1.weight | nonzeros =  321390 /  409600             ( 78.46%) | total_pruned =   88210 | shape = torch.Size([128, 128, 5, 5])
1.7.1.7.1.7.1.7.1.7.1.4.1.bias | nonzeros =     128 /     128             (100.00%) | total_pruned =       0 | shape = torch.Size([128])
1.7.1.7.1.7.1.7.1.7.1.5.weight | nonzeros =      79 /     128             ( 61.72%) | total_pruned =      49 | shape = torch.Size([128])
1.7.1.7.1.7.1.7.1.7.1.5.bias | nonzeros =       0 /     128             (  0.00%) | total_pruned =     128 | shape = torch.Size([128])
1.7.1.7.1.7.1.7.1.7.2.weight | nonzeros =      77 /     128             ( 60.16%) | total_pruned =      51 | shape = torch.Size([128])
1.7.1.7.1.7.1.7.1.7.2.bias | nonzeros =       0 /     128             (  0.00%) | total_pruned =     128 | shape = torch.Size([128])
1.7.1.7.1.7.1.7.1.7.3.1.weight | nonzeros =  107987 /  147456             ( 73.23%) | total_pruned =   39469 | shape = torch.Size([128, 128, 3, 3])
1.7.1.7.1.7.1.7.1.7.3.1.bias | nonzeros =     128 /     128             (100.00%) | total_pruned =       0 | shape = torch.Size([128])
1.7.1.7.1.7.1.7.1.7.4.weight | nonzeros =      85 /     128             ( 66.41%) | total_pruned =      43 | shape = torch.Size([128])
1.7.1.7.1.7.1.7.1.7.4.bias | nonzeros =       0 /     128             (  0.00%) | total_pruned =     128 | shape = torch.Size([128])
1.7.1.7.1.7.1.7.2.weight | nonzeros =      85 /     128             ( 66.41%) | total_pruned =      43 | shape = torch.Size([128])
1.7.1.7.1.7.1.7.2.bias | nonzeros =       0 /     128             (  0.00%) | total_pruned =     128 | shape = torch.Size([128])
1.7.1.7.1.7.1.7.3.1.weight | nonzeros =  112135 /  147456             ( 76.05%) | total_pruned =   35321 | shape = torch.Size([128, 128, 3, 3])
1.7.1.7.1.7.1.7.3.1.bias | nonzeros =     128 /     128             (100.00%) | total_pruned =       0 | shape = torch.Size([128])
1.7.1.7.1.7.1.7.4.weight | nonzeros =      66 /     128             ( 51.56%) | total_pruned =      62 | shape = torch.Size([128])
1.7.1.7.1.7.1.7.4.bias | nonzeros =       0 /     128             (  0.00%) | total_pruned =     128 | shape = torch.Size([128])
1.7.1.7.1.7.2.weight | nonzeros =      65 /     128             ( 50.78%) | total_pruned =      63 | shape = torch.Size([128])
1.7.1.7.1.7.2.bias   | nonzeros =       0 /     128             (  0.00%) | total_pruned =     128 | shape = torch.Size([128])
1.7.1.7.1.7.3.1.weight | nonzeros =  113679 /  147456             ( 77.09%) | total_pruned =   33777 | shape = torch.Size([128, 128, 3, 3])
1.7.1.7.1.7.3.1.bias | nonzeros =     128 /     128             (100.00%) | total_pruned =       0 | shape = torch.Size([128])
1.7.1.7.1.7.4.weight | nonzeros =      73 /     128             ( 57.03%) | total_pruned =      55 | shape = torch.Size([128])
1.7.1.7.1.7.4.bias   | nonzeros =       0 /     128             (  0.00%) | total_pruned =     128 | shape = torch.Size([128])
1.7.1.7.2.weight     | nonzeros =      72 /     128             ( 56.25%) | total_pruned =      56 | shape = torch.Size([128])
1.7.1.7.2.bias       | nonzeros =       0 /     128             (  0.00%) | total_pruned =     128 | shape = torch.Size([128])
1.7.1.7.3.1.weight   | nonzeros =   55920 /   73728             ( 75.85%) | total_pruned =   17808 | shape = torch.Size([64, 128, 3, 3])
1.7.1.7.3.1.bias     | nonzeros =      64 /      64             (100.00%) | total_pruned =       0 | shape = torch.Size([64])
1.7.1.7.4.weight     | nonzeros =      30 /      64             ( 46.88%) | total_pruned =      34 | shape = torch.Size([64])
1.7.1.7.4.bias       | nonzeros =       0 /      64             (  0.00%) | total_pruned =      64 | shape = torch.Size([64])
1.7.2.weight         | nonzeros =      29 /      64             ( 45.31%) | total_pruned =      35 | shape = torch.Size([64])
1.7.2.bias           | nonzeros =       0 /      64             (  0.00%) | total_pruned =      64 | shape = torch.Size([64])
1.7.3.1.weight       | nonzeros =   13630 /   18432             ( 73.95%) | total_pruned =    4802 | shape = torch.Size([32, 64, 3, 3])
1.7.3.1.bias         | nonzeros =      32 /      32             (100.00%) | total_pruned =       0 | shape = torch.Size([32])
1.7.4.weight         | nonzeros =      17 /      32             ( 53.12%) | total_pruned =      15 | shape = torch.Size([32])
1.7.4.bias           | nonzeros =       0 /      32             (  0.00%) | total_pruned =      32 | shape = torch.Size([32])
2.weight             | nonzeros =      17 /      32             ( 53.12%) | total_pruned =      15 | shape = torch.Size([32])
2.bias               | nonzeros =       0 /      32             (  0.00%) | total_pruned =      32 | shape = torch.Size([32])
3.1.weight           | nonzeros =    2632 /    4608             ( 57.12%) | total_pruned =    1976 | shape = torch.Size([16, 32, 3, 3])
3.1.bias             | nonzeros =      16 /      16             (100.00%) | total_pruned =       0 | shape = torch.Size([16])
4.weight             | nonzeros =      16 /      16             (100.00%) | total_pruned =       0 | shape = torch.Size([16])
4.bias               | nonzeros =       0 /      16             (  0.00%) | total_pruned =      16 | shape = torch.Size([16])
6.1.weight           | nonzeros =      23 /      48             ( 47.92%) | total_pruned =      25 | shape = torch.Size([3, 16, 1, 1])
6.1.bias             | nonzeros =       0 /       3             (  0.00%) | total_pruned =       3 | shape = torch.Size([3])
alive: 2404997, pruned : 603870, total: 3008867, Compression rate :       1.25x  ( 20.07% pruned)
torch.Size([1, 3, 256, 256]) torch.Size([1, 3, 256, 256])
Initial PSNR of output image is:  15.567589397388756
epoch:  0 loss:  0.024972250685095787 PSNR:  15.567589397388756
epoch:  1000 loss:  0.001204041764140129 PSNR:  28.67160467177144
epoch:  2000 loss:  0.0006028300267644227 PSNR:  31.556907742339316
epoch:  3000 loss:  0.00048753235023468733 PSNR:  32.411971332789086
epoch:  4000 loss:  0.00026918805087916553 PSNR:  34.78231768865171
epoch:  5000 loss:  0.00021343849948607385 PSNR:  35.643371265155
epoch:  6000 loss:  0.0002444989513605833 PSNR:  35.12934124725068
epoch:  7000 loss:  0.00016483005310874432 PSNR:  36.55429567910775
epoch:  8000 loss:  0.00020218509598635137 PSNR:  35.78999006245273
epoch:  9000 loss:  0.0001538524084025994 PSNR:  36.77985934204748
epoch:  10000 loss:  0.00014820179785601795 PSNR:  36.92793400751911
epoch:  11000 loss:  0.0001347708166576922 PSNR:  37.222220051756175
epoch:  12000 loss:  0.00016441792831756175 PSNR:  36.55148970850813
epoch:  13000 loss:  0.0001227855682373047 PSNR:  37.56151676660488
epoch:  14000 loss:  0.0001299922587350011 PSNR:  37.36745060542602
epoch:  15000 loss:  0.00012324760609772056 PSNR:  37.5002803171727
epoch:  16000 loss:  0.0001079654466593638 PSNR:  37.94512817287013
epoch:  17000 loss:  0.00010667591413948685 PSNR:  37.979582549225405
epoch:  18000 loss:  9.004666935652494e-05 PSNR:  38.492117673654334
epoch:  19000 loss:  0.0001319421862717718 PSNR:  37.25610039185351
epoch:  20000 loss:  8.89814255060628e-05 PSNR:  38.53471531051475
epoch:  21000 loss:  8.525646990165114e-05 PSNR:  38.64880537286281
epoch:  22000 loss:  8.855558553477749e-05 PSNR:  38.54874100099134
epoch:  23000 loss:  8.200488809961826e-05 PSNR:  38.76717634643001
epoch:  24000 loss:  9.227391274180263e-05 PSNR:  38.431650347712704
epoch:  25000 loss:  8.263417839771137e-05 PSNR:  38.75093754064274
epoch:  26000 loss:  8.118352707242593e-05 PSNR:  38.794284247064496
epoch:  27000 loss:  7.971578452270478e-05 PSNR:  38.80831740577226
epoch:  28000 loss:  7.942524098325521e-05 PSNR:  38.847131301699164
epoch:  29000 loss:  9.103683987632394e-05 PSNR:  38.41458597849376
epoch:  30000 loss:  8.40097782202065e-05 PSNR:  38.69364084835416
epoch:  31000 loss:  7.413332059513777e-05 PSNR:  39.05007461290636
epoch:  32000 loss:  9.166634117718786e-05 PSNR:  38.435883064599
epoch:  33000 loss:  7.465045928256586e-05 PSNR:  38.989594856894996
epoch:  34000 loss:  8.586397598264739e-05 PSNR:  38.598691081870676
epoch:  35000 loss:  7.757564162602648e-05 PSNR:  38.8706275304119
epoch:  36000 loss:  0.00011152578372275457 PSNR:  37.75496287087687
epoch:  37000 loss:  0.00011697613808792084 PSNR:  37.6662685824616
epoch:  38000 loss:  7.75003427406773e-05 PSNR:  38.84728129242039
epoch:  39000 loss:  7.013183494564146e-05 PSNR:  39.149350945928695
PSNR of output image is:  39.14935078555526
(3, 256, 256) (1, 3, 256, 256)
Experiment done
Processing image: foreman
(3, 256, 256)
(3, 256, 256)
Starting optimization with optimizer 'SAM'
Output directory where results stored: data/inpainting/Set14/mask/10/sparsity/0.5/det/0.8/1e-09
1.1.1.weight         | nonzeros =    8423 /   12800             ( 65.80%) | total_pruned =    4377 | shape = torch.Size([16, 32, 5, 5])
1.1.1.bias           | nonzeros =      16 /      16             (100.00%) | total_pruned =       0 | shape = torch.Size([16])
1.2.weight           | nonzeros =       8 /      16             ( 50.00%) | total_pruned =       8 | shape = torch.Size([16])
1.2.bias             | nonzeros =       0 /      16             (  0.00%) | total_pruned =      16 | shape = torch.Size([16])
1.4.1.weight         | nonzeros =    4340 /    6400             ( 67.81%) | total_pruned =    2060 | shape = torch.Size([16, 16, 5, 5])
1.4.1.bias           | nonzeros =      16 /      16             (100.00%) | total_pruned =       0 | shape = torch.Size([16])
1.5.weight           | nonzeros =       9 /      16             ( 56.25%) | total_pruned =       7 | shape = torch.Size([16])
1.5.bias             | nonzeros =       0 /      16             (  0.00%) | total_pruned =      16 | shape = torch.Size([16])
1.7.1.1.1.weight     | nonzeros =    8992 /   12800             ( 70.25%) | total_pruned =    3808 | shape = torch.Size([32, 16, 5, 5])
1.7.1.1.1.bias       | nonzeros =      32 /      32             (100.00%) | total_pruned =       0 | shape = torch.Size([32])
1.7.1.2.weight       | nonzeros =      21 /      32             ( 65.62%) | total_pruned =      11 | shape = torch.Size([32])
1.7.1.2.bias         | nonzeros =       0 /      32             (  0.00%) | total_pruned =      32 | shape = torch.Size([32])
1.7.1.4.1.weight     | nonzeros =   18234 /   25600             ( 71.23%) | total_pruned =    7366 | shape = torch.Size([32, 32, 5, 5])
1.7.1.4.1.bias       | nonzeros =      32 /      32             (100.00%) | total_pruned =       0 | shape = torch.Size([32])
1.7.1.5.weight       | nonzeros =      21 /      32             ( 65.62%) | total_pruned =      11 | shape = torch.Size([32])
1.7.1.5.bias         | nonzeros =       0 /      32             (  0.00%) | total_pruned =      32 | shape = torch.Size([32])
1.7.1.7.1.1.1.weight | nonzeros =   38389 /   51200             ( 74.98%) | total_pruned =   12811 | shape = torch.Size([64, 32, 5, 5])
1.7.1.7.1.1.1.bias   | nonzeros =      64 /      64             (100.00%) | total_pruned =       0 | shape = torch.Size([64])
1.7.1.7.1.2.weight   | nonzeros =      35 /      64             ( 54.69%) | total_pruned =      29 | shape = torch.Size([64])
1.7.1.7.1.2.bias     | nonzeros =       0 /      64             (  0.00%) | total_pruned =      64 | shape = torch.Size([64])
1.7.1.7.1.4.1.weight | nonzeros =   79403 /  102400             ( 77.54%) | total_pruned =   22997 | shape = torch.Size([64, 64, 5, 5])
1.7.1.7.1.4.1.bias   | nonzeros =      64 /      64             (100.00%) | total_pruned =       0 | shape = torch.Size([64])
1.7.1.7.1.5.weight   | nonzeros =      40 /      64             ( 62.50%) | total_pruned =      24 | shape = torch.Size([64])
1.7.1.7.1.5.bias     | nonzeros =       0 /      64             (  0.00%) | total_pruned =      64 | shape = torch.Size([64])
1.7.1.7.1.7.1.1.1.weight | nonzeros =  166080 /  204800             ( 81.09%) | total_pruned =   38720 | shape = torch.Size([128, 64, 5, 5])
1.7.1.7.1.7.1.1.1.bias | nonzeros =     128 /     128             (100.00%) | total_pruned =       0 | shape = torch.Size([128])
1.7.1.7.1.7.1.2.weight | nonzeros =      59 /     128             ( 46.09%) | total_pruned =      69 | shape = torch.Size([128])
1.7.1.7.1.7.1.2.bias | nonzeros =       0 /     128             (  0.00%) | total_pruned =     128 | shape = torch.Size([128])
1.7.1.7.1.7.1.4.1.weight | nonzeros =  351048 /  409600             ( 85.71%) | total_pruned =   58552 | shape = torch.Size([128, 128, 5, 5])
1.7.1.7.1.7.1.4.1.bias | nonzeros =     128 /     128             (100.00%) | total_pruned =       0 | shape = torch.Size([128])
1.7.1.7.1.7.1.5.weight | nonzeros =      49 /     128             ( 38.28%) | total_pruned =      79 | shape = torch.Size([128])
1.7.1.7.1.7.1.5.bias | nonzeros =       0 /     128             (  0.00%) | total_pruned =     128 | shape = torch.Size([128])
1.7.1.7.1.7.1.7.1.1.1.weight | nonzeros =  342655 /  409600             ( 83.66%) | total_pruned =   66945 | shape = torch.Size([128, 128, 5, 5])
1.7.1.7.1.7.1.7.1.1.1.bias | nonzeros =     128 /     128             (100.00%) | total_pruned =       0 | shape = torch.Size([128])
1.7.1.7.1.7.1.7.1.2.weight | nonzeros =      62 /     128             ( 48.44%) | total_pruned =      66 | shape = torch.Size([128])
1.7.1.7.1.7.1.7.1.2.bias | nonzeros =       0 /     128             (  0.00%) | total_pruned =     128 | shape = torch.Size([128])
1.7.1.7.1.7.1.7.1.4.1.weight | nonzeros =  336391 /  409600             ( 82.13%) | total_pruned =   73209 | shape = torch.Size([128, 128, 5, 5])
1.7.1.7.1.7.1.7.1.4.1.bias | nonzeros =     128 /     128             (100.00%) | total_pruned =       0 | shape = torch.Size([128])
1.7.1.7.1.7.1.7.1.5.weight | nonzeros =      72 /     128             ( 56.25%) | total_pruned =      56 | shape = torch.Size([128])
1.7.1.7.1.7.1.7.1.5.bias | nonzeros =       0 /     128             (  0.00%) | total_pruned =     128 | shape = torch.Size([128])
1.7.1.7.1.7.1.7.1.7.1.1.1.weight | nonzeros =  320993 /  409600             ( 78.37%) | total_pruned =   88607 | shape = torch.Size([128, 128, 5, 5])
1.7.1.7.1.7.1.7.1.7.1.1.1.bias | nonzeros =     128 /     128             (100.00%) | total_pruned =       0 | shape = torch.Size([128])
1.7.1.7.1.7.1.7.1.7.1.2.weight | nonzeros =      78 /     128             ( 60.94%) | total_pruned =      50 | shape = torch.Size([128])
1.7.1.7.1.7.1.7.1.7.1.2.bias | nonzeros =       0 /     128             (  0.00%) | total_pruned =     128 | shape = torch.Size([128])
1.7.1.7.1.7.1.7.1.7.1.4.1.weight | nonzeros =  321390 /  409600             ( 78.46%) | total_pruned =   88210 | shape = torch.Size([128, 128, 5, 5])
1.7.1.7.1.7.1.7.1.7.1.4.1.bias | nonzeros =     128 /     128             (100.00%) | total_pruned =       0 | shape = torch.Size([128])
1.7.1.7.1.7.1.7.1.7.1.5.weight | nonzeros =      79 /     128             ( 61.72%) | total_pruned =      49 | shape = torch.Size([128])
1.7.1.7.1.7.1.7.1.7.1.5.bias | nonzeros =       0 /     128             (  0.00%) | total_pruned =     128 | shape = torch.Size([128])
1.7.1.7.1.7.1.7.1.7.2.weight | nonzeros =      77 /     128             ( 60.16%) | total_pruned =      51 | shape = torch.Size([128])
1.7.1.7.1.7.1.7.1.7.2.bias | nonzeros =       0 /     128             (  0.00%) | total_pruned =     128 | shape = torch.Size([128])
1.7.1.7.1.7.1.7.1.7.3.1.weight | nonzeros =  107987 /  147456             ( 73.23%) | total_pruned =   39469 | shape = torch.Size([128, 128, 3, 3])
1.7.1.7.1.7.1.7.1.7.3.1.bias | nonzeros =     128 /     128             (100.00%) | total_pruned =       0 | shape = torch.Size([128])
1.7.1.7.1.7.1.7.1.7.4.weight | nonzeros =      85 /     128             ( 66.41%) | total_pruned =      43 | shape = torch.Size([128])
1.7.1.7.1.7.1.7.1.7.4.bias | nonzeros =       0 /     128             (  0.00%) | total_pruned =     128 | shape = torch.Size([128])
1.7.1.7.1.7.1.7.2.weight | nonzeros =      85 /     128             ( 66.41%) | total_pruned =      43 | shape = torch.Size([128])
1.7.1.7.1.7.1.7.2.bias | nonzeros =       0 /     128             (  0.00%) | total_pruned =     128 | shape = torch.Size([128])
1.7.1.7.1.7.1.7.3.1.weight | nonzeros =  112135 /  147456             ( 76.05%) | total_pruned =   35321 | shape = torch.Size([128, 128, 3, 3])
1.7.1.7.1.7.1.7.3.1.bias | nonzeros =     128 /     128             (100.00%) | total_pruned =       0 | shape = torch.Size([128])
1.7.1.7.1.7.1.7.4.weight | nonzeros =      66 /     128             ( 51.56%) | total_pruned =      62 | shape = torch.Size([128])
1.7.1.7.1.7.1.7.4.bias | nonzeros =       0 /     128             (  0.00%) | total_pruned =     128 | shape = torch.Size([128])
1.7.1.7.1.7.2.weight | nonzeros =      65 /     128             ( 50.78%) | total_pruned =      63 | shape = torch.Size([128])
1.7.1.7.1.7.2.bias   | nonzeros =       0 /     128             (  0.00%) | total_pruned =     128 | shape = torch.Size([128])
1.7.1.7.1.7.3.1.weight | nonzeros =  113679 /  147456             ( 77.09%) | total_pruned =   33777 | shape = torch.Size([128, 128, 3, 3])
1.7.1.7.1.7.3.1.bias | nonzeros =     128 /     128             (100.00%) | total_pruned =       0 | shape = torch.Size([128])
1.7.1.7.1.7.4.weight | nonzeros =      73 /     128             ( 57.03%) | total_pruned =      55 | shape = torch.Size([128])
1.7.1.7.1.7.4.bias   | nonzeros =       0 /     128             (  0.00%) | total_pruned =     128 | shape = torch.Size([128])
1.7.1.7.2.weight     | nonzeros =      72 /     128             ( 56.25%) | total_pruned =      56 | shape = torch.Size([128])
1.7.1.7.2.bias       | nonzeros =       0 /     128             (  0.00%) | total_pruned =     128 | shape = torch.Size([128])
1.7.1.7.3.1.weight   | nonzeros =   55920 /   73728             ( 75.85%) | total_pruned =   17808 | shape = torch.Size([64, 128, 3, 3])
1.7.1.7.3.1.bias     | nonzeros =      64 /      64             (100.00%) | total_pruned =       0 | shape = torch.Size([64])
1.7.1.7.4.weight     | nonzeros =      30 /      64             ( 46.88%) | total_pruned =      34 | shape = torch.Size([64])
1.7.1.7.4.bias       | nonzeros =       0 /      64             (  0.00%) | total_pruned =      64 | shape = torch.Size([64])
1.7.2.weight         | nonzeros =      29 /      64             ( 45.31%) | total_pruned =      35 | shape = torch.Size([64])
1.7.2.bias           | nonzeros =       0 /      64             (  0.00%) | total_pruned =      64 | shape = torch.Size([64])
1.7.3.1.weight       | nonzeros =   13630 /   18432             ( 73.95%) | total_pruned =    4802 | shape = torch.Size([32, 64, 3, 3])
1.7.3.1.bias         | nonzeros =      32 /      32             (100.00%) | total_pruned =       0 | shape = torch.Size([32])
1.7.4.weight         | nonzeros =      17 /      32             ( 53.12%) | total_pruned =      15 | shape = torch.Size([32])
1.7.4.bias           | nonzeros =       0 /      32             (  0.00%) | total_pruned =      32 | shape = torch.Size([32])
2.weight             | nonzeros =      17 /      32             ( 53.12%) | total_pruned =      15 | shape = torch.Size([32])
2.bias               | nonzeros =       0 /      32             (  0.00%) | total_pruned =      32 | shape = torch.Size([32])
3.1.weight           | nonzeros =    2632 /    4608             ( 57.12%) | total_pruned =    1976 | shape = torch.Size([16, 32, 3, 3])
3.1.bias             | nonzeros =      16 /      16             (100.00%) | total_pruned =       0 | shape = torch.Size([16])
4.weight             | nonzeros =      16 /      16             (100.00%) | total_pruned =       0 | shape = torch.Size([16])
4.bias               | nonzeros =       0 /      16             (  0.00%) | total_pruned =      16 | shape = torch.Size([16])
6.1.weight           | nonzeros =      23 /      48             ( 47.92%) | total_pruned =      25 | shape = torch.Size([3, 16, 1, 1])
6.1.bias             | nonzeros =       0 /       3             (  0.00%) | total_pruned =       3 | shape = torch.Size([3])
alive: 2404997, pruned : 603870, total: 3008867, Compression rate :       1.25x  ( 20.07% pruned)
torch.Size([1, 3, 256, 256]) torch.Size([1, 3, 256, 256])
Initial PSNR of output image is:  15.567588421077712
epoch:  0 loss:  0.013971216976642609 PSNR:  15.567588421077712
epoch:  1000 loss:  0.0004359578888397664 PSNR:  29.494277479301157
epoch:  2000 loss:  0.00021133320115040988 PSNR:  31.291641544842825
epoch:  3000 loss:  0.00017327305977232754 PSNR:  31.407021570787258
epoch:  4000 loss:  0.00013715471141040325 PSNR:  31.571379082204515
epoch:  5000 loss:  0.0001117504871217534 PSNR:  31.66188016383497
epoch:  6000 loss:  8.529260958312079e-05 PSNR:  31.920397233962248
epoch:  7000 loss:  6.960307655390352e-05 PSNR:  31.986216493224426
epoch:  8000 loss:  6.439749267883599e-05 PSNR:  31.82199638782164
epoch:  9000 loss:  4.4226668251212686e-05 PSNR:  31.891456054245715
epoch:  10000 loss:  5.495484219864011e-05 PSNR:  31.754973983304883
epoch:  11000 loss:  4.035646270494908e-05 PSNR:  31.814654827437362
epoch:  12000 loss:  6.562005000887439e-05 PSNR:  31.604582239200152
epoch:  13000 loss:  4.286050534574315e-05 PSNR:  31.76565741298516
epoch:  14000 loss:  3.338058013468981e-05 PSNR:  31.685267401945225
epoch:  15000 loss:  3.5628454497782513e-05 PSNR:  31.65670925732369
epoch:  16000 loss:  7.036923489067703e-05 PSNR:  31.02932867060703
epoch:  17000 loss:  3.9113801904022694e-05 PSNR:  31.4186324776491
epoch:  18000 loss:  2.9942118999315426e-05 PSNR:  31.513752541284493
epoch:  19000 loss:  2.9282678951858543e-05 PSNR:  31.52712159770565
epoch:  20000 loss:  3.2326810469385237e-05 PSNR:  31.45874868808675
epoch:  21000 loss:  5.023957783123478e-05 PSNR:  31.2245027035123
epoch:  22000 loss:  2.56601779256016e-05 PSNR:  31.38329502714004
epoch:  23000 loss:  3.682400711113587e-05 PSNR:  31.288548569028922
epoch:  24000 loss:  2.9343224014155567e-05 PSNR:  31.32266518316414
epoch:  25000 loss:  2.51721176027786e-05 PSNR:  31.28451412638245
epoch:  26000 loss:  2.2431100660469383e-05 PSNR:  31.27824682069562
epoch:  27000 loss:  2.811858939821832e-05 PSNR:  31.286609472794527
epoch:  28000 loss:  2.2842785256216303e-05 PSNR:  31.246006962500864
epoch:  29000 loss:  2.255526305816602e-05 PSNR:  31.191443990292022
epoch:  30000 loss:  2.7692578441929072e-05 PSNR:  31.11708052709624
epoch:  31000 loss:  2.135375325451605e-05 PSNR:  31.14101443309009
epoch:  32000 loss:  2.0150484488112852e-05 PSNR:  31.117573326928998
epoch:  33000 loss:  2.7640291591524146e-05 PSNR:  31.152015548041913
epoch:  34000 loss:  2.4365639546886086e-05 PSNR:  31.032835272024922
epoch:  35000 loss:  2.0273246263968758e-05 PSNR:  31.12089712365828
epoch:  36000 loss:  2.1891348296776414e-05 PSNR:  31.000259534737147
epoch:  37000 loss:  2.8792235752916895e-05 PSNR:  31.078418948073026
epoch:  38000 loss:  2.1204588847467676e-05 PSNR:  30.985691291881174
epoch:  39000 loss:  2.3557873646495864e-05 PSNR:  30.99356448982094
PSNR of output image is:  30.993564773199473
(3, 256, 256) (1, 3, 256, 256)
Experiment done
