Noisy PSNR is '7.291443595775791'
Starting optimization with optimizer 'SAM'
Output directory where image taken from: data/denoising/Set14/mask/3/sparsity/det/0.05/1e-09
Output directory where results stored: data/denoising/Set14/mask/3/sparsity/det/0.05/1e-09/out_sparsenet_deninp/0.1
1.1.1.weight         | nonzeros =    1008 /   12800             (  7.88%) | total_pruned =   11792 | shape = torch.Size([16, 32, 5, 5])
1.1.1.bias           | nonzeros =       0 /      16             (  0.00%) | total_pruned =      16 | shape = torch.Size([16])
1.2.weight           | nonzeros =      10 /      16             ( 62.50%) | total_pruned =       6 | shape = torch.Size([16])
1.2.bias             | nonzeros =       0 /      16             (  0.00%) | total_pruned =      16 | shape = torch.Size([16])
1.4.1.weight         | nonzeros =     210 /    6400             (  3.28%) | total_pruned =    6190 | shape = torch.Size([16, 16, 5, 5])
1.4.1.bias           | nonzeros =       0 /      16             (  0.00%) | total_pruned =      16 | shape = torch.Size([16])
1.5.weight           | nonzeros =       6 /      16             ( 37.50%) | total_pruned =      10 | shape = torch.Size([16])
1.5.bias             | nonzeros =       0 /      16             (  0.00%) | total_pruned =      16 | shape = torch.Size([16])
1.7.1.1.1.weight     | nonzeros =     248 /   12800             (  1.94%) | total_pruned =   12552 | shape = torch.Size([32, 16, 5, 5])
1.7.1.1.1.bias       | nonzeros =       0 /      32             (  0.00%) | total_pruned =      32 | shape = torch.Size([32])
1.7.1.2.weight       | nonzeros =      10 /      32             ( 31.25%) | total_pruned =      22 | shape = torch.Size([32])
1.7.1.2.bias         | nonzeros =       0 /      32             (  0.00%) | total_pruned =      32 | shape = torch.Size([32])
1.7.1.4.1.weight     | nonzeros =     318 /   25600             (  1.24%) | total_pruned =   25282 | shape = torch.Size([32, 32, 5, 5])
1.7.1.4.1.bias       | nonzeros =       0 /      32             (  0.00%) | total_pruned =      32 | shape = torch.Size([32])
1.7.1.5.weight       | nonzeros =      12 /      32             ( 37.50%) | total_pruned =      20 | shape = torch.Size([32])
1.7.1.5.bias         | nonzeros =       0 /      32             (  0.00%) | total_pruned =      32 | shape = torch.Size([32])
1.7.1.7.1.1.1.weight | nonzeros =     568 /   51200             (  1.11%) | total_pruned =   50632 | shape = torch.Size([64, 32, 5, 5])
1.7.1.7.1.1.1.bias   | nonzeros =       0 /      64             (  0.00%) | total_pruned =      64 | shape = torch.Size([64])
1.7.1.7.1.2.weight   | nonzeros =      21 /      64             ( 32.81%) | total_pruned =      43 | shape = torch.Size([64])
1.7.1.7.1.2.bias     | nonzeros =       0 /      64             (  0.00%) | total_pruned =      64 | shape = torch.Size([64])
1.7.1.7.1.4.1.weight | nonzeros =     863 /  102400             (  0.84%) | total_pruned =  101537 | shape = torch.Size([64, 64, 5, 5])
1.7.1.7.1.4.1.bias   | nonzeros =       0 /      64             (  0.00%) | total_pruned =      64 | shape = torch.Size([64])
1.7.1.7.1.5.weight   | nonzeros =      18 /      64             ( 28.12%) | total_pruned =      46 | shape = torch.Size([64])
1.7.1.7.1.5.bias     | nonzeros =       0 /      64             (  0.00%) | total_pruned =      64 | shape = torch.Size([64])
1.7.1.7.1.7.1.1.1.weight | nonzeros =    1401 /  204800             (  0.68%) | total_pruned =  203399 | shape = torch.Size([128, 64, 5, 5])
1.7.1.7.1.7.1.1.1.bias | nonzeros =       0 /     128             (  0.00%) | total_pruned =     128 | shape = torch.Size([128])
1.7.1.7.1.7.1.2.weight | nonzeros =      30 /     128             ( 23.44%) | total_pruned =      98 | shape = torch.Size([128])
1.7.1.7.1.7.1.2.bias | nonzeros =       0 /     128             (  0.00%) | total_pruned =     128 | shape = torch.Size([128])
1.7.1.7.1.7.1.4.1.weight | nonzeros =    1991 /  409600             (  0.49%) | total_pruned =  407609 | shape = torch.Size([128, 128, 5, 5])
1.7.1.7.1.7.1.4.1.bias | nonzeros =       0 /     128             (  0.00%) | total_pruned =     128 | shape = torch.Size([128])
1.7.1.7.1.7.1.5.weight | nonzeros =      24 /     128             ( 18.75%) | total_pruned =     104 | shape = torch.Size([128])
1.7.1.7.1.7.1.5.bias | nonzeros =       0 /     128             (  0.00%) | total_pruned =     128 | shape = torch.Size([128])
1.7.1.7.1.7.1.7.1.1.1.weight | nonzeros =    5064 /  409600             (  1.24%) | total_pruned =  404536 | shape = torch.Size([128, 128, 5, 5])
1.7.1.7.1.7.1.7.1.1.1.bias | nonzeros =       0 /     128             (  0.00%) | total_pruned =     128 | shape = torch.Size([128])
1.7.1.7.1.7.1.7.1.2.weight | nonzeros =      49 /     128             ( 38.28%) | total_pruned =      79 | shape = torch.Size([128])
1.7.1.7.1.7.1.7.1.2.bias | nonzeros =       0 /     128             (  0.00%) | total_pruned =     128 | shape = torch.Size([128])
1.7.1.7.1.7.1.7.1.4.1.weight | nonzeros =   11410 /  409600             (  2.79%) | total_pruned =  398190 | shape = torch.Size([128, 128, 5, 5])
1.7.1.7.1.7.1.7.1.4.1.bias | nonzeros =       0 /     128             (  0.00%) | total_pruned =     128 | shape = torch.Size([128])
1.7.1.7.1.7.1.7.1.5.weight | nonzeros =      71 /     128             ( 55.47%) | total_pruned =      57 | shape = torch.Size([128])
1.7.1.7.1.7.1.7.1.5.bias | nonzeros =       0 /     128             (  0.00%) | total_pruned =     128 | shape = torch.Size([128])
1.7.1.7.1.7.1.7.1.7.1.1.1.weight | nonzeros =   21011 /  409600             (  5.13%) | total_pruned =  388589 | shape = torch.Size([128, 128, 5, 5])
1.7.1.7.1.7.1.7.1.7.1.1.1.bias | nonzeros =       0 /     128             (  0.00%) | total_pruned =     128 | shape = torch.Size([128])
1.7.1.7.1.7.1.7.1.7.1.2.weight | nonzeros =      71 /     128             ( 55.47%) | total_pruned =      57 | shape = torch.Size([128])
1.7.1.7.1.7.1.7.1.7.1.2.bias | nonzeros =       0 /     128             (  0.00%) | total_pruned =     128 | shape = torch.Size([128])
1.7.1.7.1.7.1.7.1.7.1.4.1.weight | nonzeros =   18750 /  409600             (  4.58%) | total_pruned =  390850 | shape = torch.Size([128, 128, 5, 5])
1.7.1.7.1.7.1.7.1.7.1.4.1.bias | nonzeros =       0 /     128             (  0.00%) | total_pruned =     128 | shape = torch.Size([128])
1.7.1.7.1.7.1.7.1.7.1.5.weight | nonzeros =      70 /     128             ( 54.69%) | total_pruned =      58 | shape = torch.Size([128])
1.7.1.7.1.7.1.7.1.7.1.5.bias | nonzeros =       0 /     128             (  0.00%) | total_pruned =     128 | shape = torch.Size([128])
1.7.1.7.1.7.1.7.1.7.2.weight | nonzeros =      70 /     128             ( 54.69%) | total_pruned =      58 | shape = torch.Size([128])
1.7.1.7.1.7.1.7.1.7.2.bias | nonzeros =       0 /     128             (  0.00%) | total_pruned =     128 | shape = torch.Size([128])
1.7.1.7.1.7.1.7.1.7.3.1.weight | nonzeros =   20285 /  147456             ( 13.76%) | total_pruned =  127171 | shape = torch.Size([128, 128, 3, 3])
1.7.1.7.1.7.1.7.1.7.3.1.bias | nonzeros =       0 /     128             (  0.00%) | total_pruned =     128 | shape = torch.Size([128])
1.7.1.7.1.7.1.7.1.7.4.weight | nonzeros =      81 /     128             ( 63.28%) | total_pruned =      47 | shape = torch.Size([128])
1.7.1.7.1.7.1.7.1.7.4.bias | nonzeros =       0 /     128             (  0.00%) | total_pruned =     128 | shape = torch.Size([128])
1.7.1.7.1.7.1.7.2.weight | nonzeros =      81 /     128             ( 63.28%) | total_pruned =      47 | shape = torch.Size([128])
1.7.1.7.1.7.1.7.2.bias | nonzeros =       0 /     128             (  0.00%) | total_pruned =     128 | shape = torch.Size([128])
1.7.1.7.1.7.1.7.3.1.weight | nonzeros =   24979 /  147456             ( 16.94%) | total_pruned =  122477 | shape = torch.Size([128, 128, 3, 3])
1.7.1.7.1.7.1.7.3.1.bias | nonzeros =       0 /     128             (  0.00%) | total_pruned =     128 | shape = torch.Size([128])
1.7.1.7.1.7.1.7.4.weight | nonzeros =      78 /     128             ( 60.94%) | total_pruned =      50 | shape = torch.Size([128])
1.7.1.7.1.7.1.7.4.bias | nonzeros =       0 /     128             (  0.00%) | total_pruned =     128 | shape = torch.Size([128])
1.7.1.7.1.7.2.weight | nonzeros =      78 /     128             ( 60.94%) | total_pruned =      50 | shape = torch.Size([128])
1.7.1.7.1.7.2.bias   | nonzeros =       0 /     128             (  0.00%) | total_pruned =     128 | shape = torch.Size([128])
1.7.1.7.1.7.3.1.weight | nonzeros =   24189 /  147456             ( 16.40%) | total_pruned =  123267 | shape = torch.Size([128, 128, 3, 3])
1.7.1.7.1.7.3.1.bias | nonzeros =       0 /     128             (  0.00%) | total_pruned =     128 | shape = torch.Size([128])
1.7.1.7.1.7.4.weight | nonzeros =      79 /     128             ( 61.72%) | total_pruned =      49 | shape = torch.Size([128])
1.7.1.7.1.7.4.bias   | nonzeros =       0 /     128             (  0.00%) | total_pruned =     128 | shape = torch.Size([128])
1.7.1.7.2.weight     | nonzeros =      79 /     128             ( 61.72%) | total_pruned =      49 | shape = torch.Size([128])
1.7.1.7.2.bias       | nonzeros =       0 /     128             (  0.00%) | total_pruned =     128 | shape = torch.Size([128])
1.7.1.7.3.1.weight   | nonzeros =   13363 /   73728             ( 18.12%) | total_pruned =   60365 | shape = torch.Size([64, 128, 3, 3])
1.7.1.7.3.1.bias     | nonzeros =       0 /      64             (  0.00%) | total_pruned =      64 | shape = torch.Size([64])
1.7.1.7.4.weight     | nonzeros =      42 /      64             ( 65.62%) | total_pruned =      22 | shape = torch.Size([64])
1.7.1.7.4.bias       | nonzeros =       0 /      64             (  0.00%) | total_pruned =      64 | shape = torch.Size([64])
1.7.2.weight         | nonzeros =      42 /      64             ( 65.62%) | total_pruned =      22 | shape = torch.Size([64])
1.7.2.bias           | nonzeros =       0 /      64             (  0.00%) | total_pruned =      64 | shape = torch.Size([64])
1.7.3.1.weight       | nonzeros =    2733 /   18432             ( 14.83%) | total_pruned =   15699 | shape = torch.Size([32, 64, 3, 3])
1.7.3.1.bias         | nonzeros =       0 /      32             (  0.00%) | total_pruned =      32 | shape = torch.Size([32])
1.7.4.weight         | nonzeros =      15 /      32             ( 46.88%) | total_pruned =      17 | shape = torch.Size([32])
1.7.4.bias           | nonzeros =       0 /      32             (  0.00%) | total_pruned =      32 | shape = torch.Size([32])
2.weight             | nonzeros =      15 /      32             ( 46.88%) | total_pruned =      17 | shape = torch.Size([32])
2.bias               | nonzeros =       0 /      32             (  0.00%) | total_pruned =      32 | shape = torch.Size([32])
3.1.weight           | nonzeros =     955 /    4608             ( 20.72%) | total_pruned =    3653 | shape = torch.Size([16, 32, 3, 3])
3.1.bias             | nonzeros =       0 /      16             (  0.00%) | total_pruned =      16 | shape = torch.Size([16])
4.weight             | nonzeros =      16 /      16             (100.00%) | total_pruned =       0 | shape = torch.Size([16])
4.bias               | nonzeros =       0 /      16             (  0.00%) | total_pruned =      16 | shape = torch.Size([16])
6.1.weight           | nonzeros =      27 /      48             ( 56.25%) | total_pruned =      21 | shape = torch.Size([3, 16, 1, 1])
6.1.bias             | nonzeros =       2 /       3             ( 66.67%) | total_pruned =       1 | shape = torch.Size([3])
alive: 150443, pruned : 2858424, total: 3008867, Compression rate :      20.00x  ( 95.00% pruned)
torch.Size([1, 3, 256, 256]) torch.Size([1, 3, 256, 256])
Initial PSNR of output image is:  15.99062964382393
epoch:  0 loss:  0.01635580137372017 PSNR:  15.99062964382393
epoch:  1000 loss:  0.004032687284052372 PSNR:  20.98544981046723
epoch:  2000 loss:  0.0030693416483700275 PSNR:  19.47824215206458
epoch:  3000 loss:  0.002633072901517153 PSNR:  19.197205811173394
epoch:  4000 loss:  0.002239260822534561 PSNR:  18.612431462077954
epoch:  5000 loss:  0.0020800691563636065 PSNR:  18.360915923686303
epoch:  6000 loss:  0.0019517511827871203 PSNR:  18.23245366430477
epoch:  7000 loss:  0.0018674553139135242 PSNR:  18.021663785813793
epoch:  8000 loss:  0.001739460974931717 PSNR:  17.95127321966266
epoch:  9000 loss:  0.0017239338485524058 PSNR:  17.842511444017518
epoch:  10000 loss:  0.0017751612467691302 PSNR:  17.61325449156044
epoch:  11000 loss:  0.0016695491503924131 PSNR:  17.62749888567026
epoch:  12000 loss:  0.001613121246919036 PSNR:  17.596659077354236
epoch:  13000 loss:  0.0016501396894454956 PSNR:  17.56825292818258
epoch:  14000 loss:  0.001604693941771984 PSNR:  17.549190471236123
epoch:  15000 loss:  0.0015039787394925952 PSNR:  17.43414301078349
epoch:  16000 loss:  0.0015056122792884707 PSNR:  17.440889977191038
epoch:  17000 loss:  0.0015185781521722674 PSNR:  17.482885081222953
epoch:  18000 loss:  0.0014778458280488849 PSNR:  17.346013157489526
epoch:  19000 loss:  0.0014732421841472387 PSNR:  17.353369925142253
epoch:  20000 loss:  0.0015798526583239436 PSNR:  17.1734704739074
epoch:  21000 loss:  0.0014525180449709296 PSNR:  17.157026973954615
epoch:  22000 loss:  0.0014200903242453933 PSNR:  17.314118302799884
epoch:  23000 loss:  0.0013837985461577773 PSNR:  17.27434796626732
epoch:  24000 loss:  0.0013850894756615162 PSNR:  17.109279344384888
epoch:  25000 loss:  0.0013982219388708472 PSNR:  17.073327322774865
epoch:  26000 loss:  0.0013627447187900543 PSNR:  17.175638765942516
epoch:  27000 loss:  0.0013650966575369239 PSNR:  17.12790218415355
epoch:  28000 loss:  0.0013419113820418715 PSNR:  17.12258209879943
epoch:  29000 loss:  0.0013224459253251553 PSNR:  17.09159233917308
epoch:  30000 loss:  0.001302816323004663 PSNR:  17.099484674420907
epoch:  31000 loss:  0.001311786356382072 PSNR:  17.100183835354702
epoch:  32000 loss:  0.0013521857326850295 PSNR:  17.107683742662903
epoch:  33000 loss:  0.0013350625522434711 PSNR:  17.066807859984166
epoch:  34000 loss:  0.0013110034633427858 PSNR:  17.124903197127377
epoch:  35000 loss:  0.0013478079345077276 PSNR:  17.068625106353814
epoch:  36000 loss:  0.0012710015289485455 PSNR:  17.046786133359706
epoch:  37000 loss:  0.0012792085763067007 PSNR:  17.024569489637088
epoch:  38000 loss:  0.0013156927889212966 PSNR:  16.988474665055307
epoch:  39000 loss:  0.0012747643049806356 PSNR:  16.96930672775657
PSNR of output image is:  16.96930672775657
