Noisy PSNR is '8.19285187320969'
Starting optimization with optimizer 'SAM'
Output directory where image taken from: data/denoising/Set14/mask/4/sparsity/det/0.05/1e-09
Output directory where results stored: data/denoising/Set14/mask/4/sparsity/det/0.05/1e-09/out_sparsenet_deninp/0.1
1.1.1.weight         | nonzeros =     848 /   12800             (  6.62%) | total_pruned =   11952 | shape = torch.Size([16, 32, 5, 5])
1.1.1.bias           | nonzeros =       0 /      16             (  0.00%) | total_pruned =      16 | shape = torch.Size([16])
1.2.weight           | nonzeros =       7 /      16             ( 43.75%) | total_pruned =       9 | shape = torch.Size([16])
1.2.bias             | nonzeros =       0 /      16             (  0.00%) | total_pruned =      16 | shape = torch.Size([16])
1.4.1.weight         | nonzeros =     118 /    6400             (  1.84%) | total_pruned =    6282 | shape = torch.Size([16, 16, 5, 5])
1.4.1.bias           | nonzeros =       0 /      16             (  0.00%) | total_pruned =      16 | shape = torch.Size([16])
1.5.weight           | nonzeros =       5 /      16             ( 31.25%) | total_pruned =      11 | shape = torch.Size([16])
1.5.bias             | nonzeros =       0 /      16             (  0.00%) | total_pruned =      16 | shape = torch.Size([16])
1.7.1.1.1.weight     | nonzeros =     253 /   12800             (  1.98%) | total_pruned =   12547 | shape = torch.Size([32, 16, 5, 5])
1.7.1.1.1.bias       | nonzeros =       0 /      32             (  0.00%) | total_pruned =      32 | shape = torch.Size([32])
1.7.1.2.weight       | nonzeros =      11 /      32             ( 34.38%) | total_pruned =      21 | shape = torch.Size([32])
1.7.1.2.bias         | nonzeros =       0 /      32             (  0.00%) | total_pruned =      32 | shape = torch.Size([32])
1.7.1.4.1.weight     | nonzeros =     539 /   25600             (  2.11%) | total_pruned =   25061 | shape = torch.Size([32, 32, 5, 5])
1.7.1.4.1.bias       | nonzeros =       0 /      32             (  0.00%) | total_pruned =      32 | shape = torch.Size([32])
1.7.1.5.weight       | nonzeros =      14 /      32             ( 43.75%) | total_pruned =      18 | shape = torch.Size([32])
1.7.1.5.bias         | nonzeros =       0 /      32             (  0.00%) | total_pruned =      32 | shape = torch.Size([32])
1.7.1.7.1.1.1.weight | nonzeros =     606 /   51200             (  1.18%) | total_pruned =   50594 | shape = torch.Size([64, 32, 5, 5])
1.7.1.7.1.1.1.bias   | nonzeros =       0 /      64             (  0.00%) | total_pruned =      64 | shape = torch.Size([64])
1.7.1.7.1.2.weight   | nonzeros =      22 /      64             ( 34.38%) | total_pruned =      42 | shape = torch.Size([64])
1.7.1.7.1.2.bias     | nonzeros =       0 /      64             (  0.00%) | total_pruned =      64 | shape = torch.Size([64])
1.7.1.7.1.4.1.weight | nonzeros =    1075 /  102400             (  1.05%) | total_pruned =  101325 | shape = torch.Size([64, 64, 5, 5])
1.7.1.7.1.4.1.bias   | nonzeros =       0 /      64             (  0.00%) | total_pruned =      64 | shape = torch.Size([64])
1.7.1.7.1.5.weight   | nonzeros =      27 /      64             ( 42.19%) | total_pruned =      37 | shape = torch.Size([64])
1.7.1.7.1.5.bias     | nonzeros =       0 /      64             (  0.00%) | total_pruned =      64 | shape = torch.Size([64])
1.7.1.7.1.7.1.1.1.weight | nonzeros =    2410 /  204800             (  1.18%) | total_pruned =  202390 | shape = torch.Size([128, 64, 5, 5])
1.7.1.7.1.7.1.1.1.bias | nonzeros =       0 /     128             (  0.00%) | total_pruned =     128 | shape = torch.Size([128])
1.7.1.7.1.7.1.2.weight | nonzeros =      49 /     128             ( 38.28%) | total_pruned =      79 | shape = torch.Size([128])
1.7.1.7.1.7.1.2.bias | nonzeros =       0 /     128             (  0.00%) | total_pruned =     128 | shape = torch.Size([128])
1.7.1.7.1.7.1.4.1.weight | nonzeros =    4128 /  409600             (  1.01%) | total_pruned =  405472 | shape = torch.Size([128, 128, 5, 5])
1.7.1.7.1.7.1.4.1.bias | nonzeros =       0 /     128             (  0.00%) | total_pruned =     128 | shape = torch.Size([128])
1.7.1.7.1.7.1.5.weight | nonzeros =      63 /     128             ( 49.22%) | total_pruned =      65 | shape = torch.Size([128])
1.7.1.7.1.7.1.5.bias | nonzeros =       0 /     128             (  0.00%) | total_pruned =     128 | shape = torch.Size([128])
1.7.1.7.1.7.1.7.1.1.1.weight | nonzeros =    6776 /  409600             (  1.65%) | total_pruned =  402824 | shape = torch.Size([128, 128, 5, 5])
1.7.1.7.1.7.1.7.1.1.1.bias | nonzeros =       0 /     128             (  0.00%) | total_pruned =     128 | shape = torch.Size([128])
1.7.1.7.1.7.1.7.1.2.weight | nonzeros =      74 /     128             ( 57.81%) | total_pruned =      54 | shape = torch.Size([128])
1.7.1.7.1.7.1.7.1.2.bias | nonzeros =       0 /     128             (  0.00%) | total_pruned =     128 | shape = torch.Size([128])
1.7.1.7.1.7.1.7.1.4.1.weight | nonzeros =   12578 /  409600             (  3.07%) | total_pruned =  397022 | shape = torch.Size([128, 128, 5, 5])
1.7.1.7.1.7.1.7.1.4.1.bias | nonzeros =       0 /     128             (  0.00%) | total_pruned =     128 | shape = torch.Size([128])
1.7.1.7.1.7.1.7.1.5.weight | nonzeros =      99 /     128             ( 77.34%) | total_pruned =      29 | shape = torch.Size([128])
1.7.1.7.1.7.1.7.1.5.bias | nonzeros =       0 /     128             (  0.00%) | total_pruned =     128 | shape = torch.Size([128])
1.7.1.7.1.7.1.7.1.7.1.1.1.weight | nonzeros =   22383 /  409600             (  5.46%) | total_pruned =  387217 | shape = torch.Size([128, 128, 5, 5])
1.7.1.7.1.7.1.7.1.7.1.1.1.bias | nonzeros =       0 /     128             (  0.00%) | total_pruned =     128 | shape = torch.Size([128])
1.7.1.7.1.7.1.7.1.7.1.2.weight | nonzeros =     101 /     128             ( 78.91%) | total_pruned =      27 | shape = torch.Size([128])
1.7.1.7.1.7.1.7.1.7.1.2.bias | nonzeros =       0 /     128             (  0.00%) | total_pruned =     128 | shape = torch.Size([128])
1.7.1.7.1.7.1.7.1.7.1.4.1.weight | nonzeros =   26590 /  409600             (  6.49%) | total_pruned =  383010 | shape = torch.Size([128, 128, 5, 5])
1.7.1.7.1.7.1.7.1.7.1.4.1.bias | nonzeros =       0 /     128             (  0.00%) | total_pruned =     128 | shape = torch.Size([128])
1.7.1.7.1.7.1.7.1.7.1.5.weight | nonzeros =      96 /     128             ( 75.00%) | total_pruned =      32 | shape = torch.Size([128])
1.7.1.7.1.7.1.7.1.7.1.5.bias | nonzeros =       0 /     128             (  0.00%) | total_pruned =     128 | shape = torch.Size([128])
1.7.1.7.1.7.1.7.1.7.2.weight | nonzeros =      96 /     128             ( 75.00%) | total_pruned =      32 | shape = torch.Size([128])
1.7.1.7.1.7.1.7.1.7.2.bias | nonzeros =       0 /     128             (  0.00%) | total_pruned =     128 | shape = torch.Size([128])
1.7.1.7.1.7.1.7.1.7.3.1.weight | nonzeros =   22609 /  147456             ( 15.33%) | total_pruned =  124847 | shape = torch.Size([128, 128, 3, 3])
1.7.1.7.1.7.1.7.1.7.3.1.bias | nonzeros =       0 /     128             (  0.00%) | total_pruned =     128 | shape = torch.Size([128])
1.7.1.7.1.7.1.7.1.7.4.weight | nonzeros =      79 /     128             ( 61.72%) | total_pruned =      49 | shape = torch.Size([128])
1.7.1.7.1.7.1.7.1.7.4.bias | nonzeros =       0 /     128             (  0.00%) | total_pruned =     128 | shape = torch.Size([128])
1.7.1.7.1.7.1.7.2.weight | nonzeros =      79 /     128             ( 61.72%) | total_pruned =      49 | shape = torch.Size([128])
1.7.1.7.1.7.1.7.2.bias | nonzeros =       0 /     128             (  0.00%) | total_pruned =     128 | shape = torch.Size([128])
1.7.1.7.1.7.1.7.3.1.weight | nonzeros =   18201 /  147456             ( 12.34%) | total_pruned =  129255 | shape = torch.Size([128, 128, 3, 3])
1.7.1.7.1.7.1.7.3.1.bias | nonzeros =       0 /     128             (  0.00%) | total_pruned =     128 | shape = torch.Size([128])
1.7.1.7.1.7.1.7.4.weight | nonzeros =      68 /     128             ( 53.12%) | total_pruned =      60 | shape = torch.Size([128])
1.7.1.7.1.7.1.7.4.bias | nonzeros =       0 /     128             (  0.00%) | total_pruned =     128 | shape = torch.Size([128])
1.7.1.7.1.7.2.weight | nonzeros =      68 /     128             ( 53.12%) | total_pruned =      60 | shape = torch.Size([128])
1.7.1.7.1.7.2.bias   | nonzeros =       0 /     128             (  0.00%) | total_pruned =     128 | shape = torch.Size([128])
1.7.1.7.1.7.3.1.weight | nonzeros =   16585 /  147456             ( 11.25%) | total_pruned =  130871 | shape = torch.Size([128, 128, 3, 3])
1.7.1.7.1.7.3.1.bias | nonzeros =       0 /     128             (  0.00%) | total_pruned =     128 | shape = torch.Size([128])
1.7.1.7.1.7.4.weight | nonzeros =      76 /     128             ( 59.38%) | total_pruned =      52 | shape = torch.Size([128])
1.7.1.7.1.7.4.bias   | nonzeros =       0 /     128             (  0.00%) | total_pruned =     128 | shape = torch.Size([128])
1.7.1.7.2.weight     | nonzeros =      76 /     128             ( 59.38%) | total_pruned =      52 | shape = torch.Size([128])
1.7.1.7.2.bias       | nonzeros =       0 /     128             (  0.00%) | total_pruned =     128 | shape = torch.Size([128])
1.7.1.7.3.1.weight   | nonzeros =    9964 /   73728             ( 13.51%) | total_pruned =   63764 | shape = torch.Size([64, 128, 3, 3])
1.7.1.7.3.1.bias     | nonzeros =       0 /      64             (  0.00%) | total_pruned =      64 | shape = torch.Size([64])
1.7.1.7.4.weight     | nonzeros =      37 /      64             ( 57.81%) | total_pruned =      27 | shape = torch.Size([64])
1.7.1.7.4.bias       | nonzeros =       0 /      64             (  0.00%) | total_pruned =      64 | shape = torch.Size([64])
1.7.2.weight         | nonzeros =      37 /      64             ( 57.81%) | total_pruned =      27 | shape = torch.Size([64])
1.7.2.bias           | nonzeros =       0 /      64             (  0.00%) | total_pruned =      64 | shape = torch.Size([64])
1.7.3.1.weight       | nonzeros =    2555 /   18432             ( 13.86%) | total_pruned =   15877 | shape = torch.Size([32, 64, 3, 3])
1.7.3.1.bias         | nonzeros =       0 /      32             (  0.00%) | total_pruned =      32 | shape = torch.Size([32])
1.7.4.weight         | nonzeros =      17 /      32             ( 53.12%) | total_pruned =      15 | shape = torch.Size([32])
1.7.4.bias           | nonzeros =       0 /      32             (  0.00%) | total_pruned =      32 | shape = torch.Size([32])
2.weight             | nonzeros =      17 /      32             ( 53.12%) | total_pruned =      15 | shape = torch.Size([32])
2.bias               | nonzeros =       0 /      32             (  0.00%) | total_pruned =      32 | shape = torch.Size([32])
3.1.weight           | nonzeros =     964 /    4608             ( 20.92%) | total_pruned =    3644 | shape = torch.Size([16, 32, 3, 3])
3.1.bias             | nonzeros =       0 /      16             (  0.00%) | total_pruned =      16 | shape = torch.Size([16])
4.weight             | nonzeros =      14 /      16             ( 87.50%) | total_pruned =       2 | shape = torch.Size([16])
4.bias               | nonzeros =       0 /      16             (  0.00%) | total_pruned =      16 | shape = torch.Size([16])
6.1.weight           | nonzeros =      27 /      48             ( 56.25%) | total_pruned =      21 | shape = torch.Size([3, 16, 1, 1])
6.1.bias             | nonzeros =       2 /       3             ( 66.67%) | total_pruned =       1 | shape = torch.Size([3])
alive: 150443, pruned : 2858424, total: 3008867, Compression rate :      20.00x  ( 95.00% pruned)
torch.Size([1, 3, 512, 512]) torch.Size([1, 3, 512, 512])
Initial PSNR of output image is:  17.938453722004
epoch:  0 loss:  0.0124549251049757 PSNR:  17.938453722004
epoch:  1000 loss:  0.004869568161666393 PSNR:  27.860030340317653
epoch:  2000 loss:  0.004382007755339146 PSNR:  26.314329344068796
epoch:  3000 loss:  0.004089432768523693 PSNR:  24.968308850103476
epoch:  4000 loss:  0.0039243800565600395 PSNR:  24.7782448270802
epoch:  5000 loss:  0.003843630664050579 PSNR:  24.365150294581255
epoch:  6000 loss:  0.0037785968743264675 PSNR:  24.276025978769503
epoch:  7000 loss:  0.0037388037890195847 PSNR:  24.19318950812834
epoch:  8000 loss:  0.003711338620632887 PSNR:  24.131659326325646
epoch:  9000 loss:  0.003685763804242015 PSNR:  23.96714600892523
epoch:  10000 loss:  0.0036645149812102318 PSNR:  23.961126764484884
epoch:  11000 loss:  0.003652608022093773 PSNR:  23.964396953238726
epoch:  12000 loss:  0.0036290313582867384 PSNR:  23.93410579441823
epoch:  13000 loss:  0.0036104691680520773 PSNR:  23.822655386370837
epoch:  14000 loss:  0.0036054493393749 PSNR:  23.684352393984938
epoch:  15000 loss:  0.003588566090911627 PSNR:  23.70442464609068
epoch:  16000 loss:  0.003604142926633358 PSNR:  23.599362915580713
epoch:  17000 loss:  0.0035760176833719015 PSNR:  23.687056865709977
epoch:  18000 loss:  0.003550380002707243 PSNR:  23.76271743919712
epoch:  19000 loss:  0.0035400167107582092 PSNR:  23.70449660024932
epoch:  20000 loss:  0.0035429697018116713 PSNR:  23.666502947363888
epoch:  21000 loss:  0.003540482372045517 PSNR:  23.743757487651816
epoch:  22000 loss:  0.0035443759988993406 PSNR:  23.58559121689
epoch:  23000 loss:  0.00354377250187099 PSNR:  23.658085910787552
epoch:  24000 loss:  0.003535579890012741 PSNR:  23.557364740303328
epoch:  25000 loss:  0.0035386006347835064 PSNR:  23.720846246171547
epoch:  26000 loss:  0.0035357377491891384 PSNR:  23.54150093157358
epoch:  27000 loss:  0.00351891852915287 PSNR:  23.497571829400272
epoch:  28000 loss:  0.0035127520095556974 PSNR:  23.5710090342275
epoch:  29000 loss:  0.0035254168324172497 PSNR:  23.58602277897999
epoch:  30000 loss:  0.003512596245855093 PSNR:  23.564715857988276
epoch:  31000 loss:  0.003515569493174553 PSNR:  23.44959236065206
epoch:  32000 loss:  0.0034989560954272747 PSNR:  23.462655686020433
epoch:  33000 loss:  0.003488898975774646 PSNR:  23.55544045592505
epoch:  34000 loss:  0.0035069722216576338 PSNR:  23.582941956499464
epoch:  35000 loss:  0.003501586616039276 PSNR:  23.55480986217826
epoch:  36000 loss:  0.0034926380030810833 PSNR:  23.38337612418856
epoch:  37000 loss:  0.0034817447885870934 PSNR:  23.475713474767197
epoch:  38000 loss:  0.003481192048639059 PSNR:  23.457870049837727
epoch:  39000 loss:  0.003491559997200966 PSNR:  23.45486002832751
PSNR of output image is:  23.45486002832751
