(3, 512, 512)
Starting transfer DIP on 6 using SAM(sigma=0.1,lr=0.01,decay=0,beta=0)
Noisy PSNR is '20.145934544071938'
Output directory: data/denoising/Set14/mask/4/SAM(sigma=0.1,lr=0.01,decay=0,beta=0)/det/-1.3/1e-09
1.1.1.weight         | nonzeros =     988 /   12800             (  7.72%) | total_pruned =   11812 | shape = torch.Size([16, 32, 5, 5])
1.1.1.bias           | nonzeros =       0 /      16             (  0.00%) | total_pruned =      16 | shape = torch.Size([16])
1.2.weight           | nonzeros =       7 /      16             ( 43.75%) | total_pruned =       9 | shape = torch.Size([16])
1.2.bias             | nonzeros =       0 /      16             (  0.00%) | total_pruned =      16 | shape = torch.Size([16])
1.4.1.weight         | nonzeros =     108 /    6400             (  1.69%) | total_pruned =    6292 | shape = torch.Size([16, 16, 5, 5])
1.4.1.bias           | nonzeros =       0 /      16             (  0.00%) | total_pruned =      16 | shape = torch.Size([16])
1.5.weight           | nonzeros =       3 /      16             ( 18.75%) | total_pruned =      13 | shape = torch.Size([16])
1.5.bias             | nonzeros =       0 /      16             (  0.00%) | total_pruned =      16 | shape = torch.Size([16])
1.7.1.1.1.weight     | nonzeros =      71 /   12800             (  0.55%) | total_pruned =   12729 | shape = torch.Size([32, 16, 5, 5])
1.7.1.1.1.bias       | nonzeros =       0 /      32             (  0.00%) | total_pruned =      32 | shape = torch.Size([32])
1.7.1.2.weight       | nonzeros =      15 /      32             ( 46.88%) | total_pruned =      17 | shape = torch.Size([32])
1.7.1.2.bias         | nonzeros =       0 /      32             (  0.00%) | total_pruned =      32 | shape = torch.Size([32])
1.7.1.4.1.weight     | nonzeros =      64 /   25600             (  0.25%) | total_pruned =   25536 | shape = torch.Size([32, 32, 5, 5])
1.7.1.4.1.bias       | nonzeros =       0 /      32             (  0.00%) | total_pruned =      32 | shape = torch.Size([32])
1.7.1.5.weight       | nonzeros =      16 /      32             ( 50.00%) | total_pruned =      16 | shape = torch.Size([32])
1.7.1.5.bias         | nonzeros =       0 /      32             (  0.00%) | total_pruned =      32 | shape = torch.Size([32])
1.7.1.7.1.1.1.weight | nonzeros =      17 /   51200             (  0.03%) | total_pruned =   51183 | shape = torch.Size([64, 32, 5, 5])
1.7.1.7.1.1.1.bias   | nonzeros =       0 /      64             (  0.00%) | total_pruned =      64 | shape = torch.Size([64])
1.7.1.7.1.2.weight   | nonzeros =      27 /      64             ( 42.19%) | total_pruned =      37 | shape = torch.Size([64])
1.7.1.7.1.2.bias     | nonzeros =       0 /      64             (  0.00%) | total_pruned =      64 | shape = torch.Size([64])
1.7.1.7.1.4.1.weight | nonzeros =     102 /  102400             (  0.10%) | total_pruned =  102298 | shape = torch.Size([64, 64, 5, 5])
1.7.1.7.1.4.1.bias   | nonzeros =       0 /      64             (  0.00%) | total_pruned =      64 | shape = torch.Size([64])
1.7.1.7.1.5.weight   | nonzeros =      26 /      64             ( 40.62%) | total_pruned =      38 | shape = torch.Size([64])
1.7.1.7.1.5.bias     | nonzeros =       0 /      64             (  0.00%) | total_pruned =      64 | shape = torch.Size([64])
1.7.1.7.1.7.1.1.1.weight | nonzeros =       7 /  204800             (  0.00%) | total_pruned =  204793 | shape = torch.Size([128, 64, 5, 5])
1.7.1.7.1.7.1.1.1.bias | nonzeros =       0 /     128             (  0.00%) | total_pruned =     128 | shape = torch.Size([128])
1.7.1.7.1.7.1.2.weight | nonzeros =      54 /     128             ( 42.19%) | total_pruned =      74 | shape = torch.Size([128])
1.7.1.7.1.7.1.2.bias | nonzeros =       0 /     128             (  0.00%) | total_pruned =     128 | shape = torch.Size([128])
1.7.1.7.1.7.1.4.1.weight | nonzeros =     113 /  409600             (  0.03%) | total_pruned =  409487 | shape = torch.Size([128, 128, 5, 5])
1.7.1.7.1.7.1.4.1.bias | nonzeros =       0 /     128             (  0.00%) | total_pruned =     128 | shape = torch.Size([128])
1.7.1.7.1.7.1.5.weight | nonzeros =      67 /     128             ( 52.34%) | total_pruned =      61 | shape = torch.Size([128])
1.7.1.7.1.7.1.5.bias | nonzeros =       0 /     128             (  0.00%) | total_pruned =     128 | shape = torch.Size([128])
1.7.1.7.1.7.1.7.1.1.1.weight | nonzeros =     190 /  409600             (  0.05%) | total_pruned =  409410 | shape = torch.Size([128, 128, 5, 5])
1.7.1.7.1.7.1.7.1.1.1.bias | nonzeros =       0 /     128             (  0.00%) | total_pruned =     128 | shape = torch.Size([128])
1.7.1.7.1.7.1.7.1.2.weight | nonzeros =      72 /     128             ( 56.25%) | total_pruned =      56 | shape = torch.Size([128])
1.7.1.7.1.7.1.7.1.2.bias | nonzeros =       0 /     128             (  0.00%) | total_pruned =     128 | shape = torch.Size([128])
1.7.1.7.1.7.1.7.1.4.1.weight | nonzeros =    1714 /  409600             (  0.42%) | total_pruned =  407886 | shape = torch.Size([128, 128, 5, 5])
1.7.1.7.1.7.1.7.1.4.1.bias | nonzeros =       0 /     128             (  0.00%) | total_pruned =     128 | shape = torch.Size([128])
1.7.1.7.1.7.1.7.1.5.weight | nonzeros =      90 /     128             ( 70.31%) | total_pruned =      38 | shape = torch.Size([128])
1.7.1.7.1.7.1.7.1.5.bias | nonzeros =       0 /     128             (  0.00%) | total_pruned =     128 | shape = torch.Size([128])
1.7.1.7.1.7.1.7.1.7.1.1.1.weight | nonzeros =    6176 /  409600             (  1.51%) | total_pruned =  403424 | shape = torch.Size([128, 128, 5, 5])
1.7.1.7.1.7.1.7.1.7.1.1.1.bias | nonzeros =       0 /     128             (  0.00%) | total_pruned =     128 | shape = torch.Size([128])
1.7.1.7.1.7.1.7.1.7.1.2.weight | nonzeros =     101 /     128             ( 78.91%) | total_pruned =      27 | shape = torch.Size([128])
1.7.1.7.1.7.1.7.1.7.1.2.bias | nonzeros =       0 /     128             (  0.00%) | total_pruned =     128 | shape = torch.Size([128])
1.7.1.7.1.7.1.7.1.7.1.4.1.weight | nonzeros =   25282 /  409600             (  6.17%) | total_pruned =  384318 | shape = torch.Size([128, 128, 5, 5])
1.7.1.7.1.7.1.7.1.7.1.4.1.bias | nonzeros =       0 /     128             (  0.00%) | total_pruned =     128 | shape = torch.Size([128])
1.7.1.7.1.7.1.7.1.7.1.5.weight | nonzeros =      83 /     128             ( 64.84%) | total_pruned =      45 | shape = torch.Size([128])
1.7.1.7.1.7.1.7.1.7.1.5.bias | nonzeros =       0 /     128             (  0.00%) | total_pruned =     128 | shape = torch.Size([128])
1.7.1.7.1.7.1.7.1.7.2.weight | nonzeros =      83 /     128             ( 64.84%) | total_pruned =      45 | shape = torch.Size([128])
1.7.1.7.1.7.1.7.1.7.2.bias | nonzeros =       0 /     128             (  0.00%) | total_pruned =     128 | shape = torch.Size([128])
1.7.1.7.1.7.1.7.1.7.3.1.weight | nonzeros =   24218 /  147456             ( 16.42%) | total_pruned =  123238 | shape = torch.Size([128, 128, 3, 3])
1.7.1.7.1.7.1.7.1.7.3.1.bias | nonzeros =       0 /     128             (  0.00%) | total_pruned =     128 | shape = torch.Size([128])
1.7.1.7.1.7.1.7.1.7.4.weight | nonzeros =      80 /     128             ( 62.50%) | total_pruned =      48 | shape = torch.Size([128])
1.7.1.7.1.7.1.7.1.7.4.bias | nonzeros =       0 /     128             (  0.00%) | total_pruned =     128 | shape = torch.Size([128])
1.7.1.7.1.7.1.7.2.weight | nonzeros =      80 /     128             ( 62.50%) | total_pruned =      48 | shape = torch.Size([128])
1.7.1.7.1.7.1.7.2.bias | nonzeros =       0 /     128             (  0.00%) | total_pruned =     128 | shape = torch.Size([128])
1.7.1.7.1.7.1.7.3.1.weight | nonzeros =   21555 /  147456             ( 14.62%) | total_pruned =  125901 | shape = torch.Size([128, 128, 3, 3])
1.7.1.7.1.7.1.7.3.1.bias | nonzeros =       0 /     128             (  0.00%) | total_pruned =     128 | shape = torch.Size([128])
1.7.1.7.1.7.1.7.4.weight | nonzeros =      70 /     128             ( 54.69%) | total_pruned =      58 | shape = torch.Size([128])
1.7.1.7.1.7.1.7.4.bias | nonzeros =       0 /     128             (  0.00%) | total_pruned =     128 | shape = torch.Size([128])
1.7.1.7.1.7.2.weight | nonzeros =      70 /     128             ( 54.69%) | total_pruned =      58 | shape = torch.Size([128])
1.7.1.7.1.7.2.bias   | nonzeros =       0 /     128             (  0.00%) | total_pruned =     128 | shape = torch.Size([128])
1.7.1.7.1.7.3.1.weight | nonzeros =   19209 /  147456             ( 13.03%) | total_pruned =  128247 | shape = torch.Size([128, 128, 3, 3])
1.7.1.7.1.7.3.1.bias | nonzeros =       0 /     128             (  0.00%) | total_pruned =     128 | shape = torch.Size([128])
1.7.1.7.1.7.4.weight | nonzeros =      73 /     128             ( 57.03%) | total_pruned =      55 | shape = torch.Size([128])
1.7.1.7.1.7.4.bias   | nonzeros =       0 /     128             (  0.00%) | total_pruned =     128 | shape = torch.Size([128])
1.7.1.7.2.weight     | nonzeros =      73 /     128             ( 57.03%) | total_pruned =      55 | shape = torch.Size([128])
1.7.1.7.2.bias       | nonzeros =       0 /     128             (  0.00%) | total_pruned =     128 | shape = torch.Size([128])
1.7.1.7.3.1.weight   | nonzeros =   11959 /   73728             ( 16.22%) | total_pruned =   61769 | shape = torch.Size([64, 128, 3, 3])
1.7.1.7.3.1.bias     | nonzeros =       0 /      64             (  0.00%) | total_pruned =      64 | shape = torch.Size([64])
1.7.1.7.4.weight     | nonzeros =      42 /      64             ( 65.62%) | total_pruned =      22 | shape = torch.Size([64])
1.7.1.7.4.bias       | nonzeros =       0 /      64             (  0.00%) | total_pruned =      64 | shape = torch.Size([64])
1.7.2.weight         | nonzeros =      42 /      64             ( 65.62%) | total_pruned =      22 | shape = torch.Size([64])
1.7.2.bias           | nonzeros =       0 /      64             (  0.00%) | total_pruned =      64 | shape = torch.Size([64])
1.7.3.1.weight       | nonzeros =    3997 /   18432             ( 21.69%) | total_pruned =   14435 | shape = torch.Size([32, 64, 3, 3])
1.7.3.1.bias         | nonzeros =       0 /      32             (  0.00%) | total_pruned =      32 | shape = torch.Size([32])
1.7.4.weight         | nonzeros =      23 /      32             ( 71.88%) | total_pruned =       9 | shape = torch.Size([32])
1.7.4.bias           | nonzeros =       0 /      32             (  0.00%) | total_pruned =      32 | shape = torch.Size([32])
2.weight             | nonzeros =      23 /      32             ( 71.88%) | total_pruned =       9 | shape = torch.Size([32])
2.bias               | nonzeros =       0 /      32             (  0.00%) | total_pruned =      32 | shape = torch.Size([32])
3.1.weight           | nonzeros =    1383 /    4608             ( 30.01%) | total_pruned =    3225 | shape = torch.Size([16, 32, 3, 3])
3.1.bias             | nonzeros =       0 /      16             (  0.00%) | total_pruned =      16 | shape = torch.Size([16])
4.weight             | nonzeros =      15 /      16             ( 93.75%) | total_pruned =       1 | shape = torch.Size([16])
4.bias               | nonzeros =       0 /      16             (  0.00%) | total_pruned =      16 | shape = torch.Size([16])
6.1.weight           | nonzeros =      33 /      48             ( 68.75%) | total_pruned =      15 | shape = torch.Size([3, 16, 1, 1])
6.1.bias             | nonzeros =       1 /       3             ( 33.33%) | total_pruned =       2 | shape = torch.Size([3])
alive: 118422, pruned : 2890445, total: 3008867, Compression rate :      25.41x  ( 96.06% pruned)
Initial PSNR of output image is:  11.990229320776947
epoch:  0 loss:  0.07233746349811554 PSNR:  11.990229320776947
epoch:  200 loss:  0.014211582019925117 PSNR:  23.193816060681037
epoch:  400 loss:  0.01185548584908247 PSNR:  25.9501980505857
epoch:  600 loss:  0.010941453278064728 PSNR:  27.458654071566176
epoch:  800 loss:  0.010454319417476654 PSNR:  28.429963490677792
epoch:  1000 loss:  0.010138139128684998 PSNR:  29.010995656187994
epoch:  1200 loss:  0.010046521201729774 PSNR:  29.000495580847844
epoch:  1400 loss:  0.009780995547771454 PSNR:  29.36875275596843
epoch:  1600 loss:  0.00976999755948782 PSNR:  29.059837172113813
epoch:  1800 loss:  0.009666590951383114 PSNR:  29.08241605406571
epoch:  2000 loss:  0.009488632902503014 PSNR:  29.269798539759798
epoch:  2200 loss:  0.009391091763973236 PSNR:  29.227878529674815
epoch:  2400 loss:  0.009381312876939774 PSNR:  28.987249016975515
epoch:  2600 loss:  0.009354590438306332 PSNR:  28.839187024385367
epoch:  2800 loss:  0.009297728538513184 PSNR:  28.823548601187614
epoch:  3000 loss:  0.009267624467611313 PSNR:  28.74842038390667
epoch:  3200 loss:  0.009388213977217674 PSNR:  28.390234329387212
epoch:  3400 loss:  0.009201915934681892 PSNR:  28.66375970004002
epoch:  3600 loss:  0.009131645783782005 PSNR:  28.714916187494882
epoch:  3800 loss:  0.009188193827867508 PSNR:  28.44929014887006
epoch:  4000 loss:  0.01053697895258665 PSNR:  27.384240479818622
epoch:  4200 loss:  0.009044050239026546 PSNR:  28.59400090856468
epoch:  4400 loss:  0.009000285528600216 PSNR:  28.530985094938693
epoch:  4600 loss:  0.009050242602825165 PSNR:  28.38293985451706
epoch:  4800 loss:  0.008993571624159813 PSNR:  28.43023363738272
epoch:  5000 loss:  0.00908386055380106 PSNR:  28.19502073679442
epoch:  5200 loss:  0.008902841247618198 PSNR:  28.356438026668336
epoch:  5400 loss:  0.008851774036884308 PSNR:  28.43318204077008
epoch:  5600 loss:  0.008862516842782497 PSNR:  28.18644162556733
epoch:  5800 loss:  0.00885073933750391 PSNR:  28.233756719460928
epoch:  6000 loss:  0.008850054815411568 PSNR:  28.17634129954765
epoch:  6200 loss:  0.008829946629703045 PSNR:  28.17390978199139
epoch:  6400 loss:  0.008904904127120972 PSNR:  28.012278486030475
epoch:  6600 loss:  0.008847950026392937 PSNR:  28.191862514289433
epoch:  6800 loss:  0.008805837482213974 PSNR:  28.041600658129124
epoch:  7000 loss:  0.008769727312028408 PSNR:  28.15914766732513
epoch:  7200 loss:  0.008747733198106289 PSNR:  28.181445569012332
epoch:  7400 loss:  0.008738710545003414 PSNR:  28.07502681823644
epoch:  7600 loss:  0.00891586672514677 PSNR:  27.801272075644032
epoch:  7800 loss:  0.008740663528442383 PSNR:  28.079322567481327
epoch:  8000 loss:  0.008727007545530796 PSNR:  27.91477910738277
epoch:  8200 loss:  0.00887651089578867 PSNR:  27.786453158613924
epoch:  8400 loss:  0.00877753272652626 PSNR:  27.97743182799932
epoch:  8600 loss:  0.008707304485142231 PSNR:  27.880204607526125
epoch:  8800 loss:  0.008672067895531654 PSNR:  28.024613645363843
epoch:  9000 loss:  0.008732643909752369 PSNR:  27.81554397254617
epoch:  9200 loss:  0.00869675911962986 PSNR:  27.83981600117553
epoch:  9400 loss:  0.008675721473991871 PSNR:  27.884920362918706
epoch:  9600 loss:  0.008726140484213829 PSNR:  27.771917995889858
epoch:  9800 loss:  0.00866527110338211 PSNR:  27.87799256313513
epoch:  10000 loss:  0.008707273751497269 PSNR:  27.90570694965175
epoch:  10200 loss:  0.00866644736379385 PSNR:  27.853022947304645
epoch:  10400 loss:  0.008677542209625244 PSNR:  27.94941980550858
epoch:  10600 loss:  0.008635788224637508 PSNR:  27.897461501549465
epoch:  10800 loss:  0.00865280069410801 PSNR:  27.8834462168616
epoch:  11000 loss:  0.008696317672729492 PSNR:  27.77811589057171
epoch:  11200 loss:  0.008647782728075981 PSNR:  27.87213686298797
epoch:  11400 loss:  0.00865136831998825 PSNR:  27.91540319629844
epoch:  11600 loss:  0.008616066537797451 PSNR:  27.784033675378133
epoch:  11800 loss:  0.008652176707983017 PSNR:  27.809381619216463
epoch:  12000 loss:  0.008614333346486092 PSNR:  27.9213122393342
epoch:  12200 loss:  0.00863683596253395 PSNR:  27.653735626641534
epoch:  12400 loss:  0.008657116442918777 PSNR:  27.847247607570345
epoch:  12600 loss:  0.008582094684243202 PSNR:  27.7576418912889
epoch:  12800 loss:  0.008625201880931854 PSNR:  27.734909532527872
epoch:  13000 loss:  0.008558079600334167 PSNR:  27.83098607187858
epoch:  13200 loss:  0.008593378588557243 PSNR:  27.63953123240793
epoch:  13400 loss:  0.008563639596104622 PSNR:  27.672890964672817
epoch:  13600 loss:  0.0086142523214221 PSNR:  27.63363633882959
epoch:  13800 loss:  0.008566799573600292 PSNR:  27.799110522191373
epoch:  14000 loss:  0.008530491963028908 PSNR:  27.8001255109862
epoch:  14200 loss:  0.008564518764615059 PSNR:  27.74424498305138
epoch:  14400 loss:  0.008623769506812096 PSNR:  27.725001794137686
epoch:  14600 loss:  0.008701149374246597 PSNR:  27.518591580934597
epoch:  14800 loss:  0.008616281673312187 PSNR:  27.63559533008159
epoch:  15000 loss:  0.008565414696931839 PSNR:  27.604836400934172
epoch:  15200 loss:  0.008570472709834576 PSNR:  27.725573742206777
epoch:  15400 loss:  0.008563394658267498 PSNR:  27.85813809783756
epoch:  15600 loss:  0.008556338027119637 PSNR:  27.666789332243038
epoch:  15800 loss:  0.008530698716640472 PSNR:  27.80237047776595
epoch:  16000 loss:  0.008579976856708527 PSNR:  27.58551688508932
epoch:  16200 loss:  0.008516928181052208 PSNR:  27.677606248137437
epoch:  16400 loss:  0.008534351363778114 PSNR:  27.708328964886192
epoch:  16600 loss:  0.008561132475733757 PSNR:  27.58706992732908
epoch:  16800 loss:  0.00854991190135479 PSNR:  27.65398247166605
epoch:  17000 loss:  0.008545199409127235 PSNR:  27.620949823022723
epoch:  17200 loss:  0.008530930615961552 PSNR:  27.715494839643455
epoch:  17400 loss:  0.008575255051255226 PSNR:  27.43527497787699
epoch:  17600 loss:  0.00853655394166708 PSNR:  27.599635315854187
epoch:  17800 loss:  0.008550159633159637 PSNR:  27.564439786305112
epoch:  18000 loss:  0.008550471626222134 PSNR:  27.637968124241745
epoch:  18200 loss:  0.008539923466742039 PSNR:  27.575685436862898
epoch:  18400 loss:  0.008514134213328362 PSNR:  27.5459262395379
epoch:  18600 loss:  0.008503181859850883 PSNR:  27.536567230055276
epoch:  18800 loss:  0.008514843881130219 PSNR:  27.548452352936444
epoch:  19000 loss:  0.008496828377246857 PSNR:  27.61764558285488
epoch:  19200 loss:  0.00852047186344862 PSNR:  27.536785139304847
epoch:  19400 loss:  0.00847424753010273 PSNR:  27.708534486191144
epoch:  19600 loss:  0.008522361516952515 PSNR:  27.650618574660456
epoch:  19800 loss:  0.008565440773963928 PSNR:  27.473605513853286
epoch:  20000 loss:  0.008494952693581581 PSNR:  27.574515625991324
epoch:  20200 loss:  0.008518554270267487 PSNR:  27.624083384941652
epoch:  20400 loss:  0.008485471829771996 PSNR:  27.634067651609367
epoch:  20600 loss:  0.008478164672851562 PSNR:  27.628248979439583
epoch:  20800 loss:  0.008541423827409744 PSNR:  27.383601872096
epoch:  21000 loss:  0.00849992036819458 PSNR:  27.549794616028006
epoch:  21200 loss:  0.008478070609271526 PSNR:  27.632501818386167
epoch:  21400 loss:  0.008461209014058113 PSNR:  27.55752501140245
epoch:  21600 loss:  0.008484658785164356 PSNR:  27.42701719442484
epoch:  21800 loss:  0.00846392847597599 PSNR:  27.48560270589532
epoch:  22000 loss:  0.008498887531459332 PSNR:  27.409622339780366
epoch:  22200 loss:  0.008487826213240623 PSNR:  27.64423804308119
epoch:  22400 loss:  0.008484731428325176 PSNR:  27.452784059540004
epoch:  22600 loss:  0.00849364697933197 PSNR:  27.65088761410613
epoch:  22800 loss:  0.008454058319330215 PSNR:  27.59386430630528
epoch:  23000 loss:  0.008468633517622948 PSNR:  27.598545705359975
epoch:  23200 loss:  0.008474830538034439 PSNR:  27.52955982515152
epoch:  23400 loss:  0.008459420874714851 PSNR:  27.606523113153187
epoch:  23600 loss:  0.008474387228488922 PSNR:  27.67027222622193
epoch:  23800 loss:  0.008482836186885834 PSNR:  27.66783237051424
epoch:  24000 loss:  0.008473953232169151 PSNR:  27.450889496173964
epoch:  24200 loss:  0.008451822213828564 PSNR:  27.49885944037848
epoch:  24400 loss:  0.008435580879449844 PSNR:  27.560434379947583
epoch:  24600 loss:  0.008444789797067642 PSNR:  27.48326552778895
epoch:  24800 loss:  0.008483393117785454 PSNR:  27.49136745365387
epoch:  25000 loss:  0.008478132076561451 PSNR:  27.56812859169713
epoch:  25200 loss:  0.008446468971669674 PSNR:  27.526459664134812
epoch:  25400 loss:  0.008467964828014374 PSNR:  27.59751568435867
epoch:  25600 loss:  0.008446719497442245 PSNR:  27.579502819743105
epoch:  25800 loss:  0.008418837562203407 PSNR:  27.584088170747293
epoch:  26000 loss:  0.008466838859021664 PSNR:  27.42965968922181
epoch:  26200 loss:  0.0084613598883152 PSNR:  27.6314388042497
epoch:  26400 loss:  0.008440190926194191 PSNR:  27.456857722553046
epoch:  26600 loss:  0.00849382858723402 PSNR:  27.419529402909454
epoch:  26800 loss:  0.008508843369781971 PSNR:  27.443894254831363
epoch:  27000 loss:  0.008431578986346722 PSNR:  27.48722728975194
epoch:  27200 loss:  0.008439797908067703 PSNR:  27.55787593436724
epoch:  27400 loss:  0.008427838794887066 PSNR:  27.592726766271355
epoch:  27600 loss:  0.008418632671236992 PSNR:  27.55263175600628
epoch:  27800 loss:  0.008437484502792358 PSNR:  27.515528055033187
epoch:  28000 loss:  0.008431286551058292 PSNR:  27.393284625632862
epoch:  28200 loss:  0.008464913815259933 PSNR:  27.394113607361565
epoch:  28400 loss:  0.008443480357527733 PSNR:  27.516764850842957
epoch:  28600 loss:  0.008401515893638134 PSNR:  27.51039201667126
epoch:  28800 loss:  0.008392439223825932 PSNR:  27.54489914180979
epoch:  29000 loss:  0.008431222289800644 PSNR:  27.419388184651247
epoch:  29200 loss:  0.008443950675427914 PSNR:  27.376378886790405
epoch:  29400 loss:  0.008408725261688232 PSNR:  27.557824360167235
epoch:  29600 loss:  0.008466476574540138 PSNR:  27.579764593590156
epoch:  29800 loss:  0.008442651480436325 PSNR:  27.486048754058427
epoch:  30000 loss:  0.008406470529735088 PSNR:  27.527309026641042
epoch:  30200 loss:  0.00841929204761982 PSNR:  27.559160300658036
epoch:  30400 loss:  0.008390307426452637 PSNR:  27.56347205875742
epoch:  30600 loss:  0.008471531793475151 PSNR:  27.492341949998686
epoch:  30800 loss:  0.00839119590818882 PSNR:  27.517559508189336
epoch:  31000 loss:  0.008419628255069256 PSNR:  27.432047958855797
epoch:  31200 loss:  0.008408871479332447 PSNR:  27.47568021141451
epoch:  31400 loss:  0.00842005293816328 PSNR:  27.485803053500767
epoch:  31600 loss:  0.00841528084129095 PSNR:  27.520156859636934
epoch:  31800 loss:  0.008396420627832413 PSNR:  27.47100280292924
epoch:  32000 loss:  0.008391307666897774 PSNR:  27.506172755787848
epoch:  32200 loss:  0.00842330977320671 PSNR:  27.38763052035501
epoch:  32400 loss:  0.00842355564236641 PSNR:  27.395824229047783
epoch:  32600 loss:  0.00839953776448965 PSNR:  27.4087464053264
epoch:  32800 loss:  0.008411595597863197 PSNR:  27.424005833048177
epoch:  33000 loss:  0.00840122438967228 PSNR:  27.4770236402805
epoch:  33200 loss:  0.008399860933423042 PSNR:  27.435153133605144
epoch:  33400 loss:  0.008440631441771984 PSNR:  27.40346892363798
epoch:  33600 loss:  0.008404400199651718 PSNR:  27.42233322879626
epoch:  33800 loss:  0.008382311090826988 PSNR:  27.479433012667386
epoch:  34000 loss:  0.008399519138038158 PSNR:  27.443055156007063
epoch:  34200 loss:  0.008386350236833096 PSNR:  27.483684710808312
epoch:  34400 loss:  0.008414477109909058 PSNR:  27.41766742117172
epoch:  34600 loss:  0.008403938263654709 PSNR:  27.536568376917444
epoch:  34800 loss:  0.008386380970478058 PSNR:  27.513966154813282
epoch:  35000 loss:  0.00839308649301529 PSNR:  27.490632611229696
epoch:  35200 loss:  0.008420703932642937 PSNR:  27.395630210007482
epoch:  35400 loss:  0.008397679775953293 PSNR:  27.46672935679813
epoch:  35600 loss:  0.008379356004297733 PSNR:  27.45078829609654
epoch:  35800 loss:  0.00839139148592949 PSNR:  27.51705255481427
epoch:  36000 loss:  0.008369061164557934 PSNR:  27.583259221662345
epoch:  36200 loss:  0.008413290604948997 PSNR:  27.444073601661575
epoch:  36400 loss:  0.008367485366761684 PSNR:  27.405179896886914
epoch:  36600 loss:  0.00838110689073801 PSNR:  27.472738052755552
epoch:  36800 loss:  0.008386818692088127 PSNR:  27.428029928109893
epoch:  37000 loss:  0.008374132215976715 PSNR:  27.414034210280644
epoch:  37200 loss:  0.00837116502225399 PSNR:  27.42756463405425
epoch:  37400 loss:  0.008407014422118664 PSNR:  27.426473737331957
epoch:  37600 loss:  0.008404241874814034 PSNR:  27.334852638620962
epoch:  37800 loss:  0.008393574506044388 PSNR:  27.42120874505226
epoch:  38000 loss:  0.008395849727094173 PSNR:  27.35972505891217
epoch:  38200 loss:  0.008394112810492516 PSNR:  27.359877564006148
epoch:  38400 loss:  0.008400131948292255 PSNR:  27.37080524118361
epoch:  38600 loss:  0.008369041606783867 PSNR:  27.381124453750346
epoch:  38800 loss:  0.00837660115212202 PSNR:  27.31359232279994
epoch:  39000 loss:  0.008368211798369884 PSNR:  27.440792361879186
epoch:  39200 loss:  0.008394524455070496 PSNR:  27.417183431074346
epoch:  39400 loss:  0.008410247974097729 PSNR:  27.344419237572637
epoch:  39600 loss:  0.00837494432926178 PSNR:  27.46659929138876
epoch:  39800 loss:  0.008399784564971924 PSNR:  27.38542687301354
PSNR of output image is:  27.38542687301354
(3, 512, 512) (1, 3, 512, 512) (3, 512, 512)
Experiment done
