(3, 512, 512)
Starting transfer DIP on 5 using SAM(sigma=0.1,lr=0.01,decay=0,beta=0)
Noisy PSNR is '20.075595306553158'
Output directory: data/denoising/Set14/mask/4/SAM(sigma=0.1,lr=0.01,decay=0,beta=0)/det/-1.3/1e-09
1.1.1.weight         | nonzeros =     988 /   12800             (  7.72%) | total_pruned =   11812 | shape = torch.Size([16, 32, 5, 5])
1.1.1.bias           | nonzeros =       0 /      16             (  0.00%) | total_pruned =      16 | shape = torch.Size([16])
1.2.weight           | nonzeros =       7 /      16             ( 43.75%) | total_pruned =       9 | shape = torch.Size([16])
1.2.bias             | nonzeros =       0 /      16             (  0.00%) | total_pruned =      16 | shape = torch.Size([16])
1.4.1.weight         | nonzeros =     108 /    6400             (  1.69%) | total_pruned =    6292 | shape = torch.Size([16, 16, 5, 5])
1.4.1.bias           | nonzeros =       0 /      16             (  0.00%) | total_pruned =      16 | shape = torch.Size([16])
1.5.weight           | nonzeros =       3 /      16             ( 18.75%) | total_pruned =      13 | shape = torch.Size([16])
1.5.bias             | nonzeros =       0 /      16             (  0.00%) | total_pruned =      16 | shape = torch.Size([16])
1.7.1.1.1.weight     | nonzeros =      71 /   12800             (  0.55%) | total_pruned =   12729 | shape = torch.Size([32, 16, 5, 5])
1.7.1.1.1.bias       | nonzeros =       0 /      32             (  0.00%) | total_pruned =      32 | shape = torch.Size([32])
1.7.1.2.weight       | nonzeros =      15 /      32             ( 46.88%) | total_pruned =      17 | shape = torch.Size([32])
1.7.1.2.bias         | nonzeros =       0 /      32             (  0.00%) | total_pruned =      32 | shape = torch.Size([32])
1.7.1.4.1.weight     | nonzeros =      64 /   25600             (  0.25%) | total_pruned =   25536 | shape = torch.Size([32, 32, 5, 5])
1.7.1.4.1.bias       | nonzeros =       0 /      32             (  0.00%) | total_pruned =      32 | shape = torch.Size([32])
1.7.1.5.weight       | nonzeros =      16 /      32             ( 50.00%) | total_pruned =      16 | shape = torch.Size([32])
1.7.1.5.bias         | nonzeros =       0 /      32             (  0.00%) | total_pruned =      32 | shape = torch.Size([32])
1.7.1.7.1.1.1.weight | nonzeros =      17 /   51200             (  0.03%) | total_pruned =   51183 | shape = torch.Size([64, 32, 5, 5])
1.7.1.7.1.1.1.bias   | nonzeros =       0 /      64             (  0.00%) | total_pruned =      64 | shape = torch.Size([64])
1.7.1.7.1.2.weight   | nonzeros =      27 /      64             ( 42.19%) | total_pruned =      37 | shape = torch.Size([64])
1.7.1.7.1.2.bias     | nonzeros =       0 /      64             (  0.00%) | total_pruned =      64 | shape = torch.Size([64])
1.7.1.7.1.4.1.weight | nonzeros =     102 /  102400             (  0.10%) | total_pruned =  102298 | shape = torch.Size([64, 64, 5, 5])
1.7.1.7.1.4.1.bias   | nonzeros =       0 /      64             (  0.00%) | total_pruned =      64 | shape = torch.Size([64])
1.7.1.7.1.5.weight   | nonzeros =      26 /      64             ( 40.62%) | total_pruned =      38 | shape = torch.Size([64])
1.7.1.7.1.5.bias     | nonzeros =       0 /      64             (  0.00%) | total_pruned =      64 | shape = torch.Size([64])
1.7.1.7.1.7.1.1.1.weight | nonzeros =       7 /  204800             (  0.00%) | total_pruned =  204793 | shape = torch.Size([128, 64, 5, 5])
1.7.1.7.1.7.1.1.1.bias | nonzeros =       0 /     128             (  0.00%) | total_pruned =     128 | shape = torch.Size([128])
1.7.1.7.1.7.1.2.weight | nonzeros =      54 /     128             ( 42.19%) | total_pruned =      74 | shape = torch.Size([128])
1.7.1.7.1.7.1.2.bias | nonzeros =       0 /     128             (  0.00%) | total_pruned =     128 | shape = torch.Size([128])
1.7.1.7.1.7.1.4.1.weight | nonzeros =     113 /  409600             (  0.03%) | total_pruned =  409487 | shape = torch.Size([128, 128, 5, 5])
1.7.1.7.1.7.1.4.1.bias | nonzeros =       0 /     128             (  0.00%) | total_pruned =     128 | shape = torch.Size([128])
1.7.1.7.1.7.1.5.weight | nonzeros =      67 /     128             ( 52.34%) | total_pruned =      61 | shape = torch.Size([128])
1.7.1.7.1.7.1.5.bias | nonzeros =       0 /     128             (  0.00%) | total_pruned =     128 | shape = torch.Size([128])
1.7.1.7.1.7.1.7.1.1.1.weight | nonzeros =     190 /  409600             (  0.05%) | total_pruned =  409410 | shape = torch.Size([128, 128, 5, 5])
1.7.1.7.1.7.1.7.1.1.1.bias | nonzeros =       0 /     128             (  0.00%) | total_pruned =     128 | shape = torch.Size([128])
1.7.1.7.1.7.1.7.1.2.weight | nonzeros =      72 /     128             ( 56.25%) | total_pruned =      56 | shape = torch.Size([128])
1.7.1.7.1.7.1.7.1.2.bias | nonzeros =       0 /     128             (  0.00%) | total_pruned =     128 | shape = torch.Size([128])
1.7.1.7.1.7.1.7.1.4.1.weight | nonzeros =    1714 /  409600             (  0.42%) | total_pruned =  407886 | shape = torch.Size([128, 128, 5, 5])
1.7.1.7.1.7.1.7.1.4.1.bias | nonzeros =       0 /     128             (  0.00%) | total_pruned =     128 | shape = torch.Size([128])
1.7.1.7.1.7.1.7.1.5.weight | nonzeros =      90 /     128             ( 70.31%) | total_pruned =      38 | shape = torch.Size([128])
1.7.1.7.1.7.1.7.1.5.bias | nonzeros =       0 /     128             (  0.00%) | total_pruned =     128 | shape = torch.Size([128])
1.7.1.7.1.7.1.7.1.7.1.1.1.weight | nonzeros =    6176 /  409600             (  1.51%) | total_pruned =  403424 | shape = torch.Size([128, 128, 5, 5])
1.7.1.7.1.7.1.7.1.7.1.1.1.bias | nonzeros =       0 /     128             (  0.00%) | total_pruned =     128 | shape = torch.Size([128])
1.7.1.7.1.7.1.7.1.7.1.2.weight | nonzeros =     101 /     128             ( 78.91%) | total_pruned =      27 | shape = torch.Size([128])
1.7.1.7.1.7.1.7.1.7.1.2.bias | nonzeros =       0 /     128             (  0.00%) | total_pruned =     128 | shape = torch.Size([128])
1.7.1.7.1.7.1.7.1.7.1.4.1.weight | nonzeros =   25282 /  409600             (  6.17%) | total_pruned =  384318 | shape = torch.Size([128, 128, 5, 5])
1.7.1.7.1.7.1.7.1.7.1.4.1.bias | nonzeros =       0 /     128             (  0.00%) | total_pruned =     128 | shape = torch.Size([128])
1.7.1.7.1.7.1.7.1.7.1.5.weight | nonzeros =      83 /     128             ( 64.84%) | total_pruned =      45 | shape = torch.Size([128])
1.7.1.7.1.7.1.7.1.7.1.5.bias | nonzeros =       0 /     128             (  0.00%) | total_pruned =     128 | shape = torch.Size([128])
1.7.1.7.1.7.1.7.1.7.2.weight | nonzeros =      83 /     128             ( 64.84%) | total_pruned =      45 | shape = torch.Size([128])
1.7.1.7.1.7.1.7.1.7.2.bias | nonzeros =       0 /     128             (  0.00%) | total_pruned =     128 | shape = torch.Size([128])
1.7.1.7.1.7.1.7.1.7.3.1.weight | nonzeros =   24218 /  147456             ( 16.42%) | total_pruned =  123238 | shape = torch.Size([128, 128, 3, 3])
1.7.1.7.1.7.1.7.1.7.3.1.bias | nonzeros =       0 /     128             (  0.00%) | total_pruned =     128 | shape = torch.Size([128])
1.7.1.7.1.7.1.7.1.7.4.weight | nonzeros =      80 /     128             ( 62.50%) | total_pruned =      48 | shape = torch.Size([128])
1.7.1.7.1.7.1.7.1.7.4.bias | nonzeros =       0 /     128             (  0.00%) | total_pruned =     128 | shape = torch.Size([128])
1.7.1.7.1.7.1.7.2.weight | nonzeros =      80 /     128             ( 62.50%) | total_pruned =      48 | shape = torch.Size([128])
1.7.1.7.1.7.1.7.2.bias | nonzeros =       0 /     128             (  0.00%) | total_pruned =     128 | shape = torch.Size([128])
1.7.1.7.1.7.1.7.3.1.weight | nonzeros =   21555 /  147456             ( 14.62%) | total_pruned =  125901 | shape = torch.Size([128, 128, 3, 3])
1.7.1.7.1.7.1.7.3.1.bias | nonzeros =       0 /     128             (  0.00%) | total_pruned =     128 | shape = torch.Size([128])
1.7.1.7.1.7.1.7.4.weight | nonzeros =      70 /     128             ( 54.69%) | total_pruned =      58 | shape = torch.Size([128])
1.7.1.7.1.7.1.7.4.bias | nonzeros =       0 /     128             (  0.00%) | total_pruned =     128 | shape = torch.Size([128])
1.7.1.7.1.7.2.weight | nonzeros =      70 /     128             ( 54.69%) | total_pruned =      58 | shape = torch.Size([128])
1.7.1.7.1.7.2.bias   | nonzeros =       0 /     128             (  0.00%) | total_pruned =     128 | shape = torch.Size([128])
1.7.1.7.1.7.3.1.weight | nonzeros =   19209 /  147456             ( 13.03%) | total_pruned =  128247 | shape = torch.Size([128, 128, 3, 3])
1.7.1.7.1.7.3.1.bias | nonzeros =       0 /     128             (  0.00%) | total_pruned =     128 | shape = torch.Size([128])
1.7.1.7.1.7.4.weight | nonzeros =      73 /     128             ( 57.03%) | total_pruned =      55 | shape = torch.Size([128])
1.7.1.7.1.7.4.bias   | nonzeros =       0 /     128             (  0.00%) | total_pruned =     128 | shape = torch.Size([128])
1.7.1.7.2.weight     | nonzeros =      73 /     128             ( 57.03%) | total_pruned =      55 | shape = torch.Size([128])
1.7.1.7.2.bias       | nonzeros =       0 /     128             (  0.00%) | total_pruned =     128 | shape = torch.Size([128])
1.7.1.7.3.1.weight   | nonzeros =   11959 /   73728             ( 16.22%) | total_pruned =   61769 | shape = torch.Size([64, 128, 3, 3])
1.7.1.7.3.1.bias     | nonzeros =       0 /      64             (  0.00%) | total_pruned =      64 | shape = torch.Size([64])
1.7.1.7.4.weight     | nonzeros =      42 /      64             ( 65.62%) | total_pruned =      22 | shape = torch.Size([64])
1.7.1.7.4.bias       | nonzeros =       0 /      64             (  0.00%) | total_pruned =      64 | shape = torch.Size([64])
1.7.2.weight         | nonzeros =      42 /      64             ( 65.62%) | total_pruned =      22 | shape = torch.Size([64])
1.7.2.bias           | nonzeros =       0 /      64             (  0.00%) | total_pruned =      64 | shape = torch.Size([64])
1.7.3.1.weight       | nonzeros =    3997 /   18432             ( 21.69%) | total_pruned =   14435 | shape = torch.Size([32, 64, 3, 3])
1.7.3.1.bias         | nonzeros =       0 /      32             (  0.00%) | total_pruned =      32 | shape = torch.Size([32])
1.7.4.weight         | nonzeros =      23 /      32             ( 71.88%) | total_pruned =       9 | shape = torch.Size([32])
1.7.4.bias           | nonzeros =       0 /      32             (  0.00%) | total_pruned =      32 | shape = torch.Size([32])
2.weight             | nonzeros =      23 /      32             ( 71.88%) | total_pruned =       9 | shape = torch.Size([32])
2.bias               | nonzeros =       0 /      32             (  0.00%) | total_pruned =      32 | shape = torch.Size([32])
3.1.weight           | nonzeros =    1383 /    4608             ( 30.01%) | total_pruned =    3225 | shape = torch.Size([16, 32, 3, 3])
3.1.bias             | nonzeros =       0 /      16             (  0.00%) | total_pruned =      16 | shape = torch.Size([16])
4.weight             | nonzeros =      15 /      16             ( 93.75%) | total_pruned =       1 | shape = torch.Size([16])
4.bias               | nonzeros =       0 /      16             (  0.00%) | total_pruned =      16 | shape = torch.Size([16])
6.1.weight           | nonzeros =      33 /      48             ( 68.75%) | total_pruned =      15 | shape = torch.Size([3, 16, 1, 1])
6.1.bias             | nonzeros =       1 /       3             ( 33.33%) | total_pruned =       2 | shape = torch.Size([3])
alive: 118422, pruned : 2890445, total: 3008867, Compression rate :      25.41x  ( 96.06% pruned)
Initial PSNR of output image is:  12.035201986428984
epoch:  0 loss:  0.0696055144071579 PSNR:  12.035201986428984
epoch:  200 loss:  0.0176345556974411 PSNR:  20.736946435850587
epoch:  400 loss:  0.013663552701473236 PSNR:  23.502979546278638
epoch:  600 loss:  0.013171344995498657 PSNR:  23.89877941380769
epoch:  800 loss:  0.012799757532775402 PSNR:  24.152237386902257
epoch:  1000 loss:  0.0117202028632164 PSNR:  25.318243492071378
epoch:  1200 loss:  0.011396845802664757 PSNR:  25.574365207999445
epoch:  1400 loss:  0.01110861450433731 PSNR:  25.77473705030963
epoch:  1600 loss:  0.010866808705031872 PSNR:  25.943127802285026
epoch:  1800 loss:  0.010792015120387077 PSNR:  25.854320224288344
epoch:  2000 loss:  0.010524779558181763 PSNR:  26.11248780106383
epoch:  2200 loss:  0.010221165604889393 PSNR:  26.429745884743753
epoch:  2400 loss:  0.010146817192435265 PSNR:  26.461446350971897
epoch:  2600 loss:  0.010077995248138905 PSNR:  26.427993308324922
epoch:  2800 loss:  0.010053442791104317 PSNR:  26.337807446906403
epoch:  3000 loss:  0.00995652750134468 PSNR:  26.400263892526404
epoch:  3200 loss:  0.00979791022837162 PSNR:  26.509692657647967
epoch:  3400 loss:  0.009788457304239273 PSNR:  26.440398021812058
epoch:  3600 loss:  0.00974404625594616 PSNR:  26.427233714281442
epoch:  3800 loss:  0.009714165702462196 PSNR:  26.621607653388093
epoch:  4000 loss:  0.009655009023845196 PSNR:  26.61101794659573
epoch:  4200 loss:  0.009628579020500183 PSNR:  26.406017936541538
epoch:  4400 loss:  0.00964304804801941 PSNR:  26.450500176850795
epoch:  4600 loss:  0.009573493152856827 PSNR:  26.518388740315515
epoch:  4800 loss:  0.009467881172895432 PSNR:  26.5948242687489
epoch:  5000 loss:  0.009397762827575207 PSNR:  26.613016859297804
epoch:  5200 loss:  0.009453969076275826 PSNR:  26.5372838258358
epoch:  5400 loss:  0.009389186277985573 PSNR:  26.58274467519078
epoch:  5600 loss:  0.009351536631584167 PSNR:  26.578390294221855
epoch:  5800 loss:  0.00936884619295597 PSNR:  26.547012872505928
epoch:  6000 loss:  0.009366940706968307 PSNR:  26.480793229428414
epoch:  6200 loss:  0.009377496317029 PSNR:  26.506697466289246
epoch:  6400 loss:  0.009370912797749043 PSNR:  26.478047049526072
epoch:  6600 loss:  0.009275308810174465 PSNR:  26.52895630136801
epoch:  6800 loss:  0.00929147657006979 PSNR:  26.51143725190948
epoch:  7000 loss:  0.009260203689336777 PSNR:  26.532762732918997
epoch:  7200 loss:  0.009314549155533314 PSNR:  26.428585610951597
epoch:  7400 loss:  0.009324061684310436 PSNR:  26.32535516074494
epoch:  7600 loss:  0.009321942925453186 PSNR:  26.447503936683475
epoch:  7800 loss:  0.009283246472477913 PSNR:  26.426038646037355
epoch:  8000 loss:  0.009312286972999573 PSNR:  26.356144337687468
epoch:  8200 loss:  0.009195782244205475 PSNR:  26.486946443831986
epoch:  8400 loss:  0.009197050705552101 PSNR:  26.44640240687233
epoch:  8600 loss:  0.00926788616925478 PSNR:  26.365759800736043
epoch:  8800 loss:  0.009295757859945297 PSNR:  26.330728723765425
epoch:  9000 loss:  0.009174113161861897 PSNR:  26.423557701408527
epoch:  9200 loss:  0.009221239015460014 PSNR:  26.308162529972527
epoch:  9400 loss:  0.009186322800815105 PSNR:  26.41724400732823
epoch:  9600 loss:  0.009129693731665611 PSNR:  26.458480115319
epoch:  9800 loss:  0.00929754413664341 PSNR:  26.214360725165847
epoch:  10000 loss:  0.00918862596154213 PSNR:  26.370570364966596
epoch:  10200 loss:  0.009248966351151466 PSNR:  26.31611368678163
epoch:  10400 loss:  0.00908304937183857 PSNR:  26.48623501947914
epoch:  10600 loss:  0.009109221398830414 PSNR:  26.47136009996409
epoch:  10800 loss:  0.009088201448321342 PSNR:  26.46843575660728
epoch:  11000 loss:  0.009082384407520294 PSNR:  26.4641513181598
epoch:  11200 loss:  0.009106031619012356 PSNR:  26.462267430082086
epoch:  11400 loss:  0.009045947343111038 PSNR:  26.5347581100704
epoch:  11600 loss:  0.009112432599067688 PSNR:  26.381681659963533
epoch:  11800 loss:  0.00909072533249855 PSNR:  26.444890143147212
epoch:  12000 loss:  0.009059768170118332 PSNR:  26.422258248463436
epoch:  12200 loss:  0.009077785536646843 PSNR:  26.34899146570349
epoch:  12400 loss:  0.009037025272846222 PSNR:  26.43982143888916
epoch:  12600 loss:  0.009039811789989471 PSNR:  26.369287565271208
epoch:  12800 loss:  0.009042251855134964 PSNR:  26.43941322432334
epoch:  13000 loss:  0.00904148444533348 PSNR:  26.392788968278072
epoch:  13200 loss:  0.009042516350746155 PSNR:  26.382944716273148
epoch:  13400 loss:  0.008997454307973385 PSNR:  26.4475231279825
epoch:  13600 loss:  0.009060373529791832 PSNR:  26.425693101598178
epoch:  13800 loss:  0.009051553905010223 PSNR:  26.33384931195203
epoch:  14000 loss:  0.009030422195792198 PSNR:  26.42303878230806
epoch:  14200 loss:  0.009045183658599854 PSNR:  26.292565212954457
epoch:  14400 loss:  0.008974261581897736 PSNR:  26.462882309552704
epoch:  14600 loss:  0.009015469811856747 PSNR:  26.386714462646268
epoch:  14800 loss:  0.008995654061436653 PSNR:  26.393180188489914
epoch:  15000 loss:  0.009050093591213226 PSNR:  26.34569616947043
epoch:  15200 loss:  0.008979768492281437 PSNR:  26.44870035646287
epoch:  15400 loss:  0.008998784236609936 PSNR:  26.417345651207103
epoch:  15600 loss:  0.009007494896650314 PSNR:  26.35651705691705
epoch:  15800 loss:  0.009101726114749908 PSNR:  26.155563664604276
epoch:  16000 loss:  0.009075373411178589 PSNR:  26.250282851385386
epoch:  16200 loss:  0.009004615247249603 PSNR:  26.475074516063888
epoch:  16400 loss:  0.009005137719213963 PSNR:  26.354350989788642
epoch:  16600 loss:  0.008955459110438824 PSNR:  26.421094068958183
epoch:  16800 loss:  0.008958236314356327 PSNR:  26.439130917363734
epoch:  17000 loss:  0.009055419825017452 PSNR:  26.315247087093418
epoch:  17200 loss:  0.008975233882665634 PSNR:  26.366966203455636
epoch:  17400 loss:  0.008941568434238434 PSNR:  26.44151628171793
epoch:  17600 loss:  0.009020792320370674 PSNR:  26.29140398372787
epoch:  17800 loss:  0.008970309048891068 PSNR:  26.37783938457753
epoch:  18000 loss:  0.008961817249655724 PSNR:  26.374855992674537
epoch:  18200 loss:  0.00893986877053976 PSNR:  26.38659010341204
epoch:  18400 loss:  0.009001976810395718 PSNR:  26.349271993916602
epoch:  18600 loss:  0.008931415155529976 PSNR:  26.40764032422341
epoch:  18800 loss:  0.008954132907092571 PSNR:  26.363652763499985
epoch:  19000 loss:  0.00894454400986433 PSNR:  26.390932619209927
epoch:  19200 loss:  0.008935146033763885 PSNR:  26.347048367277107
epoch:  19400 loss:  0.008942491374909878 PSNR:  26.42068579430978
epoch:  19600 loss:  0.008922306820750237 PSNR:  26.371899795479617
epoch:  19800 loss:  0.008956074714660645 PSNR:  26.338221371168725
epoch:  20000 loss:  0.008998471312224865 PSNR:  26.348682816265775
epoch:  20200 loss:  0.008950487710535526 PSNR:  26.37980215969716
epoch:  20400 loss:  0.008969995193183422 PSNR:  26.24966329129997
epoch:  20600 loss:  0.008928013034164906 PSNR:  26.392201527301175
epoch:  20800 loss:  0.008937092497944832 PSNR:  26.332289850004464
epoch:  21000 loss:  0.008920292370021343 PSNR:  26.394897100737357
epoch:  21200 loss:  0.008919640444219112 PSNR:  26.40494904911065
epoch:  21400 loss:  0.008935203775763512 PSNR:  26.34689611796749
epoch:  21600 loss:  0.00890440121293068 PSNR:  26.382929859947946
epoch:  21800 loss:  0.008931881748139858 PSNR:  26.293676033637094
epoch:  22000 loss:  0.008897765539586544 PSNR:  26.37135378625189
epoch:  22200 loss:  0.008968996815383434 PSNR:  26.31341294848129
epoch:  22400 loss:  0.008903585374355316 PSNR:  26.41112616142438
epoch:  22600 loss:  0.008920839987695217 PSNR:  26.29865815561614
epoch:  22800 loss:  0.00889490731060505 PSNR:  26.38520076629043
epoch:  23000 loss:  0.008945215493440628 PSNR:  26.30649592655096
epoch:  23200 loss:  0.008932111784815788 PSNR:  26.255821775573935
epoch:  23400 loss:  0.008898351341485977 PSNR:  26.390349487902505
epoch:  23600 loss:  0.00890637468546629 PSNR:  26.40392747120555
epoch:  23800 loss:  0.008882859721779823 PSNR:  26.392023776643722
epoch:  24000 loss:  0.008882984519004822 PSNR:  26.35537796996237
epoch:  24200 loss:  0.008880293928086758 PSNR:  26.388176401186897
epoch:  24400 loss:  0.008877720683813095 PSNR:  26.392304391410892
epoch:  24600 loss:  0.008872156962752342 PSNR:  26.33209807129362
epoch:  24800 loss:  0.008859345689415932 PSNR:  26.432912962053464
epoch:  25000 loss:  0.008890537545084953 PSNR:  26.368234857433013
epoch:  25200 loss:  0.00888064131140709 PSNR:  26.35821460917256
epoch:  25400 loss:  0.008903022855520248 PSNR:  26.313756319703675
epoch:  25600 loss:  0.008924516849219799 PSNR:  26.272539871378136
epoch:  25800 loss:  0.008898502215743065 PSNR:  26.38289294445081
epoch:  26000 loss:  0.008898572996258736 PSNR:  26.35518114310388
epoch:  26200 loss:  0.008912580087780952 PSNR:  26.317724115313084
epoch:  26400 loss:  0.008851654827594757 PSNR:  26.401682020883037
epoch:  26600 loss:  0.008865287527441978 PSNR:  26.345882746835848
epoch:  26800 loss:  0.008874652907252312 PSNR:  26.311790388308125
epoch:  27000 loss:  0.008879848755896091 PSNR:  26.319749083322588
epoch:  27200 loss:  0.00883202813565731 PSNR:  26.394426281492894
epoch:  27400 loss:  0.008864646777510643 PSNR:  26.376681205765323
epoch:  27600 loss:  0.008897965773940086 PSNR:  26.30639994047092
epoch:  27800 loss:  0.008854374289512634 PSNR:  26.364940624591288
epoch:  28000 loss:  0.008869336917996407 PSNR:  26.403120513120214
epoch:  28200 loss:  0.008857972919940948 PSNR:  26.335063356152546
epoch:  28400 loss:  0.008920488879084587 PSNR:  26.255738707267973
epoch:  28600 loss:  0.008845791220664978 PSNR:  26.333770079207326
epoch:  28800 loss:  0.00884789228439331 PSNR:  26.311141179689002
epoch:  29000 loss:  0.008847883902490139 PSNR:  26.340735616612516
epoch:  29200 loss:  0.00885519478470087 PSNR:  26.39922082177425
epoch:  29400 loss:  0.008841784670948982 PSNR:  26.352415774370503
epoch:  29600 loss:  0.008866576477885246 PSNR:  26.297918198484524
epoch:  29800 loss:  0.008838020265102386 PSNR:  26.337165029037276
epoch:  30000 loss:  0.008829288184642792 PSNR:  26.36335965251305
epoch:  30200 loss:  0.008844207040965557 PSNR:  26.306167282554732
epoch:  30400 loss:  0.00883515551686287 PSNR:  26.28925912730307
epoch:  30600 loss:  0.008843768388032913 PSNR:  26.366210032294404
epoch:  30800 loss:  0.008832359686493874 PSNR:  26.385519679867386
epoch:  31000 loss:  0.008832603693008423 PSNR:  26.377890646522687
epoch:  31200 loss:  0.008853292092680931 PSNR:  26.334521513048983
epoch:  31400 loss:  0.008851168677210808 PSNR:  26.3328857084281
epoch:  31600 loss:  0.008846844546496868 PSNR:  26.324207783372504
epoch:  31800 loss:  0.008825894445180893 PSNR:  26.330847045398134
epoch:  32000 loss:  0.008805201388895512 PSNR:  26.397963865739893
epoch:  32200 loss:  0.008845893666148186 PSNR:  26.36399788895039
epoch:  32400 loss:  0.008807007223367691 PSNR:  26.367469493535477
epoch:  32600 loss:  0.008839099667966366 PSNR:  26.336545421944024
epoch:  32800 loss:  0.008844180032610893 PSNR:  26.27078641276556
epoch:  33000 loss:  0.008794042281806469 PSNR:  26.382145248084097
epoch:  33200 loss:  0.008879636414349079 PSNR:  26.24041881843428
epoch:  33400 loss:  0.00884668156504631 PSNR:  26.307831989946884
epoch:  33600 loss:  0.008828199468553066 PSNR:  26.328424318895102
epoch:  33800 loss:  0.008819042704999447 PSNR:  26.34660636789736
epoch:  34000 loss:  0.008835040032863617 PSNR:  26.351146369458682
epoch:  34200 loss:  0.008816991932690144 PSNR:  26.323553163388453
epoch:  34400 loss:  0.008827872574329376 PSNR:  26.351702805866964
epoch:  34600 loss:  0.008817696943879128 PSNR:  26.293865682075086
epoch:  34800 loss:  0.008789023384451866 PSNR:  26.351163352005145
epoch:  35000 loss:  0.008804702199995518 PSNR:  26.352111798563573
epoch:  35200 loss:  0.00885307602584362 PSNR:  26.314818948718013
epoch:  35400 loss:  0.008826097473502159 PSNR:  26.325014425097145
epoch:  35600 loss:  0.008836347609758377 PSNR:  26.31543546362064
epoch:  35800 loss:  0.008798741735517979 PSNR:  26.36816127614538
epoch:  36000 loss:  0.008804578334093094 PSNR:  26.386101261949285
epoch:  36200 loss:  0.008800679817795753 PSNR:  26.35796886385768
epoch:  36400 loss:  0.008803220465779305 PSNR:  26.325691035864445
epoch:  36600 loss:  0.008812468498945236 PSNR:  26.393097609663148
epoch:  36800 loss:  0.008786605671048164 PSNR:  26.3551883002879
epoch:  37000 loss:  0.00883457064628601 PSNR:  26.257317276840823
epoch:  37200 loss:  0.00878406036645174 PSNR:  26.368372601365348
epoch:  37400 loss:  0.008786477148532867 PSNR:  26.376108075454635
epoch:  37600 loss:  0.008827264420688152 PSNR:  26.309276019897485
epoch:  37800 loss:  0.008797294460237026 PSNR:  26.354367984871025
epoch:  38000 loss:  0.008786280639469624 PSNR:  26.312666929617293
epoch:  38200 loss:  0.008798856288194656 PSNR:  26.354563880358725
epoch:  38400 loss:  0.008810276165604591 PSNR:  26.290511890936816
epoch:  38600 loss:  0.008841075003147125 PSNR:  26.249826577628603
epoch:  38800 loss:  0.008832759223878384 PSNR:  26.231077474714013
epoch:  39000 loss:  0.008790945634245872 PSNR:  26.32258562568559
epoch:  39200 loss:  0.00877987127751112 PSNR:  26.32630065336251
epoch:  39400 loss:  0.008852644823491573 PSNR:  26.22340185690807
epoch:  39600 loss:  0.008811432868242264 PSNR:  26.287410826285274
epoch:  39800 loss:  0.008783983066678047 PSNR:  26.349754026587124
PSNR of output image is:  26.349754026587124
(3, 512, 512) (1, 3, 512, 512) (3, 512, 512)
Experiment done
