(3, 256, 256)
(3, 256, 256)
Noisy PSNR is '7.340335165001587'
(3, 256, 256) (3, 256, 256) torch.Size([1, 32, 256, 256])
Output directory: data/inpainting/Set14/mask/7/sparsity/0.5/det/0.8/1e-09
epoch:  0 quantization_loss:  0.035839855670928955
p mean is: tensor(-0.0002, device='cuda:7')
epoch:  1000 quantization_loss:  0.03217588737607002
p mean is: tensor(-0.0098, device='cuda:7')
epoch:  2000 quantization_loss:  0.0321214385330677
p mean is: tensor(-0.0170, device='cuda:7')
epoch:  3000 quantization_loss:  0.031808771193027496
p mean is: tensor(-0.0241, device='cuda:7')
epoch:  4000 quantization_loss:  0.031788960099220276
p mean is: tensor(-0.0312, device='cuda:7')
epoch:  5000 quantization_loss:  0.03196961432695389
p mean is: tensor(-0.0386, device='cuda:7')
epoch:  6000 quantization_loss:  0.0316428542137146
p mean is: tensor(-0.0461, device='cuda:7')
epoch:  7000 quantization_loss:  0.03103993460536003
p mean is: tensor(-0.0537, device='cuda:7')
epoch:  8000 quantization_loss:  0.03162267431616783
p mean is: tensor(-0.0614, device='cuda:7')
epoch:  9000 quantization_loss:  0.03213830292224884
p mean is: tensor(-0.0697, device='cuda:7')
epoch:  10000 quantization_loss:  0.0316929891705513
p mean is: tensor(-0.0777, device='cuda:7')
epoch:  11000 quantization_loss:  0.030975135043263435
p mean is: tensor(-0.0862, device='cuda:7')
epoch:  12000 quantization_loss:  0.03133022412657738
p mean is: tensor(-0.0952, device='cuda:7')
epoch:  13000 quantization_loss:  0.03150765597820282
p mean is: tensor(-0.1046, device='cuda:7')
epoch:  14000 quantization_loss:  0.031276050955057144
p mean is: tensor(-0.1141, device='cuda:7')
epoch:  15000 quantization_loss:  0.03130599856376648
p mean is: tensor(-0.1239, device='cuda:7')
epoch:  16000 quantization_loss:  0.0313144251704216
p mean is: tensor(-0.1339, device='cuda:7')
epoch:  17000 quantization_loss:  0.03137672320008278
p mean is: tensor(-0.1440, device='cuda:7')
epoch:  18000 quantization_loss:  0.03139863163232803
p mean is: tensor(-0.1543, device='cuda:7')
epoch:  19000 quantization_loss:  0.030114756897091866
p mean is: tensor(-0.1648, device='cuda:7')
epoch:  20000 quantization_loss:  0.026326360180974007
p mean is: tensor(-0.1768, device='cuda:7')
epoch:  21000 quantization_loss:  0.023540358990430832
p mean is: tensor(-0.1924, device='cuda:7')
epoch:  22000 quantization_loss:  0.020192639902234077
p mean is: tensor(-0.2135, device='cuda:7')
epoch:  23000 quantization_loss:  0.017801839858293533
p mean is: tensor(-0.2410, device='cuda:7')
epoch:  24000 quantization_loss:  0.01514726784080267
p mean is: tensor(-0.2767, device='cuda:7')
epoch:  25000 quantization_loss:  0.013950679451227188
p mean is: tensor(-0.3218, device='cuda:7')
epoch:  26000 quantization_loss:  0.01358315721154213
p mean is: tensor(-0.3769, device='cuda:7')
epoch:  27000 quantization_loss:  0.012199527584016323
p mean is: tensor(-0.4414, device='cuda:7')
epoch:  28000 quantization_loss:  0.011580019257962704
p mean is: tensor(-0.5133, device='cuda:7')
epoch:  29000 quantization_loss:  0.010902070440351963
p mean is: tensor(-0.5890, device='cuda:7')
epoch:  30000 quantization_loss:  0.009995624423027039
p mean is: tensor(-0.6648, device='cuda:7')
epoch:  31000 quantization_loss:  0.009563883766531944
p mean is: tensor(-0.7371, device='cuda:7')
epoch:  32000 quantization_loss:  0.009289942681789398
p mean is: tensor(-0.8038, device='cuda:7')
epoch:  33000 quantization_loss:  0.009003718383610249
p mean is: tensor(-0.8638, device='cuda:7')
epoch:  34000 quantization_loss:  0.00887441448867321
p mean is: tensor(-0.9168, device='cuda:7')
epoch:  35000 quantization_loss:  0.008396845310926437
p mean is: tensor(-0.9633, device='cuda:7')
epoch:  36000 quantization_loss:  0.008198779076337814
p mean is: tensor(-1.0036, device='cuda:7')
epoch:  37000 quantization_loss:  0.008030537515878677
p mean is: tensor(-1.0384, device='cuda:7')
epoch:  38000 quantization_loss:  0.007834283635020256
p mean is: tensor(-1.0683, device='cuda:7')
epoch:  39000 quantization_loss:  0.008233782835304737
p mean is: tensor(-1.0940, device='cuda:7')
epoch:  40000 quantization_loss:  0.007562590297311544
p mean is: tensor(-1.1160, device='cuda:7')
epoch:  41000 quantization_loss:  0.0074181826785206795
p mean is: tensor(-1.1349, device='cuda:7')
epoch:  42000 quantization_loss:  0.007335619069635868
p mean is: tensor(-1.1512, device='cuda:7')
epoch:  43000 quantization_loss:  0.007241999730467796
p mean is: tensor(-1.1652, device='cuda:7')
epoch:  44000 quantization_loss:  0.007152010686695576
p mean is: tensor(-1.1772, device='cuda:7')
epoch:  45000 quantization_loss:  0.007159706670790911
p mean is: tensor(-1.1875, device='cuda:7')
epoch:  46000 quantization_loss:  0.0069760666228830814
p mean is: tensor(-1.1965, device='cuda:7')
epoch:  47000 quantization_loss:  0.006953389849513769
p mean is: tensor(-1.2042, device='cuda:7')
epoch:  48000 quantization_loss:  0.006898765452206135
p mean is: tensor(-1.2110, device='cuda:7')
epoch:  49000 quantization_loss:  0.00684144115075469
p mean is: tensor(-1.2168, device='cuda:7')
epoch:  50000 quantization_loss:  0.006804856471717358
p mean is: tensor(-1.2219, device='cuda:7')
epoch:  51000 quantization_loss:  0.006809751037508249
p mean is: tensor(-1.2264, device='cuda:7')
epoch:  52000 quantization_loss:  0.006744539365172386
p mean is: tensor(-1.2303, device='cuda:7')
epoch:  53000 quantization_loss:  0.00669554527848959
p mean is: tensor(-1.2338, device='cuda:7')
epoch:  54000 quantization_loss:  0.006661598104983568
p mean is: tensor(-1.2368, device='cuda:7')
epoch:  55000 quantization_loss:  0.0066507491283118725
p mean is: tensor(-1.2395, device='cuda:7')
epoch:  56000 quantization_loss:  0.006615450605750084
p mean is: tensor(-1.2419, device='cuda:7')
epoch:  57000 quantization_loss:  0.006598162464797497
p mean is: tensor(-1.2440, device='cuda:7')
epoch:  58000 quantization_loss:  0.00658684317022562
p mean is: tensor(-1.2458, device='cuda:7')
epoch:  59000 quantization_loss:  0.0065690455958247185
p mean is: tensor(-1.2475, device='cuda:7')
Number of elements to keep: 2407093
Threshold value: -1.3241993188858032
Number of elements equal to threshold: 1
Number of elements to randomly select: 1
Actual sparsity achieved: 0.7999998005893912
here
Number of elements to keep: 150443
Threshold value: -0.9142770767211914
Number of elements equal to threshold: 1
Number of elements to randomly select: 1
Actual sparsity achieved: 0.04999988367714492
1.1.1.weight         | nonzeros =    8442 /   12800             ( 65.95%) | total_pruned =    4358 | shape = torch.Size([16, 32, 5, 5])
1.1.1.bias           | nonzeros =      16 /      16             (100.00%) | total_pruned =       0 | shape = torch.Size([16])
1.2.weight           | nonzeros =       9 /      16             ( 56.25%) | total_pruned =       7 | shape = torch.Size([16])
1.2.bias             | nonzeros =       0 /      16             (  0.00%) | total_pruned =      16 | shape = torch.Size([16])
1.4.1.weight         | nonzeros =    4605 /    6400             ( 71.95%) | total_pruned =    1795 | shape = torch.Size([16, 16, 5, 5])
1.4.1.bias           | nonzeros =      16 /      16             (100.00%) | total_pruned =       0 | shape = torch.Size([16])
1.5.weight           | nonzeros =      11 /      16             ( 68.75%) | total_pruned =       5 | shape = torch.Size([16])
1.5.bias             | nonzeros =       0 /      16             (  0.00%) | total_pruned =      16 | shape = torch.Size([16])
1.7.1.1.1.weight     | nonzeros =    9426 /   12800             ( 73.64%) | total_pruned =    3374 | shape = torch.Size([32, 16, 5, 5])
1.7.1.1.1.bias       | nonzeros =      32 /      32             (100.00%) | total_pruned =       0 | shape = torch.Size([32])
1.7.1.2.weight       | nonzeros =      21 /      32             ( 65.62%) | total_pruned =      11 | shape = torch.Size([32])
1.7.1.2.bias         | nonzeros =       0 /      32             (  0.00%) | total_pruned =      32 | shape = torch.Size([32])
1.7.1.4.1.weight     | nonzeros =   19070 /   25600             ( 74.49%) | total_pruned =    6530 | shape = torch.Size([32, 32, 5, 5])
1.7.1.4.1.bias       | nonzeros =      32 /      32             (100.00%) | total_pruned =       0 | shape = torch.Size([32])
1.7.1.5.weight       | nonzeros =      17 /      32             ( 53.12%) | total_pruned =      15 | shape = torch.Size([32])
1.7.1.5.bias         | nonzeros =       0 /      32             (  0.00%) | total_pruned =      32 | shape = torch.Size([32])
1.7.1.7.1.1.1.weight | nonzeros =   39017 /   51200             ( 76.21%) | total_pruned =   12183 | shape = torch.Size([64, 32, 5, 5])
1.7.1.7.1.1.1.bias   | nonzeros =      64 /      64             (100.00%) | total_pruned =       0 | shape = torch.Size([64])
1.7.1.7.1.2.weight   | nonzeros =      38 /      64             ( 59.38%) | total_pruned =      26 | shape = torch.Size([64])
1.7.1.7.1.2.bias     | nonzeros =       0 /      64             (  0.00%) | total_pruned =      64 | shape = torch.Size([64])
1.7.1.7.1.4.1.weight | nonzeros =   81838 /  102400             ( 79.92%) | total_pruned =   20562 | shape = torch.Size([64, 64, 5, 5])
1.7.1.7.1.4.1.bias   | nonzeros =      64 /      64             (100.00%) | total_pruned =       0 | shape = torch.Size([64])
1.7.1.7.1.5.weight   | nonzeros =      35 /      64             ( 54.69%) | total_pruned =      29 | shape = torch.Size([64])
1.7.1.7.1.5.bias     | nonzeros =       0 /      64             (  0.00%) | total_pruned =      64 | shape = torch.Size([64])
1.7.1.7.1.7.1.1.1.weight | nonzeros =  167393 /  204800             ( 81.73%) | total_pruned =   37407 | shape = torch.Size([128, 64, 5, 5])
1.7.1.7.1.7.1.1.1.bias | nonzeros =     128 /     128             (100.00%) | total_pruned =       0 | shape = torch.Size([128])
1.7.1.7.1.7.1.2.weight | nonzeros =      68 /     128             ( 53.12%) | total_pruned =      60 | shape = torch.Size([128])
1.7.1.7.1.7.1.2.bias | nonzeros =       0 /     128             (  0.00%) | total_pruned =     128 | shape = torch.Size([128])
1.7.1.7.1.7.1.4.1.weight | nonzeros =  339355 /  409600             ( 82.85%) | total_pruned =   70245 | shape = torch.Size([128, 128, 5, 5])
1.7.1.7.1.7.1.4.1.bias | nonzeros =     128 /     128             (100.00%) | total_pruned =       0 | shape = torch.Size([128])
1.7.1.7.1.7.1.5.weight | nonzeros =      65 /     128             ( 50.78%) | total_pruned =      63 | shape = torch.Size([128])
1.7.1.7.1.7.1.5.bias | nonzeros =       0 /     128             (  0.00%) | total_pruned =     128 | shape = torch.Size([128])
1.7.1.7.1.7.1.7.1.1.1.weight | nonzeros =  335404 /  409600             ( 81.89%) | total_pruned =   74196 | shape = torch.Size([128, 128, 5, 5])
1.7.1.7.1.7.1.7.1.1.1.bias | nonzeros =     128 /     128             (100.00%) | total_pruned =       0 | shape = torch.Size([128])
1.7.1.7.1.7.1.7.1.2.weight | nonzeros =      69 /     128             ( 53.91%) | total_pruned =      59 | shape = torch.Size([128])
1.7.1.7.1.7.1.7.1.2.bias | nonzeros =       0 /     128             (  0.00%) | total_pruned =     128 | shape = torch.Size([128])
1.7.1.7.1.7.1.7.1.4.1.weight | nonzeros =  327972 /  409600             ( 80.07%) | total_pruned =   81628 | shape = torch.Size([128, 128, 5, 5])
1.7.1.7.1.7.1.7.1.4.1.bias | nonzeros =     128 /     128             (100.00%) | total_pruned =       0 | shape = torch.Size([128])
1.7.1.7.1.7.1.7.1.5.weight | nonzeros =      74 /     128             ( 57.81%) | total_pruned =      54 | shape = torch.Size([128])
1.7.1.7.1.7.1.7.1.5.bias | nonzeros =       0 /     128             (  0.00%) | total_pruned =     128 | shape = torch.Size([128])
1.7.1.7.1.7.1.7.1.7.1.1.1.weight | nonzeros =  321940 /  409600             ( 78.60%) | total_pruned =   87660 | shape = torch.Size([128, 128, 5, 5])
1.7.1.7.1.7.1.7.1.7.1.1.1.bias | nonzeros =     128 /     128             (100.00%) | total_pruned =       0 | shape = torch.Size([128])
1.7.1.7.1.7.1.7.1.7.1.2.weight | nonzeros =      79 /     128             ( 61.72%) | total_pruned =      49 | shape = torch.Size([128])
1.7.1.7.1.7.1.7.1.7.1.2.bias | nonzeros =       0 /     128             (  0.00%) | total_pruned =     128 | shape = torch.Size([128])
1.7.1.7.1.7.1.7.1.7.1.4.1.weight | nonzeros =  334384 /  409600             ( 81.64%) | total_pruned =   75216 | shape = torch.Size([128, 128, 5, 5])
1.7.1.7.1.7.1.7.1.7.1.4.1.bias | nonzeros =     128 /     128             (100.00%) | total_pruned =       0 | shape = torch.Size([128])
1.7.1.7.1.7.1.7.1.7.1.5.weight | nonzeros =      64 /     128             ( 50.00%) | total_pruned =      64 | shape = torch.Size([128])
1.7.1.7.1.7.1.7.1.7.1.5.bias | nonzeros =       0 /     128             (  0.00%) | total_pruned =     128 | shape = torch.Size([128])
1.7.1.7.1.7.1.7.1.7.2.weight | nonzeros =      62 /     128             ( 48.44%) | total_pruned =      66 | shape = torch.Size([128])
1.7.1.7.1.7.1.7.1.7.2.bias | nonzeros =       0 /     128             (  0.00%) | total_pruned =     128 | shape = torch.Size([128])
1.7.1.7.1.7.1.7.1.7.3.1.weight | nonzeros =  118456 /  147456             ( 80.33%) | total_pruned =   29000 | shape = torch.Size([128, 128, 3, 3])
1.7.1.7.1.7.1.7.1.7.3.1.bias | nonzeros =     128 /     128             (100.00%) | total_pruned =       0 | shape = torch.Size([128])
1.7.1.7.1.7.1.7.1.7.4.weight | nonzeros =      76 /     128             ( 59.38%) | total_pruned =      52 | shape = torch.Size([128])
1.7.1.7.1.7.1.7.1.7.4.bias | nonzeros =       0 /     128             (  0.00%) | total_pruned =     128 | shape = torch.Size([128])
1.7.1.7.1.7.1.7.2.weight | nonzeros =      71 /     128             ( 55.47%) | total_pruned =      57 | shape = torch.Size([128])
1.7.1.7.1.7.1.7.2.bias | nonzeros =       0 /     128             (  0.00%) | total_pruned =     128 | shape = torch.Size([128])
1.7.1.7.1.7.1.7.3.1.weight | nonzeros =  111292 /  147456             ( 75.47%) | total_pruned =   36164 | shape = torch.Size([128, 128, 3, 3])
1.7.1.7.1.7.1.7.3.1.bias | nonzeros =     128 /     128             (100.00%) | total_pruned =       0 | shape = torch.Size([128])
1.7.1.7.1.7.1.7.4.weight | nonzeros =      81 /     128             ( 63.28%) | total_pruned =      47 | shape = torch.Size([128])
1.7.1.7.1.7.1.7.4.bias | nonzeros =       0 /     128             (  0.00%) | total_pruned =     128 | shape = torch.Size([128])
1.7.1.7.1.7.2.weight | nonzeros =      81 /     128             ( 63.28%) | total_pruned =      47 | shape = torch.Size([128])
1.7.1.7.1.7.2.bias   | nonzeros =       0 /     128             (  0.00%) | total_pruned =     128 | shape = torch.Size([128])
1.7.1.7.1.7.3.1.weight | nonzeros =  110259 /  147456             ( 74.77%) | total_pruned =   37197 | shape = torch.Size([128, 128, 3, 3])
1.7.1.7.1.7.3.1.bias | nonzeros =     128 /     128             (100.00%) | total_pruned =       0 | shape = torch.Size([128])
1.7.1.7.1.7.4.weight | nonzeros =      72 /     128             ( 56.25%) | total_pruned =      56 | shape = torch.Size([128])
1.7.1.7.1.7.4.bias   | nonzeros =       0 /     128             (  0.00%) | total_pruned =     128 | shape = torch.Size([128])
1.7.1.7.2.weight     | nonzeros =      70 /     128             ( 54.69%) | total_pruned =      58 | shape = torch.Size([128])
1.7.1.7.2.bias       | nonzeros =       0 /     128             (  0.00%) | total_pruned =     128 | shape = torch.Size([128])
1.7.1.7.3.1.weight   | nonzeros =   56579 /   73728             ( 76.74%) | total_pruned =   17149 | shape = torch.Size([64, 128, 3, 3])
1.7.1.7.3.1.bias     | nonzeros =      64 /      64             (100.00%) | total_pruned =       0 | shape = torch.Size([64])
1.7.1.7.4.weight     | nonzeros =      32 /      64             ( 50.00%) | total_pruned =      32 | shape = torch.Size([64])
1.7.1.7.4.bias       | nonzeros =       0 /      64             (  0.00%) | total_pruned =      64 | shape = torch.Size([64])
1.7.2.weight         | nonzeros =      31 /      64             ( 48.44%) | total_pruned =      33 | shape = torch.Size([64])
1.7.2.bias           | nonzeros =       0 /      64             (  0.00%) | total_pruned =      64 | shape = torch.Size([64])
1.7.3.1.weight       | nonzeros =   14109 /   18432             ( 76.55%) | total_pruned =    4323 | shape = torch.Size([32, 64, 3, 3])
1.7.3.1.bias         | nonzeros =      32 /      32             (100.00%) | total_pruned =       0 | shape = torch.Size([32])
1.7.4.weight         | nonzeros =      16 /      32             ( 50.00%) | total_pruned =      16 | shape = torch.Size([32])
1.7.4.bias           | nonzeros =       0 /      32             (  0.00%) | total_pruned =      32 | shape = torch.Size([32])
2.weight             | nonzeros =      16 /      32             ( 50.00%) | total_pruned =      16 | shape = torch.Size([32])
2.bias               | nonzeros =       0 /      32             (  0.00%) | total_pruned =      32 | shape = torch.Size([32])
3.1.weight           | nonzeros =    2757 /    4608             ( 59.83%) | total_pruned =    1851 | shape = torch.Size([16, 32, 3, 3])
3.1.bias             | nonzeros =      16 /      16             (100.00%) | total_pruned =       0 | shape = torch.Size([16])
4.weight             | nonzeros =      15 /      16             ( 93.75%) | total_pruned =       1 | shape = torch.Size([16])
4.bias               | nonzeros =       0 /      16             (  0.00%) | total_pruned =      16 | shape = torch.Size([16])
6.1.weight           | nonzeros =      35 /      48             ( 72.92%) | total_pruned =      13 | shape = torch.Size([3, 16, 1, 1])
6.1.bias             | nonzeros =       2 /       3             ( 66.67%) | total_pruned =       1 | shape = torch.Size([3])
alive: 2404996, pruned : 603871, total: 3008867, Compression rate :       1.25x  ( 20.07% pruned)
PSNR of output image is:  18.584174079250687
Experiment done
