(3, 512, 512)
(3, 512, 512)
Noisy PSNR is '10.50473580192123'
(3, 512, 512) (3, 512, 512) torch.Size([1, 32, 512, 512])
Output directory: data/inpainting/Set14/mask/8/sparsity/0.5/det/0.04/1e-09
epoch:  0 quantization_loss:  0.04425419121980667
p mean is: tensor(-0.0002, device='cuda:6')
epoch:  1000 quantization_loss:  0.035918813198804855
p mean is: tensor(-0.0138, device='cuda:6')
epoch:  2000 quantization_loss:  0.03509576991200447
p mean is: tensor(-0.0236, device='cuda:6')
epoch:  3000 quantization_loss:  0.03528972342610359
p mean is: tensor(-0.0334, device='cuda:6')
epoch:  4000 quantization_loss:  0.031766127794981
p mean is: tensor(-0.0435, device='cuda:6')
epoch:  5000 quantization_loss:  0.03126069903373718
p mean is: tensor(-0.0551, device='cuda:6')
epoch:  6000 quantization_loss:  0.030303936451673508
p mean is: tensor(-0.0707, device='cuda:6')
epoch:  7000 quantization_loss:  0.026285117492079735
p mean is: tensor(-0.0910, device='cuda:6')
epoch:  8000 quantization_loss:  0.02361142635345459
p mean is: tensor(-0.1167, device='cuda:6')
epoch:  9000 quantization_loss:  0.0223227571696043
p mean is: tensor(-0.1499, device='cuda:6')
epoch:  10000 quantization_loss:  0.020366501063108444
p mean is: tensor(-0.1923, device='cuda:6')
epoch:  11000 quantization_loss:  0.0195304062217474
p mean is: tensor(-0.2441, device='cuda:6')
epoch:  12000 quantization_loss:  0.019170526415109634
p mean is: tensor(-0.3055, device='cuda:6')
epoch:  13000 quantization_loss:  0.018705731257796288
p mean is: tensor(-0.3756, device='cuda:6')
epoch:  14000 quantization_loss:  0.018478723242878914
p mean is: tensor(-0.4518, device='cuda:6')
epoch:  15000 quantization_loss:  0.018189936876296997
p mean is: tensor(-0.5308, device='cuda:6')
epoch:  16000 quantization_loss:  0.017836667597293854
p mean is: tensor(-0.6087, device='cuda:6')
epoch:  17000 quantization_loss:  0.017818810418248177
p mean is: tensor(-0.6827, device='cuda:6')
epoch:  18000 quantization_loss:  0.017544666305184364
p mean is: tensor(-0.7507, device='cuda:6')
epoch:  19000 quantization_loss:  0.017434224486351013
p mean is: tensor(-0.8119, device='cuda:6')
epoch:  20000 quantization_loss:  0.016573959961533546
p mean is: tensor(-0.8653, device='cuda:6')
epoch:  21000 quantization_loss:  0.01603732816874981
p mean is: tensor(-0.9114, device='cuda:6')
epoch:  22000 quantization_loss:  0.01588640734553337
p mean is: tensor(-0.9521, device='cuda:6')
epoch:  23000 quantization_loss:  0.015785755589604378
p mean is: tensor(-0.9879, device='cuda:6')
epoch:  24000 quantization_loss:  0.015658289194107056
p mean is: tensor(-1.0196, device='cuda:6')
epoch:  25000 quantization_loss:  0.01562441699206829
p mean is: tensor(-1.0477, device='cuda:6')
epoch:  26000 quantization_loss:  0.01552574522793293
p mean is: tensor(-1.0725, device='cuda:6')
epoch:  27000 quantization_loss:  0.015449647791683674
p mean is: tensor(-1.0944, device='cuda:6')
epoch:  28000 quantization_loss:  0.015409860759973526
p mean is: tensor(-1.1137, device='cuda:6')
epoch:  29000 quantization_loss:  0.015392485074698925
p mean is: tensor(-1.1308, device='cuda:6')
epoch:  30000 quantization_loss:  0.015317573212087154
p mean is: tensor(-1.1460, device='cuda:6')
epoch:  31000 quantization_loss:  0.015241315588355064
p mean is: tensor(-1.1596, device='cuda:6')
epoch:  32000 quantization_loss:  0.015210152603685856
p mean is: tensor(-1.1718, device='cuda:6')
epoch:  33000 quantization_loss:  0.015174232423305511
p mean is: tensor(-1.1826, device='cuda:6')
epoch:  34000 quantization_loss:  0.015182035975158215
p mean is: tensor(-1.1924, device='cuda:6')
epoch:  35000 quantization_loss:  0.0151301184669137
p mean is: tensor(-1.2012, device='cuda:6')
epoch:  36000 quantization_loss:  0.015107069164514542
p mean is: tensor(-1.2091, device='cuda:6')
epoch:  37000 quantization_loss:  0.015074706636369228
p mean is: tensor(-1.2163, device='cuda:6')
epoch:  38000 quantization_loss:  0.015028836205601692
p mean is: tensor(-1.2228, device='cuda:6')
epoch:  39000 quantization_loss:  0.015020200051367283
p mean is: tensor(-1.2288, device='cuda:6')
epoch:  40000 quantization_loss:  0.0150029631331563
p mean is: tensor(-1.2342, device='cuda:6')
epoch:  41000 quantization_loss:  0.014991234987974167
p mean is: tensor(-1.2392, device='cuda:6')
epoch:  42000 quantization_loss:  0.014974823221564293
p mean is: tensor(-1.2437, device='cuda:6')
epoch:  43000 quantization_loss:  0.014951695688068867
p mean is: tensor(-1.2479, device='cuda:6')
epoch:  44000 quantization_loss:  0.01492626778781414
p mean is: tensor(-1.2517, device='cuda:6')
epoch:  45000 quantization_loss:  0.014922314323484898
p mean is: tensor(-1.2553, device='cuda:6')
epoch:  46000 quantization_loss:  0.014897609129548073
p mean is: tensor(-1.2586, device='cuda:6')
epoch:  47000 quantization_loss:  0.014901048503816128
p mean is: tensor(-1.2618, device='cuda:6')
epoch:  48000 quantization_loss:  0.014887381345033646
p mean is: tensor(-1.2647, device='cuda:6')
epoch:  49000 quantization_loss:  0.014886683784425259
p mean is: tensor(-1.2674, device='cuda:6')
epoch:  50000 quantization_loss:  0.014868468977510929
p mean is: tensor(-1.2700, device='cuda:6')
epoch:  51000 quantization_loss:  0.014858526177704334
p mean is: tensor(-1.2724, device='cuda:6')
epoch:  52000 quantization_loss:  0.014851871877908707
p mean is: tensor(-1.2747, device='cuda:6')
epoch:  53000 quantization_loss:  0.014849072322249413
p mean is: tensor(-1.2769, device='cuda:6')
epoch:  54000 quantization_loss:  0.014830331318080425
p mean is: tensor(-1.2790, device='cuda:6')
epoch:  55000 quantization_loss:  0.014834977686405182
p mean is: tensor(-1.2809, device='cuda:6')
epoch:  56000 quantization_loss:  0.014821803197264671
p mean is: tensor(-1.2828, device='cuda:6')
epoch:  57000 quantization_loss:  0.014820731244981289
p mean is: tensor(-1.2846, device='cuda:6')
epoch:  58000 quantization_loss:  0.014815482310950756
p mean is: tensor(-1.2863, device='cuda:6')
epoch:  59000 quantization_loss:  0.014822383411228657
p mean is: tensor(-1.2878, device='cuda:6')
Number of elements to keep: 120354
Threshold value: 0.43398040533065796
Number of elements equal to threshold: 1
Number of elements to randomly select: 1
Actual sparsity achieved: 0.03999977400131013
here
Number of elements to keep: 150443
Threshold value: -0.42133283615112305
Number of elements equal to threshold: 1
Number of elements to randomly select: 1
Actual sparsity achieved: 0.04999988367714492
1.1.1.weight         | nonzeros =     858 /   12800             (  6.70%) | total_pruned =   11942 | shape = torch.Size([16, 32, 5, 5])
1.1.1.bias           | nonzeros =       0 /      16             (  0.00%) | total_pruned =      16 | shape = torch.Size([16])
1.2.weight           | nonzeros =       7 /      16             ( 43.75%) | total_pruned =       9 | shape = torch.Size([16])
1.2.bias             | nonzeros =       0 /      16             (  0.00%) | total_pruned =      16 | shape = torch.Size([16])
1.4.1.weight         | nonzeros =      81 /    6400             (  1.27%) | total_pruned =    6319 | shape = torch.Size([16, 16, 5, 5])
1.4.1.bias           | nonzeros =       0 /      16             (  0.00%) | total_pruned =      16 | shape = torch.Size([16])
1.5.weight           | nonzeros =       5 /      16             ( 31.25%) | total_pruned =      11 | shape = torch.Size([16])
1.5.bias             | nonzeros =       0 /      16             (  0.00%) | total_pruned =      16 | shape = torch.Size([16])
1.7.1.1.1.weight     | nonzeros =      27 /   12800             (  0.21%) | total_pruned =   12773 | shape = torch.Size([32, 16, 5, 5])
1.7.1.1.1.bias       | nonzeros =       0 /      32             (  0.00%) | total_pruned =      32 | shape = torch.Size([32])
1.7.1.2.weight       | nonzeros =      11 /      32             ( 34.38%) | total_pruned =      21 | shape = torch.Size([32])
1.7.1.2.bias         | nonzeros =       0 /      32             (  0.00%) | total_pruned =      32 | shape = torch.Size([32])
1.7.1.4.1.weight     | nonzeros =      19 /   25600             (  0.07%) | total_pruned =   25581 | shape = torch.Size([32, 32, 5, 5])
1.7.1.4.1.bias       | nonzeros =       0 /      32             (  0.00%) | total_pruned =      32 | shape = torch.Size([32])
1.7.1.5.weight       | nonzeros =      15 /      32             ( 46.88%) | total_pruned =      17 | shape = torch.Size([32])
1.7.1.5.bias         | nonzeros =       0 /      32             (  0.00%) | total_pruned =      32 | shape = torch.Size([32])
1.7.1.7.1.1.1.weight | nonzeros =       0 /   51200             (  0.00%) | total_pruned =   51200 | shape = torch.Size([64, 32, 5, 5])
1.7.1.7.1.1.1.bias   | nonzeros =       0 /      64             (  0.00%) | total_pruned =      64 | shape = torch.Size([64])
1.7.1.7.1.2.weight   | nonzeros =      25 /      64             ( 39.06%) | total_pruned =      39 | shape = torch.Size([64])
1.7.1.7.1.2.bias     | nonzeros =       0 /      64             (  0.00%) | total_pruned =      64 | shape = torch.Size([64])
1.7.1.7.1.4.1.weight | nonzeros =       5 /  102400             (  0.00%) | total_pruned =  102395 | shape = torch.Size([64, 64, 5, 5])
1.7.1.7.1.4.1.bias   | nonzeros =       0 /      64             (  0.00%) | total_pruned =      64 | shape = torch.Size([64])
1.7.1.7.1.5.weight   | nonzeros =      31 /      64             ( 48.44%) | total_pruned =      33 | shape = torch.Size([64])
1.7.1.7.1.5.bias     | nonzeros =       0 /      64             (  0.00%) | total_pruned =      64 | shape = torch.Size([64])
1.7.1.7.1.7.1.1.1.weight | nonzeros =       0 /  204800             (  0.00%) | total_pruned =  204800 | shape = torch.Size([128, 64, 5, 5])
1.7.1.7.1.7.1.1.1.bias | nonzeros =       0 /     128             (  0.00%) | total_pruned =     128 | shape = torch.Size([128])
1.7.1.7.1.7.1.2.weight | nonzeros =      65 /     128             ( 50.78%) | total_pruned =      63 | shape = torch.Size([128])
1.7.1.7.1.7.1.2.bias | nonzeros =       0 /     128             (  0.00%) | total_pruned =     128 | shape = torch.Size([128])
1.7.1.7.1.7.1.4.1.weight | nonzeros =       0 /  409600             (  0.00%) | total_pruned =  409600 | shape = torch.Size([128, 128, 5, 5])
1.7.1.7.1.7.1.4.1.bias | nonzeros =       0 /     128             (  0.00%) | total_pruned =     128 | shape = torch.Size([128])
1.7.1.7.1.7.1.5.weight | nonzeros =      71 /     128             ( 55.47%) | total_pruned =      57 | shape = torch.Size([128])
1.7.1.7.1.7.1.5.bias | nonzeros =       0 /     128             (  0.00%) | total_pruned =     128 | shape = torch.Size([128])
1.7.1.7.1.7.1.7.1.1.1.weight | nonzeros =       0 /  409600             (  0.00%) | total_pruned =  409600 | shape = torch.Size([128, 128, 5, 5])
1.7.1.7.1.7.1.7.1.1.1.bias | nonzeros =       0 /     128             (  0.00%) | total_pruned =     128 | shape = torch.Size([128])
1.7.1.7.1.7.1.7.1.2.weight | nonzeros =      83 /     128             ( 64.84%) | total_pruned =      45 | shape = torch.Size([128])
1.7.1.7.1.7.1.7.1.2.bias | nonzeros =       0 /     128             (  0.00%) | total_pruned =     128 | shape = torch.Size([128])
1.7.1.7.1.7.1.7.1.4.1.weight | nonzeros =     561 /  409600             (  0.14%) | total_pruned =  409039 | shape = torch.Size([128, 128, 5, 5])
1.7.1.7.1.7.1.7.1.4.1.bias | nonzeros =       0 /     128             (  0.00%) | total_pruned =     128 | shape = torch.Size([128])
1.7.1.7.1.7.1.7.1.5.weight | nonzeros =      97 /     128             ( 75.78%) | total_pruned =      31 | shape = torch.Size([128])
1.7.1.7.1.7.1.7.1.5.bias | nonzeros =       0 /     128             (  0.00%) | total_pruned =     128 | shape = torch.Size([128])
1.7.1.7.1.7.1.7.1.7.1.1.1.weight | nonzeros =    3045 /  409600             (  0.74%) | total_pruned =  406555 | shape = torch.Size([128, 128, 5, 5])
1.7.1.7.1.7.1.7.1.7.1.1.1.bias | nonzeros =       0 /     128             (  0.00%) | total_pruned =     128 | shape = torch.Size([128])
1.7.1.7.1.7.1.7.1.7.1.2.weight | nonzeros =      94 /     128             ( 73.44%) | total_pruned =      34 | shape = torch.Size([128])
1.7.1.7.1.7.1.7.1.7.1.2.bias | nonzeros =       0 /     128             (  0.00%) | total_pruned =     128 | shape = torch.Size([128])
1.7.1.7.1.7.1.7.1.7.1.4.1.weight | nonzeros =   19995 /  409600             (  4.88%) | total_pruned =  389605 | shape = torch.Size([128, 128, 5, 5])
1.7.1.7.1.7.1.7.1.7.1.4.1.bias | nonzeros =       0 /     128             (  0.00%) | total_pruned =     128 | shape = torch.Size([128])
1.7.1.7.1.7.1.7.1.7.1.5.weight | nonzeros =      95 /     128             ( 74.22%) | total_pruned =      33 | shape = torch.Size([128])
1.7.1.7.1.7.1.7.1.7.1.5.bias | nonzeros =       0 /     128             (  0.00%) | total_pruned =     128 | shape = torch.Size([128])
1.7.1.7.1.7.1.7.1.7.2.weight | nonzeros =      95 /     128             ( 74.22%) | total_pruned =      33 | shape = torch.Size([128])
1.7.1.7.1.7.1.7.1.7.2.bias | nonzeros =       0 /     128             (  0.00%) | total_pruned =     128 | shape = torch.Size([128])
1.7.1.7.1.7.1.7.1.7.3.1.weight | nonzeros =   28440 /  147456             ( 19.29%) | total_pruned =  119016 | shape = torch.Size([128, 128, 3, 3])
1.7.1.7.1.7.1.7.1.7.3.1.bias | nonzeros =       0 /     128             (  0.00%) | total_pruned =     128 | shape = torch.Size([128])
1.7.1.7.1.7.1.7.1.7.4.weight | nonzeros =      93 /     128             ( 72.66%) | total_pruned =      35 | shape = torch.Size([128])
1.7.1.7.1.7.1.7.1.7.4.bias | nonzeros =       0 /     128             (  0.00%) | total_pruned =     128 | shape = torch.Size([128])
1.7.1.7.1.7.1.7.2.weight | nonzeros =      93 /     128             ( 72.66%) | total_pruned =      35 | shape = torch.Size([128])
1.7.1.7.1.7.1.7.2.bias | nonzeros =       0 /     128             (  0.00%) | total_pruned =     128 | shape = torch.Size([128])
1.7.1.7.1.7.1.7.3.1.weight | nonzeros =   26247 /  147456             ( 17.80%) | total_pruned =  121209 | shape = torch.Size([128, 128, 3, 3])
1.7.1.7.1.7.1.7.3.1.bias | nonzeros =       0 /     128             (  0.00%) | total_pruned =     128 | shape = torch.Size([128])
1.7.1.7.1.7.1.7.4.weight | nonzeros =      79 /     128             ( 61.72%) | total_pruned =      49 | shape = torch.Size([128])
1.7.1.7.1.7.1.7.4.bias | nonzeros =       0 /     128             (  0.00%) | total_pruned =     128 | shape = torch.Size([128])
1.7.1.7.1.7.2.weight | nonzeros =      79 /     128             ( 61.72%) | total_pruned =      49 | shape = torch.Size([128])
1.7.1.7.1.7.2.bias   | nonzeros =       0 /     128             (  0.00%) | total_pruned =     128 | shape = torch.Size([128])
1.7.1.7.1.7.3.1.weight | nonzeros =   22520 /  147456             ( 15.27%) | total_pruned =  124936 | shape = torch.Size([128, 128, 3, 3])
1.7.1.7.1.7.3.1.bias | nonzeros =       0 /     128             (  0.00%) | total_pruned =     128 | shape = torch.Size([128])
1.7.1.7.1.7.4.weight | nonzeros =      83 /     128             ( 64.84%) | total_pruned =      45 | shape = torch.Size([128])
1.7.1.7.1.7.4.bias   | nonzeros =       0 /     128             (  0.00%) | total_pruned =     128 | shape = torch.Size([128])
1.7.1.7.2.weight     | nonzeros =      83 /     128             ( 64.84%) | total_pruned =      45 | shape = torch.Size([128])
1.7.1.7.2.bias       | nonzeros =       0 /     128             (  0.00%) | total_pruned =     128 | shape = torch.Size([128])
1.7.1.7.3.1.weight   | nonzeros =   12696 /   73728             ( 17.22%) | total_pruned =   61032 | shape = torch.Size([64, 128, 3, 3])
1.7.1.7.3.1.bias     | nonzeros =       0 /      64             (  0.00%) | total_pruned =      64 | shape = torch.Size([64])
1.7.1.7.4.weight     | nonzeros =      43 /      64             ( 67.19%) | total_pruned =      21 | shape = torch.Size([64])
1.7.1.7.4.bias       | nonzeros =       0 /      64             (  0.00%) | total_pruned =      64 | shape = torch.Size([64])
1.7.2.weight         | nonzeros =      43 /      64             ( 67.19%) | total_pruned =      21 | shape = torch.Size([64])
1.7.2.bias           | nonzeros =       0 /      64             (  0.00%) | total_pruned =      64 | shape = torch.Size([64])
1.7.3.1.weight       | nonzeros =    3275 /   18432             ( 17.77%) | total_pruned =   15157 | shape = torch.Size([32, 64, 3, 3])
1.7.3.1.bias         | nonzeros =       0 /      32             (  0.00%) | total_pruned =      32 | shape = torch.Size([32])
1.7.4.weight         | nonzeros =      18 /      32             ( 56.25%) | total_pruned =      14 | shape = torch.Size([32])
1.7.4.bias           | nonzeros =       0 /      32             (  0.00%) | total_pruned =      32 | shape = torch.Size([32])
2.weight             | nonzeros =      18 /      32             ( 56.25%) | total_pruned =      14 | shape = torch.Size([32])
2.bias               | nonzeros =       0 /      32             (  0.00%) | total_pruned =      32 | shape = torch.Size([32])
3.1.weight           | nonzeros =    1211 /    4608             ( 26.28%) | total_pruned =    3397 | shape = torch.Size([16, 32, 3, 3])
3.1.bias             | nonzeros =       0 /      16             (  0.00%) | total_pruned =      16 | shape = torch.Size([16])
4.weight             | nonzeros =      16 /      16             (100.00%) | total_pruned =       0 | shape = torch.Size([16])
4.bias               | nonzeros =       0 /      16             (  0.00%) | total_pruned =      16 | shape = torch.Size([16])
6.1.weight           | nonzeros =      29 /      48             ( 60.42%) | total_pruned =      19 | shape = torch.Size([3, 16, 1, 1])
6.1.bias             | nonzeros =       3 /       3             (100.00%) | total_pruned =       0 | shape = torch.Size([3])
alive: 120354, pruned : 2888513, total: 3008867, Compression rate :      25.00x  ( 96.00% pruned)
PSNR of output image is:  10.84860400433783
Experiment done
