(3, 512, 512)
(3, 512, 512)
Noisy PSNR is '8.730893815179515'
(3, 512, 512) (3, 512, 512) torch.Size([1, 32, 512, 512])
Output directory: data/inpainting/Set14/mask/4/sparsity/0.5/det/0.08/1e-09
epoch:  0 quantization_loss:  0.0356462299823761
p mean is: tensor(-0.0002, device='cuda:6')
epoch:  1000 quantization_loss:  0.028154702857136726
p mean is: tensor(-0.0191, device='cuda:6')
epoch:  2000 quantization_loss:  0.02747848443686962
p mean is: tensor(-0.0398, device='cuda:6')
epoch:  3000 quantization_loss:  0.027258072048425674
p mean is: tensor(-0.0641, device='cuda:6')
epoch:  4000 quantization_loss:  0.027301380410790443
p mean is: tensor(-0.0913, device='cuda:6')
epoch:  5000 quantization_loss:  0.027414536103606224
p mean is: tensor(-0.1204, device='cuda:6')
epoch:  6000 quantization_loss:  0.027234870940446854
p mean is: tensor(-0.1504, device='cuda:6')
epoch:  7000 quantization_loss:  0.02693968638777733
p mean is: tensor(-0.1807, device='cuda:6')
epoch:  8000 quantization_loss:  0.026558268815279007
p mean is: tensor(-0.2122, device='cuda:6')
epoch:  9000 quantization_loss:  0.02352120727300644
p mean is: tensor(-0.2474, device='cuda:6')
epoch:  10000 quantization_loss:  0.020741773769259453
p mean is: tensor(-0.2851, device='cuda:6')
epoch:  11000 quantization_loss:  0.018659600988030434
p mean is: tensor(-0.3265, device='cuda:6')
epoch:  12000 quantization_loss:  0.01643981784582138
p mean is: tensor(-0.3729, device='cuda:6')
epoch:  13000 quantization_loss:  0.01576785370707512
p mean is: tensor(-0.4255, device='cuda:6')
epoch:  14000 quantization_loss:  0.014757895842194557
p mean is: tensor(-0.4844, device='cuda:6')
epoch:  15000 quantization_loss:  0.013678662478923798
p mean is: tensor(-0.5482, device='cuda:6')
epoch:  16000 quantization_loss:  0.01298557035624981
p mean is: tensor(-0.6141, device='cuda:6')
epoch:  17000 quantization_loss:  0.012153510935604572
p mean is: tensor(-0.6801, device='cuda:6')
epoch:  18000 quantization_loss:  0.011587199755012989
p mean is: tensor(-0.7437, device='cuda:6')
epoch:  19000 quantization_loss:  0.011244782246649265
p mean is: tensor(-0.8030, device='cuda:6')
epoch:  20000 quantization_loss:  0.010940716601908207
p mean is: tensor(-0.8573, device='cuda:6')
epoch:  21000 quantization_loss:  0.010824530385434628
p mean is: tensor(-0.9061, device='cuda:6')
epoch:  22000 quantization_loss:  0.010567479766905308
p mean is: tensor(-0.9497, device='cuda:6')
epoch:  23000 quantization_loss:  0.010454581119120121
p mean is: tensor(-0.9883, device='cuda:6')
epoch:  24000 quantization_loss:  0.010338171385228634
p mean is: tensor(-1.0224, device='cuda:6')
epoch:  25000 quantization_loss:  0.010132103227078915
p mean is: tensor(-1.0523, device='cuda:6')
epoch:  26000 quantization_loss:  0.009852202609181404
p mean is: tensor(-1.0786, device='cuda:6')
epoch:  27000 quantization_loss:  0.009776163846254349
p mean is: tensor(-1.1016, device='cuda:6')
epoch:  28000 quantization_loss:  0.00949460081756115
p mean is: tensor(-1.1218, device='cuda:6')
epoch:  29000 quantization_loss:  0.00963832437992096
p mean is: tensor(-1.1397, device='cuda:6')
epoch:  30000 quantization_loss:  0.009343767538666725
p mean is: tensor(-1.1555, device='cuda:6')
epoch:  31000 quantization_loss:  0.009327086620032787
p mean is: tensor(-1.1695, device='cuda:6')
epoch:  32000 quantization_loss:  0.009189066477119923
p mean is: tensor(-1.1819, device='cuda:6')
epoch:  33000 quantization_loss:  0.00918016117066145
p mean is: tensor(-1.1929, device='cuda:6')
epoch:  34000 quantization_loss:  0.009090292267501354
p mean is: tensor(-1.2029, device='cuda:6')
epoch:  35000 quantization_loss:  0.00905286893248558
p mean is: tensor(-1.2118, device='cuda:6')
epoch:  36000 quantization_loss:  0.009009079076349735
p mean is: tensor(-1.2197, device='cuda:6')
epoch:  37000 quantization_loss:  0.00897800363600254
p mean is: tensor(-1.2268, device='cuda:6')
epoch:  38000 quantization_loss:  0.008700217120349407
p mean is: tensor(-1.2333, device='cuda:6')
epoch:  39000 quantization_loss:  0.0086433757096529
p mean is: tensor(-1.2390, device='cuda:6')
epoch:  40000 quantization_loss:  0.008564039133489132
p mean is: tensor(-1.2443, device='cuda:6')
epoch:  41000 quantization_loss:  0.008453313261270523
p mean is: tensor(-1.2491, device='cuda:6')
epoch:  42000 quantization_loss:  0.008391565643250942
p mean is: tensor(-1.2534, device='cuda:6')
epoch:  43000 quantization_loss:  0.008382422849535942
p mean is: tensor(-1.2574, device='cuda:6')
epoch:  44000 quantization_loss:  0.008371480740606785
p mean is: tensor(-1.2612, device='cuda:6')
epoch:  45000 quantization_loss:  0.008336619473993778
p mean is: tensor(-1.2648, device='cuda:6')
epoch:  46000 quantization_loss:  0.00831992644816637
p mean is: tensor(-1.2681, device='cuda:6')
epoch:  47000 quantization_loss:  0.008307919837534428
p mean is: tensor(-1.2712, device='cuda:6')
epoch:  48000 quantization_loss:  0.008302049711346626
p mean is: tensor(-1.2741, device='cuda:6')
epoch:  49000 quantization_loss:  0.008300545625388622
p mean is: tensor(-1.2768, device='cuda:6')
epoch:  50000 quantization_loss:  0.008267235942184925
p mean is: tensor(-1.2794, device='cuda:6')
epoch:  51000 quantization_loss:  0.008269884623587132
p mean is: tensor(-1.2818, device='cuda:6')
epoch:  52000 quantization_loss:  0.008253628388047218
p mean is: tensor(-1.2842, device='cuda:6')
epoch:  53000 quantization_loss:  0.008246741257607937
p mean is: tensor(-1.2863, device='cuda:6')
epoch:  54000 quantization_loss:  0.008229559287428856
p mean is: tensor(-1.2884, device='cuda:6')
epoch:  55000 quantization_loss:  0.00822640210390091
p mean is: tensor(-1.2904, device='cuda:6')
epoch:  56000 quantization_loss:  0.008220883086323738
p mean is: tensor(-1.2923, device='cuda:6')
epoch:  57000 quantization_loss:  0.008214709348976612
p mean is: tensor(-1.2941, device='cuda:6')
epoch:  58000 quantization_loss:  0.008209390565752983
p mean is: tensor(-1.2958, device='cuda:6')
epoch:  59000 quantization_loss:  0.008210537023842335
p mean is: tensor(-1.2975, device='cuda:6')
Number of elements to keep: 240709
Threshold value: -1.014387607574463
Number of elements equal to threshold: 1
Number of elements to randomly select: 1
Actual sparsity achieved: 0.07999988035363477
here
Number of elements to keep: 150443
Threshold value: -0.6025617718696594
Number of elements equal to threshold: 1
Number of elements to randomly select: 1
Actual sparsity achieved: 0.04999988367714492
1.1.1.weight         | nonzeros =    2197 /   12800             ( 17.16%) | total_pruned =   10603 | shape = torch.Size([16, 32, 5, 5])
1.1.1.bias           | nonzeros =       0 /      16             (  0.00%) | total_pruned =      16 | shape = torch.Size([16])
1.2.weight           | nonzeros =      10 /      16             ( 62.50%) | total_pruned =       6 | shape = torch.Size([16])
1.2.bias             | nonzeros =       0 /      16             (  0.00%) | total_pruned =      16 | shape = torch.Size([16])
1.4.1.weight         | nonzeros =     513 /    6400             (  8.02%) | total_pruned =    5887 | shape = torch.Size([16, 16, 5, 5])
1.4.1.bias           | nonzeros =       0 /      16             (  0.00%) | total_pruned =      16 | shape = torch.Size([16])
1.5.weight           | nonzeros =       8 /      16             ( 50.00%) | total_pruned =       8 | shape = torch.Size([16])
1.5.bias             | nonzeros =       0 /      16             (  0.00%) | total_pruned =      16 | shape = torch.Size([16])
1.7.1.1.1.weight     | nonzeros =     740 /   12800             (  5.78%) | total_pruned =   12060 | shape = torch.Size([32, 16, 5, 5])
1.7.1.1.1.bias       | nonzeros =       0 /      32             (  0.00%) | total_pruned =      32 | shape = torch.Size([32])
1.7.1.2.weight       | nonzeros =      18 /      32             ( 56.25%) | total_pruned =      14 | shape = torch.Size([32])
1.7.1.2.bias         | nonzeros =       0 /      32             (  0.00%) | total_pruned =      32 | shape = torch.Size([32])
1.7.1.4.1.weight     | nonzeros =     890 /   25600             (  3.48%) | total_pruned =   24710 | shape = torch.Size([32, 32, 5, 5])
1.7.1.4.1.bias       | nonzeros =       0 /      32             (  0.00%) | total_pruned =      32 | shape = torch.Size([32])
1.7.1.5.weight       | nonzeros =      13 /      32             ( 40.62%) | total_pruned =      19 | shape = torch.Size([32])
1.7.1.5.bias         | nonzeros =       0 /      32             (  0.00%) | total_pruned =      32 | shape = torch.Size([32])
1.7.1.7.1.1.1.weight | nonzeros =    1449 /   51200             (  2.83%) | total_pruned =   49751 | shape = torch.Size([64, 32, 5, 5])
1.7.1.7.1.1.1.bias   | nonzeros =       0 /      64             (  0.00%) | total_pruned =      64 | shape = torch.Size([64])
1.7.1.7.1.2.weight   | nonzeros =      31 /      64             ( 48.44%) | total_pruned =      33 | shape = torch.Size([64])
1.7.1.7.1.2.bias     | nonzeros =       0 /      64             (  0.00%) | total_pruned =      64 | shape = torch.Size([64])
1.7.1.7.1.4.1.weight | nonzeros =    2789 /  102400             (  2.72%) | total_pruned =   99611 | shape = torch.Size([64, 64, 5, 5])
1.7.1.7.1.4.1.bias   | nonzeros =       0 /      64             (  0.00%) | total_pruned =      64 | shape = torch.Size([64])
1.7.1.7.1.5.weight   | nonzeros =      22 /      64             ( 34.38%) | total_pruned =      42 | shape = torch.Size([64])
1.7.1.7.1.5.bias     | nonzeros =       0 /      64             (  0.00%) | total_pruned =      64 | shape = torch.Size([64])
1.7.1.7.1.7.1.1.1.weight | nonzeros =    5291 /  204800             (  2.58%) | total_pruned =  199509 | shape = torch.Size([128, 64, 5, 5])
1.7.1.7.1.7.1.1.1.bias | nonzeros =       0 /     128             (  0.00%) | total_pruned =     128 | shape = torch.Size([128])
1.7.1.7.1.7.1.2.weight | nonzeros =      58 /     128             ( 45.31%) | total_pruned =      70 | shape = torch.Size([128])
1.7.1.7.1.7.1.2.bias | nonzeros =       0 /     128             (  0.00%) | total_pruned =     128 | shape = torch.Size([128])
1.7.1.7.1.7.1.4.1.weight | nonzeros =   12011 /  409600             (  2.93%) | total_pruned =  397589 | shape = torch.Size([128, 128, 5, 5])
1.7.1.7.1.7.1.4.1.bias | nonzeros =       0 /     128             (  0.00%) | total_pruned =     128 | shape = torch.Size([128])
1.7.1.7.1.7.1.5.weight | nonzeros =      70 /     128             ( 54.69%) | total_pruned =      58 | shape = torch.Size([128])
1.7.1.7.1.7.1.5.bias | nonzeros =       0 /     128             (  0.00%) | total_pruned =     128 | shape = torch.Size([128])
1.7.1.7.1.7.1.7.1.1.1.weight | nonzeros =   15592 /  409600             (  3.81%) | total_pruned =  394008 | shape = torch.Size([128, 128, 5, 5])
1.7.1.7.1.7.1.7.1.1.1.bias | nonzeros =       0 /     128             (  0.00%) | total_pruned =     128 | shape = torch.Size([128])
1.7.1.7.1.7.1.7.1.2.weight | nonzeros =      72 /     128             ( 56.25%) | total_pruned =      56 | shape = torch.Size([128])
1.7.1.7.1.7.1.7.1.2.bias | nonzeros =       0 /     128             (  0.00%) | total_pruned =     128 | shape = torch.Size([128])
1.7.1.7.1.7.1.7.1.4.1.weight | nonzeros =   23917 /  409600             (  5.84%) | total_pruned =  385683 | shape = torch.Size([128, 128, 5, 5])
1.7.1.7.1.7.1.7.1.4.1.bias | nonzeros =       0 /     128             (  0.00%) | total_pruned =     128 | shape = torch.Size([128])
1.7.1.7.1.7.1.7.1.5.weight | nonzeros =      88 /     128             ( 68.75%) | total_pruned =      40 | shape = torch.Size([128])
1.7.1.7.1.7.1.7.1.5.bias | nonzeros =       0 /     128             (  0.00%) | total_pruned =     128 | shape = torch.Size([128])
1.7.1.7.1.7.1.7.1.7.1.1.1.weight | nonzeros =   39893 /  409600             (  9.74%) | total_pruned =  369707 | shape = torch.Size([128, 128, 5, 5])
1.7.1.7.1.7.1.7.1.7.1.1.1.bias | nonzeros =       0 /     128             (  0.00%) | total_pruned =     128 | shape = torch.Size([128])
1.7.1.7.1.7.1.7.1.7.1.2.weight | nonzeros =     100 /     128             ( 78.12%) | total_pruned =      28 | shape = torch.Size([128])
1.7.1.7.1.7.1.7.1.7.1.2.bias | nonzeros =       0 /     128             (  0.00%) | total_pruned =     128 | shape = torch.Size([128])
1.7.1.7.1.7.1.7.1.7.1.4.1.weight | nonzeros =   57556 /  409600             ( 14.05%) | total_pruned =  352044 | shape = torch.Size([128, 128, 5, 5])
1.7.1.7.1.7.1.7.1.7.1.4.1.bias | nonzeros =       0 /     128             (  0.00%) | total_pruned =     128 | shape = torch.Size([128])
1.7.1.7.1.7.1.7.1.7.1.5.weight | nonzeros =      91 /     128             ( 71.09%) | total_pruned =      37 | shape = torch.Size([128])
1.7.1.7.1.7.1.7.1.7.1.5.bias | nonzeros =       0 /     128             (  0.00%) | total_pruned =     128 | shape = torch.Size([128])
1.7.1.7.1.7.1.7.1.7.2.weight | nonzeros =      91 /     128             ( 71.09%) | total_pruned =      37 | shape = torch.Size([128])
1.7.1.7.1.7.1.7.1.7.2.bias | nonzeros =       0 /     128             (  0.00%) | total_pruned =     128 | shape = torch.Size([128])
1.7.1.7.1.7.1.7.1.7.3.1.weight | nonzeros =   26736 /  147456             ( 18.13%) | total_pruned =  120720 | shape = torch.Size([128, 128, 3, 3])
1.7.1.7.1.7.1.7.1.7.3.1.bias | nonzeros =       0 /     128             (  0.00%) | total_pruned =     128 | shape = torch.Size([128])
1.7.1.7.1.7.1.7.1.7.4.weight | nonzeros =      76 /     128             ( 59.38%) | total_pruned =      52 | shape = torch.Size([128])
1.7.1.7.1.7.1.7.1.7.4.bias | nonzeros =       0 /     128             (  0.00%) | total_pruned =     128 | shape = torch.Size([128])
1.7.1.7.1.7.1.7.2.weight | nonzeros =      76 /     128             ( 59.38%) | total_pruned =      52 | shape = torch.Size([128])
1.7.1.7.1.7.1.7.2.bias | nonzeros =       0 /     128             (  0.00%) | total_pruned =     128 | shape = torch.Size([128])
1.7.1.7.1.7.1.7.3.1.weight | nonzeros =   23421 /  147456             ( 15.88%) | total_pruned =  124035 | shape = torch.Size([128, 128, 3, 3])
1.7.1.7.1.7.1.7.3.1.bias | nonzeros =       0 /     128             (  0.00%) | total_pruned =     128 | shape = torch.Size([128])
1.7.1.7.1.7.1.7.4.weight | nonzeros =      77 /     128             ( 60.16%) | total_pruned =      51 | shape = torch.Size([128])
1.7.1.7.1.7.1.7.4.bias | nonzeros =       0 /     128             (  0.00%) | total_pruned =     128 | shape = torch.Size([128])
1.7.1.7.1.7.2.weight | nonzeros =      77 /     128             ( 60.16%) | total_pruned =      51 | shape = torch.Size([128])
1.7.1.7.1.7.2.bias   | nonzeros =       0 /     128             (  0.00%) | total_pruned =     128 | shape = torch.Size([128])
1.7.1.7.1.7.3.1.weight | nonzeros =   18522 /  147456             ( 12.56%) | total_pruned =  128934 | shape = torch.Size([128, 128, 3, 3])
1.7.1.7.1.7.3.1.bias | nonzeros =       0 /     128             (  0.00%) | total_pruned =     128 | shape = torch.Size([128])
1.7.1.7.1.7.4.weight | nonzeros =      61 /     128             ( 47.66%) | total_pruned =      67 | shape = torch.Size([128])
1.7.1.7.1.7.4.bias   | nonzeros =       0 /     128             (  0.00%) | total_pruned =     128 | shape = torch.Size([128])
1.7.1.7.2.weight     | nonzeros =      61 /     128             ( 47.66%) | total_pruned =      67 | shape = torch.Size([128])
1.7.1.7.2.bias       | nonzeros =       0 /     128             (  0.00%) | total_pruned =     128 | shape = torch.Size([128])
1.7.1.7.3.1.weight   | nonzeros =    4892 /   73728             (  6.64%) | total_pruned =   68836 | shape = torch.Size([64, 128, 3, 3])
1.7.1.7.3.1.bias     | nonzeros =       0 /      64             (  0.00%) | total_pruned =      64 | shape = torch.Size([64])
1.7.1.7.4.weight     | nonzeros =      19 /      64             ( 29.69%) | total_pruned =      45 | shape = torch.Size([64])
1.7.1.7.4.bias       | nonzeros =       0 /      64             (  0.00%) | total_pruned =      64 | shape = torch.Size([64])
1.7.2.weight         | nonzeros =      19 /      64             ( 29.69%) | total_pruned =      45 | shape = torch.Size([64])
1.7.2.bias           | nonzeros =       0 /      64             (  0.00%) | total_pruned =      64 | shape = torch.Size([64])
1.7.3.1.weight       | nonzeros =    1766 /   18432             (  9.58%) | total_pruned =   16666 | shape = torch.Size([32, 64, 3, 3])
1.7.3.1.bias         | nonzeros =       0 /      32             (  0.00%) | total_pruned =      32 | shape = torch.Size([32])
1.7.4.weight         | nonzeros =      21 /      32             ( 65.62%) | total_pruned =      11 | shape = torch.Size([32])
1.7.4.bias           | nonzeros =       0 /      32             (  0.00%) | total_pruned =      32 | shape = torch.Size([32])
2.weight             | nonzeros =      21 /      32             ( 65.62%) | total_pruned =      11 | shape = torch.Size([32])
2.bias               | nonzeros =       0 /      32             (  0.00%) | total_pruned =      32 | shape = torch.Size([32])
3.1.weight           | nonzeros =    1306 /    4608             ( 28.34%) | total_pruned =    3302 | shape = torch.Size([16, 32, 3, 3])
3.1.bias             | nonzeros =       0 /      16             (  0.00%) | total_pruned =      16 | shape = torch.Size([16])
4.weight             | nonzeros =      16 /      16             (100.00%) | total_pruned =       0 | shape = torch.Size([16])
4.bias               | nonzeros =       0 /      16             (  0.00%) | total_pruned =      16 | shape = torch.Size([16])
6.1.weight           | nonzeros =      32 /      48             ( 66.67%) | total_pruned =      16 | shape = torch.Size([3, 16, 1, 1])
6.1.bias             | nonzeros =       0 /       3             (  0.00%) | total_pruned =       3 | shape = torch.Size([3])
alive: 240709, pruned : 2768158, total: 3008867, Compression rate :      12.50x  ( 92.00% pruned)
PSNR of output image is:  17.83875431782949
Experiment done
