(3, 512, 512)
(3, 512, 512)
Noisy PSNR is '10.604589289283808'
(3, 512, 512) (3, 512, 512) torch.Size([1, 32, 512, 512])
Output directory: data/inpainting/Set14/mask/3/sparsity/0.5/det/0.02/1e-09
epoch:  0 quantization_loss:  0.03631376847624779
p mean is: tensor(-0.0002, device='cuda:5')
epoch:  1000 quantization_loss:  0.030175263062119484
p mean is: tensor(-0.0135, device='cuda:5')
epoch:  2000 quantization_loss:  0.029838116839528084
p mean is: tensor(-0.0228, device='cuda:5')
epoch:  3000 quantization_loss:  0.029080798849463463
p mean is: tensor(-0.0318, device='cuda:5')
epoch:  4000 quantization_loss:  0.02944326400756836
p mean is: tensor(-0.0409, device='cuda:5')
epoch:  5000 quantization_loss:  0.028817184269428253
p mean is: tensor(-0.0497, device='cuda:5')
epoch:  6000 quantization_loss:  0.028449751436710358
p mean is: tensor(-0.0591, device='cuda:5')
epoch:  7000 quantization_loss:  0.029368828982114792
p mean is: tensor(-0.0684, device='cuda:5')
epoch:  8000 quantization_loss:  0.028950702399015427
p mean is: tensor(-0.0787, device='cuda:5')
epoch:  9000 quantization_loss:  0.02551180310547352
p mean is: tensor(-0.0892, device='cuda:5')
epoch:  10000 quantization_loss:  0.023584112524986267
p mean is: tensor(-0.1022, device='cuda:5')
epoch:  11000 quantization_loss:  0.018892377614974976
p mean is: tensor(-0.1191, device='cuda:5')
epoch:  12000 quantization_loss:  0.01631966233253479
p mean is: tensor(-0.1403, device='cuda:5')
epoch:  13000 quantization_loss:  0.015410666354000568
p mean is: tensor(-0.1680, device='cuda:5')
epoch:  14000 quantization_loss:  0.014353994280099869
p mean is: tensor(-0.2040, device='cuda:5')
epoch:  15000 quantization_loss:  0.013827073387801647
p mean is: tensor(-0.2495, device='cuda:5')
epoch:  16000 quantization_loss:  0.01335485652089119
p mean is: tensor(-0.3048, device='cuda:5')
epoch:  17000 quantization_loss:  0.012893100269138813
p mean is: tensor(-0.3697, device='cuda:5')
epoch:  18000 quantization_loss:  0.01265425980091095
p mean is: tensor(-0.4420, device='cuda:5')
epoch:  19000 quantization_loss:  0.012239653617143631
p mean is: tensor(-0.5186, device='cuda:5')
epoch:  20000 quantization_loss:  0.012051014229655266
p mean is: tensor(-0.5961, device='cuda:5')
epoch:  21000 quantization_loss:  0.011942608281970024
p mean is: tensor(-0.6710, device='cuda:5')
epoch:  22000 quantization_loss:  0.012152486480772495
p mean is: tensor(-0.7406, device='cuda:5')
epoch:  23000 quantization_loss:  0.010727868415415287
p mean is: tensor(-0.8029, device='cuda:5')
epoch:  24000 quantization_loss:  0.010600556619465351
p mean is: tensor(-0.8579, device='cuda:5')
epoch:  25000 quantization_loss:  0.010524882934987545
p mean is: tensor(-0.9065, device='cuda:5')
epoch:  26000 quantization_loss:  0.010409536771476269
p mean is: tensor(-0.9492, device='cuda:5')
epoch:  27000 quantization_loss:  0.010325754061341286
p mean is: tensor(-0.9866, device='cuda:5')
epoch:  28000 quantization_loss:  0.010083005763590336
p mean is: tensor(-1.0195, device='cuda:5')
epoch:  29000 quantization_loss:  0.009318890981376171
p mean is: tensor(-1.0477, device='cuda:5')
epoch:  30000 quantization_loss:  0.009314246475696564
p mean is: tensor(-1.0723, device='cuda:5')
epoch:  31000 quantization_loss:  0.009218407794833183
p mean is: tensor(-1.0940, device='cuda:5')
epoch:  32000 quantization_loss:  0.009143128991127014
p mean is: tensor(-1.1131, device='cuda:5')
epoch:  33000 quantization_loss:  0.009128239937126637
p mean is: tensor(-1.1300, device='cuda:5')
epoch:  34000 quantization_loss:  0.009030342102050781
p mean is: tensor(-1.1451, device='cuda:5')
epoch:  35000 quantization_loss:  0.009019927121698856
p mean is: tensor(-1.1585, device='cuda:5')
epoch:  36000 quantization_loss:  0.008969951421022415
p mean is: tensor(-1.1704, device='cuda:5')
epoch:  37000 quantization_loss:  0.00892399437725544
p mean is: tensor(-1.1810, device='cuda:5')
epoch:  38000 quantization_loss:  0.008939131163060665
p mean is: tensor(-1.1906, device='cuda:5')
epoch:  39000 quantization_loss:  0.00886809453368187
p mean is: tensor(-1.1991, device='cuda:5')
epoch:  40000 quantization_loss:  0.00883228424936533
p mean is: tensor(-1.2068, device='cuda:5')
epoch:  41000 quantization_loss:  0.00882655568420887
p mean is: tensor(-1.2137, device='cuda:5')
epoch:  42000 quantization_loss:  0.008791213855147362
p mean is: tensor(-1.2200, device='cuda:5')
epoch:  43000 quantization_loss:  0.008746628649532795
p mean is: tensor(-1.2256, device='cuda:5')
epoch:  44000 quantization_loss:  0.008729272522032261
p mean is: tensor(-1.2309, device='cuda:5')
epoch:  45000 quantization_loss:  0.00871623307466507
p mean is: tensor(-1.2356, device='cuda:5')
epoch:  46000 quantization_loss:  0.008686287328600883
p mean is: tensor(-1.2399, device='cuda:5')
epoch:  47000 quantization_loss:  0.008688103407621384
p mean is: tensor(-1.2439, device='cuda:5')
epoch:  48000 quantization_loss:  0.008653606288135052
p mean is: tensor(-1.2476, device='cuda:5')
epoch:  49000 quantization_loss:  0.00865529477596283
p mean is: tensor(-1.2511, device='cuda:5')
epoch:  50000 quantization_loss:  0.008670495823025703
p mean is: tensor(-1.2542, device='cuda:5')
epoch:  51000 quantization_loss:  0.008626976050436497
p mean is: tensor(-1.2571, device='cuda:5')
epoch:  52000 quantization_loss:  0.00861030351370573
p mean is: tensor(-1.2598, device='cuda:5')
epoch:  53000 quantization_loss:  0.008596026338636875
p mean is: tensor(-1.2624, device='cuda:5')
epoch:  54000 quantization_loss:  0.008612741716206074
p mean is: tensor(-1.2647, device='cuda:5')
epoch:  55000 quantization_loss:  0.008584558963775635
p mean is: tensor(-1.2670, device='cuda:5')
epoch:  56000 quantization_loss:  0.008565087802708149
p mean is: tensor(-1.2691, device='cuda:5')
epoch:  57000 quantization_loss:  0.00856397021561861
p mean is: tensor(-1.2710, device='cuda:5')
epoch:  58000 quantization_loss:  0.008558685891330242
p mean is: tensor(-1.2729, device='cuda:5')
epoch:  59000 quantization_loss:  0.008560121059417725
p mean is: tensor(-1.2747, device='cuda:5')
Number of elements to keep: 60177
Threshold value: 4.732287883758545
Number of elements equal to threshold: 1
Number of elements to randomly select: 1
Actual sparsity achieved: 0.019999887000655064
here
Number of elements to keep: 150443
Threshold value: -0.6062233448028564
Number of elements equal to threshold: 1
Number of elements to randomly select: 1
Actual sparsity achieved: 0.04999988367714492
1.1.1.weight         | nonzeros =      54 /   12800             (  0.42%) | total_pruned =   12746 | shape = torch.Size([16, 32, 5, 5])
1.1.1.bias           | nonzeros =       0 /      16             (  0.00%) | total_pruned =      16 | shape = torch.Size([16])
1.2.weight           | nonzeros =       5 /      16             ( 31.25%) | total_pruned =      11 | shape = torch.Size([16])
1.2.bias             | nonzeros =       0 /      16             (  0.00%) | total_pruned =      16 | shape = torch.Size([16])
1.4.1.weight         | nonzeros =       1 /    6400             (  0.02%) | total_pruned =    6399 | shape = torch.Size([16, 16, 5, 5])
1.4.1.bias           | nonzeros =       0 /      16             (  0.00%) | total_pruned =      16 | shape = torch.Size([16])
1.5.weight           | nonzeros =       4 /      16             ( 25.00%) | total_pruned =      12 | shape = torch.Size([16])
1.5.bias             | nonzeros =       0 /      16             (  0.00%) | total_pruned =      16 | shape = torch.Size([16])
1.7.1.1.1.weight     | nonzeros =       0 /   12800             (  0.00%) | total_pruned =   12800 | shape = torch.Size([32, 16, 5, 5])
1.7.1.1.1.bias       | nonzeros =       0 /      32             (  0.00%) | total_pruned =      32 | shape = torch.Size([32])
1.7.1.2.weight       | nonzeros =       3 /      32             (  9.38%) | total_pruned =      29 | shape = torch.Size([32])
1.7.1.2.bias         | nonzeros =       0 /      32             (  0.00%) | total_pruned =      32 | shape = torch.Size([32])
1.7.1.4.1.weight     | nonzeros =       0 /   25600             (  0.00%) | total_pruned =   25600 | shape = torch.Size([32, 32, 5, 5])
1.7.1.4.1.bias       | nonzeros =       0 /      32             (  0.00%) | total_pruned =      32 | shape = torch.Size([32])
1.7.1.5.weight       | nonzeros =       4 /      32             ( 12.50%) | total_pruned =      28 | shape = torch.Size([32])
1.7.1.5.bias         | nonzeros =       0 /      32             (  0.00%) | total_pruned =      32 | shape = torch.Size([32])
1.7.1.7.1.1.1.weight | nonzeros =       0 /   51200             (  0.00%) | total_pruned =   51200 | shape = torch.Size([64, 32, 5, 5])
1.7.1.7.1.1.1.bias   | nonzeros =       0 /      64             (  0.00%) | total_pruned =      64 | shape = torch.Size([64])
1.7.1.7.1.2.weight   | nonzeros =       7 /      64             ( 10.94%) | total_pruned =      57 | shape = torch.Size([64])
1.7.1.7.1.2.bias     | nonzeros =       0 /      64             (  0.00%) | total_pruned =      64 | shape = torch.Size([64])
1.7.1.7.1.4.1.weight | nonzeros =       0 /  102400             (  0.00%) | total_pruned =  102400 | shape = torch.Size([64, 64, 5, 5])
1.7.1.7.1.4.1.bias   | nonzeros =       0 /      64             (  0.00%) | total_pruned =      64 | shape = torch.Size([64])
1.7.1.7.1.5.weight   | nonzeros =      12 /      64             ( 18.75%) | total_pruned =      52 | shape = torch.Size([64])
1.7.1.7.1.5.bias     | nonzeros =       0 /      64             (  0.00%) | total_pruned =      64 | shape = torch.Size([64])
1.7.1.7.1.7.1.1.1.weight | nonzeros =       0 /  204800             (  0.00%) | total_pruned =  204800 | shape = torch.Size([128, 64, 5, 5])
1.7.1.7.1.7.1.1.1.bias | nonzeros =       0 /     128             (  0.00%) | total_pruned =     128 | shape = torch.Size([128])
1.7.1.7.1.7.1.2.weight | nonzeros =      22 /     128             ( 17.19%) | total_pruned =     106 | shape = torch.Size([128])
1.7.1.7.1.7.1.2.bias | nonzeros =       0 /     128             (  0.00%) | total_pruned =     128 | shape = torch.Size([128])
1.7.1.7.1.7.1.4.1.weight | nonzeros =       0 /  409600             (  0.00%) | total_pruned =  409600 | shape = torch.Size([128, 128, 5, 5])
1.7.1.7.1.7.1.4.1.bias | nonzeros =       0 /     128             (  0.00%) | total_pruned =     128 | shape = torch.Size([128])
1.7.1.7.1.7.1.5.weight | nonzeros =      25 /     128             ( 19.53%) | total_pruned =     103 | shape = torch.Size([128])
1.7.1.7.1.7.1.5.bias | nonzeros =       0 /     128             (  0.00%) | total_pruned =     128 | shape = torch.Size([128])
1.7.1.7.1.7.1.7.1.1.1.weight | nonzeros =       0 /  409600             (  0.00%) | total_pruned =  409600 | shape = torch.Size([128, 128, 5, 5])
1.7.1.7.1.7.1.7.1.1.1.bias | nonzeros =       0 /     128             (  0.00%) | total_pruned =     128 | shape = torch.Size([128])
1.7.1.7.1.7.1.7.1.2.weight | nonzeros =      60 /     128             ( 46.88%) | total_pruned =      68 | shape = torch.Size([128])
1.7.1.7.1.7.1.7.1.2.bias | nonzeros =       0 /     128             (  0.00%) | total_pruned =     128 | shape = torch.Size([128])
1.7.1.7.1.7.1.7.1.4.1.weight | nonzeros =       0 /  409600             (  0.00%) | total_pruned =  409600 | shape = torch.Size([128, 128, 5, 5])
1.7.1.7.1.7.1.7.1.4.1.bias | nonzeros =       0 /     128             (  0.00%) | total_pruned =     128 | shape = torch.Size([128])
1.7.1.7.1.7.1.7.1.5.weight | nonzeros =      85 /     128             ( 66.41%) | total_pruned =      43 | shape = torch.Size([128])
1.7.1.7.1.7.1.7.1.5.bias | nonzeros =       0 /     128             (  0.00%) | total_pruned =     128 | shape = torch.Size([128])
1.7.1.7.1.7.1.7.1.7.1.1.1.weight | nonzeros =      30 /  409600             (  0.01%) | total_pruned =  409570 | shape = torch.Size([128, 128, 5, 5])
1.7.1.7.1.7.1.7.1.7.1.1.1.bias | nonzeros =       0 /     128             (  0.00%) | total_pruned =     128 | shape = torch.Size([128])
1.7.1.7.1.7.1.7.1.7.1.2.weight | nonzeros =      94 /     128             ( 73.44%) | total_pruned =      34 | shape = torch.Size([128])
1.7.1.7.1.7.1.7.1.7.1.2.bias | nonzeros =       0 /     128             (  0.00%) | total_pruned =     128 | shape = torch.Size([128])
1.7.1.7.1.7.1.7.1.7.1.4.1.weight | nonzeros =    2124 /  409600             (  0.52%) | total_pruned =  407476 | shape = torch.Size([128, 128, 5, 5])
1.7.1.7.1.7.1.7.1.7.1.4.1.bias | nonzeros =       0 /     128             (  0.00%) | total_pruned =     128 | shape = torch.Size([128])
1.7.1.7.1.7.1.7.1.7.1.5.weight | nonzeros =      91 /     128             ( 71.09%) | total_pruned =      37 | shape = torch.Size([128])
1.7.1.7.1.7.1.7.1.7.1.5.bias | nonzeros =       0 /     128             (  0.00%) | total_pruned =     128 | shape = torch.Size([128])
1.7.1.7.1.7.1.7.1.7.2.weight | nonzeros =      91 /     128             ( 71.09%) | total_pruned =      37 | shape = torch.Size([128])
1.7.1.7.1.7.1.7.1.7.2.bias | nonzeros =       0 /     128             (  0.00%) | total_pruned =     128 | shape = torch.Size([128])
1.7.1.7.1.7.1.7.1.7.3.1.weight | nonzeros =   17692 /  147456             ( 12.00%) | total_pruned =  129764 | shape = torch.Size([128, 128, 3, 3])
1.7.1.7.1.7.1.7.1.7.3.1.bias | nonzeros =       0 /     128             (  0.00%) | total_pruned =     128 | shape = torch.Size([128])
1.7.1.7.1.7.1.7.1.7.4.weight | nonzeros =      78 /     128             ( 60.94%) | total_pruned =      50 | shape = torch.Size([128])
1.7.1.7.1.7.1.7.1.7.4.bias | nonzeros =       0 /     128             (  0.00%) | total_pruned =     128 | shape = torch.Size([128])
1.7.1.7.1.7.1.7.2.weight | nonzeros =      78 /     128             ( 60.94%) | total_pruned =      50 | shape = torch.Size([128])
1.7.1.7.1.7.1.7.2.bias | nonzeros =       0 /     128             (  0.00%) | total_pruned =     128 | shape = torch.Size([128])
1.7.1.7.1.7.1.7.3.1.weight | nonzeros =   16636 /  147456             ( 11.28%) | total_pruned =  130820 | shape = torch.Size([128, 128, 3, 3])
1.7.1.7.1.7.1.7.3.1.bias | nonzeros =       0 /     128             (  0.00%) | total_pruned =     128 | shape = torch.Size([128])
1.7.1.7.1.7.1.7.4.weight | nonzeros =      72 /     128             ( 56.25%) | total_pruned =      56 | shape = torch.Size([128])
1.7.1.7.1.7.1.7.4.bias | nonzeros =       0 /     128             (  0.00%) | total_pruned =     128 | shape = torch.Size([128])
1.7.1.7.1.7.2.weight | nonzeros =      72 /     128             ( 56.25%) | total_pruned =      56 | shape = torch.Size([128])
1.7.1.7.1.7.2.bias   | nonzeros =       0 /     128             (  0.00%) | total_pruned =     128 | shape = torch.Size([128])
1.7.1.7.1.7.3.1.weight | nonzeros =   13561 /  147456             (  9.20%) | total_pruned =  133895 | shape = torch.Size([128, 128, 3, 3])
1.7.1.7.1.7.3.1.bias | nonzeros =       0 /     128             (  0.00%) | total_pruned =     128 | shape = torch.Size([128])
1.7.1.7.1.7.4.weight | nonzeros =      72 /     128             ( 56.25%) | total_pruned =      56 | shape = torch.Size([128])
1.7.1.7.1.7.4.bias   | nonzeros =       0 /     128             (  0.00%) | total_pruned =     128 | shape = torch.Size([128])
1.7.1.7.2.weight     | nonzeros =      72 /     128             ( 56.25%) | total_pruned =      56 | shape = torch.Size([128])
1.7.1.7.2.bias       | nonzeros =       0 /     128             (  0.00%) | total_pruned =     128 | shape = torch.Size([128])
1.7.1.7.3.1.weight   | nonzeros =    6228 /   73728             (  8.45%) | total_pruned =   67500 | shape = torch.Size([64, 128, 3, 3])
1.7.1.7.3.1.bias     | nonzeros =       0 /      64             (  0.00%) | total_pruned =      64 | shape = torch.Size([64])
1.7.1.7.4.weight     | nonzeros =      31 /      64             ( 48.44%) | total_pruned =      33 | shape = torch.Size([64])
1.7.1.7.4.bias       | nonzeros =       0 /      64             (  0.00%) | total_pruned =      64 | shape = torch.Size([64])
1.7.2.weight         | nonzeros =      31 /      64             ( 48.44%) | total_pruned =      33 | shape = torch.Size([64])
1.7.2.bias           | nonzeros =       0 /      64             (  0.00%) | total_pruned =      64 | shape = torch.Size([64])
1.7.3.1.weight       | nonzeros =    1847 /   18432             ( 10.02%) | total_pruned =   16585 | shape = torch.Size([32, 64, 3, 3])
1.7.3.1.bias         | nonzeros =       0 /      32             (  0.00%) | total_pruned =      32 | shape = torch.Size([32])
1.7.4.weight         | nonzeros =      18 /      32             ( 56.25%) | total_pruned =      14 | shape = torch.Size([32])
1.7.4.bias           | nonzeros =       0 /      32             (  0.00%) | total_pruned =      32 | shape = torch.Size([32])
2.weight             | nonzeros =      18 /      32             ( 56.25%) | total_pruned =      14 | shape = torch.Size([32])
2.bias               | nonzeros =       0 /      32             (  0.00%) | total_pruned =      32 | shape = torch.Size([32])
3.1.weight           | nonzeros =     913 /    4608             ( 19.81%) | total_pruned =    3695 | shape = torch.Size([16, 32, 3, 3])
3.1.bias             | nonzeros =       0 /      16             (  0.00%) | total_pruned =      16 | shape = torch.Size([16])
4.weight             | nonzeros =      16 /      16             (100.00%) | total_pruned =       0 | shape = torch.Size([16])
4.bias               | nonzeros =       0 /      16             (  0.00%) | total_pruned =      16 | shape = torch.Size([16])
6.1.weight           | nonzeros =      28 /      48             ( 58.33%) | total_pruned =      20 | shape = torch.Size([3, 16, 1, 1])
6.1.bias             | nonzeros =       2 /       3             ( 66.67%) | total_pruned =       1 | shape = torch.Size([3])
alive: 60177, pruned : 2948690, total: 3008867, Compression rate :      50.00x  ( 98.00% pruned)
PSNR of output image is:  11.718372653960017
Experiment done
