(3, 512, 512)
(3, 512, 512)
Noisy PSNR is '8.2898273444446'
(3, 512, 512) (3, 512, 512) torch.Size([1, 32, 512, 512])
Output directory: data/inpainting/Set14/mask/5/sparsity/0.5/det/0.1/1e-09
epoch:  0 quantization_loss:  0.04283754527568817
p mean is: tensor(-0.0002, device='cuda:1')
epoch:  1000 quantization_loss:  0.0330970324575901
p mean is: tensor(-0.0171, device='cuda:1')
epoch:  2000 quantization_loss:  0.03219068795442581
p mean is: tensor(-0.0311, device='cuda:1')
epoch:  3000 quantization_loss:  0.03211047500371933
p mean is: tensor(-0.0449, device='cuda:1')
epoch:  4000 quantization_loss:  0.03224700689315796
p mean is: tensor(-0.0594, device='cuda:1')
epoch:  5000 quantization_loss:  0.03190925344824791
p mean is: tensor(-0.0740, device='cuda:1')
epoch:  6000 quantization_loss:  0.031988080590963364
p mean is: tensor(-0.0893, device='cuda:1')
epoch:  7000 quantization_loss:  0.03126451373100281
p mean is: tensor(-0.1050, device='cuda:1')
epoch:  8000 quantization_loss:  0.0316946879029274
p mean is: tensor(-0.1222, device='cuda:1')
epoch:  9000 quantization_loss:  0.0306246280670166
p mean is: tensor(-0.1429, device='cuda:1')
epoch:  10000 quantization_loss:  0.027658086270093918
p mean is: tensor(-0.1668, device='cuda:1')
epoch:  11000 quantization_loss:  0.025610942393541336
p mean is: tensor(-0.1943, device='cuda:1')
epoch:  12000 quantization_loss:  0.021672217175364494
p mean is: tensor(-0.2275, device='cuda:1')
epoch:  13000 quantization_loss:  0.019293855875730515
p mean is: tensor(-0.2668, device='cuda:1')
epoch:  14000 quantization_loss:  0.01823597587645054
p mean is: tensor(-0.3133, device='cuda:1')
epoch:  15000 quantization_loss:  0.01765451952815056
p mean is: tensor(-0.3683, device='cuda:1')
epoch:  16000 quantization_loss:  0.016907749697566032
p mean is: tensor(-0.4314, device='cuda:1')
epoch:  17000 quantization_loss:  0.015751592814922333
p mean is: tensor(-0.5003, device='cuda:1')
epoch:  18000 quantization_loss:  0.015405687503516674
p mean is: tensor(-0.5721, device='cuda:1')
epoch:  19000 quantization_loss:  0.01508739497512579
p mean is: tensor(-0.6438, device='cuda:1')
epoch:  20000 quantization_loss:  0.015661414712667465
p mean is: tensor(-0.7127, device='cuda:1')
epoch:  21000 quantization_loss:  0.014754935167729855
p mean is: tensor(-0.7770, device='cuda:1')
epoch:  22000 quantization_loss:  0.0146006029099226
p mean is: tensor(-0.8355, device='cuda:1')
epoch:  23000 quantization_loss:  0.014481466263532639
p mean is: tensor(-0.8879, device='cuda:1')
epoch:  24000 quantization_loss:  0.014468238689005375
p mean is: tensor(-0.9343, device='cuda:1')
epoch:  25000 quantization_loss:  0.014358150772750378
p mean is: tensor(-0.9751, device='cuda:1')
epoch:  26000 quantization_loss:  0.014303679578006268
p mean is: tensor(-1.0110, device='cuda:1')
epoch:  27000 quantization_loss:  0.014250760897994041
p mean is: tensor(-1.0423, device='cuda:1')
epoch:  28000 quantization_loss:  0.014206311665475368
p mean is: tensor(-1.0698, device='cuda:1')
epoch:  29000 quantization_loss:  0.014112322591245174
p mean is: tensor(-1.0939, device='cuda:1')
epoch:  30000 quantization_loss:  0.014091347344219685
p mean is: tensor(-1.1151, device='cuda:1')
epoch:  31000 quantization_loss:  0.014062460511922836
p mean is: tensor(-1.1338, device='cuda:1')
epoch:  32000 quantization_loss:  0.01404166966676712
p mean is: tensor(-1.1503, device='cuda:1')
epoch:  33000 quantization_loss:  0.013995366171002388
p mean is: tensor(-1.1648, device='cuda:1')
epoch:  34000 quantization_loss:  0.013938016258180141
p mean is: tensor(-1.1777, device='cuda:1')
epoch:  35000 quantization_loss:  0.013927489519119263
p mean is: tensor(-1.1893, device='cuda:1')
epoch:  36000 quantization_loss:  0.013917457312345505
p mean is: tensor(-1.1996, device='cuda:1')
epoch:  37000 quantization_loss:  0.013873676769435406
p mean is: tensor(-1.2088, device='cuda:1')
epoch:  38000 quantization_loss:  0.01386197004467249
p mean is: tensor(-1.2172, device='cuda:1')
epoch:  39000 quantization_loss:  0.013832305558025837
p mean is: tensor(-1.2246, device='cuda:1')
epoch:  40000 quantization_loss:  0.013824176043272018
p mean is: tensor(-1.2313, device='cuda:1')
epoch:  41000 quantization_loss:  0.013818035833537579
p mean is: tensor(-1.2374, device='cuda:1')
epoch:  42000 quantization_loss:  0.013798311352729797
p mean is: tensor(-1.2430, device='cuda:1')
epoch:  43000 quantization_loss:  0.013783460482954979
p mean is: tensor(-1.2480, device='cuda:1')
epoch:  44000 quantization_loss:  0.013792168349027634
p mean is: tensor(-1.2526, device='cuda:1')
epoch:  45000 quantization_loss:  0.013776344247162342
p mean is: tensor(-1.2568, device='cuda:1')
epoch:  46000 quantization_loss:  0.013744362629950047
p mean is: tensor(-1.2607, device='cuda:1')
epoch:  47000 quantization_loss:  0.01373140886425972
p mean is: tensor(-1.2642, device='cuda:1')
epoch:  48000 quantization_loss:  0.013718496076762676
p mean is: tensor(-1.2674, device='cuda:1')
epoch:  49000 quantization_loss:  0.013716587796807289
p mean is: tensor(-1.2705, device='cuda:1')
epoch:  50000 quantization_loss:  0.013713817112147808
p mean is: tensor(-1.2733, device='cuda:1')
epoch:  51000 quantization_loss:  0.01369768287986517
p mean is: tensor(-1.2760, device='cuda:1')
epoch:  52000 quantization_loss:  0.013689869083464146
p mean is: tensor(-1.2785, device='cuda:1')
epoch:  53000 quantization_loss:  0.013688992708921432
p mean is: tensor(-1.2807, device='cuda:1')
epoch:  54000 quantization_loss:  0.013681423850357533
p mean is: tensor(-1.2828, device='cuda:1')
epoch:  55000 quantization_loss:  0.013675790280103683
p mean is: tensor(-1.2848, device='cuda:1')
epoch:  56000 quantization_loss:  0.013688893057405949
p mean is: tensor(-1.2867, device='cuda:1')
epoch:  57000 quantization_loss:  0.01366768591105938
p mean is: tensor(-1.2885, device='cuda:1')
epoch:  58000 quantization_loss:  0.013665314763784409
p mean is: tensor(-1.2902, device='cuda:1')
epoch:  59000 quantization_loss:  0.01367843709886074
p mean is: tensor(-1.2918, device='cuda:1')
Number of elements to keep: 300886
Threshold value: -1.1457761526107788
Number of elements equal to threshold: 1
Number of elements to randomly select: 1
Actual sparsity achieved: 0.09999976735428984
here
Number of elements to keep: 150443
Threshold value: -0.713496744632721
Number of elements equal to threshold: 1
Number of elements to randomly select: 1
Actual sparsity achieved: 0.04999988367714492
1.1.1.weight         | nonzeros =    2262 /   12800             ( 17.67%) | total_pruned =   10538 | shape = torch.Size([16, 32, 5, 5])
1.1.1.bias           | nonzeros =       0 /      16             (  0.00%) | total_pruned =      16 | shape = torch.Size([16])
1.2.weight           | nonzeros =       8 /      16             ( 50.00%) | total_pruned =       8 | shape = torch.Size([16])
1.2.bias             | nonzeros =       0 /      16             (  0.00%) | total_pruned =      16 | shape = torch.Size([16])
1.4.1.weight         | nonzeros =     557 /    6400             (  8.70%) | total_pruned =    5843 | shape = torch.Size([16, 16, 5, 5])
1.4.1.bias           | nonzeros =       0 /      16             (  0.00%) | total_pruned =      16 | shape = torch.Size([16])
1.5.weight           | nonzeros =       6 /      16             ( 37.50%) | total_pruned =      10 | shape = torch.Size([16])
1.5.bias             | nonzeros =       0 /      16             (  0.00%) | total_pruned =      16 | shape = torch.Size([16])
1.7.1.1.1.weight     | nonzeros =     822 /   12800             (  6.42%) | total_pruned =   11978 | shape = torch.Size([32, 16, 5, 5])
1.7.1.1.1.bias       | nonzeros =       0 /      32             (  0.00%) | total_pruned =      32 | shape = torch.Size([32])
1.7.1.2.weight       | nonzeros =      14 /      32             ( 43.75%) | total_pruned =      18 | shape = torch.Size([32])
1.7.1.2.bias         | nonzeros =       0 /      32             (  0.00%) | total_pruned =      32 | shape = torch.Size([32])
1.7.1.4.1.weight     | nonzeros =    1455 /   25600             (  5.68%) | total_pruned =   24145 | shape = torch.Size([32, 32, 5, 5])
1.7.1.4.1.bias       | nonzeros =       0 /      32             (  0.00%) | total_pruned =      32 | shape = torch.Size([32])
1.7.1.5.weight       | nonzeros =      14 /      32             ( 43.75%) | total_pruned =      18 | shape = torch.Size([32])
1.7.1.5.bias         | nonzeros =       0 /      32             (  0.00%) | total_pruned =      32 | shape = torch.Size([32])
1.7.1.7.1.1.1.weight | nonzeros =    2450 /   51200             (  4.79%) | total_pruned =   48750 | shape = torch.Size([64, 32, 5, 5])
1.7.1.7.1.1.1.bias   | nonzeros =       0 /      64             (  0.00%) | total_pruned =      64 | shape = torch.Size([64])
1.7.1.7.1.2.weight   | nonzeros =      26 /      64             ( 40.62%) | total_pruned =      38 | shape = torch.Size([64])
1.7.1.7.1.2.bias     | nonzeros =       0 /      64             (  0.00%) | total_pruned =      64 | shape = torch.Size([64])
1.7.1.7.1.4.1.weight | nonzeros =    4578 /  102400             (  4.47%) | total_pruned =   97822 | shape = torch.Size([64, 64, 5, 5])
1.7.1.7.1.4.1.bias   | nonzeros =       0 /      64             (  0.00%) | total_pruned =      64 | shape = torch.Size([64])
1.7.1.7.1.5.weight   | nonzeros =      35 /      64             ( 54.69%) | total_pruned =      29 | shape = torch.Size([64])
1.7.1.7.1.5.bias     | nonzeros =       0 /      64             (  0.00%) | total_pruned =      64 | shape = torch.Size([64])
1.7.1.7.1.7.1.1.1.weight | nonzeros =    9571 /  204800             (  4.67%) | total_pruned =  195229 | shape = torch.Size([128, 64, 5, 5])
1.7.1.7.1.7.1.1.1.bias | nonzeros =       0 /     128             (  0.00%) | total_pruned =     128 | shape = torch.Size([128])
1.7.1.7.1.7.1.2.weight | nonzeros =      62 /     128             ( 48.44%) | total_pruned =      66 | shape = torch.Size([128])
1.7.1.7.1.7.1.2.bias | nonzeros =       0 /     128             (  0.00%) | total_pruned =     128 | shape = torch.Size([128])
1.7.1.7.1.7.1.4.1.weight | nonzeros =   18562 /  409600             (  4.53%) | total_pruned =  391038 | shape = torch.Size([128, 128, 5, 5])
1.7.1.7.1.7.1.4.1.bias | nonzeros =       0 /     128             (  0.00%) | total_pruned =     128 | shape = torch.Size([128])
1.7.1.7.1.7.1.5.weight | nonzeros =      67 /     128             ( 52.34%) | total_pruned =      61 | shape = torch.Size([128])
1.7.1.7.1.7.1.5.bias | nonzeros =       0 /     128             (  0.00%) | total_pruned =     128 | shape = torch.Size([128])
1.7.1.7.1.7.1.7.1.1.1.weight | nonzeros =   21862 /  409600             (  5.34%) | total_pruned =  387738 | shape = torch.Size([128, 128, 5, 5])
1.7.1.7.1.7.1.7.1.1.1.bias | nonzeros =       0 /     128             (  0.00%) | total_pruned =     128 | shape = torch.Size([128])
1.7.1.7.1.7.1.7.1.2.weight | nonzeros =      68 /     128             ( 53.12%) | total_pruned =      60 | shape = torch.Size([128])
1.7.1.7.1.7.1.7.1.2.bias | nonzeros =       0 /     128             (  0.00%) | total_pruned =     128 | shape = torch.Size([128])
1.7.1.7.1.7.1.7.1.4.1.weight | nonzeros =   36001 /  409600             (  8.79%) | total_pruned =  373599 | shape = torch.Size([128, 128, 5, 5])
1.7.1.7.1.7.1.7.1.4.1.bias | nonzeros =       0 /     128             (  0.00%) | total_pruned =     128 | shape = torch.Size([128])
1.7.1.7.1.7.1.7.1.5.weight | nonzeros =      92 /     128             ( 71.88%) | total_pruned =      36 | shape = torch.Size([128])
1.7.1.7.1.7.1.7.1.5.bias | nonzeros =       0 /     128             (  0.00%) | total_pruned =     128 | shape = torch.Size([128])
1.7.1.7.1.7.1.7.1.7.1.1.1.weight | nonzeros =   59933 /  409600             ( 14.63%) | total_pruned =  349667 | shape = torch.Size([128, 128, 5, 5])
1.7.1.7.1.7.1.7.1.7.1.1.1.bias | nonzeros =       0 /     128             (  0.00%) | total_pruned =     128 | shape = torch.Size([128])
1.7.1.7.1.7.1.7.1.7.1.2.weight | nonzeros =     102 /     128             ( 79.69%) | total_pruned =      26 | shape = torch.Size([128])
1.7.1.7.1.7.1.7.1.7.1.2.bias | nonzeros =       0 /     128             (  0.00%) | total_pruned =     128 | shape = torch.Size([128])
1.7.1.7.1.7.1.7.1.7.1.4.1.weight | nonzeros =   64672 /  409600             ( 15.79%) | total_pruned =  344928 | shape = torch.Size([128, 128, 5, 5])
1.7.1.7.1.7.1.7.1.7.1.4.1.bias | nonzeros =       0 /     128             (  0.00%) | total_pruned =     128 | shape = torch.Size([128])
1.7.1.7.1.7.1.7.1.7.1.5.weight | nonzeros =      85 /     128             ( 66.41%) | total_pruned =      43 | shape = torch.Size([128])
1.7.1.7.1.7.1.7.1.7.1.5.bias | nonzeros =       0 /     128             (  0.00%) | total_pruned =     128 | shape = torch.Size([128])
1.7.1.7.1.7.1.7.1.7.2.weight | nonzeros =      85 /     128             ( 66.41%) | total_pruned =      43 | shape = torch.Size([128])
1.7.1.7.1.7.1.7.1.7.2.bias | nonzeros =       0 /     128             (  0.00%) | total_pruned =     128 | shape = torch.Size([128])
1.7.1.7.1.7.1.7.1.7.3.1.weight | nonzeros =   25710 /  147456             ( 17.44%) | total_pruned =  121746 | shape = torch.Size([128, 128, 3, 3])
1.7.1.7.1.7.1.7.1.7.3.1.bias | nonzeros =       0 /     128             (  0.00%) | total_pruned =     128 | shape = torch.Size([128])
1.7.1.7.1.7.1.7.1.7.4.weight | nonzeros =      80 /     128             ( 62.50%) | total_pruned =      48 | shape = torch.Size([128])
1.7.1.7.1.7.1.7.1.7.4.bias | nonzeros =       0 /     128             (  0.00%) | total_pruned =     128 | shape = torch.Size([128])
1.7.1.7.1.7.1.7.2.weight | nonzeros =      80 /     128             ( 62.50%) | total_pruned =      48 | shape = torch.Size([128])
1.7.1.7.1.7.1.7.2.bias | nonzeros =       0 /     128             (  0.00%) | total_pruned =     128 | shape = torch.Size([128])
1.7.1.7.1.7.1.7.3.1.weight | nonzeros =   22498 /  147456             ( 15.26%) | total_pruned =  124958 | shape = torch.Size([128, 128, 3, 3])
1.7.1.7.1.7.1.7.3.1.bias | nonzeros =       0 /     128             (  0.00%) | total_pruned =     128 | shape = torch.Size([128])
1.7.1.7.1.7.1.7.4.weight | nonzeros =      74 /     128             ( 57.81%) | total_pruned =      54 | shape = torch.Size([128])
1.7.1.7.1.7.1.7.4.bias | nonzeros =       0 /     128             (  0.00%) | total_pruned =     128 | shape = torch.Size([128])
1.7.1.7.1.7.2.weight | nonzeros =      74 /     128             ( 57.81%) | total_pruned =      54 | shape = torch.Size([128])
1.7.1.7.1.7.2.bias   | nonzeros =       0 /     128             (  0.00%) | total_pruned =     128 | shape = torch.Size([128])
1.7.1.7.1.7.3.1.weight | nonzeros =   17590 /  147456             ( 11.93%) | total_pruned =  129866 | shape = torch.Size([128, 128, 3, 3])
1.7.1.7.1.7.3.1.bias | nonzeros =       0 /     128             (  0.00%) | total_pruned =     128 | shape = torch.Size([128])
1.7.1.7.1.7.4.weight | nonzeros =      63 /     128             ( 49.22%) | total_pruned =      65 | shape = torch.Size([128])
1.7.1.7.1.7.4.bias   | nonzeros =       0 /     128             (  0.00%) | total_pruned =     128 | shape = torch.Size([128])
1.7.1.7.2.weight     | nonzeros =      63 /     128             ( 49.22%) | total_pruned =      65 | shape = torch.Size([128])
1.7.1.7.2.bias       | nonzeros =       0 /     128             (  0.00%) | total_pruned =     128 | shape = torch.Size([128])
1.7.1.7.3.1.weight   | nonzeros =    8371 /   73728             ( 11.35%) | total_pruned =   65357 | shape = torch.Size([64, 128, 3, 3])
1.7.1.7.3.1.bias     | nonzeros =       0 /      64             (  0.00%) | total_pruned =      64 | shape = torch.Size([64])
1.7.1.7.4.weight     | nonzeros =      34 /      64             ( 53.12%) | total_pruned =      30 | shape = torch.Size([64])
1.7.1.7.4.bias       | nonzeros =       0 /      64             (  0.00%) | total_pruned =      64 | shape = torch.Size([64])
1.7.2.weight         | nonzeros =      34 /      64             ( 53.12%) | total_pruned =      30 | shape = torch.Size([64])
1.7.2.bias           | nonzeros =       0 /      64             (  0.00%) | total_pruned =      64 | shape = torch.Size([64])
1.7.3.1.weight       | nonzeros =    1927 /   18432             ( 10.45%) | total_pruned =   16505 | shape = torch.Size([32, 64, 3, 3])
1.7.3.1.bias         | nonzeros =       0 /      32             (  0.00%) | total_pruned =      32 | shape = torch.Size([32])
1.7.4.weight         | nonzeros =      12 /      32             ( 37.50%) | total_pruned =      20 | shape = torch.Size([32])
1.7.4.bias           | nonzeros =       0 /      32             (  0.00%) | total_pruned =      32 | shape = torch.Size([32])
2.weight             | nonzeros =      12 /      32             ( 37.50%) | total_pruned =      20 | shape = torch.Size([32])
2.bias               | nonzeros =       0 /      32             (  0.00%) | total_pruned =      32 | shape = torch.Size([32])
3.1.weight           | nonzeros =     831 /    4608             ( 18.03%) | total_pruned =    3777 | shape = torch.Size([16, 32, 3, 3])
3.1.bias             | nonzeros =       0 /      16             (  0.00%) | total_pruned =      16 | shape = torch.Size([16])
4.weight             | nonzeros =      16 /      16             (100.00%) | total_pruned =       0 | shape = torch.Size([16])
4.bias               | nonzeros =       0 /      16             (  0.00%) | total_pruned =      16 | shape = torch.Size([16])
6.1.weight           | nonzeros =      26 /      48             ( 54.17%) | total_pruned =      22 | shape = torch.Size([3, 16, 1, 1])
6.1.bias             | nonzeros =       2 /       3             ( 66.67%) | total_pruned =       1 | shape = torch.Size([3])
alive: 300886, pruned : 2707981, total: 3008867, Compression rate :      10.00x  ( 90.00% pruned)
PSNR of output image is:  15.019567941914861
Experiment done
