(3, 512, 512)
(3, 512, 512)
Noisy PSNR is '9.650872444145646'
(3, 512, 512) (3, 512, 512) torch.Size([1, 32, 512, 512])
Output directory: data/inpainting/Set14/mask/1/sparsity/0.5/det/0.02/1e-09
epoch:  0 quantization_loss:  0.03520941734313965
p mean is: tensor(-0.0002, device='cuda:3')
epoch:  1000 quantization_loss:  0.03038501739501953
p mean is: tensor(-0.0141, device='cuda:3')
epoch:  2000 quantization_loss:  0.03014967404305935
p mean is: tensor(-0.0240, device='cuda:3')
epoch:  3000 quantization_loss:  0.030069924890995026
p mean is: tensor(-0.0341, device='cuda:3')
epoch:  4000 quantization_loss:  0.029911207035183907
p mean is: tensor(-0.0442, device='cuda:3')
epoch:  5000 quantization_loss:  0.029156405478715897
p mean is: tensor(-0.0545, device='cuda:3')
epoch:  6000 quantization_loss:  0.029338471591472626
p mean is: tensor(-0.0655, device='cuda:3')
epoch:  7000 quantization_loss:  0.02707558497786522
p mean is: tensor(-0.0772, device='cuda:3')
epoch:  8000 quantization_loss:  0.022420940920710564
p mean is: tensor(-0.0902, device='cuda:3')
epoch:  9000 quantization_loss:  0.018101084977388382
p mean is: tensor(-0.1060, device='cuda:3')
epoch:  10000 quantization_loss:  0.016479987651109695
p mean is: tensor(-0.1263, device='cuda:3')
epoch:  11000 quantization_loss:  0.014394300058484077
p mean is: tensor(-0.1530, device='cuda:3')
epoch:  12000 quantization_loss:  0.013521908782422543
p mean is: tensor(-0.1875, device='cuda:3')
epoch:  13000 quantization_loss:  0.013131292536854744
p mean is: tensor(-0.2313, device='cuda:3')
epoch:  14000 quantization_loss:  0.012743450701236725
p mean is: tensor(-0.2849, device='cuda:3')
epoch:  15000 quantization_loss:  0.012561486102640629
p mean is: tensor(-0.3484, device='cuda:3')
epoch:  16000 quantization_loss:  0.012360304594039917
p mean is: tensor(-0.4198, device='cuda:3')
epoch:  17000 quantization_loss:  0.011972127482295036
p mean is: tensor(-0.4963, device='cuda:3')
epoch:  18000 quantization_loss:  0.011771642602980137
p mean is: tensor(-0.5741, device='cuda:3')
epoch:  19000 quantization_loss:  0.011542925611138344
p mean is: tensor(-0.6499, device='cuda:3')
epoch:  20000 quantization_loss:  0.01149885542690754
p mean is: tensor(-0.7208, device='cuda:3')
epoch:  21000 quantization_loss:  0.011290407739579678
p mean is: tensor(-0.7854, device='cuda:3')
epoch:  22000 quantization_loss:  0.0112050985917449
p mean is: tensor(-0.8428, device='cuda:3')
epoch:  23000 quantization_loss:  0.011095411144196987
p mean is: tensor(-0.8936, device='cuda:3')
epoch:  24000 quantization_loss:  0.01099119521677494
p mean is: tensor(-0.9380, device='cuda:3')
epoch:  25000 quantization_loss:  0.01090712659060955
p mean is: tensor(-0.9770, device='cuda:3')
epoch:  26000 quantization_loss:  0.010843511670827866
p mean is: tensor(-1.0112, device='cuda:3')
epoch:  27000 quantization_loss:  0.010750642977654934
p mean is: tensor(-1.0409, device='cuda:3')
epoch:  28000 quantization_loss:  0.01072339154779911
p mean is: tensor(-1.0670, device='cuda:3')
epoch:  29000 quantization_loss:  0.010653769597411156
p mean is: tensor(-1.0900, device='cuda:3')
epoch:  30000 quantization_loss:  0.01062631793320179
p mean is: tensor(-1.1103, device='cuda:3')
epoch:  31000 quantization_loss:  0.01057741791009903
p mean is: tensor(-1.1282, device='cuda:3')
epoch:  32000 quantization_loss:  0.010541632771492004
p mean is: tensor(-1.1440, device='cuda:3')
epoch:  33000 quantization_loss:  0.010488773696124554
p mean is: tensor(-1.1581, device='cuda:3')
epoch:  34000 quantization_loss:  0.01043280865997076
p mean is: tensor(-1.1707, device='cuda:3')
epoch:  35000 quantization_loss:  0.010406279005110264
p mean is: tensor(-1.1820, device='cuda:3')
epoch:  36000 quantization_loss:  0.010398268699645996
p mean is: tensor(-1.1922, device='cuda:3')
epoch:  37000 quantization_loss:  0.010356303304433823
p mean is: tensor(-1.2013, device='cuda:3')
epoch:  38000 quantization_loss:  0.010320354253053665
p mean is: tensor(-1.2095, device='cuda:3')
epoch:  39000 quantization_loss:  0.01030600257217884
p mean is: tensor(-1.2171, device='cuda:3')
epoch:  40000 quantization_loss:  0.010247359052300453
p mean is: tensor(-1.2238, device='cuda:3')
epoch:  41000 quantization_loss:  0.01023750938475132
p mean is: tensor(-1.2300, device='cuda:3')
epoch:  42000 quantization_loss:  0.010217738337814808
p mean is: tensor(-1.2357, device='cuda:3')
epoch:  43000 quantization_loss:  0.010207189247012138
p mean is: tensor(-1.2409, device='cuda:3')
epoch:  44000 quantization_loss:  0.010272904299199581
p mean is: tensor(-1.2456, device='cuda:3')
epoch:  45000 quantization_loss:  0.010156047530472279
p mean is: tensor(-1.2501, device='cuda:3')
epoch:  46000 quantization_loss:  0.010133722797036171
p mean is: tensor(-1.2542, device='cuda:3')
epoch:  47000 quantization_loss:  0.01011637318879366
p mean is: tensor(-1.2579, device='cuda:3')
epoch:  48000 quantization_loss:  0.01010674238204956
p mean is: tensor(-1.2615, device='cuda:3')
epoch:  49000 quantization_loss:  0.010107130743563175
p mean is: tensor(-1.2648, device='cuda:3')
epoch:  50000 quantization_loss:  0.010075326077640057
p mean is: tensor(-1.2678, device='cuda:3')
epoch:  51000 quantization_loss:  0.010069974698126316
p mean is: tensor(-1.2708, device='cuda:3')
epoch:  52000 quantization_loss:  0.01004789024591446
p mean is: tensor(-1.2735, device='cuda:3')
epoch:  53000 quantization_loss:  0.010035485960543156
p mean is: tensor(-1.2761, device='cuda:3')
epoch:  54000 quantization_loss:  0.010023604147136211
p mean is: tensor(-1.2786, device='cuda:3')
epoch:  55000 quantization_loss:  0.010014035739004612
p mean is: tensor(-1.2808, device='cuda:3')
epoch:  56000 quantization_loss:  0.01000105869024992
p mean is: tensor(-1.2830, device='cuda:3')
epoch:  57000 quantization_loss:  0.01000410970300436
p mean is: tensor(-1.2851, device='cuda:3')
epoch:  58000 quantization_loss:  0.009987880475819111
p mean is: tensor(-1.2870, device='cuda:3')
epoch:  59000 quantization_loss:  0.009982947260141373
p mean is: tensor(-1.2889, device='cuda:3')
Number of elements to keep: 60177
Threshold value: 4.668355464935303
Number of elements equal to threshold: 1
Number of elements to randomly select: 1
Actual sparsity achieved: 0.019999887000655064
here
Number of elements to keep: 150443
Threshold value: -0.4852501153945923
Number of elements equal to threshold: 1
Number of elements to randomly select: 1
Actual sparsity achieved: 0.04999988367714492
1.1.1.weight         | nonzeros =      89 /   12800             (  0.70%) | total_pruned =   12711 | shape = torch.Size([16, 32, 5, 5])
1.1.1.bias           | nonzeros =       0 /      16             (  0.00%) | total_pruned =      16 | shape = torch.Size([16])
1.2.weight           | nonzeros =       6 /      16             ( 37.50%) | total_pruned =      10 | shape = torch.Size([16])
1.2.bias             | nonzeros =       0 /      16             (  0.00%) | total_pruned =      16 | shape = torch.Size([16])
1.4.1.weight         | nonzeros =       2 /    6400             (  0.03%) | total_pruned =    6398 | shape = torch.Size([16, 16, 5, 5])
1.4.1.bias           | nonzeros =       0 /      16             (  0.00%) | total_pruned =      16 | shape = torch.Size([16])
1.5.weight           | nonzeros =       5 /      16             ( 31.25%) | total_pruned =      11 | shape = torch.Size([16])
1.5.bias             | nonzeros =       0 /      16             (  0.00%) | total_pruned =      16 | shape = torch.Size([16])
1.7.1.1.1.weight     | nonzeros =       0 /   12800             (  0.00%) | total_pruned =   12800 | shape = torch.Size([32, 16, 5, 5])
1.7.1.1.1.bias       | nonzeros =       0 /      32             (  0.00%) | total_pruned =      32 | shape = torch.Size([32])
1.7.1.2.weight       | nonzeros =       4 /      32             ( 12.50%) | total_pruned =      28 | shape = torch.Size([32])
1.7.1.2.bias         | nonzeros =       0 /      32             (  0.00%) | total_pruned =      32 | shape = torch.Size([32])
1.7.1.4.1.weight     | nonzeros =       0 /   25600             (  0.00%) | total_pruned =   25600 | shape = torch.Size([32, 32, 5, 5])
1.7.1.4.1.bias       | nonzeros =       0 /      32             (  0.00%) | total_pruned =      32 | shape = torch.Size([32])
1.7.1.5.weight       | nonzeros =       5 /      32             ( 15.62%) | total_pruned =      27 | shape = torch.Size([32])
1.7.1.5.bias         | nonzeros =       0 /      32             (  0.00%) | total_pruned =      32 | shape = torch.Size([32])
1.7.1.7.1.1.1.weight | nonzeros =       0 /   51200             (  0.00%) | total_pruned =   51200 | shape = torch.Size([64, 32, 5, 5])
1.7.1.7.1.1.1.bias   | nonzeros =       0 /      64             (  0.00%) | total_pruned =      64 | shape = torch.Size([64])
1.7.1.7.1.2.weight   | nonzeros =       6 /      64             (  9.38%) | total_pruned =      58 | shape = torch.Size([64])
1.7.1.7.1.2.bias     | nonzeros =       0 /      64             (  0.00%) | total_pruned =      64 | shape = torch.Size([64])
1.7.1.7.1.4.1.weight | nonzeros =       0 /  102400             (  0.00%) | total_pruned =  102400 | shape = torch.Size([64, 64, 5, 5])
1.7.1.7.1.4.1.bias   | nonzeros =       0 /      64             (  0.00%) | total_pruned =      64 | shape = torch.Size([64])
1.7.1.7.1.5.weight   | nonzeros =      15 /      64             ( 23.44%) | total_pruned =      49 | shape = torch.Size([64])
1.7.1.7.1.5.bias     | nonzeros =       0 /      64             (  0.00%) | total_pruned =      64 | shape = torch.Size([64])
1.7.1.7.1.7.1.1.1.weight | nonzeros =       0 /  204800             (  0.00%) | total_pruned =  204800 | shape = torch.Size([128, 64, 5, 5])
1.7.1.7.1.7.1.1.1.bias | nonzeros =       0 /     128             (  0.00%) | total_pruned =     128 | shape = torch.Size([128])
1.7.1.7.1.7.1.2.weight | nonzeros =      18 /     128             ( 14.06%) | total_pruned =     110 | shape = torch.Size([128])
1.7.1.7.1.7.1.2.bias | nonzeros =       0 /     128             (  0.00%) | total_pruned =     128 | shape = torch.Size([128])
1.7.1.7.1.7.1.4.1.weight | nonzeros =       0 /  409600             (  0.00%) | total_pruned =  409600 | shape = torch.Size([128, 128, 5, 5])
1.7.1.7.1.7.1.4.1.bias | nonzeros =       0 /     128             (  0.00%) | total_pruned =     128 | shape = torch.Size([128])
1.7.1.7.1.7.1.5.weight | nonzeros =      42 /     128             ( 32.81%) | total_pruned =      86 | shape = torch.Size([128])
1.7.1.7.1.7.1.5.bias | nonzeros =       0 /     128             (  0.00%) | total_pruned =     128 | shape = torch.Size([128])
1.7.1.7.1.7.1.7.1.1.1.weight | nonzeros =       0 /  409600             (  0.00%) | total_pruned =  409600 | shape = torch.Size([128, 128, 5, 5])
1.7.1.7.1.7.1.7.1.1.1.bias | nonzeros =       0 /     128             (  0.00%) | total_pruned =     128 | shape = torch.Size([128])
1.7.1.7.1.7.1.7.1.2.weight | nonzeros =      71 /     128             ( 55.47%) | total_pruned =      57 | shape = torch.Size([128])
1.7.1.7.1.7.1.7.1.2.bias | nonzeros =       0 /     128             (  0.00%) | total_pruned =     128 | shape = torch.Size([128])
1.7.1.7.1.7.1.7.1.4.1.weight | nonzeros =       0 /  409600             (  0.00%) | total_pruned =  409600 | shape = torch.Size([128, 128, 5, 5])
1.7.1.7.1.7.1.7.1.4.1.bias | nonzeros =       0 /     128             (  0.00%) | total_pruned =     128 | shape = torch.Size([128])
1.7.1.7.1.7.1.7.1.5.weight | nonzeros =      90 /     128             ( 70.31%) | total_pruned =      38 | shape = torch.Size([128])
1.7.1.7.1.7.1.7.1.5.bias | nonzeros =       0 /     128             (  0.00%) | total_pruned =     128 | shape = torch.Size([128])
1.7.1.7.1.7.1.7.1.7.1.1.1.weight | nonzeros =       8 /  409600             (  0.00%) | total_pruned =  409592 | shape = torch.Size([128, 128, 5, 5])
1.7.1.7.1.7.1.7.1.7.1.1.1.bias | nonzeros =       0 /     128             (  0.00%) | total_pruned =     128 | shape = torch.Size([128])
1.7.1.7.1.7.1.7.1.7.1.2.weight | nonzeros =      99 /     128             ( 77.34%) | total_pruned =      29 | shape = torch.Size([128])
1.7.1.7.1.7.1.7.1.7.1.2.bias | nonzeros =       0 /     128             (  0.00%) | total_pruned =     128 | shape = torch.Size([128])
1.7.1.7.1.7.1.7.1.7.1.4.1.weight | nonzeros =     697 /  409600             (  0.17%) | total_pruned =  408903 | shape = torch.Size([128, 128, 5, 5])
1.7.1.7.1.7.1.7.1.7.1.4.1.bias | nonzeros =       0 /     128             (  0.00%) | total_pruned =     128 | shape = torch.Size([128])
1.7.1.7.1.7.1.7.1.7.1.5.weight | nonzeros =      92 /     128             ( 71.88%) | total_pruned =      36 | shape = torch.Size([128])
1.7.1.7.1.7.1.7.1.7.1.5.bias | nonzeros =       0 /     128             (  0.00%) | total_pruned =     128 | shape = torch.Size([128])
1.7.1.7.1.7.1.7.1.7.2.weight | nonzeros =      92 /     128             ( 71.88%) | total_pruned =      36 | shape = torch.Size([128])
1.7.1.7.1.7.1.7.1.7.2.bias | nonzeros =       0 /     128             (  0.00%) | total_pruned =     128 | shape = torch.Size([128])
1.7.1.7.1.7.1.7.1.7.3.1.weight | nonzeros =   15729 /  147456             ( 10.67%) | total_pruned =  131727 | shape = torch.Size([128, 128, 3, 3])
1.7.1.7.1.7.1.7.1.7.3.1.bias | nonzeros =       0 /     128             (  0.00%) | total_pruned =     128 | shape = torch.Size([128])
1.7.1.7.1.7.1.7.1.7.4.weight | nonzeros =      87 /     128             ( 67.97%) | total_pruned =      41 | shape = torch.Size([128])
1.7.1.7.1.7.1.7.1.7.4.bias | nonzeros =       0 /     128             (  0.00%) | total_pruned =     128 | shape = torch.Size([128])
1.7.1.7.1.7.1.7.2.weight | nonzeros =      87 /     128             ( 67.97%) | total_pruned =      41 | shape = torch.Size([128])
1.7.1.7.1.7.1.7.2.bias | nonzeros =       0 /     128             (  0.00%) | total_pruned =     128 | shape = torch.Size([128])
1.7.1.7.1.7.1.7.3.1.weight | nonzeros =   18046 /  147456             ( 12.24%) | total_pruned =  129410 | shape = torch.Size([128, 128, 3, 3])
1.7.1.7.1.7.1.7.3.1.bias | nonzeros =       0 /     128             (  0.00%) | total_pruned =     128 | shape = torch.Size([128])
1.7.1.7.1.7.1.7.4.weight | nonzeros =      89 /     128             ( 69.53%) | total_pruned =      39 | shape = torch.Size([128])
1.7.1.7.1.7.1.7.4.bias | nonzeros =       0 /     128             (  0.00%) | total_pruned =     128 | shape = torch.Size([128])
1.7.1.7.1.7.2.weight | nonzeros =      89 /     128             ( 69.53%) | total_pruned =      39 | shape = torch.Size([128])
1.7.1.7.1.7.2.bias   | nonzeros =       0 /     128             (  0.00%) | total_pruned =     128 | shape = torch.Size([128])
1.7.1.7.1.7.3.1.weight | nonzeros =   14691 /  147456             (  9.96%) | total_pruned =  132765 | shape = torch.Size([128, 128, 3, 3])
1.7.1.7.1.7.3.1.bias | nonzeros =       0 /     128             (  0.00%) | total_pruned =     128 | shape = torch.Size([128])
1.7.1.7.1.7.4.weight | nonzeros =      82 /     128             ( 64.06%) | total_pruned =      46 | shape = torch.Size([128])
1.7.1.7.1.7.4.bias   | nonzeros =       0 /     128             (  0.00%) | total_pruned =     128 | shape = torch.Size([128])
1.7.1.7.2.weight     | nonzeros =      82 /     128             ( 64.06%) | total_pruned =      46 | shape = torch.Size([128])
1.7.1.7.2.bias       | nonzeros =       0 /     128             (  0.00%) | total_pruned =     128 | shape = torch.Size([128])
1.7.1.7.3.1.weight   | nonzeros =    6633 /   73728             (  9.00%) | total_pruned =   67095 | shape = torch.Size([64, 128, 3, 3])
1.7.1.7.3.1.bias     | nonzeros =       0 /      64             (  0.00%) | total_pruned =      64 | shape = torch.Size([64])
1.7.1.7.4.weight     | nonzeros =      29 /      64             ( 45.31%) | total_pruned =      35 | shape = torch.Size([64])
1.7.1.7.4.bias       | nonzeros =       0 /      64             (  0.00%) | total_pruned =      64 | shape = torch.Size([64])
1.7.2.weight         | nonzeros =      29 /      64             ( 45.31%) | total_pruned =      35 | shape = torch.Size([64])
1.7.2.bias           | nonzeros =       0 /      64             (  0.00%) | total_pruned =      64 | shape = torch.Size([64])
1.7.3.1.weight       | nonzeros =    1926 /   18432             ( 10.45%) | total_pruned =   16506 | shape = torch.Size([32, 64, 3, 3])
1.7.3.1.bias         | nonzeros =       0 /      32             (  0.00%) | total_pruned =      32 | shape = torch.Size([32])
1.7.4.weight         | nonzeros =      19 /      32             ( 59.38%) | total_pruned =      13 | shape = torch.Size([32])
1.7.4.bias           | nonzeros =       0 /      32             (  0.00%) | total_pruned =      32 | shape = torch.Size([32])
2.weight             | nonzeros =      19 /      32             ( 59.38%) | total_pruned =      13 | shape = torch.Size([32])
2.bias               | nonzeros =       0 /      32             (  0.00%) | total_pruned =      32 | shape = torch.Size([32])
3.1.weight           | nonzeros =    1147 /    4608             ( 24.89%) | total_pruned =    3461 | shape = torch.Size([16, 32, 3, 3])
3.1.bias             | nonzeros =       0 /      16             (  0.00%) | total_pruned =      16 | shape = torch.Size([16])
4.weight             | nonzeros =      16 /      16             (100.00%) | total_pruned =       0 | shape = torch.Size([16])
4.bias               | nonzeros =       0 /      16             (  0.00%) | total_pruned =      16 | shape = torch.Size([16])
6.1.weight           | nonzeros =      34 /      48             ( 70.83%) | total_pruned =      14 | shape = torch.Size([3, 16, 1, 1])
6.1.bias             | nonzeros =       2 /       3             ( 66.67%) | total_pruned =       1 | shape = torch.Size([3])
alive: 60177, pruned : 2948690, total: 3008867, Compression rate :      50.00x  ( 98.00% pruned)
PSNR of output image is:  11.682583550463816
Experiment done
