(3, 512, 512)
(3, 512, 512)
Noisy PSNR is '10.523374847582165'
(3, 512, 512) (3, 512, 512) torch.Size([1, 32, 512, 512])
Output directory: data/inpainting/Set14/mask/8/sparsity/0.5/det/0.03/1e-09
epoch:  0 quantization_loss:  0.0481848418712616
p mean is: tensor(-0.0002, device='cuda:4')
epoch:  1000 quantization_loss:  0.03661837801337242
p mean is: tensor(-0.0128, device='cuda:4')
epoch:  2000 quantization_loss:  0.03619590401649475
p mean is: tensor(-0.0226, device='cuda:4')
epoch:  3000 quantization_loss:  0.03595034405589104
p mean is: tensor(-0.0322, device='cuda:4')
epoch:  4000 quantization_loss:  0.035654038190841675
p mean is: tensor(-0.0410, device='cuda:4')
epoch:  5000 quantization_loss:  0.03567534312605858
p mean is: tensor(-0.0504, device='cuda:4')
epoch:  6000 quantization_loss:  0.032605286687612534
p mean is: tensor(-0.0598, device='cuda:4')
epoch:  7000 quantization_loss:  0.03188112750649452
p mean is: tensor(-0.0718, device='cuda:4')
epoch:  8000 quantization_loss:  0.03093833290040493
p mean is: tensor(-0.0883, device='cuda:4')
epoch:  9000 quantization_loss:  0.02604835294187069
p mean is: tensor(-0.1091, device='cuda:4')
epoch:  10000 quantization_loss:  0.023179752752184868
p mean is: tensor(-0.1344, device='cuda:4')
epoch:  11000 quantization_loss:  0.021387707442045212
p mean is: tensor(-0.1667, device='cuda:4')
epoch:  12000 quantization_loss:  0.02017725072801113
p mean is: tensor(-0.2070, device='cuda:4')
epoch:  13000 quantization_loss:  0.019521348178386688
p mean is: tensor(-0.2567, device='cuda:4')
epoch:  14000 quantization_loss:  0.01904161088168621
p mean is: tensor(-0.3163, device='cuda:4')
epoch:  15000 quantization_loss:  0.018652567639946938
p mean is: tensor(-0.3845, device='cuda:4')
epoch:  16000 quantization_loss:  0.018176987767219543
p mean is: tensor(-0.4586, device='cuda:4')
epoch:  17000 quantization_loss:  0.016637643799185753
p mean is: tensor(-0.5344, device='cuda:4')
epoch:  18000 quantization_loss:  0.01622834987938404
p mean is: tensor(-0.6087, device='cuda:4')
epoch:  19000 quantization_loss:  0.015835454687476158
p mean is: tensor(-0.6791, device='cuda:4')
epoch:  20000 quantization_loss:  0.01564016379415989
p mean is: tensor(-0.7441, device='cuda:4')
epoch:  21000 quantization_loss:  0.015464778989553452
p mean is: tensor(-0.8028, device='cuda:4')
epoch:  22000 quantization_loss:  0.015306111425161362
p mean is: tensor(-0.8555, device='cuda:4')
epoch:  23000 quantization_loss:  0.0152393514290452
p mean is: tensor(-0.9022, device='cuda:4')
epoch:  24000 quantization_loss:  0.015114263631403446
p mean is: tensor(-0.9436, device='cuda:4')
epoch:  25000 quantization_loss:  0.014923350885510445
p mean is: tensor(-0.9801, device='cuda:4')
epoch:  26000 quantization_loss:  0.014865209348499775
p mean is: tensor(-1.0122, device='cuda:4')
epoch:  27000 quantization_loss:  0.014805805869400501
p mean is: tensor(-1.0407, device='cuda:4')
epoch:  28000 quantization_loss:  0.014728331007063389
p mean is: tensor(-1.0657, device='cuda:4')
epoch:  29000 quantization_loss:  0.014684541150927544
p mean is: tensor(-1.0879, device='cuda:4')
epoch:  30000 quantization_loss:  0.014578321017324924
p mean is: tensor(-1.1076, device='cuda:4')
epoch:  31000 quantization_loss:  0.014586121775209904
p mean is: tensor(-1.1251, device='cuda:4')
epoch:  32000 quantization_loss:  0.015594682656228542
p mean is: tensor(-1.1405, device='cuda:4')
epoch:  33000 quantization_loss:  0.014492448419332504
p mean is: tensor(-1.1543, device='cuda:4')
epoch:  34000 quantization_loss:  0.014427480287849903
p mean is: tensor(-1.1666, device='cuda:4')
epoch:  35000 quantization_loss:  0.014348359778523445
p mean is: tensor(-1.1778, device='cuda:4')
epoch:  36000 quantization_loss:  0.014324805699288845
p mean is: tensor(-1.1876, device='cuda:4')
epoch:  37000 quantization_loss:  0.01428760401904583
p mean is: tensor(-1.1965, device='cuda:4')
epoch:  38000 quantization_loss:  0.014256801456212997
p mean is: tensor(-1.2046, device='cuda:4')
epoch:  39000 quantization_loss:  0.014243721030652523
p mean is: tensor(-1.2118, device='cuda:4')
epoch:  40000 quantization_loss:  0.014198845252394676
p mean is: tensor(-1.2184, device='cuda:4')
epoch:  41000 quantization_loss:  0.014199232682585716
p mean is: tensor(-1.2243, device='cuda:4')
epoch:  42000 quantization_loss:  0.014183493331074715
p mean is: tensor(-1.2298, device='cuda:4')
epoch:  43000 quantization_loss:  0.014159206300973892
p mean is: tensor(-1.2348, device='cuda:4')
epoch:  44000 quantization_loss:  0.0141470180824399
p mean is: tensor(-1.2394, device='cuda:4')
epoch:  45000 quantization_loss:  0.01411505602300167
p mean is: tensor(-1.2436, device='cuda:4')
epoch:  46000 quantization_loss:  0.014104868285357952
p mean is: tensor(-1.2474, device='cuda:4')
epoch:  47000 quantization_loss:  0.014097383245825768
p mean is: tensor(-1.2510, device='cuda:4')
epoch:  48000 quantization_loss:  0.014072025194764137
p mean is: tensor(-1.2543, device='cuda:4')
epoch:  49000 quantization_loss:  0.014085068367421627
p mean is: tensor(-1.2574, device='cuda:4')
epoch:  50000 quantization_loss:  0.014052307233214378
p mean is: tensor(-1.2603, device='cuda:4')
epoch:  51000 quantization_loss:  0.014045299030840397
p mean is: tensor(-1.2630, device='cuda:4')
epoch:  52000 quantization_loss:  0.014036470092833042
p mean is: tensor(-1.2654, device='cuda:4')
epoch:  53000 quantization_loss:  0.014021039940416813
p mean is: tensor(-1.2678, device='cuda:4')
epoch:  54000 quantization_loss:  0.014020415022969246
p mean is: tensor(-1.2700, device='cuda:4')
epoch:  55000 quantization_loss:  0.01401030458509922
p mean is: tensor(-1.2721, device='cuda:4')
epoch:  56000 quantization_loss:  0.013999932445585728
p mean is: tensor(-1.2742, device='cuda:4')
epoch:  57000 quantization_loss:  0.013986850157380104
p mean is: tensor(-1.2761, device='cuda:4')
epoch:  58000 quantization_loss:  0.013993755914270878
p mean is: tensor(-1.2779, device='cuda:4')
epoch:  59000 quantization_loss:  0.01397849153727293
p mean is: tensor(-1.2796, device='cuda:4')
Number of elements to keep: 90266
Threshold value: 2.849762201309204
Number of elements equal to threshold: 1
Number of elements to randomly select: 1
Actual sparsity achieved: 0.029999996676489855
here
Number of elements to keep: 150443
Threshold value: -0.5042234659194946
Number of elements equal to threshold: 1
Number of elements to randomly select: 1
Actual sparsity achieved: 0.04999988367714492
1.1.1.weight         | nonzeros =     257 /   12800             (  2.01%) | total_pruned =   12543 | shape = torch.Size([16, 32, 5, 5])
1.1.1.bias           | nonzeros =       0 /      16             (  0.00%) | total_pruned =      16 | shape = torch.Size([16])
1.2.weight           | nonzeros =       7 /      16             ( 43.75%) | total_pruned =       9 | shape = torch.Size([16])
1.2.bias             | nonzeros =       0 /      16             (  0.00%) | total_pruned =      16 | shape = torch.Size([16])
1.4.1.weight         | nonzeros =       4 /    6400             (  0.06%) | total_pruned =    6396 | shape = torch.Size([16, 16, 5, 5])
1.4.1.bias           | nonzeros =       0 /      16             (  0.00%) | total_pruned =      16 | shape = torch.Size([16])
1.5.weight           | nonzeros =       6 /      16             ( 37.50%) | total_pruned =      10 | shape = torch.Size([16])
1.5.bias             | nonzeros =       0 /      16             (  0.00%) | total_pruned =      16 | shape = torch.Size([16])
1.7.1.1.1.weight     | nonzeros =       1 /   12800             (  0.01%) | total_pruned =   12799 | shape = torch.Size([32, 16, 5, 5])
1.7.1.1.1.bias       | nonzeros =       0 /      32             (  0.00%) | total_pruned =      32 | shape = torch.Size([32])
1.7.1.2.weight       | nonzeros =       9 /      32             ( 28.12%) | total_pruned =      23 | shape = torch.Size([32])
1.7.1.2.bias         | nonzeros =       0 /      32             (  0.00%) | total_pruned =      32 | shape = torch.Size([32])
1.7.1.4.1.weight     | nonzeros =       1 /   25600             (  0.00%) | total_pruned =   25599 | shape = torch.Size([32, 32, 5, 5])
1.7.1.4.1.bias       | nonzeros =       0 /      32             (  0.00%) | total_pruned =      32 | shape = torch.Size([32])
1.7.1.5.weight       | nonzeros =       9 /      32             ( 28.12%) | total_pruned =      23 | shape = torch.Size([32])
1.7.1.5.bias         | nonzeros =       0 /      32             (  0.00%) | total_pruned =      32 | shape = torch.Size([32])
1.7.1.7.1.1.1.weight | nonzeros =       0 /   51200             (  0.00%) | total_pruned =   51200 | shape = torch.Size([64, 32, 5, 5])
1.7.1.7.1.1.1.bias   | nonzeros =       0 /      64             (  0.00%) | total_pruned =      64 | shape = torch.Size([64])
1.7.1.7.1.2.weight   | nonzeros =      15 /      64             ( 23.44%) | total_pruned =      49 | shape = torch.Size([64])
1.7.1.7.1.2.bias     | nonzeros =       0 /      64             (  0.00%) | total_pruned =      64 | shape = torch.Size([64])
1.7.1.7.1.4.1.weight | nonzeros =       0 /  102400             (  0.00%) | total_pruned =  102400 | shape = torch.Size([64, 64, 5, 5])
1.7.1.7.1.4.1.bias   | nonzeros =       0 /      64             (  0.00%) | total_pruned =      64 | shape = torch.Size([64])
1.7.1.7.1.5.weight   | nonzeros =      15 /      64             ( 23.44%) | total_pruned =      49 | shape = torch.Size([64])
1.7.1.7.1.5.bias     | nonzeros =       0 /      64             (  0.00%) | total_pruned =      64 | shape = torch.Size([64])
1.7.1.7.1.7.1.1.1.weight | nonzeros =       0 /  204800             (  0.00%) | total_pruned =  204800 | shape = torch.Size([128, 64, 5, 5])
1.7.1.7.1.7.1.1.1.bias | nonzeros =       0 /     128             (  0.00%) | total_pruned =     128 | shape = torch.Size([128])
1.7.1.7.1.7.1.2.weight | nonzeros =      42 /     128             ( 32.81%) | total_pruned =      86 | shape = torch.Size([128])
1.7.1.7.1.7.1.2.bias | nonzeros =       0 /     128             (  0.00%) | total_pruned =     128 | shape = torch.Size([128])
1.7.1.7.1.7.1.4.1.weight | nonzeros =       0 /  409600             (  0.00%) | total_pruned =  409600 | shape = torch.Size([128, 128, 5, 5])
1.7.1.7.1.7.1.4.1.bias | nonzeros =       0 /     128             (  0.00%) | total_pruned =     128 | shape = torch.Size([128])
1.7.1.7.1.7.1.5.weight | nonzeros =      49 /     128             ( 38.28%) | total_pruned =      79 | shape = torch.Size([128])
1.7.1.7.1.7.1.5.bias | nonzeros =       0 /     128             (  0.00%) | total_pruned =     128 | shape = torch.Size([128])
1.7.1.7.1.7.1.7.1.1.1.weight | nonzeros =       0 /  409600             (  0.00%) | total_pruned =  409600 | shape = torch.Size([128, 128, 5, 5])
1.7.1.7.1.7.1.7.1.1.1.bias | nonzeros =       0 /     128             (  0.00%) | total_pruned =     128 | shape = torch.Size([128])
1.7.1.7.1.7.1.7.1.2.weight | nonzeros =      70 /     128             ( 54.69%) | total_pruned =      58 | shape = torch.Size([128])
1.7.1.7.1.7.1.7.1.2.bias | nonzeros =       0 /     128             (  0.00%) | total_pruned =     128 | shape = torch.Size([128])
1.7.1.7.1.7.1.7.1.4.1.weight | nonzeros =      28 /  409600             (  0.01%) | total_pruned =  409572 | shape = torch.Size([128, 128, 5, 5])
1.7.1.7.1.7.1.7.1.4.1.bias | nonzeros =       0 /     128             (  0.00%) | total_pruned =     128 | shape = torch.Size([128])
1.7.1.7.1.7.1.7.1.5.weight | nonzeros =      94 /     128             ( 73.44%) | total_pruned =      34 | shape = torch.Size([128])
1.7.1.7.1.7.1.7.1.5.bias | nonzeros =       0 /     128             (  0.00%) | total_pruned =     128 | shape = torch.Size([128])
1.7.1.7.1.7.1.7.1.7.1.1.1.weight | nonzeros =     467 /  409600             (  0.11%) | total_pruned =  409133 | shape = torch.Size([128, 128, 5, 5])
1.7.1.7.1.7.1.7.1.7.1.1.1.bias | nonzeros =       0 /     128             (  0.00%) | total_pruned =     128 | shape = torch.Size([128])
1.7.1.7.1.7.1.7.1.7.1.2.weight | nonzeros =      99 /     128             ( 77.34%) | total_pruned =      29 | shape = torch.Size([128])
1.7.1.7.1.7.1.7.1.7.1.2.bias | nonzeros =       0 /     128             (  0.00%) | total_pruned =     128 | shape = torch.Size([128])
1.7.1.7.1.7.1.7.1.7.1.4.1.weight | nonzeros =    8445 /  409600             (  2.06%) | total_pruned =  401155 | shape = torch.Size([128, 128, 5, 5])
1.7.1.7.1.7.1.7.1.7.1.4.1.bias | nonzeros =       0 /     128             (  0.00%) | total_pruned =     128 | shape = torch.Size([128])
1.7.1.7.1.7.1.7.1.7.1.5.weight | nonzeros =      86 /     128             ( 67.19%) | total_pruned =      42 | shape = torch.Size([128])
1.7.1.7.1.7.1.7.1.7.1.5.bias | nonzeros =       0 /     128             (  0.00%) | total_pruned =     128 | shape = torch.Size([128])
1.7.1.7.1.7.1.7.1.7.2.weight | nonzeros =      86 /     128             ( 67.19%) | total_pruned =      42 | shape = torch.Size([128])
1.7.1.7.1.7.1.7.1.7.2.bias | nonzeros =       0 /     128             (  0.00%) | total_pruned =     128 | shape = torch.Size([128])
1.7.1.7.1.7.1.7.1.7.3.1.weight | nonzeros =   23512 /  147456             ( 15.95%) | total_pruned =  123944 | shape = torch.Size([128, 128, 3, 3])
1.7.1.7.1.7.1.7.1.7.3.1.bias | nonzeros =       0 /     128             (  0.00%) | total_pruned =     128 | shape = torch.Size([128])
1.7.1.7.1.7.1.7.1.7.4.weight | nonzeros =      90 /     128             ( 70.31%) | total_pruned =      38 | shape = torch.Size([128])
1.7.1.7.1.7.1.7.1.7.4.bias | nonzeros =       0 /     128             (  0.00%) | total_pruned =     128 | shape = torch.Size([128])
1.7.1.7.1.7.1.7.2.weight | nonzeros =      90 /     128             ( 70.31%) | total_pruned =      38 | shape = torch.Size([128])
1.7.1.7.1.7.1.7.2.bias | nonzeros =       0 /     128             (  0.00%) | total_pruned =     128 | shape = torch.Size([128])
1.7.1.7.1.7.1.7.3.1.weight | nonzeros =   24094 /  147456             ( 16.34%) | total_pruned =  123362 | shape = torch.Size([128, 128, 3, 3])
1.7.1.7.1.7.1.7.3.1.bias | nonzeros =       0 /     128             (  0.00%) | total_pruned =     128 | shape = torch.Size([128])
1.7.1.7.1.7.1.7.4.weight | nonzeros =      81 /     128             ( 63.28%) | total_pruned =      47 | shape = torch.Size([128])
1.7.1.7.1.7.1.7.4.bias | nonzeros =       0 /     128             (  0.00%) | total_pruned =     128 | shape = torch.Size([128])
1.7.1.7.1.7.2.weight | nonzeros =      81 /     128             ( 63.28%) | total_pruned =      47 | shape = torch.Size([128])
1.7.1.7.1.7.2.bias   | nonzeros =       0 /     128             (  0.00%) | total_pruned =     128 | shape = torch.Size([128])
1.7.1.7.1.7.3.1.weight | nonzeros =   20811 /  147456             ( 14.11%) | total_pruned =  126645 | shape = torch.Size([128, 128, 3, 3])
1.7.1.7.1.7.3.1.bias | nonzeros =       0 /     128             (  0.00%) | total_pruned =     128 | shape = torch.Size([128])
1.7.1.7.1.7.4.weight | nonzeros =      84 /     128             ( 65.62%) | total_pruned =      44 | shape = torch.Size([128])
1.7.1.7.1.7.4.bias   | nonzeros =       0 /     128             (  0.00%) | total_pruned =     128 | shape = torch.Size([128])
1.7.1.7.2.weight     | nonzeros =      84 /     128             ( 65.62%) | total_pruned =      44 | shape = torch.Size([128])
1.7.1.7.2.bias       | nonzeros =       0 /     128             (  0.00%) | total_pruned =     128 | shape = torch.Size([128])
1.7.1.7.3.1.weight   | nonzeros =    8366 /   73728             ( 11.35%) | total_pruned =   65362 | shape = torch.Size([64, 128, 3, 3])
1.7.1.7.3.1.bias     | nonzeros =       0 /      64             (  0.00%) | total_pruned =      64 | shape = torch.Size([64])
1.7.1.7.4.weight     | nonzeros =      28 /      64             ( 43.75%) | total_pruned =      36 | shape = torch.Size([64])
1.7.1.7.4.bias       | nonzeros =       0 /      64             (  0.00%) | total_pruned =      64 | shape = torch.Size([64])
1.7.2.weight         | nonzeros =      28 /      64             ( 43.75%) | total_pruned =      36 | shape = torch.Size([64])
1.7.2.bias           | nonzeros =       0 /      64             (  0.00%) | total_pruned =      64 | shape = torch.Size([64])
1.7.3.1.weight       | nonzeros =    1956 /   18432             ( 10.61%) | total_pruned =   16476 | shape = torch.Size([32, 64, 3, 3])
1.7.3.1.bias         | nonzeros =       0 /      32             (  0.00%) | total_pruned =      32 | shape = torch.Size([32])
1.7.4.weight         | nonzeros =      17 /      32             ( 53.12%) | total_pruned =      15 | shape = torch.Size([32])
1.7.4.bias           | nonzeros =       0 /      32             (  0.00%) | total_pruned =      32 | shape = torch.Size([32])
2.weight             | nonzeros =      17 /      32             ( 53.12%) | total_pruned =      15 | shape = torch.Size([32])
2.bias               | nonzeros =       0 /      32             (  0.00%) | total_pruned =      32 | shape = torch.Size([32])
3.1.weight           | nonzeros =    1094 /    4608             ( 23.74%) | total_pruned =    3514 | shape = torch.Size([16, 32, 3, 3])
3.1.bias             | nonzeros =       0 /      16             (  0.00%) | total_pruned =      16 | shape = torch.Size([16])
4.weight             | nonzeros =      16 /      16             (100.00%) | total_pruned =       0 | shape = torch.Size([16])
4.bias               | nonzeros =       0 /      16             (  0.00%) | total_pruned =      16 | shape = torch.Size([16])
6.1.weight           | nonzeros =      26 /      48             ( 54.17%) | total_pruned =      22 | shape = torch.Size([3, 16, 1, 1])
6.1.bias             | nonzeros =       1 /       3             ( 33.33%) | total_pruned =       2 | shape = torch.Size([3])
alive: 90266, pruned : 2918601, total: 3008867, Compression rate :      33.33x  ( 97.00% pruned)
PSNR of output image is:  10.826456266928657
Experiment done
