(3, 512, 512)
(3, 512, 512)
Noisy PSNR is '9.358044210629298'
(3, 512, 512) (3, 512, 512) torch.Size([1, 32, 512, 512])
Output directory: data/inpainting/Set14/mask/12/sparsity/0.5/det/0.8/1e-09
epoch:  0 quantization_loss:  0.0274391807615757
p mean is: tensor(-0.0002, device='cuda:4')
epoch:  1000 quantization_loss:  0.024025358259677887
p mean is: tensor(-0.0157, device='cuda:4')
epoch:  2000 quantization_loss:  0.02255251631140709
p mean is: tensor(-0.0284, device='cuda:4')
epoch:  3000 quantization_loss:  0.023101486265659332
p mean is: tensor(-0.0411, device='cuda:4')
epoch:  4000 quantization_loss:  0.022656479850411415
p mean is: tensor(-0.0539, device='cuda:4')
epoch:  5000 quantization_loss:  0.02242417261004448
p mean is: tensor(-0.0672, device='cuda:4')
epoch:  6000 quantization_loss:  0.022813091054558754
p mean is: tensor(-0.0807, device='cuda:4')
epoch:  7000 quantization_loss:  0.02243979275226593
p mean is: tensor(-0.0952, device='cuda:4')
epoch:  8000 quantization_loss:  0.0220051072537899
p mean is: tensor(-0.1104, device='cuda:4')
epoch:  9000 quantization_loss:  0.019415605813264847
p mean is: tensor(-0.1270, device='cuda:4')
epoch:  10000 quantization_loss:  0.01740354858338833
p mean is: tensor(-0.1481, device='cuda:4')
epoch:  11000 quantization_loss:  0.013660503551363945
p mean is: tensor(-0.1740, device='cuda:4')
epoch:  12000 quantization_loss:  0.010589873418211937
p mean is: tensor(-0.2045, device='cuda:4')
epoch:  13000 quantization_loss:  0.009424498304724693
p mean is: tensor(-0.2422, device='cuda:4')
epoch:  14000 quantization_loss:  0.008571965619921684
p mean is: tensor(-0.2886, device='cuda:4')
epoch:  15000 quantization_loss:  0.008083817549049854
p mean is: tensor(-0.3444, device='cuda:4')
epoch:  16000 quantization_loss:  0.007522542495280504
p mean is: tensor(-0.4087, device='cuda:4')
epoch:  17000 quantization_loss:  0.007032033056020737
p mean is: tensor(-0.4794, device='cuda:4')
epoch:  18000 quantization_loss:  0.006724915467202663
p mean is: tensor(-0.5530, device='cuda:4')
epoch:  19000 quantization_loss:  0.006388296373188496
p mean is: tensor(-0.6260, device='cuda:4')
epoch:  20000 quantization_loss:  0.006110138259828091
p mean is: tensor(-0.6955, device='cuda:4')
epoch:  21000 quantization_loss:  0.006103282794356346
p mean is: tensor(-0.7598, device='cuda:4')
epoch:  22000 quantization_loss:  0.005856203846633434
p mean is: tensor(-0.8178, device='cuda:4')
epoch:  23000 quantization_loss:  0.00570267578586936
p mean is: tensor(-0.8694, device='cuda:4')
epoch:  24000 quantization_loss:  0.005588166881352663
p mean is: tensor(-0.9148, device='cuda:4')
epoch:  25000 quantization_loss:  0.005548520945012569
p mean is: tensor(-0.9545, device='cuda:4')
epoch:  26000 quantization_loss:  0.005457453895360231
p mean is: tensor(-0.9894, device='cuda:4')
epoch:  27000 quantization_loss:  0.005392599850893021
p mean is: tensor(-1.0201, device='cuda:4')
epoch:  28000 quantization_loss:  0.005316394381225109
p mean is: tensor(-1.0470, device='cuda:4')
epoch:  29000 quantization_loss:  0.005264752544462681
p mean is: tensor(-1.0708, device='cuda:4')
epoch:  30000 quantization_loss:  0.005225440487265587
p mean is: tensor(-1.0917, device='cuda:4')
epoch:  31000 quantization_loss:  0.005195337813347578
p mean is: tensor(-1.1104, device='cuda:4')
epoch:  32000 quantization_loss:  0.0051072705537080765
p mean is: tensor(-1.1267, device='cuda:4')
epoch:  33000 quantization_loss:  0.005100805312395096
p mean is: tensor(-1.1413, device='cuda:4')
epoch:  34000 quantization_loss:  0.005077899433672428
p mean is: tensor(-1.1543, device='cuda:4')
epoch:  35000 quantization_loss:  0.005032750777900219
p mean is: tensor(-1.1659, device='cuda:4')
epoch:  36000 quantization_loss:  0.005020692013204098
p mean is: tensor(-1.1763, device='cuda:4')
epoch:  37000 quantization_loss:  0.0049916706047952175
p mean is: tensor(-1.1856, device='cuda:4')
epoch:  38000 quantization_loss:  0.0049604373052716255
p mean is: tensor(-1.1940, device='cuda:4')
epoch:  39000 quantization_loss:  0.004937592428177595
p mean is: tensor(-1.2017, device='cuda:4')
epoch:  40000 quantization_loss:  0.0049134306609630585
p mean is: tensor(-1.2086, device='cuda:4')
epoch:  41000 quantization_loss:  0.00490777799859643
p mean is: tensor(-1.2150, device='cuda:4')
epoch:  42000 quantization_loss:  0.003982875030487776
p mean is: tensor(-1.2206, device='cuda:4')
epoch:  43000 quantization_loss:  0.003911206964403391
p mean is: tensor(-1.2258, device='cuda:4')
epoch:  44000 quantization_loss:  0.0038754513952881098
p mean is: tensor(-1.2305, device='cuda:4')
epoch:  45000 quantization_loss:  0.0038585495203733444
p mean is: tensor(-1.2349, device='cuda:4')
epoch:  46000 quantization_loss:  0.0038397591561079025
p mean is: tensor(-1.2389, device='cuda:4')
epoch:  47000 quantization_loss:  0.0038293679244816303
p mean is: tensor(-1.2427, device='cuda:4')
epoch:  48000 quantization_loss:  0.0038148737512528896
p mean is: tensor(-1.2462, device='cuda:4')
epoch:  49000 quantization_loss:  0.0037902756594121456
p mean is: tensor(-1.2495, device='cuda:4')
epoch:  50000 quantization_loss:  0.0037789680063724518
p mean is: tensor(-1.2525, device='cuda:4')
epoch:  51000 quantization_loss:  0.003794922959059477
p mean is: tensor(-1.2554, device='cuda:4')
epoch:  52000 quantization_loss:  0.0037649478763341904
p mean is: tensor(-1.2582, device='cuda:4')
epoch:  53000 quantization_loss:  0.003752314718440175
p mean is: tensor(-1.2607, device='cuda:4')
epoch:  54000 quantization_loss:  0.003752617398276925
p mean is: tensor(-1.2630, device='cuda:4')
epoch:  55000 quantization_loss:  0.0037330049090087414
p mean is: tensor(-1.2652, device='cuda:4')
epoch:  56000 quantization_loss:  0.0037297236267477274
p mean is: tensor(-1.2673, device='cuda:4')
epoch:  57000 quantization_loss:  0.003720932174474001
p mean is: tensor(-1.2692, device='cuda:4')
epoch:  58000 quantization_loss:  0.0037167223636060953
p mean is: tensor(-1.2711, device='cuda:4')
epoch:  59000 quantization_loss:  0.003714586840942502
p mean is: tensor(-1.2730, device='cuda:4')
Number of elements to keep: 2407093
Threshold value: -1.358892560005188
Number of elements equal to threshold: 2
Number of elements to randomly select: 2
Actual sparsity achieved: 0.7999998005893912
here
Number of elements to keep: 150443
Threshold value: -0.33122166991233826
Number of elements equal to threshold: 1
Number of elements to randomly select: 1
Actual sparsity achieved: 0.04999988367714492
1.1.1.weight         | nonzeros =    9158 /   12800             ( 71.55%) | total_pruned =    3642 | shape = torch.Size([16, 32, 5, 5])
1.1.1.bias           | nonzeros =      16 /      16             (100.00%) | total_pruned =       0 | shape = torch.Size([16])
1.2.weight           | nonzeros =       8 /      16             ( 50.00%) | total_pruned =       8 | shape = torch.Size([16])
1.2.bias             | nonzeros =       0 /      16             (  0.00%) | total_pruned =      16 | shape = torch.Size([16])
1.4.1.weight         | nonzeros =    4901 /    6400             ( 76.58%) | total_pruned =    1499 | shape = torch.Size([16, 16, 5, 5])
1.4.1.bias           | nonzeros =      16 /      16             (100.00%) | total_pruned =       0 | shape = torch.Size([16])
1.5.weight           | nonzeros =       9 /      16             ( 56.25%) | total_pruned =       7 | shape = torch.Size([16])
1.5.bias             | nonzeros =       0 /      16             (  0.00%) | total_pruned =      16 | shape = torch.Size([16])
1.7.1.1.1.weight     | nonzeros =   10551 /   12800             ( 82.43%) | total_pruned =    2249 | shape = torch.Size([32, 16, 5, 5])
1.7.1.1.1.bias       | nonzeros =      32 /      32             (100.00%) | total_pruned =       0 | shape = torch.Size([32])
1.7.1.2.weight       | nonzeros =      12 /      32             ( 37.50%) | total_pruned =      20 | shape = torch.Size([32])
1.7.1.2.bias         | nonzeros =       0 /      32             (  0.00%) | total_pruned =      32 | shape = torch.Size([32])
1.7.1.4.1.weight     | nonzeros =   21985 /   25600             ( 85.88%) | total_pruned =    3615 | shape = torch.Size([32, 32, 5, 5])
1.7.1.4.1.bias       | nonzeros =      32 /      32             (100.00%) | total_pruned =       0 | shape = torch.Size([32])
1.7.1.5.weight       | nonzeros =      17 /      32             ( 53.12%) | total_pruned =      15 | shape = torch.Size([32])
1.7.1.5.bias         | nonzeros =       0 /      32             (  0.00%) | total_pruned =      32 | shape = torch.Size([32])
1.7.1.7.1.1.1.weight | nonzeros =   43491 /   51200             ( 84.94%) | total_pruned =    7709 | shape = torch.Size([64, 32, 5, 5])
1.7.1.7.1.1.1.bias   | nonzeros =      64 /      64             (100.00%) | total_pruned =       0 | shape = torch.Size([64])
1.7.1.7.1.2.weight   | nonzeros =      34 /      64             ( 53.12%) | total_pruned =      30 | shape = torch.Size([64])
1.7.1.7.1.2.bias     | nonzeros =       0 /      64             (  0.00%) | total_pruned =      64 | shape = torch.Size([64])
1.7.1.7.1.4.1.weight | nonzeros =   88593 /  102400             ( 86.52%) | total_pruned =   13807 | shape = torch.Size([64, 64, 5, 5])
1.7.1.7.1.4.1.bias   | nonzeros =      64 /      64             (100.00%) | total_pruned =       0 | shape = torch.Size([64])
1.7.1.7.1.5.weight   | nonzeros =      35 /      64             ( 54.69%) | total_pruned =      29 | shape = torch.Size([64])
1.7.1.7.1.5.bias     | nonzeros =       0 /      64             (  0.00%) | total_pruned =      64 | shape = torch.Size([64])
1.7.1.7.1.7.1.1.1.weight | nonzeros =  180430 /  204800             ( 88.10%) | total_pruned =   24370 | shape = torch.Size([128, 64, 5, 5])
1.7.1.7.1.7.1.1.1.bias | nonzeros =     128 /     128             (100.00%) | total_pruned =       0 | shape = torch.Size([128])
1.7.1.7.1.7.1.2.weight | nonzeros =      63 /     128             ( 49.22%) | total_pruned =      65 | shape = torch.Size([128])
1.7.1.7.1.7.1.2.bias | nonzeros =       0 /     128             (  0.00%) | total_pruned =     128 | shape = torch.Size([128])
1.7.1.7.1.7.1.4.1.weight | nonzeros =  367983 /  409600             ( 89.84%) | total_pruned =   41617 | shape = torch.Size([128, 128, 5, 5])
1.7.1.7.1.7.1.4.1.bias | nonzeros =     128 /     128             (100.00%) | total_pruned =       0 | shape = torch.Size([128])
1.7.1.7.1.7.1.5.weight | nonzeros =      68 /     128             ( 53.12%) | total_pruned =      60 | shape = torch.Size([128])
1.7.1.7.1.7.1.5.bias | nonzeros =       0 /     128             (  0.00%) | total_pruned =     128 | shape = torch.Size([128])
1.7.1.7.1.7.1.7.1.1.1.weight | nonzeros =  356432 /  409600             ( 87.02%) | total_pruned =   53168 | shape = torch.Size([128, 128, 5, 5])
1.7.1.7.1.7.1.7.1.1.1.bias | nonzeros =     128 /     128             (100.00%) | total_pruned =       0 | shape = torch.Size([128])
1.7.1.7.1.7.1.7.1.2.weight | nonzeros =      84 /     128             ( 65.62%) | total_pruned =      44 | shape = torch.Size([128])
1.7.1.7.1.7.1.7.1.2.bias | nonzeros =       0 /     128             (  0.00%) | total_pruned =     128 | shape = torch.Size([128])
1.7.1.7.1.7.1.7.1.4.1.weight | nonzeros =  325994 /  409600             ( 79.59%) | total_pruned =   83606 | shape = torch.Size([128, 128, 5, 5])
1.7.1.7.1.7.1.7.1.4.1.bias | nonzeros =     128 /     128             (100.00%) | total_pruned =       0 | shape = torch.Size([128])
1.7.1.7.1.7.1.7.1.5.weight | nonzeros =     100 /     128             ( 78.12%) | total_pruned =      28 | shape = torch.Size([128])
1.7.1.7.1.7.1.7.1.5.bias | nonzeros =       0 /     128             (  0.00%) | total_pruned =     128 | shape = torch.Size([128])
1.7.1.7.1.7.1.7.1.7.1.1.1.weight | nonzeros =  298950 /  409600             ( 72.99%) | total_pruned =  110650 | shape = torch.Size([128, 128, 5, 5])
1.7.1.7.1.7.1.7.1.7.1.1.1.bias | nonzeros =     128 /     128             (100.00%) | total_pruned =       0 | shape = torch.Size([128])
1.7.1.7.1.7.1.7.1.7.1.2.weight | nonzeros =      97 /     128             ( 75.78%) | total_pruned =      31 | shape = torch.Size([128])
1.7.1.7.1.7.1.7.1.7.1.2.bias | nonzeros =       0 /     128             (  0.00%) | total_pruned =     128 | shape = torch.Size([128])
1.7.1.7.1.7.1.7.1.7.1.4.1.weight | nonzeros =  297057 /  409600             ( 72.52%) | total_pruned =  112543 | shape = torch.Size([128, 128, 5, 5])
1.7.1.7.1.7.1.7.1.7.1.4.1.bias | nonzeros =     128 /     128             (100.00%) | total_pruned =       0 | shape = torch.Size([128])
1.7.1.7.1.7.1.7.1.7.1.5.weight | nonzeros =      84 /     128             ( 65.62%) | total_pruned =      44 | shape = torch.Size([128])
1.7.1.7.1.7.1.7.1.7.1.5.bias | nonzeros =       0 /     128             (  0.00%) | total_pruned =     128 | shape = torch.Size([128])
1.7.1.7.1.7.1.7.1.7.2.weight | nonzeros =      84 /     128             ( 65.62%) | total_pruned =      44 | shape = torch.Size([128])
1.7.1.7.1.7.1.7.1.7.2.bias | nonzeros =       0 /     128             (  0.00%) | total_pruned =     128 | shape = torch.Size([128])
1.7.1.7.1.7.1.7.1.7.3.1.weight | nonzeros =  109234 /  147456             ( 74.08%) | total_pruned =   38222 | shape = torch.Size([128, 128, 3, 3])
1.7.1.7.1.7.1.7.1.7.3.1.bias | nonzeros =     128 /     128             (100.00%) | total_pruned =       0 | shape = torch.Size([128])
1.7.1.7.1.7.1.7.1.7.4.weight | nonzeros =      91 /     128             ( 71.09%) | total_pruned =      37 | shape = torch.Size([128])
1.7.1.7.1.7.1.7.1.7.4.bias | nonzeros =       0 /     128             (  0.00%) | total_pruned =     128 | shape = torch.Size([128])
1.7.1.7.1.7.1.7.2.weight | nonzeros =      91 /     128             ( 71.09%) | total_pruned =      37 | shape = torch.Size([128])
1.7.1.7.1.7.1.7.2.bias | nonzeros =       0 /     128             (  0.00%) | total_pruned =     128 | shape = torch.Size([128])
1.7.1.7.1.7.1.7.3.1.weight | nonzeros =  106330 /  147456             ( 72.11%) | total_pruned =   41126 | shape = torch.Size([128, 128, 3, 3])
1.7.1.7.1.7.1.7.3.1.bias | nonzeros =     128 /     128             (100.00%) | total_pruned =       0 | shape = torch.Size([128])
1.7.1.7.1.7.1.7.4.weight | nonzeros =      90 /     128             ( 70.31%) | total_pruned =      38 | shape = torch.Size([128])
1.7.1.7.1.7.1.7.4.bias | nonzeros =       0 /     128             (  0.00%) | total_pruned =     128 | shape = torch.Size([128])
1.7.1.7.1.7.2.weight | nonzeros =      90 /     128             ( 70.31%) | total_pruned =      38 | shape = torch.Size([128])
1.7.1.7.1.7.2.bias   | nonzeros =       0 /     128             (  0.00%) | total_pruned =     128 | shape = torch.Size([128])
1.7.1.7.1.7.3.1.weight | nonzeros =  109010 /  147456             ( 73.93%) | total_pruned =   38446 | shape = torch.Size([128, 128, 3, 3])
1.7.1.7.1.7.3.1.bias | nonzeros =     128 /     128             (100.00%) | total_pruned =       0 | shape = torch.Size([128])
1.7.1.7.1.7.4.weight | nonzeros =      83 /     128             ( 64.84%) | total_pruned =      45 | shape = torch.Size([128])
1.7.1.7.1.7.4.bias   | nonzeros =       0 /     128             (  0.00%) | total_pruned =     128 | shape = torch.Size([128])
1.7.1.7.2.weight     | nonzeros =      83 /     128             ( 64.84%) | total_pruned =      45 | shape = torch.Size([128])
1.7.1.7.2.bias       | nonzeros =       0 /     128             (  0.00%) | total_pruned =     128 | shape = torch.Size([128])
1.7.1.7.3.1.weight   | nonzeros =   55831 /   73728             ( 75.73%) | total_pruned =   17897 | shape = torch.Size([64, 128, 3, 3])
1.7.1.7.3.1.bias     | nonzeros =      64 /      64             (100.00%) | total_pruned =       0 | shape = torch.Size([64])
1.7.1.7.4.weight     | nonzeros =      41 /      64             ( 64.06%) | total_pruned =      23 | shape = torch.Size([64])
1.7.1.7.4.bias       | nonzeros =       0 /      64             (  0.00%) | total_pruned =      64 | shape = torch.Size([64])
1.7.2.weight         | nonzeros =      41 /      64             ( 64.06%) | total_pruned =      23 | shape = torch.Size([64])
1.7.2.bias           | nonzeros =       0 /      64             (  0.00%) | total_pruned =      64 | shape = torch.Size([64])
1.7.3.1.weight       | nonzeros =   13444 /   18432             ( 72.94%) | total_pruned =    4988 | shape = torch.Size([32, 64, 3, 3])
1.7.3.1.bias         | nonzeros =      32 /      32             (100.00%) | total_pruned =       0 | shape = torch.Size([32])
1.7.4.weight         | nonzeros =      24 /      32             ( 75.00%) | total_pruned =       8 | shape = torch.Size([32])
1.7.4.bias           | nonzeros =       0 /      32             (  0.00%) | total_pruned =      32 | shape = torch.Size([32])
2.weight             | nonzeros =      23 /      32             ( 71.88%) | total_pruned =       9 | shape = torch.Size([32])
2.bias               | nonzeros =       0 /      32             (  0.00%) | total_pruned =      32 | shape = torch.Size([32])
3.1.weight           | nonzeros =    2734 /    4608             ( 59.33%) | total_pruned =    1874 | shape = torch.Size([16, 32, 3, 3])
3.1.bias             | nonzeros =      16 /      16             (100.00%) | total_pruned =       0 | shape = torch.Size([16])
4.weight             | nonzeros =      16 /      16             (100.00%) | total_pruned =       0 | shape = torch.Size([16])
4.bias               | nonzeros =       0 /      16             (  0.00%) | total_pruned =      16 | shape = torch.Size([16])
6.1.weight           | nonzeros =      32 /      48             ( 66.67%) | total_pruned =      16 | shape = torch.Size([3, 16, 1, 1])
6.1.bias             | nonzeros =       1 /       3             ( 33.33%) | total_pruned =       2 | shape = torch.Size([3])
alive: 2404997, pruned : 603870, total: 3008867, Compression rate :       1.25x  ( 20.07% pruned)
PSNR of output image is:  21.280730830307796
Experiment done
