(3, 256, 256)
(3, 256, 256)
Noisy PSNR is '11.334415861841979'
(3, 256, 256) (3, 256, 256) torch.Size([1, 32, 256, 256])
Output directory: data/inpainting/Set14/mask/6/sparsity/0.5/det/0.5/1e-09
epoch:  0 quantization_loss:  0.062002018094062805
p mean is: tensor(-0.0002, device='cuda:4')
epoch:  1000 quantization_loss:  0.049920883029699326
p mean is: tensor(-0.0056, device='cuda:4')
epoch:  2000 quantization_loss:  0.045486509799957275
p mean is: tensor(-0.0091, device='cuda:4')
epoch:  3000 quantization_loss:  0.04347871616482735
p mean is: tensor(-0.0126, device='cuda:4')
epoch:  4000 quantization_loss:  0.042359016835689545
p mean is: tensor(-0.0159, device='cuda:4')
epoch:  5000 quantization_loss:  0.044103775173425674
p mean is: tensor(-0.0193, device='cuda:4')
epoch:  6000 quantization_loss:  0.04364657774567604
p mean is: tensor(-0.0227, device='cuda:4')
epoch:  7000 quantization_loss:  0.04428716376423836
p mean is: tensor(-0.0259, device='cuda:4')
epoch:  8000 quantization_loss:  0.04256082698702812
p mean is: tensor(-0.0292, device='cuda:4')
epoch:  9000 quantization_loss:  0.044175032526254654
p mean is: tensor(-0.0325, device='cuda:4')
epoch:  10000 quantization_loss:  0.044285133481025696
p mean is: tensor(-0.0360, device='cuda:4')
epoch:  11000 quantization_loss:  0.031146667897701263
p mean is: tensor(-0.0398, device='cuda:4')
epoch:  12000 quantization_loss:  0.02475803531706333
p mean is: tensor(-0.0445, device='cuda:4')
epoch:  13000 quantization_loss:  0.024383287876844406
p mean is: tensor(-0.0510, device='cuda:4')
epoch:  14000 quantization_loss:  0.023698126897215843
p mean is: tensor(-0.0606, device='cuda:4')
epoch:  15000 quantization_loss:  0.022962074726819992
p mean is: tensor(-0.0742, device='cuda:4')
epoch:  16000 quantization_loss:  0.022661376744508743
p mean is: tensor(-0.0934, device='cuda:4')
epoch:  17000 quantization_loss:  0.022433428093791008
p mean is: tensor(-0.1199, device='cuda:4')
epoch:  18000 quantization_loss:  0.022130882367491722
p mean is: tensor(-0.1554, device='cuda:4')
epoch:  19000 quantization_loss:  0.021924903616309166
p mean is: tensor(-0.2019, device='cuda:4')
epoch:  20000 quantization_loss:  0.020371640101075172
p mean is: tensor(-0.2603, device='cuda:4')
epoch:  21000 quantization_loss:  0.019922543317079544
p mean is: tensor(-0.3297, device='cuda:4')
epoch:  22000 quantization_loss:  0.019814414903521538
p mean is: tensor(-0.4092, device='cuda:4')
epoch:  23000 quantization_loss:  0.019737455993890762
p mean is: tensor(-0.4959, device='cuda:4')
epoch:  24000 quantization_loss:  0.01828673481941223
p mean is: tensor(-0.5856, device='cuda:4')
epoch:  25000 quantization_loss:  0.017892936244606972
p mean is: tensor(-0.6723, device='cuda:4')
epoch:  26000 quantization_loss:  0.017764195799827576
p mean is: tensor(-0.7530, device='cuda:4')
epoch:  27000 quantization_loss:  0.017674217000603676
p mean is: tensor(-0.8257, device='cuda:4')
epoch:  28000 quantization_loss:  0.017554650083184242
p mean is: tensor(-0.8891, device='cuda:4')
epoch:  29000 quantization_loss:  0.017460191622376442
p mean is: tensor(-0.9435, device='cuda:4')
epoch:  30000 quantization_loss:  0.01740145869553089
p mean is: tensor(-0.9897, device='cuda:4')
epoch:  31000 quantization_loss:  0.017329050227999687
p mean is: tensor(-1.0294, device='cuda:4')
epoch:  32000 quantization_loss:  0.017257431522011757
p mean is: tensor(-1.0631, device='cuda:4')
epoch:  33000 quantization_loss:  0.02193819172680378
p mean is: tensor(-1.0919, device='cuda:4')
epoch:  34000 quantization_loss:  0.017209254205226898
p mean is: tensor(-1.1165, device='cuda:4')
epoch:  35000 quantization_loss:  0.017144111916422844
p mean is: tensor(-1.1375, device='cuda:4')
epoch:  36000 quantization_loss:  0.017104918137192726
p mean is: tensor(-1.1557, device='cuda:4')
epoch:  37000 quantization_loss:  0.0170823372900486
p mean is: tensor(-1.1715, device='cuda:4')
epoch:  38000 quantization_loss:  0.017070695757865906
p mean is: tensor(-1.1852, device='cuda:4')
epoch:  39000 quantization_loss:  0.017028577625751495
p mean is: tensor(-1.1971, device='cuda:4')
epoch:  40000 quantization_loss:  0.016996199265122414
p mean is: tensor(-1.2075, device='cuda:4')
epoch:  41000 quantization_loss:  0.016989095136523247
p mean is: tensor(-1.2167, device='cuda:4')
epoch:  42000 quantization_loss:  0.016926800832152367
p mean is: tensor(-1.2248, device='cuda:4')
epoch:  43000 quantization_loss:  0.01692160964012146
p mean is: tensor(-1.2318, device='cuda:4')
epoch:  44000 quantization_loss:  0.016898445785045624
p mean is: tensor(-1.2381, device='cuda:4')
epoch:  45000 quantization_loss:  0.01687893271446228
p mean is: tensor(-1.2436, device='cuda:4')
epoch:  46000 quantization_loss:  0.016884498298168182
p mean is: tensor(-1.2484, device='cuda:4')
epoch:  47000 quantization_loss:  0.016826439648866653
p mean is: tensor(-1.2528, device='cuda:4')
epoch:  48000 quantization_loss:  0.016809551045298576
p mean is: tensor(-1.2566, device='cuda:4')
epoch:  49000 quantization_loss:  0.01678691990673542
p mean is: tensor(-1.2601, device='cuda:4')
epoch:  50000 quantization_loss:  0.0167686864733696
p mean is: tensor(-1.2632, device='cuda:4')
epoch:  51000 quantization_loss:  0.01675999164581299
p mean is: tensor(-1.2660, device='cuda:4')
epoch:  52000 quantization_loss:  0.01674281246960163
p mean is: tensor(-1.2686, device='cuda:4')
epoch:  53000 quantization_loss:  0.016730859875679016
p mean is: tensor(-1.2710, device='cuda:4')
epoch:  54000 quantization_loss:  0.016712479293346405
p mean is: tensor(-1.2731, device='cuda:4')
epoch:  55000 quantization_loss:  0.016700806096196175
p mean is: tensor(-1.2751, device='cuda:4')
epoch:  56000 quantization_loss:  0.016696127131581306
p mean is: tensor(-1.2769, device='cuda:4')
epoch:  57000 quantization_loss:  0.0166753102093935
p mean is: tensor(-1.2785, device='cuda:4')
epoch:  58000 quantization_loss:  0.016664879396557808
p mean is: tensor(-1.2801, device='cuda:4')
epoch:  59000 quantization_loss:  0.016663597896695137
p mean is: tensor(-1.2816, device='cuda:4')
Number of elements to keep: 1504433
Threshold value: -1.2992262840270996
Number of elements equal to threshold: 45
Number of elements to randomly select: 29
Warning: Random selection among elements equal to the threshold is being performed to maintain sparsity.
Actual sparsity achieved: 0.49999983382449276
here
Number of elements to keep: 150443
Threshold value: -1.029836654663086
Number of elements equal to threshold: 1
Number of elements to randomly select: 1
Actual sparsity achieved: 0.04999988367714492
1.1.1.weight         | nonzeros =    6551 /   12800             ( 51.18%) | total_pruned =    6249 | shape = torch.Size([16, 32, 5, 5])
1.1.1.bias           | nonzeros =       2 /      16             ( 12.50%) | total_pruned =      14 | shape = torch.Size([16])
1.2.weight           | nonzeros =      11 /      16             ( 68.75%) | total_pruned =       5 | shape = torch.Size([16])
1.2.bias             | nonzeros =       0 /      16             (  0.00%) | total_pruned =      16 | shape = torch.Size([16])
1.4.1.weight         | nonzeros =    3304 /    6400             ( 51.62%) | total_pruned =    3096 | shape = torch.Size([16, 16, 5, 5])
1.4.1.bias           | nonzeros =       0 /      16             (  0.00%) | total_pruned =      16 | shape = torch.Size([16])
1.5.weight           | nonzeros =      11 /      16             ( 68.75%) | total_pruned =       5 | shape = torch.Size([16])
1.5.bias             | nonzeros =       0 /      16             (  0.00%) | total_pruned =      16 | shape = torch.Size([16])
1.7.1.1.1.weight     | nonzeros =    6639 /   12800             ( 51.87%) | total_pruned =    6161 | shape = torch.Size([32, 16, 5, 5])
1.7.1.1.1.bias       | nonzeros =       0 /      32             (  0.00%) | total_pruned =      32 | shape = torch.Size([32])
1.7.1.2.weight       | nonzeros =      23 /      32             ( 71.88%) | total_pruned =       9 | shape = torch.Size([32])
1.7.1.2.bias         | nonzeros =       0 /      32             (  0.00%) | total_pruned =      32 | shape = torch.Size([32])
1.7.1.4.1.weight     | nonzeros =   13213 /   25600             ( 51.61%) | total_pruned =   12387 | shape = torch.Size([32, 32, 5, 5])
1.7.1.4.1.bias       | nonzeros =       0 /      32             (  0.00%) | total_pruned =      32 | shape = torch.Size([32])
1.7.1.5.weight       | nonzeros =      23 /      32             ( 71.88%) | total_pruned =       9 | shape = torch.Size([32])
1.7.1.5.bias         | nonzeros =       0 /      32             (  0.00%) | total_pruned =      32 | shape = torch.Size([32])
1.7.1.7.1.1.1.weight | nonzeros =   26024 /   51200             ( 50.83%) | total_pruned =   25176 | shape = torch.Size([64, 32, 5, 5])
1.7.1.7.1.1.1.bias   | nonzeros =       0 /      64             (  0.00%) | total_pruned =      64 | shape = torch.Size([64])
1.7.1.7.1.2.weight   | nonzeros =      45 /      64             ( 70.31%) | total_pruned =      19 | shape = torch.Size([64])
1.7.1.7.1.2.bias     | nonzeros =       0 /      64             (  0.00%) | total_pruned =      64 | shape = torch.Size([64])
1.7.1.7.1.4.1.weight | nonzeros =   51965 /  102400             ( 50.75%) | total_pruned =   50435 | shape = torch.Size([64, 64, 5, 5])
1.7.1.7.1.4.1.bias   | nonzeros =       0 /      64             (  0.00%) | total_pruned =      64 | shape = torch.Size([64])
1.7.1.7.1.5.weight   | nonzeros =      31 /      64             ( 48.44%) | total_pruned =      33 | shape = torch.Size([64])
1.7.1.7.1.5.bias     | nonzeros =       0 /      64             (  0.00%) | total_pruned =      64 | shape = torch.Size([64])
1.7.1.7.1.7.1.1.1.weight | nonzeros =  103434 /  204800             ( 50.50%) | total_pruned =  101366 | shape = torch.Size([128, 64, 5, 5])
1.7.1.7.1.7.1.1.1.bias | nonzeros =       0 /     128             (  0.00%) | total_pruned =     128 | shape = torch.Size([128])
1.7.1.7.1.7.1.2.weight | nonzeros =      51 /     128             ( 39.84%) | total_pruned =      77 | shape = torch.Size([128])
1.7.1.7.1.7.1.2.bias | nonzeros =       0 /     128             (  0.00%) | total_pruned =     128 | shape = torch.Size([128])
1.7.1.7.1.7.1.4.1.weight | nonzeros =  204081 /  409600             ( 49.82%) | total_pruned =  205519 | shape = torch.Size([128, 128, 5, 5])
1.7.1.7.1.7.1.4.1.bias | nonzeros =       0 /     128             (  0.00%) | total_pruned =     128 | shape = torch.Size([128])
1.7.1.7.1.7.1.5.weight | nonzeros =      56 /     128             ( 43.75%) | total_pruned =      72 | shape = torch.Size([128])
1.7.1.7.1.7.1.5.bias | nonzeros =       0 /     128             (  0.00%) | total_pruned =     128 | shape = torch.Size([128])
1.7.1.7.1.7.1.7.1.1.1.weight | nonzeros =  203814 /  409600             ( 49.76%) | total_pruned =  205786 | shape = torch.Size([128, 128, 5, 5])
1.7.1.7.1.7.1.7.1.1.1.bias | nonzeros =       0 /     128             (  0.00%) | total_pruned =     128 | shape = torch.Size([128])
1.7.1.7.1.7.1.7.1.2.weight | nonzeros =      52 /     128             ( 40.62%) | total_pruned =      76 | shape = torch.Size([128])
1.7.1.7.1.7.1.7.1.2.bias | nonzeros =       0 /     128             (  0.00%) | total_pruned =     128 | shape = torch.Size([128])
1.7.1.7.1.7.1.7.1.4.1.weight | nonzeros =  204848 /  409600             ( 50.01%) | total_pruned =  204752 | shape = torch.Size([128, 128, 5, 5])
1.7.1.7.1.7.1.7.1.4.1.bias | nonzeros =       0 /     128             (  0.00%) | total_pruned =     128 | shape = torch.Size([128])
1.7.1.7.1.7.1.7.1.5.weight | nonzeros =      71 /     128             ( 55.47%) | total_pruned =      57 | shape = torch.Size([128])
1.7.1.7.1.7.1.7.1.5.bias | nonzeros =       0 /     128             (  0.00%) | total_pruned =     128 | shape = torch.Size([128])
1.7.1.7.1.7.1.7.1.7.1.1.1.weight | nonzeros =  204958 /  409600             ( 50.04%) | total_pruned =  204642 | shape = torch.Size([128, 128, 5, 5])
1.7.1.7.1.7.1.7.1.7.1.1.1.bias | nonzeros =       0 /     128             (  0.00%) | total_pruned =     128 | shape = torch.Size([128])
1.7.1.7.1.7.1.7.1.7.1.2.weight | nonzeros =      73 /     128             ( 57.03%) | total_pruned =      55 | shape = torch.Size([128])
1.7.1.7.1.7.1.7.1.7.1.2.bias | nonzeros =       0 /     128             (  0.00%) | total_pruned =     128 | shape = torch.Size([128])
1.7.1.7.1.7.1.7.1.7.1.4.1.weight | nonzeros =  206356 /  409600             ( 50.38%) | total_pruned =  203244 | shape = torch.Size([128, 128, 5, 5])
1.7.1.7.1.7.1.7.1.7.1.4.1.bias | nonzeros =       0 /     128             (  0.00%) | total_pruned =     128 | shape = torch.Size([128])
1.7.1.7.1.7.1.7.1.7.1.5.weight | nonzeros =      79 /     128             ( 61.72%) | total_pruned =      49 | shape = torch.Size([128])
1.7.1.7.1.7.1.7.1.7.1.5.bias | nonzeros =       0 /     128             (  0.00%) | total_pruned =     128 | shape = torch.Size([128])
1.7.1.7.1.7.1.7.1.7.2.weight | nonzeros =      79 /     128             ( 61.72%) | total_pruned =      49 | shape = torch.Size([128])
1.7.1.7.1.7.1.7.1.7.2.bias | nonzeros =       0 /     128             (  0.00%) | total_pruned =     128 | shape = torch.Size([128])
1.7.1.7.1.7.1.7.1.7.3.1.weight | nonzeros =   73925 /  147456             ( 50.13%) | total_pruned =   73531 | shape = torch.Size([128, 128, 3, 3])
1.7.1.7.1.7.1.7.1.7.3.1.bias | nonzeros =       0 /     128             (  0.00%) | total_pruned =     128 | shape = torch.Size([128])
1.7.1.7.1.7.1.7.1.7.4.weight | nonzeros =      77 /     128             ( 60.16%) | total_pruned =      51 | shape = torch.Size([128])
1.7.1.7.1.7.1.7.1.7.4.bias | nonzeros =       0 /     128             (  0.00%) | total_pruned =     128 | shape = torch.Size([128])
1.7.1.7.1.7.1.7.2.weight | nonzeros =      77 /     128             ( 60.16%) | total_pruned =      51 | shape = torch.Size([128])
1.7.1.7.1.7.1.7.2.bias | nonzeros =       0 /     128             (  0.00%) | total_pruned =     128 | shape = torch.Size([128])
1.7.1.7.1.7.1.7.3.1.weight | nonzeros =   74267 /  147456             ( 50.37%) | total_pruned =   73189 | shape = torch.Size([128, 128, 3, 3])
1.7.1.7.1.7.1.7.3.1.bias | nonzeros =       0 /     128             (  0.00%) | total_pruned =     128 | shape = torch.Size([128])
1.7.1.7.1.7.1.7.4.weight | nonzeros =      69 /     128             ( 53.91%) | total_pruned =      59 | shape = torch.Size([128])
1.7.1.7.1.7.1.7.4.bias | nonzeros =       0 /     128             (  0.00%) | total_pruned =     128 | shape = torch.Size([128])
1.7.1.7.1.7.2.weight | nonzeros =      69 /     128             ( 53.91%) | total_pruned =      59 | shape = torch.Size([128])
1.7.1.7.1.7.2.bias   | nonzeros =       0 /     128             (  0.00%) | total_pruned =     128 | shape = torch.Size([128])
1.7.1.7.1.7.3.1.weight | nonzeros =   71576 /  147456             ( 48.54%) | total_pruned =   75880 | shape = torch.Size([128, 128, 3, 3])
1.7.1.7.1.7.3.1.bias | nonzeros =       0 /     128             (  0.00%) | total_pruned =     128 | shape = torch.Size([128])
1.7.1.7.1.7.4.weight | nonzeros =      72 /     128             ( 56.25%) | total_pruned =      56 | shape = torch.Size([128])
1.7.1.7.1.7.4.bias   | nonzeros =       0 /     128             (  0.00%) | total_pruned =     128 | shape = torch.Size([128])
1.7.1.7.2.weight     | nonzeros =      72 /     128             ( 56.25%) | total_pruned =      56 | shape = torch.Size([128])
1.7.1.7.2.bias       | nonzeros =       0 /     128             (  0.00%) | total_pruned =     128 | shape = torch.Size([128])
1.7.1.7.3.1.weight   | nonzeros =   36617 /   73728             ( 49.66%) | total_pruned =   37111 | shape = torch.Size([64, 128, 3, 3])
1.7.1.7.3.1.bias     | nonzeros =       0 /      64             (  0.00%) | total_pruned =      64 | shape = torch.Size([64])
1.7.1.7.4.weight     | nonzeros =      34 /      64             ( 53.12%) | total_pruned =      30 | shape = torch.Size([64])
1.7.1.7.4.bias       | nonzeros =       0 /      64             (  0.00%) | total_pruned =      64 | shape = torch.Size([64])
1.7.2.weight         | nonzeros =      34 /      64             ( 53.12%) | total_pruned =      30 | shape = torch.Size([64])
1.7.2.bias           | nonzeros =       0 /      64             (  0.00%) | total_pruned =      64 | shape = torch.Size([64])
1.7.3.1.weight       | nonzeros =    9603 /   18432             ( 52.10%) | total_pruned =    8829 | shape = torch.Size([32, 64, 3, 3])
1.7.3.1.bias         | nonzeros =       0 /      32             (  0.00%) | total_pruned =      32 | shape = torch.Size([32])
1.7.4.weight         | nonzeros =      18 /      32             ( 56.25%) | total_pruned =      14 | shape = torch.Size([32])
1.7.4.bias           | nonzeros =       0 /      32             (  0.00%) | total_pruned =      32 | shape = torch.Size([32])
2.weight             | nonzeros =      18 /      32             ( 56.25%) | total_pruned =      14 | shape = torch.Size([32])
2.bias               | nonzeros =       0 /      32             (  0.00%) | total_pruned =      32 | shape = torch.Size([32])
3.1.weight           | nonzeros =    2064 /    4608             ( 44.79%) | total_pruned =    2544 | shape = torch.Size([16, 32, 3, 3])
3.1.bias             | nonzeros =       0 /      16             (  0.00%) | total_pruned =      16 | shape = torch.Size([16])
4.weight             | nonzeros =      16 /      16             (100.00%) | total_pruned =       0 | shape = torch.Size([16])
4.bias               | nonzeros =       0 /      16             (  0.00%) | total_pruned =      16 | shape = torch.Size([16])
6.1.weight           | nonzeros =      30 /      48             ( 62.50%) | total_pruned =      18 | shape = torch.Size([3, 16, 1, 1])
6.1.bias             | nonzeros =       1 /       3             ( 33.33%) | total_pruned =       2 | shape = torch.Size([3])
alive: 1504433, pruned : 1504434, total: 3008867, Compression rate :       2.00x  ( 50.00% pruned)
PSNR of output image is:  14.55479785751605
Experiment done
