(3, 512, 512)
(3, 512, 512)
Noisy PSNR is '7.890344353692875'
(3, 512, 512) (3, 512, 512) torch.Size([1, 32, 512, 512])
Output directory: data/inpainting/Set14/mask/13/sparsity/0.5/det/0.5/1e-09
epoch:  0 quantization_loss:  0.02906044013798237
p mean is: tensor(-0.0002, device='cuda:3')
epoch:  1000 quantization_loss:  0.021195929497480392
p mean is: tensor(-0.0179, device='cuda:3')
epoch:  2000 quantization_loss:  0.021545467898249626
p mean is: tensor(-0.0330, device='cuda:3')
epoch:  3000 quantization_loss:  0.020437048748135567
p mean is: tensor(-0.0485, device='cuda:3')
epoch:  4000 quantization_loss:  0.02141740545630455
p mean is: tensor(-0.0644, device='cuda:3')
epoch:  5000 quantization_loss:  0.019992925226688385
p mean is: tensor(-0.0811, device='cuda:3')
epoch:  6000 quantization_loss:  0.01934356428682804
p mean is: tensor(-0.0986, device='cuda:3')
epoch:  7000 quantization_loss:  0.019381584599614143
p mean is: tensor(-0.1164, device='cuda:3')
epoch:  8000 quantization_loss:  0.0184389129281044
p mean is: tensor(-0.1346, device='cuda:3')
epoch:  9000 quantization_loss:  0.015318368561565876
p mean is: tensor(-0.1560, device='cuda:3')
epoch:  10000 quantization_loss:  0.012949889525771141
p mean is: tensor(-0.1813, device='cuda:3')
epoch:  11000 quantization_loss:  0.011908203363418579
p mean is: tensor(-0.2126, device='cuda:3')
epoch:  12000 quantization_loss:  0.011339358054101467
p mean is: tensor(-0.2521, device='cuda:3')
epoch:  13000 quantization_loss:  0.010175964795053005
p mean is: tensor(-0.3005, device='cuda:3')
epoch:  14000 quantization_loss:  0.010177159681916237
p mean is: tensor(-0.3580, device='cuda:3')
epoch:  15000 quantization_loss:  0.00940654892474413
p mean is: tensor(-0.4240, device='cuda:3')
epoch:  16000 quantization_loss:  0.009128974750638008
p mean is: tensor(-0.4963, device='cuda:3')
epoch:  17000 quantization_loss:  0.008831599727272987
p mean is: tensor(-0.5718, device='cuda:3')
epoch:  18000 quantization_loss:  0.008575585670769215
p mean is: tensor(-0.6467, device='cuda:3')
epoch:  19000 quantization_loss:  0.008399251848459244
p mean is: tensor(-0.7184, device='cuda:3')
epoch:  20000 quantization_loss:  0.008359967730939388
p mean is: tensor(-0.7842, device='cuda:3')
epoch:  21000 quantization_loss:  0.008140415884554386
p mean is: tensor(-0.8436, device='cuda:3')
epoch:  22000 quantization_loss:  0.008072168566286564
p mean is: tensor(-0.8965, device='cuda:3')
epoch:  23000 quantization_loss:  0.007998294197022915
p mean is: tensor(-0.9429, device='cuda:3')
epoch:  24000 quantization_loss:  0.007931704632937908
p mean is: tensor(-0.9836, device='cuda:3')
epoch:  25000 quantization_loss:  0.007862760685384274
p mean is: tensor(-1.0192, device='cuda:3')
epoch:  26000 quantization_loss:  0.007822652347385883
p mean is: tensor(-1.0501, device='cuda:3')
epoch:  27000 quantization_loss:  0.007764012087136507
p mean is: tensor(-1.0773, device='cuda:3')
epoch:  28000 quantization_loss:  0.007748537231236696
p mean is: tensor(-1.1010, device='cuda:3')
epoch:  29000 quantization_loss:  0.007440195418894291
p mean is: tensor(-1.1219, device='cuda:3')
epoch:  30000 quantization_loss:  0.00739289028570056
p mean is: tensor(-1.1402, device='cuda:3')
epoch:  31000 quantization_loss:  0.007376629859209061
p mean is: tensor(-1.1563, device='cuda:3')
epoch:  32000 quantization_loss:  0.007318212650716305
p mean is: tensor(-1.1704, device='cuda:3')
epoch:  33000 quantization_loss:  0.0072937048971652985
p mean is: tensor(-1.1830, device='cuda:3')
epoch:  34000 quantization_loss:  0.007132678758352995
p mean is: tensor(-1.1941, device='cuda:3')
epoch:  35000 quantization_loss:  0.007092461921274662
p mean is: tensor(-1.2040, device='cuda:3')
epoch:  36000 quantization_loss:  0.007066979538649321
p mean is: tensor(-1.2128, device='cuda:3')
epoch:  37000 quantization_loss:  0.0070427823811769485
p mean is: tensor(-1.2208, device='cuda:3')
epoch:  38000 quantization_loss:  0.007046881597489119
p mean is: tensor(-1.2279, device='cuda:3')
epoch:  39000 quantization_loss:  0.007039238698780537
p mean is: tensor(-1.2343, device='cuda:3')
epoch:  40000 quantization_loss:  0.007009446620941162
p mean is: tensor(-1.2402, device='cuda:3')
epoch:  41000 quantization_loss:  0.006991602014750242
p mean is: tensor(-1.2456, device='cuda:3')
epoch:  42000 quantization_loss:  0.006975114345550537
p mean is: tensor(-1.2504, device='cuda:3')
epoch:  43000 quantization_loss:  0.006973220035433769
p mean is: tensor(-1.2549, device='cuda:3')
epoch:  44000 quantization_loss:  0.006953588221222162
p mean is: tensor(-1.2589, device='cuda:3')
epoch:  45000 quantization_loss:  0.006941726431250572
p mean is: tensor(-1.2627, device='cuda:3')
epoch:  46000 quantization_loss:  0.006939709186553955
p mean is: tensor(-1.2662, device='cuda:3')
epoch:  47000 quantization_loss:  0.006935396697372198
p mean is: tensor(-1.2694, device='cuda:3')
epoch:  48000 quantization_loss:  0.006904550362378359
p mean is: tensor(-1.2724, device='cuda:3')
epoch:  49000 quantization_loss:  0.006910156924277544
p mean is: tensor(-1.2752, device='cuda:3')
epoch:  50000 quantization_loss:  0.006917801219969988
p mean is: tensor(-1.2778, device='cuda:3')
epoch:  51000 quantization_loss:  0.006881807465106249
p mean is: tensor(-1.2802, device='cuda:3')
epoch:  52000 quantization_loss:  0.0068692900240421295
p mean is: tensor(-1.2825, device='cuda:3')
epoch:  53000 quantization_loss:  0.006860561668872833
p mean is: tensor(-1.2846, device='cuda:3')
epoch:  54000 quantization_loss:  0.006840209010988474
p mean is: tensor(-1.2866, device='cuda:3')
epoch:  55000 quantization_loss:  0.006827702280133963
p mean is: tensor(-1.2885, device='cuda:3')
epoch:  56000 quantization_loss:  0.006825670599937439
p mean is: tensor(-1.2903, device='cuda:3')
epoch:  57000 quantization_loss:  0.006814173888415098
p mean is: tensor(-1.2920, device='cuda:3')
epoch:  58000 quantization_loss:  0.006808417849242687
p mean is: tensor(-1.2936, device='cuda:3')
epoch:  59000 quantization_loss:  0.006802584510296583
p mean is: tensor(-1.2951, device='cuda:3')
Number of elements to keep: 1504433
Threshold value: -1.299652099609375
Number of elements equal to threshold: 479
Number of elements to randomly select: 304
Warning: Random selection among elements equal to the threshold is being performed to maintain sparsity.
Actual sparsity achieved: 0.49999983382449276
here
Number of elements to keep: 150443
Threshold value: -0.7333942651748657
Number of elements equal to threshold: 1
Number of elements to randomly select: 1
Actual sparsity achieved: 0.04999988367714492
1.1.1.weight         | nonzeros =    6028 /   12800             ( 47.09%) | total_pruned =    6772 | shape = torch.Size([16, 32, 5, 5])
1.1.1.bias           | nonzeros =       0 /      16             (  0.00%) | total_pruned =      16 | shape = torch.Size([16])
1.2.weight           | nonzeros =       7 /      16             ( 43.75%) | total_pruned =       9 | shape = torch.Size([16])
1.2.bias             | nonzeros =       0 /      16             (  0.00%) | total_pruned =      16 | shape = torch.Size([16])
1.4.1.weight         | nonzeros =    3157 /    6400             ( 49.33%) | total_pruned =    3243 | shape = torch.Size([16, 16, 5, 5])
1.4.1.bias           | nonzeros =       0 /      16             (  0.00%) | total_pruned =      16 | shape = torch.Size([16])
1.5.weight           | nonzeros =       5 /      16             ( 31.25%) | total_pruned =      11 | shape = torch.Size([16])
1.5.bias             | nonzeros =       0 /      16             (  0.00%) | total_pruned =      16 | shape = torch.Size([16])
1.7.1.1.1.weight     | nonzeros =    6543 /   12800             ( 51.12%) | total_pruned =    6257 | shape = torch.Size([32, 16, 5, 5])
1.7.1.1.1.bias       | nonzeros =       3 /      32             (  9.38%) | total_pruned =      29 | shape = torch.Size([32])
1.7.1.2.weight       | nonzeros =      10 /      32             ( 31.25%) | total_pruned =      22 | shape = torch.Size([32])
1.7.1.2.bias         | nonzeros =       0 /      32             (  0.00%) | total_pruned =      32 | shape = torch.Size([32])
1.7.1.4.1.weight     | nonzeros =   12605 /   25600             ( 49.24%) | total_pruned =   12995 | shape = torch.Size([32, 32, 5, 5])
1.7.1.4.1.bias       | nonzeros =       4 /      32             ( 12.50%) | total_pruned =      28 | shape = torch.Size([32])
1.7.1.5.weight       | nonzeros =      16 /      32             ( 50.00%) | total_pruned =      16 | shape = torch.Size([32])
1.7.1.5.bias         | nonzeros =       0 /      32             (  0.00%) | total_pruned =      32 | shape = torch.Size([32])
1.7.1.7.1.1.1.weight | nonzeros =   25343 /   51200             ( 49.50%) | total_pruned =   25857 | shape = torch.Size([64, 32, 5, 5])
1.7.1.7.1.1.1.bias   | nonzeros =      42 /      64             ( 65.62%) | total_pruned =      22 | shape = torch.Size([64])
1.7.1.7.1.2.weight   | nonzeros =      34 /      64             ( 53.12%) | total_pruned =      30 | shape = torch.Size([64])
1.7.1.7.1.2.bias     | nonzeros =       0 /      64             (  0.00%) | total_pruned =      64 | shape = torch.Size([64])
1.7.1.7.1.4.1.weight | nonzeros =   50153 /  102400             ( 48.98%) | total_pruned =   52247 | shape = torch.Size([64, 64, 5, 5])
1.7.1.7.1.4.1.bias   | nonzeros =      58 /      64             ( 90.62%) | total_pruned =       6 | shape = torch.Size([64])
1.7.1.7.1.5.weight   | nonzeros =      26 /      64             ( 40.62%) | total_pruned =      38 | shape = torch.Size([64])
1.7.1.7.1.5.bias     | nonzeros =       0 /      64             (  0.00%) | total_pruned =      64 | shape = torch.Size([64])
1.7.1.7.1.7.1.1.1.weight | nonzeros =   99960 /  204800             ( 48.81%) | total_pruned =  104840 | shape = torch.Size([128, 64, 5, 5])
1.7.1.7.1.7.1.1.1.bias | nonzeros =     122 /     128             ( 95.31%) | total_pruned =       6 | shape = torch.Size([128])
1.7.1.7.1.7.1.2.weight | nonzeros =      55 /     128             ( 42.97%) | total_pruned =      73 | shape = torch.Size([128])
1.7.1.7.1.7.1.2.bias | nonzeros =       0 /     128             (  0.00%) | total_pruned =     128 | shape = torch.Size([128])
1.7.1.7.1.7.1.4.1.weight | nonzeros =  196746 /  409600             ( 48.03%) | total_pruned =  212854 | shape = torch.Size([128, 128, 5, 5])
1.7.1.7.1.7.1.4.1.bias | nonzeros =     128 /     128             (100.00%) | total_pruned =       0 | shape = torch.Size([128])
1.7.1.7.1.7.1.5.weight | nonzeros =      65 /     128             ( 50.78%) | total_pruned =      63 | shape = torch.Size([128])
1.7.1.7.1.7.1.5.bias | nonzeros =       0 /     128             (  0.00%) | total_pruned =     128 | shape = torch.Size([128])
1.7.1.7.1.7.1.7.1.1.1.weight | nonzeros =  201982 /  409600             ( 49.31%) | total_pruned =  207618 | shape = torch.Size([128, 128, 5, 5])
1.7.1.7.1.7.1.7.1.1.1.bias | nonzeros =     128 /     128             (100.00%) | total_pruned =       0 | shape = torch.Size([128])
1.7.1.7.1.7.1.7.1.2.weight | nonzeros =      68 /     128             ( 53.12%) | total_pruned =      60 | shape = torch.Size([128])
1.7.1.7.1.7.1.7.1.2.bias | nonzeros =       0 /     128             (  0.00%) | total_pruned =     128 | shape = torch.Size([128])
1.7.1.7.1.7.1.7.1.4.1.weight | nonzeros =  208116 /  409600             ( 50.81%) | total_pruned =  201484 | shape = torch.Size([128, 128, 5, 5])
1.7.1.7.1.7.1.7.1.4.1.bias | nonzeros =     128 /     128             (100.00%) | total_pruned =       0 | shape = torch.Size([128])
1.7.1.7.1.7.1.7.1.5.weight | nonzeros =      93 /     128             ( 72.66%) | total_pruned =      35 | shape = torch.Size([128])
1.7.1.7.1.7.1.7.1.5.bias | nonzeros =       0 /     128             (  0.00%) | total_pruned =     128 | shape = torch.Size([128])
1.7.1.7.1.7.1.7.1.7.1.1.1.weight | nonzeros =  204244 /  409600             ( 49.86%) | total_pruned =  205356 | shape = torch.Size([128, 128, 5, 5])
1.7.1.7.1.7.1.7.1.7.1.1.1.bias | nonzeros =     115 /     128             ( 89.84%) | total_pruned =      13 | shape = torch.Size([128])
1.7.1.7.1.7.1.7.1.7.1.2.weight | nonzeros =      91 /     128             ( 71.09%) | total_pruned =      37 | shape = torch.Size([128])
1.7.1.7.1.7.1.7.1.7.1.2.bias | nonzeros =       0 /     128             (  0.00%) | total_pruned =     128 | shape = torch.Size([128])
1.7.1.7.1.7.1.7.1.7.1.4.1.weight | nonzeros =  198604 /  409600             ( 48.49%) | total_pruned =  210996 | shape = torch.Size([128, 128, 5, 5])
1.7.1.7.1.7.1.7.1.7.1.4.1.bias | nonzeros =      88 /     128             ( 68.75%) | total_pruned =      40 | shape = torch.Size([128])
1.7.1.7.1.7.1.7.1.7.1.5.weight | nonzeros =      94 /     128             ( 73.44%) | total_pruned =      34 | shape = torch.Size([128])
1.7.1.7.1.7.1.7.1.7.1.5.bias | nonzeros =       0 /     128             (  0.00%) | total_pruned =     128 | shape = torch.Size([128])
1.7.1.7.1.7.1.7.1.7.2.weight | nonzeros =      94 /     128             ( 73.44%) | total_pruned =      34 | shape = torch.Size([128])
1.7.1.7.1.7.1.7.1.7.2.bias | nonzeros =       0 /     128             (  0.00%) | total_pruned =     128 | shape = torch.Size([128])
1.7.1.7.1.7.1.7.1.7.3.1.weight | nonzeros =   73456 /  147456             ( 49.82%) | total_pruned =   74000 | shape = torch.Size([128, 128, 3, 3])
1.7.1.7.1.7.1.7.1.7.3.1.bias | nonzeros =      60 /     128             ( 46.88%) | total_pruned =      68 | shape = torch.Size([128])
1.7.1.7.1.7.1.7.1.7.4.weight | nonzeros =      89 /     128             ( 69.53%) | total_pruned =      39 | shape = torch.Size([128])
1.7.1.7.1.7.1.7.1.7.4.bias | nonzeros =       0 /     128             (  0.00%) | total_pruned =     128 | shape = torch.Size([128])
1.7.1.7.1.7.1.7.2.weight | nonzeros =      89 /     128             ( 69.53%) | total_pruned =      39 | shape = torch.Size([128])
1.7.1.7.1.7.1.7.2.bias | nonzeros =       0 /     128             (  0.00%) | total_pruned =     128 | shape = torch.Size([128])
1.7.1.7.1.7.1.7.3.1.weight | nonzeros =   76074 /  147456             ( 51.59%) | total_pruned =   71382 | shape = torch.Size([128, 128, 3, 3])
1.7.1.7.1.7.1.7.3.1.bias | nonzeros =      67 /     128             ( 52.34%) | total_pruned =      61 | shape = torch.Size([128])
1.7.1.7.1.7.1.7.4.weight | nonzeros =      81 /     128             ( 63.28%) | total_pruned =      47 | shape = torch.Size([128])
1.7.1.7.1.7.1.7.4.bias | nonzeros =       0 /     128             (  0.00%) | total_pruned =     128 | shape = torch.Size([128])
1.7.1.7.1.7.2.weight | nonzeros =      81 /     128             ( 63.28%) | total_pruned =      47 | shape = torch.Size([128])
1.7.1.7.1.7.2.bias   | nonzeros =       0 /     128             (  0.00%) | total_pruned =     128 | shape = torch.Size([128])
1.7.1.7.1.7.3.1.weight | nonzeros =   81648 /  147456             ( 55.37%) | total_pruned =   65808 | shape = torch.Size([128, 128, 3, 3])
1.7.1.7.1.7.3.1.bias | nonzeros =      73 /     128             ( 57.03%) | total_pruned =      55 | shape = torch.Size([128])
1.7.1.7.1.7.4.weight | nonzeros =      65 /     128             ( 50.78%) | total_pruned =      63 | shape = torch.Size([128])
1.7.1.7.1.7.4.bias   | nonzeros =       0 /     128             (  0.00%) | total_pruned =     128 | shape = torch.Size([128])
1.7.1.7.2.weight     | nonzeros =      65 /     128             ( 50.78%) | total_pruned =      63 | shape = torch.Size([128])
1.7.1.7.2.bias       | nonzeros =       0 /     128             (  0.00%) | total_pruned =     128 | shape = torch.Size([128])
1.7.1.7.3.1.weight   | nonzeros =   42848 /   73728             ( 58.12%) | total_pruned =   30880 | shape = torch.Size([64, 128, 3, 3])
1.7.1.7.3.1.bias     | nonzeros =      31 /      64             ( 48.44%) | total_pruned =      33 | shape = torch.Size([64])
1.7.1.7.4.weight     | nonzeros =      36 /      64             ( 56.25%) | total_pruned =      28 | shape = torch.Size([64])
1.7.1.7.4.bias       | nonzeros =       0 /      64             (  0.00%) | total_pruned =      64 | shape = torch.Size([64])
1.7.2.weight         | nonzeros =      36 /      64             ( 56.25%) | total_pruned =      28 | shape = torch.Size([64])
1.7.2.bias           | nonzeros =       0 /      64             (  0.00%) | total_pruned =      64 | shape = torch.Size([64])
1.7.3.1.weight       | nonzeros =   10340 /   18432             ( 56.10%) | total_pruned =    8092 | shape = torch.Size([32, 64, 3, 3])
1.7.3.1.bias         | nonzeros =      12 /      32             ( 37.50%) | total_pruned =      20 | shape = torch.Size([32])
1.7.4.weight         | nonzeros =      21 /      32             ( 65.62%) | total_pruned =      11 | shape = torch.Size([32])
1.7.4.bias           | nonzeros =       0 /      32             (  0.00%) | total_pruned =      32 | shape = torch.Size([32])
2.weight             | nonzeros =      21 /      32             ( 65.62%) | total_pruned =      11 | shape = torch.Size([32])
2.bias               | nonzeros =       0 /      32             (  0.00%) | total_pruned =      32 | shape = torch.Size([32])
3.1.weight           | nonzeros =    2139 /    4608             ( 46.42%) | total_pruned =    2469 | shape = torch.Size([16, 32, 3, 3])
3.1.bias             | nonzeros =       1 /      16             (  6.25%) | total_pruned =      15 | shape = torch.Size([16])
4.weight             | nonzeros =      15 /      16             ( 93.75%) | total_pruned =       1 | shape = torch.Size([16])
4.bias               | nonzeros =       0 /      16             (  0.00%) | total_pruned =      16 | shape = torch.Size([16])
6.1.weight           | nonzeros =      32 /      48             ( 66.67%) | total_pruned =      16 | shape = torch.Size([3, 16, 1, 1])
6.1.bias             | nonzeros =       2 /       3             ( 66.67%) | total_pruned =       1 | shape = torch.Size([3])
alive: 1502337, pruned : 1506530, total: 3008867, Compression rate :       2.00x  ( 50.07% pruned)
PSNR of output image is:  18.270638661586172
Experiment done
