(3, 256, 256)
(3, 256, 256)
Noisy PSNR is '8.873531747634738'
(3, 256, 256) (3, 256, 256) torch.Size([1, 32, 256, 256])
Output directory: data/inpainting/Set14/mask/2/sparsity/0.5/det/0.08/1e-09
epoch:  0 quantization_loss:  0.025166604667901993
p mean is: tensor(-0.0002, device='cuda:4')
epoch:  1000 quantization_loss:  0.024164138361811638
p mean is: tensor(-0.0085, device='cuda:4')
epoch:  2000 quantization_loss:  0.023908140137791634
p mean is: tensor(-0.0164, device='cuda:4')
epoch:  3000 quantization_loss:  0.024133803322911263
p mean is: tensor(-0.0257, device='cuda:4')
epoch:  4000 quantization_loss:  0.02395346201956272
p mean is: tensor(-0.0369, device='cuda:4')
epoch:  5000 quantization_loss:  0.023779070004820824
p mean is: tensor(-0.0500, device='cuda:4')
epoch:  6000 quantization_loss:  0.023939384147524834
p mean is: tensor(-0.0645, device='cuda:4')
epoch:  7000 quantization_loss:  0.02385748364031315
p mean is: tensor(-0.0806, device='cuda:4')
epoch:  8000 quantization_loss:  0.024007506668567657
p mean is: tensor(-0.0969, device='cuda:4')
epoch:  9000 quantization_loss:  0.023993290960788727
p mean is: tensor(-0.1137, device='cuda:4')
epoch:  10000 quantization_loss:  0.024060402065515518
p mean is: tensor(-0.1307, device='cuda:4')
epoch:  11000 quantization_loss:  0.023724963888525963
p mean is: tensor(-0.1481, device='cuda:4')
epoch:  12000 quantization_loss:  0.024112340062856674
p mean is: tensor(-0.1657, device='cuda:4')
epoch:  13000 quantization_loss:  0.024081002920866013
p mean is: tensor(-0.1836, device='cuda:4')
epoch:  14000 quantization_loss:  0.0240747332572937
p mean is: tensor(-0.2017, device='cuda:4')
epoch:  15000 quantization_loss:  0.023891402408480644
p mean is: tensor(-0.2204, device='cuda:4')
epoch:  16000 quantization_loss:  0.024021338671445847
p mean is: tensor(-0.2388, device='cuda:4')
epoch:  17000 quantization_loss:  0.023910434916615486
p mean is: tensor(-0.2573, device='cuda:4')
epoch:  18000 quantization_loss:  0.023605475202202797
p mean is: tensor(-0.2750, device='cuda:4')
epoch:  19000 quantization_loss:  0.01880788244307041
p mean is: tensor(-0.2927, device='cuda:4')
epoch:  20000 quantization_loss:  0.014272777363657951
p mean is: tensor(-0.3153, device='cuda:4')
epoch:  21000 quantization_loss:  0.0097934789955616
p mean is: tensor(-0.3445, device='cuda:4')
epoch:  22000 quantization_loss:  0.007879438810050488
p mean is: tensor(-0.3814, device='cuda:4')
epoch:  23000 quantization_loss:  0.006708978675305843
p mean is: tensor(-0.4261, device='cuda:4')
epoch:  24000 quantization_loss:  0.00477792602032423
p mean is: tensor(-0.4796, device='cuda:4')
epoch:  25000 quantization_loss:  0.004045691341161728
p mean is: tensor(-0.5416, device='cuda:4')
epoch:  26000 quantization_loss:  0.003564972197636962
p mean is: tensor(-0.6101, device='cuda:4')
epoch:  27000 quantization_loss:  0.003398717613890767
p mean is: tensor(-0.6818, device='cuda:4')
epoch:  28000 quantization_loss:  0.003441776614636183
p mean is: tensor(-0.7529, device='cuda:4')
epoch:  29000 quantization_loss:  0.0031047400552779436
p mean is: tensor(-0.8206, device='cuda:4')
epoch:  30000 quantization_loss:  0.002990382257848978
p mean is: tensor(-0.8825, device='cuda:4')
epoch:  31000 quantization_loss:  0.0028682330157607794
p mean is: tensor(-0.9374, device='cuda:4')
epoch:  32000 quantization_loss:  0.0028067801613360643
p mean is: tensor(-0.9853, device='cuda:4')
epoch:  33000 quantization_loss:  0.002621120074763894
p mean is: tensor(-1.0265, device='cuda:4')
epoch:  34000 quantization_loss:  0.0025497672613710165
p mean is: tensor(-1.0618, device='cuda:4')
epoch:  35000 quantization_loss:  0.002431662520393729
p mean is: tensor(-1.0921, device='cuda:4')
epoch:  36000 quantization_loss:  0.0023913695476949215
p mean is: tensor(-1.1181, device='cuda:4')
epoch:  37000 quantization_loss:  0.002336610574275255
p mean is: tensor(-1.1403, device='cuda:4')
epoch:  38000 quantization_loss:  0.0022780520375818014
p mean is: tensor(-1.1593, device='cuda:4')
epoch:  39000 quantization_loss:  0.002205595839768648
p mean is: tensor(-1.1756, device='cuda:4')
epoch:  40000 quantization_loss:  0.0021847649477422237
p mean is: tensor(-1.1897, device='cuda:4')
epoch:  41000 quantization_loss:  0.0021420109551399946
p mean is: tensor(-1.2018, device='cuda:4')
epoch:  42000 quantization_loss:  0.0021069638896733522
p mean is: tensor(-1.2124, device='cuda:4')
epoch:  43000 quantization_loss:  0.0019864793866872787
p mean is: tensor(-1.2216, device='cuda:4')
epoch:  44000 quantization_loss:  0.0019275861559435725
p mean is: tensor(-1.2296, device='cuda:4')
epoch:  45000 quantization_loss:  0.0019128089770674706
p mean is: tensor(-1.2365, device='cuda:4')
epoch:  46000 quantization_loss:  0.0018716008635237813
p mean is: tensor(-1.2426, device='cuda:4')
epoch:  47000 quantization_loss:  0.0018283030949532986
p mean is: tensor(-1.2479, device='cuda:4')
epoch:  48000 quantization_loss:  0.0018309542210772634
p mean is: tensor(-1.2525, device='cuda:4')
epoch:  49000 quantization_loss:  0.0018025164026767015
p mean is: tensor(-1.2567, device='cuda:4')
epoch:  50000 quantization_loss:  0.0017753839492797852
p mean is: tensor(-1.2604, device='cuda:4')
epoch:  51000 quantization_loss:  0.0017663477919995785
p mean is: tensor(-1.2637, device='cuda:4')
epoch:  52000 quantization_loss:  0.0017321694176644087
p mean is: tensor(-1.2666, device='cuda:4')
epoch:  53000 quantization_loss:  0.0016437857411801815
p mean is: tensor(-1.2692, device='cuda:4')
epoch:  54000 quantization_loss:  0.0016244924627244473
p mean is: tensor(-1.2716, device='cuda:4')
epoch:  55000 quantization_loss:  0.0016087882686406374
p mean is: tensor(-1.2737, device='cuda:4')
epoch:  56000 quantization_loss:  0.001587085658684373
p mean is: tensor(-1.2757, device='cuda:4')
epoch:  57000 quantization_loss:  0.0015724590048193932
p mean is: tensor(-1.2775, device='cuda:4')
epoch:  58000 quantization_loss:  0.001556253875605762
p mean is: tensor(-1.2792, device='cuda:4')
epoch:  59000 quantization_loss:  0.0019108450505882502
p mean is: tensor(-1.2807, device='cuda:4')
Number of elements to keep: 240709
Threshold value: -1.223162055015564
Number of elements equal to threshold: 1
Number of elements to randomly select: 1
Actual sparsity achieved: 0.07999988035363477
here
Number of elements to keep: 150443
Threshold value: -1.0925052165985107
Number of elements equal to threshold: 1
Number of elements to randomly select: 1
Actual sparsity achieved: 0.04999988367714492
1.1.1.weight         | nonzeros =    2727 /   12800             ( 21.30%) | total_pruned =   10073 | shape = torch.Size([16, 32, 5, 5])
1.1.1.bias           | nonzeros =       0 /      16             (  0.00%) | total_pruned =      16 | shape = torch.Size([16])
1.2.weight           | nonzeros =       8 /      16             ( 50.00%) | total_pruned =       8 | shape = torch.Size([16])
1.2.bias             | nonzeros =       0 /      16             (  0.00%) | total_pruned =      16 | shape = torch.Size([16])
1.4.1.weight         | nonzeros =    1243 /    6400             ( 19.42%) | total_pruned =    5157 | shape = torch.Size([16, 16, 5, 5])
1.4.1.bias           | nonzeros =       0 /      16             (  0.00%) | total_pruned =      16 | shape = torch.Size([16])
1.5.weight           | nonzeros =      12 /      16             ( 75.00%) | total_pruned =       4 | shape = torch.Size([16])
1.5.bias             | nonzeros =       0 /      16             (  0.00%) | total_pruned =      16 | shape = torch.Size([16])
1.7.1.1.1.weight     | nonzeros =    1690 /   12800             ( 13.20%) | total_pruned =   11110 | shape = torch.Size([32, 16, 5, 5])
1.7.1.1.1.bias       | nonzeros =       0 /      32             (  0.00%) | total_pruned =      32 | shape = torch.Size([32])
1.7.1.2.weight       | nonzeros =      18 /      32             ( 56.25%) | total_pruned =      14 | shape = torch.Size([32])
1.7.1.2.bias         | nonzeros =       0 /      32             (  0.00%) | total_pruned =      32 | shape = torch.Size([32])
1.7.1.4.1.weight     | nonzeros =    2059 /   25600             (  8.04%) | total_pruned =   23541 | shape = torch.Size([32, 32, 5, 5])
1.7.1.4.1.bias       | nonzeros =       0 /      32             (  0.00%) | total_pruned =      32 | shape = torch.Size([32])
1.7.1.5.weight       | nonzeros =      19 /      32             ( 59.38%) | total_pruned =      13 | shape = torch.Size([32])
1.7.1.5.bias         | nonzeros =       0 /      32             (  0.00%) | total_pruned =      32 | shape = torch.Size([32])
1.7.1.7.1.1.1.weight | nonzeros =    2975 /   51200             (  5.81%) | total_pruned =   48225 | shape = torch.Size([64, 32, 5, 5])
1.7.1.7.1.1.1.bias   | nonzeros =       0 /      64             (  0.00%) | total_pruned =      64 | shape = torch.Size([64])
1.7.1.7.1.2.weight   | nonzeros =      36 /      64             ( 56.25%) | total_pruned =      28 | shape = torch.Size([64])
1.7.1.7.1.2.bias     | nonzeros =       0 /      64             (  0.00%) | total_pruned =      64 | shape = torch.Size([64])
1.7.1.7.1.4.1.weight | nonzeros =    4571 /  102400             (  4.46%) | total_pruned =   97829 | shape = torch.Size([64, 64, 5, 5])
1.7.1.7.1.4.1.bias   | nonzeros =       0 /      64             (  0.00%) | total_pruned =      64 | shape = torch.Size([64])
1.7.1.7.1.5.weight   | nonzeros =      36 /      64             ( 56.25%) | total_pruned =      28 | shape = torch.Size([64])
1.7.1.7.1.5.bias     | nonzeros =       0 /      64             (  0.00%) | total_pruned =      64 | shape = torch.Size([64])
1.7.1.7.1.7.1.1.1.weight | nonzeros =    6757 /  204800             (  3.30%) | total_pruned =  198043 | shape = torch.Size([128, 64, 5, 5])
1.7.1.7.1.7.1.1.1.bias | nonzeros =       0 /     128             (  0.00%) | total_pruned =     128 | shape = torch.Size([128])
1.7.1.7.1.7.1.2.weight | nonzeros =      60 /     128             ( 46.88%) | total_pruned =      68 | shape = torch.Size([128])
1.7.1.7.1.7.1.2.bias | nonzeros =       0 /     128             (  0.00%) | total_pruned =     128 | shape = torch.Size([128])
1.7.1.7.1.7.1.4.1.weight | nonzeros =   10303 /  409600             (  2.52%) | total_pruned =  399297 | shape = torch.Size([128, 128, 5, 5])
1.7.1.7.1.7.1.4.1.bias | nonzeros =       0 /     128             (  0.00%) | total_pruned =     128 | shape = torch.Size([128])
1.7.1.7.1.7.1.5.weight | nonzeros =      43 /     128             ( 33.59%) | total_pruned =      85 | shape = torch.Size([128])
1.7.1.7.1.7.1.5.bias | nonzeros =       0 /     128             (  0.00%) | total_pruned =     128 | shape = torch.Size([128])
1.7.1.7.1.7.1.7.1.1.1.weight | nonzeros =   17309 /  409600             (  4.23%) | total_pruned =  392291 | shape = torch.Size([128, 128, 5, 5])
1.7.1.7.1.7.1.7.1.1.1.bias | nonzeros =       0 /     128             (  0.00%) | total_pruned =     128 | shape = torch.Size([128])
1.7.1.7.1.7.1.7.1.2.weight | nonzeros =      58 /     128             ( 45.31%) | total_pruned =      70 | shape = torch.Size([128])
1.7.1.7.1.7.1.7.1.2.bias | nonzeros =       0 /     128             (  0.00%) | total_pruned =     128 | shape = torch.Size([128])
1.7.1.7.1.7.1.7.1.4.1.weight | nonzeros =   27212 /  409600             (  6.64%) | total_pruned =  382388 | shape = torch.Size([128, 128, 5, 5])
1.7.1.7.1.7.1.7.1.4.1.bias | nonzeros =       0 /     128             (  0.00%) | total_pruned =     128 | shape = torch.Size([128])
1.7.1.7.1.7.1.7.1.5.weight | nonzeros =      67 /     128             ( 52.34%) | total_pruned =      61 | shape = torch.Size([128])
1.7.1.7.1.7.1.7.1.5.bias | nonzeros =       0 /     128             (  0.00%) | total_pruned =     128 | shape = torch.Size([128])
1.7.1.7.1.7.1.7.1.7.1.1.1.weight | nonzeros =   42604 /  409600             ( 10.40%) | total_pruned =  366996 | shape = torch.Size([128, 128, 5, 5])
1.7.1.7.1.7.1.7.1.7.1.1.1.bias | nonzeros =       0 /     128             (  0.00%) | total_pruned =     128 | shape = torch.Size([128])
1.7.1.7.1.7.1.7.1.7.1.2.weight | nonzeros =      78 /     128             ( 60.94%) | total_pruned =      50 | shape = torch.Size([128])
1.7.1.7.1.7.1.7.1.7.1.2.bias | nonzeros =       0 /     128             (  0.00%) | total_pruned =     128 | shape = torch.Size([128])
1.7.1.7.1.7.1.7.1.7.1.4.1.weight | nonzeros =   49240 /  409600             ( 12.02%) | total_pruned =  360360 | shape = torch.Size([128, 128, 5, 5])
1.7.1.7.1.7.1.7.1.7.1.4.1.bias | nonzeros =       0 /     128             (  0.00%) | total_pruned =     128 | shape = torch.Size([128])
1.7.1.7.1.7.1.7.1.7.1.5.weight | nonzeros =      73 /     128             ( 57.03%) | total_pruned =      55 | shape = torch.Size([128])
1.7.1.7.1.7.1.7.1.7.1.5.bias | nonzeros =       0 /     128             (  0.00%) | total_pruned =     128 | shape = torch.Size([128])
1.7.1.7.1.7.1.7.1.7.2.weight | nonzeros =      73 /     128             ( 57.03%) | total_pruned =      55 | shape = torch.Size([128])
1.7.1.7.1.7.1.7.1.7.2.bias | nonzeros =       0 /     128             (  0.00%) | total_pruned =     128 | shape = torch.Size([128])
1.7.1.7.1.7.1.7.1.7.3.1.weight | nonzeros =   18190 /  147456             ( 12.34%) | total_pruned =  129266 | shape = torch.Size([128, 128, 3, 3])
1.7.1.7.1.7.1.7.1.7.3.1.bias | nonzeros =       0 /     128             (  0.00%) | total_pruned =     128 | shape = torch.Size([128])
1.7.1.7.1.7.1.7.1.7.4.weight | nonzeros =      68 /     128             ( 53.12%) | total_pruned =      60 | shape = torch.Size([128])
1.7.1.7.1.7.1.7.1.7.4.bias | nonzeros =       0 /     128             (  0.00%) | total_pruned =     128 | shape = torch.Size([128])
1.7.1.7.1.7.1.7.2.weight | nonzeros =      67 /     128             ( 52.34%) | total_pruned =      61 | shape = torch.Size([128])
1.7.1.7.1.7.1.7.2.bias | nonzeros =       0 /     128             (  0.00%) | total_pruned =     128 | shape = torch.Size([128])
1.7.1.7.1.7.1.7.3.1.weight | nonzeros =   18391 /  147456             ( 12.47%) | total_pruned =  129065 | shape = torch.Size([128, 128, 3, 3])
1.7.1.7.1.7.1.7.3.1.bias | nonzeros =       0 /     128             (  0.00%) | total_pruned =     128 | shape = torch.Size([128])
1.7.1.7.1.7.1.7.4.weight | nonzeros =      68 /     128             ( 53.12%) | total_pruned =      60 | shape = torch.Size([128])
1.7.1.7.1.7.1.7.4.bias | nonzeros =       0 /     128             (  0.00%) | total_pruned =     128 | shape = torch.Size([128])
1.7.1.7.1.7.2.weight | nonzeros =      68 /     128             ( 53.12%) | total_pruned =      60 | shape = torch.Size([128])
1.7.1.7.1.7.2.bias   | nonzeros =       0 /     128             (  0.00%) | total_pruned =     128 | shape = torch.Size([128])
1.7.1.7.1.7.3.1.weight | nonzeros =   19402 /  147456             ( 13.16%) | total_pruned =  128054 | shape = torch.Size([128, 128, 3, 3])
1.7.1.7.1.7.3.1.bias | nonzeros =       0 /     128             (  0.00%) | total_pruned =     128 | shape = torch.Size([128])
1.7.1.7.1.7.4.weight | nonzeros =      72 /     128             ( 56.25%) | total_pruned =      56 | shape = torch.Size([128])
1.7.1.7.1.7.4.bias   | nonzeros =       0 /     128             (  0.00%) | total_pruned =     128 | shape = torch.Size([128])
1.7.1.7.2.weight     | nonzeros =      70 /     128             ( 54.69%) | total_pruned =      58 | shape = torch.Size([128])
1.7.1.7.2.bias       | nonzeros =       0 /     128             (  0.00%) | total_pruned =     128 | shape = torch.Size([128])
1.7.1.7.3.1.weight   | nonzeros =   10177 /   73728             ( 13.80%) | total_pruned =   63551 | shape = torch.Size([64, 128, 3, 3])
1.7.1.7.3.1.bias     | nonzeros =       0 /      64             (  0.00%) | total_pruned =      64 | shape = torch.Size([64])
1.7.1.7.4.weight     | nonzeros =      29 /      64             ( 45.31%) | total_pruned =      35 | shape = torch.Size([64])
1.7.1.7.4.bias       | nonzeros =       0 /      64             (  0.00%) | total_pruned =      64 | shape = torch.Size([64])
1.7.2.weight         | nonzeros =      29 /      64             ( 45.31%) | total_pruned =      35 | shape = torch.Size([64])
1.7.2.bias           | nonzeros =       0 /      64             (  0.00%) | total_pruned =      64 | shape = torch.Size([64])
1.7.3.1.weight       | nonzeros =    3400 /   18432             ( 18.45%) | total_pruned =   15032 | shape = torch.Size([32, 64, 3, 3])
1.7.3.1.bias         | nonzeros =       0 /      32             (  0.00%) | total_pruned =      32 | shape = torch.Size([32])
1.7.4.weight         | nonzeros =      20 /      32             ( 62.50%) | total_pruned =      12 | shape = torch.Size([32])
1.7.4.bias           | nonzeros =       0 /      32             (  0.00%) | total_pruned =      32 | shape = torch.Size([32])
2.weight             | nonzeros =      20 /      32             ( 62.50%) | total_pruned =      12 | shape = torch.Size([32])
2.bias               | nonzeros =       0 /      32             (  0.00%) | total_pruned =      32 | shape = torch.Size([32])
3.1.weight           | nonzeros =    1312 /    4608             ( 28.47%) | total_pruned =    3296 | shape = torch.Size([16, 32, 3, 3])
3.1.bias             | nonzeros =       0 /      16             (  0.00%) | total_pruned =      16 | shape = torch.Size([16])
4.weight             | nonzeros =      16 /      16             (100.00%) | total_pruned =       0 | shape = torch.Size([16])
4.bias               | nonzeros =       0 /      16             (  0.00%) | total_pruned =      16 | shape = torch.Size([16])
6.1.weight           | nonzeros =      36 /      48             ( 75.00%) | total_pruned =      12 | shape = torch.Size([3, 16, 1, 1])
6.1.bias             | nonzeros =       3 /       3             (100.00%) | total_pruned =       0 | shape = torch.Size([3])
alive: 240709, pruned : 2768158, total: 3008867, Compression rate :      12.50x  ( 92.00% pruned)
PSNR of output image is:  24.917296737236775
Experiment done
