(3, 512, 512)
(3, 512, 512)
Noisy PSNR is '10.513639173038737'
(3, 512, 512) (3, 512, 512) torch.Size([1, 32, 512, 512])
Output directory: data/inpainting/Set14/mask/8/sparsity/0.5/det/0.5/1e-09
epoch:  0 quantization_loss:  0.04818079620599747
p mean is: tensor(-0.0002, device='cuda:6')
epoch:  1000 quantization_loss:  0.0378420315682888
p mean is: tensor(-0.0125, device='cuda:6')
epoch:  2000 quantization_loss:  0.03709625452756882
p mean is: tensor(-0.0218, device='cuda:6')
epoch:  3000 quantization_loss:  0.03666675463318825
p mean is: tensor(-0.0304, device='cuda:6')
epoch:  4000 quantization_loss:  0.03667021915316582
p mean is: tensor(-0.0394, device='cuda:6')
epoch:  5000 quantization_loss:  0.03679652139544487
p mean is: tensor(-0.0483, device='cuda:6')
epoch:  6000 quantization_loss:  0.03321027383208275
p mean is: tensor(-0.0575, device='cuda:6')
epoch:  7000 quantization_loss:  0.03150363266468048
p mean is: tensor(-0.0682, device='cuda:6')
epoch:  8000 quantization_loss:  0.030206378549337387
p mean is: tensor(-0.0821, device='cuda:6')
epoch:  9000 quantization_loss:  0.025125833228230476
p mean is: tensor(-0.1002, device='cuda:6')
epoch:  10000 quantization_loss:  0.021588172763586044
p mean is: tensor(-0.1229, device='cuda:6')
epoch:  11000 quantization_loss:  0.02019689790904522
p mean is: tensor(-0.1518, device='cuda:6')
epoch:  12000 quantization_loss:  0.019446825608611107
p mean is: tensor(-0.1885, device='cuda:6')
epoch:  13000 quantization_loss:  0.019182441756129265
p mean is: tensor(-0.2347, device='cuda:6')
epoch:  14000 quantization_loss:  0.018459642305970192
p mean is: tensor(-0.2907, device='cuda:6')
epoch:  15000 quantization_loss:  0.018147984519600868
p mean is: tensor(-0.3560, device='cuda:6')
epoch:  16000 quantization_loss:  0.017808740958571434
p mean is: tensor(-0.4288, device='cuda:6')
epoch:  17000 quantization_loss:  0.01753603294491768
p mean is: tensor(-0.5059, device='cuda:6')
epoch:  18000 quantization_loss:  0.016691215336322784
p mean is: tensor(-0.5833, device='cuda:6')
epoch:  19000 quantization_loss:  0.01647304743528366
p mean is: tensor(-0.6576, device='cuda:6')
epoch:  20000 quantization_loss:  0.015278139151632786
p mean is: tensor(-0.7261, device='cuda:6')
epoch:  21000 quantization_loss:  0.015051553957164288
p mean is: tensor(-0.7873, device='cuda:6')
epoch:  22000 quantization_loss:  0.014890596270561218
p mean is: tensor(-0.8417, device='cuda:6')
epoch:  23000 quantization_loss:  0.014808811247348785
p mean is: tensor(-0.8899, device='cuda:6')
epoch:  24000 quantization_loss:  0.01464766263961792
p mean is: tensor(-0.9326, device='cuda:6')
epoch:  25000 quantization_loss:  0.014563011936843395
p mean is: tensor(-0.9703, device='cuda:6')
epoch:  26000 quantization_loss:  0.01448244322091341
p mean is: tensor(-1.0035, device='cuda:6')
epoch:  27000 quantization_loss:  0.01435659546405077
p mean is: tensor(-1.0328, device='cuda:6')
epoch:  28000 quantization_loss:  0.014313526451587677
p mean is: tensor(-1.0586, device='cuda:6')
epoch:  29000 quantization_loss:  0.014211880974471569
p mean is: tensor(-1.0814, device='cuda:6')
epoch:  30000 quantization_loss:  0.014188800938427448
p mean is: tensor(-1.1015, device='cuda:6')
epoch:  31000 quantization_loss:  0.014101210050284863
p mean is: tensor(-1.1194, device='cuda:6')
epoch:  32000 quantization_loss:  0.014025889337062836
p mean is: tensor(-1.1353, device='cuda:6')
epoch:  33000 quantization_loss:  0.01401028223335743
p mean is: tensor(-1.1494, device='cuda:6')
epoch:  34000 quantization_loss:  0.013991303741931915
p mean is: tensor(-1.1620, device='cuda:6')
epoch:  35000 quantization_loss:  0.013969285413622856
p mean is: tensor(-1.1733, device='cuda:6')
epoch:  36000 quantization_loss:  0.013905425556004047
p mean is: tensor(-1.1834, device='cuda:6')
epoch:  37000 quantization_loss:  0.013861080631613731
p mean is: tensor(-1.1925, device='cuda:6')
epoch:  38000 quantization_loss:  0.013841178268194199
p mean is: tensor(-1.2008, device='cuda:6')
epoch:  39000 quantization_loss:  0.013814413920044899
p mean is: tensor(-1.2082, device='cuda:6')
epoch:  40000 quantization_loss:  0.013774905353784561
p mean is: tensor(-1.2150, device='cuda:6')
epoch:  41000 quantization_loss:  0.013778570108115673
p mean is: tensor(-1.2212, device='cuda:6')
epoch:  42000 quantization_loss:  0.013756554573774338
p mean is: tensor(-1.2268, device='cuda:6')
epoch:  43000 quantization_loss:  0.013727893121540546
p mean is: tensor(-1.2319, device='cuda:6')
epoch:  44000 quantization_loss:  0.013700173236429691
p mean is: tensor(-1.2366, device='cuda:6')
epoch:  45000 quantization_loss:  0.013687120750546455
p mean is: tensor(-1.2410, device='cuda:6')
epoch:  46000 quantization_loss:  0.013676179572939873
p mean is: tensor(-1.2450, device='cuda:6')
epoch:  47000 quantization_loss:  0.013657955452799797
p mean is: tensor(-1.2487, device='cuda:6')
epoch:  48000 quantization_loss:  0.013643275015056133
p mean is: tensor(-1.2522, device='cuda:6')
epoch:  49000 quantization_loss:  0.01362899411469698
p mean is: tensor(-1.2554, device='cuda:6')
epoch:  50000 quantization_loss:  0.013650711625814438
p mean is: tensor(-1.2583, device='cuda:6')
epoch:  51000 quantization_loss:  0.013616141863167286
p mean is: tensor(-1.2611, device='cuda:6')
epoch:  52000 quantization_loss:  0.013596848584711552
p mean is: tensor(-1.2637, device='cuda:6')
epoch:  53000 quantization_loss:  0.013644950464367867
p mean is: tensor(-1.2661, device='cuda:6')
epoch:  54000 quantization_loss:  0.01358421053737402
p mean is: tensor(-1.2684, device='cuda:6')
epoch:  55000 quantization_loss:  0.013580474071204662
p mean is: tensor(-1.2706, device='cuda:6')
epoch:  56000 quantization_loss:  0.013571459800004959
p mean is: tensor(-1.2727, device='cuda:6')
epoch:  57000 quantization_loss:  0.013564785942435265
p mean is: tensor(-1.2747, device='cuda:6')
epoch:  58000 quantization_loss:  0.013557438738644123
p mean is: tensor(-1.2766, device='cuda:6')
epoch:  59000 quantization_loss:  0.013557304628193378
p mean is: tensor(-1.2784, device='cuda:6')
Number of elements to keep: 1504433
Threshold value: -1.2996541261672974
Number of elements equal to threshold: 314
Number of elements to randomly select: 280
Warning: Random selection among elements equal to the threshold is being performed to maintain sparsity.
Actual sparsity achieved: 0.49999983382449276
here
Number of elements to keep: 150443
Threshold value: -0.42760440707206726
Number of elements equal to threshold: 1
Number of elements to randomly select: 1
Actual sparsity achieved: 0.04999988367714492
1.1.1.weight         | nonzeros =    6171 /   12800             ( 48.21%) | total_pruned =    6629 | shape = torch.Size([16, 32, 5, 5])
1.1.1.bias           | nonzeros =       0 /      16             (  0.00%) | total_pruned =      16 | shape = torch.Size([16])
1.2.weight           | nonzeros =       6 /      16             ( 37.50%) | total_pruned =      10 | shape = torch.Size([16])
1.2.bias             | nonzeros =       0 /      16             (  0.00%) | total_pruned =      16 | shape = torch.Size([16])
1.4.1.weight         | nonzeros =    3277 /    6400             ( 51.20%) | total_pruned =    3123 | shape = torch.Size([16, 16, 5, 5])
1.4.1.bias           | nonzeros =       2 /      16             ( 12.50%) | total_pruned =      14 | shape = torch.Size([16])
1.5.weight           | nonzeros =       6 /      16             ( 37.50%) | total_pruned =      10 | shape = torch.Size([16])
1.5.bias             | nonzeros =       0 /      16             (  0.00%) | total_pruned =      16 | shape = torch.Size([16])
1.7.1.1.1.weight     | nonzeros =    6386 /   12800             ( 49.89%) | total_pruned =    6414 | shape = torch.Size([32, 16, 5, 5])
1.7.1.1.1.bias       | nonzeros =       6 /      32             ( 18.75%) | total_pruned =      26 | shape = torch.Size([32])
1.7.1.2.weight       | nonzeros =      16 /      32             ( 50.00%) | total_pruned =      16 | shape = torch.Size([32])
1.7.1.2.bias         | nonzeros =       0 /      32             (  0.00%) | total_pruned =      32 | shape = torch.Size([32])
1.7.1.4.1.weight     | nonzeros =   12890 /   25600             ( 50.35%) | total_pruned =   12710 | shape = torch.Size([32, 32, 5, 5])
1.7.1.4.1.bias       | nonzeros =      17 /      32             ( 53.12%) | total_pruned =      15 | shape = torch.Size([32])
1.7.1.5.weight       | nonzeros =      15 /      32             ( 46.88%) | total_pruned =      17 | shape = torch.Size([32])
1.7.1.5.bias         | nonzeros =       0 /      32             (  0.00%) | total_pruned =      32 | shape = torch.Size([32])
1.7.1.7.1.1.1.weight | nonzeros =   25331 /   51200             ( 49.47%) | total_pruned =   25869 | shape = torch.Size([64, 32, 5, 5])
1.7.1.7.1.1.1.bias   | nonzeros =      48 /      64             ( 75.00%) | total_pruned =      16 | shape = torch.Size([64])
1.7.1.7.1.2.weight   | nonzeros =      32 /      64             ( 50.00%) | total_pruned =      32 | shape = torch.Size([64])
1.7.1.7.1.2.bias     | nonzeros =       0 /      64             (  0.00%) | total_pruned =      64 | shape = torch.Size([64])
1.7.1.7.1.4.1.weight | nonzeros =   50293 /  102400             ( 49.11%) | total_pruned =   52107 | shape = torch.Size([64, 64, 5, 5])
1.7.1.7.1.4.1.bias   | nonzeros =      64 /      64             (100.00%) | total_pruned =       0 | shape = torch.Size([64])
1.7.1.7.1.5.weight   | nonzeros =      38 /      64             ( 59.38%) | total_pruned =      26 | shape = torch.Size([64])
1.7.1.7.1.5.bias     | nonzeros =       0 /      64             (  0.00%) | total_pruned =      64 | shape = torch.Size([64])
1.7.1.7.1.7.1.1.1.weight | nonzeros =  100340 /  204800             ( 48.99%) | total_pruned =  104460 | shape = torch.Size([128, 64, 5, 5])
1.7.1.7.1.7.1.1.1.bias | nonzeros =     128 /     128             (100.00%) | total_pruned =       0 | shape = torch.Size([128])
1.7.1.7.1.7.1.2.weight | nonzeros =      73 /     128             ( 57.03%) | total_pruned =      55 | shape = torch.Size([128])
1.7.1.7.1.7.1.2.bias | nonzeros =       0 /     128             (  0.00%) | total_pruned =     128 | shape = torch.Size([128])
1.7.1.7.1.7.1.4.1.weight | nonzeros =  198491 /  409600             ( 48.46%) | total_pruned =  211109 | shape = torch.Size([128, 128, 5, 5])
1.7.1.7.1.7.1.4.1.bias | nonzeros =     128 /     128             (100.00%) | total_pruned =       0 | shape = torch.Size([128])
1.7.1.7.1.7.1.5.weight | nonzeros =      69 /     128             ( 53.91%) | total_pruned =      59 | shape = torch.Size([128])
1.7.1.7.1.7.1.5.bias | nonzeros =       0 /     128             (  0.00%) | total_pruned =     128 | shape = torch.Size([128])
1.7.1.7.1.7.1.7.1.1.1.weight | nonzeros =  202569 /  409600             ( 49.46%) | total_pruned =  207031 | shape = torch.Size([128, 128, 5, 5])
1.7.1.7.1.7.1.7.1.1.1.bias | nonzeros =     128 /     128             (100.00%) | total_pruned =       0 | shape = torch.Size([128])
1.7.1.7.1.7.1.7.1.2.weight | nonzeros =      82 /     128             ( 64.06%) | total_pruned =      46 | shape = torch.Size([128])
1.7.1.7.1.7.1.7.1.2.bias | nonzeros =       0 /     128             (  0.00%) | total_pruned =     128 | shape = torch.Size([128])
1.7.1.7.1.7.1.7.1.4.1.weight | nonzeros =  204079 /  409600             ( 49.82%) | total_pruned =  205521 | shape = torch.Size([128, 128, 5, 5])
1.7.1.7.1.7.1.7.1.4.1.bias | nonzeros =     128 /     128             (100.00%) | total_pruned =       0 | shape = torch.Size([128])
1.7.1.7.1.7.1.7.1.5.weight | nonzeros =      98 /     128             ( 76.56%) | total_pruned =      30 | shape = torch.Size([128])
1.7.1.7.1.7.1.7.1.5.bias | nonzeros =       0 /     128             (  0.00%) | total_pruned =     128 | shape = torch.Size([128])
1.7.1.7.1.7.1.7.1.7.1.1.1.weight | nonzeros =  198319 /  409600             ( 48.42%) | total_pruned =  211281 | shape = torch.Size([128, 128, 5, 5])
1.7.1.7.1.7.1.7.1.7.1.1.1.bias | nonzeros =     115 /     128             ( 89.84%) | total_pruned =      13 | shape = torch.Size([128])
1.7.1.7.1.7.1.7.1.7.1.2.weight | nonzeros =     102 /     128             ( 79.69%) | total_pruned =      26 | shape = torch.Size([128])
1.7.1.7.1.7.1.7.1.7.1.2.bias | nonzeros =       0 /     128             (  0.00%) | total_pruned =     128 | shape = torch.Size([128])
1.7.1.7.1.7.1.7.1.7.1.4.1.weight | nonzeros =  201517 /  409600             ( 49.20%) | total_pruned =  208083 | shape = torch.Size([128, 128, 5, 5])
1.7.1.7.1.7.1.7.1.7.1.4.1.bias | nonzeros =     102 /     128             ( 79.69%) | total_pruned =      26 | shape = torch.Size([128])
1.7.1.7.1.7.1.7.1.7.1.5.weight | nonzeros =      86 /     128             ( 67.19%) | total_pruned =      42 | shape = torch.Size([128])
1.7.1.7.1.7.1.7.1.7.1.5.bias | nonzeros =       0 /     128             (  0.00%) | total_pruned =     128 | shape = torch.Size([128])
1.7.1.7.1.7.1.7.1.7.2.weight | nonzeros =      86 /     128             ( 67.19%) | total_pruned =      42 | shape = torch.Size([128])
1.7.1.7.1.7.1.7.1.7.2.bias | nonzeros =       0 /     128             (  0.00%) | total_pruned =     128 | shape = torch.Size([128])
1.7.1.7.1.7.1.7.1.7.3.1.weight | nonzeros =   79112 /  147456             ( 53.65%) | total_pruned =   68344 | shape = torch.Size([128, 128, 3, 3])
1.7.1.7.1.7.1.7.1.7.3.1.bias | nonzeros =      59 /     128             ( 46.09%) | total_pruned =      69 | shape = torch.Size([128])
1.7.1.7.1.7.1.7.1.7.4.weight | nonzeros =      90 /     128             ( 70.31%) | total_pruned =      38 | shape = torch.Size([128])
1.7.1.7.1.7.1.7.1.7.4.bias | nonzeros =       0 /     128             (  0.00%) | total_pruned =     128 | shape = torch.Size([128])
1.7.1.7.1.7.1.7.2.weight | nonzeros =      90 /     128             ( 70.31%) | total_pruned =      38 | shape = torch.Size([128])
1.7.1.7.1.7.1.7.2.bias | nonzeros =       0 /     128             (  0.00%) | total_pruned =     128 | shape = torch.Size([128])
1.7.1.7.1.7.1.7.3.1.weight | nonzeros =   79478 /  147456             ( 53.90%) | total_pruned =   67978 | shape = torch.Size([128, 128, 3, 3])
1.7.1.7.1.7.1.7.3.1.bias | nonzeros =      63 /     128             ( 49.22%) | total_pruned =      65 | shape = torch.Size([128])
1.7.1.7.1.7.1.7.4.weight | nonzeros =      81 /     128             ( 63.28%) | total_pruned =      47 | shape = torch.Size([128])
1.7.1.7.1.7.1.7.4.bias | nonzeros =       0 /     128             (  0.00%) | total_pruned =     128 | shape = torch.Size([128])
1.7.1.7.1.7.2.weight | nonzeros =      81 /     128             ( 63.28%) | total_pruned =      47 | shape = torch.Size([128])
1.7.1.7.1.7.2.bias   | nonzeros =       0 /     128             (  0.00%) | total_pruned =     128 | shape = torch.Size([128])
1.7.1.7.1.7.3.1.weight | nonzeros =   78550 /  147456             ( 53.27%) | total_pruned =   68906 | shape = torch.Size([128, 128, 3, 3])
1.7.1.7.1.7.3.1.bias | nonzeros =      49 /     128             ( 38.28%) | total_pruned =      79 | shape = torch.Size([128])
1.7.1.7.1.7.4.weight | nonzeros =      86 /     128             ( 67.19%) | total_pruned =      42 | shape = torch.Size([128])
1.7.1.7.1.7.4.bias   | nonzeros =       0 /     128             (  0.00%) | total_pruned =     128 | shape = torch.Size([128])
1.7.1.7.2.weight     | nonzeros =      86 /     128             ( 67.19%) | total_pruned =      42 | shape = torch.Size([128])
1.7.1.7.2.bias       | nonzeros =       0 /     128             (  0.00%) | total_pruned =     128 | shape = torch.Size([128])
1.7.1.7.3.1.weight   | nonzeros =   40045 /   73728             ( 54.31%) | total_pruned =   33683 | shape = torch.Size([64, 128, 3, 3])
1.7.1.7.3.1.bias     | nonzeros =      24 /      64             ( 37.50%) | total_pruned =      40 | shape = torch.Size([64])
1.7.1.7.4.weight     | nonzeros =      41 /      64             ( 64.06%) | total_pruned =      23 | shape = torch.Size([64])
1.7.1.7.4.bias       | nonzeros =       0 /      64             (  0.00%) | total_pruned =      64 | shape = torch.Size([64])
1.7.2.weight         | nonzeros =      41 /      64             ( 64.06%) | total_pruned =      23 | shape = torch.Size([64])
1.7.2.bias           | nonzeros =       0 /      64             (  0.00%) | total_pruned =      64 | shape = torch.Size([64])
1.7.3.1.weight       | nonzeros =   10777 /   18432             ( 58.47%) | total_pruned =    7655 | shape = torch.Size([32, 64, 3, 3])
1.7.3.1.bias         | nonzeros =      15 /      32             ( 46.88%) | total_pruned =      17 | shape = torch.Size([32])
1.7.4.weight         | nonzeros =      17 /      32             ( 53.12%) | total_pruned =      15 | shape = torch.Size([32])
1.7.4.bias           | nonzeros =       0 /      32             (  0.00%) | total_pruned =      32 | shape = torch.Size([32])
2.weight             | nonzeros =      17 /      32             ( 53.12%) | total_pruned =      15 | shape = torch.Size([32])
2.bias               | nonzeros =       0 /      32             (  0.00%) | total_pruned =      32 | shape = torch.Size([32])
3.1.weight           | nonzeros =    2251 /    4608             ( 48.85%) | total_pruned =    2357 | shape = torch.Size([16, 32, 3, 3])
3.1.bias             | nonzeros =       3 /      16             ( 18.75%) | total_pruned =      13 | shape = torch.Size([16])
4.weight             | nonzeros =      15 /      16             ( 93.75%) | total_pruned =       1 | shape = torch.Size([16])
4.bias               | nonzeros =       0 /      16             (  0.00%) | total_pruned =      16 | shape = torch.Size([16])
6.1.weight           | nonzeros =      27 /      48             ( 56.25%) | total_pruned =      21 | shape = torch.Size([3, 16, 1, 1])
6.1.bias             | nonzeros =       1 /       3             ( 33.33%) | total_pruned =       2 | shape = torch.Size([3])
alive: 1502337, pruned : 1506530, total: 3008867, Compression rate :       2.00x  ( 50.07% pruned)
PSNR of output image is:  15.622104088922129
Experiment done
