(3, 512, 512)
(3, 512, 512)
Noisy PSNR is '10.624110728069722'
(3, 512, 512) (3, 512, 512) torch.Size([1, 32, 512, 512])
Output directory: data/inpainting/Set14/mask/3/sparsity/0.5/det/0.1/1e-09
epoch:  0 quantization_loss:  0.03621427342295647
p mean is: tensor(-0.0002, device='cuda:7')
epoch:  1000 quantization_loss:  0.031429242342710495
p mean is: tensor(-0.0144, device='cuda:7')
epoch:  2000 quantization_loss:  0.03183493763208389
p mean is: tensor(-0.0247, device='cuda:7')
epoch:  3000 quantization_loss:  0.030225876718759537
p mean is: tensor(-0.0345, device='cuda:7')
epoch:  4000 quantization_loss:  0.03015293926000595
p mean is: tensor(-0.0442, device='cuda:7')
epoch:  5000 quantization_loss:  0.029766015708446503
p mean is: tensor(-0.0537, device='cuda:7')
epoch:  6000 quantization_loss:  0.030437206849455833
p mean is: tensor(-0.0637, device='cuda:7')
epoch:  7000 quantization_loss:  0.029436029493808746
p mean is: tensor(-0.0742, device='cuda:7')
epoch:  8000 quantization_loss:  0.025529490783810616
p mean is: tensor(-0.0848, device='cuda:7')
epoch:  9000 quantization_loss:  0.021328793838620186
p mean is: tensor(-0.0970, device='cuda:7')
epoch:  10000 quantization_loss:  0.018796447664499283
p mean is: tensor(-0.1124, device='cuda:7')
epoch:  11000 quantization_loss:  0.016980767250061035
p mean is: tensor(-0.1326, device='cuda:7')
epoch:  12000 quantization_loss:  0.016147712245583534
p mean is: tensor(-0.1592, device='cuda:7')
epoch:  13000 quantization_loss:  0.015629278495907784
p mean is: tensor(-0.1939, device='cuda:7')
epoch:  14000 quantization_loss:  0.01493901014328003
p mean is: tensor(-0.2375, device='cuda:7')
epoch:  15000 quantization_loss:  0.014661433175206184
p mean is: tensor(-0.2906, device='cuda:7')
epoch:  16000 quantization_loss:  0.013837032951414585
p mean is: tensor(-0.3527, device='cuda:7')
epoch:  17000 quantization_loss:  0.012864043936133385
p mean is: tensor(-0.4216, device='cuda:7')
epoch:  18000 quantization_loss:  0.012330668047070503
p mean is: tensor(-0.4950, device='cuda:7')
epoch:  19000 quantization_loss:  0.012234997004270554
p mean is: tensor(-0.5699, device='cuda:7')
epoch:  20000 quantization_loss:  0.011501983739435673
p mean is: tensor(-0.6431, device='cuda:7')
epoch:  21000 quantization_loss:  0.01117390301078558
p mean is: tensor(-0.7118, device='cuda:7')
epoch:  22000 quantization_loss:  0.01099600363522768
p mean is: tensor(-0.7746, device='cuda:7')
epoch:  23000 quantization_loss:  0.010942983441054821
p mean is: tensor(-0.8312, device='cuda:7')
epoch:  24000 quantization_loss:  0.010781124234199524
p mean is: tensor(-0.8818, device='cuda:7')
epoch:  25000 quantization_loss:  0.010728102177381516
p mean is: tensor(-0.9265, device='cuda:7')
epoch:  26000 quantization_loss:  0.010636069811880589
p mean is: tensor(-0.9663, device='cuda:7')
epoch:  27000 quantization_loss:  0.010525080375373363
p mean is: tensor(-1.0013, device='cuda:7')
epoch:  28000 quantization_loss:  0.010458835400640965
p mean is: tensor(-1.0320, device='cuda:7')
epoch:  29000 quantization_loss:  0.01041020080447197
p mean is: tensor(-1.0590, device='cuda:7')
epoch:  30000 quantization_loss:  0.010351796634495258
p mean is: tensor(-1.0829, device='cuda:7')
epoch:  31000 quantization_loss:  0.010039151646196842
p mean is: tensor(-1.1037, device='cuda:7')
epoch:  32000 quantization_loss:  0.009974726475775242
p mean is: tensor(-1.1220, device='cuda:7')
epoch:  33000 quantization_loss:  0.009937920607626438
p mean is: tensor(-1.1381, device='cuda:7')
epoch:  34000 quantization_loss:  0.009907655417919159
p mean is: tensor(-1.1525, device='cuda:7')
epoch:  35000 quantization_loss:  0.009864541701972485
p mean is: tensor(-1.1653, device='cuda:7')
epoch:  36000 quantization_loss:  0.009782824665307999
p mean is: tensor(-1.1768, device='cuda:7')
epoch:  37000 quantization_loss:  0.009755797684192657
p mean is: tensor(-1.1871, device='cuda:7')
epoch:  38000 quantization_loss:  0.009753908962011337
p mean is: tensor(-1.1965, device='cuda:7')
epoch:  39000 quantization_loss:  0.009698152542114258
p mean is: tensor(-1.2049, device='cuda:7')
epoch:  40000 quantization_loss:  0.009683683514595032
p mean is: tensor(-1.2124, device='cuda:7')
epoch:  41000 quantization_loss:  0.009672250598669052
p mean is: tensor(-1.2193, device='cuda:7')
epoch:  42000 quantization_loss:  0.009627854451537132
p mean is: tensor(-1.2254, device='cuda:7')
epoch:  43000 quantization_loss:  0.009612406603991985
p mean is: tensor(-1.2311, device='cuda:7')
epoch:  44000 quantization_loss:  0.009581271559000015
p mean is: tensor(-1.2362, device='cuda:7')
epoch:  45000 quantization_loss:  0.009561953134834766
p mean is: tensor(-1.2410, device='cuda:7')
epoch:  46000 quantization_loss:  0.009539935737848282
p mean is: tensor(-1.2454, device='cuda:7')
epoch:  47000 quantization_loss:  0.009534722194075584
p mean is: tensor(-1.2494, device='cuda:7')
epoch:  48000 quantization_loss:  0.009516925550997257
p mean is: tensor(-1.2531, device='cuda:7')
epoch:  49000 quantization_loss:  0.00958576612174511
p mean is: tensor(-1.2566, device='cuda:7')
epoch:  50000 quantization_loss:  0.009481841698288918
p mean is: tensor(-1.2598, device='cuda:7')
epoch:  51000 quantization_loss:  0.009480453096330166
p mean is: tensor(-1.2628, device='cuda:7')
epoch:  52000 quantization_loss:  0.009467709809541702
p mean is: tensor(-1.2655, device='cuda:7')
epoch:  53000 quantization_loss:  0.009435085579752922
p mean is: tensor(-1.2682, device='cuda:7')
epoch:  54000 quantization_loss:  0.009412023238837719
p mean is: tensor(-1.2706, device='cuda:7')
epoch:  55000 quantization_loss:  0.009437795728445053
p mean is: tensor(-1.2729, device='cuda:7')
epoch:  56000 quantization_loss:  0.009406693279743195
p mean is: tensor(-1.2751, device='cuda:7')
epoch:  57000 quantization_loss:  0.009413869120180607
p mean is: tensor(-1.2770, device='cuda:7')
epoch:  58000 quantization_loss:  0.009399604983627796
p mean is: tensor(-1.2789, device='cuda:7')
epoch:  59000 quantization_loss:  0.00938772689551115
p mean is: tensor(-1.2808, device='cuda:7')
Number of elements to keep: 300886
Threshold value: -1.0613449811935425
Number of elements equal to threshold: 1
Number of elements to randomly select: 1
Actual sparsity achieved: 0.09999976735428984
here
Number of elements to keep: 150443
Threshold value: -0.47640079259872437
Number of elements equal to threshold: 1
Number of elements to randomly select: 1
Actual sparsity achieved: 0.04999988367714492
1.1.1.weight         | nonzeros =    1826 /   12800             ( 14.27%) | total_pruned =   10974 | shape = torch.Size([16, 32, 5, 5])
1.1.1.bias           | nonzeros =       0 /      16             (  0.00%) | total_pruned =      16 | shape = torch.Size([16])
1.2.weight           | nonzeros =       6 /      16             ( 37.50%) | total_pruned =      10 | shape = torch.Size([16])
1.2.bias             | nonzeros =       0 /      16             (  0.00%) | total_pruned =      16 | shape = torch.Size([16])
1.4.1.weight         | nonzeros =     319 /    6400             (  4.98%) | total_pruned =    6081 | shape = torch.Size([16, 16, 5, 5])
1.4.1.bias           | nonzeros =       0 /      16             (  0.00%) | total_pruned =      16 | shape = torch.Size([16])
1.5.weight           | nonzeros =       5 /      16             ( 31.25%) | total_pruned =      11 | shape = torch.Size([16])
1.5.bias             | nonzeros =       0 /      16             (  0.00%) | total_pruned =      16 | shape = torch.Size([16])
1.7.1.1.1.weight     | nonzeros =     684 /   12800             (  5.34%) | total_pruned =   12116 | shape = torch.Size([32, 16, 5, 5])
1.7.1.1.1.bias       | nonzeros =       0 /      32             (  0.00%) | total_pruned =      32 | shape = torch.Size([32])
1.7.1.2.weight       | nonzeros =      15 /      32             ( 46.88%) | total_pruned =      17 | shape = torch.Size([32])
1.7.1.2.bias         | nonzeros =       0 /      32             (  0.00%) | total_pruned =      32 | shape = torch.Size([32])
1.7.1.4.1.weight     | nonzeros =    1846 /   25600             (  7.21%) | total_pruned =   23754 | shape = torch.Size([32, 32, 5, 5])
1.7.1.4.1.bias       | nonzeros =       0 /      32             (  0.00%) | total_pruned =      32 | shape = torch.Size([32])
1.7.1.5.weight       | nonzeros =      20 /      32             ( 62.50%) | total_pruned =      12 | shape = torch.Size([32])
1.7.1.5.bias         | nonzeros =       0 /      32             (  0.00%) | total_pruned =      32 | shape = torch.Size([32])
1.7.1.7.1.1.1.weight | nonzeros =    2549 /   51200             (  4.98%) | total_pruned =   48651 | shape = torch.Size([64, 32, 5, 5])
1.7.1.7.1.1.1.bias   | nonzeros =       0 /      64             (  0.00%) | total_pruned =      64 | shape = torch.Size([64])
1.7.1.7.1.2.weight   | nonzeros =      29 /      64             ( 45.31%) | total_pruned =      35 | shape = torch.Size([64])
1.7.1.7.1.2.bias     | nonzeros =       0 /      64             (  0.00%) | total_pruned =      64 | shape = torch.Size([64])
1.7.1.7.1.4.1.weight | nonzeros =    3518 /  102400             (  3.44%) | total_pruned =   98882 | shape = torch.Size([64, 64, 5, 5])
1.7.1.7.1.4.1.bias   | nonzeros =       0 /      64             (  0.00%) | total_pruned =      64 | shape = torch.Size([64])
1.7.1.7.1.5.weight   | nonzeros =      29 /      64             ( 45.31%) | total_pruned =      35 | shape = torch.Size([64])
1.7.1.7.1.5.bias     | nonzeros =       0 /      64             (  0.00%) | total_pruned =      64 | shape = torch.Size([64])
1.7.1.7.1.7.1.1.1.weight | nonzeros =    6869 /  204800             (  3.35%) | total_pruned =  197931 | shape = torch.Size([128, 64, 5, 5])
1.7.1.7.1.7.1.1.1.bias | nonzeros =       0 /     128             (  0.00%) | total_pruned =     128 | shape = torch.Size([128])
1.7.1.7.1.7.1.2.weight | nonzeros =      66 /     128             ( 51.56%) | total_pruned =      62 | shape = torch.Size([128])
1.7.1.7.1.7.1.2.bias | nonzeros =       0 /     128             (  0.00%) | total_pruned =     128 | shape = torch.Size([128])
1.7.1.7.1.7.1.4.1.weight | nonzeros =   13670 /  409600             (  3.34%) | total_pruned =  395930 | shape = torch.Size([128, 128, 5, 5])
1.7.1.7.1.7.1.4.1.bias | nonzeros =       0 /     128             (  0.00%) | total_pruned =     128 | shape = torch.Size([128])
1.7.1.7.1.7.1.5.weight | nonzeros =      70 /     128             ( 54.69%) | total_pruned =      58 | shape = torch.Size([128])
1.7.1.7.1.7.1.5.bias | nonzeros =       0 /     128             (  0.00%) | total_pruned =     128 | shape = torch.Size([128])
1.7.1.7.1.7.1.7.1.1.1.weight | nonzeros =   21649 /  409600             (  5.29%) | total_pruned =  387951 | shape = torch.Size([128, 128, 5, 5])
1.7.1.7.1.7.1.7.1.1.1.bias | nonzeros =       0 /     128             (  0.00%) | total_pruned =     128 | shape = torch.Size([128])
1.7.1.7.1.7.1.7.1.2.weight | nonzeros =      87 /     128             ( 67.97%) | total_pruned =      41 | shape = torch.Size([128])
1.7.1.7.1.7.1.7.1.2.bias | nonzeros =       0 /     128             (  0.00%) | total_pruned =     128 | shape = torch.Size([128])
1.7.1.7.1.7.1.7.1.4.1.weight | nonzeros =   38017 /  409600             (  9.28%) | total_pruned =  371583 | shape = torch.Size([128, 128, 5, 5])
1.7.1.7.1.7.1.7.1.4.1.bias | nonzeros =       0 /     128             (  0.00%) | total_pruned =     128 | shape = torch.Size([128])
1.7.1.7.1.7.1.7.1.5.weight | nonzeros =     102 /     128             ( 79.69%) | total_pruned =      26 | shape = torch.Size([128])
1.7.1.7.1.7.1.7.1.5.bias | nonzeros =       0 /     128             (  0.00%) | total_pruned =     128 | shape = torch.Size([128])
1.7.1.7.1.7.1.7.1.7.1.1.1.weight | nonzeros =   58850 /  409600             ( 14.37%) | total_pruned =  350750 | shape = torch.Size([128, 128, 5, 5])
1.7.1.7.1.7.1.7.1.7.1.1.1.bias | nonzeros =       0 /     128             (  0.00%) | total_pruned =     128 | shape = torch.Size([128])
1.7.1.7.1.7.1.7.1.7.1.2.weight | nonzeros =     104 /     128             ( 81.25%) | total_pruned =      24 | shape = torch.Size([128])
1.7.1.7.1.7.1.7.1.7.1.2.bias | nonzeros =       0 /     128             (  0.00%) | total_pruned =     128 | shape = torch.Size([128])
1.7.1.7.1.7.1.7.1.7.1.4.1.weight | nonzeros =   62446 /  409600             ( 15.25%) | total_pruned =  347154 | shape = torch.Size([128, 128, 5, 5])
1.7.1.7.1.7.1.7.1.7.1.4.1.bias | nonzeros =       0 /     128             (  0.00%) | total_pruned =     128 | shape = torch.Size([128])
1.7.1.7.1.7.1.7.1.7.1.5.weight | nonzeros =      86 /     128             ( 67.19%) | total_pruned =      42 | shape = torch.Size([128])
1.7.1.7.1.7.1.7.1.7.1.5.bias | nonzeros =       0 /     128             (  0.00%) | total_pruned =     128 | shape = torch.Size([128])
1.7.1.7.1.7.1.7.1.7.2.weight | nonzeros =      86 /     128             ( 67.19%) | total_pruned =      42 | shape = torch.Size([128])
1.7.1.7.1.7.1.7.1.7.2.bias | nonzeros =       0 /     128             (  0.00%) | total_pruned =     128 | shape = torch.Size([128])
1.7.1.7.1.7.1.7.1.7.3.1.weight | nonzeros =   28894 /  147456             ( 19.59%) | total_pruned =  118562 | shape = torch.Size([128, 128, 3, 3])
1.7.1.7.1.7.1.7.1.7.3.1.bias | nonzeros =       0 /     128             (  0.00%) | total_pruned =     128 | shape = torch.Size([128])
1.7.1.7.1.7.1.7.1.7.4.weight | nonzeros =      87 /     128             ( 67.97%) | total_pruned =      41 | shape = torch.Size([128])
1.7.1.7.1.7.1.7.1.7.4.bias | nonzeros =       0 /     128             (  0.00%) | total_pruned =     128 | shape = torch.Size([128])
1.7.1.7.1.7.1.7.2.weight | nonzeros =      87 /     128             ( 67.97%) | total_pruned =      41 | shape = torch.Size([128])
1.7.1.7.1.7.1.7.2.bias | nonzeros =       0 /     128             (  0.00%) | total_pruned =     128 | shape = torch.Size([128])
1.7.1.7.1.7.1.7.3.1.weight | nonzeros =   26370 /  147456             ( 17.88%) | total_pruned =  121086 | shape = torch.Size([128, 128, 3, 3])
1.7.1.7.1.7.1.7.3.1.bias | nonzeros =       0 /     128             (  0.00%) | total_pruned =     128 | shape = torch.Size([128])
1.7.1.7.1.7.1.7.4.weight | nonzeros =      77 /     128             ( 60.16%) | total_pruned =      51 | shape = torch.Size([128])
1.7.1.7.1.7.1.7.4.bias | nonzeros =       0 /     128             (  0.00%) | total_pruned =     128 | shape = torch.Size([128])
1.7.1.7.1.7.2.weight | nonzeros =      77 /     128             ( 60.16%) | total_pruned =      51 | shape = torch.Size([128])
1.7.1.7.1.7.2.bias   | nonzeros =       0 /     128             (  0.00%) | total_pruned =     128 | shape = torch.Size([128])
1.7.1.7.1.7.3.1.weight | nonzeros =   19620 /  147456             ( 13.31%) | total_pruned =  127836 | shape = torch.Size([128, 128, 3, 3])
1.7.1.7.1.7.3.1.bias | nonzeros =       0 /     128             (  0.00%) | total_pruned =     128 | shape = torch.Size([128])
1.7.1.7.1.7.4.weight | nonzeros =      65 /     128             ( 50.78%) | total_pruned =      63 | shape = torch.Size([128])
1.7.1.7.1.7.4.bias   | nonzeros =       0 /     128             (  0.00%) | total_pruned =     128 | shape = torch.Size([128])
1.7.1.7.2.weight     | nonzeros =      65 /     128             ( 50.78%) | total_pruned =      63 | shape = torch.Size([128])
1.7.1.7.2.bias       | nonzeros =       0 /     128             (  0.00%) | total_pruned =     128 | shape = torch.Size([128])
1.7.1.7.3.1.weight   | nonzeros =    8752 /   73728             ( 11.87%) | total_pruned =   64976 | shape = torch.Size([64, 128, 3, 3])
1.7.1.7.3.1.bias     | nonzeros =       0 /      64             (  0.00%) | total_pruned =      64 | shape = torch.Size([64])
1.7.1.7.4.weight     | nonzeros =      33 /      64             ( 51.56%) | total_pruned =      31 | shape = torch.Size([64])
1.7.1.7.4.bias       | nonzeros =       0 /      64             (  0.00%) | total_pruned =      64 | shape = torch.Size([64])
1.7.2.weight         | nonzeros =      33 /      64             ( 51.56%) | total_pruned =      31 | shape = torch.Size([64])
1.7.2.bias           | nonzeros =       0 /      64             (  0.00%) | total_pruned =      64 | shape = torch.Size([64])
1.7.3.1.weight       | nonzeros =    2557 /   18432             ( 13.87%) | total_pruned =   15875 | shape = torch.Size([32, 64, 3, 3])
1.7.3.1.bias         | nonzeros =       0 /      32             (  0.00%) | total_pruned =      32 | shape = torch.Size([32])
1.7.4.weight         | nonzeros =      18 /      32             ( 56.25%) | total_pruned =      14 | shape = torch.Size([32])
1.7.4.bias           | nonzeros =       0 /      32             (  0.00%) | total_pruned =      32 | shape = torch.Size([32])
2.weight             | nonzeros =      18 /      32             ( 56.25%) | total_pruned =      14 | shape = torch.Size([32])
2.bias               | nonzeros =       0 /      32             (  0.00%) | total_pruned =      32 | shape = torch.Size([32])
3.1.weight           | nonzeros =    1138 /    4608             ( 24.70%) | total_pruned =    3470 | shape = torch.Size([16, 32, 3, 3])
3.1.bias             | nonzeros =       0 /      16             (  0.00%) | total_pruned =      16 | shape = torch.Size([16])
4.weight             | nonzeros =      16 /      16             (100.00%) | total_pruned =       0 | shape = torch.Size([16])
4.bias               | nonzeros =       0 /      16             (  0.00%) | total_pruned =      16 | shape = torch.Size([16])
6.1.weight           | nonzeros =      29 /      48             ( 60.42%) | total_pruned =      19 | shape = torch.Size([3, 16, 1, 1])
6.1.bias             | nonzeros =       2 /       3             ( 66.67%) | total_pruned =       1 | shape = torch.Size([3])
alive: 300886, pruned : 2707981, total: 3008867, Compression rate :      10.00x  ( 90.00% pruned)
PSNR of output image is:  17.23159626077485
Experiment done
