(3, 256, 256)
(3, 256, 256)
Noisy PSNR is '11.285258208992147'
(3, 256, 256) (3, 256, 256) torch.Size([1, 32, 256, 256])
Output directory: data/inpainting/Set14/mask/6/sparsity/0.5/det/0.02/1e-09
epoch:  0 quantization_loss:  0.05803997442126274
p mean is: tensor(-0.0002, device='cuda:0')
epoch:  1000 quantization_loss:  0.04668046161532402
p mean is: tensor(-0.0064, device='cuda:0')
epoch:  2000 quantization_loss:  0.04401574283838272
p mean is: tensor(-0.0103, device='cuda:0')
epoch:  3000 quantization_loss:  0.04418288916349411
p mean is: tensor(-0.0136, device='cuda:0')
epoch:  4000 quantization_loss:  0.04457317665219307
p mean is: tensor(-0.0170, device='cuda:0')
epoch:  5000 quantization_loss:  0.042946431785821915
p mean is: tensor(-0.0199, device='cuda:0')
epoch:  6000 quantization_loss:  0.04349794611334801
p mean is: tensor(-0.0232, device='cuda:0')
epoch:  7000 quantization_loss:  0.043809421360492706
p mean is: tensor(-0.0264, device='cuda:0')
epoch:  8000 quantization_loss:  0.04276568442583084
p mean is: tensor(-0.0298, device='cuda:0')
epoch:  9000 quantization_loss:  0.04038181155920029
p mean is: tensor(-0.0330, device='cuda:0')
epoch:  10000 quantization_loss:  0.032667096704244614
p mean is: tensor(-0.0370, device='cuda:0')
epoch:  11000 quantization_loss:  0.025656860321760178
p mean is: tensor(-0.0418, device='cuda:0')
epoch:  12000 quantization_loss:  0.02469935268163681
p mean is: tensor(-0.0488, device='cuda:0')
epoch:  13000 quantization_loss:  0.024091843515634537
p mean is: tensor(-0.0587, device='cuda:0')
epoch:  14000 quantization_loss:  0.023208053782582283
p mean is: tensor(-0.0730, device='cuda:0')
epoch:  15000 quantization_loss:  0.023822011426091194
p mean is: tensor(-0.0931, device='cuda:0')
epoch:  16000 quantization_loss:  0.022462377324700356
p mean is: tensor(-0.1205, device='cuda:0')
epoch:  17000 quantization_loss:  0.022302260622382164
p mean is: tensor(-0.1574, device='cuda:0')
epoch:  18000 quantization_loss:  0.021169666200876236
p mean is: tensor(-0.2054, device='cuda:0')
epoch:  19000 quantization_loss:  0.020777888596057892
p mean is: tensor(-0.2653, device='cuda:0')
epoch:  20000 quantization_loss:  0.020531754940748215
p mean is: tensor(-0.3367, device='cuda:0')
epoch:  21000 quantization_loss:  0.02040754072368145
p mean is: tensor(-0.4179, device='cuda:0')
epoch:  22000 quantization_loss:  0.020221304148435593
p mean is: tensor(-0.5055, device='cuda:0')
epoch:  23000 quantization_loss:  0.020026035606861115
p mean is: tensor(-0.5951, device='cuda:0')
epoch:  24000 quantization_loss:  0.01994391344487667
p mean is: tensor(-0.6819, device='cuda:0')
epoch:  25000 quantization_loss:  0.019805103540420532
p mean is: tensor(-0.7623, device='cuda:0')
epoch:  26000 quantization_loss:  0.019691355526447296
p mean is: tensor(-0.8341, device='cuda:0')
epoch:  27000 quantization_loss:  0.019666725769639015
p mean is: tensor(-0.8966, device='cuda:0')
epoch:  28000 quantization_loss:  0.019585352391004562
p mean is: tensor(-0.9501, device='cuda:0')
epoch:  29000 quantization_loss:  0.019486509263515472
p mean is: tensor(-0.9958, device='cuda:0')
epoch:  30000 quantization_loss:  0.019494149833917618
p mean is: tensor(-1.0346, device='cuda:0')
epoch:  31000 quantization_loss:  0.019434073939919472
p mean is: tensor(-1.0677, device='cuda:0')
epoch:  32000 quantization_loss:  0.01944425143301487
p mean is: tensor(-1.0959, device='cuda:0')
epoch:  33000 quantization_loss:  0.01934714801609516
p mean is: tensor(-1.1202, device='cuda:0')
epoch:  34000 quantization_loss:  0.01932099089026451
p mean is: tensor(-1.1411, device='cuda:0')
epoch:  35000 quantization_loss:  0.01929180510342121
p mean is: tensor(-1.1591, device='cuda:0')
epoch:  36000 quantization_loss:  0.019262317568063736
p mean is: tensor(-1.1745, device='cuda:0')
epoch:  37000 quantization_loss:  0.019230905920267105
p mean is: tensor(-1.1880, device='cuda:0')
epoch:  38000 quantization_loss:  0.01921035908162594
p mean is: tensor(-1.1997, device='cuda:0')
epoch:  39000 quantization_loss:  0.019294830039143562
p mean is: tensor(-1.2098, device='cuda:0')
epoch:  40000 quantization_loss:  0.019165096804499626
p mean is: tensor(-1.2187, device='cuda:0')
epoch:  41000 quantization_loss:  0.019142743200063705
p mean is: tensor(-1.2263, device='cuda:0')
epoch:  42000 quantization_loss:  0.019125912338495255
p mean is: tensor(-1.2330, device='cuda:0')
epoch:  43000 quantization_loss:  0.01912003569304943
p mean is: tensor(-1.2390, device='cuda:0')
epoch:  44000 quantization_loss:  0.019083011895418167
p mean is: tensor(-1.2444, device='cuda:0')
epoch:  45000 quantization_loss:  0.01906035654246807
p mean is: tensor(-1.2492, device='cuda:0')
epoch:  46000 quantization_loss:  0.019056931138038635
p mean is: tensor(-1.2535, device='cuda:0')
epoch:  47000 quantization_loss:  0.019044771790504456
p mean is: tensor(-1.2573, device='cuda:0')
epoch:  48000 quantization_loss:  0.019030693918466568
p mean is: tensor(-1.2608, device='cuda:0')
epoch:  49000 quantization_loss:  0.01901785470545292
p mean is: tensor(-1.2640, device='cuda:0')
epoch:  50000 quantization_loss:  0.018990416079759598
p mean is: tensor(-1.2668, device='cuda:0')
epoch:  51000 quantization_loss:  0.01898430474102497
p mean is: tensor(-1.2694, device='cuda:0')
epoch:  52000 quantization_loss:  0.018979504704475403
p mean is: tensor(-1.2718, device='cuda:0')
epoch:  53000 quantization_loss:  0.018955115228891373
p mean is: tensor(-1.2740, device='cuda:0')
epoch:  54000 quantization_loss:  0.018956249579787254
p mean is: tensor(-1.2761, device='cuda:0')
epoch:  55000 quantization_loss:  0.018945299088954926
p mean is: tensor(-1.2779, device='cuda:0')
epoch:  56000 quantization_loss:  0.018933596089482307
p mean is: tensor(-1.2797, device='cuda:0')
epoch:  57000 quantization_loss:  0.01892135851085186
p mean is: tensor(-1.2813, device='cuda:0')
epoch:  58000 quantization_loss:  0.018919482827186584
p mean is: tensor(-1.2829, device='cuda:0')
epoch:  59000 quantization_loss:  0.01890428178012371
p mean is: tensor(-1.2843, device='cuda:0')
Number of elements to keep: 60177
Threshold value: 1.2944295406341553
Number of elements equal to threshold: 1
Number of elements to randomly select: 1
Actual sparsity achieved: 0.019999887000655064
here
Number of elements to keep: 150443
Threshold value: -1.1083279848098755
Number of elements equal to threshold: 1
Number of elements to randomly select: 1
Actual sparsity achieved: 0.04999988367714492
1.1.1.weight         | nonzeros =       0 /   12800             (  0.00%) | total_pruned =   12800 | shape = torch.Size([16, 32, 5, 5])
1.1.1.bias           | nonzeros =       0 /      16             (  0.00%) | total_pruned =      16 | shape = torch.Size([16])
1.2.weight           | nonzeros =       5 /      16             ( 31.25%) | total_pruned =      11 | shape = torch.Size([16])
1.2.bias             | nonzeros =       0 /      16             (  0.00%) | total_pruned =      16 | shape = torch.Size([16])
1.4.1.weight         | nonzeros =       6 /    6400             (  0.09%) | total_pruned =    6394 | shape = torch.Size([16, 16, 5, 5])
1.4.1.bias           | nonzeros =       0 /      16             (  0.00%) | total_pruned =      16 | shape = torch.Size([16])
1.5.weight           | nonzeros =       4 /      16             ( 25.00%) | total_pruned =      12 | shape = torch.Size([16])
1.5.bias             | nonzeros =       0 /      16             (  0.00%) | total_pruned =      16 | shape = torch.Size([16])
1.7.1.1.1.weight     | nonzeros =       1 /   12800             (  0.01%) | total_pruned =   12799 | shape = torch.Size([32, 16, 5, 5])
1.7.1.1.1.bias       | nonzeros =       0 /      32             (  0.00%) | total_pruned =      32 | shape = torch.Size([32])
1.7.1.2.weight       | nonzeros =       4 /      32             ( 12.50%) | total_pruned =      28 | shape = torch.Size([32])
1.7.1.2.bias         | nonzeros =       0 /      32             (  0.00%) | total_pruned =      32 | shape = torch.Size([32])
1.7.1.4.1.weight     | nonzeros =       0 /   25600             (  0.00%) | total_pruned =   25600 | shape = torch.Size([32, 32, 5, 5])
1.7.1.4.1.bias       | nonzeros =       0 /      32             (  0.00%) | total_pruned =      32 | shape = torch.Size([32])
1.7.1.5.weight       | nonzeros =       5 /      32             ( 15.62%) | total_pruned =      27 | shape = torch.Size([32])
1.7.1.5.bias         | nonzeros =       0 /      32             (  0.00%) | total_pruned =      32 | shape = torch.Size([32])
1.7.1.7.1.1.1.weight | nonzeros =       0 /   51200             (  0.00%) | total_pruned =   51200 | shape = torch.Size([64, 32, 5, 5])
1.7.1.7.1.1.1.bias   | nonzeros =       0 /      64             (  0.00%) | total_pruned =      64 | shape = torch.Size([64])
1.7.1.7.1.2.weight   | nonzeros =       6 /      64             (  9.38%) | total_pruned =      58 | shape = torch.Size([64])
1.7.1.7.1.2.bias     | nonzeros =       0 /      64             (  0.00%) | total_pruned =      64 | shape = torch.Size([64])
1.7.1.7.1.4.1.weight | nonzeros =       0 /  102400             (  0.00%) | total_pruned =  102400 | shape = torch.Size([64, 64, 5, 5])
1.7.1.7.1.4.1.bias   | nonzeros =       0 /      64             (  0.00%) | total_pruned =      64 | shape = torch.Size([64])
1.7.1.7.1.5.weight   | nonzeros =       9 /      64             ( 14.06%) | total_pruned =      55 | shape = torch.Size([64])
1.7.1.7.1.5.bias     | nonzeros =       0 /      64             (  0.00%) | total_pruned =      64 | shape = torch.Size([64])
1.7.1.7.1.7.1.1.1.weight | nonzeros =       0 /  204800             (  0.00%) | total_pruned =  204800 | shape = torch.Size([128, 64, 5, 5])
1.7.1.7.1.7.1.1.1.bias | nonzeros =       0 /     128             (  0.00%) | total_pruned =     128 | shape = torch.Size([128])
1.7.1.7.1.7.1.2.weight | nonzeros =      16 /     128             ( 12.50%) | total_pruned =     112 | shape = torch.Size([128])
1.7.1.7.1.7.1.2.bias | nonzeros =       0 /     128             (  0.00%) | total_pruned =     128 | shape = torch.Size([128])
1.7.1.7.1.7.1.4.1.weight | nonzeros =       0 /  409600             (  0.00%) | total_pruned =  409600 | shape = torch.Size([128, 128, 5, 5])
1.7.1.7.1.7.1.4.1.bias | nonzeros =       0 /     128             (  0.00%) | total_pruned =     128 | shape = torch.Size([128])
1.7.1.7.1.7.1.5.weight | nonzeros =      23 /     128             ( 17.97%) | total_pruned =     105 | shape = torch.Size([128])
1.7.1.7.1.7.1.5.bias | nonzeros =       0 /     128             (  0.00%) | total_pruned =     128 | shape = torch.Size([128])
1.7.1.7.1.7.1.7.1.1.1.weight | nonzeros =       0 /  409600             (  0.00%) | total_pruned =  409600 | shape = torch.Size([128, 128, 5, 5])
1.7.1.7.1.7.1.7.1.1.1.bias | nonzeros =       0 /     128             (  0.00%) | total_pruned =     128 | shape = torch.Size([128])
1.7.1.7.1.7.1.7.1.2.weight | nonzeros =      45 /     128             ( 35.16%) | total_pruned =      83 | shape = torch.Size([128])
1.7.1.7.1.7.1.7.1.2.bias | nonzeros =       0 /     128             (  0.00%) | total_pruned =     128 | shape = torch.Size([128])
1.7.1.7.1.7.1.7.1.4.1.weight | nonzeros =       0 /  409600             (  0.00%) | total_pruned =  409600 | shape = torch.Size([128, 128, 5, 5])
1.7.1.7.1.7.1.7.1.4.1.bias | nonzeros =       0 /     128             (  0.00%) | total_pruned =     128 | shape = torch.Size([128])
1.7.1.7.1.7.1.7.1.5.weight | nonzeros =      61 /     128             ( 47.66%) | total_pruned =      67 | shape = torch.Size([128])
1.7.1.7.1.7.1.7.1.5.bias | nonzeros =       0 /     128             (  0.00%) | total_pruned =     128 | shape = torch.Size([128])
1.7.1.7.1.7.1.7.1.7.1.1.1.weight | nonzeros =      62 /  409600             (  0.02%) | total_pruned =  409538 | shape = torch.Size([128, 128, 5, 5])
1.7.1.7.1.7.1.7.1.7.1.1.1.bias | nonzeros =       0 /     128             (  0.00%) | total_pruned =     128 | shape = torch.Size([128])
1.7.1.7.1.7.1.7.1.7.1.2.weight | nonzeros =      76 /     128             ( 59.38%) | total_pruned =      52 | shape = torch.Size([128])
1.7.1.7.1.7.1.7.1.7.1.2.bias | nonzeros =       0 /     128             (  0.00%) | total_pruned =     128 | shape = torch.Size([128])
1.7.1.7.1.7.1.7.1.7.1.4.1.weight | nonzeros =    2966 /  409600             (  0.72%) | total_pruned =  406634 | shape = torch.Size([128, 128, 5, 5])
1.7.1.7.1.7.1.7.1.7.1.4.1.bias | nonzeros =       0 /     128             (  0.00%) | total_pruned =     128 | shape = torch.Size([128])
1.7.1.7.1.7.1.7.1.7.1.5.weight | nonzeros =      73 /     128             ( 57.03%) | total_pruned =      55 | shape = torch.Size([128])
1.7.1.7.1.7.1.7.1.7.1.5.bias | nonzeros =       0 /     128             (  0.00%) | total_pruned =     128 | shape = torch.Size([128])
1.7.1.7.1.7.1.7.1.7.2.weight | nonzeros =      73 /     128             ( 57.03%) | total_pruned =      55 | shape = torch.Size([128])
1.7.1.7.1.7.1.7.1.7.2.bias | nonzeros =       0 /     128             (  0.00%) | total_pruned =     128 | shape = torch.Size([128])
1.7.1.7.1.7.1.7.1.7.3.1.weight | nonzeros =   13120 /  147456             (  8.90%) | total_pruned =  134336 | shape = torch.Size([128, 128, 3, 3])
1.7.1.7.1.7.1.7.1.7.3.1.bias | nonzeros =       0 /     128             (  0.00%) | total_pruned =     128 | shape = torch.Size([128])
1.7.1.7.1.7.1.7.1.7.4.weight | nonzeros =      85 /     128             ( 66.41%) | total_pruned =      43 | shape = torch.Size([128])
1.7.1.7.1.7.1.7.1.7.4.bias | nonzeros =       0 /     128             (  0.00%) | total_pruned =     128 | shape = torch.Size([128])
1.7.1.7.1.7.1.7.2.weight | nonzeros =      85 /     128             ( 66.41%) | total_pruned =      43 | shape = torch.Size([128])
1.7.1.7.1.7.1.7.2.bias | nonzeros =       0 /     128             (  0.00%) | total_pruned =     128 | shape = torch.Size([128])
1.7.1.7.1.7.1.7.3.1.weight | nonzeros =   17200 /  147456             ( 11.66%) | total_pruned =  130256 | shape = torch.Size([128, 128, 3, 3])
1.7.1.7.1.7.1.7.3.1.bias | nonzeros =       0 /     128             (  0.00%) | total_pruned =     128 | shape = torch.Size([128])
1.7.1.7.1.7.1.7.4.weight | nonzeros =      73 /     128             ( 57.03%) | total_pruned =      55 | shape = torch.Size([128])
1.7.1.7.1.7.1.7.4.bias | nonzeros =       0 /     128             (  0.00%) | total_pruned =     128 | shape = torch.Size([128])
1.7.1.7.1.7.2.weight | nonzeros =      73 /     128             ( 57.03%) | total_pruned =      55 | shape = torch.Size([128])
1.7.1.7.1.7.2.bias   | nonzeros =       0 /     128             (  0.00%) | total_pruned =     128 | shape = torch.Size([128])
1.7.1.7.1.7.3.1.weight | nonzeros =   15113 /  147456             ( 10.25%) | total_pruned =  132343 | shape = torch.Size([128, 128, 3, 3])
1.7.1.7.1.7.3.1.bias | nonzeros =       0 /     128             (  0.00%) | total_pruned =     128 | shape = torch.Size([128])
1.7.1.7.1.7.4.weight | nonzeros =      71 /     128             ( 55.47%) | total_pruned =      57 | shape = torch.Size([128])
1.7.1.7.1.7.4.bias   | nonzeros =       0 /     128             (  0.00%) | total_pruned =     128 | shape = torch.Size([128])
1.7.1.7.2.weight     | nonzeros =      71 /     128             ( 55.47%) | total_pruned =      57 | shape = torch.Size([128])
1.7.1.7.2.bias       | nonzeros =       0 /     128             (  0.00%) | total_pruned =     128 | shape = torch.Size([128])
1.7.1.7.3.1.weight   | nonzeros =    8037 /   73728             ( 10.90%) | total_pruned =   65691 | shape = torch.Size([64, 128, 3, 3])
1.7.1.7.3.1.bias     | nonzeros =       0 /      64             (  0.00%) | total_pruned =      64 | shape = torch.Size([64])
1.7.1.7.4.weight     | nonzeros =      34 /      64             ( 53.12%) | total_pruned =      30 | shape = torch.Size([64])
1.7.1.7.4.bias       | nonzeros =       0 /      64             (  0.00%) | total_pruned =      64 | shape = torch.Size([64])
1.7.2.weight         | nonzeros =      34 /      64             ( 53.12%) | total_pruned =      30 | shape = torch.Size([64])
1.7.2.bias           | nonzeros =       0 /      64             (  0.00%) | total_pruned =      64 | shape = torch.Size([64])
1.7.3.1.weight       | nonzeros =    1879 /   18432             ( 10.19%) | total_pruned =   16553 | shape = torch.Size([32, 64, 3, 3])
1.7.3.1.bias         | nonzeros =       0 /      32             (  0.00%) | total_pruned =      32 | shape = torch.Size([32])
1.7.4.weight         | nonzeros =      13 /      32             ( 40.62%) | total_pruned =      19 | shape = torch.Size([32])
1.7.4.bias           | nonzeros =       0 /      32             (  0.00%) | total_pruned =      32 | shape = torch.Size([32])
2.weight             | nonzeros =      13 /      32             ( 40.62%) | total_pruned =      19 | shape = torch.Size([32])
2.bias               | nonzeros =       0 /      32             (  0.00%) | total_pruned =      32 | shape = torch.Size([32])
3.1.weight           | nonzeros =     802 /    4608             ( 17.40%) | total_pruned =    3806 | shape = torch.Size([16, 32, 3, 3])
3.1.bias             | nonzeros =       0 /      16             (  0.00%) | total_pruned =      16 | shape = torch.Size([16])
4.weight             | nonzeros =      15 /      16             ( 93.75%) | total_pruned =       1 | shape = torch.Size([16])
4.bias               | nonzeros =       0 /      16             (  0.00%) | total_pruned =      16 | shape = torch.Size([16])
6.1.weight           | nonzeros =      24 /      48             ( 50.00%) | total_pruned =      24 | shape = torch.Size([3, 16, 1, 1])
6.1.bias             | nonzeros =       0 /       3             (  0.00%) | total_pruned =       3 | shape = torch.Size([3])
alive: 60177, pruned : 2948690, total: 3008867, Compression rate :      50.00x  ( 98.00% pruned)
PSNR of output image is:  9.502743929859717
Experiment done
