(3, 512, 512)
(3, 512, 512)
Noisy PSNR is '8.310192879131668'
(3, 512, 512) (3, 512, 512) torch.Size([1, 32, 512, 512])
Output directory: data/inpainting/Set14/mask/5/sparsity/0.5/det/0.5/1e-09
epoch:  0 quantization_loss:  0.03831741586327553
p mean is: tensor(-0.0002, device='cuda:3')
epoch:  1000 quantization_loss:  0.030135005712509155
p mean is: tensor(-0.0147, device='cuda:3')
epoch:  2000 quantization_loss:  0.029286105185747147
p mean is: tensor(-0.0258, device='cuda:3')
epoch:  3000 quantization_loss:  0.029341120272874832
p mean is: tensor(-0.0371, device='cuda:3')
epoch:  4000 quantization_loss:  0.02894146367907524
p mean is: tensor(-0.0482, device='cuda:3')
epoch:  5000 quantization_loss:  0.028801998123526573
p mean is: tensor(-0.0602, device='cuda:3')
epoch:  6000 quantization_loss:  0.02850404754281044
p mean is: tensor(-0.0726, device='cuda:3')
epoch:  7000 quantization_loss:  0.028953708708286285
p mean is: tensor(-0.0857, device='cuda:3')
epoch:  8000 quantization_loss:  0.028593504801392555
p mean is: tensor(-0.1002, device='cuda:3')
epoch:  9000 quantization_loss:  0.02823149785399437
p mean is: tensor(-0.1153, device='cuda:3')
epoch:  10000 quantization_loss:  0.02790415659546852
p mean is: tensor(-0.1311, device='cuda:3')
epoch:  11000 quantization_loss:  0.02786952070891857
p mean is: tensor(-0.1485, device='cuda:3')
epoch:  12000 quantization_loss:  0.025793422013521194
p mean is: tensor(-0.1686, device='cuda:3')
epoch:  13000 quantization_loss:  0.021122969686985016
p mean is: tensor(-0.1907, device='cuda:3')
epoch:  14000 quantization_loss:  0.018661221489310265
p mean is: tensor(-0.2171, device='cuda:3')
epoch:  15000 quantization_loss:  0.01489958819001913
p mean is: tensor(-0.2496, device='cuda:3')
epoch:  16000 quantization_loss:  0.013175709173083305
p mean is: tensor(-0.2886, device='cuda:3')
epoch:  17000 quantization_loss:  0.012114604003727436
p mean is: tensor(-0.3358, device='cuda:3')
epoch:  18000 quantization_loss:  0.011714358814060688
p mean is: tensor(-0.3917, device='cuda:3')
epoch:  19000 quantization_loss:  0.011289042420685291
p mean is: tensor(-0.4557, device='cuda:3')
epoch:  20000 quantization_loss:  0.010928846895694733
p mean is: tensor(-0.5257, device='cuda:3')
epoch:  21000 quantization_loss:  0.010692792013287544
p mean is: tensor(-0.5986, device='cuda:3')
epoch:  22000 quantization_loss:  0.010249998420476913
p mean is: tensor(-0.6707, device='cuda:3')
epoch:  23000 quantization_loss:  0.010067817755043507
p mean is: tensor(-0.7392, device='cuda:3')
epoch:  24000 quantization_loss:  0.009899431839585304
p mean is: tensor(-0.8022, device='cuda:3')
epoch:  25000 quantization_loss:  0.009796290658414364
p mean is: tensor(-0.8588, device='cuda:3')
epoch:  26000 quantization_loss:  0.009703230112791061
p mean is: tensor(-0.9091, device='cuda:3')
epoch:  27000 quantization_loss:  0.009600653313100338
p mean is: tensor(-0.9533, device='cuda:3')
epoch:  28000 quantization_loss:  0.009485009126365185
p mean is: tensor(-0.9919, device='cuda:3')
epoch:  29000 quantization_loss:  0.009503105655312538
p mean is: tensor(-1.0257, device='cuda:3')
epoch:  30000 quantization_loss:  0.009388229809701443
p mean is: tensor(-1.0552, device='cuda:3')
epoch:  31000 quantization_loss:  0.00940814707428217
p mean is: tensor(-1.0811, device='cuda:3')
epoch:  32000 quantization_loss:  0.00927039235830307
p mean is: tensor(-1.1036, device='cuda:3')
epoch:  33000 quantization_loss:  0.009241514839231968
p mean is: tensor(-1.1235, device='cuda:3')
epoch:  34000 quantization_loss:  0.009190455079078674
p mean is: tensor(-1.1410, device='cuda:3')
epoch:  35000 quantization_loss:  0.009171896614134312
p mean is: tensor(-1.1564, device='cuda:3')
epoch:  36000 quantization_loss:  0.009132280945777893
p mean is: tensor(-1.1700, device='cuda:3')
epoch:  37000 quantization_loss:  0.009112704545259476
p mean is: tensor(-1.1821, device='cuda:3')
epoch:  38000 quantization_loss:  0.009218188002705574
p mean is: tensor(-1.1928, device='cuda:3')
epoch:  39000 quantization_loss:  0.009080837480723858
p mean is: tensor(-1.2025, device='cuda:3')
epoch:  40000 quantization_loss:  0.009047869592905045
p mean is: tensor(-1.2110, device='cuda:3')
epoch:  41000 quantization_loss:  0.009019278921186924
p mean is: tensor(-1.2188, device='cuda:3')
epoch:  42000 quantization_loss:  0.009008659981191158
p mean is: tensor(-1.2257, device='cuda:3')
epoch:  43000 quantization_loss:  0.008980035781860352
p mean is: tensor(-1.2320, device='cuda:3')
epoch:  44000 quantization_loss:  0.008976158685982227
p mean is: tensor(-1.2378, device='cuda:3')
epoch:  45000 quantization_loss:  0.00895822886377573
p mean is: tensor(-1.2430, device='cuda:3')
epoch:  46000 quantization_loss:  0.008948387578129768
p mean is: tensor(-1.2477, device='cuda:3')
epoch:  47000 quantization_loss:  0.008935839869081974
p mean is: tensor(-1.2520, device='cuda:3')
epoch:  48000 quantization_loss:  0.008931220509111881
p mean is: tensor(-1.2559, device='cuda:3')
epoch:  49000 quantization_loss:  0.008924582973122597
p mean is: tensor(-1.2595, device='cuda:3')
epoch:  50000 quantization_loss:  0.008909719996154308
p mean is: tensor(-1.2628, device='cuda:3')
epoch:  51000 quantization_loss:  0.008918722160160542
p mean is: tensor(-1.2660, device='cuda:3')
epoch:  52000 quantization_loss:  0.00889261718839407
p mean is: tensor(-1.2689, device='cuda:3')
epoch:  53000 quantization_loss:  0.0090262982994318
p mean is: tensor(-1.2715, device='cuda:3')
epoch:  54000 quantization_loss:  0.008879625238478184
p mean is: tensor(-1.2740, device='cuda:3')
epoch:  55000 quantization_loss:  0.00888501014560461
p mean is: tensor(-1.2763, device='cuda:3')
epoch:  56000 quantization_loss:  0.00887756235897541
p mean is: tensor(-1.2785, device='cuda:3')
epoch:  57000 quantization_loss:  0.008866062387824059
p mean is: tensor(-1.2805, device='cuda:3')
epoch:  58000 quantization_loss:  0.008856335654854774
p mean is: tensor(-1.2824, device='cuda:3')
epoch:  59000 quantization_loss:  0.008855086751282215
p mean is: tensor(-1.2842, device='cuda:3')
Number of elements to keep: 1504433
Threshold value: -1.2996470928192139
Number of elements equal to threshold: 81733
Number of elements to randomly select: 31667
Warning: Random selection among elements equal to the threshold is being performed to maintain sparsity.
Actual sparsity achieved: 0.49999983382449276
here
Number of elements to keep: 150443
Threshold value: -0.6856505274772644
Number of elements equal to threshold: 1
Number of elements to randomly select: 1
Actual sparsity achieved: 0.04999988367714492
1.1.1.weight         | nonzeros =    6188 /   12800             ( 48.34%) | total_pruned =    6612 | shape = torch.Size([16, 32, 5, 5])
1.1.1.bias           | nonzeros =       0 /      16             (  0.00%) | total_pruned =      16 | shape = torch.Size([16])
1.2.weight           | nonzeros =       7 /      16             ( 43.75%) | total_pruned =       9 | shape = torch.Size([16])
1.2.bias             | nonzeros =       0 /      16             (  0.00%) | total_pruned =      16 | shape = torch.Size([16])
1.4.1.weight         | nonzeros =    3503 /    6400             ( 54.73%) | total_pruned =    2897 | shape = torch.Size([16, 16, 5, 5])
1.4.1.bias           | nonzeros =       0 /      16             (  0.00%) | total_pruned =      16 | shape = torch.Size([16])
1.5.weight           | nonzeros =       6 /      16             ( 37.50%) | total_pruned =      10 | shape = torch.Size([16])
1.5.bias             | nonzeros =       0 /      16             (  0.00%) | total_pruned =      16 | shape = torch.Size([16])
1.7.1.1.1.weight     | nonzeros =    6764 /   12800             ( 52.84%) | total_pruned =    6036 | shape = torch.Size([32, 16, 5, 5])
1.7.1.1.1.bias       | nonzeros =       0 /      32             (  0.00%) | total_pruned =      32 | shape = torch.Size([32])
1.7.1.2.weight       | nonzeros =      11 /      32             ( 34.38%) | total_pruned =      21 | shape = torch.Size([32])
1.7.1.2.bias         | nonzeros =       0 /      32             (  0.00%) | total_pruned =      32 | shape = torch.Size([32])
1.7.1.4.1.weight     | nonzeros =   13123 /   25600             ( 51.26%) | total_pruned =   12477 | shape = torch.Size([32, 32, 5, 5])
1.7.1.4.1.bias       | nonzeros =       0 /      32             (  0.00%) | total_pruned =      32 | shape = torch.Size([32])
1.7.1.5.weight       | nonzeros =      21 /      32             ( 65.62%) | total_pruned =      11 | shape = torch.Size([32])
1.7.1.5.bias         | nonzeros =       0 /      32             (  0.00%) | total_pruned =      32 | shape = torch.Size([32])
1.7.1.7.1.1.1.weight | nonzeros =   26202 /   51200             ( 51.18%) | total_pruned =   24998 | shape = torch.Size([64, 32, 5, 5])
1.7.1.7.1.1.1.bias   | nonzeros =       2 /      64             (  3.12%) | total_pruned =      62 | shape = torch.Size([64])
1.7.1.7.1.2.weight   | nonzeros =      25 /      64             ( 39.06%) | total_pruned =      39 | shape = torch.Size([64])
1.7.1.7.1.2.bias     | nonzeros =       0 /      64             (  0.00%) | total_pruned =      64 | shape = torch.Size([64])
1.7.1.7.1.4.1.weight | nonzeros =   52272 /  102400             ( 51.05%) | total_pruned =   50128 | shape = torch.Size([64, 64, 5, 5])
1.7.1.7.1.4.1.bias   | nonzeros =       6 /      64             (  9.38%) | total_pruned =      58 | shape = torch.Size([64])
1.7.1.7.1.5.weight   | nonzeros =      17 /      64             ( 26.56%) | total_pruned =      47 | shape = torch.Size([64])
1.7.1.7.1.5.bias     | nonzeros =       0 /      64             (  0.00%) | total_pruned =      64 | shape = torch.Size([64])
1.7.1.7.1.7.1.1.1.weight | nonzeros =  103152 /  204800             ( 50.37%) | total_pruned =  101648 | shape = torch.Size([128, 64, 5, 5])
1.7.1.7.1.7.1.1.1.bias | nonzeros =       6 /     128             (  4.69%) | total_pruned =     122 | shape = torch.Size([128])
1.7.1.7.1.7.1.2.weight | nonzeros =      56 /     128             ( 43.75%) | total_pruned =      72 | shape = torch.Size([128])
1.7.1.7.1.7.1.2.bias | nonzeros =       0 /     128             (  0.00%) | total_pruned =     128 | shape = torch.Size([128])
1.7.1.7.1.7.1.4.1.weight | nonzeros =  205274 /  409600             ( 50.12%) | total_pruned =  204326 | shape = torch.Size([128, 128, 5, 5])
1.7.1.7.1.7.1.4.1.bias | nonzeros =      16 /     128             ( 12.50%) | total_pruned =     112 | shape = torch.Size([128])
1.7.1.7.1.7.1.5.weight | nonzeros =      64 /     128             ( 50.00%) | total_pruned =      64 | shape = torch.Size([128])
1.7.1.7.1.7.1.5.bias | nonzeros =       0 /     128             (  0.00%) | total_pruned =     128 | shape = torch.Size([128])
1.7.1.7.1.7.1.7.1.1.1.weight | nonzeros =  207639 /  409600             ( 50.69%) | total_pruned =  201961 | shape = torch.Size([128, 128, 5, 5])
1.7.1.7.1.7.1.7.1.1.1.bias | nonzeros =      11 /     128             (  8.59%) | total_pruned =     117 | shape = torch.Size([128])
1.7.1.7.1.7.1.7.1.2.weight | nonzeros =      66 /     128             ( 51.56%) | total_pruned =      62 | shape = torch.Size([128])
1.7.1.7.1.7.1.7.1.2.bias | nonzeros =       0 /     128             (  0.00%) | total_pruned =     128 | shape = torch.Size([128])
1.7.1.7.1.7.1.7.1.4.1.weight | nonzeros =  206530 /  409600             ( 50.42%) | total_pruned =  203070 | shape = torch.Size([128, 128, 5, 5])
1.7.1.7.1.7.1.7.1.4.1.bias | nonzeros =      11 /     128             (  8.59%) | total_pruned =     117 | shape = torch.Size([128])
1.7.1.7.1.7.1.7.1.5.weight | nonzeros =      95 /     128             ( 74.22%) | total_pruned =      33 | shape = torch.Size([128])
1.7.1.7.1.7.1.7.1.5.bias | nonzeros =       0 /     128             (  0.00%) | total_pruned =     128 | shape = torch.Size([128])
1.7.1.7.1.7.1.7.1.7.1.1.1.weight | nonzeros =  199317 /  409600             ( 48.66%) | total_pruned =  210283 | shape = torch.Size([128, 128, 5, 5])
1.7.1.7.1.7.1.7.1.7.1.1.1.bias | nonzeros =       5 /     128             (  3.91%) | total_pruned =     123 | shape = torch.Size([128])
1.7.1.7.1.7.1.7.1.7.1.2.weight | nonzeros =     101 /     128             ( 78.91%) | total_pruned =      27 | shape = torch.Size([128])
1.7.1.7.1.7.1.7.1.7.1.2.bias | nonzeros =       0 /     128             (  0.00%) | total_pruned =     128 | shape = torch.Size([128])
1.7.1.7.1.7.1.7.1.7.1.4.1.weight | nonzeros =  192847 /  409600             ( 47.08%) | total_pruned =  216753 | shape = torch.Size([128, 128, 5, 5])
1.7.1.7.1.7.1.7.1.7.1.4.1.bias | nonzeros =      20 /     128             ( 15.62%) | total_pruned =     108 | shape = torch.Size([128])
1.7.1.7.1.7.1.7.1.7.1.5.weight | nonzeros =      92 /     128             ( 71.88%) | total_pruned =      36 | shape = torch.Size([128])
1.7.1.7.1.7.1.7.1.7.1.5.bias | nonzeros =       0 /     128             (  0.00%) | total_pruned =     128 | shape = torch.Size([128])
1.7.1.7.1.7.1.7.1.7.2.weight | nonzeros =      91 /     128             ( 71.09%) | total_pruned =      37 | shape = torch.Size([128])
1.7.1.7.1.7.1.7.1.7.2.bias | nonzeros =       0 /     128             (  0.00%) | total_pruned =     128 | shape = torch.Size([128])
1.7.1.7.1.7.1.7.1.7.3.1.weight | nonzeros =   78219 /  147456             ( 53.05%) | total_pruned =   69237 | shape = torch.Size([128, 128, 3, 3])
1.7.1.7.1.7.1.7.1.7.3.1.bias | nonzeros =      17 /     128             ( 13.28%) | total_pruned =     111 | shape = torch.Size([128])
1.7.1.7.1.7.1.7.1.7.4.weight | nonzeros =      65 /     128             ( 50.78%) | total_pruned =      63 | shape = torch.Size([128])
1.7.1.7.1.7.1.7.1.7.4.bias | nonzeros =       0 /     128             (  0.00%) | total_pruned =     128 | shape = torch.Size([128])
1.7.1.7.1.7.1.7.2.weight | nonzeros =      65 /     128             ( 50.78%) | total_pruned =      63 | shape = torch.Size([128])
1.7.1.7.1.7.1.7.2.bias | nonzeros =       0 /     128             (  0.00%) | total_pruned =     128 | shape = torch.Size([128])
1.7.1.7.1.7.1.7.3.1.weight | nonzeros =   77304 /  147456             ( 52.43%) | total_pruned =   70152 | shape = torch.Size([128, 128, 3, 3])
1.7.1.7.1.7.1.7.3.1.bias | nonzeros =      19 /     128             ( 14.84%) | total_pruned =     109 | shape = torch.Size([128])
1.7.1.7.1.7.1.7.4.weight | nonzeros =      78 /     128             ( 60.94%) | total_pruned =      50 | shape = torch.Size([128])
1.7.1.7.1.7.1.7.4.bias | nonzeros =       0 /     128             (  0.00%) | total_pruned =     128 | shape = torch.Size([128])
1.7.1.7.1.7.2.weight | nonzeros =      77 /     128             ( 60.16%) | total_pruned =      51 | shape = torch.Size([128])
1.7.1.7.1.7.2.bias   | nonzeros =       0 /     128             (  0.00%) | total_pruned =     128 | shape = torch.Size([128])
1.7.1.7.1.7.3.1.weight | nonzeros =   74066 /  147456             ( 50.23%) | total_pruned =   73390 | shape = torch.Size([128, 128, 3, 3])
1.7.1.7.1.7.3.1.bias | nonzeros =      11 /     128             (  8.59%) | total_pruned =     117 | shape = torch.Size([128])
1.7.1.7.1.7.4.weight | nonzeros =      66 /     128             ( 51.56%) | total_pruned =      62 | shape = torch.Size([128])
1.7.1.7.1.7.4.bias   | nonzeros =       0 /     128             (  0.00%) | total_pruned =     128 | shape = torch.Size([128])
1.7.1.7.2.weight     | nonzeros =      66 /     128             ( 51.56%) | total_pruned =      62 | shape = torch.Size([128])
1.7.1.7.2.bias       | nonzeros =       0 /     128             (  0.00%) | total_pruned =     128 | shape = torch.Size([128])
1.7.1.7.3.1.weight   | nonzeros =   38383 /   73728             ( 52.06%) | total_pruned =   35345 | shape = torch.Size([64, 128, 3, 3])
1.7.1.7.3.1.bias     | nonzeros =       9 /      64             ( 14.06%) | total_pruned =      55 | shape = torch.Size([64])
1.7.1.7.4.weight     | nonzeros =      28 /      64             ( 43.75%) | total_pruned =      36 | shape = torch.Size([64])
1.7.1.7.4.bias       | nonzeros =       0 /      64             (  0.00%) | total_pruned =      64 | shape = torch.Size([64])
1.7.2.weight         | nonzeros =      28 /      64             ( 43.75%) | total_pruned =      36 | shape = torch.Size([64])
1.7.2.bias           | nonzeros =       0 /      64             (  0.00%) | total_pruned =      64 | shape = torch.Size([64])
1.7.3.1.weight       | nonzeros =    9430 /   18432             ( 51.16%) | total_pruned =    9002 | shape = torch.Size([32, 64, 3, 3])
1.7.3.1.bias         | nonzeros =       4 /      32             ( 12.50%) | total_pruned =      28 | shape = torch.Size([32])
1.7.4.weight         | nonzeros =      19 /      32             ( 59.38%) | total_pruned =      13 | shape = torch.Size([32])
1.7.4.bias           | nonzeros =       0 /      32             (  0.00%) | total_pruned =      32 | shape = torch.Size([32])
2.weight             | nonzeros =      19 /      32             ( 59.38%) | total_pruned =      13 | shape = torch.Size([32])
2.bias               | nonzeros =       0 /      32             (  0.00%) | total_pruned =      32 | shape = torch.Size([32])
3.1.weight           | nonzeros =    2038 /    4608             ( 44.23%) | total_pruned =    2570 | shape = torch.Size([16, 32, 3, 3])
3.1.bias             | nonzeros =       0 /      16             (  0.00%) | total_pruned =      16 | shape = torch.Size([16])
4.weight             | nonzeros =      16 /      16             (100.00%) | total_pruned =       0 | shape = torch.Size([16])
4.bias               | nonzeros =       0 /      16             (  0.00%) | total_pruned =      16 | shape = torch.Size([16])
6.1.weight           | nonzeros =      31 /      48             ( 64.58%) | total_pruned =      17 | shape = torch.Size([3, 16, 1, 1])
6.1.bias             | nonzeros =       2 /       3             ( 66.67%) | total_pruned =       1 | shape = torch.Size([3])
alive: 1503600, pruned : 1505267, total: 3008867, Compression rate :       2.00x  ( 50.03% pruned)
PSNR of output image is:  16.93163946162496
Experiment done
