(3, 512, 512)
(3, 512, 512)
Noisy PSNR is '9.66422708872897'
(3, 512, 512) (3, 512, 512) torch.Size([1, 32, 512, 512])
Output directory: data/inpainting/Set14/mask/1/sparsity/0.5/det/0.04/1e-09
epoch:  0 quantization_loss:  0.03714204579591751
p mean is: tensor(-0.0002, device='cuda:7')
epoch:  1000 quantization_loss:  0.02968026138842106
p mean is: tensor(-0.0136, device='cuda:7')
epoch:  2000 quantization_loss:  0.029211893677711487
p mean is: tensor(-0.0242, device='cuda:7')
epoch:  3000 quantization_loss:  0.028979429975152016
p mean is: tensor(-0.0347, device='cuda:7')
epoch:  4000 quantization_loss:  0.02897774986922741
p mean is: tensor(-0.0456, device='cuda:7')
epoch:  5000 quantization_loss:  0.029169518500566483
p mean is: tensor(-0.0565, device='cuda:7')
epoch:  6000 quantization_loss:  0.02870270237326622
p mean is: tensor(-0.0679, device='cuda:7')
epoch:  7000 quantization_loss:  0.028928449377417564
p mean is: tensor(-0.0801, device='cuda:7')
epoch:  8000 quantization_loss:  0.026654280722141266
p mean is: tensor(-0.0930, device='cuda:7')
epoch:  9000 quantization_loss:  0.02144862525165081
p mean is: tensor(-0.1071, device='cuda:7')
epoch:  10000 quantization_loss:  0.018003685399889946
p mean is: tensor(-0.1239, device='cuda:7')
epoch:  11000 quantization_loss:  0.01698118820786476
p mean is: tensor(-0.1461, device='cuda:7')
epoch:  12000 quantization_loss:  0.013983343727886677
p mean is: tensor(-0.1750, device='cuda:7')
epoch:  13000 quantization_loss:  0.013469846919178963
p mean is: tensor(-0.2117, device='cuda:7')
epoch:  14000 quantization_loss:  0.013029564172029495
p mean is: tensor(-0.2578, device='cuda:7')
epoch:  15000 quantization_loss:  0.012450466863811016
p mean is: tensor(-0.3134, device='cuda:7')
epoch:  16000 quantization_loss:  0.011151262558996677
p mean is: tensor(-0.3777, device='cuda:7')
epoch:  17000 quantization_loss:  0.010848472826182842
p mean is: tensor(-0.4486, device='cuda:7')
epoch:  18000 quantization_loss:  0.010711245238780975
p mean is: tensor(-0.5235, device='cuda:7')
epoch:  19000 quantization_loss:  0.010484220460057259
p mean is: tensor(-0.5990, device='cuda:7')
epoch:  20000 quantization_loss:  0.0102999871596694
p mean is: tensor(-0.6719, device='cuda:7')
epoch:  21000 quantization_loss:  0.010029563680291176
p mean is: tensor(-0.7397, device='cuda:7')
epoch:  22000 quantization_loss:  0.009851827286183834
p mean is: tensor(-0.8008, device='cuda:7')
epoch:  23000 quantization_loss:  0.009766435250639915
p mean is: tensor(-0.8551, device='cuda:7')
epoch:  24000 quantization_loss:  0.009684690274298191
p mean is: tensor(-0.9027, device='cuda:7')
epoch:  25000 quantization_loss:  0.00959077663719654
p mean is: tensor(-0.9447, device='cuda:7')
epoch:  26000 quantization_loss:  0.009469845332205296
p mean is: tensor(-0.9814, device='cuda:7')
epoch:  27000 quantization_loss:  0.009269053116440773
p mean is: tensor(-1.0136, device='cuda:7')
epoch:  28000 quantization_loss:  0.00920366495847702
p mean is: tensor(-1.0418, device='cuda:7')
epoch:  29000 quantization_loss:  0.00914685893803835
p mean is: tensor(-1.0665, device='cuda:7')
epoch:  30000 quantization_loss:  0.00904490239918232
p mean is: tensor(-1.0882, device='cuda:7')
epoch:  31000 quantization_loss:  0.00897460337728262
p mean is: tensor(-1.1076, device='cuda:7')
epoch:  32000 quantization_loss:  0.008954961784183979
p mean is: tensor(-1.1247, device='cuda:7')
epoch:  33000 quantization_loss:  0.008888602256774902
p mean is: tensor(-1.1399, device='cuda:7')
epoch:  34000 quantization_loss:  0.008849707432091236
p mean is: tensor(-1.1535, device='cuda:7')
epoch:  35000 quantization_loss:  0.00877853762358427
p mean is: tensor(-1.1658, device='cuda:7')
epoch:  36000 quantization_loss:  0.008735733106732368
p mean is: tensor(-1.1767, device='cuda:7')
epoch:  37000 quantization_loss:  0.008718499913811684
p mean is: tensor(-1.1866, device='cuda:7')
epoch:  38000 quantization_loss:  0.008674118667840958
p mean is: tensor(-1.1957, device='cuda:7')
epoch:  39000 quantization_loss:  0.008635853417217731
p mean is: tensor(-1.2039, device='cuda:7')
epoch:  40000 quantization_loss:  0.00861834641546011
p mean is: tensor(-1.2112, device='cuda:7')
epoch:  41000 quantization_loss:  0.008576462045311928
p mean is: tensor(-1.2180, device='cuda:7')
epoch:  42000 quantization_loss:  0.008549242280423641
p mean is: tensor(-1.2242, device='cuda:7')
epoch:  43000 quantization_loss:  0.00851778406649828
p mean is: tensor(-1.2298, device='cuda:7')
epoch:  44000 quantization_loss:  0.008499535731971264
p mean is: tensor(-1.2350, device='cuda:7')
epoch:  45000 quantization_loss:  0.008465426042675972
p mean is: tensor(-1.2398, device='cuda:7')
epoch:  46000 quantization_loss:  0.008446273393929005
p mean is: tensor(-1.2443, device='cuda:7')
epoch:  47000 quantization_loss:  0.00842119101434946
p mean is: tensor(-1.2485, device='cuda:7')
epoch:  48000 quantization_loss:  0.008395715616643429
p mean is: tensor(-1.2524, device='cuda:7')
epoch:  49000 quantization_loss:  0.00837756972759962
p mean is: tensor(-1.2560, device='cuda:7')
epoch:  50000 quantization_loss:  0.00835376139730215
p mean is: tensor(-1.2594, device='cuda:7')
epoch:  51000 quantization_loss:  0.008367820642888546
p mean is: tensor(-1.2626, device='cuda:7')
epoch:  52000 quantization_loss:  0.008322189562022686
p mean is: tensor(-1.2655, device='cuda:7')
epoch:  53000 quantization_loss:  0.00831624399870634
p mean is: tensor(-1.2684, device='cuda:7')
epoch:  54000 quantization_loss:  0.008305331692099571
p mean is: tensor(-1.2711, device='cuda:7')
epoch:  55000 quantization_loss:  0.00829226803034544
p mean is: tensor(-1.2737, device='cuda:7')
epoch:  56000 quantization_loss:  0.00828789547085762
p mean is: tensor(-1.2762, device='cuda:7')
epoch:  57000 quantization_loss:  0.008269621059298515
p mean is: tensor(-1.2785, device='cuda:7')
epoch:  58000 quantization_loss:  0.008248831145465374
p mean is: tensor(-1.2807, device='cuda:7')
epoch:  59000 quantization_loss:  0.00823819451034069
p mean is: tensor(-1.2828, device='cuda:7')
Number of elements to keep: 120354
Threshold value: 0.8128744959831238
Number of elements equal to threshold: 1
Number of elements to randomly select: 1
Actual sparsity achieved: 0.03999977400131013
here
Number of elements to keep: 150443
Threshold value: -0.2457738220691681
Number of elements equal to threshold: 1
Number of elements to randomly select: 1
Actual sparsity achieved: 0.04999988367714492
1.1.1.weight         | nonzeros =     802 /   12800             (  6.27%) | total_pruned =   11998 | shape = torch.Size([16, 32, 5, 5])
1.1.1.bias           | nonzeros =       0 /      16             (  0.00%) | total_pruned =      16 | shape = torch.Size([16])
1.2.weight           | nonzeros =       6 /      16             ( 37.50%) | total_pruned =      10 | shape = torch.Size([16])
1.2.bias             | nonzeros =       0 /      16             (  0.00%) | total_pruned =      16 | shape = torch.Size([16])
1.4.1.weight         | nonzeros =      65 /    6400             (  1.02%) | total_pruned =    6335 | shape = torch.Size([16, 16, 5, 5])
1.4.1.bias           | nonzeros =       0 /      16             (  0.00%) | total_pruned =      16 | shape = torch.Size([16])
1.5.weight           | nonzeros =       6 /      16             ( 37.50%) | total_pruned =      10 | shape = torch.Size([16])
1.5.bias             | nonzeros =       0 /      16             (  0.00%) | total_pruned =      16 | shape = torch.Size([16])
1.7.1.1.1.weight     | nonzeros =      20 /   12800             (  0.16%) | total_pruned =   12780 | shape = torch.Size([32, 16, 5, 5])
1.7.1.1.1.bias       | nonzeros =       0 /      32             (  0.00%) | total_pruned =      32 | shape = torch.Size([32])
1.7.1.2.weight       | nonzeros =      11 /      32             ( 34.38%) | total_pruned =      21 | shape = torch.Size([32])
1.7.1.2.bias         | nonzeros =       0 /      32             (  0.00%) | total_pruned =      32 | shape = torch.Size([32])
1.7.1.4.1.weight     | nonzeros =      25 /   25600             (  0.10%) | total_pruned =   25575 | shape = torch.Size([32, 32, 5, 5])
1.7.1.4.1.bias       | nonzeros =       0 /      32             (  0.00%) | total_pruned =      32 | shape = torch.Size([32])
1.7.1.5.weight       | nonzeros =      11 /      32             ( 34.38%) | total_pruned =      21 | shape = torch.Size([32])
1.7.1.5.bias         | nonzeros =       0 /      32             (  0.00%) | total_pruned =      32 | shape = torch.Size([32])
1.7.1.7.1.1.1.weight | nonzeros =       6 /   51200             (  0.01%) | total_pruned =   51194 | shape = torch.Size([64, 32, 5, 5])
1.7.1.7.1.1.1.bias   | nonzeros =       0 /      64             (  0.00%) | total_pruned =      64 | shape = torch.Size([64])
1.7.1.7.1.2.weight   | nonzeros =      24 /      64             ( 37.50%) | total_pruned =      40 | shape = torch.Size([64])
1.7.1.7.1.2.bias     | nonzeros =       0 /      64             (  0.00%) | total_pruned =      64 | shape = torch.Size([64])
1.7.1.7.1.4.1.weight | nonzeros =       0 /  102400             (  0.00%) | total_pruned =  102400 | shape = torch.Size([64, 64, 5, 5])
1.7.1.7.1.4.1.bias   | nonzeros =       0 /      64             (  0.00%) | total_pruned =      64 | shape = torch.Size([64])
1.7.1.7.1.5.weight   | nonzeros =      22 /      64             ( 34.38%) | total_pruned =      42 | shape = torch.Size([64])
1.7.1.7.1.5.bias     | nonzeros =       0 /      64             (  0.00%) | total_pruned =      64 | shape = torch.Size([64])
1.7.1.7.1.7.1.1.1.weight | nonzeros =       1 /  204800             (  0.00%) | total_pruned =  204799 | shape = torch.Size([128, 64, 5, 5])
1.7.1.7.1.7.1.1.1.bias | nonzeros =       0 /     128             (  0.00%) | total_pruned =     128 | shape = torch.Size([128])
1.7.1.7.1.7.1.2.weight | nonzeros =      51 /     128             ( 39.84%) | total_pruned =      77 | shape = torch.Size([128])
1.7.1.7.1.7.1.2.bias | nonzeros =       0 /     128             (  0.00%) | total_pruned =     128 | shape = torch.Size([128])
1.7.1.7.1.7.1.4.1.weight | nonzeros =       0 /  409600             (  0.00%) | total_pruned =  409600 | shape = torch.Size([128, 128, 5, 5])
1.7.1.7.1.7.1.4.1.bias | nonzeros =       0 /     128             (  0.00%) | total_pruned =     128 | shape = torch.Size([128])
1.7.1.7.1.7.1.5.weight | nonzeros =      59 /     128             ( 46.09%) | total_pruned =      69 | shape = torch.Size([128])
1.7.1.7.1.7.1.5.bias | nonzeros =       0 /     128             (  0.00%) | total_pruned =     128 | shape = torch.Size([128])
1.7.1.7.1.7.1.7.1.1.1.weight | nonzeros =       0 /  409600             (  0.00%) | total_pruned =  409600 | shape = torch.Size([128, 128, 5, 5])
1.7.1.7.1.7.1.7.1.1.1.bias | nonzeros =       0 /     128             (  0.00%) | total_pruned =     128 | shape = torch.Size([128])
1.7.1.7.1.7.1.7.1.2.weight | nonzeros =      73 /     128             ( 57.03%) | total_pruned =      55 | shape = torch.Size([128])
1.7.1.7.1.7.1.7.1.2.bias | nonzeros =       0 /     128             (  0.00%) | total_pruned =     128 | shape = torch.Size([128])
1.7.1.7.1.7.1.7.1.4.1.weight | nonzeros =     323 /  409600             (  0.08%) | total_pruned =  409277 | shape = torch.Size([128, 128, 5, 5])
1.7.1.7.1.7.1.7.1.4.1.bias | nonzeros =       0 /     128             (  0.00%) | total_pruned =     128 | shape = torch.Size([128])
1.7.1.7.1.7.1.7.1.5.weight | nonzeros =      97 /     128             ( 75.78%) | total_pruned =      31 | shape = torch.Size([128])
1.7.1.7.1.7.1.7.1.5.bias | nonzeros =       0 /     128             (  0.00%) | total_pruned =     128 | shape = torch.Size([128])
1.7.1.7.1.7.1.7.1.7.1.1.1.weight | nonzeros =    1969 /  409600             (  0.48%) | total_pruned =  407631 | shape = torch.Size([128, 128, 5, 5])
1.7.1.7.1.7.1.7.1.7.1.1.1.bias | nonzeros =       0 /     128             (  0.00%) | total_pruned =     128 | shape = torch.Size([128])
1.7.1.7.1.7.1.7.1.7.1.2.weight | nonzeros =     104 /     128             ( 81.25%) | total_pruned =      24 | shape = torch.Size([128])
1.7.1.7.1.7.1.7.1.7.1.2.bias | nonzeros =       0 /     128             (  0.00%) | total_pruned =     128 | shape = torch.Size([128])
1.7.1.7.1.7.1.7.1.7.1.4.1.weight | nonzeros =   18725 /  409600             (  4.57%) | total_pruned =  390875 | shape = torch.Size([128, 128, 5, 5])
1.7.1.7.1.7.1.7.1.7.1.4.1.bias | nonzeros =       0 /     128             (  0.00%) | total_pruned =     128 | shape = torch.Size([128])
1.7.1.7.1.7.1.7.1.7.1.5.weight | nonzeros =      88 /     128             ( 68.75%) | total_pruned =      40 | shape = torch.Size([128])
1.7.1.7.1.7.1.7.1.7.1.5.bias | nonzeros =       0 /     128             (  0.00%) | total_pruned =     128 | shape = torch.Size([128])
1.7.1.7.1.7.1.7.1.7.2.weight | nonzeros =      88 /     128             ( 68.75%) | total_pruned =      40 | shape = torch.Size([128])
1.7.1.7.1.7.1.7.1.7.2.bias | nonzeros =       0 /     128             (  0.00%) | total_pruned =     128 | shape = torch.Size([128])
1.7.1.7.1.7.1.7.1.7.3.1.weight | nonzeros =   25968 /  147456             ( 17.61%) | total_pruned =  121488 | shape = torch.Size([128, 128, 3, 3])
1.7.1.7.1.7.1.7.1.7.3.1.bias | nonzeros =       0 /     128             (  0.00%) | total_pruned =     128 | shape = torch.Size([128])
1.7.1.7.1.7.1.7.1.7.4.weight | nonzeros =      92 /     128             ( 71.88%) | total_pruned =      36 | shape = torch.Size([128])
1.7.1.7.1.7.1.7.1.7.4.bias | nonzeros =       0 /     128             (  0.00%) | total_pruned =     128 | shape = torch.Size([128])
1.7.1.7.1.7.1.7.2.weight | nonzeros =      92 /     128             ( 71.88%) | total_pruned =      36 | shape = torch.Size([128])
1.7.1.7.1.7.1.7.2.bias | nonzeros =       0 /     128             (  0.00%) | total_pruned =     128 | shape = torch.Size([128])
1.7.1.7.1.7.1.7.3.1.weight | nonzeros =   28212 /  147456             ( 19.13%) | total_pruned =  119244 | shape = torch.Size([128, 128, 3, 3])
1.7.1.7.1.7.1.7.3.1.bias | nonzeros =       0 /     128             (  0.00%) | total_pruned =     128 | shape = torch.Size([128])
1.7.1.7.1.7.1.7.4.weight | nonzeros =      91 /     128             ( 71.09%) | total_pruned =      37 | shape = torch.Size([128])
1.7.1.7.1.7.1.7.4.bias | nonzeros =       0 /     128             (  0.00%) | total_pruned =     128 | shape = torch.Size([128])
1.7.1.7.1.7.2.weight | nonzeros =      91 /     128             ( 71.09%) | total_pruned =      37 | shape = torch.Size([128])
1.7.1.7.1.7.2.bias   | nonzeros =       0 /     128             (  0.00%) | total_pruned =     128 | shape = torch.Size([128])
1.7.1.7.1.7.3.1.weight | nonzeros =   25955 /  147456             ( 17.60%) | total_pruned =  121501 | shape = torch.Size([128, 128, 3, 3])
1.7.1.7.1.7.3.1.bias | nonzeros =       0 /     128             (  0.00%) | total_pruned =     128 | shape = torch.Size([128])
1.7.1.7.1.7.4.weight | nonzeros =      89 /     128             ( 69.53%) | total_pruned =      39 | shape = torch.Size([128])
1.7.1.7.1.7.4.bias   | nonzeros =       0 /     128             (  0.00%) | total_pruned =     128 | shape = torch.Size([128])
1.7.1.7.2.weight     | nonzeros =      89 /     128             ( 69.53%) | total_pruned =      39 | shape = torch.Size([128])
1.7.1.7.2.bias       | nonzeros =       0 /     128             (  0.00%) | total_pruned =     128 | shape = torch.Size([128])
1.7.1.7.3.1.weight   | nonzeros =   13221 /   73728             ( 17.93%) | total_pruned =   60507 | shape = torch.Size([64, 128, 3, 3])
1.7.1.7.3.1.bias     | nonzeros =       0 /      64             (  0.00%) | total_pruned =      64 | shape = torch.Size([64])
1.7.1.7.4.weight     | nonzeros =      44 /      64             ( 68.75%) | total_pruned =      20 | shape = torch.Size([64])
1.7.1.7.4.bias       | nonzeros =       0 /      64             (  0.00%) | total_pruned =      64 | shape = torch.Size([64])
1.7.2.weight         | nonzeros =      44 /      64             ( 68.75%) | total_pruned =      20 | shape = torch.Size([64])
1.7.2.bias           | nonzeros =       0 /      64             (  0.00%) | total_pruned =      64 | shape = torch.Size([64])
1.7.3.1.weight       | nonzeros =    2728 /   18432             ( 14.80%) | total_pruned =   15704 | shape = torch.Size([32, 64, 3, 3])
1.7.3.1.bias         | nonzeros =       0 /      32             (  0.00%) | total_pruned =      32 | shape = torch.Size([32])
1.7.4.weight         | nonzeros =      15 /      32             ( 46.88%) | total_pruned =      17 | shape = torch.Size([32])
1.7.4.bias           | nonzeros =       0 /      32             (  0.00%) | total_pruned =      32 | shape = torch.Size([32])
2.weight             | nonzeros =      15 /      32             ( 46.88%) | total_pruned =      17 | shape = torch.Size([32])
2.bias               | nonzeros =       0 /      32             (  0.00%) | total_pruned =      32 | shape = torch.Size([32])
3.1.weight           | nonzeros =     985 /    4608             ( 21.38%) | total_pruned =    3623 | shape = torch.Size([16, 32, 3, 3])
3.1.bias             | nonzeros =       0 /      16             (  0.00%) | total_pruned =      16 | shape = torch.Size([16])
4.weight             | nonzeros =      16 /      16             (100.00%) | total_pruned =       0 | shape = torch.Size([16])
4.bias               | nonzeros =       0 /      16             (  0.00%) | total_pruned =      16 | shape = torch.Size([16])
6.1.weight           | nonzeros =      29 /      48             ( 60.42%) | total_pruned =      19 | shape = torch.Size([3, 16, 1, 1])
6.1.bias             | nonzeros =       2 /       3             ( 66.67%) | total_pruned =       1 | shape = torch.Size([3])
alive: 120354, pruned : 2888513, total: 3008867, Compression rate :      25.00x  ( 96.00% pruned)
PSNR of output image is:  11.916194454318545
Experiment done
