(3, 512, 512)
(3, 512, 512)
Noisy PSNR is '9.645017530695535'
(3, 512, 512) (3, 512, 512) torch.Size([1, 32, 512, 512])
Output directory: data/inpainting/Set14/mask/1/sparsity/0.5/det/0.03/1e-09
epoch:  0 quantization_loss:  0.035992030054330826
p mean is: tensor(-0.0002, device='cuda:5')
epoch:  1000 quantization_loss:  0.030094468966126442
p mean is: tensor(-0.0130, device='cuda:5')
epoch:  2000 quantization_loss:  0.029202977195382118
p mean is: tensor(-0.0224, device='cuda:5')
epoch:  3000 quantization_loss:  0.029009873047471046
p mean is: tensor(-0.0313, device='cuda:5')
epoch:  4000 quantization_loss:  0.029387276619672775
p mean is: tensor(-0.0404, device='cuda:5')
epoch:  5000 quantization_loss:  0.02908318303525448
p mean is: tensor(-0.0499, device='cuda:5')
epoch:  6000 quantization_loss:  0.028137853369116783
p mean is: tensor(-0.0597, device='cuda:5')
epoch:  7000 quantization_loss:  0.028617391362786293
p mean is: tensor(-0.0704, device='cuda:5')
epoch:  8000 quantization_loss:  0.023111624643206596
p mean is: tensor(-0.0817, device='cuda:5')
epoch:  9000 quantization_loss:  0.019655093550682068
p mean is: tensor(-0.0961, device='cuda:5')
epoch:  10000 quantization_loss:  0.0154154933989048
p mean is: tensor(-0.1140, device='cuda:5')
epoch:  11000 quantization_loss:  0.013063028454780579
p mean is: tensor(-0.1369, device='cuda:5')
epoch:  12000 quantization_loss:  0.012512930668890476
p mean is: tensor(-0.1669, device='cuda:5')
epoch:  13000 quantization_loss:  0.011852730996906757
p mean is: tensor(-0.2052, device='cuda:5')
epoch:  14000 quantization_loss:  0.011656861752271652
p mean is: tensor(-0.2531, device='cuda:5')
epoch:  15000 quantization_loss:  0.01164020225405693
p mean is: tensor(-0.3105, device='cuda:5')
epoch:  16000 quantization_loss:  0.010454846546053886
p mean is: tensor(-0.3765, device='cuda:5')
epoch:  17000 quantization_loss:  0.010270158760249615
p mean is: tensor(-0.4490, device='cuda:5')
epoch:  18000 quantization_loss:  0.010164370760321617
p mean is: tensor(-0.5247, device='cuda:5')
epoch:  19000 quantization_loss:  0.010079393163323402
p mean is: tensor(-0.6002, device='cuda:5')
epoch:  20000 quantization_loss:  0.010420572943985462
p mean is: tensor(-0.6725, device='cuda:5')
epoch:  21000 quantization_loss:  0.009589646011590958
p mean is: tensor(-0.7392, device='cuda:5')
epoch:  22000 quantization_loss:  0.009588350541889668
p mean is: tensor(-0.7996, device='cuda:5')
epoch:  23000 quantization_loss:  0.009190592914819717
p mean is: tensor(-0.8533, device='cuda:5')
epoch:  24000 quantization_loss:  0.009107296355068684
p mean is: tensor(-0.9007, device='cuda:5')
epoch:  25000 quantization_loss:  0.009001262485980988
p mean is: tensor(-0.9423, device='cuda:5')
epoch:  26000 quantization_loss:  0.008492542430758476
p mean is: tensor(-0.9788, device='cuda:5')
epoch:  27000 quantization_loss:  0.00824703462421894
p mean is: tensor(-1.0107, device='cuda:5')
epoch:  28000 quantization_loss:  0.008104805834591389
p mean is: tensor(-1.0389, device='cuda:5')
epoch:  29000 quantization_loss:  0.008071009069681168
p mean is: tensor(-1.0637, device='cuda:5')
epoch:  30000 quantization_loss:  0.008007216267287731
p mean is: tensor(-1.0856, device='cuda:5')
epoch:  31000 quantization_loss:  0.008000178262591362
p mean is: tensor(-1.1050, device='cuda:5')
epoch:  32000 quantization_loss:  0.007922550663352013
p mean is: tensor(-1.1222, device='cuda:5')
epoch:  33000 quantization_loss:  0.007851997390389442
p mean is: tensor(-1.1377, device='cuda:5')
epoch:  34000 quantization_loss:  0.0077837505377829075
p mean is: tensor(-1.1513, device='cuda:5')
epoch:  35000 quantization_loss:  0.007794050965458155
p mean is: tensor(-1.1637, device='cuda:5')
epoch:  36000 quantization_loss:  0.007705694530159235
p mean is: tensor(-1.1747, device='cuda:5')
epoch:  37000 quantization_loss:  0.0076879048720002174
p mean is: tensor(-1.1847, device='cuda:5')
epoch:  38000 quantization_loss:  0.0076715680770576
p mean is: tensor(-1.1937, device='cuda:5')
epoch:  39000 quantization_loss:  0.0075882552191615105
p mean is: tensor(-1.2018, device='cuda:5')
epoch:  40000 quantization_loss:  0.007575352676212788
p mean is: tensor(-1.2092, device='cuda:5')
epoch:  41000 quantization_loss:  0.00751176243647933
p mean is: tensor(-1.2160, device='cuda:5')
epoch:  42000 quantization_loss:  0.0075492276810109615
p mean is: tensor(-1.2222, device='cuda:5')
epoch:  43000 quantization_loss:  0.007470469456166029
p mean is: tensor(-1.2279, device='cuda:5')
epoch:  44000 quantization_loss:  0.007439823821187019
p mean is: tensor(-1.2331, device='cuda:5')
epoch:  45000 quantization_loss:  0.007415573578327894
p mean is: tensor(-1.2380, device='cuda:5')
epoch:  46000 quantization_loss:  0.007386638317257166
p mean is: tensor(-1.2424, device='cuda:5')
epoch:  47000 quantization_loss:  0.007381502538919449
p mean is: tensor(-1.2466, device='cuda:5')
epoch:  48000 quantization_loss:  0.007345604244619608
p mean is: tensor(-1.2504, device='cuda:5')
epoch:  49000 quantization_loss:  0.007339045405387878
p mean is: tensor(-1.2540, device='cuda:5')
epoch:  50000 quantization_loss:  0.007318210322409868
p mean is: tensor(-1.2573, device='cuda:5')
epoch:  51000 quantization_loss:  0.00732492795214057
p mean is: tensor(-1.2605, device='cuda:5')
epoch:  52000 quantization_loss:  0.007294141687452793
p mean is: tensor(-1.2635, device='cuda:5')
epoch:  53000 quantization_loss:  0.007280956022441387
p mean is: tensor(-1.2663, device='cuda:5')
epoch:  54000 quantization_loss:  0.007275949697941542
p mean is: tensor(-1.2689, device='cuda:5')
epoch:  55000 quantization_loss:  0.007258039433509111
p mean is: tensor(-1.2714, device='cuda:5')
epoch:  56000 quantization_loss:  0.007247294299304485
p mean is: tensor(-1.2739, device='cuda:5')
epoch:  57000 quantization_loss:  0.007240561302751303
p mean is: tensor(-1.2763, device='cuda:5')
epoch:  58000 quantization_loss:  0.007216759026050568
p mean is: tensor(-1.2785, device='cuda:5')
epoch:  59000 quantization_loss:  0.007201317232102156
p mean is: tensor(-1.2805, device='cuda:5')
Number of elements to keep: 90266
Threshold value: 2.9078195095062256
Number of elements equal to threshold: 1
Number of elements to randomly select: 1
Actual sparsity achieved: 0.029999996676489855
here
Number of elements to keep: 150443
Threshold value: -0.3422207236289978
Number of elements equal to threshold: 1
Number of elements to randomly select: 1
Actual sparsity achieved: 0.04999988367714492
1.1.1.weight         | nonzeros =     424 /   12800             (  3.31%) | total_pruned =   12376 | shape = torch.Size([16, 32, 5, 5])
1.1.1.bias           | nonzeros =       0 /      16             (  0.00%) | total_pruned =      16 | shape = torch.Size([16])
1.2.weight           | nonzeros =       4 /      16             ( 25.00%) | total_pruned =      12 | shape = torch.Size([16])
1.2.bias             | nonzeros =       0 /      16             (  0.00%) | total_pruned =      16 | shape = torch.Size([16])
1.4.1.weight         | nonzeros =      24 /    6400             (  0.38%) | total_pruned =    6376 | shape = torch.Size([16, 16, 5, 5])
1.4.1.bias           | nonzeros =       0 /      16             (  0.00%) | total_pruned =      16 | shape = torch.Size([16])
1.5.weight           | nonzeros =       7 /      16             ( 43.75%) | total_pruned =       9 | shape = torch.Size([16])
1.5.bias             | nonzeros =       0 /      16             (  0.00%) | total_pruned =      16 | shape = torch.Size([16])
1.7.1.1.1.weight     | nonzeros =       0 /   12800             (  0.00%) | total_pruned =   12800 | shape = torch.Size([32, 16, 5, 5])
1.7.1.1.1.bias       | nonzeros =       0 /      32             (  0.00%) | total_pruned =      32 | shape = torch.Size([32])
1.7.1.2.weight       | nonzeros =      13 /      32             ( 40.62%) | total_pruned =      19 | shape = torch.Size([32])
1.7.1.2.bias         | nonzeros =       0 /      32             (  0.00%) | total_pruned =      32 | shape = torch.Size([32])
1.7.1.4.1.weight     | nonzeros =       0 /   25600             (  0.00%) | total_pruned =   25600 | shape = torch.Size([32, 32, 5, 5])
1.7.1.4.1.bias       | nonzeros =       0 /      32             (  0.00%) | total_pruned =      32 | shape = torch.Size([32])
1.7.1.5.weight       | nonzeros =      11 /      32             ( 34.38%) | total_pruned =      21 | shape = torch.Size([32])
1.7.1.5.bias         | nonzeros =       0 /      32             (  0.00%) | total_pruned =      32 | shape = torch.Size([32])
1.7.1.7.1.1.1.weight | nonzeros =       0 /   51200             (  0.00%) | total_pruned =   51200 | shape = torch.Size([64, 32, 5, 5])
1.7.1.7.1.1.1.bias   | nonzeros =       0 /      64             (  0.00%) | total_pruned =      64 | shape = torch.Size([64])
1.7.1.7.1.2.weight   | nonzeros =      20 /      64             ( 31.25%) | total_pruned =      44 | shape = torch.Size([64])
1.7.1.7.1.2.bias     | nonzeros =       0 /      64             (  0.00%) | total_pruned =      64 | shape = torch.Size([64])
1.7.1.7.1.4.1.weight | nonzeros =       0 /  102400             (  0.00%) | total_pruned =  102400 | shape = torch.Size([64, 64, 5, 5])
1.7.1.7.1.4.1.bias   | nonzeros =       0 /      64             (  0.00%) | total_pruned =      64 | shape = torch.Size([64])
1.7.1.7.1.5.weight   | nonzeros =      22 /      64             ( 34.38%) | total_pruned =      42 | shape = torch.Size([64])
1.7.1.7.1.5.bias     | nonzeros =       0 /      64             (  0.00%) | total_pruned =      64 | shape = torch.Size([64])
1.7.1.7.1.7.1.1.1.weight | nonzeros =       0 /  204800             (  0.00%) | total_pruned =  204800 | shape = torch.Size([128, 64, 5, 5])
1.7.1.7.1.7.1.1.1.bias | nonzeros =       0 /     128             (  0.00%) | total_pruned =     128 | shape = torch.Size([128])
1.7.1.7.1.7.1.2.weight | nonzeros =      40 /     128             ( 31.25%) | total_pruned =      88 | shape = torch.Size([128])
1.7.1.7.1.7.1.2.bias | nonzeros =       0 /     128             (  0.00%) | total_pruned =     128 | shape = torch.Size([128])
1.7.1.7.1.7.1.4.1.weight | nonzeros =       0 /  409600             (  0.00%) | total_pruned =  409600 | shape = torch.Size([128, 128, 5, 5])
1.7.1.7.1.7.1.4.1.bias | nonzeros =       0 /     128             (  0.00%) | total_pruned =     128 | shape = torch.Size([128])
1.7.1.7.1.7.1.5.weight | nonzeros =      57 /     128             ( 44.53%) | total_pruned =      71 | shape = torch.Size([128])
1.7.1.7.1.7.1.5.bias | nonzeros =       0 /     128             (  0.00%) | total_pruned =     128 | shape = torch.Size([128])
1.7.1.7.1.7.1.7.1.1.1.weight | nonzeros =       0 /  409600             (  0.00%) | total_pruned =  409600 | shape = torch.Size([128, 128, 5, 5])
1.7.1.7.1.7.1.7.1.1.1.bias | nonzeros =       0 /     128             (  0.00%) | total_pruned =     128 | shape = torch.Size([128])
1.7.1.7.1.7.1.7.1.2.weight | nonzeros =      71 /     128             ( 55.47%) | total_pruned =      57 | shape = torch.Size([128])
1.7.1.7.1.7.1.7.1.2.bias | nonzeros =       0 /     128             (  0.00%) | total_pruned =     128 | shape = torch.Size([128])
1.7.1.7.1.7.1.7.1.4.1.weight | nonzeros =       9 /  409600             (  0.00%) | total_pruned =  409591 | shape = torch.Size([128, 128, 5, 5])
1.7.1.7.1.7.1.7.1.4.1.bias | nonzeros =       0 /     128             (  0.00%) | total_pruned =     128 | shape = torch.Size([128])
1.7.1.7.1.7.1.7.1.5.weight | nonzeros =      98 /     128             ( 76.56%) | total_pruned =      30 | shape = torch.Size([128])
1.7.1.7.1.7.1.7.1.5.bias | nonzeros =       0 /     128             (  0.00%) | total_pruned =     128 | shape = torch.Size([128])
1.7.1.7.1.7.1.7.1.7.1.1.1.weight | nonzeros =     260 /  409600             (  0.06%) | total_pruned =  409340 | shape = torch.Size([128, 128, 5, 5])
1.7.1.7.1.7.1.7.1.7.1.1.1.bias | nonzeros =       0 /     128             (  0.00%) | total_pruned =     128 | shape = torch.Size([128])
1.7.1.7.1.7.1.7.1.7.1.2.weight | nonzeros =     102 /     128             ( 79.69%) | total_pruned =      26 | shape = torch.Size([128])
1.7.1.7.1.7.1.7.1.7.1.2.bias | nonzeros =       0 /     128             (  0.00%) | total_pruned =     128 | shape = torch.Size([128])
1.7.1.7.1.7.1.7.1.7.1.4.1.weight | nonzeros =    7145 /  409600             (  1.74%) | total_pruned =  402455 | shape = torch.Size([128, 128, 5, 5])
1.7.1.7.1.7.1.7.1.7.1.4.1.bias | nonzeros =       0 /     128             (  0.00%) | total_pruned =     128 | shape = torch.Size([128])
1.7.1.7.1.7.1.7.1.7.1.5.weight | nonzeros =      88 /     128             ( 68.75%) | total_pruned =      40 | shape = torch.Size([128])
1.7.1.7.1.7.1.7.1.7.1.5.bias | nonzeros =       0 /     128             (  0.00%) | total_pruned =     128 | shape = torch.Size([128])
1.7.1.7.1.7.1.7.1.7.2.weight | nonzeros =      88 /     128             ( 68.75%) | total_pruned =      40 | shape = torch.Size([128])
1.7.1.7.1.7.1.7.1.7.2.bias | nonzeros =       0 /     128             (  0.00%) | total_pruned =     128 | shape = torch.Size([128])
1.7.1.7.1.7.1.7.1.7.3.1.weight | nonzeros =   21831 /  147456             ( 14.81%) | total_pruned =  125625 | shape = torch.Size([128, 128, 3, 3])
1.7.1.7.1.7.1.7.1.7.3.1.bias | nonzeros =       0 /     128             (  0.00%) | total_pruned =     128 | shape = torch.Size([128])
1.7.1.7.1.7.1.7.1.7.4.weight | nonzeros =      84 /     128             ( 65.62%) | total_pruned =      44 | shape = torch.Size([128])
1.7.1.7.1.7.1.7.1.7.4.bias | nonzeros =       0 /     128             (  0.00%) | total_pruned =     128 | shape = torch.Size([128])
1.7.1.7.1.7.1.7.2.weight | nonzeros =      84 /     128             ( 65.62%) | total_pruned =      44 | shape = torch.Size([128])
1.7.1.7.1.7.1.7.2.bias | nonzeros =       0 /     128             (  0.00%) | total_pruned =     128 | shape = torch.Size([128])
1.7.1.7.1.7.1.7.3.1.weight | nonzeros =   24338 /  147456             ( 16.51%) | total_pruned =  123118 | shape = torch.Size([128, 128, 3, 3])
1.7.1.7.1.7.1.7.3.1.bias | nonzeros =       0 /     128             (  0.00%) | total_pruned =     128 | shape = torch.Size([128])
1.7.1.7.1.7.1.7.4.weight | nonzeros =      91 /     128             ( 71.09%) | total_pruned =      37 | shape = torch.Size([128])
1.7.1.7.1.7.1.7.4.bias | nonzeros =       0 /     128             (  0.00%) | total_pruned =     128 | shape = torch.Size([128])
1.7.1.7.1.7.2.weight | nonzeros =      91 /     128             ( 71.09%) | total_pruned =      37 | shape = torch.Size([128])
1.7.1.7.1.7.2.bias   | nonzeros =       0 /     128             (  0.00%) | total_pruned =     128 | shape = torch.Size([128])
1.7.1.7.1.7.3.1.weight | nonzeros =   23423 /  147456             ( 15.88%) | total_pruned =  124033 | shape = torch.Size([128, 128, 3, 3])
1.7.1.7.1.7.3.1.bias | nonzeros =       0 /     128             (  0.00%) | total_pruned =     128 | shape = torch.Size([128])
1.7.1.7.1.7.4.weight | nonzeros =      91 /     128             ( 71.09%) | total_pruned =      37 | shape = torch.Size([128])
1.7.1.7.1.7.4.bias   | nonzeros =       0 /     128             (  0.00%) | total_pruned =     128 | shape = torch.Size([128])
1.7.1.7.2.weight     | nonzeros =      91 /     128             ( 71.09%) | total_pruned =      37 | shape = torch.Size([128])
1.7.1.7.2.bias       | nonzeros =       0 /     128             (  0.00%) | total_pruned =     128 | shape = torch.Size([128])
1.7.1.7.3.1.weight   | nonzeros =    8966 /   73728             ( 12.16%) | total_pruned =   64762 | shape = torch.Size([64, 128, 3, 3])
1.7.1.7.3.1.bias     | nonzeros =       0 /      64             (  0.00%) | total_pruned =      64 | shape = torch.Size([64])
1.7.1.7.4.weight     | nonzeros =      29 /      64             ( 45.31%) | total_pruned =      35 | shape = torch.Size([64])
1.7.1.7.4.bias       | nonzeros =       0 /      64             (  0.00%) | total_pruned =      64 | shape = torch.Size([64])
1.7.2.weight         | nonzeros =      29 /      64             ( 45.31%) | total_pruned =      35 | shape = torch.Size([64])
1.7.2.bias           | nonzeros =       0 /      64             (  0.00%) | total_pruned =      64 | shape = torch.Size([64])
1.7.3.1.weight       | nonzeros =    1656 /   18432             (  8.98%) | total_pruned =   16776 | shape = torch.Size([32, 64, 3, 3])
1.7.3.1.bias         | nonzeros =       0 /      32             (  0.00%) | total_pruned =      32 | shape = torch.Size([32])
1.7.4.weight         | nonzeros =      14 /      32             ( 43.75%) | total_pruned =      18 | shape = torch.Size([32])
1.7.4.bias           | nonzeros =       0 /      32             (  0.00%) | total_pruned =      32 | shape = torch.Size([32])
2.weight             | nonzeros =      14 /      32             ( 43.75%) | total_pruned =      18 | shape = torch.Size([32])
2.bias               | nonzeros =       0 /      32             (  0.00%) | total_pruned =      32 | shape = torch.Size([32])
3.1.weight           | nonzeros =     901 /    4608             ( 19.55%) | total_pruned =    3707 | shape = torch.Size([16, 32, 3, 3])
3.1.bias             | nonzeros =       0 /      16             (  0.00%) | total_pruned =      16 | shape = torch.Size([16])
4.weight             | nonzeros =      16 /      16             (100.00%) | total_pruned =       0 | shape = torch.Size([16])
4.bias               | nonzeros =       0 /      16             (  0.00%) | total_pruned =      16 | shape = torch.Size([16])
6.1.weight           | nonzeros =      33 /      48             ( 68.75%) | total_pruned =      15 | shape = torch.Size([3, 16, 1, 1])
6.1.bias             | nonzeros =       1 /       3             ( 33.33%) | total_pruned =       2 | shape = torch.Size([3])
alive: 90266, pruned : 2918601, total: 3008867, Compression rate :      33.33x  ( 97.00% pruned)
PSNR of output image is:  11.84584364806418
Experiment done
