(3, 256, 256)
(3, 256, 256)
Noisy PSNR is '6.217930573721424'
(3, 256, 256) (3, 256, 256) torch.Size([1, 32, 256, 256])
Output directory: data/inpainting/Set14/mask/10/sparsity/0.5/det/0.03/1e-09
epoch:  0 quantization_loss:  0.04477391391992569
p mean is: tensor(-0.0002, device='cuda:6')
epoch:  1000 quantization_loss:  0.03686954081058502
p mean is: tensor(-0.0086, device='cuda:6')
epoch:  2000 quantization_loss:  0.03475756570696831
p mean is: tensor(-0.0140, device='cuda:6')
epoch:  3000 quantization_loss:  0.03571511059999466
p mean is: tensor(-0.0191, device='cuda:6')
epoch:  4000 quantization_loss:  0.03573079779744148
p mean is: tensor(-0.0240, device='cuda:6')
epoch:  5000 quantization_loss:  0.03536868467926979
p mean is: tensor(-0.0288, device='cuda:6')
epoch:  6000 quantization_loss:  0.036055345088243484
p mean is: tensor(-0.0338, device='cuda:6')
epoch:  7000 quantization_loss:  0.034407392144203186
p mean is: tensor(-0.0387, device='cuda:6')
epoch:  8000 quantization_loss:  0.03616715967655182
p mean is: tensor(-0.0438, device='cuda:6')
epoch:  9000 quantization_loss:  0.0349227711558342
p mean is: tensor(-0.0489, device='cuda:6')
epoch:  10000 quantization_loss:  0.02832948789000511
p mean is: tensor(-0.0546, device='cuda:6')
epoch:  11000 quantization_loss:  0.027263881638646126
p mean is: tensor(-0.0616, device='cuda:6')
epoch:  12000 quantization_loss:  0.02134617790579796
p mean is: tensor(-0.0714, device='cuda:6')
epoch:  13000 quantization_loss:  0.0186194758862257
p mean is: tensor(-0.0845, device='cuda:6')
epoch:  14000 quantization_loss:  0.017232771962881088
p mean is: tensor(-0.1024, device='cuda:6')
epoch:  15000 quantization_loss:  0.015740398317575455
p mean is: tensor(-0.1265, device='cuda:6')
epoch:  16000 quantization_loss:  0.014601116999983788
p mean is: tensor(-0.1581, device='cuda:6')
epoch:  17000 quantization_loss:  0.013399290852248669
p mean is: tensor(-0.1988, device='cuda:6')
epoch:  18000 quantization_loss:  0.012520715594291687
p mean is: tensor(-0.2496, device='cuda:6')
epoch:  19000 quantization_loss:  0.012017949484288692
p mean is: tensor(-0.3109, device='cuda:6')
epoch:  20000 quantization_loss:  0.011638293974101543
p mean is: tensor(-0.3819, device='cuda:6')
epoch:  21000 quantization_loss:  0.011362672783434391
p mean is: tensor(-0.4605, device='cuda:6')
epoch:  22000 quantization_loss:  0.011051355861127377
p mean is: tensor(-0.5408, device='cuda:6')
epoch:  23000 quantization_loss:  0.010715218260884285
p mean is: tensor(-0.6213, device='cuda:6')
epoch:  24000 quantization_loss:  0.01068072859197855
p mean is: tensor(-0.6985, device='cuda:6')
epoch:  25000 quantization_loss:  0.010411201044917107
p mean is: tensor(-0.7699, device='cuda:6')
epoch:  26000 quantization_loss:  0.010303763672709465
p mean is: tensor(-0.8339, device='cuda:6')
epoch:  27000 quantization_loss:  0.010173398070037365
p mean is: tensor(-0.8903, device='cuda:6')
epoch:  28000 quantization_loss:  0.010062368586659431
p mean is: tensor(-0.9368, device='cuda:6')
epoch:  29000 quantization_loss:  0.010120653547346592
p mean is: tensor(-0.9755, device='cuda:6')
epoch:  30000 quantization_loss:  0.009961596690118313
p mean is: tensor(-1.0096, device='cuda:6')
epoch:  31000 quantization_loss:  0.009929702617228031
p mean is: tensor(-1.0399, device='cuda:6')
epoch:  32000 quantization_loss:  0.009801914915442467
p mean is: tensor(-1.0667, device='cuda:6')
epoch:  33000 quantization_loss:  0.009737885557115078
p mean is: tensor(-1.0903, device='cuda:6')
epoch:  34000 quantization_loss:  0.009710080921649933
p mean is: tensor(-1.1112, device='cuda:6')
epoch:  35000 quantization_loss:  0.009623512625694275
p mean is: tensor(-1.1297, device='cuda:6')
epoch:  36000 quantization_loss:  0.009589357301592827
p mean is: tensor(-1.1460, device='cuda:6')
epoch:  37000 quantization_loss:  0.009542956948280334
p mean is: tensor(-1.1605, device='cuda:6')
epoch:  38000 quantization_loss:  0.00952111929655075
p mean is: tensor(-1.1732, device='cuda:6')
epoch:  39000 quantization_loss:  0.009511236101388931
p mean is: tensor(-1.1844, device='cuda:6')
epoch:  40000 quantization_loss:  0.009507487528026104
p mean is: tensor(-1.1943, device='cuda:6')
epoch:  41000 quantization_loss:  0.0094583285972476
p mean is: tensor(-1.2030, device='cuda:6')
epoch:  42000 quantization_loss:  0.009405854158103466
p mean is: tensor(-1.2107, device='cuda:6')
epoch:  43000 quantization_loss:  0.009404093027114868
p mean is: tensor(-1.2176, device='cuda:6')
epoch:  44000 quantization_loss:  0.009384501725435257
p mean is: tensor(-1.2237, device='cuda:6')
epoch:  45000 quantization_loss:  0.00938122533261776
p mean is: tensor(-1.2290, device='cuda:6')
epoch:  46000 quantization_loss:  0.009353617206215858
p mean is: tensor(-1.2338, device='cuda:6')
epoch:  47000 quantization_loss:  0.009324496611952782
p mean is: tensor(-1.2380, device='cuda:6')
epoch:  48000 quantization_loss:  0.009309996850788593
p mean is: tensor(-1.2418, device='cuda:6')
epoch:  49000 quantization_loss:  0.009288538247346878
p mean is: tensor(-1.2452, device='cuda:6')
epoch:  50000 quantization_loss:  0.009286012500524521
p mean is: tensor(-1.2483, device='cuda:6')
epoch:  51000 quantization_loss:  0.00927830021828413
p mean is: tensor(-1.2510, device='cuda:6')
epoch:  52000 quantization_loss:  0.009284689091145992
p mean is: tensor(-1.2535, device='cuda:6')
epoch:  53000 quantization_loss:  0.00922931544482708
p mean is: tensor(-1.2557, device='cuda:6')
epoch:  54000 quantization_loss:  0.009229674935340881
p mean is: tensor(-1.2577, device='cuda:6')
epoch:  55000 quantization_loss:  0.009219244122505188
p mean is: tensor(-1.2596, device='cuda:6')
epoch:  56000 quantization_loss:  0.009207679890096188
p mean is: tensor(-1.2614, device='cuda:6')
epoch:  57000 quantization_loss:  0.009200266562402248
p mean is: tensor(-1.2630, device='cuda:6')
epoch:  58000 quantization_loss:  0.009185676462948322
p mean is: tensor(-1.2645, device='cuda:6')
epoch:  59000 quantization_loss:  0.009174156002700329
p mean is: tensor(-1.2659, device='cuda:6')
Number of elements to keep: 90266
Threshold value: -0.3272149860858917
Number of elements equal to threshold: 1
Number of elements to randomly select: 1
Actual sparsity achieved: 0.029999996676489855
here
Number of elements to keep: 150443
Threshold value: -1.0175057649612427
Number of elements equal to threshold: 1
Number of elements to randomly select: 1
Actual sparsity achieved: 0.04999988367714492
1.1.1.weight         | nonzeros =     138 /   12800             (  1.08%) | total_pruned =   12662 | shape = torch.Size([16, 32, 5, 5])
1.1.1.bias           | nonzeros =       0 /      16             (  0.00%) | total_pruned =      16 | shape = torch.Size([16])
1.2.weight           | nonzeros =       6 /      16             ( 37.50%) | total_pruned =      10 | shape = torch.Size([16])
1.2.bias             | nonzeros =       0 /      16             (  0.00%) | total_pruned =      16 | shape = torch.Size([16])
1.4.1.weight         | nonzeros =      31 /    6400             (  0.48%) | total_pruned =    6369 | shape = torch.Size([16, 16, 5, 5])
1.4.1.bias           | nonzeros =       0 /      16             (  0.00%) | total_pruned =      16 | shape = torch.Size([16])
1.5.weight           | nonzeros =       6 /      16             ( 37.50%) | total_pruned =      10 | shape = torch.Size([16])
1.5.bias             | nonzeros =       0 /      16             (  0.00%) | total_pruned =      16 | shape = torch.Size([16])
1.7.1.1.1.weight     | nonzeros =      27 /   12800             (  0.21%) | total_pruned =   12773 | shape = torch.Size([32, 16, 5, 5])
1.7.1.1.1.bias       | nonzeros =       0 /      32             (  0.00%) | total_pruned =      32 | shape = torch.Size([32])
1.7.1.2.weight       | nonzeros =      11 /      32             ( 34.38%) | total_pruned =      21 | shape = torch.Size([32])
1.7.1.2.bias         | nonzeros =       0 /      32             (  0.00%) | total_pruned =      32 | shape = torch.Size([32])
1.7.1.4.1.weight     | nonzeros =      26 /   25600             (  0.10%) | total_pruned =   25574 | shape = torch.Size([32, 32, 5, 5])
1.7.1.4.1.bias       | nonzeros =       0 /      32             (  0.00%) | total_pruned =      32 | shape = torch.Size([32])
1.7.1.5.weight       | nonzeros =      11 /      32             ( 34.38%) | total_pruned =      21 | shape = torch.Size([32])
1.7.1.5.bias         | nonzeros =       0 /      32             (  0.00%) | total_pruned =      32 | shape = torch.Size([32])
1.7.1.7.1.1.1.weight | nonzeros =      21 /   51200             (  0.04%) | total_pruned =   51179 | shape = torch.Size([64, 32, 5, 5])
1.7.1.7.1.1.1.bias   | nonzeros =       0 /      64             (  0.00%) | total_pruned =      64 | shape = torch.Size([64])
1.7.1.7.1.2.weight   | nonzeros =      18 /      64             ( 28.12%) | total_pruned =      46 | shape = torch.Size([64])
1.7.1.7.1.2.bias     | nonzeros =       0 /      64             (  0.00%) | total_pruned =      64 | shape = torch.Size([64])
1.7.1.7.1.4.1.weight | nonzeros =      33 /  102400             (  0.03%) | total_pruned =  102367 | shape = torch.Size([64, 64, 5, 5])
1.7.1.7.1.4.1.bias   | nonzeros =       0 /      64             (  0.00%) | total_pruned =      64 | shape = torch.Size([64])
1.7.1.7.1.5.weight   | nonzeros =      20 /      64             ( 31.25%) | total_pruned =      44 | shape = torch.Size([64])
1.7.1.7.1.5.bias     | nonzeros =       0 /      64             (  0.00%) | total_pruned =      64 | shape = torch.Size([64])
1.7.1.7.1.7.1.1.1.weight | nonzeros =       9 /  204800             (  0.00%) | total_pruned =  204791 | shape = torch.Size([128, 64, 5, 5])
1.7.1.7.1.7.1.1.1.bias | nonzeros =       0 /     128             (  0.00%) | total_pruned =     128 | shape = torch.Size([128])
1.7.1.7.1.7.1.2.weight | nonzeros =      35 /     128             ( 27.34%) | total_pruned =      93 | shape = torch.Size([128])
1.7.1.7.1.7.1.2.bias | nonzeros =       0 /     128             (  0.00%) | total_pruned =     128 | shape = torch.Size([128])
1.7.1.7.1.7.1.4.1.weight | nonzeros =      29 /  409600             (  0.01%) | total_pruned =  409571 | shape = torch.Size([128, 128, 5, 5])
1.7.1.7.1.7.1.4.1.bias | nonzeros =       0 /     128             (  0.00%) | total_pruned =     128 | shape = torch.Size([128])
1.7.1.7.1.7.1.5.weight | nonzeros =      35 /     128             ( 27.34%) | total_pruned =      93 | shape = torch.Size([128])
1.7.1.7.1.7.1.5.bias | nonzeros =       0 /     128             (  0.00%) | total_pruned =     128 | shape = torch.Size([128])
1.7.1.7.1.7.1.7.1.1.1.weight | nonzeros =      22 /  409600             (  0.01%) | total_pruned =  409578 | shape = torch.Size([128, 128, 5, 5])
1.7.1.7.1.7.1.7.1.1.1.bias | nonzeros =       0 /     128             (  0.00%) | total_pruned =     128 | shape = torch.Size([128])
1.7.1.7.1.7.1.7.1.2.weight | nonzeros =      51 /     128             ( 39.84%) | total_pruned =      77 | shape = torch.Size([128])
1.7.1.7.1.7.1.7.1.2.bias | nonzeros =       0 /     128             (  0.00%) | total_pruned =     128 | shape = torch.Size([128])
1.7.1.7.1.7.1.7.1.4.1.weight | nonzeros =     507 /  409600             (  0.12%) | total_pruned =  409093 | shape = torch.Size([128, 128, 5, 5])
1.7.1.7.1.7.1.7.1.4.1.bias | nonzeros =       0 /     128             (  0.00%) | total_pruned =     128 | shape = torch.Size([128])
1.7.1.7.1.7.1.7.1.5.weight | nonzeros =      66 /     128             ( 51.56%) | total_pruned =      62 | shape = torch.Size([128])
1.7.1.7.1.7.1.7.1.5.bias | nonzeros =       0 /     128             (  0.00%) | total_pruned =     128 | shape = torch.Size([128])
1.7.1.7.1.7.1.7.1.7.1.1.1.weight | nonzeros =    2032 /  409600             (  0.50%) | total_pruned =  407568 | shape = torch.Size([128, 128, 5, 5])
1.7.1.7.1.7.1.7.1.7.1.1.1.bias | nonzeros =       0 /     128             (  0.00%) | total_pruned =     128 | shape = torch.Size([128])
1.7.1.7.1.7.1.7.1.7.1.2.weight | nonzeros =      79 /     128             ( 61.72%) | total_pruned =      49 | shape = torch.Size([128])
1.7.1.7.1.7.1.7.1.7.1.2.bias | nonzeros =       0 /     128             (  0.00%) | total_pruned =     128 | shape = torch.Size([128])
1.7.1.7.1.7.1.7.1.7.1.4.1.weight | nonzeros =   12070 /  409600             (  2.95%) | total_pruned =  397530 | shape = torch.Size([128, 128, 5, 5])
1.7.1.7.1.7.1.7.1.7.1.4.1.bias | nonzeros =       0 /     128             (  0.00%) | total_pruned =     128 | shape = torch.Size([128])
1.7.1.7.1.7.1.7.1.7.1.5.weight | nonzeros =      78 /     128             ( 60.94%) | total_pruned =      50 | shape = torch.Size([128])
1.7.1.7.1.7.1.7.1.7.1.5.bias | nonzeros =       0 /     128             (  0.00%) | total_pruned =     128 | shape = torch.Size([128])
1.7.1.7.1.7.1.7.1.7.2.weight | nonzeros =      78 /     128             ( 60.94%) | total_pruned =      50 | shape = torch.Size([128])
1.7.1.7.1.7.1.7.1.7.2.bias | nonzeros =       0 /     128             (  0.00%) | total_pruned =     128 | shape = torch.Size([128])
1.7.1.7.1.7.1.7.1.7.3.1.weight | nonzeros =   20072 /  147456             ( 13.61%) | total_pruned =  127384 | shape = torch.Size([128, 128, 3, 3])
1.7.1.7.1.7.1.7.1.7.3.1.bias | nonzeros =       0 /     128             (  0.00%) | total_pruned =     128 | shape = torch.Size([128])
1.7.1.7.1.7.1.7.1.7.4.weight | nonzeros =      84 /     128             ( 65.62%) | total_pruned =      44 | shape = torch.Size([128])
1.7.1.7.1.7.1.7.1.7.4.bias | nonzeros =       0 /     128             (  0.00%) | total_pruned =     128 | shape = torch.Size([128])
1.7.1.7.1.7.1.7.2.weight | nonzeros =      84 /     128             ( 65.62%) | total_pruned =      44 | shape = torch.Size([128])
1.7.1.7.1.7.1.7.2.bias | nonzeros =       0 /     128             (  0.00%) | total_pruned =     128 | shape = torch.Size([128])
1.7.1.7.1.7.1.7.3.1.weight | nonzeros =   21876 /  147456             ( 14.84%) | total_pruned =  125580 | shape = torch.Size([128, 128, 3, 3])
1.7.1.7.1.7.1.7.3.1.bias | nonzeros =       0 /     128             (  0.00%) | total_pruned =     128 | shape = torch.Size([128])
1.7.1.7.1.7.1.7.4.weight | nonzeros =      71 /     128             ( 55.47%) | total_pruned =      57 | shape = torch.Size([128])
1.7.1.7.1.7.1.7.4.bias | nonzeros =       0 /     128             (  0.00%) | total_pruned =     128 | shape = torch.Size([128])
1.7.1.7.1.7.2.weight | nonzeros =      71 /     128             ( 55.47%) | total_pruned =      57 | shape = torch.Size([128])
1.7.1.7.1.7.2.bias   | nonzeros =       0 /     128             (  0.00%) | total_pruned =     128 | shape = torch.Size([128])
1.7.1.7.1.7.3.1.weight | nonzeros =   18311 /  147456             ( 12.42%) | total_pruned =  129145 | shape = torch.Size([128, 128, 3, 3])
1.7.1.7.1.7.3.1.bias | nonzeros =       0 /     128             (  0.00%) | total_pruned =     128 | shape = torch.Size([128])
1.7.1.7.1.7.4.weight | nonzeros =      68 /     128             ( 53.12%) | total_pruned =      60 | shape = torch.Size([128])
1.7.1.7.1.7.4.bias   | nonzeros =       0 /     128             (  0.00%) | total_pruned =     128 | shape = torch.Size([128])
1.7.1.7.2.weight     | nonzeros =      68 /     128             ( 53.12%) | total_pruned =      60 | shape = torch.Size([128])
1.7.1.7.2.bias       | nonzeros =       0 /     128             (  0.00%) | total_pruned =     128 | shape = torch.Size([128])
1.7.1.7.3.1.weight   | nonzeros =    9679 /   73728             ( 13.13%) | total_pruned =   64049 | shape = torch.Size([64, 128, 3, 3])
1.7.1.7.3.1.bias     | nonzeros =       0 /      64             (  0.00%) | total_pruned =      64 | shape = torch.Size([64])
1.7.1.7.4.weight     | nonzeros =      37 /      64             ( 57.81%) | total_pruned =      27 | shape = torch.Size([64])
1.7.1.7.4.bias       | nonzeros =       0 /      64             (  0.00%) | total_pruned =      64 | shape = torch.Size([64])
1.7.2.weight         | nonzeros =      37 /      64             ( 57.81%) | total_pruned =      27 | shape = torch.Size([64])
1.7.2.bias           | nonzeros =       0 /      64             (  0.00%) | total_pruned =      64 | shape = torch.Size([64])
1.7.3.1.weight       | nonzeros =    3010 /   18432             ( 16.33%) | total_pruned =   15422 | shape = torch.Size([32, 64, 3, 3])
1.7.3.1.bias         | nonzeros =       0 /      32             (  0.00%) | total_pruned =      32 | shape = torch.Size([32])
1.7.4.weight         | nonzeros =      19 /      32             ( 59.38%) | total_pruned =      13 | shape = torch.Size([32])
1.7.4.bias           | nonzeros =       0 /      32             (  0.00%) | total_pruned =      32 | shape = torch.Size([32])
2.weight             | nonzeros =      19 /      32             ( 59.38%) | total_pruned =      13 | shape = torch.Size([32])
2.bias               | nonzeros =       0 /      32             (  0.00%) | total_pruned =      32 | shape = torch.Size([32])
3.1.weight           | nonzeros =    1277 /    4608             ( 27.71%) | total_pruned =    3331 | shape = torch.Size([16, 32, 3, 3])
3.1.bias             | nonzeros =       0 /      16             (  0.00%) | total_pruned =      16 | shape = torch.Size([16])
4.weight             | nonzeros =      16 /      16             (100.00%) | total_pruned =       0 | shape = torch.Size([16])
4.bias               | nonzeros =       0 /      16             (  0.00%) | total_pruned =      16 | shape = torch.Size([16])
6.1.weight           | nonzeros =      26 /      48             ( 54.17%) | total_pruned =      22 | shape = torch.Size([3, 16, 1, 1])
6.1.bias             | nonzeros =       2 /       3             ( 66.67%) | total_pruned =       1 | shape = torch.Size([3])
alive: 90266, pruned : 2918601, total: 3008867, Compression rate :      33.33x  ( 97.00% pruned)
PSNR of output image is:  17.242190592787367
Experiment done
