(3, 512, 512)
Noisy PSNR is '20.296915932545723'
(3, 512, 512) (3, 512, 512) torch.Size([1, 32, 512, 512])
Starting optimization with optimizer 'SAM'
Output directory: data/denoising/Set14/mask/7/sparsity_skip/det/0.05/1e-09
(3, 512, 512)
Noisy PSNR is '20.315283559982134'
(3, 512, 512) (3, 512, 512) torch.Size([1, 32, 512, 512])
Starting optimization with optimizer 'SAM'
Output directory: data/denoising/Set14/mask/7/sparsity_skip/det/0.05/1e-09
epoch:  0 quantization_loss:  0.07626058906316757
p mean is: tensor(-0.0005, device='cuda:0')
epoch:  1000 quantization_loss:  0.06820245832204819
p mean is: tensor(-0.0167, device='cuda:0')
epoch:  2000 quantization_loss:  0.06597167998552322
p mean is: tensor(-0.0287, device='cuda:0')
epoch:  3000 quantization_loss:  0.065375417470932
p mean is: tensor(-0.0407, device='cuda:0')
epoch:  4000 quantization_loss:  0.06586504727602005
p mean is: tensor(-0.0526, device='cuda:0')
epoch:  5000 quantization_loss:  0.06639964133501053
p mean is: tensor(-0.0642, device='cuda:0')
epoch:  6000 quantization_loss:  0.06518201529979706
p mean is: tensor(-0.0760, device='cuda:0')
epoch:  7000 quantization_loss:  0.06514815241098404
p mean is: tensor(-0.0880, device='cuda:0')
epoch:  8000 quantization_loss:  0.06538059562444687
p mean is: tensor(-0.0996, device='cuda:0')
epoch:  9000 quantization_loss:  0.0648723691701889
p mean is: tensor(-0.1117, device='cuda:0')
epoch:  10000 quantization_loss:  0.06577130407094955
p mean is: tensor(-0.1234, device='cuda:0')
epoch:  11000 quantization_loss:  0.06432019174098969
p mean is: tensor(-0.1357, device='cuda:0')
epoch:  12000 quantization_loss:  0.06521359831094742
p mean is: tensor(-0.1478, device='cuda:0')
epoch:  13000 quantization_loss:  0.064179927110672
p mean is: tensor(-0.1601, device='cuda:0')
epoch:  14000 quantization_loss:  0.057742033153772354
p mean is: tensor(-0.1725, device='cuda:0')
epoch:  15000 quantization_loss:  0.054297998547554016
p mean is: tensor(-0.1852, device='cuda:0')
epoch:  16000 quantization_loss:  0.04405141621828079
p mean is: tensor(-0.2018, device='cuda:0')
epoch:  17000 quantization_loss:  0.03616003319621086
p mean is: tensor(-0.2212, device='cuda:0')
epoch:  18000 quantization_loss:  0.032001204788684845
p mean is: tensor(-0.2442, device='cuda:0')
epoch:  19000 quantization_loss:  0.0300481915473938
p mean is: tensor(-0.2725, device='cuda:0')
epoch:  20000 quantization_loss:  0.028418870642781258
p mean is: tensor(-0.3080, device='cuda:0')
epoch:  21000 quantization_loss:  0.027638128027319908
p mean is: tensor(-0.3511, device='cuda:0')
epoch:  22000 quantization_loss:  0.026432067155838013
p mean is: tensor(-0.4030, device='cuda:0')
epoch:  23000 quantization_loss:  0.025271505117416382
p mean is: tensor(-0.4642, device='cuda:0')
epoch:  24000 quantization_loss:  0.024162903428077698
p mean is: tensor(-0.5344, device='cuda:0')
epoch:  25000 quantization_loss:  0.023738538846373558
p mean is: tensor(-0.6130, device='cuda:0')
epoch:  26000 quantization_loss:  0.023043209686875343
p mean is: tensor(-0.6981, device='cuda:0')
epoch:  27000 quantization_loss:  0.022319413721561432
p mean is: tensor(-0.7879, device='cuda:0')
epoch:  28000 quantization_loss:  0.02164921723306179
p mean is: tensor(-0.8792, device='cuda:0')
epoch:  29000 quantization_loss:  0.021656598895788193
p mean is: tensor(-0.9695, device='cuda:0')
epoch:  30000 quantization_loss:  0.02107490599155426
p mean is: tensor(-1.0571, device='cuda:0')
epoch:  31000 quantization_loss:  0.02052166871726513
p mean is: tensor(-1.1407, device='cuda:0')
epoch:  32000 quantization_loss:  0.02024833858013153
p mean is: tensor(-1.2194, device='cuda:0')
epoch:  33000 quantization_loss:  0.01990777812898159
p mean is: tensor(-1.2935, device='cuda:0')
epoch:  34000 quantization_loss:  0.019864019006490707
p mean is: tensor(-1.3630, device='cuda:0')
epoch:  35000 quantization_loss:  0.01928647980093956
p mean is: tensor(-1.4278, device='cuda:0')
epoch:  36000 quantization_loss:  0.019286785274744034
p mean is: tensor(-1.4881, device='cuda:0')
epoch:  37000 quantization_loss:  0.01925724744796753
p mean is: tensor(-1.5445, device='cuda:0')
epoch:  38000 quantization_loss:  0.01867343857884407
p mean is: tensor(-1.5970, device='cuda:0')
epoch:  39000 quantization_loss:  0.01848982274532318
p mean is: tensor(-1.6463, device='cuda:0')
epoch:  40000 quantization_loss:  0.018523767590522766
p mean is: tensor(-1.6924, device='cuda:0')
epoch:  41000 quantization_loss:  0.018068255856633186
p mean is: tensor(-1.7357, device='cuda:0')
epoch:  42000 quantization_loss:  0.018190154805779457
p mean is: tensor(-1.7764, device='cuda:0')
epoch:  43000 quantization_loss:  0.017817063257098198
p mean is: tensor(-1.8151, device='cuda:0')
epoch:  44000 quantization_loss:  0.01764700375497341
p mean is: tensor(-1.8515, device='cuda:0')
epoch:  45000 quantization_loss:  0.017496636137366295
p mean is: tensor(-1.8859, device='cuda:0')
epoch:  46000 quantization_loss:  0.017345048487186432
p mean is: tensor(-1.9185, device='cuda:0')
epoch:  47000 quantization_loss:  0.017352581024169922
p mean is: tensor(-1.9493, device='cuda:0')
epoch:  48000 quantization_loss:  0.0173262320458889
p mean is: tensor(-1.9788, device='cuda:0')
epoch:  49000 quantization_loss:  0.01711389049887657
p mean is: tensor(-2.0066, device='cuda:0')
epoch:  50000 quantization_loss:  0.01700686290860176
p mean is: tensor(-2.0331, device='cuda:0')
epoch:  51000 quantization_loss:  0.0171218179166317
p mean is: tensor(-2.0584, device='cuda:0')
epoch:  52000 quantization_loss:  0.016933508217334747
p mean is: tensor(-2.0825, device='cuda:0')
epoch:  53000 quantization_loss:  0.016888240352272987
p mean is: tensor(-2.1054, device='cuda:0')
epoch:  54000 quantization_loss:  0.01676320843398571
p mean is: tensor(-2.1273, device='cuda:0')
epoch:  55000 quantization_loss:  0.01676877774298191
p mean is: tensor(-2.1484, device='cuda:0')
epoch:  56000 quantization_loss:  0.0166495218873024
p mean is: tensor(-2.1684, device='cuda:0')
epoch:  57000 quantization_loss:  0.01665966399013996
p mean is: tensor(-2.1877, device='cuda:0')
epoch:  58000 quantization_loss:  0.01659037545323372
p mean is: tensor(-2.2062, device='cuda:0')
epoch:  59000 quantization_loss:  0.016591016203165054
p mean is: tensor(-2.2241, device='cuda:0')
Number of elements to keep: 110891
Threshold value: 4.418013572692871
Number of elements equal to threshold: 1
Number of elements to randomly select: 1
Actual sparsity achieved: 0.04999975200995928
Number of elements to keep: 110891
Threshold value: 4.418013572692871
Number of elements equal to threshold: 1
Number of elements to randomly select: 1
Actual sparsity achieved: 0.04999975200995928
1.0.1.1.weight       | nonzeros =      53 /     128             ( 41.41%) | total_pruned =      75 | shape = torch.Size([4, 32, 1, 1])
1.0.1.1.bias         | nonzeros =       0 /       4             (  0.00%) | total_pruned =       4 | shape = torch.Size([4])
1.0.2.weight         | nonzeros =       4 /       4             (100.00%) | total_pruned =       0 | shape = torch.Size([4])
1.0.2.bias           | nonzeros =       0 /       4             (  0.00%) | total_pruned =       4 | shape = torch.Size([4])
1.1.1.1.weight       | nonzeros =   13272 /   36864             ( 36.00%) | total_pruned =   23592 | shape = torch.Size([128, 32, 3, 3])
1.1.1.1.bias         | nonzeros =       0 /     128             (  0.00%) | total_pruned =     128 | shape = torch.Size([128])
1.1.2.weight         | nonzeros =      99 /     128             ( 77.34%) | total_pruned =      29 | shape = torch.Size([128])
1.1.2.bias           | nonzeros =       0 /     128             (  0.00%) | total_pruned =     128 | shape = torch.Size([128])
1.1.4.1.weight       | nonzeros =   34054 /  147456             ( 23.09%) | total_pruned =  113402 | shape = torch.Size([128, 128, 3, 3])
1.1.4.1.bias         | nonzeros =       0 /     128             (  0.00%) | total_pruned =     128 | shape = torch.Size([128])
1.1.5.weight         | nonzeros =     106 /     128             ( 82.81%) | total_pruned =      22 | shape = torch.Size([128])
1.1.5.bias           | nonzeros =       0 /     128             (  0.00%) | total_pruned =     128 | shape = torch.Size([128])
1.1.7.1.0.1.1.weight | nonzeros =      89 /     512             ( 17.38%) | total_pruned =     423 | shape = torch.Size([4, 128, 1, 1])
1.1.7.1.0.1.1.bias   | nonzeros =       0 /       4             (  0.00%) | total_pruned =       4 | shape = torch.Size([4])
1.1.7.1.0.2.weight   | nonzeros =       2 /       4             ( 50.00%) | total_pruned =       2 | shape = torch.Size([4])
1.1.7.1.0.2.bias     | nonzeros =       0 /       4             (  0.00%) | total_pruned =       4 | shape = torch.Size([4])
1.1.7.1.1.1.1.weight | nonzeros =   25906 /  147456             ( 17.57%) | total_pruned =  121550 | shape = torch.Size([128, 128, 3, 3])
1.1.7.1.1.1.1.bias   | nonzeros =       0 /     128             (  0.00%) | total_pruned =     128 | shape = torch.Size([128])
1.1.7.1.1.2.weight   | nonzeros =     102 /     128             ( 79.69%) | total_pruned =      26 | shape = torch.Size([128])
1.1.7.1.1.2.bias     | nonzeros =       0 /     128             (  0.00%) | total_pruned =     128 | shape = torch.Size([128])
1.1.7.1.1.4.1.weight | nonzeros =   12548 /  147456             (  8.51%) | total_pruned =  134908 | shape = torch.Size([128, 128, 3, 3])
1.1.7.1.1.4.1.bias   | nonzeros =       0 /     128             (  0.00%) | total_pruned =     128 | shape = torch.Size([128])
1.1.7.1.1.5.weight   | nonzeros =      98 /     128             ( 76.56%) | total_pruned =      30 | shape = torch.Size([128])
1.1.7.1.1.5.bias     | nonzeros =       0 /     128             (  0.00%) | total_pruned =     128 | shape = torch.Size([128])
1.1.7.1.1.7.1.0.1.1.weight | nonzeros =     141 /     512             ( 27.54%) | total_pruned =     371 | shape = torch.Size([4, 128, 1, 1])
1.1.7.1.1.7.1.0.1.1.bias | nonzeros =       0 /       4             (  0.00%) | total_pruned =       4 | shape = torch.Size([4])
1.1.7.1.1.7.1.0.2.weight | nonzeros =       3 /       4             ( 75.00%) | total_pruned =       1 | shape = torch.Size([4])
1.1.7.1.1.7.1.0.2.bias | nonzeros =       0 /       4             (  0.00%) | total_pruned =       4 | shape = torch.Size([4])
1.1.7.1.1.7.1.1.1.1.weight | nonzeros =     163 /  147456             (  0.11%) | total_pruned =  147293 | shape = torch.Size([128, 128, 3, 3])
1.1.7.1.1.7.1.1.1.1.bias | nonzeros =       0 /     128             (  0.00%) | total_pruned =     128 | shape = torch.Size([128])
1.1.7.1.1.7.1.1.2.weight | nonzeros =      85 /     128             ( 66.41%) | total_pruned =      43 | shape = torch.Size([128])
1.1.7.1.1.7.1.1.2.bias | nonzeros =       0 /     128             (  0.00%) | total_pruned =     128 | shape = torch.Size([128])
1.1.7.1.1.7.1.1.4.1.weight | nonzeros =     226 /  147456             (  0.15%) | total_pruned =  147230 | shape = torch.Size([128, 128, 3, 3])
1.1.7.1.1.7.1.1.4.1.bias | nonzeros =       0 /     128             (  0.00%) | total_pruned =     128 | shape = torch.Size([128])
1.1.7.1.1.7.1.1.5.weight | nonzeros =      65 /     128             ( 50.78%) | total_pruned =      63 | shape = torch.Size([128])
1.1.7.1.1.7.1.1.5.bias | nonzeros =       0 /     128             (  0.00%) | total_pruned =     128 | shape = torch.Size([128])
1.1.7.1.1.7.1.1.7.1.0.1.1.weight | nonzeros =     111 /     512             ( 21.68%) | total_pruned =     401 | shape = torch.Size([4, 128, 1, 1])
1.1.7.1.1.7.1.1.7.1.0.1.1.bias | nonzeros =       0 /       4             (  0.00%) | total_pruned =       4 | shape = torch.Size([4])
1.1.7.1.1.7.1.1.7.1.0.2.weight | nonzeros =       4 /       4             (100.00%) | total_pruned =       0 | shape = torch.Size([4])
1.1.7.1.1.7.1.1.7.1.0.2.bias | nonzeros =       0 /       4             (  0.00%) | total_pruned =       4 | shape = torch.Size([4])
1.1.7.1.1.7.1.1.7.1.1.1.1.weight | nonzeros =      11 /  147456             (  0.01%) | total_pruned =  147445 | shape = torch.Size([128, 128, 3, 3])
1.1.7.1.1.7.1.1.7.1.1.1.1.bias | nonzeros =       0 /     128             (  0.00%) | total_pruned =     128 | shape = torch.Size([128])
1.1.7.1.1.7.1.1.7.1.1.2.weight | nonzeros =      73 /     128             ( 57.03%) | total_pruned =      55 | shape = torch.Size([128])
1.1.7.1.1.7.1.1.7.1.1.2.bias | nonzeros =       0 /     128             (  0.00%) | total_pruned =     128 | shape = torch.Size([128])
1.1.7.1.1.7.1.1.7.1.1.4.1.weight | nonzeros =      60 /  147456             (  0.04%) | total_pruned =  147396 | shape = torch.Size([128, 128, 3, 3])
1.1.7.1.1.7.1.1.7.1.1.4.1.bias | nonzeros =       0 /     128             (  0.00%) | total_pruned =     128 | shape = torch.Size([128])
1.1.7.1.1.7.1.1.7.1.1.5.weight | nonzeros =      86 /     128             ( 67.19%) | total_pruned =      42 | shape = torch.Size([128])
1.1.7.1.1.7.1.1.7.1.1.5.bias | nonzeros =       0 /     128             (  0.00%) | total_pruned =     128 | shape = torch.Size([128])
1.1.7.1.1.7.1.1.7.1.1.7.1.0.1.1.weight | nonzeros =      32 /     512             (  6.25%) | total_pruned =     480 | shape = torch.Size([4, 128, 1, 1])
1.1.7.1.1.7.1.1.7.1.1.7.1.0.1.1.bias | nonzeros =       0 /       4             (  0.00%) | total_pruned =       4 | shape = torch.Size([4])
1.1.7.1.1.7.1.1.7.1.1.7.1.0.2.weight | nonzeros =       3 /       4             ( 75.00%) | total_pruned =       1 | shape = torch.Size([4])
1.1.7.1.1.7.1.1.7.1.1.7.1.0.2.bias | nonzeros =       0 /       4             (  0.00%) | total_pruned =       4 | shape = torch.Size([4])
1.1.7.1.1.7.1.1.7.1.1.7.1.1.1.1.weight | nonzeros =     210 /  147456             (  0.14%) | total_pruned =  147246 | shape = torch.Size([128, 128, 3, 3])
1.1.7.1.1.7.1.1.7.1.1.7.1.1.1.1.bias | nonzeros =       0 /     128             (  0.00%) | total_pruned =     128 | shape = torch.Size([128])
1.1.7.1.1.7.1.1.7.1.1.7.1.1.2.weight | nonzeros =     103 /     128             ( 80.47%) | total_pruned =      25 | shape = torch.Size([128])
1.1.7.1.1.7.1.1.7.1.1.7.1.1.2.bias | nonzeros =       0 /     128             (  0.00%) | total_pruned =     128 | shape = torch.Size([128])
1.1.7.1.1.7.1.1.7.1.1.7.1.1.4.1.weight | nonzeros =    1300 /  147456             (  0.88%) | total_pruned =  146156 | shape = torch.Size([128, 128, 3, 3])
1.1.7.1.1.7.1.1.7.1.1.7.1.1.4.1.bias | nonzeros =       0 /     128             (  0.00%) | total_pruned =     128 | shape = torch.Size([128])
1.1.7.1.1.7.1.1.7.1.1.7.1.1.5.weight | nonzeros =      72 /     128             ( 56.25%) | total_pruned =      56 | shape = torch.Size([128])
1.1.7.1.1.7.1.1.7.1.1.7.1.1.5.bias | nonzeros =       0 /     128             (  0.00%) | total_pruned =     128 | shape = torch.Size([128])
1.1.7.1.1.7.1.1.7.1.1.7.2.weight | nonzeros =      76 /     132             ( 57.58%) | total_pruned =      56 | shape = torch.Size([132])
1.1.7.1.1.7.1.1.7.1.1.7.2.bias | nonzeros =       0 /     132             (  0.00%) | total_pruned =     132 | shape = torch.Size([132])
1.1.7.1.1.7.1.1.7.1.1.7.3.1.weight | nonzeros =    1253 /  152064             (  0.82%) | total_pruned =  150811 | shape = torch.Size([128, 132, 3, 3])
1.1.7.1.1.7.1.1.7.1.1.7.3.1.bias | nonzeros =       0 /     128             (  0.00%) | total_pruned =     128 | shape = torch.Size([128])
1.1.7.1.1.7.1.1.7.1.1.7.4.weight | nonzeros =     104 /     128             ( 81.25%) | total_pruned =      24 | shape = torch.Size([128])
1.1.7.1.1.7.1.1.7.1.1.7.4.bias | nonzeros =       0 /     128             (  0.00%) | total_pruned =     128 | shape = torch.Size([128])
1.1.7.1.1.7.1.1.7.1.1.7.6.1.weight | nonzeros =    1119 /   16384             (  6.83%) | total_pruned =   15265 | shape = torch.Size([128, 128, 1, 1])
1.1.7.1.1.7.1.1.7.1.1.7.6.1.bias | nonzeros =       0 /     128             (  0.00%) | total_pruned =     128 | shape = torch.Size([128])
1.1.7.1.1.7.1.1.7.1.1.7.7.weight | nonzeros =      63 /     128             ( 49.22%) | total_pruned =      65 | shape = torch.Size([128])
1.1.7.1.1.7.1.1.7.1.1.7.7.bias | nonzeros =       0 /     128             (  0.00%) | total_pruned =     128 | shape = torch.Size([128])
1.1.7.1.1.7.1.1.7.2.weight | nonzeros =      72 /     132             ( 54.55%) | total_pruned =      60 | shape = torch.Size([132])
1.1.7.1.1.7.1.1.7.2.bias | nonzeros =       0 /     132             (  0.00%) | total_pruned =     132 | shape = torch.Size([132])
1.1.7.1.1.7.1.1.7.3.1.weight | nonzeros =    1790 /  152064             (  1.18%) | total_pruned =  150274 | shape = torch.Size([128, 132, 3, 3])
1.1.7.1.1.7.1.1.7.3.1.bias | nonzeros =       0 /     128             (  0.00%) | total_pruned =     128 | shape = torch.Size([128])
1.1.7.1.1.7.1.1.7.4.weight | nonzeros =      97 /     128             ( 75.78%) | total_pruned =      31 | shape = torch.Size([128])
1.1.7.1.1.7.1.1.7.4.bias | nonzeros =       0 /     128             (  0.00%) | total_pruned =     128 | shape = torch.Size([128])
1.1.7.1.1.7.1.1.7.6.1.weight | nonzeros =    1024 /   16384             (  6.25%) | total_pruned =   15360 | shape = torch.Size([128, 128, 1, 1])
1.1.7.1.1.7.1.1.7.6.1.bias | nonzeros =       0 /     128             (  0.00%) | total_pruned =     128 | shape = torch.Size([128])
1.1.7.1.1.7.1.1.7.7.weight | nonzeros =      49 /     128             ( 38.28%) | total_pruned =      79 | shape = torch.Size([128])
1.1.7.1.1.7.1.1.7.7.bias | nonzeros =       0 /     128             (  0.00%) | total_pruned =     128 | shape = torch.Size([128])
1.1.7.1.1.7.2.weight | nonzeros =      53 /     132             ( 40.15%) | total_pruned =      79 | shape = torch.Size([132])
1.1.7.1.1.7.2.bias   | nonzeros =       0 /     132             (  0.00%) | total_pruned =     132 | shape = torch.Size([132])
1.1.7.1.1.7.3.1.weight | nonzeros =    3053 /  152064             (  2.01%) | total_pruned =  149011 | shape = torch.Size([128, 132, 3, 3])
1.1.7.1.1.7.3.1.bias | nonzeros =       0 /     128             (  0.00%) | total_pruned =     128 | shape = torch.Size([128])
1.1.7.1.1.7.4.weight | nonzeros =     104 /     128             ( 81.25%) | total_pruned =      24 | shape = torch.Size([128])
1.1.7.1.1.7.4.bias   | nonzeros =       0 /     128             (  0.00%) | total_pruned =     128 | shape = torch.Size([128])
1.1.7.1.1.7.6.1.weight | nonzeros =    1802 /   16384             ( 11.00%) | total_pruned =   14582 | shape = torch.Size([128, 128, 1, 1])
1.1.7.1.1.7.6.1.bias | nonzeros =       0 /     128             (  0.00%) | total_pruned =     128 | shape = torch.Size([128])
1.1.7.1.1.7.7.weight | nonzeros =      71 /     128             ( 55.47%) | total_pruned =      57 | shape = torch.Size([128])
1.1.7.1.1.7.7.bias   | nonzeros =       0 /     128             (  0.00%) | total_pruned =     128 | shape = torch.Size([128])
1.1.7.2.weight       | nonzeros =      74 /     132             ( 56.06%) | total_pruned =      58 | shape = torch.Size([132])
1.1.7.2.bias         | nonzeros =       0 /     132             (  0.00%) | total_pruned =     132 | shape = torch.Size([132])
1.1.7.3.1.weight     | nonzeros =    3647 /  152064             (  2.40%) | total_pruned =  148417 | shape = torch.Size([128, 132, 3, 3])
1.1.7.3.1.bias       | nonzeros =       0 /     128             (  0.00%) | total_pruned =     128 | shape = torch.Size([128])
1.1.7.4.weight       | nonzeros =      98 /     128             ( 76.56%) | total_pruned =      30 | shape = torch.Size([128])
1.1.7.4.bias         | nonzeros =       0 /     128             (  0.00%) | total_pruned =     128 | shape = torch.Size([128])
1.1.7.6.1.weight     | nonzeros =    1697 /   16384             ( 10.36%) | total_pruned =   14687 | shape = torch.Size([128, 128, 1, 1])
1.1.7.6.1.bias       | nonzeros =       0 /     128             (  0.00%) | total_pruned =     128 | shape = torch.Size([128])
1.1.7.7.weight       | nonzeros =      75 /     128             ( 58.59%) | total_pruned =      53 | shape = torch.Size([128])
1.1.7.7.bias         | nonzeros =       0 /     128             (  0.00%) | total_pruned =     128 | shape = torch.Size([128])
2.weight             | nonzeros =      79 /     132             ( 59.85%) | total_pruned =      53 | shape = torch.Size([132])
2.bias               | nonzeros =       0 /     132             (  0.00%) | total_pruned =     132 | shape = torch.Size([132])
3.1.weight           | nonzeros =    2951 /  152064             (  1.94%) | total_pruned =  149113 | shape = torch.Size([128, 132, 3, 3])
3.1.bias             | nonzeros =       0 /     128             (  0.00%) | total_pruned =     128 | shape = torch.Size([128])
4.weight             | nonzeros =     104 /     128             ( 81.25%) | total_pruned =      24 | shape = torch.Size([128])
4.bias               | nonzeros =       0 /     128             (  0.00%) | total_pruned =     128 | shape = torch.Size([128])
6.1.weight           | nonzeros =    2075 /   16384             ( 12.66%) | total_pruned =   14309 | shape = torch.Size([128, 128, 1, 1])
6.1.bias             | nonzeros =       0 /     128             (  0.00%) | total_pruned =     128 | shape = torch.Size([128])
7.weight             | nonzeros =      97 /     128             ( 75.78%) | total_pruned =      31 | shape = torch.Size([128])
7.bias               | nonzeros =       0 /     128             (  0.00%) | total_pruned =     128 | shape = torch.Size([128])
9.1.weight           | nonzeros =     180 /     384             ( 46.88%) | total_pruned =     204 | shape = torch.Size([3, 128, 1, 1])
9.1.bias             | nonzeros =       3 /       3             (100.00%) | total_pruned =       0 | shape = torch.Size([3])
alive: 110891, pruned : 2106940, total: 2217831, Compression rate :      20.00x  ( 95.00% pruned)
(3, 512, 512) (3, 512, 512) (3, 512, 512)
PSNR of output image is:  12.988632454218465
Experiment done
