(3, 512, 512)
Noisy PSNR is '20.433441349538235'
(3, 512, 512) (3, 512, 512) torch.Size([1, 32, 512, 512])
Starting optimization with optimizer 'SAM'
Output directory: data/denoising/Set14/mask/2/sparsity_skip/det/0.05/1e-09
(3, 512, 512)
Noisy PSNR is '20.437671118907915'
(3, 512, 512) (3, 512, 512) torch.Size([1, 32, 512, 512])
Starting optimization with optimizer 'SAM'
Output directory: data/denoising/Set14/mask/2/sparsity_skip/det/0.05/1e-09
epoch:  0 quantization_loss:  0.10092514008283615
p mean is: tensor(-0.0005, device='cuda:2')
epoch:  1000 quantization_loss:  0.06949441879987717
p mean is: tensor(-0.0149, device='cuda:2')
epoch:  2000 quantization_loss:  0.0690227821469307
p mean is: tensor(-0.0251, device='cuda:2')
epoch:  3000 quantization_loss:  0.0696275532245636
p mean is: tensor(-0.0354, device='cuda:2')
epoch:  4000 quantization_loss:  0.06933528184890747
p mean is: tensor(-0.0457, device='cuda:2')
epoch:  5000 quantization_loss:  0.06894002854824066
p mean is: tensor(-0.0554, device='cuda:2')
epoch:  6000 quantization_loss:  0.06963067501783371
p mean is: tensor(-0.0653, device='cuda:2')
epoch:  7000 quantization_loss:  0.06946252286434174
p mean is: tensor(-0.0755, device='cuda:2')
epoch:  8000 quantization_loss:  0.06897680461406708
p mean is: tensor(-0.0858, device='cuda:2')
epoch:  9000 quantization_loss:  0.06873594224452972
p mean is: tensor(-0.0960, device='cuda:2')
epoch:  10000 quantization_loss:  0.06825822591781616
p mean is: tensor(-0.1067, device='cuda:2')
epoch:  11000 quantization_loss:  0.06699497997760773
p mean is: tensor(-0.1174, device='cuda:2')
epoch:  12000 quantization_loss:  0.06794680655002594
p mean is: tensor(-0.1285, device='cuda:2')
epoch:  13000 quantization_loss:  0.06797059625387192
p mean is: tensor(-0.1398, device='cuda:2')
epoch:  14000 quantization_loss:  0.06016765907406807
p mean is: tensor(-0.1515, device='cuda:2')
epoch:  15000 quantization_loss:  0.04917074367403984
p mean is: tensor(-0.1628, device='cuda:2')
epoch:  16000 quantization_loss:  0.04309557005763054
p mean is: tensor(-0.1774, device='cuda:2')
epoch:  17000 quantization_loss:  0.037681516259908676
p mean is: tensor(-0.1962, device='cuda:2')
epoch:  18000 quantization_loss:  0.03148435056209564
p mean is: tensor(-0.2193, device='cuda:2')
epoch:  19000 quantization_loss:  0.027284709736704826
p mean is: tensor(-0.2479, device='cuda:2')
epoch:  20000 quantization_loss:  0.025388391688466072
p mean is: tensor(-0.2837, device='cuda:2')
epoch:  21000 quantization_loss:  0.02308669127523899
p mean is: tensor(-0.3277, device='cuda:2')
epoch:  22000 quantization_loss:  0.02186848223209381
p mean is: tensor(-0.3807, device='cuda:2')
epoch:  23000 quantization_loss:  0.020442791283130646
p mean is: tensor(-0.4435, device='cuda:2')
epoch:  24000 quantization_loss:  0.01928633823990822
p mean is: tensor(-0.5146, device='cuda:2')
epoch:  25000 quantization_loss:  0.01849847473204136
p mean is: tensor(-0.5926, device='cuda:2')
epoch:  26000 quantization_loss:  0.018059270456433296
p mean is: tensor(-0.6754, device='cuda:2')
epoch:  27000 quantization_loss:  0.017260348424315453
p mean is: tensor(-0.7607, device='cuda:2')
epoch:  28000 quantization_loss:  0.016570180654525757
p mean is: tensor(-0.8472, device='cuda:2')
epoch:  29000 quantization_loss:  0.016161438077688217
p mean is: tensor(-0.9322, device='cuda:2')
epoch:  30000 quantization_loss:  0.015661049634218216
p mean is: tensor(-1.0146, device='cuda:2')
epoch:  31000 quantization_loss:  0.01522127166390419
p mean is: tensor(-1.0931, device='cuda:2')
epoch:  32000 quantization_loss:  0.014995424076914787
p mean is: tensor(-1.1682, device='cuda:2')
epoch:  33000 quantization_loss:  0.014821160584688187
p mean is: tensor(-1.2394, device='cuda:2')
epoch:  34000 quantization_loss:  0.014515713788568974
p mean is: tensor(-1.3066, device='cuda:2')
epoch:  35000 quantization_loss:  0.014077124185860157
p mean is: tensor(-1.3700, device='cuda:2')
epoch:  36000 quantization_loss:  0.013991122134029865
p mean is: tensor(-1.4298, device='cuda:2')
epoch:  37000 quantization_loss:  0.013623655773699284
p mean is: tensor(-1.4861, device='cuda:2')
epoch:  38000 quantization_loss:  0.0135734798386693
p mean is: tensor(-1.5390, device='cuda:2')
epoch:  39000 quantization_loss:  0.013414334505796432
p mean is: tensor(-1.5892, device='cuda:2')
epoch:  40000 quantization_loss:  0.01321389153599739
p mean is: tensor(-1.6366, device='cuda:2')
epoch:  41000 quantization_loss:  0.013036169111728668
p mean is: tensor(-1.6815, device='cuda:2')
epoch:  42000 quantization_loss:  0.01303458958864212
p mean is: tensor(-1.7240, device='cuda:2')
epoch:  43000 quantization_loss:  0.012894428335130215
p mean is: tensor(-1.7642, device='cuda:2')
epoch:  44000 quantization_loss:  0.012777358293533325
p mean is: tensor(-1.8020, device='cuda:2')
epoch:  45000 quantization_loss:  0.012698972597718239
p mean is: tensor(-1.8378, device='cuda:2')
epoch:  46000 quantization_loss:  0.012684641405940056
p mean is: tensor(-1.8720, device='cuda:2')
epoch:  47000 quantization_loss:  0.012528660707175732
p mean is: tensor(-1.9045, device='cuda:2')
epoch:  48000 quantization_loss:  0.012553608044981956
p mean is: tensor(-1.9354, device='cuda:2')
epoch:  49000 quantization_loss:  0.012409403920173645
p mean is: tensor(-1.9648, device='cuda:2')
epoch:  50000 quantization_loss:  0.012295491062104702
p mean is: tensor(-1.9928, device='cuda:2')
epoch:  51000 quantization_loss:  0.012303337454795837
p mean is: tensor(-2.0193, device='cuda:2')
epoch:  52000 quantization_loss:  0.012369170784950256
p mean is: tensor(-2.0447, device='cuda:2')
epoch:  53000 quantization_loss:  0.012195849791169167
p mean is: tensor(-2.0689, device='cuda:2')
epoch:  54000 quantization_loss:  0.01212533749639988
p mean is: tensor(-2.0918, device='cuda:2')
epoch:  55000 quantization_loss:  0.012114088051021099
p mean is: tensor(-2.1139, device='cuda:2')
epoch:  56000 quantization_loss:  0.012096831575036049
p mean is: tensor(-2.1350, device='cuda:2')
epoch:  57000 quantization_loss:  0.012083832174539566
p mean is: tensor(-2.1551, device='cuda:2')
epoch:  58000 quantization_loss:  0.012001191265881062
p mean is: tensor(-2.1744, device='cuda:2')
epoch:  59000 quantization_loss:  0.011904955841600895
p mean is: tensor(-2.1929, device='cuda:2')
Number of elements to keep: 110891
Threshold value: 4.56215763092041
Number of elements equal to threshold: 1
Number of elements to randomly select: 1
Actual sparsity achieved: 0.04999975200995928
Number of elements to keep: 110891
Threshold value: 4.56215763092041
Number of elements equal to threshold: 1
Number of elements to randomly select: 1
Actual sparsity achieved: 0.04999975200995928
1.0.1.1.weight       | nonzeros =      58 /     128             ( 45.31%) | total_pruned =      70 | shape = torch.Size([4, 32, 1, 1])
1.0.1.1.bias         | nonzeros =       0 /       4             (  0.00%) | total_pruned =       4 | shape = torch.Size([4])
1.0.2.weight         | nonzeros =       4 /       4             (100.00%) | total_pruned =       0 | shape = torch.Size([4])
1.0.2.bias           | nonzeros =       0 /       4             (  0.00%) | total_pruned =       4 | shape = torch.Size([4])
1.1.1.1.weight       | nonzeros =   14432 /   36864             ( 39.15%) | total_pruned =   22432 | shape = torch.Size([128, 32, 3, 3])
1.1.1.1.bias         | nonzeros =       0 /     128             (  0.00%) | total_pruned =     128 | shape = torch.Size([128])
1.1.2.weight         | nonzeros =     108 /     128             ( 84.38%) | total_pruned =      20 | shape = torch.Size([128])
1.1.2.bias           | nonzeros =       0 /     128             (  0.00%) | total_pruned =     128 | shape = torch.Size([128])
1.1.4.1.weight       | nonzeros =   34476 /  147456             ( 23.38%) | total_pruned =  112980 | shape = torch.Size([128, 128, 3, 3])
1.1.4.1.bias         | nonzeros =       0 /     128             (  0.00%) | total_pruned =     128 | shape = torch.Size([128])
1.1.5.weight         | nonzeros =     102 /     128             ( 79.69%) | total_pruned =      26 | shape = torch.Size([128])
1.1.5.bias           | nonzeros =       0 /     128             (  0.00%) | total_pruned =     128 | shape = torch.Size([128])
1.1.7.1.0.1.1.weight | nonzeros =      75 /     512             ( 14.65%) | total_pruned =     437 | shape = torch.Size([4, 128, 1, 1])
1.1.7.1.0.1.1.bias   | nonzeros =       0 /       4             (  0.00%) | total_pruned =       4 | shape = torch.Size([4])
1.1.7.1.0.2.weight   | nonzeros =       2 /       4             ( 50.00%) | total_pruned =       2 | shape = torch.Size([4])
1.1.7.1.0.2.bias     | nonzeros =       0 /       4             (  0.00%) | total_pruned =       4 | shape = torch.Size([4])
1.1.7.1.1.1.1.weight | nonzeros =   26411 /  147456             ( 17.91%) | total_pruned =  121045 | shape = torch.Size([128, 128, 3, 3])
1.1.7.1.1.1.1.bias   | nonzeros =       0 /     128             (  0.00%) | total_pruned =     128 | shape = torch.Size([128])
1.1.7.1.1.2.weight   | nonzeros =     107 /     128             ( 83.59%) | total_pruned =      21 | shape = torch.Size([128])
1.1.7.1.1.2.bias     | nonzeros =       0 /     128             (  0.00%) | total_pruned =     128 | shape = torch.Size([128])
1.1.7.1.1.4.1.weight | nonzeros =   13669 /  147456             (  9.27%) | total_pruned =  133787 | shape = torch.Size([128, 128, 3, 3])
1.1.7.1.1.4.1.bias   | nonzeros =       0 /     128             (  0.00%) | total_pruned =     128 | shape = torch.Size([128])
1.1.7.1.1.5.weight   | nonzeros =     101 /     128             ( 78.91%) | total_pruned =      27 | shape = torch.Size([128])
1.1.7.1.1.5.bias     | nonzeros =       0 /     128             (  0.00%) | total_pruned =     128 | shape = torch.Size([128])
1.1.7.1.1.7.1.0.1.1.weight | nonzeros =     192 /     512             ( 37.50%) | total_pruned =     320 | shape = torch.Size([4, 128, 1, 1])
1.1.7.1.1.7.1.0.1.1.bias | nonzeros =       0 /       4             (  0.00%) | total_pruned =       4 | shape = torch.Size([4])
1.1.7.1.1.7.1.0.2.weight | nonzeros =       4 /       4             (100.00%) | total_pruned =       0 | shape = torch.Size([4])
1.1.7.1.1.7.1.0.2.bias | nonzeros =       0 /       4             (  0.00%) | total_pruned =       4 | shape = torch.Size([4])
1.1.7.1.1.7.1.1.1.1.weight | nonzeros =     288 /  147456             (  0.20%) | total_pruned =  147168 | shape = torch.Size([128, 128, 3, 3])
1.1.7.1.1.7.1.1.1.1.bias | nonzeros =       0 /     128             (  0.00%) | total_pruned =     128 | shape = torch.Size([128])
1.1.7.1.1.7.1.1.2.weight | nonzeros =      83 /     128             ( 64.84%) | total_pruned =      45 | shape = torch.Size([128])
1.1.7.1.1.7.1.1.2.bias | nonzeros =       0 /     128             (  0.00%) | total_pruned =     128 | shape = torch.Size([128])
1.1.7.1.1.7.1.1.4.1.weight | nonzeros =     206 /  147456             (  0.14%) | total_pruned =  147250 | shape = torch.Size([128, 128, 3, 3])
1.1.7.1.1.7.1.1.4.1.bias | nonzeros =       0 /     128             (  0.00%) | total_pruned =     128 | shape = torch.Size([128])
1.1.7.1.1.7.1.1.5.weight | nonzeros =      72 /     128             ( 56.25%) | total_pruned =      56 | shape = torch.Size([128])
1.1.7.1.1.7.1.1.5.bias | nonzeros =       0 /     128             (  0.00%) | total_pruned =     128 | shape = torch.Size([128])
1.1.7.1.1.7.1.1.7.1.0.1.1.weight | nonzeros =     112 /     512             ( 21.88%) | total_pruned =     400 | shape = torch.Size([4, 128, 1, 1])
1.1.7.1.1.7.1.1.7.1.0.1.1.bias | nonzeros =       0 /       4             (  0.00%) | total_pruned =       4 | shape = torch.Size([4])
1.1.7.1.1.7.1.1.7.1.0.2.weight | nonzeros =       4 /       4             (100.00%) | total_pruned =       0 | shape = torch.Size([4])
1.1.7.1.1.7.1.1.7.1.0.2.bias | nonzeros =       0 /       4             (  0.00%) | total_pruned =       4 | shape = torch.Size([4])
1.1.7.1.1.7.1.1.7.1.1.1.1.weight | nonzeros =       8 /  147456             (  0.01%) | total_pruned =  147448 | shape = torch.Size([128, 128, 3, 3])
1.1.7.1.1.7.1.1.7.1.1.1.1.bias | nonzeros =       0 /     128             (  0.00%) | total_pruned =     128 | shape = torch.Size([128])
1.1.7.1.1.7.1.1.7.1.1.2.weight | nonzeros =      69 /     128             ( 53.91%) | total_pruned =      59 | shape = torch.Size([128])
1.1.7.1.1.7.1.1.7.1.1.2.bias | nonzeros =       0 /     128             (  0.00%) | total_pruned =     128 | shape = torch.Size([128])
1.1.7.1.1.7.1.1.7.1.1.4.1.weight | nonzeros =      36 /  147456             (  0.02%) | total_pruned =  147420 | shape = torch.Size([128, 128, 3, 3])
1.1.7.1.1.7.1.1.7.1.1.4.1.bias | nonzeros =       0 /     128             (  0.00%) | total_pruned =     128 | shape = torch.Size([128])
1.1.7.1.1.7.1.1.7.1.1.5.weight | nonzeros =      78 /     128             ( 60.94%) | total_pruned =      50 | shape = torch.Size([128])
1.1.7.1.1.7.1.1.7.1.1.5.bias | nonzeros =       0 /     128             (  0.00%) | total_pruned =     128 | shape = torch.Size([128])
1.1.7.1.1.7.1.1.7.1.1.7.1.0.1.1.weight | nonzeros =      39 /     512             (  7.62%) | total_pruned =     473 | shape = torch.Size([4, 128, 1, 1])
1.1.7.1.1.7.1.1.7.1.1.7.1.0.1.1.bias | nonzeros =       0 /       4             (  0.00%) | total_pruned =       4 | shape = torch.Size([4])
1.1.7.1.1.7.1.1.7.1.1.7.1.0.2.weight | nonzeros =       4 /       4             (100.00%) | total_pruned =       0 | shape = torch.Size([4])
1.1.7.1.1.7.1.1.7.1.1.7.1.0.2.bias | nonzeros =       0 /       4             (  0.00%) | total_pruned =       4 | shape = torch.Size([4])
1.1.7.1.1.7.1.1.7.1.1.7.1.1.1.1.weight | nonzeros =      84 /  147456             (  0.06%) | total_pruned =  147372 | shape = torch.Size([128, 128, 3, 3])
1.1.7.1.1.7.1.1.7.1.1.7.1.1.1.1.bias | nonzeros =       0 /     128             (  0.00%) | total_pruned =     128 | shape = torch.Size([128])
1.1.7.1.1.7.1.1.7.1.1.7.1.1.2.weight | nonzeros =      93 /     128             ( 72.66%) | total_pruned =      35 | shape = torch.Size([128])
1.1.7.1.1.7.1.1.7.1.1.7.1.1.2.bias | nonzeros =       0 /     128             (  0.00%) | total_pruned =     128 | shape = torch.Size([128])
1.1.7.1.1.7.1.1.7.1.1.7.1.1.4.1.weight | nonzeros =     406 /  147456             (  0.28%) | total_pruned =  147050 | shape = torch.Size([128, 128, 3, 3])
1.1.7.1.1.7.1.1.7.1.1.7.1.1.4.1.bias | nonzeros =       0 /     128             (  0.00%) | total_pruned =     128 | shape = torch.Size([128])
1.1.7.1.1.7.1.1.7.1.1.7.1.1.5.weight | nonzeros =      78 /     128             ( 60.94%) | total_pruned =      50 | shape = torch.Size([128])
1.1.7.1.1.7.1.1.7.1.1.7.1.1.5.bias | nonzeros =       0 /     128             (  0.00%) | total_pruned =     128 | shape = torch.Size([128])
1.1.7.1.1.7.1.1.7.1.1.7.2.weight | nonzeros =      85 /     132             ( 64.39%) | total_pruned =      47 | shape = torch.Size([132])
1.1.7.1.1.7.1.1.7.1.1.7.2.bias | nonzeros =       0 /     132             (  0.00%) | total_pruned =     132 | shape = torch.Size([132])
1.1.7.1.1.7.1.1.7.1.1.7.3.1.weight | nonzeros =     390 /  152064             (  0.26%) | total_pruned =  151674 | shape = torch.Size([128, 132, 3, 3])
1.1.7.1.1.7.1.1.7.1.1.7.3.1.bias | nonzeros =       0 /     128             (  0.00%) | total_pruned =     128 | shape = torch.Size([128])
1.1.7.1.1.7.1.1.7.1.1.7.4.weight | nonzeros =      99 /     128             ( 77.34%) | total_pruned =      29 | shape = torch.Size([128])
1.1.7.1.1.7.1.1.7.1.1.7.4.bias | nonzeros =       0 /     128             (  0.00%) | total_pruned =     128 | shape = torch.Size([128])
1.1.7.1.1.7.1.1.7.1.1.7.6.1.weight | nonzeros =     592 /   16384             (  3.61%) | total_pruned =   15792 | shape = torch.Size([128, 128, 1, 1])
1.1.7.1.1.7.1.1.7.1.1.7.6.1.bias | nonzeros =       0 /     128             (  0.00%) | total_pruned =     128 | shape = torch.Size([128])
1.1.7.1.1.7.1.1.7.1.1.7.7.weight | nonzeros =      49 /     128             ( 38.28%) | total_pruned =      79 | shape = torch.Size([128])
1.1.7.1.1.7.1.1.7.1.1.7.7.bias | nonzeros =       0 /     128             (  0.00%) | total_pruned =     128 | shape = torch.Size([128])
1.1.7.1.1.7.1.1.7.2.weight | nonzeros =      62 /     132             ( 46.97%) | total_pruned =      70 | shape = torch.Size([132])
1.1.7.1.1.7.1.1.7.2.bias | nonzeros =       0 /     132             (  0.00%) | total_pruned =     132 | shape = torch.Size([132])
1.1.7.1.1.7.1.1.7.3.1.weight | nonzeros =    1228 /  152064             (  0.81%) | total_pruned =  150836 | shape = torch.Size([128, 132, 3, 3])
1.1.7.1.1.7.1.1.7.3.1.bias | nonzeros =       0 /     128             (  0.00%) | total_pruned =     128 | shape = torch.Size([128])
1.1.7.1.1.7.1.1.7.4.weight | nonzeros =     102 /     128             ( 79.69%) | total_pruned =      26 | shape = torch.Size([128])
1.1.7.1.1.7.1.1.7.4.bias | nonzeros =       0 /     128             (  0.00%) | total_pruned =     128 | shape = torch.Size([128])
1.1.7.1.1.7.1.1.7.6.1.weight | nonzeros =     758 /   16384             (  4.63%) | total_pruned =   15626 | shape = torch.Size([128, 128, 1, 1])
1.1.7.1.1.7.1.1.7.6.1.bias | nonzeros =       0 /     128             (  0.00%) | total_pruned =     128 | shape = torch.Size([128])
1.1.7.1.1.7.1.1.7.7.weight | nonzeros =      39 /     128             ( 30.47%) | total_pruned =      89 | shape = torch.Size([128])
1.1.7.1.1.7.1.1.7.7.bias | nonzeros =       0 /     128             (  0.00%) | total_pruned =     128 | shape = torch.Size([128])
1.1.7.1.1.7.2.weight | nonzeros =      43 /     132             ( 32.58%) | total_pruned =      89 | shape = torch.Size([132])
1.1.7.1.1.7.2.bias   | nonzeros =       0 /     132             (  0.00%) | total_pruned =     132 | shape = torch.Size([132])
1.1.7.1.1.7.3.1.weight | nonzeros =    2831 /  152064             (  1.86%) | total_pruned =  149233 | shape = torch.Size([128, 132, 3, 3])
1.1.7.1.1.7.3.1.bias | nonzeros =       0 /     128             (  0.00%) | total_pruned =     128 | shape = torch.Size([128])
1.1.7.1.1.7.4.weight | nonzeros =     108 /     128             ( 84.38%) | total_pruned =      20 | shape = torch.Size([128])
1.1.7.1.1.7.4.bias   | nonzeros =       0 /     128             (  0.00%) | total_pruned =     128 | shape = torch.Size([128])
1.1.7.1.1.7.6.1.weight | nonzeros =    1575 /   16384             (  9.61%) | total_pruned =   14809 | shape = torch.Size([128, 128, 1, 1])
1.1.7.1.1.7.6.1.bias | nonzeros =       0 /     128             (  0.00%) | total_pruned =     128 | shape = torch.Size([128])
1.1.7.1.1.7.7.weight | nonzeros =      66 /     128             ( 51.56%) | total_pruned =      62 | shape = torch.Size([128])
1.1.7.1.1.7.7.bias   | nonzeros =       0 /     128             (  0.00%) | total_pruned =     128 | shape = torch.Size([128])
1.1.7.2.weight       | nonzeros =      68 /     132             ( 51.52%) | total_pruned =      64 | shape = torch.Size([132])
1.1.7.2.bias         | nonzeros =       0 /     132             (  0.00%) | total_pruned =     132 | shape = torch.Size([132])
1.1.7.3.1.weight     | nonzeros =    3294 /  152064             (  2.17%) | total_pruned =  148770 | shape = torch.Size([128, 132, 3, 3])
1.1.7.3.1.bias       | nonzeros =       0 /     128             (  0.00%) | total_pruned =     128 | shape = torch.Size([128])
1.1.7.4.weight       | nonzeros =      79 /     128             ( 61.72%) | total_pruned =      49 | shape = torch.Size([128])
1.1.7.4.bias         | nonzeros =       0 /     128             (  0.00%) | total_pruned =     128 | shape = torch.Size([128])
1.1.7.6.1.weight     | nonzeros =    1517 /   16384             (  9.26%) | total_pruned =   14867 | shape = torch.Size([128, 128, 1, 1])
1.1.7.6.1.bias       | nonzeros =       0 /     128             (  0.00%) | total_pruned =     128 | shape = torch.Size([128])
1.1.7.7.weight       | nonzeros =      66 /     128             ( 51.56%) | total_pruned =      62 | shape = torch.Size([128])
1.1.7.7.bias         | nonzeros =       0 /     128             (  0.00%) | total_pruned =     128 | shape = torch.Size([128])
2.weight             | nonzeros =      70 /     132             ( 53.03%) | total_pruned =      62 | shape = torch.Size([132])
2.bias               | nonzeros =       0 /     132             (  0.00%) | total_pruned =     132 | shape = torch.Size([132])
3.1.weight           | nonzeros =    2993 /  152064             (  1.97%) | total_pruned =  149071 | shape = torch.Size([128, 132, 3, 3])
3.1.bias             | nonzeros =       0 /     128             (  0.00%) | total_pruned =     128 | shape = torch.Size([128])
4.weight             | nonzeros =     115 /     128             ( 89.84%) | total_pruned =      13 | shape = torch.Size([128])
4.bias               | nonzeros =       0 /     128             (  0.00%) | total_pruned =     128 | shape = torch.Size([128])
6.1.weight           | nonzeros =    2930 /   16384             ( 17.88%) | total_pruned =   13454 | shape = torch.Size([128, 128, 1, 1])
6.1.bias             | nonzeros =       0 /     128             (  0.00%) | total_pruned =     128 | shape = torch.Size([128])
7.weight             | nonzeros =     115 /     128             ( 89.84%) | total_pruned =      13 | shape = torch.Size([128])
7.bias               | nonzeros =       0 /     128             (  0.00%) | total_pruned =     128 | shape = torch.Size([128])
9.1.weight           | nonzeros =     214 /     384             ( 55.73%) | total_pruned =     170 | shape = torch.Size([3, 128, 1, 1])
9.1.bias             | nonzeros =       2 /       3             ( 66.67%) | total_pruned =       1 | shape = torch.Size([3])
alive: 110891, pruned : 2106940, total: 2217831, Compression rate :      20.00x  ( 95.00% pruned)
(3, 512, 512) (3, 512, 512) (3, 512, 512)
PSNR of output image is:  15.362569111423456
Experiment done
