(3, 512, 512)
Noisy PSNR is '21.635801598544518'
(3, 512, 512) (3, 512, 512) torch.Size([1, 32, 512, 512])
Starting optimization with optimizer 'SAM'
Output directory: data/denoising/Set14/mask/8/sparsity_skip/det/0.02/1e-09
epoch:  0 quantization_loss:  0.16073612868785858
p mean is: tensor(-0.0006, device='cuda:1')
epoch:  1000 quantization_loss:  0.11490996927022934
p mean is: tensor(-0.0165, device='cuda:1')
epoch:  2000 quantization_loss:  0.11182964593172073
p mean is: tensor(-0.0268, device='cuda:1')
epoch:  3000 quantization_loss:  0.10860133916139603
p mean is: tensor(-0.0367, device='cuda:1')
epoch:  4000 quantization_loss:  0.11256270855665207
p mean is: tensor(-0.0463, device='cuda:1')
epoch:  5000 quantization_loss:  0.10969260334968567
p mean is: tensor(-0.0557, device='cuda:1')
epoch:  6000 quantization_loss:  0.11140808463096619
p mean is: tensor(-0.0652, device='cuda:1')
epoch:  7000 quantization_loss:  0.10968004912137985
p mean is: tensor(-0.0749, device='cuda:1')
epoch:  8000 quantization_loss:  0.10930612683296204
p mean is: tensor(-0.0844, device='cuda:1')
epoch:  9000 quantization_loss:  0.1089535504579544
p mean is: tensor(-0.0943, device='cuda:1')
epoch:  10000 quantization_loss:  0.10989458113908768
p mean is: tensor(-0.1044, device='cuda:1')
epoch:  11000 quantization_loss:  0.10938907414674759
p mean is: tensor(-0.1150, device='cuda:1')
epoch:  12000 quantization_loss:  0.10921335965394974
p mean is: tensor(-0.1256, device='cuda:1')
epoch:  13000 quantization_loss:  0.10929526388645172
p mean is: tensor(-0.1362, device='cuda:1')
epoch:  14000 quantization_loss:  0.10980638116598129
p mean is: tensor(-0.1472, device='cuda:1')
epoch:  15000 quantization_loss:  0.1096697524189949
p mean is: tensor(-0.1583, device='cuda:1')
epoch:  16000 quantization_loss:  0.10938242822885513
p mean is: tensor(-0.1700, device='cuda:1')
epoch:  17000 quantization_loss:  0.10867005586624146
p mean is: tensor(-0.1817, device='cuda:1')
epoch:  18000 quantization_loss:  0.10883570462465286
p mean is: tensor(-0.1937, device='cuda:1')
epoch:  19000 quantization_loss:  0.10822839289903641
p mean is: tensor(-0.2062, device='cuda:1')
epoch:  20000 quantization_loss:  0.10819826275110245
p mean is: tensor(-0.2193, device='cuda:1')
epoch:  21000 quantization_loss:  0.10791455209255219
p mean is: tensor(-0.2324, device='cuda:1')
epoch:  22000 quantization_loss:  0.10740751773118973
p mean is: tensor(-0.2466, device='cuda:1')
epoch:  23000 quantization_loss:  0.10708965361118317
p mean is: tensor(-0.2619, device='cuda:1')
epoch:  24000 quantization_loss:  0.10820417106151581
p mean is: tensor(-0.2781, device='cuda:1')
epoch:  25000 quantization_loss:  0.08170714974403381
p mean is: tensor(-0.2950, device='cuda:1')
epoch:  26000 quantization_loss:  0.06359375268220901
p mean is: tensor(-0.3132, device='cuda:1')
epoch:  27000 quantization_loss:  0.05721225589513779
p mean is: tensor(-0.3349, device='cuda:1')
epoch:  28000 quantization_loss:  0.051514413207769394
p mean is: tensor(-0.3618, device='cuda:1')
epoch:  29000 quantization_loss:  0.04816596582531929
p mean is: tensor(-0.3956, device='cuda:1')
epoch:  30000 quantization_loss:  0.04384276643395424
p mean is: tensor(-0.4378, device='cuda:1')
epoch:  31000 quantization_loss:  0.03975813835859299
p mean is: tensor(-0.4894, device='cuda:1')
epoch:  32000 quantization_loss:  0.03684090077877045
p mean is: tensor(-0.5510, device='cuda:1')
epoch:  33000 quantization_loss:  0.03304225206375122
p mean is: tensor(-0.6229, device='cuda:1')
epoch:  34000 quantization_loss:  0.029660962522029877
p mean is: tensor(-0.7037, device='cuda:1')
epoch:  35000 quantization_loss:  0.027703821659088135
p mean is: tensor(-0.7926, device='cuda:1')
epoch:  36000 quantization_loss:  0.02610110491514206
p mean is: tensor(-0.8886, device='cuda:1')
epoch:  37000 quantization_loss:  0.025018535554409027
p mean is: tensor(-0.9894, device='cuda:1')
epoch:  38000 quantization_loss:  0.024552585557103157
p mean is: tensor(-1.0923, device='cuda:1')
epoch:  39000 quantization_loss:  0.022679584100842476
p mean is: tensor(-1.1947, device='cuda:1')
epoch:  40000 quantization_loss:  0.021917637437582016
p mean is: tensor(-1.2946, device='cuda:1')
epoch:  41000 quantization_loss:  0.022107578814029694
p mean is: tensor(-1.3907, device='cuda:1')
epoch:  42000 quantization_loss:  0.02073349617421627
p mean is: tensor(-1.4828, device='cuda:1')
epoch:  43000 quantization_loss:  0.020227370783686638
p mean is: tensor(-1.5699, device='cuda:1')
epoch:  44000 quantization_loss:  0.01971331425011158
p mean is: tensor(-1.6523, device='cuda:1')
epoch:  45000 quantization_loss:  0.019549913704395294
p mean is: tensor(-1.7299, device='cuda:1')
epoch:  46000 quantization_loss:  0.019019246101379395
p mean is: tensor(-1.8028, device='cuda:1')
epoch:  47000 quantization_loss:  0.018487360328435898
p mean is: tensor(-1.8709, device='cuda:1')
epoch:  48000 quantization_loss:  0.01842106506228447
p mean is: tensor(-1.9348, device='cuda:1')
epoch:  49000 quantization_loss:  0.018110016360878944
p mean is: tensor(-1.9945, device='cuda:1')
epoch:  50000 quantization_loss:  0.017780965194106102
p mean is: tensor(-2.0505, device='cuda:1')
epoch:  51000 quantization_loss:  0.01760602742433548
p mean is: tensor(-2.1033, device='cuda:1')
epoch:  52000 quantization_loss:  0.017513247206807137
p mean is: tensor(-2.1531, device='cuda:1')
epoch:  53000 quantization_loss:  0.01745583862066269
p mean is: tensor(-2.1998, device='cuda:1')
epoch:  54000 quantization_loss:  0.01732965186238289
p mean is: tensor(-2.2439, device='cuda:1')
epoch:  55000 quantization_loss:  0.01694759726524353
p mean is: tensor(-2.2856, device='cuda:1')
epoch:  56000 quantization_loss:  0.01693849079310894
p mean is: tensor(-2.3251, device='cuda:1')
epoch:  57000 quantization_loss:  0.016940392553806305
p mean is: tensor(-2.3625, device='cuda:1')
epoch:  58000 quantization_loss:  0.01672407239675522
p mean is: tensor(-2.3981, device='cuda:1')
epoch:  59000 quantization_loss:  0.016673339530825615
p mean is: tensor(-2.4321, device='cuda:1')
Number of elements to keep: 44356
Threshold value: 5.930026054382324
Number of elements equal to threshold: 1
Number of elements to randomly select: 1
Actual sparsity achieved: 0.01999972044759046
Number of elements to keep: 44356
Threshold value: 5.930026054382324
Number of elements equal to threshold: 1
Number of elements to randomly select: 1
Actual sparsity achieved: 0.01999972044759046
1.0.1.1.weight       | nonzeros =      55 /     128             ( 42.97%) | total_pruned =      73 | shape = torch.Size([4, 32, 1, 1])
1.0.1.1.bias         | nonzeros =       0 /       4             (  0.00%) | total_pruned =       4 | shape = torch.Size([4])
1.0.2.weight         | nonzeros =       2 /       4             ( 50.00%) | total_pruned =       2 | shape = torch.Size([4])
1.0.2.bias           | nonzeros =       0 /       4             (  0.00%) | total_pruned =       4 | shape = torch.Size([4])
1.1.1.1.weight       | nonzeros =    9589 /   36864             ( 26.01%) | total_pruned =   27275 | shape = torch.Size([128, 32, 3, 3])
1.1.1.1.bias         | nonzeros =       0 /     128             (  0.00%) | total_pruned =     128 | shape = torch.Size([128])
1.1.2.weight         | nonzeros =      86 /     128             ( 67.19%) | total_pruned =      42 | shape = torch.Size([128])
1.1.2.bias           | nonzeros =       0 /     128             (  0.00%) | total_pruned =     128 | shape = torch.Size([128])
1.1.4.1.weight       | nonzeros =   15043 /  147456             ( 10.20%) | total_pruned =  132413 | shape = torch.Size([128, 128, 3, 3])
1.1.4.1.bias         | nonzeros =       0 /     128             (  0.00%) | total_pruned =     128 | shape = torch.Size([128])
1.1.5.weight         | nonzeros =      97 /     128             ( 75.78%) | total_pruned =      31 | shape = torch.Size([128])
1.1.5.bias           | nonzeros =       0 /     128             (  0.00%) | total_pruned =     128 | shape = torch.Size([128])
1.1.7.1.0.1.1.weight | nonzeros =      27 /     512             (  5.27%) | total_pruned =     485 | shape = torch.Size([4, 128, 1, 1])
1.1.7.1.0.1.1.bias   | nonzeros =       0 /       4             (  0.00%) | total_pruned =       4 | shape = torch.Size([4])
1.1.7.1.0.2.weight   | nonzeros =       1 /       4             ( 25.00%) | total_pruned =       3 | shape = torch.Size([4])
1.1.7.1.0.2.bias     | nonzeros =       0 /       4             (  0.00%) | total_pruned =       4 | shape = torch.Size([4])
1.1.7.1.1.1.1.weight | nonzeros =    8237 /  147456             (  5.59%) | total_pruned =  139219 | shape = torch.Size([128, 128, 3, 3])
1.1.7.1.1.1.1.bias   | nonzeros =       0 /     128             (  0.00%) | total_pruned =     128 | shape = torch.Size([128])
1.1.7.1.1.2.weight   | nonzeros =      92 /     128             ( 71.88%) | total_pruned =      36 | shape = torch.Size([128])
1.1.7.1.1.2.bias     | nonzeros =       0 /     128             (  0.00%) | total_pruned =     128 | shape = torch.Size([128])
1.1.7.1.1.4.1.weight | nonzeros =    2433 /  147456             (  1.65%) | total_pruned =  145023 | shape = torch.Size([128, 128, 3, 3])
1.1.7.1.1.4.1.bias   | nonzeros =       0 /     128             (  0.00%) | total_pruned =     128 | shape = torch.Size([128])
1.1.7.1.1.5.weight   | nonzeros =      80 /     128             ( 62.50%) | total_pruned =      48 | shape = torch.Size([128])
1.1.7.1.1.5.bias     | nonzeros =       0 /     128             (  0.00%) | total_pruned =     128 | shape = torch.Size([128])
1.1.7.1.1.7.1.0.1.1.weight | nonzeros =     109 /     512             ( 21.29%) | total_pruned =     403 | shape = torch.Size([4, 128, 1, 1])
1.1.7.1.1.7.1.0.1.1.bias | nonzeros =       0 /       4             (  0.00%) | total_pruned =       4 | shape = torch.Size([4])
1.1.7.1.1.7.1.0.2.weight | nonzeros =       4 /       4             (100.00%) | total_pruned =       0 | shape = torch.Size([4])
1.1.7.1.1.7.1.0.2.bias | nonzeros =       0 /       4             (  0.00%) | total_pruned =       4 | shape = torch.Size([4])
1.1.7.1.1.7.1.1.1.1.weight | nonzeros =      10 /  147456             (  0.01%) | total_pruned =  147446 | shape = torch.Size([128, 128, 3, 3])
1.1.7.1.1.7.1.1.1.1.bias | nonzeros =       0 /     128             (  0.00%) | total_pruned =     128 | shape = torch.Size([128])
1.1.7.1.1.7.1.1.2.weight | nonzeros =      62 /     128             ( 48.44%) | total_pruned =      66 | shape = torch.Size([128])
1.1.7.1.1.7.1.1.2.bias | nonzeros =       0 /     128             (  0.00%) | total_pruned =     128 | shape = torch.Size([128])
1.1.7.1.1.7.1.1.4.1.weight | nonzeros =       8 /  147456             (  0.01%) | total_pruned =  147448 | shape = torch.Size([128, 128, 3, 3])
1.1.7.1.1.7.1.1.4.1.bias | nonzeros =       0 /     128             (  0.00%) | total_pruned =     128 | shape = torch.Size([128])
1.1.7.1.1.7.1.1.5.weight | nonzeros =      46 /     128             ( 35.94%) | total_pruned =      82 | shape = torch.Size([128])
1.1.7.1.1.7.1.1.5.bias | nonzeros =       0 /     128             (  0.00%) | total_pruned =     128 | shape = torch.Size([128])
1.1.7.1.1.7.1.1.7.1.0.1.1.weight | nonzeros =      41 /     512             (  8.01%) | total_pruned =     471 | shape = torch.Size([4, 128, 1, 1])
1.1.7.1.1.7.1.1.7.1.0.1.1.bias | nonzeros =       0 /       4             (  0.00%) | total_pruned =       4 | shape = torch.Size([4])
1.1.7.1.1.7.1.1.7.1.0.2.weight | nonzeros =       4 /       4             (100.00%) | total_pruned =       0 | shape = torch.Size([4])
1.1.7.1.1.7.1.1.7.1.0.2.bias | nonzeros =       0 /       4             (  0.00%) | total_pruned =       4 | shape = torch.Size([4])
1.1.7.1.1.7.1.1.7.1.1.1.1.weight | nonzeros =       1 /  147456             (  0.00%) | total_pruned =  147455 | shape = torch.Size([128, 128, 3, 3])
1.1.7.1.1.7.1.1.7.1.1.1.1.bias | nonzeros =       0 /     128             (  0.00%) | total_pruned =     128 | shape = torch.Size([128])
1.1.7.1.1.7.1.1.7.1.1.2.weight | nonzeros =      39 /     128             ( 30.47%) | total_pruned =      89 | shape = torch.Size([128])
1.1.7.1.1.7.1.1.7.1.1.2.bias | nonzeros =       0 /     128             (  0.00%) | total_pruned =     128 | shape = torch.Size([128])
1.1.7.1.1.7.1.1.7.1.1.4.1.weight | nonzeros =       7 /  147456             (  0.00%) | total_pruned =  147449 | shape = torch.Size([128, 128, 3, 3])
1.1.7.1.1.7.1.1.7.1.1.4.1.bias | nonzeros =       0 /     128             (  0.00%) | total_pruned =     128 | shape = torch.Size([128])
1.1.7.1.1.7.1.1.7.1.1.5.weight | nonzeros =      64 /     128             ( 50.00%) | total_pruned =      64 | shape = torch.Size([128])
1.1.7.1.1.7.1.1.7.1.1.5.bias | nonzeros =       0 /     128             (  0.00%) | total_pruned =     128 | shape = torch.Size([128])
1.1.7.1.1.7.1.1.7.1.1.7.1.0.1.1.weight | nonzeros =       7 /     512             (  1.37%) | total_pruned =     505 | shape = torch.Size([4, 128, 1, 1])
1.1.7.1.1.7.1.1.7.1.1.7.1.0.1.1.bias | nonzeros =       0 /       4             (  0.00%) | total_pruned =       4 | shape = torch.Size([4])
1.1.7.1.1.7.1.1.7.1.1.7.1.0.2.weight | nonzeros =       3 /       4             ( 75.00%) | total_pruned =       1 | shape = torch.Size([4])
1.1.7.1.1.7.1.1.7.1.1.7.1.0.2.bias | nonzeros =       0 /       4             (  0.00%) | total_pruned =       4 | shape = torch.Size([4])
1.1.7.1.1.7.1.1.7.1.1.7.1.1.1.1.weight | nonzeros =      31 /  147456             (  0.02%) | total_pruned =  147425 | shape = torch.Size([128, 128, 3, 3])
1.1.7.1.1.7.1.1.7.1.1.7.1.1.1.1.bias | nonzeros =       0 /     128             (  0.00%) | total_pruned =     128 | shape = torch.Size([128])
1.1.7.1.1.7.1.1.7.1.1.7.1.1.2.weight | nonzeros =      81 /     128             ( 63.28%) | total_pruned =      47 | shape = torch.Size([128])
1.1.7.1.1.7.1.1.7.1.1.7.1.1.2.bias | nonzeros =       0 /     128             (  0.00%) | total_pruned =     128 | shape = torch.Size([128])
1.1.7.1.1.7.1.1.7.1.1.7.1.1.4.1.weight | nonzeros =     115 /  147456             (  0.08%) | total_pruned =  147341 | shape = torch.Size([128, 128, 3, 3])
1.1.7.1.1.7.1.1.7.1.1.7.1.1.4.1.bias | nonzeros =       0 /     128             (  0.00%) | total_pruned =     128 | shape = torch.Size([128])
1.1.7.1.1.7.1.1.7.1.1.7.1.1.5.weight | nonzeros =      48 /     128             ( 37.50%) | total_pruned =      80 | shape = torch.Size([128])
1.1.7.1.1.7.1.1.7.1.1.7.1.1.5.bias | nonzeros =       0 /     128             (  0.00%) | total_pruned =     128 | shape = torch.Size([128])
1.1.7.1.1.7.1.1.7.1.1.7.2.weight | nonzeros =      61 /     132             ( 46.21%) | total_pruned =      71 | shape = torch.Size([132])
1.1.7.1.1.7.1.1.7.1.1.7.2.bias | nonzeros =       0 /     132             (  0.00%) | total_pruned =     132 | shape = torch.Size([132])
1.1.7.1.1.7.1.1.7.1.1.7.3.1.weight | nonzeros =      97 /  152064             (  0.06%) | total_pruned =  151967 | shape = torch.Size([128, 132, 3, 3])
1.1.7.1.1.7.1.1.7.1.1.7.3.1.bias | nonzeros =       0 /     128             (  0.00%) | total_pruned =     128 | shape = torch.Size([128])
1.1.7.1.1.7.1.1.7.1.1.7.4.weight | nonzeros =      74 /     128             ( 57.81%) | total_pruned =      54 | shape = torch.Size([128])
1.1.7.1.1.7.1.1.7.1.1.7.4.bias | nonzeros =       0 /     128             (  0.00%) | total_pruned =     128 | shape = torch.Size([128])
1.1.7.1.1.7.1.1.7.1.1.7.6.1.weight | nonzeros =     124 /   16384             (  0.76%) | total_pruned =   16260 | shape = torch.Size([128, 128, 1, 1])
1.1.7.1.1.7.1.1.7.1.1.7.6.1.bias | nonzeros =       0 /     128             (  0.00%) | total_pruned =     128 | shape = torch.Size([128])
1.1.7.1.1.7.1.1.7.1.1.7.7.weight | nonzeros =      21 /     128             ( 16.41%) | total_pruned =     107 | shape = torch.Size([128])
1.1.7.1.1.7.1.1.7.1.1.7.7.bias | nonzeros =       0 /     128             (  0.00%) | total_pruned =     128 | shape = torch.Size([128])
1.1.7.1.1.7.1.1.7.2.weight | nonzeros =      51 /     132             ( 38.64%) | total_pruned =      81 | shape = torch.Size([132])
1.1.7.1.1.7.1.1.7.2.bias | nonzeros =       0 /     132             (  0.00%) | total_pruned =     132 | shape = torch.Size([132])
1.1.7.1.1.7.1.1.7.3.1.weight | nonzeros =     235 /  152064             (  0.15%) | total_pruned =  151829 | shape = torch.Size([128, 132, 3, 3])
1.1.7.1.1.7.1.1.7.3.1.bias | nonzeros =       0 /     128             (  0.00%) | total_pruned =     128 | shape = torch.Size([128])
1.1.7.1.1.7.1.1.7.4.weight | nonzeros =      74 /     128             ( 57.81%) | total_pruned =      54 | shape = torch.Size([128])
1.1.7.1.1.7.1.1.7.4.bias | nonzeros =       0 /     128             (  0.00%) | total_pruned =     128 | shape = torch.Size([128])
1.1.7.1.1.7.1.1.7.6.1.weight | nonzeros =     174 /   16384             (  1.06%) | total_pruned =   16210 | shape = torch.Size([128, 128, 1, 1])
1.1.7.1.1.7.1.1.7.6.1.bias | nonzeros =       0 /     128             (  0.00%) | total_pruned =     128 | shape = torch.Size([128])
1.1.7.1.1.7.1.1.7.7.weight | nonzeros =      22 /     128             ( 17.19%) | total_pruned =     106 | shape = torch.Size([128])
1.1.7.1.1.7.1.1.7.7.bias | nonzeros =       0 /     128             (  0.00%) | total_pruned =     128 | shape = torch.Size([128])
1.1.7.1.1.7.2.weight | nonzeros =      47 /     132             ( 35.61%) | total_pruned =      85 | shape = torch.Size([132])
1.1.7.1.1.7.2.bias   | nonzeros =       0 /     132             (  0.00%) | total_pruned =     132 | shape = torch.Size([132])
1.1.7.1.1.7.3.1.weight | nonzeros =     785 /  152064             (  0.52%) | total_pruned =  151279 | shape = torch.Size([128, 132, 3, 3])
1.1.7.1.1.7.3.1.bias | nonzeros =       0 /     128             (  0.00%) | total_pruned =     128 | shape = torch.Size([128])
1.1.7.1.1.7.4.weight | nonzeros =      77 /     128             ( 60.16%) | total_pruned =      51 | shape = torch.Size([128])
1.1.7.1.1.7.4.bias   | nonzeros =       0 /     128             (  0.00%) | total_pruned =     128 | shape = torch.Size([128])
1.1.7.1.1.7.6.1.weight | nonzeros =     456 /   16384             (  2.78%) | total_pruned =   15928 | shape = torch.Size([128, 128, 1, 1])
1.1.7.1.1.7.6.1.bias | nonzeros =       0 /     128             (  0.00%) | total_pruned =     128 | shape = torch.Size([128])
1.1.7.1.1.7.7.weight | nonzeros =      53 /     128             ( 41.41%) | total_pruned =      75 | shape = torch.Size([128])
1.1.7.1.1.7.7.bias   | nonzeros =       0 /     128             (  0.00%) | total_pruned =     128 | shape = torch.Size([128])
1.1.7.2.weight       | nonzeros =      71 /     132             ( 53.79%) | total_pruned =      61 | shape = torch.Size([132])
1.1.7.2.bias         | nonzeros =       0 /     132             (  0.00%) | total_pruned =     132 | shape = torch.Size([132])
1.1.7.3.1.weight     | nonzeros =     644 /  152064             (  0.42%) | total_pruned =  151420 | shape = torch.Size([128, 132, 3, 3])
1.1.7.3.1.bias       | nonzeros =       0 /     128             (  0.00%) | total_pruned =     128 | shape = torch.Size([128])
1.1.7.4.weight       | nonzeros =      71 /     128             ( 55.47%) | total_pruned =      57 | shape = torch.Size([128])
1.1.7.4.bias         | nonzeros =       0 /     128             (  0.00%) | total_pruned =     128 | shape = torch.Size([128])
1.1.7.6.1.weight     | nonzeros =     545 /   16384             (  3.33%) | total_pruned =   15839 | shape = torch.Size([128, 128, 1, 1])
1.1.7.6.1.bias       | nonzeros =       0 /     128             (  0.00%) | total_pruned =     128 | shape = torch.Size([128])
1.1.7.7.weight       | nonzeros =      43 /     128             ( 33.59%) | total_pruned =      85 | shape = torch.Size([128])
1.1.7.7.bias         | nonzeros =       0 /     128             (  0.00%) | total_pruned =     128 | shape = torch.Size([128])
2.weight             | nonzeros =      45 /     132             ( 34.09%) | total_pruned =      87 | shape = torch.Size([132])
2.bias               | nonzeros =       0 /     132             (  0.00%) | total_pruned =     132 | shape = torch.Size([132])
3.1.weight           | nonzeros =     819 /  152064             (  0.54%) | total_pruned =  151245 | shape = torch.Size([128, 132, 3, 3])
3.1.bias             | nonzeros =       0 /     128             (  0.00%) | total_pruned =     128 | shape = torch.Size([128])
4.weight             | nonzeros =     111 /     128             ( 86.72%) | total_pruned =      17 | shape = torch.Size([128])
4.bias               | nonzeros =       0 /     128             (  0.00%) | total_pruned =     128 | shape = torch.Size([128])
6.1.weight           | nonzeros =    2886 /   16384             ( 17.61%) | total_pruned =   13498 | shape = torch.Size([128, 128, 1, 1])
6.1.bias             | nonzeros =       0 /     128             (  0.00%) | total_pruned =     128 | shape = torch.Size([128])
7.weight             | nonzeros =     122 /     128             ( 95.31%) | total_pruned =       6 | shape = torch.Size([128])
7.bias               | nonzeros =       0 /     128             (  0.00%) | total_pruned =     128 | shape = torch.Size([128])
9.1.weight           | nonzeros =     224 /     384             ( 58.33%) | total_pruned =     160 | shape = torch.Size([3, 128, 1, 1])
9.1.bias             | nonzeros =       2 /       3             ( 66.67%) | total_pruned =       1 | shape = torch.Size([3])
alive: 44356, pruned : 2173475, total: 2217831, Compression rate :      50.00x  ( 98.00% pruned)
(3, 512, 512) (3, 512, 512) (3, 512, 512)
PSNR of output image is:  8.042159024079323
Experiment done
