(3, 512, 512)
Noisy PSNR is '20.31429658839164'
(3, 512, 512) (3, 512, 512) torch.Size([1, 32, 512, 512])
Starting optimization with optimizer 'SAM'
Output directory: data/denoising/Set14/mask/0/sparsity_skip/det/0.069/1e-09
(3, 512, 512)
Noisy PSNR is '20.318705055493606'
(3, 512, 512) (3, 512, 512) torch.Size([1, 32, 512, 512])
Starting optimization with optimizer 'SAM'
Output directory: data/denoising/Set14/mask/0/sparsity_skip/det/0.069/1e-09
epoch:  0 quantization_loss:  0.08224567025899887
p mean is: tensor(-0.0004, device='cuda:0')
epoch:  1000 quantization_loss:  0.06000169739127159
p mean is: tensor(-0.0150, device='cuda:0')
epoch:  2000 quantization_loss:  0.05990779399871826
p mean is: tensor(-0.0264, device='cuda:0')
epoch:  3000 quantization_loss:  0.05942189320921898
p mean is: tensor(-0.0380, device='cuda:0')
epoch:  4000 quantization_loss:  0.059232041239738464
p mean is: tensor(-0.0499, device='cuda:0')
epoch:  5000 quantization_loss:  0.059494055807590485
p mean is: tensor(-0.0621, device='cuda:0')
epoch:  6000 quantization_loss:  0.05833856761455536
p mean is: tensor(-0.0745, device='cuda:0')
epoch:  7000 quantization_loss:  0.0592329315841198
p mean is: tensor(-0.0874, device='cuda:0')
epoch:  8000 quantization_loss:  0.058866292238235474
p mean is: tensor(-0.1010, device='cuda:0')
epoch:  9000 quantization_loss:  0.05865005776286125
p mean is: tensor(-0.1150, device='cuda:0')
epoch:  10000 quantization_loss:  0.05851452797651291
p mean is: tensor(-0.1290, device='cuda:0')
epoch:  11000 quantization_loss:  0.0587148480117321
p mean is: tensor(-0.1433, device='cuda:0')
epoch:  12000 quantization_loss:  0.05827365815639496
p mean is: tensor(-0.1581, device='cuda:0')
epoch:  13000 quantization_loss:  0.05849699303507805
p mean is: tensor(-0.1732, device='cuda:0')
epoch:  14000 quantization_loss:  0.05827674642205238
p mean is: tensor(-0.1885, device='cuda:0')
epoch:  15000 quantization_loss:  0.058372076600790024
p mean is: tensor(-0.2045, device='cuda:0')
epoch:  16000 quantization_loss:  0.05823931843042374
p mean is: tensor(-0.2209, device='cuda:0')
epoch:  17000 quantization_loss:  0.058259375393390656
p mean is: tensor(-0.2376, device='cuda:0')
epoch:  18000 quantization_loss:  0.05796759948134422
p mean is: tensor(-0.2552, device='cuda:0')
epoch:  19000 quantization_loss:  0.05828811973333359
p mean is: tensor(-0.2730, device='cuda:0')
epoch:  20000 quantization_loss:  0.05798119679093361
p mean is: tensor(-0.2918, device='cuda:0')
epoch:  21000 quantization_loss:  0.05815013498067856
p mean is: tensor(-0.3113, device='cuda:0')
epoch:  22000 quantization_loss:  0.057782672345638275
p mean is: tensor(-0.3319, device='cuda:0')
epoch:  23000 quantization_loss:  0.05779501050710678
p mean is: tensor(-0.3530, device='cuda:0')
epoch:  24000 quantization_loss:  0.0579678900539875
p mean is: tensor(-0.3747, device='cuda:0')
epoch:  25000 quantization_loss:  0.05813274905085564
p mean is: tensor(-0.3967, device='cuda:0')
epoch:  26000 quantization_loss:  0.05764973908662796
p mean is: tensor(-0.4185, device='cuda:0')
epoch:  27000 quantization_loss:  0.0517490953207016
p mean is: tensor(-0.4392, device='cuda:0')
epoch:  28000 quantization_loss:  0.043093398213386536
p mean is: tensor(-0.4600, device='cuda:0')
epoch:  29000 quantization_loss:  0.0357939787209034
p mean is: tensor(-0.4837, device='cuda:0')
epoch:  30000 quantization_loss:  0.026577411219477654
p mean is: tensor(-0.5105, device='cuda:0')
epoch:  31000 quantization_loss:  0.022833863273262978
p mean is: tensor(-0.5422, device='cuda:0')
epoch:  32000 quantization_loss:  0.01980672962963581
p mean is: tensor(-0.5801, device='cuda:0')
epoch:  33000 quantization_loss:  0.018317023292183876
p mean is: tensor(-0.6253, device='cuda:0')
epoch:  34000 quantization_loss:  0.017171168699860573
p mean is: tensor(-0.6777, device='cuda:0')
epoch:  35000 quantization_loss:  0.016213443130254745
p mean is: tensor(-0.7372, device='cuda:0')
epoch:  36000 quantization_loss:  0.015494650229811668
p mean is: tensor(-0.8032, device='cuda:0')
epoch:  37000 quantization_loss:  0.015362258069217205
p mean is: tensor(-0.8745, device='cuda:0')
epoch:  38000 quantization_loss:  0.014595511369407177
p mean is: tensor(-0.9492, device='cuda:0')
epoch:  39000 quantization_loss:  0.01438495609909296
p mean is: tensor(-1.0252, device='cuda:0')
epoch:  40000 quantization_loss:  0.014015893451869488
p mean is: tensor(-1.1011, device='cuda:0')
epoch:  41000 quantization_loss:  0.013906031847000122
p mean is: tensor(-1.1752, device='cuda:0')
epoch:  42000 quantization_loss:  0.0135241923853755
p mean is: tensor(-1.2468, device='cuda:0')
epoch:  43000 quantization_loss:  0.013287837617099285
p mean is: tensor(-1.3148, device='cuda:0')
epoch:  44000 quantization_loss:  0.013074242509901524
p mean is: tensor(-1.3787, device='cuda:0')
epoch:  45000 quantization_loss:  0.012887630611658096
p mean is: tensor(-1.4387, device='cuda:0')
epoch:  46000 quantization_loss:  0.012791491113603115
p mean is: tensor(-1.4947, device='cuda:0')
epoch:  47000 quantization_loss:  0.012853357009589672
p mean is: tensor(-1.5467, device='cuda:0')
epoch:  48000 quantization_loss:  0.012561955489218235
p mean is: tensor(-1.5952, device='cuda:0')
epoch:  49000 quantization_loss:  0.01257924735546112
p mean is: tensor(-1.6401, device='cuda:0')
epoch:  50000 quantization_loss:  0.012424146756529808
p mean is: tensor(-1.6819, device='cuda:0')
epoch:  51000 quantization_loss:  0.01238403469324112
p mean is: tensor(-1.7207, device='cuda:0')
epoch:  52000 quantization_loss:  0.012228891253471375
p mean is: tensor(-1.7567, device='cuda:0')
epoch:  53000 quantization_loss:  0.012117517180740833
p mean is: tensor(-1.7904, device='cuda:0')
epoch:  54000 quantization_loss:  0.012052718549966812
p mean is: tensor(-1.8218, device='cuda:0')
epoch:  55000 quantization_loss:  0.012016595341265202
p mean is: tensor(-1.8512, device='cuda:0')
epoch:  56000 quantization_loss:  0.011962761171162128
p mean is: tensor(-1.8786, device='cuda:0')
epoch:  57000 quantization_loss:  0.011923425830900669
p mean is: tensor(-1.9045, device='cuda:0')
epoch:  58000 quantization_loss:  0.011930108070373535
p mean is: tensor(-1.9288, device='cuda:0')
epoch:  59000 quantization_loss:  0.01185204554349184
p mean is: tensor(-1.9516, device='cuda:0')
Number of elements to keep: 153030
Threshold value: 2.1229562759399414
Number of elements equal to threshold: 1
Number of elements to randomly select: 1
Actual sparsity achieved: 0.06899984714795672
Number of elements to keep: 153030
Threshold value: 2.1229562759399414
Number of elements equal to threshold: 1
Number of elements to randomly select: 1
Actual sparsity achieved: 0.06899984714795672
1.0.1.1.weight       | nonzeros =      48 /     128             ( 37.50%) | total_pruned =      80 | shape = torch.Size([4, 32, 1, 1])
1.0.1.1.bias         | nonzeros =       0 /       4             (  0.00%) | total_pruned =       4 | shape = torch.Size([4])
1.0.2.weight         | nonzeros =       4 /       4             (100.00%) | total_pruned =       0 | shape = torch.Size([4])
1.0.2.bias           | nonzeros =       0 /       4             (  0.00%) | total_pruned =       4 | shape = torch.Size([4])
1.1.1.1.weight       | nonzeros =   12350 /   36864             ( 33.50%) | total_pruned =   24514 | shape = torch.Size([128, 32, 3, 3])
1.1.1.1.bias         | nonzeros =       0 /     128             (  0.00%) | total_pruned =     128 | shape = torch.Size([128])
1.1.2.weight         | nonzeros =      92 /     128             ( 71.88%) | total_pruned =      36 | shape = torch.Size([128])
1.1.2.bias           | nonzeros =       0 /     128             (  0.00%) | total_pruned =     128 | shape = torch.Size([128])
1.1.4.1.weight       | nonzeros =   29155 /  147456             ( 19.77%) | total_pruned =  118301 | shape = torch.Size([128, 128, 3, 3])
1.1.4.1.bias         | nonzeros =       0 /     128             (  0.00%) | total_pruned =     128 | shape = torch.Size([128])
1.1.5.weight         | nonzeros =      97 /     128             ( 75.78%) | total_pruned =      31 | shape = torch.Size([128])
1.1.5.bias           | nonzeros =       0 /     128             (  0.00%) | total_pruned =     128 | shape = torch.Size([128])
1.1.7.1.0.1.1.weight | nonzeros =      45 /     512             (  8.79%) | total_pruned =     467 | shape = torch.Size([4, 128, 1, 1])
1.1.7.1.0.1.1.bias   | nonzeros =       0 /       4             (  0.00%) | total_pruned =       4 | shape = torch.Size([4])
1.1.7.1.0.2.weight   | nonzeros =       1 /       4             ( 25.00%) | total_pruned =       3 | shape = torch.Size([4])
1.1.7.1.0.2.bias     | nonzeros =       0 /       4             (  0.00%) | total_pruned =       4 | shape = torch.Size([4])
1.1.7.1.1.1.1.weight | nonzeros =   23793 /  147456             ( 16.14%) | total_pruned =  123663 | shape = torch.Size([128, 128, 3, 3])
1.1.7.1.1.1.1.bias   | nonzeros =       0 /     128             (  0.00%) | total_pruned =     128 | shape = torch.Size([128])
1.1.7.1.1.2.weight   | nonzeros =      92 /     128             ( 71.88%) | total_pruned =      36 | shape = torch.Size([128])
1.1.7.1.1.2.bias     | nonzeros =       0 /     128             (  0.00%) | total_pruned =     128 | shape = torch.Size([128])
1.1.7.1.1.4.1.weight | nonzeros =   13980 /  147456             (  9.48%) | total_pruned =  133476 | shape = torch.Size([128, 128, 3, 3])
1.1.7.1.1.4.1.bias   | nonzeros =       0 /     128             (  0.00%) | total_pruned =     128 | shape = torch.Size([128])
1.1.7.1.1.5.weight   | nonzeros =      89 /     128             ( 69.53%) | total_pruned =      39 | shape = torch.Size([128])
1.1.7.1.1.5.bias     | nonzeros =       0 /     128             (  0.00%) | total_pruned =     128 | shape = torch.Size([128])
1.1.7.1.1.7.1.0.1.1.weight | nonzeros =     115 /     512             ( 22.46%) | total_pruned =     397 | shape = torch.Size([4, 128, 1, 1])
1.1.7.1.1.7.1.0.1.1.bias | nonzeros =       0 /       4             (  0.00%) | total_pruned =       4 | shape = torch.Size([4])
1.1.7.1.1.7.1.0.2.weight | nonzeros =       3 /       4             ( 75.00%) | total_pruned =       1 | shape = torch.Size([4])
1.1.7.1.1.7.1.0.2.bias | nonzeros =       0 /       4             (  0.00%) | total_pruned =       4 | shape = torch.Size([4])
1.1.7.1.1.7.1.1.1.1.weight | nonzeros =    4886 /  147456             (  3.31%) | total_pruned =  142570 | shape = torch.Size([128, 128, 3, 3])
1.1.7.1.1.7.1.1.1.1.bias | nonzeros =       0 /     128             (  0.00%) | total_pruned =     128 | shape = torch.Size([128])
1.1.7.1.1.7.1.1.2.weight | nonzeros =      83 /     128             ( 64.84%) | total_pruned =      45 | shape = torch.Size([128])
1.1.7.1.1.7.1.1.2.bias | nonzeros =       0 /     128             (  0.00%) | total_pruned =     128 | shape = torch.Size([128])
1.1.7.1.1.7.1.1.4.1.weight | nonzeros =    3413 /  147456             (  2.31%) | total_pruned =  144043 | shape = torch.Size([128, 128, 3, 3])
1.1.7.1.1.7.1.1.4.1.bias | nonzeros =       0 /     128             (  0.00%) | total_pruned =     128 | shape = torch.Size([128])
1.1.7.1.1.7.1.1.5.weight | nonzeros =      70 /     128             ( 54.69%) | total_pruned =      58 | shape = torch.Size([128])
1.1.7.1.1.7.1.1.5.bias | nonzeros =       0 /     128             (  0.00%) | total_pruned =     128 | shape = torch.Size([128])
1.1.7.1.1.7.1.1.7.1.0.1.1.weight | nonzeros =      99 /     512             ( 19.34%) | total_pruned =     413 | shape = torch.Size([4, 128, 1, 1])
1.1.7.1.1.7.1.1.7.1.0.1.1.bias | nonzeros =       0 /       4             (  0.00%) | total_pruned =       4 | shape = torch.Size([4])
1.1.7.1.1.7.1.1.7.1.0.2.weight | nonzeros =       3 /       4             ( 75.00%) | total_pruned =       1 | shape = torch.Size([4])
1.1.7.1.1.7.1.1.7.1.0.2.bias | nonzeros =       0 /       4             (  0.00%) | total_pruned =       4 | shape = torch.Size([4])
1.1.7.1.1.7.1.1.7.1.1.1.1.weight | nonzeros =     987 /  147456             (  0.67%) | total_pruned =  146469 | shape = torch.Size([128, 128, 3, 3])
1.1.7.1.1.7.1.1.7.1.1.1.1.bias | nonzeros =       0 /     128             (  0.00%) | total_pruned =     128 | shape = torch.Size([128])
1.1.7.1.1.7.1.1.7.1.1.2.weight | nonzeros =      72 /     128             ( 56.25%) | total_pruned =      56 | shape = torch.Size([128])
1.1.7.1.1.7.1.1.7.1.1.2.bias | nonzeros =       0 /     128             (  0.00%) | total_pruned =     128 | shape = torch.Size([128])
1.1.7.1.1.7.1.1.7.1.1.4.1.weight | nonzeros =    1919 /  147456             (  1.30%) | total_pruned =  145537 | shape = torch.Size([128, 128, 3, 3])
1.1.7.1.1.7.1.1.7.1.1.4.1.bias | nonzeros =       0 /     128             (  0.00%) | total_pruned =     128 | shape = torch.Size([128])
1.1.7.1.1.7.1.1.7.1.1.5.weight | nonzeros =      79 /     128             ( 61.72%) | total_pruned =      49 | shape = torch.Size([128])
1.1.7.1.1.7.1.1.7.1.1.5.bias | nonzeros =       0 /     128             (  0.00%) | total_pruned =     128 | shape = torch.Size([128])
1.1.7.1.1.7.1.1.7.1.1.7.1.0.1.1.weight | nonzeros =      97 /     512             ( 18.95%) | total_pruned =     415 | shape = torch.Size([4, 128, 1, 1])
1.1.7.1.1.7.1.1.7.1.1.7.1.0.1.1.bias | nonzeros =       0 /       4             (  0.00%) | total_pruned =       4 | shape = torch.Size([4])
1.1.7.1.1.7.1.1.7.1.1.7.1.0.2.weight | nonzeros =       4 /       4             (100.00%) | total_pruned =       0 | shape = torch.Size([4])
1.1.7.1.1.7.1.1.7.1.1.7.1.0.2.bias | nonzeros =       0 /       4             (  0.00%) | total_pruned =       4 | shape = torch.Size([4])
1.1.7.1.1.7.1.1.7.1.1.7.1.1.1.1.weight | nonzeros =    3348 /  147456             (  2.27%) | total_pruned =  144108 | shape = torch.Size([128, 128, 3, 3])
1.1.7.1.1.7.1.1.7.1.1.7.1.1.1.1.bias | nonzeros =       0 /     128             (  0.00%) | total_pruned =     128 | shape = torch.Size([128])
1.1.7.1.1.7.1.1.7.1.1.7.1.1.2.weight | nonzeros =      75 /     128             ( 58.59%) | total_pruned =      53 | shape = torch.Size([128])
1.1.7.1.1.7.1.1.7.1.1.7.1.1.2.bias | nonzeros =       0 /     128             (  0.00%) | total_pruned =     128 | shape = torch.Size([128])
1.1.7.1.1.7.1.1.7.1.1.7.1.1.4.1.weight | nonzeros =    6688 /  147456             (  4.54%) | total_pruned =  140768 | shape = torch.Size([128, 128, 3, 3])
1.1.7.1.1.7.1.1.7.1.1.7.1.1.4.1.bias | nonzeros =       0 /     128             (  0.00%) | total_pruned =     128 | shape = torch.Size([128])
1.1.7.1.1.7.1.1.7.1.1.7.1.1.5.weight | nonzeros =      75 /     128             ( 58.59%) | total_pruned =      53 | shape = torch.Size([128])
1.1.7.1.1.7.1.1.7.1.1.7.1.1.5.bias | nonzeros =       0 /     128             (  0.00%) | total_pruned =     128 | shape = torch.Size([128])
1.1.7.1.1.7.1.1.7.1.1.7.2.weight | nonzeros =      79 /     132             ( 59.85%) | total_pruned =      53 | shape = torch.Size([132])
1.1.7.1.1.7.1.1.7.1.1.7.2.bias | nonzeros =       0 /     132             (  0.00%) | total_pruned =     132 | shape = torch.Size([132])
1.1.7.1.1.7.1.1.7.1.1.7.3.1.weight | nonzeros =    6749 /  152064             (  4.44%) | total_pruned =  145315 | shape = torch.Size([128, 132, 3, 3])
1.1.7.1.1.7.1.1.7.1.1.7.3.1.bias | nonzeros =       0 /     128             (  0.00%) | total_pruned =     128 | shape = torch.Size([128])
1.1.7.1.1.7.1.1.7.1.1.7.4.weight | nonzeros =      74 /     128             ( 57.81%) | total_pruned =      54 | shape = torch.Size([128])
1.1.7.1.1.7.1.1.7.1.1.7.4.bias | nonzeros =       0 /     128             (  0.00%) | total_pruned =     128 | shape = torch.Size([128])
1.1.7.1.1.7.1.1.7.1.1.7.6.1.weight | nonzeros =    1118 /   16384             (  6.82%) | total_pruned =   15266 | shape = torch.Size([128, 128, 1, 1])
1.1.7.1.1.7.1.1.7.1.1.7.6.1.bias | nonzeros =       0 /     128             (  0.00%) | total_pruned =     128 | shape = torch.Size([128])
1.1.7.1.1.7.1.1.7.1.1.7.7.weight | nonzeros =      38 /     128             ( 29.69%) | total_pruned =      90 | shape = torch.Size([128])
1.1.7.1.1.7.1.1.7.1.1.7.7.bias | nonzeros =       0 /     128             (  0.00%) | total_pruned =     128 | shape = torch.Size([128])
1.1.7.1.1.7.1.1.7.2.weight | nonzeros =      41 /     132             ( 31.06%) | total_pruned =      91 | shape = torch.Size([132])
1.1.7.1.1.7.1.1.7.2.bias | nonzeros =       0 /     132             (  0.00%) | total_pruned =     132 | shape = torch.Size([132])
1.1.7.1.1.7.1.1.7.3.1.weight | nonzeros =    6100 /  152064             (  4.01%) | total_pruned =  145964 | shape = torch.Size([128, 132, 3, 3])
1.1.7.1.1.7.1.1.7.3.1.bias | nonzeros =       0 /     128             (  0.00%) | total_pruned =     128 | shape = torch.Size([128])
1.1.7.1.1.7.1.1.7.4.weight | nonzeros =      83 /     128             ( 64.84%) | total_pruned =      45 | shape = torch.Size([128])
1.1.7.1.1.7.1.1.7.4.bias | nonzeros =       0 /     128             (  0.00%) | total_pruned =     128 | shape = torch.Size([128])
1.1.7.1.1.7.1.1.7.6.1.weight | nonzeros =    1677 /   16384             ( 10.24%) | total_pruned =   14707 | shape = torch.Size([128, 128, 1, 1])
1.1.7.1.1.7.1.1.7.6.1.bias | nonzeros =       0 /     128             (  0.00%) | total_pruned =     128 | shape = torch.Size([128])
1.1.7.1.1.7.1.1.7.7.weight | nonzeros =      47 /     128             ( 36.72%) | total_pruned =      81 | shape = torch.Size([128])
1.1.7.1.1.7.1.1.7.7.bias | nonzeros =       0 /     128             (  0.00%) | total_pruned =     128 | shape = torch.Size([128])
1.1.7.1.1.7.2.weight | nonzeros =      50 /     132             ( 37.88%) | total_pruned =      82 | shape = torch.Size([132])
1.1.7.1.1.7.2.bias   | nonzeros =       0 /     132             (  0.00%) | total_pruned =     132 | shape = torch.Size([132])
1.1.7.1.1.7.3.1.weight | nonzeros =    8049 /  152064             (  5.29%) | total_pruned =  144015 | shape = torch.Size([128, 132, 3, 3])
1.1.7.1.1.7.3.1.bias | nonzeros =       0 /     128             (  0.00%) | total_pruned =     128 | shape = torch.Size([128])
1.1.7.1.1.7.4.weight | nonzeros =      90 /     128             ( 70.31%) | total_pruned =      38 | shape = torch.Size([128])
1.1.7.1.1.7.4.bias   | nonzeros =       0 /     128             (  0.00%) | total_pruned =     128 | shape = torch.Size([128])
1.1.7.1.1.7.6.1.weight | nonzeros =    2595 /   16384             ( 15.84%) | total_pruned =   13789 | shape = torch.Size([128, 128, 1, 1])
1.1.7.1.1.7.6.1.bias | nonzeros =       0 /     128             (  0.00%) | total_pruned =     128 | shape = torch.Size([128])
1.1.7.1.1.7.7.weight | nonzeros =      74 /     128             ( 57.81%) | total_pruned =      54 | shape = torch.Size([128])
1.1.7.1.1.7.7.bias   | nonzeros =       0 /     128             (  0.00%) | total_pruned =     128 | shape = torch.Size([128])
1.1.7.2.weight       | nonzeros =      75 /     132             ( 56.82%) | total_pruned =      57 | shape = torch.Size([132])
1.1.7.2.bias         | nonzeros =       0 /     132             (  0.00%) | total_pruned =     132 | shape = torch.Size([132])
1.1.7.3.1.weight     | nonzeros =    8986 /  152064             (  5.91%) | total_pruned =  143078 | shape = torch.Size([128, 132, 3, 3])
1.1.7.3.1.bias       | nonzeros =       0 /     128             (  0.00%) | total_pruned =     128 | shape = torch.Size([128])
1.1.7.4.weight       | nonzeros =      75 /     128             ( 58.59%) | total_pruned =      53 | shape = torch.Size([128])
1.1.7.4.bias         | nonzeros =       0 /     128             (  0.00%) | total_pruned =     128 | shape = torch.Size([128])
1.1.7.6.1.weight     | nonzeros =    1635 /   16384             (  9.98%) | total_pruned =   14749 | shape = torch.Size([128, 128, 1, 1])
1.1.7.6.1.bias       | nonzeros =       0 /     128             (  0.00%) | total_pruned =     128 | shape = torch.Size([128])
1.1.7.7.weight       | nonzeros =      50 /     128             ( 39.06%) | total_pruned =      78 | shape = torch.Size([128])
1.1.7.7.bias         | nonzeros =       0 /     128             (  0.00%) | total_pruned =     128 | shape = torch.Size([128])
2.weight             | nonzeros =      54 /     132             ( 40.91%) | total_pruned =      78 | shape = torch.Size([132])
2.bias               | nonzeros =       0 /     132             (  0.00%) | total_pruned =     132 | shape = torch.Size([132])
3.1.weight           | nonzeros =    9050 /  152064             (  5.95%) | total_pruned =  143014 | shape = torch.Size([128, 132, 3, 3])
3.1.bias             | nonzeros =       0 /     128             (  0.00%) | total_pruned =     128 | shape = torch.Size([128])
4.weight             | nonzeros =     114 /     128             ( 89.06%) | total_pruned =      14 | shape = torch.Size([128])
4.bias               | nonzeros =       0 /     128             (  0.00%) | total_pruned =     128 | shape = torch.Size([128])
6.1.weight           | nonzeros =    4073 /   16384             ( 24.86%) | total_pruned =   12311 | shape = torch.Size([128, 128, 1, 1])
6.1.bias             | nonzeros =       0 /     128             (  0.00%) | total_pruned =     128 | shape = torch.Size([128])
7.weight             | nonzeros =     102 /     128             ( 79.69%) | total_pruned =      26 | shape = torch.Size([128])
7.bias               | nonzeros =       0 /     128             (  0.00%) | total_pruned =     128 | shape = torch.Size([128])
9.1.weight           | nonzeros =     189 /     384             ( 49.22%) | total_pruned =     195 | shape = torch.Size([3, 128, 1, 1])
9.1.bias             | nonzeros =       1 /       3             ( 33.33%) | total_pruned =       2 | shape = torch.Size([3])
alive: 153030, pruned : 2064801, total: 2217831, Compression rate :      14.49x  ( 93.10% pruned)
(3, 512, 512) (3, 512, 512) (3, 512, 512)
PSNR of output image is:  25.453773649348555
Experiment done
