(3, 256, 256)
Noisy PSNR is '20.472154182747033'
(3, 256, 256) (3, 256, 256) torch.Size([1, 32, 256, 256])
Starting optimization with optimizer 'SAM'
Output directory: data/denoising/Set14/mask/1/sparsity_skip/det/0.03/1e-09
epoch:  0 quantization_loss:  0.09486645460128784
p mean is: tensor(-0.0005, device='cuda:1')
epoch:  1000 quantization_loss:  0.06823351979255676
p mean is: tensor(-0.0115, device='cuda:1')
epoch:  2000 quantization_loss:  0.07392993569374084
p mean is: tensor(-0.0180, device='cuda:1')
epoch:  3000 quantization_loss:  0.07332024723291397
p mean is: tensor(-0.0239, device='cuda:1')
epoch:  4000 quantization_loss:  0.07347269356250763
p mean is: tensor(-0.0301, device='cuda:1')
epoch:  5000 quantization_loss:  0.07130739092826843
p mean is: tensor(-0.0363, device='cuda:1')
epoch:  6000 quantization_loss:  0.07177828997373581
p mean is: tensor(-0.0421, device='cuda:1')
epoch:  7000 quantization_loss:  0.07046156376600266
p mean is: tensor(-0.0478, device='cuda:1')
epoch:  8000 quantization_loss:  0.06982072442770004
p mean is: tensor(-0.0540, device='cuda:1')
epoch:  9000 quantization_loss:  0.07015102356672287
p mean is: tensor(-0.0599, device='cuda:1')
epoch:  10000 quantization_loss:  0.06856933236122131
p mean is: tensor(-0.0659, device='cuda:1')
epoch:  11000 quantization_loss:  0.06871140748262405
p mean is: tensor(-0.0717, device='cuda:1')
epoch:  12000 quantization_loss:  0.06907060742378235
p mean is: tensor(-0.0778, device='cuda:1')
epoch:  13000 quantization_loss:  0.06177717074751854
p mean is: tensor(-0.0838, device='cuda:1')
epoch:  14000 quantization_loss:  0.043308109045028687
p mean is: tensor(-0.0901, device='cuda:1')
epoch:  15000 quantization_loss:  0.032592035830020905
p mean is: tensor(-0.0971, device='cuda:1')
epoch:  16000 quantization_loss:  0.02937442436814308
p mean is: tensor(-0.1067, device='cuda:1')
epoch:  17000 quantization_loss:  0.02705497480928898
p mean is: tensor(-0.1201, device='cuda:1')
epoch:  18000 quantization_loss:  0.023444905877113342
p mean is: tensor(-0.1387, device='cuda:1')
epoch:  19000 quantization_loss:  0.02135714888572693
p mean is: tensor(-0.1635, device='cuda:1')
epoch:  20000 quantization_loss:  0.019647765904664993
p mean is: tensor(-0.1959, device='cuda:1')
epoch:  21000 quantization_loss:  0.018367929384112358
p mean is: tensor(-0.2370, device='cuda:1')
epoch:  22000 quantization_loss:  0.017288750037550926
p mean is: tensor(-0.2891, device='cuda:1')
epoch:  23000 quantization_loss:  0.01612694561481476
p mean is: tensor(-0.3544, device='cuda:1')
epoch:  24000 quantization_loss:  0.015228445641696453
p mean is: tensor(-0.4342, device='cuda:1')
epoch:  25000 quantization_loss:  0.014467563480138779
p mean is: tensor(-0.5292, device='cuda:1')
epoch:  26000 quantization_loss:  0.01398780383169651
p mean is: tensor(-0.6383, device='cuda:1')
epoch:  27000 quantization_loss:  0.0134092653170228
p mean is: tensor(-0.7592, device='cuda:1')
epoch:  28000 quantization_loss:  0.012985112145543098
p mean is: tensor(-0.8879, device='cuda:1')
epoch:  29000 quantization_loss:  0.012734211049973965
p mean is: tensor(-1.0194, device='cuda:1')
epoch:  30000 quantization_loss:  0.012101561762392521
p mean is: tensor(-1.1494, device='cuda:1')
epoch:  31000 quantization_loss:  0.01186937652528286
p mean is: tensor(-1.2746, device='cuda:1')
epoch:  32000 quantization_loss:  0.011594094336032867
p mean is: tensor(-1.3928, device='cuda:1')
epoch:  33000 quantization_loss:  0.01131240464746952
p mean is: tensor(-1.5036, device='cuda:1')
epoch:  34000 quantization_loss:  0.011086659505963326
p mean is: tensor(-1.6067, device='cuda:1')
epoch:  35000 quantization_loss:  0.010980202816426754
p mean is: tensor(-1.7014, device='cuda:1')
epoch:  36000 quantization_loss:  0.01078165601938963
p mean is: tensor(-1.7885, device='cuda:1')
epoch:  37000 quantization_loss:  0.01063033938407898
p mean is: tensor(-1.8685, device='cuda:1')
epoch:  38000 quantization_loss:  0.010458147153258324
p mean is: tensor(-1.9423, device='cuda:1')
epoch:  39000 quantization_loss:  0.010340508073568344
p mean is: tensor(-2.0104, device='cuda:1')
epoch:  40000 quantization_loss:  0.010264619253575802
p mean is: tensor(-2.0734, device='cuda:1')
epoch:  41000 quantization_loss:  0.010181555524468422
p mean is: tensor(-2.1319, device='cuda:1')
epoch:  42000 quantization_loss:  0.0100546358153224
p mean is: tensor(-2.1864, device='cuda:1')
epoch:  43000 quantization_loss:  0.010005570948123932
p mean is: tensor(-2.2373, device='cuda:1')
epoch:  44000 quantization_loss:  0.010024340823292732
p mean is: tensor(-2.2849, device='cuda:1')
epoch:  45000 quantization_loss:  0.00993632897734642
p mean is: tensor(-2.3294, device='cuda:1')
epoch:  46000 quantization_loss:  0.009973336011171341
p mean is: tensor(-2.3710, device='cuda:1')
epoch:  47000 quantization_loss:  0.009822158142924309
p mean is: tensor(-2.4100, device='cuda:1')
epoch:  48000 quantization_loss:  0.009800412692129612
p mean is: tensor(-2.4469, device='cuda:1')
epoch:  49000 quantization_loss:  0.009779861196875572
p mean is: tensor(-2.4817, device='cuda:1')
epoch:  50000 quantization_loss:  0.009736071340739727
p mean is: tensor(-2.5145, device='cuda:1')
epoch:  51000 quantization_loss:  0.00968167744576931
p mean is: tensor(-2.5456, device='cuda:1')
epoch:  52000 quantization_loss:  0.009640808217227459
p mean is: tensor(-2.5751, device='cuda:1')
epoch:  53000 quantization_loss:  0.009621670469641685
p mean is: tensor(-2.6031, device='cuda:1')
epoch:  54000 quantization_loss:  0.009613615460693836
p mean is: tensor(-2.6297, device='cuda:1')
epoch:  55000 quantization_loss:  0.009586263447999954
p mean is: tensor(-2.6551, device='cuda:1')
epoch:  56000 quantization_loss:  0.009542284533381462
p mean is: tensor(-2.6792, device='cuda:1')
epoch:  57000 quantization_loss:  0.009507380425930023
p mean is: tensor(-2.7024, device='cuda:1')
epoch:  58000 quantization_loss:  0.009527369402348995
p mean is: tensor(-2.7244, device='cuda:1')
epoch:  59000 quantization_loss:  0.009532071650028229
p mean is: tensor(-2.7454, device='cuda:1')
Number of elements to keep: 66534
Threshold value: 4.06755256652832
Number of elements equal to threshold: 1
Number of elements to randomly select: 1
Actual sparsity achieved: 0.02999958067138569
Number of elements to keep: 66534
Threshold value: 4.06755256652832
Number of elements equal to threshold: 1
Number of elements to randomly select: 1
Actual sparsity achieved: 0.02999958067138569
1.0.1.1.weight       | nonzeros =      55 /     128             ( 42.97%) | total_pruned =      73 | shape = torch.Size([4, 32, 1, 1])
1.0.1.1.bias         | nonzeros =       0 /       4             (  0.00%) | total_pruned =       4 | shape = torch.Size([4])
1.0.2.weight         | nonzeros =       4 /       4             (100.00%) | total_pruned =       0 | shape = torch.Size([4])
1.0.2.bias           | nonzeros =       0 /       4             (  0.00%) | total_pruned =       4 | shape = torch.Size([4])
1.1.1.1.weight       | nonzeros =   13093 /   36864             ( 35.52%) | total_pruned =   23771 | shape = torch.Size([128, 32, 3, 3])
1.1.1.1.bias         | nonzeros =       0 /     128             (  0.00%) | total_pruned =     128 | shape = torch.Size([128])
1.1.2.weight         | nonzeros =     103 /     128             ( 80.47%) | total_pruned =      25 | shape = torch.Size([128])
1.1.2.bias           | nonzeros =       0 /     128             (  0.00%) | total_pruned =     128 | shape = torch.Size([128])
1.1.4.1.weight       | nonzeros =   24914 /  147456             ( 16.90%) | total_pruned =  122542 | shape = torch.Size([128, 128, 3, 3])
1.1.4.1.bias         | nonzeros =       0 /     128             (  0.00%) | total_pruned =     128 | shape = torch.Size([128])
1.1.5.weight         | nonzeros =     100 /     128             ( 78.12%) | total_pruned =      28 | shape = torch.Size([128])
1.1.5.bias           | nonzeros =       0 /     128             (  0.00%) | total_pruned =     128 | shape = torch.Size([128])
1.1.7.1.0.1.1.weight | nonzeros =     164 /     512             ( 32.03%) | total_pruned =     348 | shape = torch.Size([4, 128, 1, 1])
1.1.7.1.0.1.1.bias   | nonzeros =       0 /       4             (  0.00%) | total_pruned =       4 | shape = torch.Size([4])
1.1.7.1.0.2.weight   | nonzeros =       4 /       4             (100.00%) | total_pruned =       0 | shape = torch.Size([4])
1.1.7.1.0.2.bias     | nonzeros =       0 /       4             (  0.00%) | total_pruned =       4 | shape = torch.Size([4])
1.1.7.1.1.1.1.weight | nonzeros =    5846 /  147456             (  3.96%) | total_pruned =  141610 | shape = torch.Size([128, 128, 3, 3])
1.1.7.1.1.1.1.bias   | nonzeros =       0 /     128             (  0.00%) | total_pruned =     128 | shape = torch.Size([128])
1.1.7.1.1.2.weight   | nonzeros =      95 /     128             ( 74.22%) | total_pruned =      33 | shape = torch.Size([128])
1.1.7.1.1.2.bias     | nonzeros =       0 /     128             (  0.00%) | total_pruned =     128 | shape = torch.Size([128])
1.1.7.1.1.4.1.weight | nonzeros =    2128 /  147456             (  1.44%) | total_pruned =  145328 | shape = torch.Size([128, 128, 3, 3])
1.1.7.1.1.4.1.bias   | nonzeros =       0 /     128             (  0.00%) | total_pruned =     128 | shape = torch.Size([128])
1.1.7.1.1.5.weight   | nonzeros =      74 /     128             ( 57.81%) | total_pruned =      54 | shape = torch.Size([128])
1.1.7.1.1.5.bias     | nonzeros =       0 /     128             (  0.00%) | total_pruned =     128 | shape = torch.Size([128])
1.1.7.1.1.7.1.0.1.1.weight | nonzeros =     148 /     512             ( 28.91%) | total_pruned =     364 | shape = torch.Size([4, 128, 1, 1])
1.1.7.1.1.7.1.0.1.1.bias | nonzeros =       0 /       4             (  0.00%) | total_pruned =       4 | shape = torch.Size([4])
1.1.7.1.1.7.1.0.2.weight | nonzeros =       4 /       4             (100.00%) | total_pruned =       0 | shape = torch.Size([4])
1.1.7.1.1.7.1.0.2.bias | nonzeros =       0 /       4             (  0.00%) | total_pruned =       4 | shape = torch.Size([4])
1.1.7.1.1.7.1.1.1.1.weight | nonzeros =      41 /  147456             (  0.03%) | total_pruned =  147415 | shape = torch.Size([128, 128, 3, 3])
1.1.7.1.1.7.1.1.1.1.bias | nonzeros =       0 /     128             (  0.00%) | total_pruned =     128 | shape = torch.Size([128])
1.1.7.1.1.7.1.1.2.weight | nonzeros =      72 /     128             ( 56.25%) | total_pruned =      56 | shape = torch.Size([128])
1.1.7.1.1.7.1.1.2.bias | nonzeros =       0 /     128             (  0.00%) | total_pruned =     128 | shape = torch.Size([128])
1.1.7.1.1.7.1.1.4.1.weight | nonzeros =      40 /  147456             (  0.03%) | total_pruned =  147416 | shape = torch.Size([128, 128, 3, 3])
1.1.7.1.1.7.1.1.4.1.bias | nonzeros =       0 /     128             (  0.00%) | total_pruned =     128 | shape = torch.Size([128])
1.1.7.1.1.7.1.1.5.weight | nonzeros =      63 /     128             ( 49.22%) | total_pruned =      65 | shape = torch.Size([128])
1.1.7.1.1.7.1.1.5.bias | nonzeros =       0 /     128             (  0.00%) | total_pruned =     128 | shape = torch.Size([128])
1.1.7.1.1.7.1.1.7.1.0.1.1.weight | nonzeros =      95 /     512             ( 18.55%) | total_pruned =     417 | shape = torch.Size([4, 128, 1, 1])
1.1.7.1.1.7.1.1.7.1.0.1.1.bias | nonzeros =       0 /       4             (  0.00%) | total_pruned =       4 | shape = torch.Size([4])
1.1.7.1.1.7.1.1.7.1.0.2.weight | nonzeros =       4 /       4             (100.00%) | total_pruned =       0 | shape = torch.Size([4])
1.1.7.1.1.7.1.1.7.1.0.2.bias | nonzeros =       0 /       4             (  0.00%) | total_pruned =       4 | shape = torch.Size([4])
1.1.7.1.1.7.1.1.7.1.1.1.1.weight | nonzeros =       0 /  147456             (  0.00%) | total_pruned =  147456 | shape = torch.Size([128, 128, 3, 3])
1.1.7.1.1.7.1.1.7.1.1.1.1.bias | nonzeros =       0 /     128             (  0.00%) | total_pruned =     128 | shape = torch.Size([128])
1.1.7.1.1.7.1.1.7.1.1.2.weight | nonzeros =      33 /     128             ( 25.78%) | total_pruned =      95 | shape = torch.Size([128])
1.1.7.1.1.7.1.1.7.1.1.2.bias | nonzeros =       0 /     128             (  0.00%) | total_pruned =     128 | shape = torch.Size([128])
1.1.7.1.1.7.1.1.7.1.1.4.1.weight | nonzeros =       1 /  147456             (  0.00%) | total_pruned =  147455 | shape = torch.Size([128, 128, 3, 3])
1.1.7.1.1.7.1.1.7.1.1.4.1.bias | nonzeros =       0 /     128             (  0.00%) | total_pruned =     128 | shape = torch.Size([128])
1.1.7.1.1.7.1.1.7.1.1.5.weight | nonzeros =      45 /     128             ( 35.16%) | total_pruned =      83 | shape = torch.Size([128])
1.1.7.1.1.7.1.1.7.1.1.5.bias | nonzeros =       0 /     128             (  0.00%) | total_pruned =     128 | shape = torch.Size([128])
1.1.7.1.1.7.1.1.7.1.1.7.1.0.1.1.weight | nonzeros =       4 /     512             (  0.78%) | total_pruned =     508 | shape = torch.Size([4, 128, 1, 1])
1.1.7.1.1.7.1.1.7.1.1.7.1.0.1.1.bias | nonzeros =       0 /       4             (  0.00%) | total_pruned =       4 | shape = torch.Size([4])
1.1.7.1.1.7.1.1.7.1.1.7.1.0.2.weight | nonzeros =       3 /       4             ( 75.00%) | total_pruned =       1 | shape = torch.Size([4])
1.1.7.1.1.7.1.1.7.1.1.7.1.0.2.bias | nonzeros =       0 /       4             (  0.00%) | total_pruned =       4 | shape = torch.Size([4])
1.1.7.1.1.7.1.1.7.1.1.7.1.1.1.1.weight | nonzeros =       0 /  147456             (  0.00%) | total_pruned =  147456 | shape = torch.Size([128, 128, 3, 3])
1.1.7.1.1.7.1.1.7.1.1.7.1.1.1.1.bias | nonzeros =       0 /     128             (  0.00%) | total_pruned =     128 | shape = torch.Size([128])
1.1.7.1.1.7.1.1.7.1.1.7.1.1.2.weight | nonzeros =      56 /     128             ( 43.75%) | total_pruned =      72 | shape = torch.Size([128])
1.1.7.1.1.7.1.1.7.1.1.7.1.1.2.bias | nonzeros =       0 /     128             (  0.00%) | total_pruned =     128 | shape = torch.Size([128])
1.1.7.1.1.7.1.1.7.1.1.7.1.1.4.1.weight | nonzeros =      36 /  147456             (  0.02%) | total_pruned =  147420 | shape = torch.Size([128, 128, 3, 3])
1.1.7.1.1.7.1.1.7.1.1.7.1.1.4.1.bias | nonzeros =       0 /     128             (  0.00%) | total_pruned =     128 | shape = torch.Size([128])
1.1.7.1.1.7.1.1.7.1.1.7.1.1.5.weight | nonzeros =      24 /     128             ( 18.75%) | total_pruned =     104 | shape = torch.Size([128])
1.1.7.1.1.7.1.1.7.1.1.7.1.1.5.bias | nonzeros =       0 /     128             (  0.00%) | total_pruned =     128 | shape = torch.Size([128])
1.1.7.1.1.7.1.1.7.1.1.7.2.weight | nonzeros =      38 /     132             ( 28.79%) | total_pruned =      94 | shape = torch.Size([132])
1.1.7.1.1.7.1.1.7.1.1.7.2.bias | nonzeros =       0 /     132             (  0.00%) | total_pruned =     132 | shape = torch.Size([132])
1.1.7.1.1.7.1.1.7.1.1.7.3.1.weight | nonzeros =      34 /  152064             (  0.02%) | total_pruned =  152030 | shape = torch.Size([128, 132, 3, 3])
1.1.7.1.1.7.1.1.7.1.1.7.3.1.bias | nonzeros =       0 /     128             (  0.00%) | total_pruned =     128 | shape = torch.Size([128])
1.1.7.1.1.7.1.1.7.1.1.7.4.weight | nonzeros =      45 /     128             ( 35.16%) | total_pruned =      83 | shape = torch.Size([128])
1.1.7.1.1.7.1.1.7.1.1.7.4.bias | nonzeros =       0 /     128             (  0.00%) | total_pruned =     128 | shape = torch.Size([128])
1.1.7.1.1.7.1.1.7.1.1.7.6.1.weight | nonzeros =      65 /   16384             (  0.40%) | total_pruned =   16319 | shape = torch.Size([128, 128, 1, 1])
1.1.7.1.1.7.1.1.7.1.1.7.6.1.bias | nonzeros =       0 /     128             (  0.00%) | total_pruned =     128 | shape = torch.Size([128])
1.1.7.1.1.7.1.1.7.1.1.7.7.weight | nonzeros =      21 /     128             ( 16.41%) | total_pruned =     107 | shape = torch.Size([128])
1.1.7.1.1.7.1.1.7.1.1.7.7.bias | nonzeros =       0 /     128             (  0.00%) | total_pruned =     128 | shape = torch.Size([128])
1.1.7.1.1.7.1.1.7.2.weight | nonzeros =      28 /     132             ( 21.21%) | total_pruned =     104 | shape = torch.Size([132])
1.1.7.1.1.7.1.1.7.2.bias | nonzeros =       0 /     132             (  0.00%) | total_pruned =     132 | shape = torch.Size([132])
1.1.7.1.1.7.1.1.7.3.1.weight | nonzeros =     504 /  152064             (  0.33%) | total_pruned =  151560 | shape = torch.Size([128, 132, 3, 3])
1.1.7.1.1.7.1.1.7.3.1.bias | nonzeros =       0 /     128             (  0.00%) | total_pruned =     128 | shape = torch.Size([128])
1.1.7.1.1.7.1.1.7.4.weight | nonzeros =      82 /     128             ( 64.06%) | total_pruned =      46 | shape = torch.Size([128])
1.1.7.1.1.7.1.1.7.4.bias | nonzeros =       0 /     128             (  0.00%) | total_pruned =     128 | shape = torch.Size([128])
1.1.7.1.1.7.1.1.7.6.1.weight | nonzeros =     265 /   16384             (  1.62%) | total_pruned =   16119 | shape = torch.Size([128, 128, 1, 1])
1.1.7.1.1.7.1.1.7.6.1.bias | nonzeros =       0 /     128             (  0.00%) | total_pruned =     128 | shape = torch.Size([128])
1.1.7.1.1.7.1.1.7.7.weight | nonzeros =      16 /     128             ( 12.50%) | total_pruned =     112 | shape = torch.Size([128])
1.1.7.1.1.7.1.1.7.7.bias | nonzeros =       0 /     128             (  0.00%) | total_pruned =     128 | shape = torch.Size([128])
1.1.7.1.1.7.2.weight | nonzeros =      22 /     132             ( 16.67%) | total_pruned =     110 | shape = torch.Size([132])
1.1.7.1.1.7.2.bias   | nonzeros =       0 /     132             (  0.00%) | total_pruned =     132 | shape = torch.Size([132])
1.1.7.1.1.7.3.1.weight | nonzeros =    2097 /  152064             (  1.38%) | total_pruned =  149967 | shape = torch.Size([128, 132, 3, 3])
1.1.7.1.1.7.3.1.bias | nonzeros =       0 /     128             (  0.00%) | total_pruned =     128 | shape = torch.Size([128])
1.1.7.1.1.7.4.weight | nonzeros =      90 /     128             ( 70.31%) | total_pruned =      38 | shape = torch.Size([128])
1.1.7.1.1.7.4.bias   | nonzeros =       0 /     128             (  0.00%) | total_pruned =     128 | shape = torch.Size([128])
1.1.7.1.1.7.6.1.weight | nonzeros =    1223 /   16384             (  7.46%) | total_pruned =   15161 | shape = torch.Size([128, 128, 1, 1])
1.1.7.1.1.7.6.1.bias | nonzeros =       0 /     128             (  0.00%) | total_pruned =     128 | shape = torch.Size([128])
1.1.7.1.1.7.7.weight | nonzeros =      51 /     128             ( 39.84%) | total_pruned =      77 | shape = torch.Size([128])
1.1.7.1.1.7.7.bias   | nonzeros =       0 /     128             (  0.00%) | total_pruned =     128 | shape = torch.Size([128])
1.1.7.2.weight       | nonzeros =      55 /     132             ( 41.67%) | total_pruned =      77 | shape = torch.Size([132])
1.1.7.2.bias         | nonzeros =       0 /     132             (  0.00%) | total_pruned =     132 | shape = torch.Size([132])
1.1.7.3.1.weight     | nonzeros =    4762 /  152064             (  3.13%) | total_pruned =  147302 | shape = torch.Size([128, 132, 3, 3])
1.1.7.3.1.bias       | nonzeros =       0 /     128             (  0.00%) | total_pruned =     128 | shape = torch.Size([128])
1.1.7.4.weight       | nonzeros =      89 /     128             ( 69.53%) | total_pruned =      39 | shape = torch.Size([128])
1.1.7.4.bias         | nonzeros =       0 /     128             (  0.00%) | total_pruned =     128 | shape = torch.Size([128])
1.1.7.6.1.weight     | nonzeros =    1829 /   16384             ( 11.16%) | total_pruned =   14555 | shape = torch.Size([128, 128, 1, 1])
1.1.7.6.1.bias       | nonzeros =       0 /     128             (  0.00%) | total_pruned =     128 | shape = torch.Size([128])
1.1.7.7.weight       | nonzeros =      70 /     128             ( 54.69%) | total_pruned =      58 | shape = torch.Size([128])
1.1.7.7.bias         | nonzeros =       0 /     128             (  0.00%) | total_pruned =     128 | shape = torch.Size([128])
2.weight             | nonzeros =      74 /     132             ( 56.06%) | total_pruned =      58 | shape = torch.Size([132])
2.bias               | nonzeros =       0 /     132             (  0.00%) | total_pruned =     132 | shape = torch.Size([132])
3.1.weight           | nonzeros =    4904 /  152064             (  3.22%) | total_pruned =  147160 | shape = torch.Size([128, 132, 3, 3])
3.1.bias             | nonzeros =       0 /     128             (  0.00%) | total_pruned =     128 | shape = torch.Size([128])
4.weight             | nonzeros =     105 /     128             ( 82.03%) | total_pruned =      23 | shape = torch.Size([128])
4.bias               | nonzeros =       0 /     128             (  0.00%) | total_pruned =     128 | shape = torch.Size([128])
6.1.weight           | nonzeros =    2518 /   16384             ( 15.37%) | total_pruned =   13866 | shape = torch.Size([128, 128, 1, 1])
6.1.bias             | nonzeros =       0 /     128             (  0.00%) | total_pruned =     128 | shape = torch.Size([128])
7.weight             | nonzeros =     105 /     128             ( 82.03%) | total_pruned =      23 | shape = torch.Size([128])
7.bias               | nonzeros =       0 /     128             (  0.00%) | total_pruned =     128 | shape = torch.Size([128])
9.1.weight           | nonzeros =     191 /     384             ( 49.74%) | total_pruned =     193 | shape = torch.Size([3, 128, 1, 1])
9.1.bias             | nonzeros =       2 /       3             ( 66.67%) | total_pruned =       1 | shape = torch.Size([3])
alive: 66534, pruned : 2151297, total: 2217831, Compression rate :      33.33x  ( 97.00% pruned)
(3, 256, 256) (3, 256, 256) (3, 256, 256)
PSNR of output image is:  16.112025155820298
Experiment done
