(3, 512, 512)
Noisy PSNR is '20.32026228830599'
(3, 512, 512) (3, 512, 512) torch.Size([1, 32, 512, 512])
Starting optimization with optimizer 'SAM'
Output directory: data/denoising/Set14/mask/11/sparsity_skip/det/0.03/1e-09
epoch:  0 quantization_loss:  0.06843805313110352
p mean is: tensor(-0.0006, device='cuda:4')
epoch:  1000 quantization_loss:  0.05606880411505699
p mean is: tensor(-0.0261, device='cuda:4')
epoch:  2000 quantization_loss:  0.05519784241914749
p mean is: tensor(-0.0470, device='cuda:4')
epoch:  3000 quantization_loss:  0.055434513837099075
p mean is: tensor(-0.0681, device='cuda:4')
epoch:  4000 quantization_loss:  0.05589180812239647
p mean is: tensor(-0.0896, device='cuda:4')
epoch:  5000 quantization_loss:  0.054245710372924805
p mean is: tensor(-0.1104, device='cuda:4')
epoch:  6000 quantization_loss:  0.05362049862742424
p mean is: tensor(-0.1309, device='cuda:4')
epoch:  7000 quantization_loss:  0.05380428209900856
p mean is: tensor(-0.1518, device='cuda:4')
epoch:  8000 quantization_loss:  0.053894802927970886
p mean is: tensor(-0.1729, device='cuda:4')
epoch:  9000 quantization_loss:  0.0518694669008255
p mean is: tensor(-0.1949, device='cuda:4')
epoch:  10000 quantization_loss:  0.0454283282160759
p mean is: tensor(-0.2179, device='cuda:4')
epoch:  11000 quantization_loss:  0.04010947048664093
p mean is: tensor(-0.2435, device='cuda:4')
epoch:  12000 quantization_loss:  0.036388568580150604
p mean is: tensor(-0.2752, device='cuda:4')
epoch:  13000 quantization_loss:  0.03255309909582138
p mean is: tensor(-0.3143, device='cuda:4')
epoch:  14000 quantization_loss:  0.02681640535593033
p mean is: tensor(-0.3596, device='cuda:4')
epoch:  15000 quantization_loss:  0.023851295933127403
p mean is: tensor(-0.4111, device='cuda:4')
epoch:  16000 quantization_loss:  0.022022470831871033
p mean is: tensor(-0.4716, device='cuda:4')
epoch:  17000 quantization_loss:  0.020410368219017982
p mean is: tensor(-0.5438, device='cuda:4')
epoch:  18000 quantization_loss:  0.0195351243019104
p mean is: tensor(-0.6280, device='cuda:4')
epoch:  19000 quantization_loss:  0.01861557923257351
p mean is: tensor(-0.7230, device='cuda:4')
epoch:  20000 quantization_loss:  0.017673371359705925
p mean is: tensor(-0.8268, device='cuda:4')
epoch:  21000 quantization_loss:  0.016983674839138985
p mean is: tensor(-0.9367, device='cuda:4')
epoch:  22000 quantization_loss:  0.016448650509119034
p mean is: tensor(-1.0501, device='cuda:4')
epoch:  23000 quantization_loss:  0.015770478174090385
p mean is: tensor(-1.1632, device='cuda:4')
epoch:  24000 quantization_loss:  0.015298581682145596
p mean is: tensor(-1.2729, device='cuda:4')
epoch:  25000 quantization_loss:  0.01497560366988182
p mean is: tensor(-1.3769, device='cuda:4')
epoch:  26000 quantization_loss:  0.014591516926884651
p mean is: tensor(-1.4740, device='cuda:4')
epoch:  27000 quantization_loss:  0.014379563741385937
p mean is: tensor(-1.5639, device='cuda:4')
epoch:  28000 quantization_loss:  0.014068957418203354
p mean is: tensor(-1.6471, device='cuda:4')
epoch:  29000 quantization_loss:  0.01383643876761198
p mean is: tensor(-1.7242, device='cuda:4')
epoch:  30000 quantization_loss:  0.013499151915311813
p mean is: tensor(-1.7953, device='cuda:4')
epoch:  31000 quantization_loss:  0.013387460261583328
p mean is: tensor(-1.8609, device='cuda:4')
epoch:  32000 quantization_loss:  0.013265903107821941
p mean is: tensor(-1.9216, device='cuda:4')
epoch:  33000 quantization_loss:  0.013012329116463661
p mean is: tensor(-1.9782, device='cuda:4')
epoch:  34000 quantization_loss:  0.012848418205976486
p mean is: tensor(-2.0312, device='cuda:4')
epoch:  35000 quantization_loss:  0.01273414772003889
p mean is: tensor(-2.0808, device='cuda:4')
epoch:  36000 quantization_loss:  0.012692440301179886
p mean is: tensor(-2.1275, device='cuda:4')
epoch:  37000 quantization_loss:  0.012538745068013668
p mean is: tensor(-2.1717, device='cuda:4')
epoch:  38000 quantization_loss:  0.012402048334479332
p mean is: tensor(-2.2133, device='cuda:4')
epoch:  39000 quantization_loss:  0.012349899858236313
p mean is: tensor(-2.2528, device='cuda:4')
epoch:  40000 quantization_loss:  0.012328142300248146
p mean is: tensor(-2.2902, device='cuda:4')
epoch:  41000 quantization_loss:  0.01223995815962553
p mean is: tensor(-2.3256, device='cuda:4')
epoch:  42000 quantization_loss:  0.01216217316687107
p mean is: tensor(-2.3593, device='cuda:4')
epoch:  43000 quantization_loss:  0.01211387850344181
p mean is: tensor(-2.3914, device='cuda:4')
epoch:  44000 quantization_loss:  0.012053381651639938
p mean is: tensor(-2.4218, device='cuda:4')
epoch:  45000 quantization_loss:  0.011999374255537987
p mean is: tensor(-2.4505, device='cuda:4')
epoch:  46000 quantization_loss:  0.011981736868619919
p mean is: tensor(-2.4780, device='cuda:4')
epoch:  47000 quantization_loss:  0.011914674192667007
p mean is: tensor(-2.5041, device='cuda:4')
epoch:  48000 quantization_loss:  0.011876106262207031
p mean is: tensor(-2.5290, device='cuda:4')
epoch:  49000 quantization_loss:  0.011798609048128128
p mean is: tensor(-2.5530, device='cuda:4')
epoch:  50000 quantization_loss:  0.01183005515486002
p mean is: tensor(-2.5758, device='cuda:4')
epoch:  51000 quantization_loss:  0.011831569485366344
p mean is: tensor(-2.5975, device='cuda:4')
epoch:  52000 quantization_loss:  0.011763926595449448
p mean is: tensor(-2.6183, device='cuda:4')
epoch:  53000 quantization_loss:  0.011737928725779057
p mean is: tensor(-2.6383, device='cuda:4')
epoch:  54000 quantization_loss:  0.011710048653185368
p mean is: tensor(-2.6574, device='cuda:4')
epoch:  55000 quantization_loss:  0.011707213707268238
p mean is: tensor(-2.6758, device='cuda:4')
epoch:  56000 quantization_loss:  0.011654474772512913
p mean is: tensor(-2.6936, device='cuda:4')
epoch:  57000 quantization_loss:  0.011669163592159748
p mean is: tensor(-2.7106, device='cuda:4')
epoch:  58000 quantization_loss:  0.011610589921474457
p mean is: tensor(-2.7270, device='cuda:4')
epoch:  59000 quantization_loss:  0.0116199292242527
p mean is: tensor(-2.7429, device='cuda:4')
Number of elements to keep: 66534
Threshold value: 6.480190753936768
Number of elements equal to threshold: 1
Number of elements to randomly select: 1
Actual sparsity achieved: 0.02999958067138569
Number of elements to keep: 66534
Threshold value: 6.480190753936768
Number of elements equal to threshold: 1
Number of elements to randomly select: 1
Actual sparsity achieved: 0.02999958067138569
1.0.1.1.weight       | nonzeros =      41 /     128             ( 32.03%) | total_pruned =      87 | shape = torch.Size([4, 32, 1, 1])
1.0.1.1.bias         | nonzeros =       0 /       4             (  0.00%) | total_pruned =       4 | shape = torch.Size([4])
1.0.2.weight         | nonzeros =       4 /       4             (100.00%) | total_pruned =       0 | shape = torch.Size([4])
1.0.2.bias           | nonzeros =       0 /       4             (  0.00%) | total_pruned =       4 | shape = torch.Size([4])
1.1.1.1.weight       | nonzeros =   13320 /   36864             ( 36.13%) | total_pruned =   23544 | shape = torch.Size([128, 32, 3, 3])
1.1.1.1.bias         | nonzeros =       0 /     128             (  0.00%) | total_pruned =     128 | shape = torch.Size([128])
1.1.2.weight         | nonzeros =     107 /     128             ( 83.59%) | total_pruned =      21 | shape = torch.Size([128])
1.1.2.bias           | nonzeros =       0 /     128             (  0.00%) | total_pruned =     128 | shape = torch.Size([128])
1.1.4.1.weight       | nonzeros =   28417 /  147456             ( 19.27%) | total_pruned =  119039 | shape = torch.Size([128, 128, 3, 3])
1.1.4.1.bias         | nonzeros =       0 /     128             (  0.00%) | total_pruned =     128 | shape = torch.Size([128])
1.1.5.weight         | nonzeros =     110 /     128             ( 85.94%) | total_pruned =      18 | shape = torch.Size([128])
1.1.5.bias           | nonzeros =       0 /     128             (  0.00%) | total_pruned =     128 | shape = torch.Size([128])
1.1.7.1.0.1.1.weight | nonzeros =     176 /     512             ( 34.38%) | total_pruned =     336 | shape = torch.Size([4, 128, 1, 1])
1.1.7.1.0.1.1.bias   | nonzeros =       0 /       4             (  0.00%) | total_pruned =       4 | shape = torch.Size([4])
1.1.7.1.0.2.weight   | nonzeros =       4 /       4             (100.00%) | total_pruned =       0 | shape = torch.Size([4])
1.1.7.1.0.2.bias     | nonzeros =       0 /       4             (  0.00%) | total_pruned =       4 | shape = torch.Size([4])
1.1.7.1.1.1.1.weight | nonzeros =   14364 /  147456             (  9.74%) | total_pruned =  133092 | shape = torch.Size([128, 128, 3, 3])
1.1.7.1.1.1.1.bias   | nonzeros =       0 /     128             (  0.00%) | total_pruned =     128 | shape = torch.Size([128])
1.1.7.1.1.2.weight   | nonzeros =     105 /     128             ( 82.03%) | total_pruned =      23 | shape = torch.Size([128])
1.1.7.1.1.2.bias     | nonzeros =       0 /     128             (  0.00%) | total_pruned =     128 | shape = torch.Size([128])
1.1.7.1.1.4.1.weight | nonzeros =    4920 /  147456             (  3.34%) | total_pruned =  142536 | shape = torch.Size([128, 128, 3, 3])
1.1.7.1.1.4.1.bias   | nonzeros =       0 /     128             (  0.00%) | total_pruned =     128 | shape = torch.Size([128])
1.1.7.1.1.5.weight   | nonzeros =      90 /     128             ( 70.31%) | total_pruned =      38 | shape = torch.Size([128])
1.1.7.1.1.5.bias     | nonzeros =       0 /     128             (  0.00%) | total_pruned =     128 | shape = torch.Size([128])
1.1.7.1.1.7.1.0.1.1.weight | nonzeros =     145 /     512             ( 28.32%) | total_pruned =     367 | shape = torch.Size([4, 128, 1, 1])
1.1.7.1.1.7.1.0.1.1.bias | nonzeros =       0 /       4             (  0.00%) | total_pruned =       4 | shape = torch.Size([4])
1.1.7.1.1.7.1.0.2.weight | nonzeros =       4 /       4             (100.00%) | total_pruned =       0 | shape = torch.Size([4])
1.1.7.1.1.7.1.0.2.bias | nonzeros =       0 /       4             (  0.00%) | total_pruned =       4 | shape = torch.Size([4])
1.1.7.1.1.7.1.1.1.1.weight | nonzeros =       1 /  147456             (  0.00%) | total_pruned =  147455 | shape = torch.Size([128, 128, 3, 3])
1.1.7.1.1.7.1.1.1.1.bias | nonzeros =       0 /     128             (  0.00%) | total_pruned =     128 | shape = torch.Size([128])
1.1.7.1.1.7.1.1.2.weight | nonzeros =      85 /     128             ( 66.41%) | total_pruned =      43 | shape = torch.Size([128])
1.1.7.1.1.7.1.1.2.bias | nonzeros =       0 /     128             (  0.00%) | total_pruned =     128 | shape = torch.Size([128])
1.1.7.1.1.7.1.1.4.1.weight | nonzeros =       0 /  147456             (  0.00%) | total_pruned =  147456 | shape = torch.Size([128, 128, 3, 3])
1.1.7.1.1.7.1.1.4.1.bias | nonzeros =       0 /     128             (  0.00%) | total_pruned =     128 | shape = torch.Size([128])
1.1.7.1.1.7.1.1.5.weight | nonzeros =      53 /     128             ( 41.41%) | total_pruned =      75 | shape = torch.Size([128])
1.1.7.1.1.7.1.1.5.bias | nonzeros =       0 /     128             (  0.00%) | total_pruned =     128 | shape = torch.Size([128])
1.1.7.1.1.7.1.1.7.1.0.1.1.weight | nonzeros =      57 /     512             ( 11.13%) | total_pruned =     455 | shape = torch.Size([4, 128, 1, 1])
1.1.7.1.1.7.1.1.7.1.0.1.1.bias | nonzeros =       0 /       4             (  0.00%) | total_pruned =       4 | shape = torch.Size([4])
1.1.7.1.1.7.1.1.7.1.0.2.weight | nonzeros =       4 /       4             (100.00%) | total_pruned =       0 | shape = torch.Size([4])
1.1.7.1.1.7.1.1.7.1.0.2.bias | nonzeros =       0 /       4             (  0.00%) | total_pruned =       4 | shape = torch.Size([4])
1.1.7.1.1.7.1.1.7.1.1.1.1.weight | nonzeros =       0 /  147456             (  0.00%) | total_pruned =  147456 | shape = torch.Size([128, 128, 3, 3])
1.1.7.1.1.7.1.1.7.1.1.1.1.bias | nonzeros =       0 /     128             (  0.00%) | total_pruned =     128 | shape = torch.Size([128])
1.1.7.1.1.7.1.1.7.1.1.2.weight | nonzeros =      14 /     128             ( 10.94%) | total_pruned =     114 | shape = torch.Size([128])
1.1.7.1.1.7.1.1.7.1.1.2.bias | nonzeros =       0 /     128             (  0.00%) | total_pruned =     128 | shape = torch.Size([128])
1.1.7.1.1.7.1.1.7.1.1.4.1.weight | nonzeros =       0 /  147456             (  0.00%) | total_pruned =  147456 | shape = torch.Size([128, 128, 3, 3])
1.1.7.1.1.7.1.1.7.1.1.4.1.bias | nonzeros =       0 /     128             (  0.00%) | total_pruned =     128 | shape = torch.Size([128])
1.1.7.1.1.7.1.1.7.1.1.5.weight | nonzeros =      19 /     128             ( 14.84%) | total_pruned =     109 | shape = torch.Size([128])
1.1.7.1.1.7.1.1.7.1.1.5.bias | nonzeros =       0 /     128             (  0.00%) | total_pruned =     128 | shape = torch.Size([128])
1.1.7.1.1.7.1.1.7.1.1.7.1.0.1.1.weight | nonzeros =       1 /     512             (  0.20%) | total_pruned =     511 | shape = torch.Size([4, 128, 1, 1])
1.1.7.1.1.7.1.1.7.1.1.7.1.0.1.1.bias | nonzeros =       0 /       4             (  0.00%) | total_pruned =       4 | shape = torch.Size([4])
1.1.7.1.1.7.1.1.7.1.1.7.1.0.2.weight | nonzeros =       1 /       4             ( 25.00%) | total_pruned =       3 | shape = torch.Size([4])
1.1.7.1.1.7.1.1.7.1.1.7.1.0.2.bias | nonzeros =       0 /       4             (  0.00%) | total_pruned =       4 | shape = torch.Size([4])
1.1.7.1.1.7.1.1.7.1.1.7.1.1.1.1.weight | nonzeros =       0 /  147456             (  0.00%) | total_pruned =  147456 | shape = torch.Size([128, 128, 3, 3])
1.1.7.1.1.7.1.1.7.1.1.7.1.1.1.1.bias | nonzeros =       0 /     128             (  0.00%) | total_pruned =     128 | shape = torch.Size([128])
1.1.7.1.1.7.1.1.7.1.1.7.1.1.2.weight | nonzeros =      31 /     128             ( 24.22%) | total_pruned =      97 | shape = torch.Size([128])
1.1.7.1.1.7.1.1.7.1.1.7.1.1.2.bias | nonzeros =       0 /     128             (  0.00%) | total_pruned =     128 | shape = torch.Size([128])
1.1.7.1.1.7.1.1.7.1.1.7.1.1.4.1.weight | nonzeros =       0 /  147456             (  0.00%) | total_pruned =  147456 | shape = torch.Size([128, 128, 3, 3])
1.1.7.1.1.7.1.1.7.1.1.7.1.1.4.1.bias | nonzeros =       0 /     128             (  0.00%) | total_pruned =     128 | shape = torch.Size([128])
1.1.7.1.1.7.1.1.7.1.1.7.1.1.5.weight | nonzeros =       9 /     128             (  7.03%) | total_pruned =     119 | shape = torch.Size([128])
1.1.7.1.1.7.1.1.7.1.1.7.1.1.5.bias | nonzeros =       0 /     128             (  0.00%) | total_pruned =     128 | shape = torch.Size([128])
1.1.7.1.1.7.1.1.7.1.1.7.2.weight | nonzeros =      52 /     132             ( 39.39%) | total_pruned =      80 | shape = torch.Size([132])
1.1.7.1.1.7.1.1.7.1.1.7.2.bias | nonzeros =       0 /     132             (  0.00%) | total_pruned =     132 | shape = torch.Size([132])
1.1.7.1.1.7.1.1.7.1.1.7.3.1.weight | nonzeros =       0 /  152064             (  0.00%) | total_pruned =  152064 | shape = torch.Size([128, 132, 3, 3])
1.1.7.1.1.7.1.1.7.1.1.7.3.1.bias | nonzeros =       0 /     128             (  0.00%) | total_pruned =     128 | shape = torch.Size([128])
1.1.7.1.1.7.1.1.7.1.1.7.4.weight | nonzeros =      40 /     128             ( 31.25%) | total_pruned =      88 | shape = torch.Size([128])
1.1.7.1.1.7.1.1.7.1.1.7.4.bias | nonzeros =       0 /     128             (  0.00%) | total_pruned =     128 | shape = torch.Size([128])
1.1.7.1.1.7.1.1.7.1.1.7.6.1.weight | nonzeros =      19 /   16384             (  0.12%) | total_pruned =   16365 | shape = torch.Size([128, 128, 1, 1])
1.1.7.1.1.7.1.1.7.1.1.7.6.1.bias | nonzeros =       0 /     128             (  0.00%) | total_pruned =     128 | shape = torch.Size([128])
1.1.7.1.1.7.1.1.7.1.1.7.7.weight | nonzeros =       5 /     128             (  3.91%) | total_pruned =     123 | shape = torch.Size([128])
1.1.7.1.1.7.1.1.7.1.1.7.7.bias | nonzeros =       0 /     128             (  0.00%) | total_pruned =     128 | shape = torch.Size([128])
1.1.7.1.1.7.1.1.7.2.weight | nonzeros =      36 /     132             ( 27.27%) | total_pruned =      96 | shape = torch.Size([132])
1.1.7.1.1.7.1.1.7.2.bias | nonzeros =       0 /     132             (  0.00%) | total_pruned =     132 | shape = torch.Size([132])
1.1.7.1.1.7.1.1.7.3.1.weight | nonzeros =     123 /  152064             (  0.08%) | total_pruned =  151941 | shape = torch.Size([128, 132, 3, 3])
1.1.7.1.1.7.1.1.7.3.1.bias | nonzeros =       0 /     128             (  0.00%) | total_pruned =     128 | shape = torch.Size([128])
1.1.7.1.1.7.1.1.7.4.weight | nonzeros =      87 /     128             ( 67.97%) | total_pruned =      41 | shape = torch.Size([128])
1.1.7.1.1.7.1.1.7.4.bias | nonzeros =       0 /     128             (  0.00%) | total_pruned =     128 | shape = torch.Size([128])
1.1.7.1.1.7.1.1.7.6.1.weight | nonzeros =      90 /   16384             (  0.55%) | total_pruned =   16294 | shape = torch.Size([128, 128, 1, 1])
1.1.7.1.1.7.1.1.7.6.1.bias | nonzeros =       0 /     128             (  0.00%) | total_pruned =     128 | shape = torch.Size([128])
1.1.7.1.1.7.1.1.7.7.weight | nonzeros =      22 /     128             ( 17.19%) | total_pruned =     106 | shape = torch.Size([128])
1.1.7.1.1.7.1.1.7.7.bias | nonzeros =       0 /     128             (  0.00%) | total_pruned =     128 | shape = torch.Size([128])
1.1.7.1.1.7.2.weight | nonzeros =      37 /     132             ( 28.03%) | total_pruned =      95 | shape = torch.Size([132])
1.1.7.1.1.7.2.bias   | nonzeros =       0 /     132             (  0.00%) | total_pruned =     132 | shape = torch.Size([132])
1.1.7.1.1.7.3.1.weight | nonzeros =     759 /  152064             (  0.50%) | total_pruned =  151305 | shape = torch.Size([128, 132, 3, 3])
1.1.7.1.1.7.3.1.bias | nonzeros =       0 /     128             (  0.00%) | total_pruned =     128 | shape = torch.Size([128])
1.1.7.1.1.7.4.weight | nonzeros =      97 /     128             ( 75.78%) | total_pruned =      31 | shape = torch.Size([128])
1.1.7.1.1.7.4.bias   | nonzeros =       0 /     128             (  0.00%) | total_pruned =     128 | shape = torch.Size([128])
1.1.7.1.1.7.6.1.weight | nonzeros =     460 /   16384             (  2.81%) | total_pruned =   15924 | shape = torch.Size([128, 128, 1, 1])
1.1.7.1.1.7.6.1.bias | nonzeros =       0 /     128             (  0.00%) | total_pruned =     128 | shape = torch.Size([128])
1.1.7.1.1.7.7.weight | nonzeros =      37 /     128             ( 28.91%) | total_pruned =      91 | shape = torch.Size([128])
1.1.7.1.1.7.7.bias   | nonzeros =       0 /     128             (  0.00%) | total_pruned =     128 | shape = torch.Size([128])
1.1.7.2.weight       | nonzeros =      46 /     132             ( 34.85%) | total_pruned =      86 | shape = torch.Size([132])
1.1.7.2.bias         | nonzeros =       0 /     132             (  0.00%) | total_pruned =     132 | shape = torch.Size([132])
1.1.7.3.1.weight     | nonzeros =     821 /  152064             (  0.54%) | total_pruned =  151243 | shape = torch.Size([128, 132, 3, 3])
1.1.7.3.1.bias       | nonzeros =       0 /     128             (  0.00%) | total_pruned =     128 | shape = torch.Size([128])
1.1.7.4.weight       | nonzeros =      93 /     128             ( 72.66%) | total_pruned =      35 | shape = torch.Size([128])
1.1.7.4.bias         | nonzeros =       0 /     128             (  0.00%) | total_pruned =     128 | shape = torch.Size([128])
1.1.7.6.1.weight     | nonzeros =     414 /   16384             (  2.53%) | total_pruned =   15970 | shape = torch.Size([128, 128, 1, 1])
1.1.7.6.1.bias       | nonzeros =       0 /     128             (  0.00%) | total_pruned =     128 | shape = torch.Size([128])
1.1.7.7.weight       | nonzeros =      49 /     128             ( 38.28%) | total_pruned =      79 | shape = torch.Size([128])
1.1.7.7.bias         | nonzeros =       0 /     128             (  0.00%) | total_pruned =     128 | shape = torch.Size([128])
2.weight             | nonzeros =      61 /     132             ( 46.21%) | total_pruned =      71 | shape = torch.Size([132])
2.bias               | nonzeros =       0 /     132             (  0.00%) | total_pruned =     132 | shape = torch.Size([132])
3.1.weight           | nonzeros =     157 /  152064             (  0.10%) | total_pruned =  151907 | shape = torch.Size([128, 132, 3, 3])
3.1.bias             | nonzeros =       0 /     128             (  0.00%) | total_pruned =     128 | shape = torch.Size([128])
4.weight             | nonzeros =     110 /     128             ( 85.94%) | total_pruned =      18 | shape = torch.Size([128])
4.bias               | nonzeros =       0 /     128             (  0.00%) | total_pruned =     128 | shape = torch.Size([128])
6.1.weight           | nonzeros =     543 /   16384             (  3.31%) | total_pruned =   15841 | shape = torch.Size([128, 128, 1, 1])
6.1.bias             | nonzeros =       0 /     128             (  0.00%) | total_pruned =     128 | shape = torch.Size([128])
7.weight             | nonzeros =     101 /     128             ( 78.91%) | total_pruned =      27 | shape = torch.Size([128])
7.bias               | nonzeros =       0 /     128             (  0.00%) | total_pruned =     128 | shape = torch.Size([128])
9.1.weight           | nonzeros =     192 /     384             ( 50.00%) | total_pruned =     192 | shape = torch.Size([3, 128, 1, 1])
9.1.bias             | nonzeros =       1 /       3             ( 33.33%) | total_pruned =       2 | shape = torch.Size([3])
alive: 66534, pruned : 2151297, total: 2217831, Compression rate :      33.33x  ( 97.00% pruned)
(3, 512, 512) (3, 512, 512) (3, 512, 512)
PSNR of output image is:  13.677404833838038
Experiment done
