(3, 512, 512)
(3, 512, 512)
Noisy PSNR is '4.962891536230508'
(3, 512, 512) (3, 512, 512) torch.Size([1, 32, 512, 512])
Output directory: data/inpainting/Dataset/mask/3/sparsity/0.5/det/0.8/1e-09
epoch:  0 quantization_loss:  0.039114296436309814
p mean is: tensor(-0.0002, device='cuda:3')
epoch:  1000 quantization_loss:  0.025794586166739464
p mean is: tensor(-0.0158, device='cuda:3')
epoch:  2000 quantization_loss:  0.02412908710539341
p mean is: tensor(-0.0262, device='cuda:3')
epoch:  3000 quantization_loss:  0.02417406626045704
p mean is: tensor(-0.0362, device='cuda:3')
epoch:  4000 quantization_loss:  0.02363262139260769
p mean is: tensor(-0.0463, device='cuda:3')
epoch:  5000 quantization_loss:  0.02103607729077339
p mean is: tensor(-0.0562, device='cuda:3')
epoch:  6000 quantization_loss:  0.020133981481194496
p mean is: tensor(-0.0678, device='cuda:3')
epoch:  7000 quantization_loss:  0.01814347878098488
p mean is: tensor(-0.0833, device='cuda:3')
epoch:  8000 quantization_loss:  0.016200419515371323
p mean is: tensor(-0.1032, device='cuda:3')
epoch:  9000 quantization_loss:  0.015288382768630981
p mean is: tensor(-0.1288, device='cuda:3')
epoch:  10000 quantization_loss:  0.01464872807264328
p mean is: tensor(-0.1619, device='cuda:3')
epoch:  11000 quantization_loss:  0.014508148655295372
p mean is: tensor(-0.2039, device='cuda:3')
epoch:  12000 quantization_loss:  0.013903225772082806
p mean is: tensor(-0.2560, device='cuda:3')
epoch:  13000 quantization_loss:  0.013545862399041653
p mean is: tensor(-0.3181, device='cuda:3')
epoch:  14000 quantization_loss:  0.013218001462519169
p mean is: tensor(-0.3889, device='cuda:3')
epoch:  15000 quantization_loss:  0.013674934394657612
p mean is: tensor(-0.4657, device='cuda:3')
epoch:  16000 quantization_loss:  0.012776038609445095
p mean is: tensor(-0.5449, device='cuda:3')
epoch:  17000 quantization_loss:  0.012552490457892418
p mean is: tensor(-0.6232, device='cuda:3')
epoch:  18000 quantization_loss:  0.012399702332913876
p mean is: tensor(-0.6977, device='cuda:3')
epoch:  19000 quantization_loss:  0.012256361544132233
p mean is: tensor(-0.7663, device='cuda:3')
epoch:  20000 quantization_loss:  0.012105242349207401
p mean is: tensor(-0.8281, device='cuda:3')
epoch:  21000 quantization_loss:  0.011996888555586338
p mean is: tensor(-0.8828, device='cuda:3')
epoch:  22000 quantization_loss:  0.011905951425433159
p mean is: tensor(-0.9309, device='cuda:3')
epoch:  23000 quantization_loss:  0.011760191060602665
p mean is: tensor(-0.9728, device='cuda:3')
epoch:  24000 quantization_loss:  0.011712313629686832
p mean is: tensor(-1.0093, device='cuda:3')
epoch:  25000 quantization_loss:  0.01166838314384222
p mean is: tensor(-1.0414, device='cuda:3')
epoch:  26000 quantization_loss:  0.011603666469454765
p mean is: tensor(-1.0694, device='cuda:3')
epoch:  27000 quantization_loss:  0.01150130107998848
p mean is: tensor(-1.0939, device='cuda:3')
epoch:  28000 quantization_loss:  0.01145655382424593
p mean is: tensor(-1.1155, device='cuda:3')
epoch:  29000 quantization_loss:  0.01141055766493082
p mean is: tensor(-1.1345, device='cuda:3')
epoch:  30000 quantization_loss:  0.011364415287971497
p mean is: tensor(-1.1513, device='cuda:3')
epoch:  31000 quantization_loss:  0.011346636340022087
p mean is: tensor(-1.1662, device='cuda:3')
epoch:  32000 quantization_loss:  0.011286038905382156
p mean is: tensor(-1.1794, device='cuda:3')
epoch:  33000 quantization_loss:  0.011260028928518295
p mean is: tensor(-1.1911, device='cuda:3')
epoch:  34000 quantization_loss:  0.01122819259762764
p mean is: tensor(-1.2015, device='cuda:3')
epoch:  35000 quantization_loss:  0.011222254484891891
p mean is: tensor(-1.2108, device='cuda:3')
epoch:  36000 quantization_loss:  0.011185071431100368
p mean is: tensor(-1.2192, device='cuda:3')
epoch:  37000 quantization_loss:  0.011162618175148964
p mean is: tensor(-1.2268, device='cuda:3')
epoch:  38000 quantization_loss:  0.01113228127360344
p mean is: tensor(-1.2337, device='cuda:3')
epoch:  39000 quantization_loss:  0.011108706705272198
p mean is: tensor(-1.2397, device='cuda:3')
epoch:  40000 quantization_loss:  0.011099673807621002
p mean is: tensor(-1.2453, device='cuda:3')
epoch:  41000 quantization_loss:  0.011081050150096416
p mean is: tensor(-1.2502, device='cuda:3')
epoch:  42000 quantization_loss:  0.011073081754148006
p mean is: tensor(-1.2548, device='cuda:3')
epoch:  43000 quantization_loss:  0.011039449833333492
p mean is: tensor(-1.2591, device='cuda:3')
epoch:  44000 quantization_loss:  0.01104805339127779
p mean is: tensor(-1.2629, device='cuda:3')
epoch:  45000 quantization_loss:  0.011026719585061073
p mean is: tensor(-1.2664, device='cuda:3')
epoch:  46000 quantization_loss:  0.011016499251127243
p mean is: tensor(-1.2697, device='cuda:3')
epoch:  47000 quantization_loss:  0.011006551794707775
p mean is: tensor(-1.2727, device='cuda:3')
epoch:  48000 quantization_loss:  0.01099118497222662
p mean is: tensor(-1.2755, device='cuda:3')
epoch:  49000 quantization_loss:  0.0109876012429595
p mean is: tensor(-1.2780, device='cuda:3')
epoch:  50000 quantization_loss:  0.01098574697971344
p mean is: tensor(-1.2805, device='cuda:3')
epoch:  51000 quantization_loss:  0.010983186773955822
p mean is: tensor(-1.2827, device='cuda:3')
epoch:  52000 quantization_loss:  0.010967947542667389
p mean is: tensor(-1.2849, device='cuda:3')
epoch:  53000 quantization_loss:  0.010957528837025166
p mean is: tensor(-1.2869, device='cuda:3')
epoch:  54000 quantization_loss:  0.010959036648273468
p mean is: tensor(-1.2888, device='cuda:3')
epoch:  55000 quantization_loss:  0.010959083214402199
p mean is: tensor(-1.2906, device='cuda:3')
epoch:  56000 quantization_loss:  0.010950316675007343
p mean is: tensor(-1.2923, device='cuda:3')
epoch:  57000 quantization_loss:  0.010941075161099434
p mean is: tensor(-1.2938, device='cuda:3')
epoch:  58000 quantization_loss:  0.010939545929431915
p mean is: tensor(-1.2953, device='cuda:3')
epoch:  59000 quantization_loss:  0.010934785008430481
p mean is: tensor(-1.2967, device='cuda:3')
Number of elements to keep: 2407093
Threshold value: -1.3337775468826294
Number of elements equal to threshold: 2
Number of elements to randomly select: 2
Actual sparsity achieved: 0.7999998005893912
here
Number of elements to keep: 150443
Threshold value: -0.7252863049507141
Number of elements equal to threshold: 1
Number of elements to randomly select: 1
Actual sparsity achieved: 0.04999988367714492
1.1.1.weight         | nonzeros =    8513 /   12800             ( 66.51%) | total_pruned =    4287 | shape = torch.Size([16, 32, 5, 5])
1.1.1.bias           | nonzeros =      16 /      16             (100.00%) | total_pruned =       0 | shape = torch.Size([16])
1.2.weight           | nonzeros =       9 /      16             ( 56.25%) | total_pruned =       7 | shape = torch.Size([16])
1.2.bias             | nonzeros =       0 /      16             (  0.00%) | total_pruned =      16 | shape = torch.Size([16])
1.4.1.weight         | nonzeros =    4646 /    6400             ( 72.59%) | total_pruned =    1754 | shape = torch.Size([16, 16, 5, 5])
1.4.1.bias           | nonzeros =      16 /      16             (100.00%) | total_pruned =       0 | shape = torch.Size([16])
1.5.weight           | nonzeros =       9 /      16             ( 56.25%) | total_pruned =       7 | shape = torch.Size([16])
1.5.bias             | nonzeros =       0 /      16             (  0.00%) | total_pruned =      16 | shape = torch.Size([16])
1.7.1.1.1.weight     | nonzeros =   10208 /   12800             ( 79.75%) | total_pruned =    2592 | shape = torch.Size([32, 16, 5, 5])
1.7.1.1.1.bias       | nonzeros =      32 /      32             (100.00%) | total_pruned =       0 | shape = torch.Size([32])
1.7.1.2.weight       | nonzeros =      13 /      32             ( 40.62%) | total_pruned =      19 | shape = torch.Size([32])
1.7.1.2.bias         | nonzeros =       0 /      32             (  0.00%) | total_pruned =      32 | shape = torch.Size([32])
1.7.1.4.1.weight     | nonzeros =   21231 /   25600             ( 82.93%) | total_pruned =    4369 | shape = torch.Size([32, 32, 5, 5])
1.7.1.4.1.bias       | nonzeros =      32 /      32             (100.00%) | total_pruned =       0 | shape = torch.Size([32])
1.7.1.5.weight       | nonzeros =      16 /      32             ( 50.00%) | total_pruned =      16 | shape = torch.Size([32])
1.7.1.5.bias         | nonzeros =       0 /      32             (  0.00%) | total_pruned =      32 | shape = torch.Size([32])
1.7.1.7.1.1.1.weight | nonzeros =   43123 /   51200             ( 84.22%) | total_pruned =    8077 | shape = torch.Size([64, 32, 5, 5])
1.7.1.7.1.1.1.bias   | nonzeros =      64 /      64             (100.00%) | total_pruned =       0 | shape = torch.Size([64])
1.7.1.7.1.2.weight   | nonzeros =      25 /      64             ( 39.06%) | total_pruned =      39 | shape = torch.Size([64])
1.7.1.7.1.2.bias     | nonzeros =       0 /      64             (  0.00%) | total_pruned =      64 | shape = torch.Size([64])
1.7.1.7.1.4.1.weight | nonzeros =   88348 /  102400             ( 86.28%) | total_pruned =   14052 | shape = torch.Size([64, 64, 5, 5])
1.7.1.7.1.4.1.bias   | nonzeros =      64 /      64             (100.00%) | total_pruned =       0 | shape = torch.Size([64])
1.7.1.7.1.5.weight   | nonzeros =      26 /      64             ( 40.62%) | total_pruned =      38 | shape = torch.Size([64])
1.7.1.7.1.5.bias     | nonzeros =       0 /      64             (  0.00%) | total_pruned =      64 | shape = torch.Size([64])
1.7.1.7.1.7.1.1.1.weight | nonzeros =  177916 /  204800             ( 86.87%) | total_pruned =   26884 | shape = torch.Size([128, 64, 5, 5])
1.7.1.7.1.7.1.1.1.bias | nonzeros =     128 /     128             (100.00%) | total_pruned =       0 | shape = torch.Size([128])
1.7.1.7.1.7.1.2.weight | nonzeros =      53 /     128             ( 41.41%) | total_pruned =      75 | shape = torch.Size([128])
1.7.1.7.1.7.1.2.bias | nonzeros =       0 /     128             (  0.00%) | total_pruned =     128 | shape = torch.Size([128])
1.7.1.7.1.7.1.4.1.weight | nonzeros =  362145 /  409600             ( 88.41%) | total_pruned =   47455 | shape = torch.Size([128, 128, 5, 5])
1.7.1.7.1.7.1.4.1.bias | nonzeros =     128 /     128             (100.00%) | total_pruned =       0 | shape = torch.Size([128])
1.7.1.7.1.7.1.5.weight | nonzeros =      67 /     128             ( 52.34%) | total_pruned =      61 | shape = torch.Size([128])
1.7.1.7.1.7.1.5.bias | nonzeros =       0 /     128             (  0.00%) | total_pruned =     128 | shape = torch.Size([128])
1.7.1.7.1.7.1.7.1.1.1.weight | nonzeros =  356369 /  409600             ( 87.00%) | total_pruned =   53231 | shape = torch.Size([128, 128, 5, 5])
1.7.1.7.1.7.1.7.1.1.1.bias | nonzeros =     128 /     128             (100.00%) | total_pruned =       0 | shape = torch.Size([128])
1.7.1.7.1.7.1.7.1.2.weight | nonzeros =      63 /     128             ( 49.22%) | total_pruned =      65 | shape = torch.Size([128])
1.7.1.7.1.7.1.7.1.2.bias | nonzeros =       0 /     128             (  0.00%) | total_pruned =     128 | shape = torch.Size([128])
1.7.1.7.1.7.1.7.1.4.1.weight | nonzeros =  342850 /  409600             ( 83.70%) | total_pruned =   66750 | shape = torch.Size([128, 128, 5, 5])
1.7.1.7.1.7.1.7.1.4.1.bias | nonzeros =     128 /     128             (100.00%) | total_pruned =       0 | shape = torch.Size([128])
1.7.1.7.1.7.1.7.1.5.weight | nonzeros =      87 /     128             ( 67.97%) | total_pruned =      41 | shape = torch.Size([128])
1.7.1.7.1.7.1.7.1.5.bias | nonzeros =       0 /     128             (  0.00%) | total_pruned =     128 | shape = torch.Size([128])
1.7.1.7.1.7.1.7.1.7.1.1.1.weight | nonzeros =  297869 /  409600             ( 72.72%) | total_pruned =  111731 | shape = torch.Size([128, 128, 5, 5])
1.7.1.7.1.7.1.7.1.7.1.1.1.bias | nonzeros =     128 /     128             (100.00%) | total_pruned =       0 | shape = torch.Size([128])
1.7.1.7.1.7.1.7.1.7.1.2.weight | nonzeros =     105 /     128             ( 82.03%) | total_pruned =      23 | shape = torch.Size([128])
1.7.1.7.1.7.1.7.1.7.1.2.bias | nonzeros =       0 /     128             (  0.00%) | total_pruned =     128 | shape = torch.Size([128])
1.7.1.7.1.7.1.7.1.7.1.4.1.weight | nonzeros =  272121 /  409600             ( 66.44%) | total_pruned =  137479 | shape = torch.Size([128, 128, 5, 5])
1.7.1.7.1.7.1.7.1.7.1.4.1.bias | nonzeros =     128 /     128             (100.00%) | total_pruned =       0 | shape = torch.Size([128])
1.7.1.7.1.7.1.7.1.7.1.5.weight | nonzeros =      95 /     128             ( 74.22%) | total_pruned =      33 | shape = torch.Size([128])
1.7.1.7.1.7.1.7.1.7.1.5.bias | nonzeros =       0 /     128             (  0.00%) | total_pruned =     128 | shape = torch.Size([128])
1.7.1.7.1.7.1.7.1.7.2.weight | nonzeros =      94 /     128             ( 73.44%) | total_pruned =      34 | shape = torch.Size([128])
1.7.1.7.1.7.1.7.1.7.2.bias | nonzeros =       0 /     128             (  0.00%) | total_pruned =     128 | shape = torch.Size([128])
1.7.1.7.1.7.1.7.1.7.3.1.weight | nonzeros =  105299 /  147456             ( 71.41%) | total_pruned =   42157 | shape = torch.Size([128, 128, 3, 3])
1.7.1.7.1.7.1.7.1.7.3.1.bias | nonzeros =     128 /     128             (100.00%) | total_pruned =       0 | shape = torch.Size([128])
1.7.1.7.1.7.1.7.1.7.4.weight | nonzeros =      86 /     128             ( 67.19%) | total_pruned =      42 | shape = torch.Size([128])
1.7.1.7.1.7.1.7.1.7.4.bias | nonzeros =       0 /     128             (  0.00%) | total_pruned =     128 | shape = torch.Size([128])
1.7.1.7.1.7.1.7.2.weight | nonzeros =      84 /     128             ( 65.62%) | total_pruned =      44 | shape = torch.Size([128])
1.7.1.7.1.7.1.7.2.bias | nonzeros =       0 /     128             (  0.00%) | total_pruned =     128 | shape = torch.Size([128])
1.7.1.7.1.7.1.7.3.1.weight | nonzeros =  112989 /  147456             ( 76.63%) | total_pruned =   34467 | shape = torch.Size([128, 128, 3, 3])
1.7.1.7.1.7.1.7.3.1.bias | nonzeros =     128 /     128             (100.00%) | total_pruned =       0 | shape = torch.Size([128])
1.7.1.7.1.7.1.7.4.weight | nonzeros =      77 /     128             ( 60.16%) | total_pruned =      51 | shape = torch.Size([128])
1.7.1.7.1.7.1.7.4.bias | nonzeros =       0 /     128             (  0.00%) | total_pruned =     128 | shape = torch.Size([128])
1.7.1.7.1.7.2.weight | nonzeros =      76 /     128             ( 59.38%) | total_pruned =      52 | shape = torch.Size([128])
1.7.1.7.1.7.2.bias   | nonzeros =       0 /     128             (  0.00%) | total_pruned =     128 | shape = torch.Size([128])
1.7.1.7.1.7.3.1.weight | nonzeros =  118113 /  147456             ( 80.10%) | total_pruned =   29343 | shape = torch.Size([128, 128, 3, 3])
1.7.1.7.1.7.3.1.bias | nonzeros =     128 /     128             (100.00%) | total_pruned =       0 | shape = torch.Size([128])
1.7.1.7.1.7.4.weight | nonzeros =      67 /     128             ( 52.34%) | total_pruned =      61 | shape = torch.Size([128])
1.7.1.7.1.7.4.bias   | nonzeros =       0 /     128             (  0.00%) | total_pruned =     128 | shape = torch.Size([128])
1.7.1.7.2.weight     | nonzeros =      66 /     128             ( 51.56%) | total_pruned =      62 | shape = torch.Size([128])
1.7.1.7.2.bias       | nonzeros =       0 /     128             (  0.00%) | total_pruned =     128 | shape = torch.Size([128])
1.7.1.7.3.1.weight   | nonzeros =   62001 /   73728             ( 84.09%) | total_pruned =   11727 | shape = torch.Size([64, 128, 3, 3])
1.7.1.7.3.1.bias     | nonzeros =      64 /      64             (100.00%) | total_pruned =       0 | shape = torch.Size([64])
1.7.1.7.4.weight     | nonzeros =      25 /      64             ( 39.06%) | total_pruned =      39 | shape = torch.Size([64])
1.7.1.7.4.bias       | nonzeros =       0 /      64             (  0.00%) | total_pruned =      64 | shape = torch.Size([64])
1.7.2.weight         | nonzeros =      25 /      64             ( 39.06%) | total_pruned =      39 | shape = torch.Size([64])
1.7.2.bias           | nonzeros =       0 /      64             (  0.00%) | total_pruned =      64 | shape = torch.Size([64])
1.7.3.1.weight       | nonzeros =   15350 /   18432             ( 83.28%) | total_pruned =    3082 | shape = torch.Size([32, 64, 3, 3])
1.7.3.1.bias         | nonzeros =      32 /      32             (100.00%) | total_pruned =       0 | shape = torch.Size([32])
1.7.4.weight         | nonzeros =      16 /      32             ( 50.00%) | total_pruned =      16 | shape = torch.Size([32])
1.7.4.bias           | nonzeros =       0 /      32             (  0.00%) | total_pruned =      32 | shape = torch.Size([32])
2.weight             | nonzeros =      16 /      32             ( 50.00%) | total_pruned =      16 | shape = torch.Size([32])
2.bias               | nonzeros =       0 /      32             (  0.00%) | total_pruned =      32 | shape = torch.Size([32])
3.1.weight           | nonzeros =    3172 /    4608             ( 68.84%) | total_pruned =    1436 | shape = torch.Size([16, 32, 3, 3])
3.1.bias             | nonzeros =      16 /      16             (100.00%) | total_pruned =       0 | shape = torch.Size([16])
4.weight             | nonzeros =      16 /      16             (100.00%) | total_pruned =       0 | shape = torch.Size([16])
4.bias               | nonzeros =       0 /      16             (  0.00%) | total_pruned =      16 | shape = torch.Size([16])
6.1.weight           | nonzeros =      29 /      48             ( 60.42%) | total_pruned =      19 | shape = torch.Size([3, 16, 1, 1])
6.1.bias             | nonzeros =       1 /       3             ( 33.33%) | total_pruned =       2 | shape = torch.Size([3])
alive: 2404997, pruned : 603870, total: 3008867, Compression rate :       1.25x  ( 20.07% pruned)
PSNR of output image is:  15.818161639428194
Experiment done
