(3, 512, 512)
(3, 512, 512)
Noisy PSNR is '11.715012685322687'
(3, 512, 512) (3, 512, 512) torch.Size([1, 32, 512, 512])
Output directory: data/inpainting/Dataset/mask/0/sparsity/0.5/det/0.02/1e-09
epoch:  0 quantization_loss:  0.03920083865523338
p mean is: tensor(-0.0002, device='cuda:2')
epoch:  1000 quantization_loss:  0.02684633806347847
p mean is: tensor(-0.0268, device='cuda:2')
epoch:  2000 quantization_loss:  0.025352168828248978
p mean is: tensor(-0.0465, device='cuda:2')
epoch:  3000 quantization_loss:  0.0244902390986681
p mean is: tensor(-0.0651, device='cuda:2')
epoch:  4000 quantization_loss:  0.023400042206048965
p mean is: tensor(-0.0818, device='cuda:2')
epoch:  5000 quantization_loss:  0.022647690027952194
p mean is: tensor(-0.0975, device='cuda:2')
epoch:  6000 quantization_loss:  0.0226901825517416
p mean is: tensor(-0.1143, device='cuda:2')
epoch:  7000 quantization_loss:  0.023231597617268562
p mean is: tensor(-0.1328, device='cuda:2')
epoch:  8000 quantization_loss:  0.022289838641881943
p mean is: tensor(-0.1554, device='cuda:2')
epoch:  9000 quantization_loss:  0.022232623770833015
p mean is: tensor(-0.1852, device='cuda:2')
epoch:  10000 quantization_loss:  0.02218686044216156
p mean is: tensor(-0.2236, device='cuda:2')
epoch:  11000 quantization_loss:  0.021992387250065804
p mean is: tensor(-0.2712, device='cuda:2')
epoch:  12000 quantization_loss:  0.021793080493807793
p mean is: tensor(-0.3265, device='cuda:2')
epoch:  13000 quantization_loss:  0.02163001336157322
p mean is: tensor(-0.3904, device='cuda:2')
epoch:  14000 quantization_loss:  0.021525710821151733
p mean is: tensor(-0.4632, device='cuda:2')
epoch:  15000 quantization_loss:  0.021344227716326714
p mean is: tensor(-0.5421, device='cuda:2')
epoch:  16000 quantization_loss:  0.021138515323400497
p mean is: tensor(-0.6240, device='cuda:2')
epoch:  17000 quantization_loss:  0.020783893764019012
p mean is: tensor(-0.7057, device='cuda:2')
epoch:  18000 quantization_loss:  0.0205402635037899
p mean is: tensor(-0.7814, device='cuda:2')
epoch:  19000 quantization_loss:  0.020317919552326202
p mean is: tensor(-0.8494, device='cuda:2')
epoch:  20000 quantization_loss:  0.020279262214899063
p mean is: tensor(-0.9100, device='cuda:2')
epoch:  21000 quantization_loss:  0.02011014148592949
p mean is: tensor(-0.9633, device='cuda:2')
epoch:  22000 quantization_loss:  0.020044298842549324
p mean is: tensor(-1.0095, device='cuda:2')
epoch:  23000 quantization_loss:  0.02001105435192585
p mean is: tensor(-1.0491, device='cuda:2')
epoch:  24000 quantization_loss:  0.019935963675379753
p mean is: tensor(-1.0833, device='cuda:2')
epoch:  25000 quantization_loss:  0.01986476592719555
p mean is: tensor(-1.1125, device='cuda:2')
epoch:  26000 quantization_loss:  0.019833536818623543
p mean is: tensor(-1.1376, device='cuda:2')
epoch:  27000 quantization_loss:  0.01980714313685894
p mean is: tensor(-1.1592, device='cuda:2')
epoch:  28000 quantization_loss:  0.01978057436645031
p mean is: tensor(-1.1778, device='cuda:2')
epoch:  29000 quantization_loss:  0.019756708294153214
p mean is: tensor(-1.1938, device='cuda:2')
epoch:  30000 quantization_loss:  0.019750436767935753
p mean is: tensor(-1.2078, device='cuda:2')
epoch:  31000 quantization_loss:  0.019722139462828636
p mean is: tensor(-1.2199, device='cuda:2')
epoch:  32000 quantization_loss:  0.01970718614757061
p mean is: tensor(-1.2304, device='cuda:2')
epoch:  33000 quantization_loss:  0.019686833024024963
p mean is: tensor(-1.2396, device='cuda:2')
epoch:  34000 quantization_loss:  0.019641056656837463
p mean is: tensor(-1.2477, device='cuda:2')
epoch:  35000 quantization_loss:  0.019449623301625252
p mean is: tensor(-1.2547, device='cuda:2')
epoch:  36000 quantization_loss:  0.01943795196712017
p mean is: tensor(-1.2609, device='cuda:2')
epoch:  37000 quantization_loss:  0.019440442323684692
p mean is: tensor(-1.2663, device='cuda:2')
epoch:  38000 quantization_loss:  0.019411303102970123
p mean is: tensor(-1.2712, device='cuda:2')
epoch:  39000 quantization_loss:  0.01941033825278282
p mean is: tensor(-1.2756, device='cuda:2')
epoch:  40000 quantization_loss:  0.01939445361495018
p mean is: tensor(-1.2795, device='cuda:2')
epoch:  41000 quantization_loss:  0.019403629004955292
p mean is: tensor(-1.2831, device='cuda:2')
epoch:  42000 quantization_loss:  0.019371595233678818
p mean is: tensor(-1.2863, device='cuda:2')
epoch:  43000 quantization_loss:  0.019366387277841568
p mean is: tensor(-1.2891, device='cuda:2')
epoch:  44000 quantization_loss:  0.01934931054711342
p mean is: tensor(-1.2917, device='cuda:2')
epoch:  45000 quantization_loss:  0.019345195963978767
p mean is: tensor(-1.2941, device='cuda:2')
epoch:  46000 quantization_loss:  0.019340984523296356
p mean is: tensor(-1.2962, device='cuda:2')
epoch:  47000 quantization_loss:  0.019338106736540794
p mean is: tensor(-1.2982, device='cuda:2')
epoch:  48000 quantization_loss:  0.019325116649270058
p mean is: tensor(-1.3001, device='cuda:2')
epoch:  49000 quantization_loss:  0.01931621879339218
p mean is: tensor(-1.3017, device='cuda:2')
epoch:  50000 quantization_loss:  0.01931510493159294
p mean is: tensor(-1.3033, device='cuda:2')
epoch:  51000 quantization_loss:  0.019312119111418724
p mean is: tensor(-1.3048, device='cuda:2')
epoch:  52000 quantization_loss:  0.019304053857922554
p mean is: tensor(-1.3062, device='cuda:2')
epoch:  53000 quantization_loss:  0.019297847524285316
p mean is: tensor(-1.3075, device='cuda:2')
epoch:  54000 quantization_loss:  0.01930496282875538
p mean is: tensor(-1.3086, device='cuda:2')
epoch:  55000 quantization_loss:  0.019298357889056206
p mean is: tensor(-1.3098, device='cuda:2')
epoch:  56000 quantization_loss:  0.01929602213203907
p mean is: tensor(-1.3109, device='cuda:2')
epoch:  57000 quantization_loss:  0.019290104508399963
p mean is: tensor(-1.3119, device='cuda:2')
epoch:  58000 quantization_loss:  0.01928332820534706
p mean is: tensor(-1.3129, device='cuda:2')
epoch:  59000 quantization_loss:  0.01927991956472397
p mean is: tensor(-1.3138, device='cuda:2')
Number of elements to keep: 60177
Threshold value: -0.38214218616485596
Number of elements equal to threshold: 1
Number of elements to randomly select: 1
Actual sparsity achieved: 0.019999887000655064
here
Number of elements to keep: 150443
Threshold value: -1.0542206764221191
Number of elements equal to threshold: 1
Number of elements to randomly select: 1
Actual sparsity achieved: 0.04999988367714492
1.1.1.weight         | nonzeros =     757 /   12800             (  5.91%) | total_pruned =   12043 | shape = torch.Size([16, 32, 5, 5])
1.1.1.bias           | nonzeros =       0 /      16             (  0.00%) | total_pruned =      16 | shape = torch.Size([16])
1.2.weight           | nonzeros =       5 /      16             ( 31.25%) | total_pruned =      11 | shape = torch.Size([16])
1.2.bias             | nonzeros =       0 /      16             (  0.00%) | total_pruned =      16 | shape = torch.Size([16])
1.4.1.weight         | nonzeros =      64 /    6400             (  1.00%) | total_pruned =    6336 | shape = torch.Size([16, 16, 5, 5])
1.4.1.bias           | nonzeros =       0 /      16             (  0.00%) | total_pruned =      16 | shape = torch.Size([16])
1.5.weight           | nonzeros =       4 /      16             ( 25.00%) | total_pruned =      12 | shape = torch.Size([16])
1.5.bias             | nonzeros =       0 /      16             (  0.00%) | total_pruned =      16 | shape = torch.Size([16])
1.7.1.1.1.weight     | nonzeros =      64 /   12800             (  0.50%) | total_pruned =   12736 | shape = torch.Size([32, 16, 5, 5])
1.7.1.1.1.bias       | nonzeros =       0 /      32             (  0.00%) | total_pruned =      32 | shape = torch.Size([32])
1.7.1.2.weight       | nonzeros =       8 /      32             ( 25.00%) | total_pruned =      24 | shape = torch.Size([32])
1.7.1.2.bias         | nonzeros =       0 /      32             (  0.00%) | total_pruned =      32 | shape = torch.Size([32])
1.7.1.4.1.weight     | nonzeros =     131 /   25600             (  0.51%) | total_pruned =   25469 | shape = torch.Size([32, 32, 5, 5])
1.7.1.4.1.bias       | nonzeros =       0 /      32             (  0.00%) | total_pruned =      32 | shape = torch.Size([32])
1.7.1.5.weight       | nonzeros =       9 /      32             ( 28.12%) | total_pruned =      23 | shape = torch.Size([32])
1.7.1.5.bias         | nonzeros =       0 /      32             (  0.00%) | total_pruned =      32 | shape = torch.Size([32])
1.7.1.7.1.1.1.weight | nonzeros =      65 /   51200             (  0.13%) | total_pruned =   51135 | shape = torch.Size([64, 32, 5, 5])
1.7.1.7.1.1.1.bias   | nonzeros =       0 /      64             (  0.00%) | total_pruned =      64 | shape = torch.Size([64])
1.7.1.7.1.2.weight   | nonzeros =      16 /      64             ( 25.00%) | total_pruned =      48 | shape = torch.Size([64])
1.7.1.7.1.2.bias     | nonzeros =       0 /      64             (  0.00%) | total_pruned =      64 | shape = torch.Size([64])
1.7.1.7.1.4.1.weight | nonzeros =     157 /  102400             (  0.15%) | total_pruned =  102243 | shape = torch.Size([64, 64, 5, 5])
1.7.1.7.1.4.1.bias   | nonzeros =       0 /      64             (  0.00%) | total_pruned =      64 | shape = torch.Size([64])
1.7.1.7.1.5.weight   | nonzeros =      24 /      64             ( 37.50%) | total_pruned =      40 | shape = torch.Size([64])
1.7.1.7.1.5.bias     | nonzeros =       0 /      64             (  0.00%) | total_pruned =      64 | shape = torch.Size([64])
1.7.1.7.1.7.1.1.1.weight | nonzeros =      20 /  204800             (  0.01%) | total_pruned =  204780 | shape = torch.Size([128, 64, 5, 5])
1.7.1.7.1.7.1.1.1.bias | nonzeros =       0 /     128             (  0.00%) | total_pruned =     128 | shape = torch.Size([128])
1.7.1.7.1.7.1.2.weight | nonzeros =      43 /     128             ( 33.59%) | total_pruned =      85 | shape = torch.Size([128])
1.7.1.7.1.7.1.2.bias | nonzeros =       0 /     128             (  0.00%) | total_pruned =     128 | shape = torch.Size([128])
1.7.1.7.1.7.1.4.1.weight | nonzeros =     151 /  409600             (  0.04%) | total_pruned =  409449 | shape = torch.Size([128, 128, 5, 5])
1.7.1.7.1.7.1.4.1.bias | nonzeros =       0 /     128             (  0.00%) | total_pruned =     128 | shape = torch.Size([128])
1.7.1.7.1.7.1.5.weight | nonzeros =      49 /     128             ( 38.28%) | total_pruned =      79 | shape = torch.Size([128])
1.7.1.7.1.7.1.5.bias | nonzeros =       0 /     128             (  0.00%) | total_pruned =     128 | shape = torch.Size([128])
1.7.1.7.1.7.1.7.1.1.1.weight | nonzeros =     157 /  409600             (  0.04%) | total_pruned =  409443 | shape = torch.Size([128, 128, 5, 5])
1.7.1.7.1.7.1.7.1.1.1.bias | nonzeros =       0 /     128             (  0.00%) | total_pruned =     128 | shape = torch.Size([128])
1.7.1.7.1.7.1.7.1.2.weight | nonzeros =      60 /     128             ( 46.88%) | total_pruned =      68 | shape = torch.Size([128])
1.7.1.7.1.7.1.7.1.2.bias | nonzeros =       0 /     128             (  0.00%) | total_pruned =     128 | shape = torch.Size([128])
1.7.1.7.1.7.1.7.1.4.1.weight | nonzeros =    1903 /  409600             (  0.46%) | total_pruned =  407697 | shape = torch.Size([128, 128, 5, 5])
1.7.1.7.1.7.1.7.1.4.1.bias | nonzeros =       0 /     128             (  0.00%) | total_pruned =     128 | shape = torch.Size([128])
1.7.1.7.1.7.1.7.1.5.weight | nonzeros =      81 /     128             ( 63.28%) | total_pruned =      47 | shape = torch.Size([128])
1.7.1.7.1.7.1.7.1.5.bias | nonzeros =       0 /     128             (  0.00%) | total_pruned =     128 | shape = torch.Size([128])
1.7.1.7.1.7.1.7.1.7.1.1.1.weight | nonzeros =    5958 /  409600             (  1.45%) | total_pruned =  403642 | shape = torch.Size([128, 128, 5, 5])
1.7.1.7.1.7.1.7.1.7.1.1.1.bias | nonzeros =       0 /     128             (  0.00%) | total_pruned =     128 | shape = torch.Size([128])
1.7.1.7.1.7.1.7.1.7.1.2.weight | nonzeros =      92 /     128             ( 71.88%) | total_pruned =      36 | shape = torch.Size([128])
1.7.1.7.1.7.1.7.1.7.1.2.bias | nonzeros =       0 /     128             (  0.00%) | total_pruned =     128 | shape = torch.Size([128])
1.7.1.7.1.7.1.7.1.7.1.4.1.weight | nonzeros =   17834 /  409600             (  4.35%) | total_pruned =  391766 | shape = torch.Size([128, 128, 5, 5])
1.7.1.7.1.7.1.7.1.7.1.4.1.bias | nonzeros =       0 /     128             (  0.00%) | total_pruned =     128 | shape = torch.Size([128])
1.7.1.7.1.7.1.7.1.7.1.5.weight | nonzeros =      70 /     128             ( 54.69%) | total_pruned =      58 | shape = torch.Size([128])
1.7.1.7.1.7.1.7.1.7.1.5.bias | nonzeros =       0 /     128             (  0.00%) | total_pruned =     128 | shape = torch.Size([128])
1.7.1.7.1.7.1.7.1.7.2.weight | nonzeros =      70 /     128             ( 54.69%) | total_pruned =      58 | shape = torch.Size([128])
1.7.1.7.1.7.1.7.1.7.2.bias | nonzeros =       0 /     128             (  0.00%) | total_pruned =     128 | shape = torch.Size([128])
1.7.1.7.1.7.1.7.1.7.3.1.weight | nonzeros =   10059 /  147456             (  6.82%) | total_pruned =  137397 | shape = torch.Size([128, 128, 3, 3])
1.7.1.7.1.7.1.7.1.7.3.1.bias | nonzeros =       0 /     128             (  0.00%) | total_pruned =     128 | shape = torch.Size([128])
1.7.1.7.1.7.1.7.1.7.4.weight | nonzeros =      48 /     128             ( 37.50%) | total_pruned =      80 | shape = torch.Size([128])
1.7.1.7.1.7.1.7.1.7.4.bias | nonzeros =       0 /     128             (  0.00%) | total_pruned =     128 | shape = torch.Size([128])
1.7.1.7.1.7.1.7.2.weight | nonzeros =      48 /     128             ( 37.50%) | total_pruned =      80 | shape = torch.Size([128])
1.7.1.7.1.7.1.7.2.bias | nonzeros =       0 /     128             (  0.00%) | total_pruned =     128 | shape = torch.Size([128])
1.7.1.7.1.7.1.7.3.1.weight | nonzeros =    6985 /  147456             (  4.74%) | total_pruned =  140471 | shape = torch.Size([128, 128, 3, 3])
1.7.1.7.1.7.1.7.3.1.bias | nonzeros =       0 /     128             (  0.00%) | total_pruned =     128 | shape = torch.Size([128])
1.7.1.7.1.7.1.7.4.weight | nonzeros =      45 /     128             ( 35.16%) | total_pruned =      83 | shape = torch.Size([128])
1.7.1.7.1.7.1.7.4.bias | nonzeros =       0 /     128             (  0.00%) | total_pruned =     128 | shape = torch.Size([128])
1.7.1.7.1.7.2.weight | nonzeros =      45 /     128             ( 35.16%) | total_pruned =      83 | shape = torch.Size([128])
1.7.1.7.1.7.2.bias   | nonzeros =       0 /     128             (  0.00%) | total_pruned =     128 | shape = torch.Size([128])
1.7.1.7.1.7.3.1.weight | nonzeros =    7576 /  147456             (  5.14%) | total_pruned =  139880 | shape = torch.Size([128, 128, 3, 3])
1.7.1.7.1.7.3.1.bias | nonzeros =       0 /     128             (  0.00%) | total_pruned =     128 | shape = torch.Size([128])
1.7.1.7.1.7.4.weight | nonzeros =      55 /     128             ( 42.97%) | total_pruned =      73 | shape = torch.Size([128])
1.7.1.7.1.7.4.bias   | nonzeros =       0 /     128             (  0.00%) | total_pruned =     128 | shape = torch.Size([128])
1.7.1.7.2.weight     | nonzeros =      55 /     128             ( 42.97%) | total_pruned =      73 | shape = torch.Size([128])
1.7.1.7.2.bias       | nonzeros =       0 /     128             (  0.00%) | total_pruned =     128 | shape = torch.Size([128])
1.7.1.7.3.1.weight   | nonzeros =    4325 /   73728             (  5.87%) | total_pruned =   69403 | shape = torch.Size([64, 128, 3, 3])
1.7.1.7.3.1.bias     | nonzeros =       0 /      64             (  0.00%) | total_pruned =      64 | shape = torch.Size([64])
1.7.1.7.4.weight     | nonzeros =      24 /      64             ( 37.50%) | total_pruned =      40 | shape = torch.Size([64])
1.7.1.7.4.bias       | nonzeros =       0 /      64             (  0.00%) | total_pruned =      64 | shape = torch.Size([64])
1.7.2.weight         | nonzeros =      24 /      64             ( 37.50%) | total_pruned =      40 | shape = torch.Size([64])
1.7.2.bias           | nonzeros =       0 /      64             (  0.00%) | total_pruned =      64 | shape = torch.Size([64])
1.7.3.1.weight       | nonzeros =    1808 /   18432             (  9.81%) | total_pruned =   16624 | shape = torch.Size([32, 64, 3, 3])
1.7.3.1.bias         | nonzeros =       0 /      32             (  0.00%) | total_pruned =      32 | shape = torch.Size([32])
1.7.4.weight         | nonzeros =      19 /      32             ( 59.38%) | total_pruned =      13 | shape = torch.Size([32])
1.7.4.bias           | nonzeros =       0 /      32             (  0.00%) | total_pruned =      32 | shape = torch.Size([32])
2.weight             | nonzeros =      19 /      32             ( 59.38%) | total_pruned =      13 | shape = torch.Size([32])
2.bias               | nonzeros =       0 /      32             (  0.00%) | total_pruned =      32 | shape = torch.Size([32])
3.1.weight           | nonzeros =    1210 /    4608             ( 26.26%) | total_pruned =    3398 | shape = torch.Size([16, 32, 3, 3])
3.1.bias             | nonzeros =       0 /      16             (  0.00%) | total_pruned =      16 | shape = torch.Size([16])
4.weight             | nonzeros =      16 /      16             (100.00%) | total_pruned =       0 | shape = torch.Size([16])
4.bias               | nonzeros =       0 /      16             (  0.00%) | total_pruned =      16 | shape = torch.Size([16])
6.1.weight           | nonzeros =      23 /      48             ( 47.92%) | total_pruned =      25 | shape = torch.Size([3, 16, 1, 1])
6.1.bias             | nonzeros =       1 /       3             ( 33.33%) | total_pruned =       2 | shape = torch.Size([3])
alive: 60177, pruned : 2948690, total: 3008867, Compression rate :      50.00x  ( 98.00% pruned)
PSNR of output image is:  14.131683479621522
Experiment done
