(3, 512, 512)
(3, 512, 512)
Noisy PSNR is '4.947040063444586'
(3, 512, 512) (3, 512, 512) torch.Size([1, 32, 512, 512])
Output directory: data/inpainting/Dataset/mask/3/sparsity/0.5/det/0.04/1e-09
epoch:  0 quantization_loss:  0.03987454995512962
p mean is: tensor(-0.0002, device='cuda:1')
epoch:  1000 quantization_loss:  0.026773197576403618
p mean is: tensor(-0.0152, device='cuda:1')
epoch:  2000 quantization_loss:  0.02262730896472931
p mean is: tensor(-0.0259, device='cuda:1')
epoch:  3000 quantization_loss:  0.022722961381077766
p mean is: tensor(-0.0364, device='cuda:1')
epoch:  4000 quantization_loss:  0.021654199808835983
p mean is: tensor(-0.0470, device='cuda:1')
epoch:  5000 quantization_loss:  0.02061273716390133
p mean is: tensor(-0.0581, device='cuda:1')
epoch:  6000 quantization_loss:  0.01998928375542164
p mean is: tensor(-0.0697, device='cuda:1')
epoch:  7000 quantization_loss:  0.01950838416814804
p mean is: tensor(-0.0827, device='cuda:1')
epoch:  8000 quantization_loss:  0.018685797229409218
p mean is: tensor(-0.0990, device='cuda:1')
epoch:  9000 quantization_loss:  0.01632300391793251
p mean is: tensor(-0.1200, device='cuda:1')
epoch:  10000 quantization_loss:  0.01510767824947834
p mean is: tensor(-0.1451, device='cuda:1')
epoch:  11000 quantization_loss:  0.014418116770684719
p mean is: tensor(-0.1763, device='cuda:1')
epoch:  12000 quantization_loss:  0.013325313106179237
p mean is: tensor(-0.2142, device='cuda:1')
epoch:  13000 quantization_loss:  0.01289689913392067
p mean is: tensor(-0.2604, device='cuda:1')
epoch:  14000 quantization_loss:  0.012379297986626625
p mean is: tensor(-0.3157, device='cuda:1')
epoch:  15000 quantization_loss:  0.012013409286737442
p mean is: tensor(-0.3800, device='cuda:1')
epoch:  16000 quantization_loss:  0.011700540781021118
p mean is: tensor(-0.4521, device='cuda:1')
epoch:  17000 quantization_loss:  0.011447477154433727
p mean is: tensor(-0.5290, device='cuda:1')
epoch:  18000 quantization_loss:  0.011215627193450928
p mean is: tensor(-0.6071, device='cuda:1')
epoch:  19000 quantization_loss:  0.011109787039458752
p mean is: tensor(-0.6831, device='cuda:1')
epoch:  20000 quantization_loss:  0.010887347161769867
p mean is: tensor(-0.7540, device='cuda:1')
epoch:  21000 quantization_loss:  0.010706567205488682
p mean is: tensor(-0.8184, device='cuda:1')
epoch:  22000 quantization_loss:  0.010668559931218624
p mean is: tensor(-0.8756, device='cuda:1')
epoch:  23000 quantization_loss:  0.010539128445088863
p mean is: tensor(-0.9259, device='cuda:1')
epoch:  24000 quantization_loss:  0.010423225350677967
p mean is: tensor(-0.9698, device='cuda:1')
epoch:  25000 quantization_loss:  0.010391629301011562
p mean is: tensor(-1.0078, device='cuda:1')
epoch:  26000 quantization_loss:  0.010257899761199951
p mean is: tensor(-1.0409, device='cuda:1')
epoch:  27000 quantization_loss:  0.010222749784588814
p mean is: tensor(-1.0697, device='cuda:1')
epoch:  28000 quantization_loss:  0.010148894041776657
p mean is: tensor(-1.0948, device='cuda:1')
epoch:  29000 quantization_loss:  0.010090343654155731
p mean is: tensor(-1.1169, device='cuda:1')
epoch:  30000 quantization_loss:  0.010077038779854774
p mean is: tensor(-1.1364, device='cuda:1')
epoch:  31000 quantization_loss:  0.010042448528110981
p mean is: tensor(-1.1536, device='cuda:1')
epoch:  32000 quantization_loss:  0.009994527325034142
p mean is: tensor(-1.1688, device='cuda:1')
epoch:  33000 quantization_loss:  0.009950276464223862
p mean is: tensor(-1.1821, device='cuda:1')
epoch:  34000 quantization_loss:  0.009917297400534153
p mean is: tensor(-1.1940, device='cuda:1')
epoch:  35000 quantization_loss:  0.009910155087709427
p mean is: tensor(-1.2046, device='cuda:1')
epoch:  36000 quantization_loss:  0.009883182123303413
p mean is: tensor(-1.2140, device='cuda:1')
epoch:  37000 quantization_loss:  0.009880698285996914
p mean is: tensor(-1.2225, device='cuda:1')
epoch:  38000 quantization_loss:  0.00983743742108345
p mean is: tensor(-1.2300, device='cuda:1')
epoch:  39000 quantization_loss:  0.009822729043662548
p mean is: tensor(-1.2368, device='cuda:1')
epoch:  40000 quantization_loss:  0.009794955141842365
p mean is: tensor(-1.2430, device='cuda:1')
epoch:  41000 quantization_loss:  0.009793168865144253
p mean is: tensor(-1.2486, device='cuda:1')
epoch:  42000 quantization_loss:  0.009773992002010345
p mean is: tensor(-1.2536, device='cuda:1')
epoch:  43000 quantization_loss:  0.00977842602878809
p mean is: tensor(-1.2582, device='cuda:1')
epoch:  44000 quantization_loss:  0.00975163746625185
p mean is: tensor(-1.2624, device='cuda:1')
epoch:  45000 quantization_loss:  0.009746233932673931
p mean is: tensor(-1.2662, device='cuda:1')
epoch:  46000 quantization_loss:  0.009723620489239693
p mean is: tensor(-1.2697, device='cuda:1')
epoch:  47000 quantization_loss:  0.009711180813610554
p mean is: tensor(-1.2729, device='cuda:1')
epoch:  48000 quantization_loss:  0.009710975922644138
p mean is: tensor(-1.2760, device='cuda:1')
epoch:  49000 quantization_loss:  0.009693987667560577
p mean is: tensor(-1.2788, device='cuda:1')
epoch:  50000 quantization_loss:  0.00970005989074707
p mean is: tensor(-1.2814, device='cuda:1')
epoch:  51000 quantization_loss:  0.008899621665477753
p mean is: tensor(-1.2839, device='cuda:1')
epoch:  52000 quantization_loss:  0.008810942992568016
p mean is: tensor(-1.2860, device='cuda:1')
epoch:  53000 quantization_loss:  0.0089027788490057
p mean is: tensor(-1.2880, device='cuda:1')
epoch:  54000 quantization_loss:  0.008792909793555737
p mean is: tensor(-1.2900, device='cuda:1')
epoch:  55000 quantization_loss:  0.008785156533122063
p mean is: tensor(-1.2918, device='cuda:1')
epoch:  56000 quantization_loss:  0.00869473535567522
p mean is: tensor(-1.2936, device='cuda:1')
epoch:  57000 quantization_loss:  0.008679674938321114
p mean is: tensor(-1.2952, device='cuda:1')
epoch:  58000 quantization_loss:  0.008668440394103527
p mean is: tensor(-1.2967, device='cuda:1')
epoch:  59000 quantization_loss:  0.008658218197524548
p mean is: tensor(-1.2984, device='cuda:1')
Number of elements to keep: 120354
Threshold value: -0.41038650274276733
Number of elements equal to threshold: 1
Number of elements to randomly select: 1
Actual sparsity achieved: 0.03999977400131013
here
Number of elements to keep: 150443
Threshold value: -0.691546618938446
Number of elements equal to threshold: 1
Number of elements to randomly select: 1
Actual sparsity achieved: 0.04999988367714492
1.1.1.weight         | nonzeros =    1125 /   12800             (  8.79%) | total_pruned =   11675 | shape = torch.Size([16, 32, 5, 5])
1.1.1.bias           | nonzeros =       0 /      16             (  0.00%) | total_pruned =      16 | shape = torch.Size([16])
1.2.weight           | nonzeros =       8 /      16             ( 50.00%) | total_pruned =       8 | shape = torch.Size([16])
1.2.bias             | nonzeros =       0 /      16             (  0.00%) | total_pruned =      16 | shape = torch.Size([16])
1.4.1.weight         | nonzeros =     154 /    6400             (  2.41%) | total_pruned =    6246 | shape = torch.Size([16, 16, 5, 5])
1.4.1.bias           | nonzeros =       0 /      16             (  0.00%) | total_pruned =      16 | shape = torch.Size([16])
1.5.weight           | nonzeros =       8 /      16             ( 50.00%) | total_pruned =       8 | shape = torch.Size([16])
1.5.bias             | nonzeros =       0 /      16             (  0.00%) | total_pruned =      16 | shape = torch.Size([16])
1.7.1.1.1.weight     | nonzeros =     133 /   12800             (  1.04%) | total_pruned =   12667 | shape = torch.Size([32, 16, 5, 5])
1.7.1.1.1.bias       | nonzeros =       0 /      32             (  0.00%) | total_pruned =      32 | shape = torch.Size([32])
1.7.1.2.weight       | nonzeros =      11 /      32             ( 34.38%) | total_pruned =      21 | shape = torch.Size([32])
1.7.1.2.bias         | nonzeros =       0 /      32             (  0.00%) | total_pruned =      32 | shape = torch.Size([32])
1.7.1.4.1.weight     | nonzeros =     184 /   25600             (  0.72%) | total_pruned =   25416 | shape = torch.Size([32, 32, 5, 5])
1.7.1.4.1.bias       | nonzeros =       0 /      32             (  0.00%) | total_pruned =      32 | shape = torch.Size([32])
1.7.1.5.weight       | nonzeros =      14 /      32             ( 43.75%) | total_pruned =      18 | shape = torch.Size([32])
1.7.1.5.bias         | nonzeros =       0 /      32             (  0.00%) | total_pruned =      32 | shape = torch.Size([32])
1.7.1.7.1.1.1.weight | nonzeros =     164 /   51200             (  0.32%) | total_pruned =   51036 | shape = torch.Size([64, 32, 5, 5])
1.7.1.7.1.1.1.bias   | nonzeros =       0 /      64             (  0.00%) | total_pruned =      64 | shape = torch.Size([64])
1.7.1.7.1.2.weight   | nonzeros =      20 /      64             ( 31.25%) | total_pruned =      44 | shape = torch.Size([64])
1.7.1.7.1.2.bias     | nonzeros =       0 /      64             (  0.00%) | total_pruned =      64 | shape = torch.Size([64])
1.7.1.7.1.4.1.weight | nonzeros =     340 /  102400             (  0.33%) | total_pruned =  102060 | shape = torch.Size([64, 64, 5, 5])
1.7.1.7.1.4.1.bias   | nonzeros =       0 /      64             (  0.00%) | total_pruned =      64 | shape = torch.Size([64])
1.7.1.7.1.5.weight   | nonzeros =      28 /      64             ( 43.75%) | total_pruned =      36 | shape = torch.Size([64])
1.7.1.7.1.5.bias     | nonzeros =       0 /      64             (  0.00%) | total_pruned =      64 | shape = torch.Size([64])
1.7.1.7.1.7.1.1.1.weight | nonzeros =     131 /  204800             (  0.06%) | total_pruned =  204669 | shape = torch.Size([128, 64, 5, 5])
1.7.1.7.1.7.1.1.1.bias | nonzeros =       0 /     128             (  0.00%) | total_pruned =     128 | shape = torch.Size([128])
1.7.1.7.1.7.1.2.weight | nonzeros =      50 /     128             ( 39.06%) | total_pruned =      78 | shape = torch.Size([128])
1.7.1.7.1.7.1.2.bias | nonzeros =       0 /     128             (  0.00%) | total_pruned =     128 | shape = torch.Size([128])
1.7.1.7.1.7.1.4.1.weight | nonzeros =     542 /  409600             (  0.13%) | total_pruned =  409058 | shape = torch.Size([128, 128, 5, 5])
1.7.1.7.1.7.1.4.1.bias | nonzeros =       0 /     128             (  0.00%) | total_pruned =     128 | shape = torch.Size([128])
1.7.1.7.1.7.1.5.weight | nonzeros =      59 /     128             ( 46.09%) | total_pruned =      69 | shape = torch.Size([128])
1.7.1.7.1.7.1.5.bias | nonzeros =       0 /     128             (  0.00%) | total_pruned =     128 | shape = torch.Size([128])
1.7.1.7.1.7.1.7.1.1.1.weight | nonzeros =     593 /  409600             (  0.14%) | total_pruned =  409007 | shape = torch.Size([128, 128, 5, 5])
1.7.1.7.1.7.1.7.1.1.1.bias | nonzeros =       0 /     128             (  0.00%) | total_pruned =     128 | shape = torch.Size([128])
1.7.1.7.1.7.1.7.1.2.weight | nonzeros =      84 /     128             ( 65.62%) | total_pruned =      44 | shape = torch.Size([128])
1.7.1.7.1.7.1.7.1.2.bias | nonzeros =       0 /     128             (  0.00%) | total_pruned =     128 | shape = torch.Size([128])
1.7.1.7.1.7.1.7.1.4.1.weight | nonzeros =    3129 /  409600             (  0.76%) | total_pruned =  406471 | shape = torch.Size([128, 128, 5, 5])
1.7.1.7.1.7.1.7.1.4.1.bias | nonzeros =       0 /     128             (  0.00%) | total_pruned =     128 | shape = torch.Size([128])
1.7.1.7.1.7.1.7.1.5.weight | nonzeros =      99 /     128             ( 77.34%) | total_pruned =      29 | shape = torch.Size([128])
1.7.1.7.1.7.1.7.1.5.bias | nonzeros =       0 /     128             (  0.00%) | total_pruned =     128 | shape = torch.Size([128])
1.7.1.7.1.7.1.7.1.7.1.1.1.weight | nonzeros =   10135 /  409600             (  2.47%) | total_pruned =  399465 | shape = torch.Size([128, 128, 5, 5])
1.7.1.7.1.7.1.7.1.7.1.1.1.bias | nonzeros =       0 /     128             (  0.00%) | total_pruned =     128 | shape = torch.Size([128])
1.7.1.7.1.7.1.7.1.7.1.2.weight | nonzeros =      93 /     128             ( 72.66%) | total_pruned =      35 | shape = torch.Size([128])
1.7.1.7.1.7.1.7.1.7.1.2.bias | nonzeros =       0 /     128             (  0.00%) | total_pruned =     128 | shape = torch.Size([128])
1.7.1.7.1.7.1.7.1.7.1.4.1.weight | nonzeros =   30724 /  409600             (  7.50%) | total_pruned =  378876 | shape = torch.Size([128, 128, 5, 5])
1.7.1.7.1.7.1.7.1.7.1.4.1.bias | nonzeros =       0 /     128             (  0.00%) | total_pruned =     128 | shape = torch.Size([128])
1.7.1.7.1.7.1.7.1.7.1.5.weight | nonzeros =      99 /     128             ( 77.34%) | total_pruned =      29 | shape = torch.Size([128])
1.7.1.7.1.7.1.7.1.7.1.5.bias | nonzeros =       0 /     128             (  0.00%) | total_pruned =     128 | shape = torch.Size([128])
1.7.1.7.1.7.1.7.1.7.2.weight | nonzeros =      99 /     128             ( 77.34%) | total_pruned =      29 | shape = torch.Size([128])
1.7.1.7.1.7.1.7.1.7.2.bias | nonzeros =       0 /     128             (  0.00%) | total_pruned =     128 | shape = torch.Size([128])
1.7.1.7.1.7.1.7.1.7.3.1.weight | nonzeros =   25314 /  147456             ( 17.17%) | total_pruned =  122142 | shape = torch.Size([128, 128, 3, 3])
1.7.1.7.1.7.1.7.1.7.3.1.bias | nonzeros =       0 /     128             (  0.00%) | total_pruned =     128 | shape = torch.Size([128])
1.7.1.7.1.7.1.7.1.7.4.weight | nonzeros =      82 /     128             ( 64.06%) | total_pruned =      46 | shape = torch.Size([128])
1.7.1.7.1.7.1.7.1.7.4.bias | nonzeros =       0 /     128             (  0.00%) | total_pruned =     128 | shape = torch.Size([128])
1.7.1.7.1.7.1.7.2.weight | nonzeros =      82 /     128             ( 64.06%) | total_pruned =      46 | shape = torch.Size([128])
1.7.1.7.1.7.1.7.2.bias | nonzeros =       0 /     128             (  0.00%) | total_pruned =     128 | shape = torch.Size([128])
1.7.1.7.1.7.1.7.3.1.weight | nonzeros =   19588 /  147456             ( 13.28%) | total_pruned =  127868 | shape = torch.Size([128, 128, 3, 3])
1.7.1.7.1.7.1.7.3.1.bias | nonzeros =       0 /     128             (  0.00%) | total_pruned =     128 | shape = torch.Size([128])
1.7.1.7.1.7.1.7.4.weight | nonzeros =      67 /     128             ( 52.34%) | total_pruned =      61 | shape = torch.Size([128])
1.7.1.7.1.7.1.7.4.bias | nonzeros =       0 /     128             (  0.00%) | total_pruned =     128 | shape = torch.Size([128])
1.7.1.7.1.7.2.weight | nonzeros =      67 /     128             ( 52.34%) | total_pruned =      61 | shape = torch.Size([128])
1.7.1.7.1.7.2.bias   | nonzeros =       0 /     128             (  0.00%) | total_pruned =     128 | shape = torch.Size([128])
1.7.1.7.1.7.3.1.weight | nonzeros =   14282 /  147456             (  9.69%) | total_pruned =  133174 | shape = torch.Size([128, 128, 3, 3])
1.7.1.7.1.7.3.1.bias | nonzeros =       0 /     128             (  0.00%) | total_pruned =     128 | shape = torch.Size([128])
1.7.1.7.1.7.4.weight | nonzeros =      60 /     128             ( 46.88%) | total_pruned =      68 | shape = torch.Size([128])
1.7.1.7.1.7.4.bias   | nonzeros =       0 /     128             (  0.00%) | total_pruned =     128 | shape = torch.Size([128])
1.7.1.7.2.weight     | nonzeros =      60 /     128             ( 46.88%) | total_pruned =      68 | shape = torch.Size([128])
1.7.1.7.2.bias       | nonzeros =       0 /     128             (  0.00%) | total_pruned =     128 | shape = torch.Size([128])
1.7.1.7.3.1.weight   | nonzeros =    7984 /   73728             ( 10.83%) | total_pruned =   65744 | shape = torch.Size([64, 128, 3, 3])
1.7.1.7.3.1.bias     | nonzeros =       0 /      64             (  0.00%) | total_pruned =      64 | shape = torch.Size([64])
1.7.1.7.4.weight     | nonzeros =      36 /      64             ( 56.25%) | total_pruned =      28 | shape = torch.Size([64])
1.7.1.7.4.bias       | nonzeros =       0 /      64             (  0.00%) | total_pruned =      64 | shape = torch.Size([64])
1.7.2.weight         | nonzeros =      36 /      64             ( 56.25%) | total_pruned =      28 | shape = torch.Size([64])
1.7.2.bias           | nonzeros =       0 /      64             (  0.00%) | total_pruned =      64 | shape = torch.Size([64])
1.7.3.1.weight       | nonzeros =    3275 /   18432             ( 17.77%) | total_pruned =   15157 | shape = torch.Size([32, 64, 3, 3])
1.7.3.1.bias         | nonzeros =       0 /      32             (  0.00%) | total_pruned =      32 | shape = torch.Size([32])
1.7.4.weight         | nonzeros =      22 /      32             ( 68.75%) | total_pruned =      10 | shape = torch.Size([32])
1.7.4.bias           | nonzeros =       0 /      32             (  0.00%) | total_pruned =      32 | shape = torch.Size([32])
2.weight             | nonzeros =      22 /      32             ( 68.75%) | total_pruned =      10 | shape = torch.Size([32])
2.bias               | nonzeros =       0 /      32             (  0.00%) | total_pruned =      32 | shape = torch.Size([32])
3.1.weight           | nonzeros =    1308 /    4608             ( 28.39%) | total_pruned =    3300 | shape = torch.Size([16, 32, 3, 3])
3.1.bias             | nonzeros =       0 /      16             (  0.00%) | total_pruned =      16 | shape = torch.Size([16])
4.weight             | nonzeros =      14 /      16             ( 87.50%) | total_pruned =       2 | shape = torch.Size([16])
4.bias               | nonzeros =       0 /      16             (  0.00%) | total_pruned =      16 | shape = torch.Size([16])
6.1.weight           | nonzeros =      27 /      48             ( 56.25%) | total_pruned =      21 | shape = torch.Size([3, 16, 1, 1])
6.1.bias             | nonzeros =       2 /       3             ( 66.67%) | total_pruned =       1 | shape = torch.Size([3])
alive: 120354, pruned : 2888513, total: 3008867, Compression rate :      25.00x  ( 96.00% pruned)
PSNR of output image is:  16.86700413604559
Experiment done
