(3, 512, 512)
(3, 512, 512)
Noisy PSNR is '10.559998867847007'
(3, 512, 512) (3, 512, 512) torch.Size([1, 32, 512, 512])
Output directory: data/inpainting/Dataset/mask/1/sparsity/0.5/det/0.05/1e-09
epoch:  0 quantization_loss:  0.024872297421097755
p mean is: tensor(-0.0002, device='cuda:1')
epoch:  1000 quantization_loss:  0.02106257900595665
p mean is: tensor(-0.0175, device='cuda:1')
epoch:  2000 quantization_loss:  0.020151447504758835
p mean is: tensor(-0.0312, device='cuda:1')
epoch:  3000 quantization_loss:  0.019910583272576332
p mean is: tensor(-0.0439, device='cuda:1')
epoch:  4000 quantization_loss:  0.019910000264644623
p mean is: tensor(-0.0563, device='cuda:1')
epoch:  5000 quantization_loss:  0.020171092823147774
p mean is: tensor(-0.0684, device='cuda:1')
epoch:  6000 quantization_loss:  0.018484098836779594
p mean is: tensor(-0.0806, device='cuda:1')
epoch:  7000 quantization_loss:  0.014522467739880085
p mean is: tensor(-0.0940, device='cuda:1')
epoch:  8000 quantization_loss:  0.013771255500614643
p mean is: tensor(-0.1115, device='cuda:1')
epoch:  9000 quantization_loss:  0.012509100139141083
p mean is: tensor(-0.1355, device='cuda:1')
epoch:  10000 quantization_loss:  0.010854057036340237
p mean is: tensor(-0.1663, device='cuda:1')
epoch:  11000 quantization_loss:  0.010074407793581486
p mean is: tensor(-0.2043, device='cuda:1')
epoch:  12000 quantization_loss:  0.009851597249507904
p mean is: tensor(-0.2519, device='cuda:1')
epoch:  13000 quantization_loss:  0.009473321959376335
p mean is: tensor(-0.3097, device='cuda:1')
epoch:  14000 quantization_loss:  0.00936879776418209
p mean is: tensor(-0.3771, device='cuda:1')
epoch:  15000 quantization_loss:  0.008528332225978374
p mean is: tensor(-0.4520, device='cuda:1')
epoch:  16000 quantization_loss:  0.008215462788939476
p mean is: tensor(-0.5295, device='cuda:1')
epoch:  17000 quantization_loss:  0.008036977611482143
p mean is: tensor(-0.6062, device='cuda:1')
epoch:  18000 quantization_loss:  0.00738672586157918
p mean is: tensor(-0.6797, device='cuda:1')
epoch:  19000 quantization_loss:  0.007219410967081785
p mean is: tensor(-0.7468, device='cuda:1')
epoch:  20000 quantization_loss:  0.00714609120041132
p mean is: tensor(-0.8071, device='cuda:1')
epoch:  21000 quantization_loss:  0.0069757504388689995
p mean is: tensor(-0.8611, device='cuda:1')
epoch:  22000 quantization_loss:  0.006876220926642418
p mean is: tensor(-0.9093, device='cuda:1')
epoch:  23000 quantization_loss:  0.00682709040120244
p mean is: tensor(-0.9521, device='cuda:1')
epoch:  24000 quantization_loss:  0.006792532280087471
p mean is: tensor(-0.9900, device='cuda:1')
epoch:  25000 quantization_loss:  0.006742781959474087
p mean is: tensor(-1.0234, device='cuda:1')
epoch:  26000 quantization_loss:  0.006686032749712467
p mean is: tensor(-1.0528, device='cuda:1')
epoch:  27000 quantization_loss:  0.006672267336398363
p mean is: tensor(-1.0787, device='cuda:1')
epoch:  28000 quantization_loss:  0.006669923197478056
p mean is: tensor(-1.1016, device='cuda:1')
epoch:  29000 quantization_loss:  0.006596041843295097
p mean is: tensor(-1.1217, device='cuda:1')
epoch:  30000 quantization_loss:  0.006578775588423014
p mean is: tensor(-1.1397, device='cuda:1')
epoch:  31000 quantization_loss:  0.006548275239765644
p mean is: tensor(-1.1556, device='cuda:1')
epoch:  32000 quantization_loss:  0.006522222887724638
p mean is: tensor(-1.1697, device='cuda:1')
epoch:  33000 quantization_loss:  0.006509169936180115
p mean is: tensor(-1.1823, device='cuda:1')
epoch:  34000 quantization_loss:  0.0064839390106499195
p mean is: tensor(-1.1935, device='cuda:1')
epoch:  35000 quantization_loss:  0.006481717340648174
p mean is: tensor(-1.2036, device='cuda:1')
epoch:  36000 quantization_loss:  0.006461393553763628
p mean is: tensor(-1.2127, device='cuda:1')
epoch:  37000 quantization_loss:  0.00644367141649127
p mean is: tensor(-1.2209, device='cuda:1')
epoch:  38000 quantization_loss:  0.0064325882121920586
p mean is: tensor(-1.2283, device='cuda:1')
epoch:  39000 quantization_loss:  0.006430818233639002
p mean is: tensor(-1.2350, device='cuda:1')
epoch:  40000 quantization_loss:  0.006404714658856392
p mean is: tensor(-1.2411, device='cuda:1')
epoch:  41000 quantization_loss:  0.006402650848031044
p mean is: tensor(-1.2465, device='cuda:1')
epoch:  42000 quantization_loss:  0.006401066668331623
p mean is: tensor(-1.2515, device='cuda:1')
epoch:  43000 quantization_loss:  0.00638106744736433
p mean is: tensor(-1.2562, device='cuda:1')
epoch:  44000 quantization_loss:  0.0063687278889119625
p mean is: tensor(-1.2604, device='cuda:1')
epoch:  45000 quantization_loss:  0.006359172519296408
p mean is: tensor(-1.2643, device='cuda:1')
epoch:  46000 quantization_loss:  0.006336134392768145
p mean is: tensor(-1.2680, device='cuda:1')
epoch:  47000 quantization_loss:  0.0063461498357355595
p mean is: tensor(-1.2713, device='cuda:1')
epoch:  48000 quantization_loss:  0.006328271236270666
p mean is: tensor(-1.2744, device='cuda:1')
epoch:  49000 quantization_loss:  0.006331102456897497
p mean is: tensor(-1.2773, device='cuda:1')
epoch:  50000 quantization_loss:  0.00632120156660676
p mean is: tensor(-1.2800, device='cuda:1')
epoch:  51000 quantization_loss:  0.006312717217952013
p mean is: tensor(-1.2826, device='cuda:1')
epoch:  52000 quantization_loss:  0.006306230090558529
p mean is: tensor(-1.2849, device='cuda:1')
epoch:  53000 quantization_loss:  0.006299828644841909
p mean is: tensor(-1.2872, device='cuda:1')
epoch:  54000 quantization_loss:  0.006297621876001358
p mean is: tensor(-1.2893, device='cuda:1')
epoch:  55000 quantization_loss:  0.006299047730863094
p mean is: tensor(-1.2912, device='cuda:1')
epoch:  56000 quantization_loss:  0.006293531507253647
p mean is: tensor(-1.2931, device='cuda:1')
epoch:  57000 quantization_loss:  0.006289036013185978
p mean is: tensor(-1.2949, device='cuda:1')
epoch:  58000 quantization_loss:  0.006284377537667751
p mean is: tensor(-1.2966, device='cuda:1')
epoch:  59000 quantization_loss:  0.006285440176725388
p mean is: tensor(-1.2983, device='cuda:1')
Number of elements to keep: 150443
Threshold value: -0.7597939968109131
Number of elements equal to threshold: 1
Number of elements to randomly select: 1
Actual sparsity achieved: 0.04999988367714492
here
Number of elements to keep: 150443
Threshold value: -0.7597939968109131
Number of elements equal to threshold: 1
Number of elements to randomly select: 1
Actual sparsity achieved: 0.04999988367714492
1.1.1.weight         | nonzeros =    1067 /   12800             (  8.34%) | total_pruned =   11733 | shape = torch.Size([16, 32, 5, 5])
1.1.1.bias           | nonzeros =       0 /      16             (  0.00%) | total_pruned =      16 | shape = torch.Size([16])
1.2.weight           | nonzeros =       6 /      16             ( 37.50%) | total_pruned =      10 | shape = torch.Size([16])
1.2.bias             | nonzeros =       0 /      16             (  0.00%) | total_pruned =      16 | shape = torch.Size([16])
1.4.1.weight         | nonzeros =     142 /    6400             (  2.22%) | total_pruned =    6258 | shape = torch.Size([16, 16, 5, 5])
1.4.1.bias           | nonzeros =       0 /      16             (  0.00%) | total_pruned =      16 | shape = torch.Size([16])
1.5.weight           | nonzeros =       7 /      16             ( 43.75%) | total_pruned =       9 | shape = torch.Size([16])
1.5.bias             | nonzeros =       0 /      16             (  0.00%) | total_pruned =      16 | shape = torch.Size([16])
1.7.1.1.1.weight     | nonzeros =     169 /   12800             (  1.32%) | total_pruned =   12631 | shape = torch.Size([32, 16, 5, 5])
1.7.1.1.1.bias       | nonzeros =       0 /      32             (  0.00%) | total_pruned =      32 | shape = torch.Size([32])
1.7.1.2.weight       | nonzeros =      11 /      32             ( 34.38%) | total_pruned =      21 | shape = torch.Size([32])
1.7.1.2.bias         | nonzeros =       0 /      32             (  0.00%) | total_pruned =      32 | shape = torch.Size([32])
1.7.1.4.1.weight     | nonzeros =     409 /   25600             (  1.60%) | total_pruned =   25191 | shape = torch.Size([32, 32, 5, 5])
1.7.1.4.1.bias       | nonzeros =       0 /      32             (  0.00%) | total_pruned =      32 | shape = torch.Size([32])
1.7.1.5.weight       | nonzeros =      15 /      32             ( 46.88%) | total_pruned =      17 | shape = torch.Size([32])
1.7.1.5.bias         | nonzeros =       0 /      32             (  0.00%) | total_pruned =      32 | shape = torch.Size([32])
1.7.1.7.1.1.1.weight | nonzeros =     600 /   51200             (  1.17%) | total_pruned =   50600 | shape = torch.Size([64, 32, 5, 5])
1.7.1.7.1.1.1.bias   | nonzeros =       0 /      64             (  0.00%) | total_pruned =      64 | shape = torch.Size([64])
1.7.1.7.1.2.weight   | nonzeros =      27 /      64             ( 42.19%) | total_pruned =      37 | shape = torch.Size([64])
1.7.1.7.1.2.bias     | nonzeros =       0 /      64             (  0.00%) | total_pruned =      64 | shape = torch.Size([64])
1.7.1.7.1.4.1.weight | nonzeros =    1051 /  102400             (  1.03%) | total_pruned =  101349 | shape = torch.Size([64, 64, 5, 5])
1.7.1.7.1.4.1.bias   | nonzeros =       0 /      64             (  0.00%) | total_pruned =      64 | shape = torch.Size([64])
1.7.1.7.1.5.weight   | nonzeros =      34 /      64             ( 53.12%) | total_pruned =      30 | shape = torch.Size([64])
1.7.1.7.1.5.bias     | nonzeros =       0 /      64             (  0.00%) | total_pruned =      64 | shape = torch.Size([64])
1.7.1.7.1.7.1.1.1.weight | nonzeros =     868 /  204800             (  0.42%) | total_pruned =  203932 | shape = torch.Size([128, 64, 5, 5])
1.7.1.7.1.7.1.1.1.bias | nonzeros =       0 /     128             (  0.00%) | total_pruned =     128 | shape = torch.Size([128])
1.7.1.7.1.7.1.2.weight | nonzeros =      63 /     128             ( 49.22%) | total_pruned =      65 | shape = torch.Size([128])
1.7.1.7.1.7.1.2.bias | nonzeros =       0 /     128             (  0.00%) | total_pruned =     128 | shape = torch.Size([128])
1.7.1.7.1.7.1.4.1.weight | nonzeros =    1832 /  409600             (  0.45%) | total_pruned =  407768 | shape = torch.Size([128, 128, 5, 5])
1.7.1.7.1.7.1.4.1.bias | nonzeros =       0 /     128             (  0.00%) | total_pruned =     128 | shape = torch.Size([128])
1.7.1.7.1.7.1.5.weight | nonzeros =      64 /     128             ( 50.00%) | total_pruned =      64 | shape = torch.Size([128])
1.7.1.7.1.7.1.5.bias | nonzeros =       0 /     128             (  0.00%) | total_pruned =     128 | shape = torch.Size([128])
1.7.1.7.1.7.1.7.1.1.1.weight | nonzeros =    2977 /  409600             (  0.73%) | total_pruned =  406623 | shape = torch.Size([128, 128, 5, 5])
1.7.1.7.1.7.1.7.1.1.1.bias | nonzeros =       0 /     128             (  0.00%) | total_pruned =     128 | shape = torch.Size([128])
1.7.1.7.1.7.1.7.1.2.weight | nonzeros =      80 /     128             ( 62.50%) | total_pruned =      48 | shape = torch.Size([128])
1.7.1.7.1.7.1.7.1.2.bias | nonzeros =       0 /     128             (  0.00%) | total_pruned =     128 | shape = torch.Size([128])
1.7.1.7.1.7.1.7.1.4.1.weight | nonzeros =    8774 /  409600             (  2.14%) | total_pruned =  400826 | shape = torch.Size([128, 128, 5, 5])
1.7.1.7.1.7.1.7.1.4.1.bias | nonzeros =       0 /     128             (  0.00%) | total_pruned =     128 | shape = torch.Size([128])
1.7.1.7.1.7.1.7.1.5.weight | nonzeros =      89 /     128             ( 69.53%) | total_pruned =      39 | shape = torch.Size([128])
1.7.1.7.1.7.1.7.1.5.bias | nonzeros =       0 /     128             (  0.00%) | total_pruned =     128 | shape = torch.Size([128])
1.7.1.7.1.7.1.7.1.7.1.1.1.weight | nonzeros =   19103 /  409600             (  4.66%) | total_pruned =  390497 | shape = torch.Size([128, 128, 5, 5])
1.7.1.7.1.7.1.7.1.7.1.1.1.bias | nonzeros =       0 /     128             (  0.00%) | total_pruned =     128 | shape = torch.Size([128])
1.7.1.7.1.7.1.7.1.7.1.2.weight | nonzeros =     104 /     128             ( 81.25%) | total_pruned =      24 | shape = torch.Size([128])
1.7.1.7.1.7.1.7.1.7.1.2.bias | nonzeros =       0 /     128             (  0.00%) | total_pruned =     128 | shape = torch.Size([128])
1.7.1.7.1.7.1.7.1.7.1.4.1.weight | nonzeros =   35689 /  409600             (  8.71%) | total_pruned =  373911 | shape = torch.Size([128, 128, 5, 5])
1.7.1.7.1.7.1.7.1.7.1.4.1.bias | nonzeros =       0 /     128             (  0.00%) | total_pruned =     128 | shape = torch.Size([128])
1.7.1.7.1.7.1.7.1.7.1.5.weight | nonzeros =      88 /     128             ( 68.75%) | total_pruned =      40 | shape = torch.Size([128])
1.7.1.7.1.7.1.7.1.7.1.5.bias | nonzeros =       0 /     128             (  0.00%) | total_pruned =     128 | shape = torch.Size([128])
1.7.1.7.1.7.1.7.1.7.2.weight | nonzeros =      88 /     128             ( 68.75%) | total_pruned =      40 | shape = torch.Size([128])
1.7.1.7.1.7.1.7.1.7.2.bias | nonzeros =       0 /     128             (  0.00%) | total_pruned =     128 | shape = torch.Size([128])
1.7.1.7.1.7.1.7.1.7.3.1.weight | nonzeros =   22549 /  147456             ( 15.29%) | total_pruned =  124907 | shape = torch.Size([128, 128, 3, 3])
1.7.1.7.1.7.1.7.1.7.3.1.bias | nonzeros =       0 /     128             (  0.00%) | total_pruned =     128 | shape = torch.Size([128])
1.7.1.7.1.7.1.7.1.7.4.weight | nonzeros =      88 /     128             ( 68.75%) | total_pruned =      40 | shape = torch.Size([128])
1.7.1.7.1.7.1.7.1.7.4.bias | nonzeros =       0 /     128             (  0.00%) | total_pruned =     128 | shape = torch.Size([128])
1.7.1.7.1.7.1.7.2.weight | nonzeros =      88 /     128             ( 68.75%) | total_pruned =      40 | shape = torch.Size([128])
1.7.1.7.1.7.1.7.2.bias | nonzeros =       0 /     128             (  0.00%) | total_pruned =     128 | shape = torch.Size([128])
1.7.1.7.1.7.1.7.3.1.weight | nonzeros =   21617 /  147456             ( 14.66%) | total_pruned =  125839 | shape = torch.Size([128, 128, 3, 3])
1.7.1.7.1.7.1.7.3.1.bias | nonzeros =       0 /     128             (  0.00%) | total_pruned =     128 | shape = torch.Size([128])
1.7.1.7.1.7.1.7.4.weight | nonzeros =      76 /     128             ( 59.38%) | total_pruned =      52 | shape = torch.Size([128])
1.7.1.7.1.7.1.7.4.bias | nonzeros =       0 /     128             (  0.00%) | total_pruned =     128 | shape = torch.Size([128])
1.7.1.7.1.7.2.weight | nonzeros =      76 /     128             ( 59.38%) | total_pruned =      52 | shape = torch.Size([128])
1.7.1.7.1.7.2.bias   | nonzeros =       0 /     128             (  0.00%) | total_pruned =     128 | shape = torch.Size([128])
1.7.1.7.1.7.3.1.weight | nonzeros =   18614 /  147456             ( 12.62%) | total_pruned =  128842 | shape = torch.Size([128, 128, 3, 3])
1.7.1.7.1.7.3.1.bias | nonzeros =       0 /     128             (  0.00%) | total_pruned =     128 | shape = torch.Size([128])
1.7.1.7.1.7.4.weight | nonzeros =      77 /     128             ( 60.16%) | total_pruned =      51 | shape = torch.Size([128])
1.7.1.7.1.7.4.bias   | nonzeros =       0 /     128             (  0.00%) | total_pruned =     128 | shape = torch.Size([128])
1.7.1.7.2.weight     | nonzeros =      77 /     128             ( 60.16%) | total_pruned =      51 | shape = torch.Size([128])
1.7.1.7.2.bias       | nonzeros =       0 /     128             (  0.00%) | total_pruned =     128 | shape = torch.Size([128])
1.7.1.7.3.1.weight   | nonzeros =    9782 /   73728             ( 13.27%) | total_pruned =   63946 | shape = torch.Size([64, 128, 3, 3])
1.7.1.7.3.1.bias     | nonzeros =       0 /      64             (  0.00%) | total_pruned =      64 | shape = torch.Size([64])
1.7.1.7.4.weight     | nonzeros =      36 /      64             ( 56.25%) | total_pruned =      28 | shape = torch.Size([64])
1.7.1.7.4.bias       | nonzeros =       0 /      64             (  0.00%) | total_pruned =      64 | shape = torch.Size([64])
1.7.2.weight         | nonzeros =      36 /      64             ( 56.25%) | total_pruned =      28 | shape = torch.Size([64])
1.7.2.bias           | nonzeros =       0 /      64             (  0.00%) | total_pruned =      64 | shape = torch.Size([64])
1.7.3.1.weight       | nonzeros =    2673 /   18432             ( 14.50%) | total_pruned =   15759 | shape = torch.Size([32, 64, 3, 3])
1.7.3.1.bias         | nonzeros =       0 /      32             (  0.00%) | total_pruned =      32 | shape = torch.Size([32])
1.7.4.weight         | nonzeros =      18 /      32             ( 56.25%) | total_pruned =      14 | shape = torch.Size([32])
1.7.4.bias           | nonzeros =       0 /      32             (  0.00%) | total_pruned =      32 | shape = torch.Size([32])
2.weight             | nonzeros =      18 /      32             ( 56.25%) | total_pruned =      14 | shape = torch.Size([32])
2.bias               | nonzeros =       0 /      32             (  0.00%) | total_pruned =      32 | shape = torch.Size([32])
3.1.weight           | nonzeros =    1218 /    4608             ( 26.43%) | total_pruned =    3390 | shape = torch.Size([16, 32, 3, 3])
3.1.bias             | nonzeros =       0 /      16             (  0.00%) | total_pruned =      16 | shape = torch.Size([16])
4.weight             | nonzeros =      16 /      16             (100.00%) | total_pruned =       0 | shape = torch.Size([16])
4.bias               | nonzeros =       0 /      16             (  0.00%) | total_pruned =      16 | shape = torch.Size([16])
6.1.weight           | nonzeros =      26 /      48             ( 54.17%) | total_pruned =      22 | shape = torch.Size([3, 16, 1, 1])
6.1.bias             | nonzeros =       1 /       3             ( 33.33%) | total_pruned =       2 | shape = torch.Size([3])
alive: 150443, pruned : 2858424, total: 3008867, Compression rate :      20.00x  ( 95.00% pruned)
PSNR of output image is:  19.101050311381535
Experiment done
