(3, 512, 512)
(3, 512, 512)
Noisy PSNR is '4.948960348717848'
(3, 512, 512) (3, 512, 512) torch.Size([1, 32, 512, 512])
Output directory: data/inpainting/Dataset/mask/3/sparsity/0.5/det/0.08/1e-09
epoch:  0 quantization_loss:  0.04305440932512283
p mean is: tensor(-0.0002, device='cuda:5')
epoch:  1000 quantization_loss:  0.032066646963357925
p mean is: tensor(-0.0194, device='cuda:5')
epoch:  2000 quantization_loss:  0.029374029487371445
p mean is: tensor(-0.0331, device='cuda:5')
epoch:  3000 quantization_loss:  0.02868165448307991
p mean is: tensor(-0.0464, device='cuda:5')
epoch:  4000 quantization_loss:  0.028551019728183746
p mean is: tensor(-0.0596, device='cuda:5')
epoch:  5000 quantization_loss:  0.02661159262061119
p mean is: tensor(-0.0735, device='cuda:5')
epoch:  6000 quantization_loss:  0.026373600587248802
p mean is: tensor(-0.0922, device='cuda:5')
epoch:  7000 quantization_loss:  0.023553064092993736
p mean is: tensor(-0.1154, device='cuda:5')
epoch:  8000 quantization_loss:  0.022829372435808182
p mean is: tensor(-0.1435, device='cuda:5')
epoch:  9000 quantization_loss:  0.02248239703476429
p mean is: tensor(-0.1792, device='cuda:5')
epoch:  10000 quantization_loss:  0.022224068641662598
p mean is: tensor(-0.2241, device='cuda:5')
epoch:  11000 quantization_loss:  0.021545901894569397
p mean is: tensor(-0.2790, device='cuda:5')
epoch:  12000 quantization_loss:  0.02135019190609455
p mean is: tensor(-0.3440, device='cuda:5')
epoch:  13000 quantization_loss:  0.021204274147748947
p mean is: tensor(-0.4176, device='cuda:5')
epoch:  14000 quantization_loss:  0.020933981984853745
p mean is: tensor(-0.4965, device='cuda:5')
epoch:  15000 quantization_loss:  0.02084660530090332
p mean is: tensor(-0.5774, device='cuda:5')
epoch:  16000 quantization_loss:  0.020647745579481125
p mean is: tensor(-0.6568, device='cuda:5')
epoch:  17000 quantization_loss:  0.02050870656967163
p mean is: tensor(-0.7315, device='cuda:5')
epoch:  18000 quantization_loss:  0.020395683124661446
p mean is: tensor(-0.8001, device='cuda:5')
epoch:  19000 quantization_loss:  0.020296165719628334
p mean is: tensor(-0.8617, device='cuda:5')
epoch:  20000 quantization_loss:  0.020243793725967407
p mean is: tensor(-0.9160, device='cuda:5')
epoch:  21000 quantization_loss:  0.01948535442352295
p mean is: tensor(-0.9627, device='cuda:5')
epoch:  22000 quantization_loss:  0.02018056996166706
p mean is: tensor(-1.0021, device='cuda:5')
epoch:  23000 quantization_loss:  0.019221074879169464
p mean is: tensor(-1.0364, device='cuda:5')
epoch:  24000 quantization_loss:  0.019151490181684494
p mean is: tensor(-1.0665, device='cuda:5')
epoch:  25000 quantization_loss:  0.019130542874336243
p mean is: tensor(-1.0930, device='cuda:5')
epoch:  26000 quantization_loss:  0.019062165170907974
p mean is: tensor(-1.1164, device='cuda:5')
epoch:  27000 quantization_loss:  0.019028030335903168
p mean is: tensor(-1.1369, device='cuda:5')
epoch:  28000 quantization_loss:  0.01895545795559883
p mean is: tensor(-1.1550, device='cuda:5')
epoch:  29000 quantization_loss:  0.018945494666695595
p mean is: tensor(-1.1711, device='cuda:5')
epoch:  30000 quantization_loss:  0.0188722163438797
p mean is: tensor(-1.1852, device='cuda:5')
epoch:  31000 quantization_loss:  0.018801743164658546
p mean is: tensor(-1.1977, device='cuda:5')
epoch:  32000 quantization_loss:  0.01882282644510269
p mean is: tensor(-1.2088, device='cuda:5')
epoch:  33000 quantization_loss:  0.01878461241722107
p mean is: tensor(-1.2187, device='cuda:5')
epoch:  34000 quantization_loss:  0.018759286031126976
p mean is: tensor(-1.2275, device='cuda:5')
epoch:  35000 quantization_loss:  0.018703578040003777
p mean is: tensor(-1.2354, device='cuda:5')
epoch:  36000 quantization_loss:  0.018705885857343674
p mean is: tensor(-1.2425, device='cuda:5')
epoch:  37000 quantization_loss:  0.018687086179852486
p mean is: tensor(-1.2488, device='cuda:5')
epoch:  38000 quantization_loss:  0.01866031065583229
p mean is: tensor(-1.2547, device='cuda:5')
epoch:  39000 quantization_loss:  0.018648739904165268
p mean is: tensor(-1.2599, device='cuda:5')
epoch:  40000 quantization_loss:  0.01864687353372574
p mean is: tensor(-1.2646, device='cuda:5')
epoch:  41000 quantization_loss:  0.018619051203131676
p mean is: tensor(-1.2690, device='cuda:5')
epoch:  42000 quantization_loss:  0.018613547086715698
p mean is: tensor(-1.2730, device='cuda:5')
epoch:  43000 quantization_loss:  0.01860787160694599
p mean is: tensor(-1.2768, device='cuda:5')
epoch:  44000 quantization_loss:  0.01858373172581196
p mean is: tensor(-1.2801, device='cuda:5')
epoch:  45000 quantization_loss:  0.018571050837635994
p mean is: tensor(-1.2832, device='cuda:5')
epoch:  46000 quantization_loss:  0.018562277778983116
p mean is: tensor(-1.2861, device='cuda:5')
epoch:  47000 quantization_loss:  0.018558667972683907
p mean is: tensor(-1.2888, device='cuda:5')
epoch:  48000 quantization_loss:  0.018548596650362015
p mean is: tensor(-1.2912, device='cuda:5')
epoch:  49000 quantization_loss:  0.018570352345705032
p mean is: tensor(-1.2936, device='cuda:5')
epoch:  50000 quantization_loss:  0.0185361560434103
p mean is: tensor(-1.2958, device='cuda:5')
epoch:  51000 quantization_loss:  0.018523341044783592
p mean is: tensor(-1.2979, device='cuda:5')
epoch:  52000 quantization_loss:  0.018532438203692436
p mean is: tensor(-1.2998, device='cuda:5')
epoch:  53000 quantization_loss:  0.01851765066385269
p mean is: tensor(-1.3016, device='cuda:5')
epoch:  54000 quantization_loss:  0.01851213164627552
p mean is: tensor(-1.3034, device='cuda:5')
epoch:  55000 quantization_loss:  0.01851203665137291
p mean is: tensor(-1.3051, device='cuda:5')
epoch:  56000 quantization_loss:  0.018495768308639526
p mean is: tensor(-1.3066, device='cuda:5')
epoch:  57000 quantization_loss:  0.018498830497264862
p mean is: tensor(-1.3082, device='cuda:5')
epoch:  58000 quantization_loss:  0.018489114940166473
p mean is: tensor(-1.3096, device='cuda:5')
epoch:  59000 quantization_loss:  0.01848815567791462
p mean is: tensor(-1.3110, device='cuda:5')
Number of elements to keep: 240709
Threshold value: -1.038953185081482
Number of elements equal to threshold: 2
Number of elements to randomly select: 1
Warning: Random selection among elements equal to the threshold is being performed to maintain sparsity.
Actual sparsity achieved: 0.07999988035363477
here
Number of elements to keep: 150443
Threshold value: -0.7738848328590393
Number of elements equal to threshold: 1
Number of elements to randomly select: 1
Actual sparsity achieved: 0.04999988367714492
1.1.1.weight         | nonzeros =    1610 /   12800             ( 12.58%) | total_pruned =   11190 | shape = torch.Size([16, 32, 5, 5])
1.1.1.bias           | nonzeros =       0 /      16             (  0.00%) | total_pruned =      16 | shape = torch.Size([16])
1.2.weight           | nonzeros =       8 /      16             ( 50.00%) | total_pruned =       8 | shape = torch.Size([16])
1.2.bias             | nonzeros =       0 /      16             (  0.00%) | total_pruned =      16 | shape = torch.Size([16])
1.4.1.weight         | nonzeros =     261 /    6400             (  4.08%) | total_pruned =    6139 | shape = torch.Size([16, 16, 5, 5])
1.4.1.bias           | nonzeros =       0 /      16             (  0.00%) | total_pruned =      16 | shape = torch.Size([16])
1.5.weight           | nonzeros =       5 /      16             ( 31.25%) | total_pruned =      11 | shape = torch.Size([16])
1.5.bias             | nonzeros =       0 /      16             (  0.00%) | total_pruned =      16 | shape = torch.Size([16])
1.7.1.1.1.weight     | nonzeros =     496 /   12800             (  3.88%) | total_pruned =   12304 | shape = torch.Size([32, 16, 5, 5])
1.7.1.1.1.bias       | nonzeros =       0 /      32             (  0.00%) | total_pruned =      32 | shape = torch.Size([32])
1.7.1.2.weight       | nonzeros =      16 /      32             ( 50.00%) | total_pruned =      16 | shape = torch.Size([32])
1.7.1.2.bias         | nonzeros =       0 /      32             (  0.00%) | total_pruned =      32 | shape = torch.Size([32])
1.7.1.4.1.weight     | nonzeros =    1375 /   25600             (  5.37%) | total_pruned =   24225 | shape = torch.Size([32, 32, 5, 5])
1.7.1.4.1.bias       | nonzeros =       0 /      32             (  0.00%) | total_pruned =      32 | shape = torch.Size([32])
1.7.1.5.weight       | nonzeros =      17 /      32             ( 53.12%) | total_pruned =      15 | shape = torch.Size([32])
1.7.1.5.bias         | nonzeros =       0 /      32             (  0.00%) | total_pruned =      32 | shape = torch.Size([32])
1.7.1.7.1.1.1.weight | nonzeros =    2122 /   51200             (  4.14%) | total_pruned =   49078 | shape = torch.Size([64, 32, 5, 5])
1.7.1.7.1.1.1.bias   | nonzeros =       0 /      64             (  0.00%) | total_pruned =      64 | shape = torch.Size([64])
1.7.1.7.1.2.weight   | nonzeros =      29 /      64             ( 45.31%) | total_pruned =      35 | shape = torch.Size([64])
1.7.1.7.1.2.bias     | nonzeros =       0 /      64             (  0.00%) | total_pruned =      64 | shape = torch.Size([64])
1.7.1.7.1.4.1.weight | nonzeros =    3545 /  102400             (  3.46%) | total_pruned =   98855 | shape = torch.Size([64, 64, 5, 5])
1.7.1.7.1.4.1.bias   | nonzeros =       0 /      64             (  0.00%) | total_pruned =      64 | shape = torch.Size([64])
1.7.1.7.1.5.weight   | nonzeros =      30 /      64             ( 46.88%) | total_pruned =      34 | shape = torch.Size([64])
1.7.1.7.1.5.bias     | nonzeros =       0 /      64             (  0.00%) | total_pruned =      64 | shape = torch.Size([64])
1.7.1.7.1.7.1.1.1.weight | nonzeros =    5614 /  204800             (  2.74%) | total_pruned =  199186 | shape = torch.Size([128, 64, 5, 5])
1.7.1.7.1.7.1.1.1.bias | nonzeros =       0 /     128             (  0.00%) | total_pruned =     128 | shape = torch.Size([128])
1.7.1.7.1.7.1.2.weight | nonzeros =      67 /     128             ( 52.34%) | total_pruned =      61 | shape = torch.Size([128])
1.7.1.7.1.7.1.2.bias | nonzeros =       0 /     128             (  0.00%) | total_pruned =     128 | shape = torch.Size([128])
1.7.1.7.1.7.1.4.1.weight | nonzeros =   10462 /  409600             (  2.55%) | total_pruned =  399138 | shape = torch.Size([128, 128, 5, 5])
1.7.1.7.1.7.1.4.1.bias | nonzeros =       0 /     128             (  0.00%) | total_pruned =     128 | shape = torch.Size([128])
1.7.1.7.1.7.1.5.weight | nonzeros =      74 /     128             ( 57.81%) | total_pruned =      54 | shape = torch.Size([128])
1.7.1.7.1.7.1.5.bias | nonzeros =       0 /     128             (  0.00%) | total_pruned =     128 | shape = torch.Size([128])
1.7.1.7.1.7.1.7.1.1.1.weight | nonzeros =   17005 /  409600             (  4.15%) | total_pruned =  392595 | shape = torch.Size([128, 128, 5, 5])
1.7.1.7.1.7.1.7.1.1.1.bias | nonzeros =       0 /     128             (  0.00%) | total_pruned =     128 | shape = torch.Size([128])
1.7.1.7.1.7.1.7.1.2.weight | nonzeros =      93 /     128             ( 72.66%) | total_pruned =      35 | shape = torch.Size([128])
1.7.1.7.1.7.1.7.1.2.bias | nonzeros =       0 /     128             (  0.00%) | total_pruned =     128 | shape = torch.Size([128])
1.7.1.7.1.7.1.7.1.4.1.weight | nonzeros =   29593 /  409600             (  7.22%) | total_pruned =  380007 | shape = torch.Size([128, 128, 5, 5])
1.7.1.7.1.7.1.7.1.4.1.bias | nonzeros =       0 /     128             (  0.00%) | total_pruned =     128 | shape = torch.Size([128])
1.7.1.7.1.7.1.7.1.5.weight | nonzeros =      92 /     128             ( 71.88%) | total_pruned =      36 | shape = torch.Size([128])
1.7.1.7.1.7.1.7.1.5.bias | nonzeros =       0 /     128             (  0.00%) | total_pruned =     128 | shape = torch.Size([128])
1.7.1.7.1.7.1.7.1.7.1.1.1.weight | nonzeros =   43592 /  409600             ( 10.64%) | total_pruned =  366008 | shape = torch.Size([128, 128, 5, 5])
1.7.1.7.1.7.1.7.1.7.1.1.1.bias | nonzeros =       0 /     128             (  0.00%) | total_pruned =     128 | shape = torch.Size([128])
1.7.1.7.1.7.1.7.1.7.1.2.weight | nonzeros =      97 /     128             ( 75.78%) | total_pruned =      31 | shape = torch.Size([128])
1.7.1.7.1.7.1.7.1.7.1.2.bias | nonzeros =       0 /     128             (  0.00%) | total_pruned =     128 | shape = torch.Size([128])
1.7.1.7.1.7.1.7.1.7.1.4.1.weight | nonzeros =   53558 /  409600             ( 13.08%) | total_pruned =  356042 | shape = torch.Size([128, 128, 5, 5])
1.7.1.7.1.7.1.7.1.7.1.4.1.bias | nonzeros =       0 /     128             (  0.00%) | total_pruned =     128 | shape = torch.Size([128])
1.7.1.7.1.7.1.7.1.7.1.5.weight | nonzeros =      91 /     128             ( 71.09%) | total_pruned =      37 | shape = torch.Size([128])
1.7.1.7.1.7.1.7.1.7.1.5.bias | nonzeros =       0 /     128             (  0.00%) | total_pruned =     128 | shape = torch.Size([128])
1.7.1.7.1.7.1.7.1.7.2.weight | nonzeros =      91 /     128             ( 71.09%) | total_pruned =      37 | shape = torch.Size([128])
1.7.1.7.1.7.1.7.1.7.2.bias | nonzeros =       0 /     128             (  0.00%) | total_pruned =     128 | shape = torch.Size([128])
1.7.1.7.1.7.1.7.1.7.3.1.weight | nonzeros =   24512 /  147456             ( 16.62%) | total_pruned =  122944 | shape = torch.Size([128, 128, 3, 3])
1.7.1.7.1.7.1.7.1.7.3.1.bias | nonzeros =       0 /     128             (  0.00%) | total_pruned =     128 | shape = torch.Size([128])
1.7.1.7.1.7.1.7.1.7.4.weight | nonzeros =      82 /     128             ( 64.06%) | total_pruned =      46 | shape = torch.Size([128])
1.7.1.7.1.7.1.7.1.7.4.bias | nonzeros =       0 /     128             (  0.00%) | total_pruned =     128 | shape = torch.Size([128])
1.7.1.7.1.7.1.7.2.weight | nonzeros =      82 /     128             ( 64.06%) | total_pruned =      46 | shape = torch.Size([128])
1.7.1.7.1.7.1.7.2.bias | nonzeros =       0 /     128             (  0.00%) | total_pruned =     128 | shape = torch.Size([128])
1.7.1.7.1.7.1.7.3.1.weight | nonzeros =   20991 /  147456             ( 14.24%) | total_pruned =  126465 | shape = torch.Size([128, 128, 3, 3])
1.7.1.7.1.7.1.7.3.1.bias | nonzeros =       0 /     128             (  0.00%) | total_pruned =     128 | shape = torch.Size([128])
1.7.1.7.1.7.1.7.4.weight | nonzeros =      72 /     128             ( 56.25%) | total_pruned =      56 | shape = torch.Size([128])
1.7.1.7.1.7.1.7.4.bias | nonzeros =       0 /     128             (  0.00%) | total_pruned =     128 | shape = torch.Size([128])
1.7.1.7.1.7.2.weight | nonzeros =      72 /     128             ( 56.25%) | total_pruned =      56 | shape = torch.Size([128])
1.7.1.7.1.7.2.bias   | nonzeros =       0 /     128             (  0.00%) | total_pruned =     128 | shape = torch.Size([128])
1.7.1.7.1.7.3.1.weight | nonzeros =   15758 /  147456             ( 10.69%) | total_pruned =  131698 | shape = torch.Size([128, 128, 3, 3])
1.7.1.7.1.7.3.1.bias | nonzeros =       0 /     128             (  0.00%) | total_pruned =     128 | shape = torch.Size([128])
1.7.1.7.1.7.4.weight | nonzeros =      62 /     128             ( 48.44%) | total_pruned =      66 | shape = torch.Size([128])
1.7.1.7.1.7.4.bias   | nonzeros =       0 /     128             (  0.00%) | total_pruned =     128 | shape = torch.Size([128])
1.7.1.7.2.weight     | nonzeros =      62 /     128             ( 48.44%) | total_pruned =      66 | shape = torch.Size([128])
1.7.1.7.2.bias       | nonzeros =       0 /     128             (  0.00%) | total_pruned =     128 | shape = torch.Size([128])
1.7.1.7.3.1.weight   | nonzeros =    6512 /   73728             (  8.83%) | total_pruned =   67216 | shape = torch.Size([64, 128, 3, 3])
1.7.1.7.3.1.bias     | nonzeros =       0 /      64             (  0.00%) | total_pruned =      64 | shape = torch.Size([64])
1.7.1.7.4.weight     | nonzeros =      28 /      64             ( 43.75%) | total_pruned =      36 | shape = torch.Size([64])
1.7.1.7.4.bias       | nonzeros =       0 /      64             (  0.00%) | total_pruned =      64 | shape = torch.Size([64])
1.7.2.weight         | nonzeros =      28 /      64             ( 43.75%) | total_pruned =      36 | shape = torch.Size([64])
1.7.2.bias           | nonzeros =       0 /      64             (  0.00%) | total_pruned =      64 | shape = torch.Size([64])
1.7.3.1.weight       | nonzeros =    1661 /   18432             (  9.01%) | total_pruned =   16771 | shape = torch.Size([32, 64, 3, 3])
1.7.3.1.bias         | nonzeros =       0 /      32             (  0.00%) | total_pruned =      32 | shape = torch.Size([32])
1.7.4.weight         | nonzeros =      14 /      32             ( 43.75%) | total_pruned =      18 | shape = torch.Size([32])
1.7.4.bias           | nonzeros =       0 /      32             (  0.00%) | total_pruned =      32 | shape = torch.Size([32])
2.weight             | nonzeros =      14 /      32             ( 43.75%) | total_pruned =      18 | shape = torch.Size([32])
2.bias               | nonzeros =       0 /      32             (  0.00%) | total_pruned =      32 | shape = torch.Size([32])
3.1.weight           | nonzeros =     779 /    4608             ( 16.91%) | total_pruned =    3829 | shape = torch.Size([16, 32, 3, 3])
3.1.bias             | nonzeros =       0 /      16             (  0.00%) | total_pruned =      16 | shape = torch.Size([16])
4.weight             | nonzeros =      14 /      16             ( 87.50%) | total_pruned =       2 | shape = torch.Size([16])
4.bias               | nonzeros =       0 /      16             (  0.00%) | total_pruned =      16 | shape = torch.Size([16])
6.1.weight           | nonzeros =      22 /      48             ( 45.83%) | total_pruned =      26 | shape = torch.Size([3, 16, 1, 1])
6.1.bias             | nonzeros =       1 /       3             ( 33.33%) | total_pruned =       2 | shape = torch.Size([3])
alive: 240709, pruned : 2768158, total: 3008867, Compression rate :      12.50x  ( 92.00% pruned)
PSNR of output image is:  13.548310331342886
Experiment done
