(3, 512, 512)
(3, 512, 512)
Noisy PSNR is '10.038552402453817'
(3, 512, 512) (3, 512, 512) torch.Size([1, 32, 512, 512])
Output directory: data/inpainting/Dataset/mask/4/sparsity/0.5/det/0.02/1e-09
epoch:  0 quantization_loss:  0.021524149924516678
p mean is: tensor(-0.0002, device='cuda:6')
epoch:  1000 quantization_loss:  0.01382092572748661
p mean is: tensor(-0.0195, device='cuda:6')
epoch:  2000 quantization_loss:  0.014181805774569511
p mean is: tensor(-0.0343, device='cuda:6')
epoch:  3000 quantization_loss:  0.013920741155743599
p mean is: tensor(-0.0489, device='cuda:6')
epoch:  4000 quantization_loss:  0.013483351096510887
p mean is: tensor(-0.0643, device='cuda:6')
epoch:  5000 quantization_loss:  0.013445277698338032
p mean is: tensor(-0.0805, device='cuda:6')
epoch:  6000 quantization_loss:  0.01322467252612114
p mean is: tensor(-0.0981, device='cuda:6')
epoch:  7000 quantization_loss:  0.011932183988392353
p mean is: tensor(-0.1172, device='cuda:6')
epoch:  8000 quantization_loss:  0.011479265987873077
p mean is: tensor(-0.1400, device='cuda:6')
epoch:  9000 quantization_loss:  0.010130736045539379
p mean is: tensor(-0.1698, device='cuda:6')
epoch:  10000 quantization_loss:  0.009136436507105827
p mean is: tensor(-0.2069, device='cuda:6')
epoch:  11000 quantization_loss:  0.007843374274671078
p mean is: tensor(-0.2528, device='cuda:6')
epoch:  12000 quantization_loss:  0.007196397520601749
p mean is: tensor(-0.3076, device='cuda:6')
epoch:  13000 quantization_loss:  0.006793972570449114
p mean is: tensor(-0.3717, device='cuda:6')
epoch:  14000 quantization_loss:  0.006499686278402805
p mean is: tensor(-0.4437, device='cuda:6')
epoch:  15000 quantization_loss:  0.005946387071162462
p mean is: tensor(-0.5208, device='cuda:6')
epoch:  16000 quantization_loss:  0.005575266201049089
p mean is: tensor(-0.5991, device='cuda:6')
epoch:  17000 quantization_loss:  0.005291994661092758
p mean is: tensor(-0.6752, device='cuda:6')
epoch:  18000 quantization_loss:  0.005016165319830179
p mean is: tensor(-0.7464, device='cuda:6')
epoch:  19000 quantization_loss:  0.00480614323168993
p mean is: tensor(-0.8108, device='cuda:6')
epoch:  20000 quantization_loss:  0.004558376502245665
p mean is: tensor(-0.8679, device='cuda:6')
epoch:  21000 quantization_loss:  0.004382092971354723
p mean is: tensor(-0.9179, device='cuda:6')
epoch:  22000 quantization_loss:  0.004156536888331175
p mean is: tensor(-0.9616, device='cuda:6')
epoch:  23000 quantization_loss:  0.003976572770625353
p mean is: tensor(-0.9993, device='cuda:6')
epoch:  24000 quantization_loss:  0.0038565301802009344
p mean is: tensor(-1.0320, device='cuda:6')
epoch:  25000 quantization_loss:  0.0037160334177315235
p mean is: tensor(-1.0605, device='cuda:6')
epoch:  26000 quantization_loss:  0.0036330188158899546
p mean is: tensor(-1.0853, device='cuda:6')
epoch:  27000 quantization_loss:  0.0034863492473959923
p mean is: tensor(-1.1070, device='cuda:6')
epoch:  28000 quantization_loss:  0.003500026185065508
p mean is: tensor(-1.1260, device='cuda:6')
epoch:  29000 quantization_loss:  0.003348617348819971
p mean is: tensor(-1.1426, device='cuda:6')
epoch:  30000 quantization_loss:  0.003284043399617076
p mean is: tensor(-1.1573, device='cuda:6')
epoch:  31000 quantization_loss:  0.003217927645891905
p mean is: tensor(-1.1704, device='cuda:6')
epoch:  32000 quantization_loss:  0.0032432018779218197
p mean is: tensor(-1.1820, device='cuda:6')
epoch:  33000 quantization_loss:  0.0031422856263816357
p mean is: tensor(-1.1923, device='cuda:6')
epoch:  34000 quantization_loss:  0.003111093072220683
p mean is: tensor(-1.2015, device='cuda:6')
epoch:  35000 quantization_loss:  0.003078686073422432
p mean is: tensor(-1.2098, device='cuda:6')
epoch:  36000 quantization_loss:  0.0030297087505459785
p mean is: tensor(-1.2172, device='cuda:6')
epoch:  37000 quantization_loss:  0.0030200639739632607
p mean is: tensor(-1.2240, device='cuda:6')
epoch:  38000 quantization_loss:  0.0029928835574537516
p mean is: tensor(-1.2301, device='cuda:6')
epoch:  39000 quantization_loss:  0.002947003347799182
p mean is: tensor(-1.2357, device='cuda:6')
epoch:  40000 quantization_loss:  0.002937234239652753
p mean is: tensor(-1.2407, device='cuda:6')
epoch:  41000 quantization_loss:  0.002904820255935192
p mean is: tensor(-1.2453, device='cuda:6')
epoch:  42000 quantization_loss:  0.002899287734180689
p mean is: tensor(-1.2496, device='cuda:6')
epoch:  43000 quantization_loss:  0.0028801006264984608
p mean is: tensor(-1.2535, device='cuda:6')
epoch:  44000 quantization_loss:  0.002878784667700529
p mean is: tensor(-1.2571, device='cuda:6')
epoch:  45000 quantization_loss:  0.0028547686524689198
p mean is: tensor(-1.2604, device='cuda:6')
epoch:  46000 quantization_loss:  0.0028407538775354624
p mean is: tensor(-1.2635, device='cuda:6')
epoch:  47000 quantization_loss:  0.002833682345226407
p mean is: tensor(-1.2663, device='cuda:6')
epoch:  48000 quantization_loss:  0.002822200069203973
p mean is: tensor(-1.2690, device='cuda:6')
epoch:  49000 quantization_loss:  0.0028113380540162325
p mean is: tensor(-1.2715, device='cuda:6')
epoch:  50000 quantization_loss:  0.0027951933443546295
p mean is: tensor(-1.2739, device='cuda:6')
epoch:  51000 quantization_loss:  0.0028066697996109724
p mean is: tensor(-1.2762, device='cuda:6')
epoch:  52000 quantization_loss:  0.0028173313476145267
p mean is: tensor(-1.2783, device='cuda:6')
epoch:  53000 quantization_loss:  0.0027713195886462927
p mean is: tensor(-1.2804, device='cuda:6')
epoch:  54000 quantization_loss:  0.0027387409936636686
p mean is: tensor(-1.2823, device='cuda:6')
epoch:  55000 quantization_loss:  0.002719214418902993
p mean is: tensor(-1.2842, device='cuda:6')
epoch:  56000 quantization_loss:  0.002700075041502714
p mean is: tensor(-1.2859, device='cuda:6')
epoch:  57000 quantization_loss:  0.002696910174563527
p mean is: tensor(-1.2876, device='cuda:6')
epoch:  58000 quantization_loss:  0.0027019756380468607
p mean is: tensor(-1.2892, device='cuda:6')
epoch:  59000 quantization_loss:  0.0026858302298933268
p mean is: tensor(-1.2907, device='cuda:6')
Number of elements to keep: 60177
Threshold value: 5.584444522857666
Number of elements equal to threshold: 1
Number of elements to randomly select: 1
Actual sparsity achieved: 0.019999887000655064
here
Number of elements to keep: 150443
Threshold value: -0.5161168575286865
Number of elements equal to threshold: 1
Number of elements to randomly select: 1
Actual sparsity achieved: 0.04999988367714492
1.1.1.weight         | nonzeros =       1 /   12800             (  0.01%) | total_pruned =   12799 | shape = torch.Size([16, 32, 5, 5])
1.1.1.bias           | nonzeros =       0 /      16             (  0.00%) | total_pruned =      16 | shape = torch.Size([16])
1.2.weight           | nonzeros =       5 /      16             ( 31.25%) | total_pruned =      11 | shape = torch.Size([16])
1.2.bias             | nonzeros =       0 /      16             (  0.00%) | total_pruned =      16 | shape = torch.Size([16])
1.4.1.weight         | nonzeros =       0 /    6400             (  0.00%) | total_pruned =    6400 | shape = torch.Size([16, 16, 5, 5])
1.4.1.bias           | nonzeros =       0 /      16             (  0.00%) | total_pruned =      16 | shape = torch.Size([16])
1.5.weight           | nonzeros =       2 /      16             ( 12.50%) | total_pruned =      14 | shape = torch.Size([16])
1.5.bias             | nonzeros =       0 /      16             (  0.00%) | total_pruned =      16 | shape = torch.Size([16])
1.7.1.1.1.weight     | nonzeros =       0 /   12800             (  0.00%) | total_pruned =   12800 | shape = torch.Size([32, 16, 5, 5])
1.7.1.1.1.bias       | nonzeros =       0 /      32             (  0.00%) | total_pruned =      32 | shape = torch.Size([32])
1.7.1.2.weight       | nonzeros =       2 /      32             (  6.25%) | total_pruned =      30 | shape = torch.Size([32])
1.7.1.2.bias         | nonzeros =       0 /      32             (  0.00%) | total_pruned =      32 | shape = torch.Size([32])
1.7.1.4.1.weight     | nonzeros =       0 /   25600             (  0.00%) | total_pruned =   25600 | shape = torch.Size([32, 32, 5, 5])
1.7.1.4.1.bias       | nonzeros =       0 /      32             (  0.00%) | total_pruned =      32 | shape = torch.Size([32])
1.7.1.5.weight       | nonzeros =       3 /      32             (  9.38%) | total_pruned =      29 | shape = torch.Size([32])
1.7.1.5.bias         | nonzeros =       0 /      32             (  0.00%) | total_pruned =      32 | shape = torch.Size([32])
1.7.1.7.1.1.1.weight | nonzeros =       0 /   51200             (  0.00%) | total_pruned =   51200 | shape = torch.Size([64, 32, 5, 5])
1.7.1.7.1.1.1.bias   | nonzeros =       0 /      64             (  0.00%) | total_pruned =      64 | shape = torch.Size([64])
1.7.1.7.1.2.weight   | nonzeros =       1 /      64             (  1.56%) | total_pruned =      63 | shape = torch.Size([64])
1.7.1.7.1.2.bias     | nonzeros =       0 /      64             (  0.00%) | total_pruned =      64 | shape = torch.Size([64])
1.7.1.7.1.4.1.weight | nonzeros =       0 /  102400             (  0.00%) | total_pruned =  102400 | shape = torch.Size([64, 64, 5, 5])
1.7.1.7.1.4.1.bias   | nonzeros =       0 /      64             (  0.00%) | total_pruned =      64 | shape = torch.Size([64])
1.7.1.7.1.5.weight   | nonzeros =       6 /      64             (  9.38%) | total_pruned =      58 | shape = torch.Size([64])
1.7.1.7.1.5.bias     | nonzeros =       0 /      64             (  0.00%) | total_pruned =      64 | shape = torch.Size([64])
1.7.1.7.1.7.1.1.1.weight | nonzeros =       0 /  204800             (  0.00%) | total_pruned =  204800 | shape = torch.Size([128, 64, 5, 5])
1.7.1.7.1.7.1.1.1.bias | nonzeros =       0 /     128             (  0.00%) | total_pruned =     128 | shape = torch.Size([128])
1.7.1.7.1.7.1.2.weight | nonzeros =       2 /     128             (  1.56%) | total_pruned =     126 | shape = torch.Size([128])
1.7.1.7.1.7.1.2.bias | nonzeros =       0 /     128             (  0.00%) | total_pruned =     128 | shape = torch.Size([128])
1.7.1.7.1.7.1.4.1.weight | nonzeros =       0 /  409600             (  0.00%) | total_pruned =  409600 | shape = torch.Size([128, 128, 5, 5])
1.7.1.7.1.7.1.4.1.bias | nonzeros =       0 /     128             (  0.00%) | total_pruned =     128 | shape = torch.Size([128])
1.7.1.7.1.7.1.5.weight | nonzeros =      22 /     128             ( 17.19%) | total_pruned =     106 | shape = torch.Size([128])
1.7.1.7.1.7.1.5.bias | nonzeros =       0 /     128             (  0.00%) | total_pruned =     128 | shape = torch.Size([128])
1.7.1.7.1.7.1.7.1.1.1.weight | nonzeros =       0 /  409600             (  0.00%) | total_pruned =  409600 | shape = torch.Size([128, 128, 5, 5])
1.7.1.7.1.7.1.7.1.1.1.bias | nonzeros =       0 /     128             (  0.00%) | total_pruned =     128 | shape = torch.Size([128])
1.7.1.7.1.7.1.7.1.2.weight | nonzeros =      55 /     128             ( 42.97%) | total_pruned =      73 | shape = torch.Size([128])
1.7.1.7.1.7.1.7.1.2.bias | nonzeros =       0 /     128             (  0.00%) | total_pruned =     128 | shape = torch.Size([128])
1.7.1.7.1.7.1.7.1.4.1.weight | nonzeros =       0 /  409600             (  0.00%) | total_pruned =  409600 | shape = torch.Size([128, 128, 5, 5])
1.7.1.7.1.7.1.7.1.4.1.bias | nonzeros =       0 /     128             (  0.00%) | total_pruned =     128 | shape = torch.Size([128])
1.7.1.7.1.7.1.7.1.5.weight | nonzeros =      89 /     128             ( 69.53%) | total_pruned =      39 | shape = torch.Size([128])
1.7.1.7.1.7.1.7.1.5.bias | nonzeros =       0 /     128             (  0.00%) | total_pruned =     128 | shape = torch.Size([128])
1.7.1.7.1.7.1.7.1.7.1.1.1.weight | nonzeros =       0 /  409600             (  0.00%) | total_pruned =  409600 | shape = torch.Size([128, 128, 5, 5])
1.7.1.7.1.7.1.7.1.7.1.1.1.bias | nonzeros =       0 /     128             (  0.00%) | total_pruned =     128 | shape = torch.Size([128])
1.7.1.7.1.7.1.7.1.7.1.2.weight | nonzeros =     103 /     128             ( 80.47%) | total_pruned =      25 | shape = torch.Size([128])
1.7.1.7.1.7.1.7.1.7.1.2.bias | nonzeros =       0 /     128             (  0.00%) | total_pruned =     128 | shape = torch.Size([128])
1.7.1.7.1.7.1.7.1.7.1.4.1.weight | nonzeros =     256 /  409600             (  0.06%) | total_pruned =  409344 | shape = torch.Size([128, 128, 5, 5])
1.7.1.7.1.7.1.7.1.7.1.4.1.bias | nonzeros =       0 /     128             (  0.00%) | total_pruned =     128 | shape = torch.Size([128])
1.7.1.7.1.7.1.7.1.7.1.5.weight | nonzeros =      80 /     128             ( 62.50%) | total_pruned =      48 | shape = torch.Size([128])
1.7.1.7.1.7.1.7.1.7.1.5.bias | nonzeros =       0 /     128             (  0.00%) | total_pruned =     128 | shape = torch.Size([128])
1.7.1.7.1.7.1.7.1.7.2.weight | nonzeros =      80 /     128             ( 62.50%) | total_pruned =      48 | shape = torch.Size([128])
1.7.1.7.1.7.1.7.1.7.2.bias | nonzeros =       0 /     128             (  0.00%) | total_pruned =     128 | shape = torch.Size([128])
1.7.1.7.1.7.1.7.1.7.3.1.weight | nonzeros =   13098 /  147456             (  8.88%) | total_pruned =  134358 | shape = torch.Size([128, 128, 3, 3])
1.7.1.7.1.7.1.7.1.7.3.1.bias | nonzeros =       0 /     128             (  0.00%) | total_pruned =     128 | shape = torch.Size([128])
1.7.1.7.1.7.1.7.1.7.4.weight | nonzeros =      86 /     128             ( 67.19%) | total_pruned =      42 | shape = torch.Size([128])
1.7.1.7.1.7.1.7.1.7.4.bias | nonzeros =       0 /     128             (  0.00%) | total_pruned =     128 | shape = torch.Size([128])
1.7.1.7.1.7.1.7.2.weight | nonzeros =      86 /     128             ( 67.19%) | total_pruned =      42 | shape = torch.Size([128])
1.7.1.7.1.7.1.7.2.bias | nonzeros =       0 /     128             (  0.00%) | total_pruned =     128 | shape = torch.Size([128])
1.7.1.7.1.7.1.7.3.1.weight | nonzeros =   17743 /  147456             ( 12.03%) | total_pruned =  129713 | shape = torch.Size([128, 128, 3, 3])
1.7.1.7.1.7.1.7.3.1.bias | nonzeros =       0 /     128             (  0.00%) | total_pruned =     128 | shape = torch.Size([128])
1.7.1.7.1.7.1.7.4.weight | nonzeros =      92 /     128             ( 71.88%) | total_pruned =      36 | shape = torch.Size([128])
1.7.1.7.1.7.1.7.4.bias | nonzeros =       0 /     128             (  0.00%) | total_pruned =     128 | shape = torch.Size([128])
1.7.1.7.1.7.2.weight | nonzeros =      92 /     128             ( 71.88%) | total_pruned =      36 | shape = torch.Size([128])
1.7.1.7.1.7.2.bias   | nonzeros =       0 /     128             (  0.00%) | total_pruned =     128 | shape = torch.Size([128])
1.7.1.7.1.7.3.1.weight | nonzeros =   16927 /  147456             ( 11.48%) | total_pruned =  130529 | shape = torch.Size([128, 128, 3, 3])
1.7.1.7.1.7.3.1.bias | nonzeros =       0 /     128             (  0.00%) | total_pruned =     128 | shape = torch.Size([128])
1.7.1.7.1.7.4.weight | nonzeros =      89 /     128             ( 69.53%) | total_pruned =      39 | shape = torch.Size([128])
1.7.1.7.1.7.4.bias   | nonzeros =       0 /     128             (  0.00%) | total_pruned =     128 | shape = torch.Size([128])
1.7.1.7.2.weight     | nonzeros =      89 /     128             ( 69.53%) | total_pruned =      39 | shape = torch.Size([128])
1.7.1.7.2.bias       | nonzeros =       0 /     128             (  0.00%) | total_pruned =     128 | shape = torch.Size([128])
1.7.1.7.3.1.weight   | nonzeros =    7460 /   73728             ( 10.12%) | total_pruned =   66268 | shape = torch.Size([64, 128, 3, 3])
1.7.1.7.3.1.bias     | nonzeros =       0 /      64             (  0.00%) | total_pruned =      64 | shape = torch.Size([64])
1.7.1.7.4.weight     | nonzeros =      32 /      64             ( 50.00%) | total_pruned =      32 | shape = torch.Size([64])
1.7.1.7.4.bias       | nonzeros =       0 /      64             (  0.00%) | total_pruned =      64 | shape = torch.Size([64])
1.7.2.weight         | nonzeros =      32 /      64             ( 50.00%) | total_pruned =      32 | shape = torch.Size([64])
1.7.2.bias           | nonzeros =       0 /      64             (  0.00%) | total_pruned =      64 | shape = torch.Size([64])
1.7.3.1.weight       | nonzeros =    2430 /   18432             ( 13.18%) | total_pruned =   16002 | shape = torch.Size([32, 64, 3, 3])
1.7.3.1.bias         | nonzeros =       0 /      32             (  0.00%) | total_pruned =      32 | shape = torch.Size([32])
1.7.4.weight         | nonzeros =      22 /      32             ( 68.75%) | total_pruned =      10 | shape = torch.Size([32])
1.7.4.bias           | nonzeros =       0 /      32             (  0.00%) | total_pruned =      32 | shape = torch.Size([32])
2.weight             | nonzeros =      22 /      32             ( 68.75%) | total_pruned =      10 | shape = torch.Size([32])
2.bias               | nonzeros =       0 /      32             (  0.00%) | total_pruned =      32 | shape = torch.Size([32])
3.1.weight           | nonzeros =    1131 /    4608             ( 24.54%) | total_pruned =    3477 | shape = torch.Size([16, 32, 3, 3])
3.1.bias             | nonzeros =       0 /      16             (  0.00%) | total_pruned =      16 | shape = torch.Size([16])
4.weight             | nonzeros =      15 /      16             ( 93.75%) | total_pruned =       1 | shape = torch.Size([16])
4.bias               | nonzeros =       0 /      16             (  0.00%) | total_pruned =      16 | shape = torch.Size([16])
6.1.weight           | nonzeros =      23 /      48             ( 47.92%) | total_pruned =      25 | shape = torch.Size([3, 16, 1, 1])
6.1.bias             | nonzeros =       1 /       3             ( 33.33%) | total_pruned =       2 | shape = torch.Size([3])
alive: 60177, pruned : 2948690, total: 3008867, Compression rate :      50.00x  ( 98.00% pruned)
PSNR of output image is:  14.633127903659917
Experiment done
