(3, 256, 256)
Noisy PSNR is '20.318004740549664'
(3, 256, 256) (3, 256, 256) torch.Size([1, 32, 256, 256])
Output directory: data/denoising/Set14/mask/3/sparsity/det/0.05/1e-09/early
epoch:  0 quantization_loss:  0.08299849182367325
p mean is: tensor(-0.0005, device='cuda:2')
epoch:  1000 quantization_loss:  0.07411903887987137
p mean is: tensor(-0.0125, device='cuda:2')
epoch:  2000 quantization_loss:  0.07211318612098694
p mean is: tensor(-0.0230, device='cuda:2')
epoch:  3000 quantization_loss:  0.07213954627513885
p mean is: tensor(-0.0348, device='cuda:2')
epoch:  4000 quantization_loss:  0.07255535572767258
p mean is: tensor(-0.0473, device='cuda:2')
epoch:  5000 quantization_loss:  0.07137798517942429
p mean is: tensor(-0.0600, device='cuda:2')
epoch:  6000 quantization_loss:  0.072071872651577
p mean is: tensor(-0.0734, device='cuda:2')
epoch:  7000 quantization_loss:  0.0710287094116211
p mean is: tensor(-0.0876, device='cuda:2')
epoch:  8000 quantization_loss:  0.07054653018712997
p mean is: tensor(-0.1023, device='cuda:2')
epoch:  9000 quantization_loss:  0.07057750225067139
p mean is: tensor(-0.1179, device='cuda:2')
epoch:  10000 quantization_loss:  0.07216367870569229
p mean is: tensor(-0.1339, device='cuda:2')
epoch:  11000 quantization_loss:  0.07089008390903473
p mean is: tensor(-0.1503, device='cuda:2')
epoch:  12000 quantization_loss:  0.07062853127717972
p mean is: tensor(-0.1665, device='cuda:2')
epoch:  13000 quantization_loss:  0.07129368185997009
p mean is: tensor(-0.1829, device='cuda:2')
epoch:  14000 quantization_loss:  0.07136523723602295
p mean is: tensor(-0.1993, device='cuda:2')
epoch:  15000 quantization_loss:  0.07166258990764618
p mean is: tensor(-0.2166, device='cuda:2')
epoch:  16000 quantization_loss:  0.07032416015863419
p mean is: tensor(-0.2342, device='cuda:2')
epoch:  17000 quantization_loss:  0.0708889365196228
p mean is: tensor(-0.2520, device='cuda:2')
epoch:  18000 quantization_loss:  0.07080325484275818
p mean is: tensor(-0.2700, device='cuda:2')
epoch:  19000 quantization_loss:  0.07032450288534164
p mean is: tensor(-0.2881, device='cuda:2')
epoch:  20000 quantization_loss:  0.06633388251066208
p mean is: tensor(-0.3065, device='cuda:2')
epoch:  21000 quantization_loss:  0.05846158787608147
p mean is: tensor(-0.3285, device='cuda:2')
epoch:  22000 quantization_loss:  0.05044936761260033
p mean is: tensor(-0.3565, device='cuda:2')
epoch:  23000 quantization_loss:  0.04625432565808296
p mean is: tensor(-0.3934, device='cuda:2')
epoch:  24000 quantization_loss:  0.040540385991334915
p mean is: tensor(-0.4414, device='cuda:2')
epoch:  25000 quantization_loss:  0.03731543943285942
p mean is: tensor(-0.5034, device='cuda:2')
epoch:  26000 quantization_loss:  0.035806044936180115
p mean is: tensor(-0.5820, device='cuda:2')
epoch:  27000 quantization_loss:  0.03478775545954704
p mean is: tensor(-0.6787, device='cuda:2')
epoch:  28000 quantization_loss:  0.0335930734872818
p mean is: tensor(-0.7930, device='cuda:2')
epoch:  29000 quantization_loss:  0.029293859377503395
p mean is: tensor(-0.9210, device='cuda:2')
epoch:  30000 quantization_loss:  0.02825779840350151
p mean is: tensor(-1.0558, device='cuda:2')
epoch:  31000 quantization_loss:  0.02714821696281433
p mean is: tensor(-1.1920, device='cuda:2')
epoch:  32000 quantization_loss:  0.02621893770992756
p mean is: tensor(-1.3238, device='cuda:2')
epoch:  33000 quantization_loss:  0.025742923840880394
p mean is: tensor(-1.4474, device='cuda:2')
epoch:  34000 quantization_loss:  0.024820813909173012
p mean is: tensor(-1.5605, device='cuda:2')
epoch:  35000 quantization_loss:  0.024465229362249374
p mean is: tensor(-1.6629, device='cuda:2')
epoch:  36000 quantization_loss:  0.02413420006632805
p mean is: tensor(-1.7552, device='cuda:2')
epoch:  37000 quantization_loss:  0.02362552285194397
p mean is: tensor(-1.8378, device='cuda:2')
epoch:  38000 quantization_loss:  0.02315877377986908
p mean is: tensor(-1.9122, device='cuda:2')
epoch:  39000 quantization_loss:  0.022923722863197327
p mean is: tensor(-1.9792, device='cuda:2')
epoch:  40000 quantization_loss:  0.022464504465460777
p mean is: tensor(-2.0395, device='cuda:2')
epoch:  41000 quantization_loss:  0.022284522652626038
p mean is: tensor(-2.0940, device='cuda:2')
epoch:  42000 quantization_loss:  0.021969418972730637
p mean is: tensor(-2.1433, device='cuda:2')
epoch:  43000 quantization_loss:  0.02168124169111252
p mean is: tensor(-2.1881, device='cuda:2')
epoch:  44000 quantization_loss:  0.021540161222219467
p mean is: tensor(-2.2290, device='cuda:2')
epoch:  45000 quantization_loss:  0.021410247310996056
p mean is: tensor(-2.2665, device='cuda:2')
epoch:  46000 quantization_loss:  0.02115263044834137
p mean is: tensor(-2.3010, device='cuda:2')
epoch:  47000 quantization_loss:  0.021012911573052406
p mean is: tensor(-2.3328, device='cuda:2')
epoch:  48000 quantization_loss:  0.020893314853310585
p mean is: tensor(-2.3622, device='cuda:2')
epoch:  49000 quantization_loss:  0.020775403827428818
p mean is: tensor(-2.3893, device='cuda:2')
epoch:  50000 quantization_loss:  0.020631123334169388
p mean is: tensor(-2.4144, device='cuda:2')
epoch:  51000 quantization_loss:  0.020569074898958206
p mean is: tensor(-2.4378, device='cuda:2')
epoch:  52000 quantization_loss:  0.02049325965344906
p mean is: tensor(-2.4596, device='cuda:2')
epoch:  53000 quantization_loss:  0.020406896248459816
p mean is: tensor(-2.4799, device='cuda:2')
epoch:  54000 quantization_loss:  0.020442156121134758
p mean is: tensor(-2.4989, device='cuda:2')
epoch:  55000 quantization_loss:  0.020298784598708153
p mean is: tensor(-2.5167, device='cuda:2')
epoch:  56000 quantization_loss:  0.020223747938871384
p mean is: tensor(-2.5334, device='cuda:2')
epoch:  57000 quantization_loss:  0.020203130319714546
p mean is: tensor(-2.5489, device='cuda:2')
epoch:  58000 quantization_loss:  0.020127397030591965
p mean is: tensor(-2.5636, device='cuda:2')
epoch:  59000 quantization_loss:  0.020071547478437424
p mean is: tensor(-2.5774, device='cuda:2')
Number of elements to keep: 150443
Threshold value: -1.987674355506897
Number of elements equal to threshold: 1
Number of elements to randomly select: 1
Actual sparsity achieved: 0.04999988367714492
Number of elements to keep: 150443
Threshold value: -1.987674355506897
Number of elements equal to threshold: 1
Number of elements to randomly select: 1
Actual sparsity achieved: 0.04999988367714492
1.1.1.weight         | nonzeros =     931 /   12800             (  7.27%) | total_pruned =   11869 | shape = torch.Size([16, 32, 5, 5])
1.1.1.bias           | nonzeros =       0 /      16             (  0.00%) | total_pruned =      16 | shape = torch.Size([16])
1.2.weight           | nonzeros =       9 /      16             ( 56.25%) | total_pruned =       7 | shape = torch.Size([16])
1.2.bias             | nonzeros =       0 /      16             (  0.00%) | total_pruned =      16 | shape = torch.Size([16])
1.4.1.weight         | nonzeros =     305 /    6400             (  4.77%) | total_pruned =    6095 | shape = torch.Size([16, 16, 5, 5])
1.4.1.bias           | nonzeros =       0 /      16             (  0.00%) | total_pruned =      16 | shape = torch.Size([16])
1.5.weight           | nonzeros =      10 /      16             ( 62.50%) | total_pruned =       6 | shape = torch.Size([16])
1.5.bias             | nonzeros =       0 /      16             (  0.00%) | total_pruned =      16 | shape = torch.Size([16])
1.7.1.1.1.weight     | nonzeros =     294 /   12800             (  2.30%) | total_pruned =   12506 | shape = torch.Size([32, 16, 5, 5])
1.7.1.1.1.bias       | nonzeros =       0 /      32             (  0.00%) | total_pruned =      32 | shape = torch.Size([32])
1.7.1.2.weight       | nonzeros =      21 /      32             ( 65.62%) | total_pruned =      11 | shape = torch.Size([32])
1.7.1.2.bias         | nonzeros =       0 /      32             (  0.00%) | total_pruned =      32 | shape = torch.Size([32])
1.7.1.4.1.weight     | nonzeros =     350 /   25600             (  1.37%) | total_pruned =   25250 | shape = torch.Size([32, 32, 5, 5])
1.7.1.4.1.bias       | nonzeros =       0 /      32             (  0.00%) | total_pruned =      32 | shape = torch.Size([32])
1.7.1.5.weight       | nonzeros =      21 /      32             ( 65.62%) | total_pruned =      11 | shape = torch.Size([32])
1.7.1.5.bias         | nonzeros =       0 /      32             (  0.00%) | total_pruned =      32 | shape = torch.Size([32])
1.7.1.7.1.1.1.weight | nonzeros =     474 /   51200             (  0.93%) | total_pruned =   50726 | shape = torch.Size([64, 32, 5, 5])
1.7.1.7.1.1.1.bias   | nonzeros =       0 /      64             (  0.00%) | total_pruned =      64 | shape = torch.Size([64])
1.7.1.7.1.2.weight   | nonzeros =      42 /      64             ( 65.62%) | total_pruned =      22 | shape = torch.Size([64])
1.7.1.7.1.2.bias     | nonzeros =       0 /      64             (  0.00%) | total_pruned =      64 | shape = torch.Size([64])
1.7.1.7.1.4.1.weight | nonzeros =     675 /  102400             (  0.66%) | total_pruned =  101725 | shape = torch.Size([64, 64, 5, 5])
1.7.1.7.1.4.1.bias   | nonzeros =       0 /      64             (  0.00%) | total_pruned =      64 | shape = torch.Size([64])
1.7.1.7.1.5.weight   | nonzeros =      38 /      64             ( 59.38%) | total_pruned =      26 | shape = torch.Size([64])
1.7.1.7.1.5.bias     | nonzeros =       0 /      64             (  0.00%) | total_pruned =      64 | shape = torch.Size([64])
1.7.1.7.1.7.1.1.1.weight | nonzeros =    1046 /  204800             (  0.51%) | total_pruned =  203754 | shape = torch.Size([128, 64, 5, 5])
1.7.1.7.1.7.1.1.1.bias | nonzeros =       0 /     128             (  0.00%) | total_pruned =     128 | shape = torch.Size([128])
1.7.1.7.1.7.1.2.weight | nonzeros =      59 /     128             ( 46.09%) | total_pruned =      69 | shape = torch.Size([128])
1.7.1.7.1.7.1.2.bias | nonzeros =       0 /     128             (  0.00%) | total_pruned =     128 | shape = torch.Size([128])
1.7.1.7.1.7.1.4.1.weight | nonzeros =    1710 /  409600             (  0.42%) | total_pruned =  407890 | shape = torch.Size([128, 128, 5, 5])
1.7.1.7.1.7.1.4.1.bias | nonzeros =       0 /     128             (  0.00%) | total_pruned =     128 | shape = torch.Size([128])
1.7.1.7.1.7.1.5.weight | nonzeros =      53 /     128             ( 41.41%) | total_pruned =      75 | shape = torch.Size([128])
1.7.1.7.1.7.1.5.bias | nonzeros =       0 /     128             (  0.00%) | total_pruned =     128 | shape = torch.Size([128])
1.7.1.7.1.7.1.7.1.1.1.weight | nonzeros =    3231 /  409600             (  0.79%) | total_pruned =  406369 | shape = torch.Size([128, 128, 5, 5])
1.7.1.7.1.7.1.7.1.1.1.bias | nonzeros =       0 /     128             (  0.00%) | total_pruned =     128 | shape = torch.Size([128])
1.7.1.7.1.7.1.7.1.2.weight | nonzeros =      60 /     128             ( 46.88%) | total_pruned =      68 | shape = torch.Size([128])
1.7.1.7.1.7.1.7.1.2.bias | nonzeros =       0 /     128             (  0.00%) | total_pruned =     128 | shape = torch.Size([128])
1.7.1.7.1.7.1.7.1.4.1.weight | nonzeros =    7647 /  409600             (  1.87%) | total_pruned =  401953 | shape = torch.Size([128, 128, 5, 5])
1.7.1.7.1.7.1.7.1.4.1.bias | nonzeros =       0 /     128             (  0.00%) | total_pruned =     128 | shape = torch.Size([128])
1.7.1.7.1.7.1.7.1.5.weight | nonzeros =      75 /     128             ( 58.59%) | total_pruned =      53 | shape = torch.Size([128])
1.7.1.7.1.7.1.7.1.5.bias | nonzeros =       0 /     128             (  0.00%) | total_pruned =     128 | shape = torch.Size([128])
1.7.1.7.1.7.1.7.1.7.1.1.1.weight | nonzeros =   18362 /  409600             (  4.48%) | total_pruned =  391238 | shape = torch.Size([128, 128, 5, 5])
1.7.1.7.1.7.1.7.1.7.1.1.1.bias | nonzeros =       0 /     128             (  0.00%) | total_pruned =     128 | shape = torch.Size([128])
1.7.1.7.1.7.1.7.1.7.1.2.weight | nonzeros =      82 /     128             ( 64.06%) | total_pruned =      46 | shape = torch.Size([128])
1.7.1.7.1.7.1.7.1.7.1.2.bias | nonzeros =       0 /     128             (  0.00%) | total_pruned =     128 | shape = torch.Size([128])
1.7.1.7.1.7.1.7.1.7.1.4.1.weight | nonzeros =   32534 /  409600             (  7.94%) | total_pruned =  377066 | shape = torch.Size([128, 128, 5, 5])
1.7.1.7.1.7.1.7.1.7.1.4.1.bias | nonzeros =       0 /     128             (  0.00%) | total_pruned =     128 | shape = torch.Size([128])
1.7.1.7.1.7.1.7.1.7.1.5.weight | nonzeros =      72 /     128             ( 56.25%) | total_pruned =      56 | shape = torch.Size([128])
1.7.1.7.1.7.1.7.1.7.1.5.bias | nonzeros =       0 /     128             (  0.00%) | total_pruned =     128 | shape = torch.Size([128])
1.7.1.7.1.7.1.7.1.7.2.weight | nonzeros =      72 /     128             ( 56.25%) | total_pruned =      56 | shape = torch.Size([128])
1.7.1.7.1.7.1.7.1.7.2.bias | nonzeros =       0 /     128             (  0.00%) | total_pruned =     128 | shape = torch.Size([128])
1.7.1.7.1.7.1.7.1.7.3.1.weight | nonzeros =   18349 /  147456             ( 12.44%) | total_pruned =  129107 | shape = torch.Size([128, 128, 3, 3])
1.7.1.7.1.7.1.7.1.7.3.1.bias | nonzeros =       0 /     128             (  0.00%) | total_pruned =     128 | shape = torch.Size([128])
1.7.1.7.1.7.1.7.1.7.4.weight | nonzeros =      64 /     128             ( 50.00%) | total_pruned =      64 | shape = torch.Size([128])
1.7.1.7.1.7.1.7.1.7.4.bias | nonzeros =       0 /     128             (  0.00%) | total_pruned =     128 | shape = torch.Size([128])
1.7.1.7.1.7.1.7.2.weight | nonzeros =      64 /     128             ( 50.00%) | total_pruned =      64 | shape = torch.Size([128])
1.7.1.7.1.7.1.7.2.bias | nonzeros =       0 /     128             (  0.00%) | total_pruned =     128 | shape = torch.Size([128])
1.7.1.7.1.7.1.7.3.1.weight | nonzeros =   22867 /  147456             ( 15.51%) | total_pruned =  124589 | shape = torch.Size([128, 128, 3, 3])
1.7.1.7.1.7.1.7.3.1.bias | nonzeros =       0 /     128             (  0.00%) | total_pruned =     128 | shape = torch.Size([128])
1.7.1.7.1.7.1.7.4.weight | nonzeros =      86 /     128             ( 67.19%) | total_pruned =      42 | shape = torch.Size([128])
1.7.1.7.1.7.1.7.4.bias | nonzeros =       0 /     128             (  0.00%) | total_pruned =     128 | shape = torch.Size([128])
1.7.1.7.1.7.2.weight | nonzeros =      86 /     128             ( 67.19%) | total_pruned =      42 | shape = torch.Size([128])
1.7.1.7.1.7.2.bias   | nonzeros =       0 /     128             (  0.00%) | total_pruned =     128 | shape = torch.Size([128])
1.7.1.7.1.7.3.1.weight | nonzeros =   27091 /  147456             ( 18.37%) | total_pruned =  120365 | shape = torch.Size([128, 128, 3, 3])
1.7.1.7.1.7.3.1.bias | nonzeros =       0 /     128             (  0.00%) | total_pruned =     128 | shape = torch.Size([128])
1.7.1.7.1.7.4.weight | nonzeros =      79 /     128             ( 61.72%) | total_pruned =      49 | shape = torch.Size([128])
1.7.1.7.1.7.4.bias   | nonzeros =       0 /     128             (  0.00%) | total_pruned =     128 | shape = torch.Size([128])
1.7.1.7.2.weight     | nonzeros =      78 /     128             ( 60.94%) | total_pruned =      50 | shape = torch.Size([128])
1.7.1.7.2.bias       | nonzeros =       0 /     128             (  0.00%) | total_pruned =     128 | shape = torch.Size([128])
1.7.1.7.3.1.weight   | nonzeros =   10450 /   73728             ( 14.17%) | total_pruned =   63278 | shape = torch.Size([64, 128, 3, 3])
1.7.1.7.3.1.bias     | nonzeros =       0 /      64             (  0.00%) | total_pruned =      64 | shape = torch.Size([64])
1.7.1.7.4.weight     | nonzeros =      33 /      64             ( 51.56%) | total_pruned =      31 | shape = torch.Size([64])
1.7.1.7.4.bias       | nonzeros =       0 /      64             (  0.00%) | total_pruned =      64 | shape = torch.Size([64])
1.7.2.weight         | nonzeros =      32 /      64             ( 50.00%) | total_pruned =      32 | shape = torch.Size([64])
1.7.2.bias           | nonzeros =       0 /      64             (  0.00%) | total_pruned =      64 | shape = torch.Size([64])
1.7.3.1.weight       | nonzeros =    2095 /   18432             ( 11.37%) | total_pruned =   16337 | shape = torch.Size([32, 64, 3, 3])
1.7.3.1.bias         | nonzeros =       0 /      32             (  0.00%) | total_pruned =      32 | shape = torch.Size([32])
1.7.4.weight         | nonzeros =      14 /      32             ( 43.75%) | total_pruned =      18 | shape = torch.Size([32])
1.7.4.bias           | nonzeros =       0 /      32             (  0.00%) | total_pruned =      32 | shape = torch.Size([32])
2.weight             | nonzeros =      14 /      32             ( 43.75%) | total_pruned =      18 | shape = torch.Size([32])
2.bias               | nonzeros =       0 /      32             (  0.00%) | total_pruned =      32 | shape = torch.Size([32])
3.1.weight           | nonzeros =     829 /    4608             ( 17.99%) | total_pruned =    3779 | shape = torch.Size([16, 32, 3, 3])
3.1.bias             | nonzeros =       0 /      16             (  0.00%) | total_pruned =      16 | shape = torch.Size([16])
4.weight             | nonzeros =      14 /      16             ( 87.50%) | total_pruned =       2 | shape = torch.Size([16])
4.bias               | nonzeros =       0 /      16             (  0.00%) | total_pruned =      16 | shape = torch.Size([16])
6.1.weight           | nonzeros =      25 /      48             ( 52.08%) | total_pruned =      23 | shape = torch.Size([3, 16, 1, 1])
6.1.bias             | nonzeros =       0 /       3             (  0.00%) | total_pruned =       3 | shape = torch.Size([3])
alive: 150443, pruned : 2858424, total: 3008867, Compression rate :      20.00x  ( 95.00% pruned)
(3, 256, 256) (3, 256, 256) (3, 256, 256)
PSNR of output image is:  19.257148328870837
Experiment done
