(3, 256, 256)
Noisy PSNR is '20.486133761773885'
(3, 256, 256) (3, 256, 256) torch.Size([1, 32, 256, 256])
Output directory: data/denoising/Set14/mask/1/sparsity/det/0.05/1e-09/early
epoch:  0 quantization_loss:  0.10220623761415482
p mean is: tensor(-0.0004, device='cuda:0')
epoch:  1000 quantization_loss:  0.07941920310258865
p mean is: tensor(-0.0076, device='cuda:0')
epoch:  2000 quantization_loss:  0.07783260196447372
p mean is: tensor(-0.0123, device='cuda:0')
epoch:  3000 quantization_loss:  0.08099202811717987
p mean is: tensor(-0.0165, device='cuda:0')
epoch:  4000 quantization_loss:  0.07282673567533493
p mean is: tensor(-0.0206, device='cuda:0')
epoch:  5000 quantization_loss:  0.0709151178598404
p mean is: tensor(-0.0253, device='cuda:0')
epoch:  6000 quantization_loss:  0.07180546969175339
p mean is: tensor(-0.0302, device='cuda:0')
epoch:  7000 quantization_loss:  0.07117175310850143
p mean is: tensor(-0.0353, device='cuda:0')
epoch:  8000 quantization_loss:  0.07259050011634827
p mean is: tensor(-0.0409, device='cuda:0')
epoch:  9000 quantization_loss:  0.07127810269594193
p mean is: tensor(-0.0467, device='cuda:0')
epoch:  10000 quantization_loss:  0.07278932631015778
p mean is: tensor(-0.0528, device='cuda:0')
epoch:  11000 quantization_loss:  0.06884825229644775
p mean is: tensor(-0.0591, device='cuda:0')
epoch:  12000 quantization_loss:  0.07238638401031494
p mean is: tensor(-0.0660, device='cuda:0')
epoch:  13000 quantization_loss:  0.07013686001300812
p mean is: tensor(-0.0733, device='cuda:0')
epoch:  14000 quantization_loss:  0.06860948354005814
p mean is: tensor(-0.0808, device='cuda:0')
epoch:  15000 quantization_loss:  0.06127045303583145
p mean is: tensor(-0.0886, device='cuda:0')
epoch:  16000 quantization_loss:  0.04738616198301315
p mean is: tensor(-0.0975, device='cuda:0')
epoch:  17000 quantization_loss:  0.035687632858753204
p mean is: tensor(-0.1090, device='cuda:0')
epoch:  18000 quantization_loss:  0.031233353540301323
p mean is: tensor(-0.1239, device='cuda:0')
epoch:  19000 quantization_loss:  0.029950454831123352
p mean is: tensor(-0.1443, device='cuda:0')
epoch:  20000 quantization_loss:  0.027195807546377182
p mean is: tensor(-0.1725, device='cuda:0')
epoch:  21000 quantization_loss:  0.02560894750058651
p mean is: tensor(-0.2106, device='cuda:0')
epoch:  22000 quantization_loss:  0.02446809969842434
p mean is: tensor(-0.2613, device='cuda:0')
epoch:  23000 quantization_loss:  0.023977130651474
p mean is: tensor(-0.3274, device='cuda:0')
epoch:  24000 quantization_loss:  0.023069333285093307
p mean is: tensor(-0.4105, device='cuda:0')
epoch:  25000 quantization_loss:  0.021542642265558243
p mean is: tensor(-0.5108, device='cuda:0')
epoch:  26000 quantization_loss:  0.019906457513570786
p mean is: tensor(-0.6275, device='cuda:0')
epoch:  27000 quantization_loss:  0.01908903568983078
p mean is: tensor(-0.7573, device='cuda:0')
epoch:  28000 quantization_loss:  0.018111493438482285
p mean is: tensor(-0.8953, device='cuda:0')
epoch:  29000 quantization_loss:  0.01734633930027485
p mean is: tensor(-1.0353, device='cuda:0')
epoch:  30000 quantization_loss:  0.016419393941760063
p mean is: tensor(-1.1712, device='cuda:0')
epoch:  31000 quantization_loss:  0.015740247443318367
p mean is: tensor(-1.2992, device='cuda:0')
epoch:  32000 quantization_loss:  0.014986823312938213
p mean is: tensor(-1.4164, device='cuda:0')
epoch:  33000 quantization_loss:  0.014758667908608913
p mean is: tensor(-1.5231, device='cuda:0')
epoch:  34000 quantization_loss:  0.01408376358449459
p mean is: tensor(-1.6200, device='cuda:0')
epoch:  35000 quantization_loss:  0.013672142289578915
p mean is: tensor(-1.7075, device='cuda:0')
epoch:  36000 quantization_loss:  0.01346425712108612
p mean is: tensor(-1.7868, device='cuda:0')
epoch:  37000 quantization_loss:  0.013360502198338509
p mean is: tensor(-1.8585, device='cuda:0')
epoch:  38000 quantization_loss:  0.013094209134578705
p mean is: tensor(-1.9238, device='cuda:0')
epoch:  39000 quantization_loss:  0.012917368672788143
p mean is: tensor(-1.9834, device='cuda:0')
epoch:  40000 quantization_loss:  0.012733424082398415
p mean is: tensor(-2.0380, device='cuda:0')
epoch:  41000 quantization_loss:  0.012708043679594994
p mean is: tensor(-2.0881, device='cuda:0')
epoch:  42000 quantization_loss:  0.012504920363426208
p mean is: tensor(-2.1342, device='cuda:0')
epoch:  43000 quantization_loss:  0.012447756715118885
p mean is: tensor(-2.1766, device='cuda:0')
epoch:  44000 quantization_loss:  0.012299930676817894
p mean is: tensor(-2.2160, device='cuda:0')
epoch:  45000 quantization_loss:  0.012216181494295597
p mean is: tensor(-2.2523, device='cuda:0')
epoch:  46000 quantization_loss:  0.012109330855309963
p mean is: tensor(-2.2860, device='cuda:0')
epoch:  47000 quantization_loss:  0.012046263553202152
p mean is: tensor(-2.3172, device='cuda:0')
epoch:  48000 quantization_loss:  0.01249975711107254
p mean is: tensor(-2.3462, device='cuda:0')
epoch:  49000 quantization_loss:  0.012004228308796883
p mean is: tensor(-2.3732, device='cuda:0')
epoch:  50000 quantization_loss:  0.011813085526227951
p mean is: tensor(-2.3985, device='cuda:0')
epoch:  51000 quantization_loss:  0.01173221506178379
p mean is: tensor(-2.4221, device='cuda:0')
epoch:  52000 quantization_loss:  0.011675749905407429
p mean is: tensor(-2.4441, device='cuda:0')
epoch:  53000 quantization_loss:  0.011623837985098362
p mean is: tensor(-2.4649, device='cuda:0')
epoch:  54000 quantization_loss:  0.011618347838521004
p mean is: tensor(-2.4844, device='cuda:0')
epoch:  55000 quantization_loss:  0.011581646278500557
p mean is: tensor(-2.5027, device='cuda:0')
epoch:  56000 quantization_loss:  0.011530367657542229
p mean is: tensor(-2.5199, device='cuda:0')
epoch:  57000 quantization_loss:  0.011456944979727268
p mean is: tensor(-2.5363, device='cuda:0')
epoch:  58000 quantization_loss:  0.011481005698442459
p mean is: tensor(-2.5517, device='cuda:0')
epoch:  59000 quantization_loss:  0.011475691571831703
p mean is: tensor(-2.5663, device='cuda:0')
Number of elements to keep: 150443
Threshold value: -1.849022388458252
Number of elements equal to threshold: 1
Number of elements to randomly select: 1
Actual sparsity achieved: 0.04999988367714492
Number of elements to keep: 150443
Threshold value: -1.849022388458252
Number of elements equal to threshold: 1
Number of elements to randomly select: 1
Actual sparsity achieved: 0.04999988367714492
1.1.1.weight         | nonzeros =    1248 /   12800             (  9.75%) | total_pruned =   11552 | shape = torch.Size([16, 32, 5, 5])
1.1.1.bias           | nonzeros =       0 /      16             (  0.00%) | total_pruned =      16 | shape = torch.Size([16])
1.2.weight           | nonzeros =      12 /      16             ( 75.00%) | total_pruned =       4 | shape = torch.Size([16])
1.2.bias             | nonzeros =       0 /      16             (  0.00%) | total_pruned =      16 | shape = torch.Size([16])
1.4.1.weight         | nonzeros =     304 /    6400             (  4.75%) | total_pruned =    6096 | shape = torch.Size([16, 16, 5, 5])
1.4.1.bias           | nonzeros =       0 /      16             (  0.00%) | total_pruned =      16 | shape = torch.Size([16])
1.5.weight           | nonzeros =      11 /      16             ( 68.75%) | total_pruned =       5 | shape = torch.Size([16])
1.5.bias             | nonzeros =       0 /      16             (  0.00%) | total_pruned =      16 | shape = torch.Size([16])
1.7.1.1.1.weight     | nonzeros =     232 /   12800             (  1.81%) | total_pruned =   12568 | shape = torch.Size([32, 16, 5, 5])
1.7.1.1.1.bias       | nonzeros =       0 /      32             (  0.00%) | total_pruned =      32 | shape = torch.Size([32])
1.7.1.2.weight       | nonzeros =      21 /      32             ( 65.62%) | total_pruned =      11 | shape = torch.Size([32])
1.7.1.2.bias         | nonzeros =       0 /      32             (  0.00%) | total_pruned =      32 | shape = torch.Size([32])
1.7.1.4.1.weight     | nonzeros =     349 /   25600             (  1.36%) | total_pruned =   25251 | shape = torch.Size([32, 32, 5, 5])
1.7.1.4.1.bias       | nonzeros =       0 /      32             (  0.00%) | total_pruned =      32 | shape = torch.Size([32])
1.7.1.5.weight       | nonzeros =      18 /      32             ( 56.25%) | total_pruned =      14 | shape = torch.Size([32])
1.7.1.5.bias         | nonzeros =       0 /      32             (  0.00%) | total_pruned =      32 | shape = torch.Size([32])
1.7.1.7.1.1.1.weight | nonzeros =     512 /   51200             (  1.00%) | total_pruned =   50688 | shape = torch.Size([64, 32, 5, 5])
1.7.1.7.1.1.1.bias   | nonzeros =       0 /      64             (  0.00%) | total_pruned =      64 | shape = torch.Size([64])
1.7.1.7.1.2.weight   | nonzeros =      36 /      64             ( 56.25%) | total_pruned =      28 | shape = torch.Size([64])
1.7.1.7.1.2.bias     | nonzeros =       0 /      64             (  0.00%) | total_pruned =      64 | shape = torch.Size([64])
1.7.1.7.1.4.1.weight | nonzeros =     758 /  102400             (  0.74%) | total_pruned =  101642 | shape = torch.Size([64, 64, 5, 5])
1.7.1.7.1.4.1.bias   | nonzeros =       0 /      64             (  0.00%) | total_pruned =      64 | shape = torch.Size([64])
1.7.1.7.1.5.weight   | nonzeros =      43 /      64             ( 67.19%) | total_pruned =      21 | shape = torch.Size([64])
1.7.1.7.1.5.bias     | nonzeros =       0 /      64             (  0.00%) | total_pruned =      64 | shape = torch.Size([64])
1.7.1.7.1.7.1.1.1.weight | nonzeros =    1130 /  204800             (  0.55%) | total_pruned =  203670 | shape = torch.Size([128, 64, 5, 5])
1.7.1.7.1.7.1.1.1.bias | nonzeros =       0 /     128             (  0.00%) | total_pruned =     128 | shape = torch.Size([128])
1.7.1.7.1.7.1.2.weight | nonzeros =      73 /     128             ( 57.03%) | total_pruned =      55 | shape = torch.Size([128])
1.7.1.7.1.7.1.2.bias | nonzeros =       0 /     128             (  0.00%) | total_pruned =     128 | shape = torch.Size([128])
1.7.1.7.1.7.1.4.1.weight | nonzeros =    1859 /  409600             (  0.45%) | total_pruned =  407741 | shape = torch.Size([128, 128, 5, 5])
1.7.1.7.1.7.1.4.1.bias | nonzeros =       0 /     128             (  0.00%) | total_pruned =     128 | shape = torch.Size([128])
1.7.1.7.1.7.1.5.weight | nonzeros =      72 /     128             ( 56.25%) | total_pruned =      56 | shape = torch.Size([128])
1.7.1.7.1.7.1.5.bias | nonzeros =       0 /     128             (  0.00%) | total_pruned =     128 | shape = torch.Size([128])
1.7.1.7.1.7.1.7.1.1.1.weight | nonzeros =    3114 /  409600             (  0.76%) | total_pruned =  406486 | shape = torch.Size([128, 128, 5, 5])
1.7.1.7.1.7.1.7.1.1.1.bias | nonzeros =       0 /     128             (  0.00%) | total_pruned =     128 | shape = torch.Size([128])
1.7.1.7.1.7.1.7.1.2.weight | nonzeros =      69 /     128             ( 53.91%) | total_pruned =      59 | shape = torch.Size([128])
1.7.1.7.1.7.1.7.1.2.bias | nonzeros =       0 /     128             (  0.00%) | total_pruned =     128 | shape = torch.Size([128])
1.7.1.7.1.7.1.7.1.4.1.weight | nonzeros =    6265 /  409600             (  1.53%) | total_pruned =  403335 | shape = torch.Size([128, 128, 5, 5])
1.7.1.7.1.7.1.7.1.4.1.bias | nonzeros =       0 /     128             (  0.00%) | total_pruned =     128 | shape = torch.Size([128])
1.7.1.7.1.7.1.7.1.5.weight | nonzeros =      71 /     128             ( 55.47%) | total_pruned =      57 | shape = torch.Size([128])
1.7.1.7.1.7.1.7.1.5.bias | nonzeros =       0 /     128             (  0.00%) | total_pruned =     128 | shape = torch.Size([128])
1.7.1.7.1.7.1.7.1.7.1.1.1.weight | nonzeros =   15249 /  409600             (  3.72%) | total_pruned =  394351 | shape = torch.Size([128, 128, 5, 5])
1.7.1.7.1.7.1.7.1.7.1.1.1.bias | nonzeros =       0 /     128             (  0.00%) | total_pruned =     128 | shape = torch.Size([128])
1.7.1.7.1.7.1.7.1.7.1.2.weight | nonzeros =      80 /     128             ( 62.50%) | total_pruned =      48 | shape = torch.Size([128])
1.7.1.7.1.7.1.7.1.7.1.2.bias | nonzeros =       0 /     128             (  0.00%) | total_pruned =     128 | shape = torch.Size([128])
1.7.1.7.1.7.1.7.1.7.1.4.1.weight | nonzeros =   33480 /  409600             (  8.17%) | total_pruned =  376120 | shape = torch.Size([128, 128, 5, 5])
1.7.1.7.1.7.1.7.1.7.1.4.1.bias | nonzeros =       0 /     128             (  0.00%) | total_pruned =     128 | shape = torch.Size([128])
1.7.1.7.1.7.1.7.1.7.1.5.weight | nonzeros =      74 /     128             ( 57.81%) | total_pruned =      54 | shape = torch.Size([128])
1.7.1.7.1.7.1.7.1.7.1.5.bias | nonzeros =       0 /     128             (  0.00%) | total_pruned =     128 | shape = torch.Size([128])
1.7.1.7.1.7.1.7.1.7.2.weight | nonzeros =      74 /     128             ( 57.81%) | total_pruned =      54 | shape = torch.Size([128])
1.7.1.7.1.7.1.7.1.7.2.bias | nonzeros =       0 /     128             (  0.00%) | total_pruned =     128 | shape = torch.Size([128])
1.7.1.7.1.7.1.7.1.7.3.1.weight | nonzeros =   21540 /  147456             ( 14.61%) | total_pruned =  125916 | shape = torch.Size([128, 128, 3, 3])
1.7.1.7.1.7.1.7.1.7.3.1.bias | nonzeros =       0 /     128             (  0.00%) | total_pruned =     128 | shape = torch.Size([128])
1.7.1.7.1.7.1.7.1.7.4.weight | nonzeros =      75 /     128             ( 58.59%) | total_pruned =      53 | shape = torch.Size([128])
1.7.1.7.1.7.1.7.1.7.4.bias | nonzeros =       0 /     128             (  0.00%) | total_pruned =     128 | shape = torch.Size([128])
1.7.1.7.1.7.1.7.2.weight | nonzeros =      74 /     128             ( 57.81%) | total_pruned =      54 | shape = torch.Size([128])
1.7.1.7.1.7.1.7.2.bias | nonzeros =       0 /     128             (  0.00%) | total_pruned =     128 | shape = torch.Size([128])
1.7.1.7.1.7.1.7.3.1.weight | nonzeros =   24814 /  147456             ( 16.83%) | total_pruned =  122642 | shape = torch.Size([128, 128, 3, 3])
1.7.1.7.1.7.1.7.3.1.bias | nonzeros =       0 /     128             (  0.00%) | total_pruned =     128 | shape = torch.Size([128])
1.7.1.7.1.7.1.7.4.weight | nonzeros =      86 /     128             ( 67.19%) | total_pruned =      42 | shape = torch.Size([128])
1.7.1.7.1.7.1.7.4.bias | nonzeros =       0 /     128             (  0.00%) | total_pruned =     128 | shape = torch.Size([128])
1.7.1.7.1.7.2.weight | nonzeros =      84 /     128             ( 65.62%) | total_pruned =      44 | shape = torch.Size([128])
1.7.1.7.1.7.2.bias   | nonzeros =       0 /     128             (  0.00%) | total_pruned =     128 | shape = torch.Size([128])
1.7.1.7.1.7.3.1.weight | nonzeros =   25484 /  147456             ( 17.28%) | total_pruned =  121972 | shape = torch.Size([128, 128, 3, 3])
1.7.1.7.1.7.3.1.bias | nonzeros =       0 /     128             (  0.00%) | total_pruned =     128 | shape = torch.Size([128])
1.7.1.7.1.7.4.weight | nonzeros =      78 /     128             ( 60.94%) | total_pruned =      50 | shape = torch.Size([128])
1.7.1.7.1.7.4.bias   | nonzeros =       0 /     128             (  0.00%) | total_pruned =     128 | shape = torch.Size([128])
1.7.1.7.2.weight     | nonzeros =      76 /     128             ( 59.38%) | total_pruned =      52 | shape = torch.Size([128])
1.7.1.7.2.bias       | nonzeros =       0 /     128             (  0.00%) | total_pruned =     128 | shape = torch.Size([128])
1.7.1.7.3.1.weight   | nonzeros =    9596 /   73728             ( 13.02%) | total_pruned =   64132 | shape = torch.Size([64, 128, 3, 3])
1.7.1.7.3.1.bias     | nonzeros =       0 /      64             (  0.00%) | total_pruned =      64 | shape = torch.Size([64])
1.7.1.7.4.weight     | nonzeros =      29 /      64             ( 45.31%) | total_pruned =      35 | shape = torch.Size([64])
1.7.1.7.4.bias       | nonzeros =       0 /      64             (  0.00%) | total_pruned =      64 | shape = torch.Size([64])
1.7.2.weight         | nonzeros =      29 /      64             ( 45.31%) | total_pruned =      35 | shape = torch.Size([64])
1.7.2.bias           | nonzeros =       0 /      64             (  0.00%) | total_pruned =      64 | shape = torch.Size([64])
1.7.3.1.weight       | nonzeros =    2216 /   18432             ( 12.02%) | total_pruned =   16216 | shape = torch.Size([32, 64, 3, 3])
1.7.3.1.bias         | nonzeros =       0 /      32             (  0.00%) | total_pruned =      32 | shape = torch.Size([32])
1.7.4.weight         | nonzeros =      16 /      32             ( 50.00%) | total_pruned =      16 | shape = torch.Size([32])
1.7.4.bias           | nonzeros =       0 /      32             (  0.00%) | total_pruned =      32 | shape = torch.Size([32])
2.weight             | nonzeros =      16 /      32             ( 50.00%) | total_pruned =      16 | shape = torch.Size([32])
2.bias               | nonzeros =       0 /      32             (  0.00%) | total_pruned =      32 | shape = torch.Size([32])
3.1.weight           | nonzeros =    1035 /    4608             ( 22.46%) | total_pruned =    3573 | shape = torch.Size([16, 32, 3, 3])
3.1.bias             | nonzeros =       0 /      16             (  0.00%) | total_pruned =      16 | shape = torch.Size([16])
4.weight             | nonzeros =      15 /      16             ( 93.75%) | total_pruned =       1 | shape = torch.Size([16])
4.bias               | nonzeros =       0 /      16             (  0.00%) | total_pruned =      16 | shape = torch.Size([16])
6.1.weight           | nonzeros =      26 /      48             ( 54.17%) | total_pruned =      22 | shape = torch.Size([3, 16, 1, 1])
6.1.bias             | nonzeros =       0 /       3             (  0.00%) | total_pruned =       3 | shape = torch.Size([3])
alive: 150443, pruned : 2858424, total: 3008867, Compression rate :      20.00x  ( 95.00% pruned)
(3, 256, 256) (3, 256, 256) (3, 256, 256)
PSNR of output image is:  25.219621160202795
Experiment done
