(3, 512, 512)
Noisy PSNR is '20.13626577903178'
(3, 512, 512) (3, 512, 512) torch.Size([1, 32, 512, 512])
Output directory: data/denoising/Set14/mask/6/sparsity/det/0.05/1e-09/early
epoch:  0 quantization_loss:  0.07021380960941315
p mean is: tensor(-0.0005, device='cuda:5')
epoch:  1000 quantization_loss:  0.050678566098213196
p mean is: tensor(-0.0205, device='cuda:5')
epoch:  2000 quantization_loss:  0.049362968653440475
p mean is: tensor(-0.0375, device='cuda:5')
epoch:  3000 quantization_loss:  0.047658905386924744
p mean is: tensor(-0.0551, device='cuda:5')
epoch:  4000 quantization_loss:  0.04810069501399994
p mean is: tensor(-0.0738, device='cuda:5')
epoch:  5000 quantization_loss:  0.04575371742248535
p mean is: tensor(-0.0937, device='cuda:5')
epoch:  6000 quantization_loss:  0.04153544828295708
p mean is: tensor(-0.1156, device='cuda:5')
epoch:  7000 quantization_loss:  0.04100669175386429
p mean is: tensor(-0.1436, device='cuda:5')
epoch:  8000 quantization_loss:  0.04024026542901993
p mean is: tensor(-0.1812, device='cuda:5')
epoch:  9000 quantization_loss:  0.0381355918943882
p mean is: tensor(-0.2318, device='cuda:5')
epoch:  10000 quantization_loss:  0.03659743070602417
p mean is: tensor(-0.2968, device='cuda:5')
epoch:  11000 quantization_loss:  0.03412427380681038
p mean is: tensor(-0.3737, device='cuda:5')
epoch:  12000 quantization_loss:  0.03144301474094391
p mean is: tensor(-0.4628, device='cuda:5')
epoch:  13000 quantization_loss:  0.02984704077243805
p mean is: tensor(-0.5661, device='cuda:5')
epoch:  14000 quantization_loss:  0.028636088594794273
p mean is: tensor(-0.6834, device='cuda:5')
epoch:  15000 quantization_loss:  0.026621418073773384
p mean is: tensor(-0.8115, device='cuda:5')
epoch:  16000 quantization_loss:  0.02483002096414566
p mean is: tensor(-0.9445, device='cuda:5')
epoch:  17000 quantization_loss:  0.02359529212117195
p mean is: tensor(-1.0776, device='cuda:5')
epoch:  18000 quantization_loss:  0.022689353674650192
p mean is: tensor(-1.2063, device='cuda:5')
epoch:  19000 quantization_loss:  0.0218666885048151
p mean is: tensor(-1.3272, device='cuda:5')
epoch:  20000 quantization_loss:  0.020940938964486122
p mean is: tensor(-1.4387, device='cuda:5')
epoch:  21000 quantization_loss:  0.02037140540778637
p mean is: tensor(-1.5402, device='cuda:5')
epoch:  22000 quantization_loss:  0.019728003069758415
p mean is: tensor(-1.6324, device='cuda:5')
epoch:  23000 quantization_loss:  0.01942136324942112
p mean is: tensor(-1.7160, device='cuda:5')
epoch:  24000 quantization_loss:  0.018828483298420906
p mean is: tensor(-1.7917, device='cuda:5')
epoch:  25000 quantization_loss:  0.018401959910988808
p mean is: tensor(-1.8608, device='cuda:5')
epoch:  26000 quantization_loss:  0.018108054995536804
p mean is: tensor(-1.9240, device='cuda:5')
epoch:  27000 quantization_loss:  0.017884373664855957
p mean is: tensor(-1.9820, device='cuda:5')
epoch:  28000 quantization_loss:  0.01763291284441948
p mean is: tensor(-2.0351, device='cuda:5')
epoch:  29000 quantization_loss:  0.017483742907643318
p mean is: tensor(-2.0841, device='cuda:5')
epoch:  30000 quantization_loss:  0.017285434529185295
p mean is: tensor(-2.1293, device='cuda:5')
epoch:  31000 quantization_loss:  0.01714371144771576
p mean is: tensor(-2.1712, device='cuda:5')
epoch:  32000 quantization_loss:  0.017040325328707695
p mean is: tensor(-2.2101, device='cuda:5')
epoch:  33000 quantization_loss:  0.016948403790593147
p mean is: tensor(-2.2461, device='cuda:5')
epoch:  34000 quantization_loss:  0.016828937456011772
p mean is: tensor(-2.2796, device='cuda:5')
epoch:  35000 quantization_loss:  0.01676422916352749
p mean is: tensor(-2.3110, device='cuda:5')
epoch:  36000 quantization_loss:  0.016671638935804367
p mean is: tensor(-2.3403, device='cuda:5')
epoch:  37000 quantization_loss:  0.01656547747552395
p mean is: tensor(-2.3676, device='cuda:5')
epoch:  38000 quantization_loss:  0.016499752178788185
p mean is: tensor(-2.3933, device='cuda:5')
epoch:  39000 quantization_loss:  0.016460923478007317
p mean is: tensor(-2.4173, device='cuda:5')
epoch:  40000 quantization_loss:  0.016385119408369064
p mean is: tensor(-2.4400, device='cuda:5')
epoch:  41000 quantization_loss:  0.016354000195860863
p mean is: tensor(-2.4614, device='cuda:5')
epoch:  42000 quantization_loss:  0.01630622148513794
p mean is: tensor(-2.4815, device='cuda:5')
epoch:  43000 quantization_loss:  0.016282469034194946
p mean is: tensor(-2.5006, device='cuda:5')
epoch:  44000 quantization_loss:  0.016248473897576332
p mean is: tensor(-2.5185, device='cuda:5')
epoch:  45000 quantization_loss:  0.016241345554590225
p mean is: tensor(-2.5355, device='cuda:5')
epoch:  46000 quantization_loss:  0.01618226058781147
p mean is: tensor(-2.5518, device='cuda:5')
epoch:  47000 quantization_loss:  0.016166722401976585
p mean is: tensor(-2.5671, device='cuda:5')
epoch:  48000 quantization_loss:  0.016150236129760742
p mean is: tensor(-2.5817, device='cuda:5')
epoch:  49000 quantization_loss:  0.01612534001469612
p mean is: tensor(-2.5957, device='cuda:5')
epoch:  50000 quantization_loss:  0.016100822016596794
p mean is: tensor(-2.6089, device='cuda:5')
epoch:  51000 quantization_loss:  0.016098523512482643
p mean is: tensor(-2.6215, device='cuda:5')
epoch:  52000 quantization_loss:  0.016076477244496346
p mean is: tensor(-2.6335, device='cuda:5')
epoch:  53000 quantization_loss:  0.016205111518502235
p mean is: tensor(-2.6451, device='cuda:5')
epoch:  54000 quantization_loss:  0.016067571938037872
p mean is: tensor(-2.6561, device='cuda:5')
epoch:  55000 quantization_loss:  0.016045013442635536
p mean is: tensor(-2.6667, device='cuda:5')
epoch:  56000 quantization_loss:  0.016035495325922966
p mean is: tensor(-2.6768, device='cuda:5')
epoch:  57000 quantization_loss:  0.016016000881791115
p mean is: tensor(-2.6865, device='cuda:5')
epoch:  58000 quantization_loss:  0.01603163778781891
p mean is: tensor(-2.6958, device='cuda:5')
epoch:  59000 quantization_loss:  0.01600382849574089
p mean is: tensor(-2.7047, device='cuda:5')
Number of elements to keep: 150443
Threshold value: -1.5387849807739258
Number of elements equal to threshold: 1
Number of elements to randomly select: 1
Actual sparsity achieved: 0.04999988367714492
Number of elements to keep: 150443
Threshold value: -1.5387849807739258
Number of elements equal to threshold: 1
Number of elements to randomly select: 1
Actual sparsity achieved: 0.04999988367714492
1.1.1.weight         | nonzeros =    1356 /   12800             ( 10.59%) | total_pruned =   11444 | shape = torch.Size([16, 32, 5, 5])
1.1.1.bias           | nonzeros =       0 /      16             (  0.00%) | total_pruned =      16 | shape = torch.Size([16])
1.2.weight           | nonzeros =      10 /      16             ( 62.50%) | total_pruned =       6 | shape = torch.Size([16])
1.2.bias             | nonzeros =       0 /      16             (  0.00%) | total_pruned =      16 | shape = torch.Size([16])
1.4.1.weight         | nonzeros =     303 /    6400             (  4.73%) | total_pruned =    6097 | shape = torch.Size([16, 16, 5, 5])
1.4.1.bias           | nonzeros =       0 /      16             (  0.00%) | total_pruned =      16 | shape = torch.Size([16])
1.5.weight           | nonzeros =      12 /      16             ( 75.00%) | total_pruned =       4 | shape = torch.Size([16])
1.5.bias             | nonzeros =       0 /      16             (  0.00%) | total_pruned =      16 | shape = torch.Size([16])
1.7.1.1.1.weight     | nonzeros =     327 /   12800             (  2.55%) | total_pruned =   12473 | shape = torch.Size([32, 16, 5, 5])
1.7.1.1.1.bias       | nonzeros =       0 /      32             (  0.00%) | total_pruned =      32 | shape = torch.Size([32])
1.7.1.2.weight       | nonzeros =      15 /      32             ( 46.88%) | total_pruned =      17 | shape = torch.Size([32])
1.7.1.2.bias         | nonzeros =       0 /      32             (  0.00%) | total_pruned =      32 | shape = torch.Size([32])
1.7.1.4.1.weight     | nonzeros =     411 /   25600             (  1.61%) | total_pruned =   25189 | shape = torch.Size([32, 32, 5, 5])
1.7.1.4.1.bias       | nonzeros =       0 /      32             (  0.00%) | total_pruned =      32 | shape = torch.Size([32])
1.7.1.5.weight       | nonzeros =      10 /      32             ( 31.25%) | total_pruned =      22 | shape = torch.Size([32])
1.7.1.5.bias         | nonzeros =       0 /      32             (  0.00%) | total_pruned =      32 | shape = torch.Size([32])
1.7.1.7.1.1.1.weight | nonzeros =     549 /   51200             (  1.07%) | total_pruned =   50651 | shape = torch.Size([64, 32, 5, 5])
1.7.1.7.1.1.1.bias   | nonzeros =       0 /      64             (  0.00%) | total_pruned =      64 | shape = torch.Size([64])
1.7.1.7.1.2.weight   | nonzeros =      30 /      64             ( 46.88%) | total_pruned =      34 | shape = torch.Size([64])
1.7.1.7.1.2.bias     | nonzeros =       0 /      64             (  0.00%) | total_pruned =      64 | shape = torch.Size([64])
1.7.1.7.1.4.1.weight | nonzeros =     734 /  102400             (  0.72%) | total_pruned =  101666 | shape = torch.Size([64, 64, 5, 5])
1.7.1.7.1.4.1.bias   | nonzeros =       0 /      64             (  0.00%) | total_pruned =      64 | shape = torch.Size([64])
1.7.1.7.1.5.weight   | nonzeros =      36 /      64             ( 56.25%) | total_pruned =      28 | shape = torch.Size([64])
1.7.1.7.1.5.bias     | nonzeros =       0 /      64             (  0.00%) | total_pruned =      64 | shape = torch.Size([64])
1.7.1.7.1.7.1.1.1.weight | nonzeros =     962 /  204800             (  0.47%) | total_pruned =  203838 | shape = torch.Size([128, 64, 5, 5])
1.7.1.7.1.7.1.1.1.bias | nonzeros =       0 /     128             (  0.00%) | total_pruned =     128 | shape = torch.Size([128])
1.7.1.7.1.7.1.2.weight | nonzeros =      53 /     128             ( 41.41%) | total_pruned =      75 | shape = torch.Size([128])
1.7.1.7.1.7.1.2.bias | nonzeros =       0 /     128             (  0.00%) | total_pruned =     128 | shape = torch.Size([128])
1.7.1.7.1.7.1.4.1.weight | nonzeros =    2036 /  409600             (  0.50%) | total_pruned =  407564 | shape = torch.Size([128, 128, 5, 5])
1.7.1.7.1.7.1.4.1.bias | nonzeros =       0 /     128             (  0.00%) | total_pruned =     128 | shape = torch.Size([128])
1.7.1.7.1.7.1.5.weight | nonzeros =      71 /     128             ( 55.47%) | total_pruned =      57 | shape = torch.Size([128])
1.7.1.7.1.7.1.5.bias | nonzeros =       0 /     128             (  0.00%) | total_pruned =     128 | shape = torch.Size([128])
1.7.1.7.1.7.1.7.1.1.1.weight | nonzeros =    2693 /  409600             (  0.66%) | total_pruned =  406907 | shape = torch.Size([128, 128, 5, 5])
1.7.1.7.1.7.1.7.1.1.1.bias | nonzeros =       0 /     128             (  0.00%) | total_pruned =     128 | shape = torch.Size([128])
1.7.1.7.1.7.1.7.1.2.weight | nonzeros =      78 /     128             ( 60.94%) | total_pruned =      50 | shape = torch.Size([128])
1.7.1.7.1.7.1.7.1.2.bias | nonzeros =       0 /     128             (  0.00%) | total_pruned =     128 | shape = torch.Size([128])
1.7.1.7.1.7.1.7.1.4.1.weight | nonzeros =    6622 /  409600             (  1.62%) | total_pruned =  402978 | shape = torch.Size([128, 128, 5, 5])
1.7.1.7.1.7.1.7.1.4.1.bias | nonzeros =       0 /     128             (  0.00%) | total_pruned =     128 | shape = torch.Size([128])
1.7.1.7.1.7.1.7.1.5.weight | nonzeros =     104 /     128             ( 81.25%) | total_pruned =      24 | shape = torch.Size([128])
1.7.1.7.1.7.1.7.1.5.bias | nonzeros =       0 /     128             (  0.00%) | total_pruned =     128 | shape = torch.Size([128])
1.7.1.7.1.7.1.7.1.7.1.1.1.weight | nonzeros =   13753 /  409600             (  3.36%) | total_pruned =  395847 | shape = torch.Size([128, 128, 5, 5])
1.7.1.7.1.7.1.7.1.7.1.1.1.bias | nonzeros =       0 /     128             (  0.00%) | total_pruned =     128 | shape = torch.Size([128])
1.7.1.7.1.7.1.7.1.7.1.2.weight | nonzeros =      99 /     128             ( 77.34%) | total_pruned =      29 | shape = torch.Size([128])
1.7.1.7.1.7.1.7.1.7.1.2.bias | nonzeros =       0 /     128             (  0.00%) | total_pruned =     128 | shape = torch.Size([128])
1.7.1.7.1.7.1.7.1.7.1.4.1.weight | nonzeros =   31603 /  409600             (  7.72%) | total_pruned =  377997 | shape = torch.Size([128, 128, 5, 5])
1.7.1.7.1.7.1.7.1.7.1.4.1.bias | nonzeros =       0 /     128             (  0.00%) | total_pruned =     128 | shape = torch.Size([128])
1.7.1.7.1.7.1.7.1.7.1.5.weight | nonzeros =      97 /     128             ( 75.78%) | total_pruned =      31 | shape = torch.Size([128])
1.7.1.7.1.7.1.7.1.7.1.5.bias | nonzeros =       0 /     128             (  0.00%) | total_pruned =     128 | shape = torch.Size([128])
1.7.1.7.1.7.1.7.1.7.2.weight | nonzeros =      97 /     128             ( 75.78%) | total_pruned =      31 | shape = torch.Size([128])
1.7.1.7.1.7.1.7.1.7.2.bias | nonzeros =       0 /     128             (  0.00%) | total_pruned =     128 | shape = torch.Size([128])
1.7.1.7.1.7.1.7.1.7.3.1.weight | nonzeros =   27819 /  147456             ( 18.87%) | total_pruned =  119637 | shape = torch.Size([128, 128, 3, 3])
1.7.1.7.1.7.1.7.1.7.3.1.bias | nonzeros =       0 /     128             (  0.00%) | total_pruned =     128 | shape = torch.Size([128])
1.7.1.7.1.7.1.7.1.7.4.weight | nonzeros =      83 /     128             ( 64.84%) | total_pruned =      45 | shape = torch.Size([128])
1.7.1.7.1.7.1.7.1.7.4.bias | nonzeros =       0 /     128             (  0.00%) | total_pruned =     128 | shape = torch.Size([128])
1.7.1.7.1.7.1.7.2.weight | nonzeros =      83 /     128             ( 64.84%) | total_pruned =      45 | shape = torch.Size([128])
1.7.1.7.1.7.1.7.2.bias | nonzeros =       0 /     128             (  0.00%) | total_pruned =     128 | shape = torch.Size([128])
1.7.1.7.1.7.1.7.3.1.weight | nonzeros =   22532 /  147456             ( 15.28%) | total_pruned =  124924 | shape = torch.Size([128, 128, 3, 3])
1.7.1.7.1.7.1.7.3.1.bias | nonzeros =       0 /     128             (  0.00%) | total_pruned =     128 | shape = torch.Size([128])
1.7.1.7.1.7.1.7.4.weight | nonzeros =      72 /     128             ( 56.25%) | total_pruned =      56 | shape = torch.Size([128])
1.7.1.7.1.7.1.7.4.bias | nonzeros =       0 /     128             (  0.00%) | total_pruned =     128 | shape = torch.Size([128])
1.7.1.7.1.7.2.weight | nonzeros =      72 /     128             ( 56.25%) | total_pruned =      56 | shape = torch.Size([128])
1.7.1.7.1.7.2.bias   | nonzeros =       0 /     128             (  0.00%) | total_pruned =     128 | shape = torch.Size([128])
1.7.1.7.1.7.3.1.weight | nonzeros =   21148 /  147456             ( 14.34%) | total_pruned =  126308 | shape = torch.Size([128, 128, 3, 3])
1.7.1.7.1.7.3.1.bias | nonzeros =       0 /     128             (  0.00%) | total_pruned =     128 | shape = torch.Size([128])
1.7.1.7.1.7.4.weight | nonzeros =      80 /     128             ( 62.50%) | total_pruned =      48 | shape = torch.Size([128])
1.7.1.7.1.7.4.bias   | nonzeros =       0 /     128             (  0.00%) | total_pruned =     128 | shape = torch.Size([128])
1.7.1.7.2.weight     | nonzeros =      80 /     128             ( 62.50%) | total_pruned =      48 | shape = torch.Size([128])
1.7.1.7.2.bias       | nonzeros =       0 /     128             (  0.00%) | total_pruned =     128 | shape = torch.Size([128])
1.7.1.7.3.1.weight   | nonzeros =   12509 /   73728             ( 16.97%) | total_pruned =   61219 | shape = torch.Size([64, 128, 3, 3])
1.7.1.7.3.1.bias     | nonzeros =       0 /      64             (  0.00%) | total_pruned =      64 | shape = torch.Size([64])
1.7.1.7.4.weight     | nonzeros =      42 /      64             ( 65.62%) | total_pruned =      22 | shape = torch.Size([64])
1.7.1.7.4.bias       | nonzeros =       0 /      64             (  0.00%) | total_pruned =      64 | shape = torch.Size([64])
1.7.2.weight         | nonzeros =      42 /      64             ( 65.62%) | total_pruned =      22 | shape = torch.Size([64])
1.7.2.bias           | nonzeros =       0 /      64             (  0.00%) | total_pruned =      64 | shape = torch.Size([64])
1.7.3.1.weight       | nonzeros =    2833 /   18432             ( 15.37%) | total_pruned =   15599 | shape = torch.Size([32, 64, 3, 3])
1.7.3.1.bias         | nonzeros =       0 /      32             (  0.00%) | total_pruned =      32 | shape = torch.Size([32])
1.7.4.weight         | nonzeros =      16 /      32             ( 50.00%) | total_pruned =      16 | shape = torch.Size([32])
1.7.4.bias           | nonzeros =       0 /      32             (  0.00%) | total_pruned =      32 | shape = torch.Size([32])
2.weight             | nonzeros =      16 /      32             ( 50.00%) | total_pruned =      16 | shape = torch.Size([32])
2.bias               | nonzeros =       0 /      32             (  0.00%) | total_pruned =      32 | shape = torch.Size([32])
3.1.weight           | nonzeros =     917 /    4608             ( 19.90%) | total_pruned =    3691 | shape = torch.Size([16, 32, 3, 3])
3.1.bias             | nonzeros =       0 /      16             (  0.00%) | total_pruned =      16 | shape = torch.Size([16])
4.weight             | nonzeros =      14 /      16             ( 87.50%) | total_pruned =       2 | shape = torch.Size([16])
4.bias               | nonzeros =       0 /      16             (  0.00%) | total_pruned =      16 | shape = torch.Size([16])
6.1.weight           | nonzeros =      24 /      48             ( 50.00%) | total_pruned =      24 | shape = torch.Size([3, 16, 1, 1])
6.1.bias             | nonzeros =       0 /       3             (  0.00%) | total_pruned =       3 | shape = torch.Size([3])
alive: 150443, pruned : 2858424, total: 3008867, Compression rate :      20.00x  ( 95.00% pruned)
(3, 512, 512) (3, 512, 512) (3, 512, 512)
PSNR of output image is:  22.141096528311085
Experiment done
