(3, 256, 256)
Noisy PSNR is '20.123480458189682'
(3, 256, 256) (3, 256, 256) torch.Size([1, 32, 256, 256])
Starting optimization with optimizer 'SAM'
Output directory: data/denoising/Dataset/mask/0/sparsity/unet/det/0.05/1e-09
epoch:  0 quantization_loss:  0.056217391043901443
p mean is: tensor(-0.0005, device='cuda:3')
epoch:  1000 quantization_loss:  0.054341115057468414
p mean is: tensor(-0.0176, device='cuda:3')
epoch:  2000 quantization_loss:  0.05355718359351158
p mean is: tensor(-0.0308, device='cuda:3')
epoch:  3000 quantization_loss:  0.05410701036453247
p mean is: tensor(-0.0432, device='cuda:3')
epoch:  4000 quantization_loss:  0.0536099374294281
p mean is: tensor(-0.0552, device='cuda:3')
epoch:  5000 quantization_loss:  0.0544988252222538
p mean is: tensor(-0.0669, device='cuda:3')
epoch:  6000 quantization_loss:  0.05332135781645775
p mean is: tensor(-0.0786, device='cuda:3')
epoch:  7000 quantization_loss:  0.05320742353796959
p mean is: tensor(-0.0898, device='cuda:3')
epoch:  8000 quantization_loss:  0.05332772061228752
p mean is: tensor(-0.1011, device='cuda:3')
epoch:  9000 quantization_loss:  0.05438787862658501
p mean is: tensor(-0.1125, device='cuda:3')
epoch:  10000 quantization_loss:  0.05373070016503334
p mean is: tensor(-0.1242, device='cuda:3')
epoch:  11000 quantization_loss:  0.05275337025523186
p mean is: tensor(-0.1360, device='cuda:3')
epoch:  12000 quantization_loss:  0.047477178275585175
p mean is: tensor(-0.1479, device='cuda:3')
epoch:  13000 quantization_loss:  0.04202371835708618
p mean is: tensor(-0.1621, device='cuda:3')
epoch:  14000 quantization_loss:  0.03293682262301445
p mean is: tensor(-0.1819, device='cuda:3')
epoch:  15000 quantization_loss:  0.031639985740184784
p mean is: tensor(-0.2091, device='cuda:3')
epoch:  16000 quantization_loss:  0.03036757931113243
p mean is: tensor(-0.2464, device='cuda:3')
epoch:  17000 quantization_loss:  0.02791966125369072
p mean is: tensor(-0.2973, device='cuda:3')
epoch:  18000 quantization_loss:  0.02674134448170662
p mean is: tensor(-0.3651, device='cuda:3')
epoch:  19000 quantization_loss:  0.02547396346926689
p mean is: tensor(-0.4528, device='cuda:3')
epoch:  20000 quantization_loss:  0.02498396299779415
p mean is: tensor(-0.5630, device='cuda:3')
epoch:  21000 quantization_loss:  0.023809218779206276
p mean is: tensor(-0.6957, device='cuda:3')
epoch:  22000 quantization_loss:  0.023311898112297058
p mean is: tensor(-0.8477, device='cuda:3')
epoch:  23000 quantization_loss:  0.022807341068983078
p mean is: tensor(-1.0118, device='cuda:3')
epoch:  24000 quantization_loss:  0.022539176046848297
p mean is: tensor(-1.1790, device='cuda:3')
epoch:  25000 quantization_loss:  0.022220633924007416
p mean is: tensor(-1.3393, device='cuda:3')
epoch:  26000 quantization_loss:  0.02189989760518074
p mean is: tensor(-1.4865, device='cuda:3')
epoch:  27000 quantization_loss:  0.02173379808664322
p mean is: tensor(-1.6171, device='cuda:3')
epoch:  28000 quantization_loss:  0.02144744247198105
p mean is: tensor(-1.7309, device='cuda:3')
epoch:  29000 quantization_loss:  0.020685775205492973
p mean is: tensor(-1.8295, device='cuda:3')
epoch:  30000 quantization_loss:  0.020592330023646355
p mean is: tensor(-1.9151, device='cuda:3')
epoch:  31000 quantization_loss:  0.020314544439315796
p mean is: tensor(-1.9905, device='cuda:3')
epoch:  32000 quantization_loss:  0.020298011600971222
p mean is: tensor(-2.0575, device='cuda:3')
epoch:  33000 quantization_loss:  0.02013448067009449
p mean is: tensor(-2.1169, device='cuda:3')
epoch:  34000 quantization_loss:  0.020038334652781487
p mean is: tensor(-2.1706, device='cuda:3')
epoch:  35000 quantization_loss:  0.020038848742842674
p mean is: tensor(-2.2192, device='cuda:3')
epoch:  36000 quantization_loss:  0.019956743344664574
p mean is: tensor(-2.2635, device='cuda:3')
epoch:  37000 quantization_loss:  0.01990487053990364
p mean is: tensor(-2.3040, device='cuda:3')
epoch:  38000 quantization_loss:  0.01988382451236248
p mean is: tensor(-2.3411, device='cuda:3')
epoch:  39000 quantization_loss:  0.019823849201202393
p mean is: tensor(-2.3751, device='cuda:3')
epoch:  40000 quantization_loss:  0.019778845831751823
p mean is: tensor(-2.4064, device='cuda:3')
epoch:  41000 quantization_loss:  0.019771311432123184
p mean is: tensor(-2.4354, device='cuda:3')
epoch:  42000 quantization_loss:  0.019739201292395592
p mean is: tensor(-2.4612, device='cuda:3')
epoch:  43000 quantization_loss:  0.019689317792654037
p mean is: tensor(-2.4853, device='cuda:3')
epoch:  44000 quantization_loss:  0.01964646205306053
p mean is: tensor(-2.5078, device='cuda:3')
epoch:  45000 quantization_loss:  0.01964564621448517
p mean is: tensor(-2.5289, device='cuda:3')
epoch:  46000 quantization_loss:  0.019639478996396065
p mean is: tensor(-2.5487, device='cuda:3')
epoch:  47000 quantization_loss:  0.01960868202149868
p mean is: tensor(-2.5669, device='cuda:3')
epoch:  48000 quantization_loss:  0.019610442221164703
p mean is: tensor(-2.5832, device='cuda:3')
epoch:  49000 quantization_loss:  0.019584672525525093
p mean is: tensor(-2.5986, device='cuda:3')
epoch:  50000 quantization_loss:  0.019577957689762115
p mean is: tensor(-2.6135, device='cuda:3')
epoch:  51000 quantization_loss:  0.019574420526623726
p mean is: tensor(-2.6276, device='cuda:3')
epoch:  52000 quantization_loss:  0.019561370834708214
p mean is: tensor(-2.6411, device='cuda:3')
epoch:  53000 quantization_loss:  0.019558178260922432
p mean is: tensor(-2.6540, device='cuda:3')
epoch:  54000 quantization_loss:  0.019554415717720985
p mean is: tensor(-2.6663, device='cuda:3')
epoch:  55000 quantization_loss:  0.019544484093785286
p mean is: tensor(-2.6780, device='cuda:3')
epoch:  56000 quantization_loss:  0.019519062712788582
p mean is: tensor(-2.6892, device='cuda:3')
epoch:  57000 quantization_loss:  0.01951633207499981
p mean is: tensor(-2.6998, device='cuda:3')
epoch:  58000 quantization_loss:  0.01951279677450657
p mean is: tensor(-2.7098, device='cuda:3')
epoch:  59000 quantization_loss:  0.019510934129357338
p mean is: tensor(-2.7193, device='cuda:3')
Number of elements to keep: 150443
Threshold value: -2.4714105129241943
Number of elements equal to threshold: 1
Number of elements to randomly select: 1
Actual sparsity achieved: 0.04999988367714492
Number of elements to keep: 150443
Threshold value: -2.4714105129241943
Number of elements equal to threshold: 1
Number of elements to randomly select: 1
Actual sparsity achieved: 0.04999988367714492
1.1.1.weight         | nonzeros =    3024 /   12800             ( 23.62%) | total_pruned =    9776 | shape = torch.Size([16, 32, 5, 5])
1.1.1.bias           | nonzeros =       0 /      16             (  0.00%) | total_pruned =      16 | shape = torch.Size([16])
1.2.weight           | nonzeros =      15 /      16             ( 93.75%) | total_pruned =       1 | shape = torch.Size([16])
1.2.bias             | nonzeros =       0 /      16             (  0.00%) | total_pruned =      16 | shape = torch.Size([16])
1.4.1.weight         | nonzeros =    1186 /    6400             ( 18.53%) | total_pruned =    5214 | shape = torch.Size([16, 16, 5, 5])
1.4.1.bias           | nonzeros =       0 /      16             (  0.00%) | total_pruned =      16 | shape = torch.Size([16])
1.5.weight           | nonzeros =      16 /      16             (100.00%) | total_pruned =       0 | shape = torch.Size([16])
1.5.bias             | nonzeros =       0 /      16             (  0.00%) | total_pruned =      16 | shape = torch.Size([16])
1.7.1.1.1.weight     | nonzeros =    1347 /   12800             ( 10.52%) | total_pruned =   11453 | shape = torch.Size([32, 16, 5, 5])
1.7.1.1.1.bias       | nonzeros =       0 /      32             (  0.00%) | total_pruned =      32 | shape = torch.Size([32])
1.7.1.2.weight       | nonzeros =      25 /      32             ( 78.12%) | total_pruned =       7 | shape = torch.Size([32])
1.7.1.2.bias         | nonzeros =       0 /      32             (  0.00%) | total_pruned =      32 | shape = torch.Size([32])
1.7.1.4.1.weight     | nonzeros =    1623 /   25600             (  6.34%) | total_pruned =   23977 | shape = torch.Size([32, 32, 5, 5])
1.7.1.4.1.bias       | nonzeros =       0 /      32             (  0.00%) | total_pruned =      32 | shape = torch.Size([32])
1.7.1.5.weight       | nonzeros =      27 /      32             ( 84.38%) | total_pruned =       5 | shape = torch.Size([32])
1.7.1.5.bias         | nonzeros =       0 /      32             (  0.00%) | total_pruned =      32 | shape = torch.Size([32])
1.7.1.7.1.1.1.weight | nonzeros =    2292 /   51200             (  4.48%) | total_pruned =   48908 | shape = torch.Size([64, 32, 5, 5])
1.7.1.7.1.1.1.bias   | nonzeros =       0 /      64             (  0.00%) | total_pruned =      64 | shape = torch.Size([64])
1.7.1.7.1.2.weight   | nonzeros =      50 /      64             ( 78.12%) | total_pruned =      14 | shape = torch.Size([64])
1.7.1.7.1.2.bias     | nonzeros =       0 /      64             (  0.00%) | total_pruned =      64 | shape = torch.Size([64])
1.7.1.7.1.4.1.weight | nonzeros =    2754 /  102400             (  2.69%) | total_pruned =   99646 | shape = torch.Size([64, 64, 5, 5])
1.7.1.7.1.4.1.bias   | nonzeros =       0 /      64             (  0.00%) | total_pruned =      64 | shape = torch.Size([64])
1.7.1.7.1.5.weight   | nonzeros =      49 /      64             ( 76.56%) | total_pruned =      15 | shape = torch.Size([64])
1.7.1.7.1.5.bias     | nonzeros =       0 /      64             (  0.00%) | total_pruned =      64 | shape = torch.Size([64])
1.7.1.7.1.7.1.1.1.weight | nonzeros =    3287 /  204800             (  1.60%) | total_pruned =  201513 | shape = torch.Size([128, 64, 5, 5])
1.7.1.7.1.7.1.1.1.bias | nonzeros =       0 /     128             (  0.00%) | total_pruned =     128 | shape = torch.Size([128])
1.7.1.7.1.7.1.2.weight | nonzeros =      79 /     128             ( 61.72%) | total_pruned =      49 | shape = torch.Size([128])
1.7.1.7.1.7.1.2.bias | nonzeros =       0 /     128             (  0.00%) | total_pruned =     128 | shape = torch.Size([128])
1.7.1.7.1.7.1.4.1.weight | nonzeros =    3852 /  409600             (  0.94%) | total_pruned =  405748 | shape = torch.Size([128, 128, 5, 5])
1.7.1.7.1.7.1.4.1.bias | nonzeros =       0 /     128             (  0.00%) | total_pruned =     128 | shape = torch.Size([128])
1.7.1.7.1.7.1.5.weight | nonzeros =      61 /     128             ( 47.66%) | total_pruned =      67 | shape = torch.Size([128])
1.7.1.7.1.7.1.5.bias | nonzeros =       0 /     128             (  0.00%) | total_pruned =     128 | shape = torch.Size([128])
1.7.1.7.1.7.1.7.1.1.1.weight | nonzeros =    6479 /  409600             (  1.58%) | total_pruned =  403121 | shape = torch.Size([128, 128, 5, 5])
1.7.1.7.1.7.1.7.1.1.1.bias | nonzeros =       0 /     128             (  0.00%) | total_pruned =     128 | shape = torch.Size([128])
1.7.1.7.1.7.1.7.1.2.weight | nonzeros =      50 /     128             ( 39.06%) | total_pruned =      78 | shape = torch.Size([128])
1.7.1.7.1.7.1.7.1.2.bias | nonzeros =       0 /     128             (  0.00%) | total_pruned =     128 | shape = torch.Size([128])
1.7.1.7.1.7.1.7.1.4.1.weight | nonzeros =    9028 /  409600             (  2.20%) | total_pruned =  400572 | shape = torch.Size([128, 128, 5, 5])
1.7.1.7.1.7.1.7.1.4.1.bias | nonzeros =       0 /     128             (  0.00%) | total_pruned =     128 | shape = torch.Size([128])
1.7.1.7.1.7.1.7.1.5.weight | nonzeros =      63 /     128             ( 49.22%) | total_pruned =      65 | shape = torch.Size([128])
1.7.1.7.1.7.1.7.1.5.bias | nonzeros =       0 /     128             (  0.00%) | total_pruned =     128 | shape = torch.Size([128])
1.7.1.7.1.7.1.7.1.7.1.1.1.weight | nonzeros =   19159 /  409600             (  4.68%) | total_pruned =  390441 | shape = torch.Size([128, 128, 5, 5])
1.7.1.7.1.7.1.7.1.7.1.1.1.bias | nonzeros =       0 /     128             (  0.00%) | total_pruned =     128 | shape = torch.Size([128])
1.7.1.7.1.7.1.7.1.7.1.2.weight | nonzeros =      76 /     128             ( 59.38%) | total_pruned =      52 | shape = torch.Size([128])
1.7.1.7.1.7.1.7.1.7.1.2.bias | nonzeros =       0 /     128             (  0.00%) | total_pruned =     128 | shape = torch.Size([128])
1.7.1.7.1.7.1.7.1.7.1.4.1.weight | nonzeros =   29498 /  409600             (  7.20%) | total_pruned =  380102 | shape = torch.Size([128, 128, 5, 5])
1.7.1.7.1.7.1.7.1.7.1.4.1.bias | nonzeros =       0 /     128             (  0.00%) | total_pruned =     128 | shape = torch.Size([128])
1.7.1.7.1.7.1.7.1.7.1.5.weight | nonzeros =      78 /     128             ( 60.94%) | total_pruned =      50 | shape = torch.Size([128])
1.7.1.7.1.7.1.7.1.7.1.5.bias | nonzeros =       0 /     128             (  0.00%) | total_pruned =     128 | shape = torch.Size([128])
1.7.1.7.1.7.1.7.1.7.2.weight | nonzeros =      78 /     128             ( 60.94%) | total_pruned =      50 | shape = torch.Size([128])
1.7.1.7.1.7.1.7.1.7.2.bias | nonzeros =       0 /     128             (  0.00%) | total_pruned =     128 | shape = torch.Size([128])
1.7.1.7.1.7.1.7.1.7.3.1.weight | nonzeros =   17557 /  147456             ( 11.91%) | total_pruned =  129899 | shape = torch.Size([128, 128, 3, 3])
1.7.1.7.1.7.1.7.1.7.3.1.bias | nonzeros =       0 /     128             (  0.00%) | total_pruned =     128 | shape = torch.Size([128])
1.7.1.7.1.7.1.7.1.7.4.weight | nonzeros =      73 /     128             ( 57.03%) | total_pruned =      55 | shape = torch.Size([128])
1.7.1.7.1.7.1.7.1.7.4.bias | nonzeros =       0 /     128             (  0.00%) | total_pruned =     128 | shape = torch.Size([128])
1.7.1.7.1.7.1.7.2.weight | nonzeros =      73 /     128             ( 57.03%) | total_pruned =      55 | shape = torch.Size([128])
1.7.1.7.1.7.1.7.2.bias | nonzeros =       0 /     128             (  0.00%) | total_pruned =     128 | shape = torch.Size([128])
1.7.1.7.1.7.1.7.3.1.weight | nonzeros =   17669 /  147456             ( 11.98%) | total_pruned =  129787 | shape = torch.Size([128, 128, 3, 3])
1.7.1.7.1.7.1.7.3.1.bias | nonzeros =       0 /     128             (  0.00%) | total_pruned =     128 | shape = torch.Size([128])
1.7.1.7.1.7.1.7.4.weight | nonzeros =      70 /     128             ( 54.69%) | total_pruned =      58 | shape = torch.Size([128])
1.7.1.7.1.7.1.7.4.bias | nonzeros =       0 /     128             (  0.00%) | total_pruned =     128 | shape = torch.Size([128])
1.7.1.7.1.7.2.weight | nonzeros =      70 /     128             ( 54.69%) | total_pruned =      58 | shape = torch.Size([128])
1.7.1.7.1.7.2.bias   | nonzeros =       0 /     128             (  0.00%) | total_pruned =     128 | shape = torch.Size([128])
1.7.1.7.1.7.3.1.weight | nonzeros =   17916 /  147456             ( 12.15%) | total_pruned =  129540 | shape = torch.Size([128, 128, 3, 3])
1.7.1.7.1.7.3.1.bias | nonzeros =       0 /     128             (  0.00%) | total_pruned =     128 | shape = torch.Size([128])
1.7.1.7.1.7.4.weight | nonzeros =      73 /     128             ( 57.03%) | total_pruned =      55 | shape = torch.Size([128])
1.7.1.7.1.7.4.bias   | nonzeros =       0 /     128             (  0.00%) | total_pruned =     128 | shape = torch.Size([128])
1.7.1.7.2.weight     | nonzeros =      72 /     128             ( 56.25%) | total_pruned =      56 | shape = torch.Size([128])
1.7.1.7.2.bias       | nonzeros =       0 /     128             (  0.00%) | total_pruned =     128 | shape = torch.Size([128])
1.7.1.7.3.1.weight   | nonzeros =    8970 /   73728             ( 12.17%) | total_pruned =   64758 | shape = torch.Size([64, 128, 3, 3])
1.7.1.7.3.1.bias     | nonzeros =       0 /      64             (  0.00%) | total_pruned =      64 | shape = torch.Size([64])
1.7.1.7.4.weight     | nonzeros =      33 /      64             ( 51.56%) | total_pruned =      31 | shape = torch.Size([64])
1.7.1.7.4.bias       | nonzeros =       0 /      64             (  0.00%) | total_pruned =      64 | shape = torch.Size([64])
1.7.2.weight         | nonzeros =      32 /      64             ( 50.00%) | total_pruned =      32 | shape = torch.Size([64])
1.7.2.bias           | nonzeros =       0 /      64             (  0.00%) | total_pruned =      64 | shape = torch.Size([64])
1.7.3.1.weight       | nonzeros =    2461 /   18432             ( 13.35%) | total_pruned =   15971 | shape = torch.Size([32, 64, 3, 3])
1.7.3.1.bias         | nonzeros =       0 /      32             (  0.00%) | total_pruned =      32 | shape = torch.Size([32])
1.7.4.weight         | nonzeros =      18 /      32             ( 56.25%) | total_pruned =      14 | shape = torch.Size([32])
1.7.4.bias           | nonzeros =       0 /      32             (  0.00%) | total_pruned =      32 | shape = torch.Size([32])
2.weight             | nonzeros =      18 /      32             ( 56.25%) | total_pruned =      14 | shape = torch.Size([32])
2.bias               | nonzeros =       0 /      32             (  0.00%) | total_pruned =      32 | shape = torch.Size([32])
3.1.weight           | nonzeros =    1100 /    4608             ( 23.87%) | total_pruned =    3508 | shape = torch.Size([16, 32, 3, 3])
3.1.bias             | nonzeros =       0 /      16             (  0.00%) | total_pruned =      16 | shape = torch.Size([16])
4.weight             | nonzeros =      15 /      16             ( 93.75%) | total_pruned =       1 | shape = torch.Size([16])
4.bias               | nonzeros =       0 /      16             (  0.00%) | total_pruned =      16 | shape = torch.Size([16])
6.1.weight           | nonzeros =      25 /      48             ( 52.08%) | total_pruned =      23 | shape = torch.Size([3, 16, 1, 1])
6.1.bias             | nonzeros =       2 /       3             ( 66.67%) | total_pruned =       1 | shape = torch.Size([3])
alive: 150443, pruned : 2858424, total: 3008867, Compression rate :      20.00x  ( 95.00% pruned)
(3, 256, 256) (3, 256, 256) (3, 256, 256)
PSNR of output image is:  19.928760465618822
Experiment done
