(3, 512, 512)
Noisy PSNR is '20.18056481901258'
(3, 512, 512) (3, 512, 512) torch.Size([1, 32, 512, 512])
Starting optimization with optimizer 'SAM'
Output directory: data/denoising/Dataset/mask/2/sparsity/unet/det/0.5/1e-09
epoch:  0 quantization_loss:  0.050788477063179016
p mean is: tensor(-3.5009e-06, device='cuda:2')
epoch:  1000 quantization_loss:  0.041182998567819595
p mean is: tensor(-3.6790e-05, device='cuda:2')
epoch:  2000 quantization_loss:  0.0406656414270401
p mean is: tensor(-0.0002, device='cuda:2')
epoch:  3000 quantization_loss:  0.04267607629299164
p mean is: tensor(-0.0003, device='cuda:2')
epoch:  4000 quantization_loss:  0.038781311362981796
p mean is: tensor(-0.0005, device='cuda:2')
epoch:  5000 quantization_loss:  0.03909505531191826
p mean is: tensor(-0.0006, device='cuda:2')
epoch:  6000 quantization_loss:  0.03831055760383606
p mean is: tensor(-0.0006, device='cuda:2')
epoch:  7000 quantization_loss:  0.03248356282711029
p mean is: tensor(-0.0011, device='cuda:2')
epoch:  8000 quantization_loss:  0.027617821469902992
p mean is: tensor(-0.0013, device='cuda:2')
epoch:  9000 quantization_loss:  0.025137055665254593
p mean is: tensor(-0.0015, device='cuda:2')
epoch:  10000 quantization_loss:  0.021570559591054916
p mean is: tensor(-0.0018, device='cuda:2')
epoch:  11000 quantization_loss:  0.01999787427484989
p mean is: tensor(-0.0020, device='cuda:2')
epoch:  12000 quantization_loss:  0.018393004313111305
p mean is: tensor(-0.0023, device='cuda:2')
epoch:  13000 quantization_loss:  0.017307834699749947
p mean is: tensor(-0.0025, device='cuda:2')
epoch:  14000 quantization_loss:  0.016293033957481384
p mean is: tensor(-0.0027, device='cuda:2')
epoch:  15000 quantization_loss:  0.01532703172415495
p mean is: tensor(-0.0027, device='cuda:2')
epoch:  16000 quantization_loss:  0.015159137547016144
p mean is: tensor(-0.0027, device='cuda:2')
epoch:  17000 quantization_loss:  0.014721127226948738
p mean is: tensor(-0.0025, device='cuda:2')
epoch:  18000 quantization_loss:  0.014509136788547039
p mean is: tensor(-0.0022, device='cuda:2')
epoch:  19000 quantization_loss:  0.014418693259358406
p mean is: tensor(-0.0018, device='cuda:2')
epoch:  20000 quantization_loss:  0.014135499484837055
p mean is: tensor(-0.0013, device='cuda:2')
epoch:  21000 quantization_loss:  0.01397537998855114
p mean is: tensor(-0.0007, device='cuda:2')
epoch:  22000 quantization_loss:  0.015219372697174549
p mean is: tensor(-0.0001, device='cuda:2')
epoch:  23000 quantization_loss:  0.013808134943246841
p mean is: tensor(0.0005, device='cuda:2')
epoch:  24000 quantization_loss:  0.013729093596339226
p mean is: tensor(0.0010, device='cuda:2')
epoch:  25000 quantization_loss:  0.013597521930932999
p mean is: tensor(0.0016, device='cuda:2')
epoch:  26000 quantization_loss:  0.013623346574604511
p mean is: tensor(0.0023, device='cuda:2')
epoch:  27000 quantization_loss:  0.013515218161046505
p mean is: tensor(0.0029, device='cuda:2')
epoch:  28000 quantization_loss:  0.013436490669846535
p mean is: tensor(0.0034, device='cuda:2')
epoch:  29000 quantization_loss:  0.013339483179152012
p mean is: tensor(0.0039, device='cuda:2')
epoch:  30000 quantization_loss:  0.013317015953361988
p mean is: tensor(0.0042, device='cuda:2')
epoch:  31000 quantization_loss:  0.01327256578952074
p mean is: tensor(0.0045, device='cuda:2')
epoch:  32000 quantization_loss:  0.013211699202656746
p mean is: tensor(0.0049, device='cuda:2')
epoch:  33000 quantization_loss:  0.013186606578528881
p mean is: tensor(0.0052, device='cuda:2')
epoch:  34000 quantization_loss:  0.01311324629932642
p mean is: tensor(0.0054, device='cuda:2')
epoch:  35000 quantization_loss:  0.01309138908982277
p mean is: tensor(0.0057, device='cuda:2')
epoch:  36000 quantization_loss:  0.013083229772746563
p mean is: tensor(0.0059, device='cuda:2')
epoch:  37000 quantization_loss:  0.013036769814789295
p mean is: tensor(0.0060, device='cuda:2')
epoch:  38000 quantization_loss:  0.012997645884752274
p mean is: tensor(0.0061, device='cuda:2')
epoch:  39000 quantization_loss:  0.012986776418983936
p mean is: tensor(0.0063, device='cuda:2')
epoch:  40000 quantization_loss:  0.013004275970160961
p mean is: tensor(0.0064, device='cuda:2')
epoch:  41000 quantization_loss:  0.012943067587912083
p mean is: tensor(0.0065, device='cuda:2')
epoch:  42000 quantization_loss:  0.012973412871360779
p mean is: tensor(0.0066, device='cuda:2')
epoch:  43000 quantization_loss:  0.01290371548384428
p mean is: tensor(0.0067, device='cuda:2')
epoch:  44000 quantization_loss:  0.012934258207678795
p mean is: tensor(0.0067, device='cuda:2')
epoch:  45000 quantization_loss:  0.012885193340480328
p mean is: tensor(0.0069, device='cuda:2')
epoch:  46000 quantization_loss:  0.012892491184175014
p mean is: tensor(0.0069, device='cuda:2')
epoch:  47000 quantization_loss:  0.012848207727074623
p mean is: tensor(0.0069, device='cuda:2')
epoch:  48000 quantization_loss:  0.012846669182181358
p mean is: tensor(0.0069, device='cuda:2')
epoch:  49000 quantization_loss:  0.01282819826155901
p mean is: tensor(0.0069, device='cuda:2')
epoch:  50000 quantization_loss:  0.012821621261537075
p mean is: tensor(0.0069, device='cuda:2')
epoch:  51000 quantization_loss:  0.012829686515033245
p mean is: tensor(0.0068, device='cuda:2')
epoch:  52000 quantization_loss:  0.012818296439945698
p mean is: tensor(0.0067, device='cuda:2')
epoch:  53000 quantization_loss:  0.012785494327545166
p mean is: tensor(0.0067, device='cuda:2')
epoch:  54000 quantization_loss:  0.012790344655513763
p mean is: tensor(0.0066, device='cuda:2')
epoch:  55000 quantization_loss:  0.012775564566254616
p mean is: tensor(0.0066, device='cuda:2')
epoch:  56000 quantization_loss:  0.01276506669819355
p mean is: tensor(0.0064, device='cuda:2')
epoch:  57000 quantization_loss:  0.012764809653162956
p mean is: tensor(0.0064, device='cuda:2')
epoch:  58000 quantization_loss:  0.012771199457347393
p mean is: tensor(0.0063, device='cuda:2')
epoch:  59000 quantization_loss:  0.012739165686070919
p mean is: tensor(0.0062, device='cuda:2')
Number of elements to keep: 1504433
Threshold value: -5.388473596212862e-07
Number of elements equal to threshold: 1
Number of elements to randomly select: 1
Actual sparsity achieved: 0.49999983382449276
Number of elements to keep: 1504433
Threshold value: -5.388473596212862e-07
Number of elements equal to threshold: 1
Number of elements to randomly select: 1
Actual sparsity achieved: 0.49999983382449276
1.1.1.weight         | nonzeros =    6502 /   12800             ( 50.80%) | total_pruned =    6298 | shape = torch.Size([16, 32, 5, 5])
1.1.1.bias           | nonzeros =       8 /      16             ( 50.00%) | total_pruned =       8 | shape = torch.Size([16])
1.2.weight           | nonzeros =       7 /      16             ( 43.75%) | total_pruned =       9 | shape = torch.Size([16])
1.2.bias             | nonzeros =       0 /      16             (  0.00%) | total_pruned =      16 | shape = torch.Size([16])
1.4.1.weight         | nonzeros =    3289 /    6400             ( 51.39%) | total_pruned =    3111 | shape = torch.Size([16, 16, 5, 5])
1.4.1.bias           | nonzeros =      14 /      16             ( 87.50%) | total_pruned =       2 | shape = torch.Size([16])
1.5.weight           | nonzeros =       9 /      16             ( 56.25%) | total_pruned =       7 | shape = torch.Size([16])
1.5.bias             | nonzeros =       0 /      16             (  0.00%) | total_pruned =      16 | shape = torch.Size([16])
1.7.1.1.1.weight     | nonzeros =    6534 /   12800             ( 51.05%) | total_pruned =    6266 | shape = torch.Size([32, 16, 5, 5])
1.7.1.1.1.bias       | nonzeros =      31 /      32             ( 96.88%) | total_pruned =       1 | shape = torch.Size([32])
1.7.1.2.weight       | nonzeros =      16 /      32             ( 50.00%) | total_pruned =      16 | shape = torch.Size([32])
1.7.1.2.bias         | nonzeros =       0 /      32             (  0.00%) | total_pruned =      32 | shape = torch.Size([32])
1.7.1.4.1.weight     | nonzeros =   13052 /   25600             ( 50.98%) | total_pruned =   12548 | shape = torch.Size([32, 32, 5, 5])
1.7.1.4.1.bias       | nonzeros =      32 /      32             (100.00%) | total_pruned =       0 | shape = torch.Size([32])
1.7.1.5.weight       | nonzeros =      17 /      32             ( 53.12%) | total_pruned =      15 | shape = torch.Size([32])
1.7.1.5.bias         | nonzeros =       0 /      32             (  0.00%) | total_pruned =      32 | shape = torch.Size([32])
1.7.1.7.1.1.1.weight | nonzeros =   25783 /   51200             ( 50.36%) | total_pruned =   25417 | shape = torch.Size([64, 32, 5, 5])
1.7.1.7.1.1.1.bias   | nonzeros =      64 /      64             (100.00%) | total_pruned =       0 | shape = torch.Size([64])
1.7.1.7.1.2.weight   | nonzeros =      35 /      64             ( 54.69%) | total_pruned =      29 | shape = torch.Size([64])
1.7.1.7.1.2.bias     | nonzeros =       0 /      64             (  0.00%) | total_pruned =      64 | shape = torch.Size([64])
1.7.1.7.1.4.1.weight | nonzeros =   51419 /  102400             ( 50.21%) | total_pruned =   50981 | shape = torch.Size([64, 64, 5, 5])
1.7.1.7.1.4.1.bias   | nonzeros =      64 /      64             (100.00%) | total_pruned =       0 | shape = torch.Size([64])
1.7.1.7.1.5.weight   | nonzeros =      26 /      64             ( 40.62%) | total_pruned =      38 | shape = torch.Size([64])
1.7.1.7.1.5.bias     | nonzeros =       0 /      64             (  0.00%) | total_pruned =      64 | shape = torch.Size([64])
1.7.1.7.1.7.1.1.1.weight | nonzeros =  103034 /  204800             ( 50.31%) | total_pruned =  101766 | shape = torch.Size([128, 64, 5, 5])
1.7.1.7.1.7.1.1.1.bias | nonzeros =     128 /     128             (100.00%) | total_pruned =       0 | shape = torch.Size([128])
1.7.1.7.1.7.1.2.weight | nonzeros =      67 /     128             ( 52.34%) | total_pruned =      61 | shape = torch.Size([128])
1.7.1.7.1.7.1.2.bias | nonzeros =       0 /     128             (  0.00%) | total_pruned =     128 | shape = torch.Size([128])
1.7.1.7.1.7.1.4.1.weight | nonzeros =  204535 /  409600             ( 49.94%) | total_pruned =  205065 | shape = torch.Size([128, 128, 5, 5])
1.7.1.7.1.7.1.4.1.bias | nonzeros =     128 /     128             (100.00%) | total_pruned =       0 | shape = torch.Size([128])
1.7.1.7.1.7.1.5.weight | nonzeros =      82 /     128             ( 64.06%) | total_pruned =      46 | shape = torch.Size([128])
1.7.1.7.1.7.1.5.bias | nonzeros =       0 /     128             (  0.00%) | total_pruned =     128 | shape = torch.Size([128])
1.7.1.7.1.7.1.7.1.1.1.weight | nonzeros =  204716 /  409600             ( 49.98%) | total_pruned =  204884 | shape = torch.Size([128, 128, 5, 5])
1.7.1.7.1.7.1.7.1.1.1.bias | nonzeros =     128 /     128             (100.00%) | total_pruned =       0 | shape = torch.Size([128])
1.7.1.7.1.7.1.7.1.2.weight | nonzeros =      82 /     128             ( 64.06%) | total_pruned =      46 | shape = torch.Size([128])
1.7.1.7.1.7.1.7.1.2.bias | nonzeros =       0 /     128             (  0.00%) | total_pruned =     128 | shape = torch.Size([128])
1.7.1.7.1.7.1.7.1.4.1.weight | nonzeros =  205169 /  409600             ( 50.09%) | total_pruned =  204431 | shape = torch.Size([128, 128, 5, 5])
1.7.1.7.1.7.1.7.1.4.1.bias | nonzeros =     128 /     128             (100.00%) | total_pruned =       0 | shape = torch.Size([128])
1.7.1.7.1.7.1.7.1.5.weight | nonzeros =      96 /     128             ( 75.00%) | total_pruned =      32 | shape = torch.Size([128])
1.7.1.7.1.7.1.7.1.5.bias | nonzeros =       0 /     128             (  0.00%) | total_pruned =     128 | shape = torch.Size([128])
1.7.1.7.1.7.1.7.1.7.1.1.1.weight | nonzeros =  204923 /  409600             ( 50.03%) | total_pruned =  204677 | shape = torch.Size([128, 128, 5, 5])
1.7.1.7.1.7.1.7.1.7.1.1.1.bias | nonzeros =     128 /     128             (100.00%) | total_pruned =       0 | shape = torch.Size([128])
1.7.1.7.1.7.1.7.1.7.1.2.weight | nonzeros =     103 /     128             ( 80.47%) | total_pruned =      25 | shape = torch.Size([128])
1.7.1.7.1.7.1.7.1.7.1.2.bias | nonzeros =       0 /     128             (  0.00%) | total_pruned =     128 | shape = torch.Size([128])
1.7.1.7.1.7.1.7.1.7.1.4.1.weight | nonzeros =  204447 /  409600             ( 49.91%) | total_pruned =  205153 | shape = torch.Size([128, 128, 5, 5])
1.7.1.7.1.7.1.7.1.7.1.4.1.bias | nonzeros =     128 /     128             (100.00%) | total_pruned =       0 | shape = torch.Size([128])
1.7.1.7.1.7.1.7.1.7.1.5.weight | nonzeros =      85 /     128             ( 66.41%) | total_pruned =      43 | shape = torch.Size([128])
1.7.1.7.1.7.1.7.1.7.1.5.bias | nonzeros =       0 /     128             (  0.00%) | total_pruned =     128 | shape = torch.Size([128])
1.7.1.7.1.7.1.7.1.7.2.weight | nonzeros =      85 /     128             ( 66.41%) | total_pruned =      43 | shape = torch.Size([128])
1.7.1.7.1.7.1.7.1.7.2.bias | nonzeros =       0 /     128             (  0.00%) | total_pruned =     128 | shape = torch.Size([128])
1.7.1.7.1.7.1.7.1.7.3.1.weight | nonzeros =   72901 /  147456             ( 49.44%) | total_pruned =   74555 | shape = torch.Size([128, 128, 3, 3])
1.7.1.7.1.7.1.7.1.7.3.1.bias | nonzeros =     126 /     128             ( 98.44%) | total_pruned =       2 | shape = torch.Size([128])
1.7.1.7.1.7.1.7.1.7.4.weight | nonzeros =      94 /     128             ( 73.44%) | total_pruned =      34 | shape = torch.Size([128])
1.7.1.7.1.7.1.7.1.7.4.bias | nonzeros =       0 /     128             (  0.00%) | total_pruned =     128 | shape = torch.Size([128])
1.7.1.7.1.7.1.7.2.weight | nonzeros =      94 /     128             ( 73.44%) | total_pruned =      34 | shape = torch.Size([128])
1.7.1.7.1.7.1.7.2.bias | nonzeros =       0 /     128             (  0.00%) | total_pruned =     128 | shape = torch.Size([128])
1.7.1.7.1.7.1.7.3.1.weight | nonzeros =   72630 /  147456             ( 49.26%) | total_pruned =   74826 | shape = torch.Size([128, 128, 3, 3])
1.7.1.7.1.7.1.7.3.1.bias | nonzeros =     127 /     128             ( 99.22%) | total_pruned =       1 | shape = torch.Size([128])
1.7.1.7.1.7.1.7.4.weight | nonzeros =     100 /     128             ( 78.12%) | total_pruned =      28 | shape = torch.Size([128])
1.7.1.7.1.7.1.7.4.bias | nonzeros =       0 /     128             (  0.00%) | total_pruned =     128 | shape = torch.Size([128])
1.7.1.7.1.7.2.weight | nonzeros =     100 /     128             ( 78.12%) | total_pruned =      28 | shape = torch.Size([128])
1.7.1.7.1.7.2.bias   | nonzeros =       0 /     128             (  0.00%) | total_pruned =     128 | shape = torch.Size([128])
1.7.1.7.1.7.3.1.weight | nonzeros =   72658 /  147456             ( 49.27%) | total_pruned =   74798 | shape = torch.Size([128, 128, 3, 3])
1.7.1.7.1.7.3.1.bias | nonzeros =     120 /     128             ( 93.75%) | total_pruned =       8 | shape = torch.Size([128])
1.7.1.7.1.7.4.weight | nonzeros =      89 /     128             ( 69.53%) | total_pruned =      39 | shape = torch.Size([128])
1.7.1.7.1.7.4.bias   | nonzeros =       0 /     128             (  0.00%) | total_pruned =     128 | shape = torch.Size([128])
1.7.1.7.2.weight     | nonzeros =      89 /     128             ( 69.53%) | total_pruned =      39 | shape = torch.Size([128])
1.7.1.7.2.bias       | nonzeros =       0 /     128             (  0.00%) | total_pruned =     128 | shape = torch.Size([128])
1.7.1.7.3.1.weight   | nonzeros =   36728 /   73728             ( 49.82%) | total_pruned =   37000 | shape = torch.Size([64, 128, 3, 3])
1.7.1.7.3.1.bias     | nonzeros =      61 /      64             ( 95.31%) | total_pruned =       3 | shape = torch.Size([64])
1.7.1.7.4.weight     | nonzeros =      29 /      64             ( 45.31%) | total_pruned =      35 | shape = torch.Size([64])
1.7.1.7.4.bias       | nonzeros =       0 /      64             (  0.00%) | total_pruned =      64 | shape = torch.Size([64])
1.7.2.weight         | nonzeros =      29 /      64             ( 45.31%) | total_pruned =      35 | shape = torch.Size([64])
1.7.2.bias           | nonzeros =       0 /      64             (  0.00%) | total_pruned =      64 | shape = torch.Size([64])
1.7.3.1.weight       | nonzeros =    8997 /   18432             ( 48.81%) | total_pruned =    9435 | shape = torch.Size([32, 64, 3, 3])
1.7.3.1.bias         | nonzeros =      25 /      32             ( 78.12%) | total_pruned =       7 | shape = torch.Size([32])
1.7.4.weight         | nonzeros =      16 /      32             ( 50.00%) | total_pruned =      16 | shape = torch.Size([32])
1.7.4.bias           | nonzeros =       0 /      32             (  0.00%) | total_pruned =      32 | shape = torch.Size([32])
2.weight             | nonzeros =      16 /      32             ( 50.00%) | total_pruned =      16 | shape = torch.Size([32])
2.bias               | nonzeros =       0 /      32             (  0.00%) | total_pruned =      32 | shape = torch.Size([32])
3.1.weight           | nonzeros =    2162 /    4608             ( 46.92%) | total_pruned =    2446 | shape = torch.Size([16, 32, 3, 3])
3.1.bias             | nonzeros =       7 /      16             ( 43.75%) | total_pruned =       9 | shape = torch.Size([16])
4.weight             | nonzeros =      16 /      16             (100.00%) | total_pruned =       0 | shape = torch.Size([16])
4.bias               | nonzeros =       0 /      16             (  0.00%) | total_pruned =      16 | shape = torch.Size([16])
6.1.weight           | nonzeros =      26 /      48             ( 54.17%) | total_pruned =      22 | shape = torch.Size([3, 16, 1, 1])
6.1.bias             | nonzeros =       2 /       3             ( 66.67%) | total_pruned =       1 | shape = torch.Size([3])
alive: 1502336, pruned : 1506531, total: 3008867, Compression rate :       2.00x  ( 50.07% pruned)
(3, 512, 512) (3, 512, 512) (3, 512, 512)
PSNR of output image is:  24.553900863767026
Experiment done
