(3, 512, 512)
Noisy PSNR is '20.185323892971336'
(3, 512, 512) (3, 512, 512) torch.Size([1, 32, 512, 512])
Starting optimization with optimizer 'SAM'
Output directory: data/denoising/Dataset/mask/2/sparsity/unet/det/0.05/1e-09
epoch:  0 quantization_loss:  0.06154640391469002
p mean is: tensor(-0.0005, device='cuda:5')
epoch:  1000 quantization_loss:  0.04827642813324928
p mean is: tensor(-0.0223, device='cuda:5')
epoch:  2000 quantization_loss:  0.0490051694214344
p mean is: tensor(-0.0389, device='cuda:5')
epoch:  3000 quantization_loss:  0.04803910106420517
p mean is: tensor(-0.0558, device='cuda:5')
epoch:  4000 quantization_loss:  0.047658249735832214
p mean is: tensor(-0.0720, device='cuda:5')
epoch:  5000 quantization_loss:  0.046286679804325104
p mean is: tensor(-0.0888, device='cuda:5')
epoch:  6000 quantization_loss:  0.04715296998620033
p mean is: tensor(-0.1064, device='cuda:5')
epoch:  7000 quantization_loss:  0.0470743253827095
p mean is: tensor(-0.1252, device='cuda:5')
epoch:  8000 quantization_loss:  0.043032530695199966
p mean is: tensor(-0.1441, device='cuda:5')
epoch:  9000 quantization_loss:  0.03876486048102379
p mean is: tensor(-0.1653, device='cuda:5')
epoch:  10000 quantization_loss:  0.034760210663080215
p mean is: tensor(-0.1931, device='cuda:5')
epoch:  11000 quantization_loss:  0.033375855535268784
p mean is: tensor(-0.2298, device='cuda:5')
epoch:  12000 quantization_loss:  0.029539458453655243
p mean is: tensor(-0.2768, device='cuda:5')
epoch:  13000 quantization_loss:  0.02815086767077446
p mean is: tensor(-0.3346, device='cuda:5')
epoch:  14000 quantization_loss:  0.02731841430068016
p mean is: tensor(-0.4067, device='cuda:5')
epoch:  15000 quantization_loss:  0.026429861783981323
p mean is: tensor(-0.4951, device='cuda:5')
epoch:  16000 quantization_loss:  0.025901561602950096
p mean is: tensor(-0.5994, device='cuda:5')
epoch:  17000 quantization_loss:  0.023589888587594032
p mean is: tensor(-0.7149, device='cuda:5')
epoch:  18000 quantization_loss:  0.023209333419799805
p mean is: tensor(-0.8386, device='cuda:5')
epoch:  19000 quantization_loss:  0.02292771078646183
p mean is: tensor(-0.9673, device='cuda:5')
epoch:  20000 quantization_loss:  0.021707557141780853
p mean is: tensor(-1.0959, device='cuda:5')
epoch:  21000 quantization_loss:  0.021465927362442017
p mean is: tensor(-1.2195, device='cuda:5')
epoch:  22000 quantization_loss:  0.02106722816824913
p mean is: tensor(-1.3361, device='cuda:5')
epoch:  23000 quantization_loss:  0.020968478173017502
p mean is: tensor(-1.4448, device='cuda:5')
epoch:  24000 quantization_loss:  0.0206729918718338
p mean is: tensor(-1.5451, device='cuda:5')
epoch:  25000 quantization_loss:  0.020649058744311333
p mean is: tensor(-1.6370, device='cuda:5')
epoch:  26000 quantization_loss:  0.020319245755672455
p mean is: tensor(-1.7209, device='cuda:5')
epoch:  27000 quantization_loss:  0.02012910321354866
p mean is: tensor(-1.7978, device='cuda:5')
epoch:  28000 quantization_loss:  0.021550025790929794
p mean is: tensor(-1.8682, device='cuda:5')
epoch:  29000 quantization_loss:  0.01994532160460949
p mean is: tensor(-1.9327, device='cuda:5')
epoch:  30000 quantization_loss:  0.019882144406437874
p mean is: tensor(-1.9919, device='cuda:5')
epoch:  31000 quantization_loss:  0.01978081837296486
p mean is: tensor(-2.0464, device='cuda:5')
epoch:  32000 quantization_loss:  0.019760245457291603
p mean is: tensor(-2.0967, device='cuda:5')
epoch:  33000 quantization_loss:  0.019710510969161987
p mean is: tensor(-2.1430, device='cuda:5')
epoch:  34000 quantization_loss:  0.022827163338661194
p mean is: tensor(-2.1858, device='cuda:5')
epoch:  35000 quantization_loss:  0.019562380388379097
p mean is: tensor(-2.2255, device='cuda:5')
epoch:  36000 quantization_loss:  0.019522860646247864
p mean is: tensor(-2.2624, device='cuda:5')
epoch:  37000 quantization_loss:  0.01949237659573555
p mean is: tensor(-2.2967, device='cuda:5')
epoch:  38000 quantization_loss:  0.019436564296483994
p mean is: tensor(-2.3289, device='cuda:5')
epoch:  39000 quantization_loss:  0.01940111629664898
p mean is: tensor(-2.3590, device='cuda:5')
epoch:  40000 quantization_loss:  0.019399743527173996
p mean is: tensor(-2.3873, device='cuda:5')
epoch:  41000 quantization_loss:  0.019355226308107376
p mean is: tensor(-2.4139, device='cuda:5')
epoch:  42000 quantization_loss:  0.01932481862604618
p mean is: tensor(-2.4388, device='cuda:5')
epoch:  43000 quantization_loss:  0.01927468739449978
p mean is: tensor(-2.4624, device='cuda:5')
epoch:  44000 quantization_loss:  0.01935654878616333
p mean is: tensor(-2.4846, device='cuda:5')
epoch:  45000 quantization_loss:  0.019259771332144737
p mean is: tensor(-2.5056, device='cuda:5')
epoch:  46000 quantization_loss:  0.01922466605901718
p mean is: tensor(-2.5255, device='cuda:5')
epoch:  47000 quantization_loss:  0.01921619288623333
p mean is: tensor(-2.5442, device='cuda:5')
epoch:  48000 quantization_loss:  0.019258664920926094
p mean is: tensor(-2.5621, device='cuda:5')
epoch:  49000 quantization_loss:  0.019190341234207153
p mean is: tensor(-2.5789, device='cuda:5')
epoch:  50000 quantization_loss:  0.019178016111254692
p mean is: tensor(-2.5950, device='cuda:5')
epoch:  51000 quantization_loss:  0.019159166142344475
p mean is: tensor(-2.6102, device='cuda:5')
epoch:  52000 quantization_loss:  0.019132880493998528
p mean is: tensor(-2.6248, device='cuda:5')
epoch:  53000 quantization_loss:  0.01911914348602295
p mean is: tensor(-2.6387, device='cuda:5')
epoch:  54000 quantization_loss:  0.019116174429655075
p mean is: tensor(-2.6518, device='cuda:5')
epoch:  55000 quantization_loss:  0.019112318754196167
p mean is: tensor(-2.6644, device='cuda:5')
epoch:  56000 quantization_loss:  0.019091378897428513
p mean is: tensor(-2.6764, device='cuda:5')
epoch:  57000 quantization_loss:  0.019100679084658623
p mean is: tensor(-2.6879, device='cuda:5')
epoch:  58000 quantization_loss:  0.0191030353307724
p mean is: tensor(-2.6989, device='cuda:5')
epoch:  59000 quantization_loss:  0.019067609682679176
p mean is: tensor(-2.7095, device='cuda:5')
Number of elements to keep: 150443
Threshold value: -1.8714470863342285
Number of elements equal to threshold: 1
Number of elements to randomly select: 1
Actual sparsity achieved: 0.04999988367714492
Number of elements to keep: 150443
Threshold value: -1.8714470863342285
Number of elements equal to threshold: 1
Number of elements to randomly select: 1
Actual sparsity achieved: 0.04999988367714492
1.1.1.weight         | nonzeros =    1791 /   12800             ( 13.99%) | total_pruned =   11009 | shape = torch.Size([16, 32, 5, 5])
1.1.1.bias           | nonzeros =       0 /      16             (  0.00%) | total_pruned =      16 | shape = torch.Size([16])
1.2.weight           | nonzeros =      10 /      16             ( 62.50%) | total_pruned =       6 | shape = torch.Size([16])
1.2.bias             | nonzeros =       0 /      16             (  0.00%) | total_pruned =      16 | shape = torch.Size([16])
1.4.1.weight         | nonzeros =     311 /    6400             (  4.86%) | total_pruned =    6089 | shape = torch.Size([16, 16, 5, 5])
1.4.1.bias           | nonzeros =       0 /      16             (  0.00%) | total_pruned =      16 | shape = torch.Size([16])
1.5.weight           | nonzeros =       8 /      16             ( 50.00%) | total_pruned =       8 | shape = torch.Size([16])
1.5.bias             | nonzeros =       0 /      16             (  0.00%) | total_pruned =      16 | shape = torch.Size([16])
1.7.1.1.1.weight     | nonzeros =     393 /   12800             (  3.07%) | total_pruned =   12407 | shape = torch.Size([32, 16, 5, 5])
1.7.1.1.1.bias       | nonzeros =       0 /      32             (  0.00%) | total_pruned =      32 | shape = torch.Size([32])
1.7.1.2.weight       | nonzeros =      14 /      32             ( 43.75%) | total_pruned =      18 | shape = torch.Size([32])
1.7.1.2.bias         | nonzeros =       0 /      32             (  0.00%) | total_pruned =      32 | shape = torch.Size([32])
1.7.1.4.1.weight     | nonzeros =     686 /   25600             (  2.68%) | total_pruned =   24914 | shape = torch.Size([32, 32, 5, 5])
1.7.1.4.1.bias       | nonzeros =       0 /      32             (  0.00%) | total_pruned =      32 | shape = torch.Size([32])
1.7.1.5.weight       | nonzeros =      16 /      32             ( 50.00%) | total_pruned =      16 | shape = torch.Size([32])
1.7.1.5.bias         | nonzeros =       0 /      32             (  0.00%) | total_pruned =      32 | shape = torch.Size([32])
1.7.1.7.1.1.1.weight | nonzeros =     687 /   51200             (  1.34%) | total_pruned =   50513 | shape = torch.Size([64, 32, 5, 5])
1.7.1.7.1.1.1.bias   | nonzeros =       0 /      64             (  0.00%) | total_pruned =      64 | shape = torch.Size([64])
1.7.1.7.1.2.weight   | nonzeros =      36 /      64             ( 56.25%) | total_pruned =      28 | shape = torch.Size([64])
1.7.1.7.1.2.bias     | nonzeros =       0 /      64             (  0.00%) | total_pruned =      64 | shape = torch.Size([64])
1.7.1.7.1.4.1.weight | nonzeros =    1220 /  102400             (  1.19%) | total_pruned =  101180 | shape = torch.Size([64, 64, 5, 5])
1.7.1.7.1.4.1.bias   | nonzeros =       0 /      64             (  0.00%) | total_pruned =      64 | shape = torch.Size([64])
1.7.1.7.1.5.weight   | nonzeros =      35 /      64             ( 54.69%) | total_pruned =      29 | shape = torch.Size([64])
1.7.1.7.1.5.bias     | nonzeros =       0 /      64             (  0.00%) | total_pruned =      64 | shape = torch.Size([64])
1.7.1.7.1.7.1.1.1.weight | nonzeros =    1877 /  204800             (  0.92%) | total_pruned =  202923 | shape = torch.Size([128, 64, 5, 5])
1.7.1.7.1.7.1.1.1.bias | nonzeros =       0 /     128             (  0.00%) | total_pruned =     128 | shape = torch.Size([128])
1.7.1.7.1.7.1.2.weight | nonzeros =      69 /     128             ( 53.91%) | total_pruned =      59 | shape = torch.Size([128])
1.7.1.7.1.7.1.2.bias | nonzeros =       0 /     128             (  0.00%) | total_pruned =     128 | shape = torch.Size([128])
1.7.1.7.1.7.1.4.1.weight | nonzeros =    3365 /  409600             (  0.82%) | total_pruned =  406235 | shape = torch.Size([128, 128, 5, 5])
1.7.1.7.1.7.1.4.1.bias | nonzeros =       0 /     128             (  0.00%) | total_pruned =     128 | shape = torch.Size([128])
1.7.1.7.1.7.1.5.weight | nonzeros =      72 /     128             ( 56.25%) | total_pruned =      56 | shape = torch.Size([128])
1.7.1.7.1.7.1.5.bias | nonzeros =       0 /     128             (  0.00%) | total_pruned =     128 | shape = torch.Size([128])
1.7.1.7.1.7.1.7.1.1.1.weight | nonzeros =    5345 /  409600             (  1.30%) | total_pruned =  404255 | shape = torch.Size([128, 128, 5, 5])
1.7.1.7.1.7.1.7.1.1.1.bias | nonzeros =       0 /     128             (  0.00%) | total_pruned =     128 | shape = torch.Size([128])
1.7.1.7.1.7.1.7.1.2.weight | nonzeros =      82 /     128             ( 64.06%) | total_pruned =      46 | shape = torch.Size([128])
1.7.1.7.1.7.1.7.1.2.bias | nonzeros =       0 /     128             (  0.00%) | total_pruned =     128 | shape = torch.Size([128])
1.7.1.7.1.7.1.7.1.4.1.weight | nonzeros =   10407 /  409600             (  2.54%) | total_pruned =  399193 | shape = torch.Size([128, 128, 5, 5])
1.7.1.7.1.7.1.7.1.4.1.bias | nonzeros =       0 /     128             (  0.00%) | total_pruned =     128 | shape = torch.Size([128])
1.7.1.7.1.7.1.7.1.5.weight | nonzeros =      91 /     128             ( 71.09%) | total_pruned =      37 | shape = torch.Size([128])
1.7.1.7.1.7.1.7.1.5.bias | nonzeros =       0 /     128             (  0.00%) | total_pruned =     128 | shape = torch.Size([128])
1.7.1.7.1.7.1.7.1.7.1.1.1.weight | nonzeros =   19232 /  409600             (  4.70%) | total_pruned =  390368 | shape = torch.Size([128, 128, 5, 5])
1.7.1.7.1.7.1.7.1.7.1.1.1.bias | nonzeros =       0 /     128             (  0.00%) | total_pruned =     128 | shape = torch.Size([128])
1.7.1.7.1.7.1.7.1.7.1.2.weight | nonzeros =      94 /     128             ( 73.44%) | total_pruned =      34 | shape = torch.Size([128])
1.7.1.7.1.7.1.7.1.7.1.2.bias | nonzeros =       0 /     128             (  0.00%) | total_pruned =     128 | shape = torch.Size([128])
1.7.1.7.1.7.1.7.1.7.1.4.1.weight | nonzeros =   30942 /  409600             (  7.55%) | total_pruned =  378658 | shape = torch.Size([128, 128, 5, 5])
1.7.1.7.1.7.1.7.1.7.1.4.1.bias | nonzeros =       0 /     128             (  0.00%) | total_pruned =     128 | shape = torch.Size([128])
1.7.1.7.1.7.1.7.1.7.1.5.weight | nonzeros =      88 /     128             ( 68.75%) | total_pruned =      40 | shape = torch.Size([128])
1.7.1.7.1.7.1.7.1.7.1.5.bias | nonzeros =       0 /     128             (  0.00%) | total_pruned =     128 | shape = torch.Size([128])
1.7.1.7.1.7.1.7.1.7.2.weight | nonzeros =      88 /     128             ( 68.75%) | total_pruned =      40 | shape = torch.Size([128])
1.7.1.7.1.7.1.7.1.7.2.bias | nonzeros =       0 /     128             (  0.00%) | total_pruned =     128 | shape = torch.Size([128])
1.7.1.7.1.7.1.7.1.7.3.1.weight | nonzeros =   22707 /  147456             ( 15.40%) | total_pruned =  124749 | shape = torch.Size([128, 128, 3, 3])
1.7.1.7.1.7.1.7.1.7.3.1.bias | nonzeros =       0 /     128             (  0.00%) | total_pruned =     128 | shape = torch.Size([128])
1.7.1.7.1.7.1.7.1.7.4.weight | nonzeros =      89 /     128             ( 69.53%) | total_pruned =      39 | shape = torch.Size([128])
1.7.1.7.1.7.1.7.1.7.4.bias | nonzeros =       0 /     128             (  0.00%) | total_pruned =     128 | shape = torch.Size([128])
1.7.1.7.1.7.1.7.2.weight | nonzeros =      89 /     128             ( 69.53%) | total_pruned =      39 | shape = torch.Size([128])
1.7.1.7.1.7.1.7.2.bias | nonzeros =       0 /     128             (  0.00%) | total_pruned =     128 | shape = torch.Size([128])
1.7.1.7.1.7.1.7.3.1.weight | nonzeros =   21433 /  147456             ( 14.54%) | total_pruned =  126023 | shape = torch.Size([128, 128, 3, 3])
1.7.1.7.1.7.1.7.3.1.bias | nonzeros =       0 /     128             (  0.00%) | total_pruned =     128 | shape = torch.Size([128])
1.7.1.7.1.7.1.7.4.weight | nonzeros =      78 /     128             ( 60.94%) | total_pruned =      50 | shape = torch.Size([128])
1.7.1.7.1.7.1.7.4.bias | nonzeros =       0 /     128             (  0.00%) | total_pruned =     128 | shape = torch.Size([128])
1.7.1.7.1.7.2.weight | nonzeros =      78 /     128             ( 60.94%) | total_pruned =      50 | shape = torch.Size([128])
1.7.1.7.1.7.2.bias   | nonzeros =       0 /     128             (  0.00%) | total_pruned =     128 | shape = torch.Size([128])
1.7.1.7.1.7.3.1.weight | nonzeros =   16359 /  147456             ( 11.09%) | total_pruned =  131097 | shape = torch.Size([128, 128, 3, 3])
1.7.1.7.1.7.3.1.bias | nonzeros =       0 /     128             (  0.00%) | total_pruned =     128 | shape = torch.Size([128])
1.7.1.7.1.7.4.weight | nonzeros =      65 /     128             ( 50.78%) | total_pruned =      63 | shape = torch.Size([128])
1.7.1.7.1.7.4.bias   | nonzeros =       0 /     128             (  0.00%) | total_pruned =     128 | shape = torch.Size([128])
1.7.1.7.2.weight     | nonzeros =      65 /     128             ( 50.78%) | total_pruned =      63 | shape = torch.Size([128])
1.7.1.7.2.bias       | nonzeros =       0 /     128             (  0.00%) | total_pruned =     128 | shape = torch.Size([128])
1.7.1.7.3.1.weight   | nonzeros =    9318 /   73728             ( 12.64%) | total_pruned =   64410 | shape = torch.Size([64, 128, 3, 3])
1.7.1.7.3.1.bias     | nonzeros =       0 /      64             (  0.00%) | total_pruned =      64 | shape = torch.Size([64])
1.7.1.7.4.weight     | nonzeros =      41 /      64             ( 64.06%) | total_pruned =      23 | shape = torch.Size([64])
1.7.1.7.4.bias       | nonzeros =       0 /      64             (  0.00%) | total_pruned =      64 | shape = torch.Size([64])
1.7.2.weight         | nonzeros =      41 /      64             ( 64.06%) | total_pruned =      23 | shape = torch.Size([64])
1.7.2.bias           | nonzeros =       0 /      64             (  0.00%) | total_pruned =      64 | shape = torch.Size([64])
1.7.3.1.weight       | nonzeros =    2219 /   18432             ( 12.04%) | total_pruned =   16213 | shape = torch.Size([32, 64, 3, 3])
1.7.3.1.bias         | nonzeros =       0 /      32             (  0.00%) | total_pruned =      32 | shape = torch.Size([32])
1.7.4.weight         | nonzeros =      13 /      32             ( 40.62%) | total_pruned =      19 | shape = torch.Size([32])
1.7.4.bias           | nonzeros =       0 /      32             (  0.00%) | total_pruned =      32 | shape = torch.Size([32])
2.weight             | nonzeros =      13 /      32             ( 40.62%) | total_pruned =      19 | shape = torch.Size([32])
2.bias               | nonzeros =       0 /      32             (  0.00%) | total_pruned =      32 | shape = torch.Size([32])
3.1.weight           | nonzeros =     835 /    4608             ( 18.12%) | total_pruned =    3773 | shape = torch.Size([16, 32, 3, 3])
3.1.bias             | nonzeros =       0 /      16             (  0.00%) | total_pruned =      16 | shape = torch.Size([16])
4.weight             | nonzeros =      16 /      16             (100.00%) | total_pruned =       0 | shape = torch.Size([16])
4.bias               | nonzeros =       0 /      16             (  0.00%) | total_pruned =      16 | shape = torch.Size([16])
6.1.weight           | nonzeros =      23 /      48             ( 47.92%) | total_pruned =      25 | shape = torch.Size([3, 16, 1, 1])
6.1.bias             | nonzeros =       2 /       3             ( 66.67%) | total_pruned =       1 | shape = torch.Size([3])
alive: 150443, pruned : 2858424, total: 3008867, Compression rate :      20.00x  ( 95.00% pruned)
(3, 512, 512) (3, 512, 512) (3, 512, 512)
PSNR of output image is:  19.970969493747887
Experiment done
