(3, 512, 512)
Noisy PSNR is '20.109688005552506'
(3, 512, 512) (3, 512, 512) torch.Size([1, 32, 512, 512])
Starting optimization with optimizer 'SAM'
Output directory: data/denoising/Dataset/mask/4/sparsity/unet/det/0.5/1e-09
epoch:  0 quantization_loss:  0.04039764776825905
p mean is: tensor(-7.2626e-07, device='cuda:4')
epoch:  1000 quantization_loss:  0.03507145866751671
p mean is: tensor(0.0002, device='cuda:4')
epoch:  2000 quantization_loss:  0.03434481471776962
p mean is: tensor(0.0004, device='cuda:4')
epoch:  3000 quantization_loss:  0.03400946408510208
p mean is: tensor(0.0003, device='cuda:4')
epoch:  4000 quantization_loss:  0.033759113401174545
p mean is: tensor(5.8433e-05, device='cuda:4')
epoch:  5000 quantization_loss:  0.03411521017551422
p mean is: tensor(-1.3242e-05, device='cuda:4')
epoch:  6000 quantization_loss:  0.033924758434295654
p mean is: tensor(-0.0001, device='cuda:4')
epoch:  7000 quantization_loss:  0.033624351024627686
p mean is: tensor(-0.0002, device='cuda:4')
epoch:  8000 quantization_loss:  0.03295699879527092
p mean is: tensor(-0.0004, device='cuda:4')
epoch:  9000 quantization_loss:  0.0313931442797184
p mean is: tensor(-0.0009, device='cuda:4')
epoch:  10000 quantization_loss:  0.028560837730765343
p mean is: tensor(-0.0013, device='cuda:4')
epoch:  11000 quantization_loss:  0.026065949350595474
p mean is: tensor(-0.0018, device='cuda:4')
epoch:  12000 quantization_loss:  0.023960109800100327
p mean is: tensor(-0.0023, device='cuda:4')
epoch:  13000 quantization_loss:  0.022245237603783607
p mean is: tensor(-0.0027, device='cuda:4')
epoch:  14000 quantization_loss:  0.021231308579444885
p mean is: tensor(-0.0030, device='cuda:4')
epoch:  15000 quantization_loss:  0.02010984718799591
p mean is: tensor(-0.0033, device='cuda:4')
epoch:  16000 quantization_loss:  0.019624551758170128
p mean is: tensor(-0.0033, device='cuda:4')
epoch:  17000 quantization_loss:  0.019071338698267937
p mean is: tensor(-0.0031, device='cuda:4')
epoch:  18000 quantization_loss:  0.01810188591480255
p mean is: tensor(-0.0028, device='cuda:4')
epoch:  19000 quantization_loss:  0.01757279969751835
p mean is: tensor(-0.0022, device='cuda:4')
epoch:  20000 quantization_loss:  0.017157552763819695
p mean is: tensor(-0.0016, device='cuda:4')
epoch:  21000 quantization_loss:  0.01690967194736004
p mean is: tensor(-0.0009, device='cuda:4')
epoch:  22000 quantization_loss:  0.01672898232936859
p mean is: tensor(-0.0002, device='cuda:4')
epoch:  23000 quantization_loss:  0.016429772600531578
p mean is: tensor(0.0008, device='cuda:4')
epoch:  24000 quantization_loss:  0.016211682930588722
p mean is: tensor(0.0017, device='cuda:4')
epoch:  25000 quantization_loss:  0.01603209599852562
p mean is: tensor(0.0024, device='cuda:4')
epoch:  26000 quantization_loss:  0.015914496034383774
p mean is: tensor(0.0030, device='cuda:4')
epoch:  27000 quantization_loss:  0.0157626923173666
p mean is: tensor(0.0037, device='cuda:4')
epoch:  28000 quantization_loss:  0.01566024124622345
p mean is: tensor(0.0043, device='cuda:4')
epoch:  29000 quantization_loss:  0.015522154979407787
p mean is: tensor(0.0049, device='cuda:4')
epoch:  30000 quantization_loss:  0.015495632775127888
p mean is: tensor(0.0055, device='cuda:4')
epoch:  31000 quantization_loss:  0.015322912484407425
p mean is: tensor(0.0060, device='cuda:4')
epoch:  32000 quantization_loss:  0.015263206325471401
p mean is: tensor(0.0064, device='cuda:4')
epoch:  33000 quantization_loss:  0.015228986740112305
p mean is: tensor(0.0068, device='cuda:4')
epoch:  34000 quantization_loss:  0.015115608461201191
p mean is: tensor(0.0072, device='cuda:4')
epoch:  35000 quantization_loss:  0.015068533830344677
p mean is: tensor(0.0074, device='cuda:4')
epoch:  36000 quantization_loss:  0.015006865374743938
p mean is: tensor(0.0077, device='cuda:4')
epoch:  37000 quantization_loss:  0.014957866631448269
p mean is: tensor(0.0079, device='cuda:4')
epoch:  38000 quantization_loss:  0.014899520203471184
p mean is: tensor(0.0080, device='cuda:4')
epoch:  39000 quantization_loss:  0.014858780428767204
p mean is: tensor(0.0082, device='cuda:4')
epoch:  40000 quantization_loss:  0.014842003583908081
p mean is: tensor(0.0083, device='cuda:4')
epoch:  41000 quantization_loss:  0.0148048996925354
p mean is: tensor(0.0083, device='cuda:4')
epoch:  42000 quantization_loss:  0.014761790633201599
p mean is: tensor(0.0084, device='cuda:4')
epoch:  43000 quantization_loss:  0.014757907949388027
p mean is: tensor(0.0085, device='cuda:4')
epoch:  44000 quantization_loss:  0.014736667275428772
p mean is: tensor(0.0086, device='cuda:4')
epoch:  45000 quantization_loss:  0.014916502870619297
p mean is: tensor(0.0086, device='cuda:4')
epoch:  46000 quantization_loss:  0.014685126952826977
p mean is: tensor(0.0086, device='cuda:4')
epoch:  47000 quantization_loss:  0.01465960219502449
p mean is: tensor(0.0086, device='cuda:4')
epoch:  48000 quantization_loss:  0.014661161229014397
p mean is: tensor(0.0087, device='cuda:4')
epoch:  49000 quantization_loss:  0.01463413704186678
p mean is: tensor(0.0087, device='cuda:4')
epoch:  50000 quantization_loss:  0.014616857282817364
p mean is: tensor(0.0087, device='cuda:4')
epoch:  51000 quantization_loss:  0.01461097877472639
p mean is: tensor(0.0086, device='cuda:4')
epoch:  52000 quantization_loss:  0.014590947888791561
p mean is: tensor(0.0086, device='cuda:4')
epoch:  53000 quantization_loss:  0.014587919227778912
p mean is: tensor(0.0086, device='cuda:4')
epoch:  54000 quantization_loss:  0.01447103638201952
p mean is: tensor(0.0086, device='cuda:4')
epoch:  55000 quantization_loss:  0.014457132667303085
p mean is: tensor(0.0086, device='cuda:4')
epoch:  56000 quantization_loss:  0.014469855464994907
p mean is: tensor(0.0086, device='cuda:4')
epoch:  57000 quantization_loss:  0.01440993882715702
p mean is: tensor(0.0086, device='cuda:4')
epoch:  58000 quantization_loss:  0.014395913109183311
p mean is: tensor(0.0085, device='cuda:4')
epoch:  59000 quantization_loss:  0.014399103820323944
p mean is: tensor(0.0084, device='cuda:4')
Number of elements to keep: 1504433
Threshold value: -5.586870770457608e-07
Number of elements equal to threshold: 1
Number of elements to randomly select: 1
Actual sparsity achieved: 0.49999983382449276
Number of elements to keep: 1504433
Threshold value: -5.586870770457608e-07
Number of elements equal to threshold: 1
Number of elements to randomly select: 1
Actual sparsity achieved: 0.49999983382449276
1.1.1.weight         | nonzeros =    6470 /   12800             ( 50.55%) | total_pruned =    6330 | shape = torch.Size([16, 32, 5, 5])
1.1.1.bias           | nonzeros =       9 /      16             ( 56.25%) | total_pruned =       7 | shape = torch.Size([16])
1.2.weight           | nonzeros =       8 /      16             ( 50.00%) | total_pruned =       8 | shape = torch.Size([16])
1.2.bias             | nonzeros =       0 /      16             (  0.00%) | total_pruned =      16 | shape = torch.Size([16])
1.4.1.weight         | nonzeros =    3156 /    6400             ( 49.31%) | total_pruned =    3244 | shape = torch.Size([16, 16, 5, 5])
1.4.1.bias           | nonzeros =      12 /      16             ( 75.00%) | total_pruned =       4 | shape = torch.Size([16])
1.5.weight           | nonzeros =       7 /      16             ( 43.75%) | total_pruned =       9 | shape = torch.Size([16])
1.5.bias             | nonzeros =       0 /      16             (  0.00%) | total_pruned =      16 | shape = torch.Size([16])
1.7.1.1.1.weight     | nonzeros =    6436 /   12800             ( 50.28%) | total_pruned =    6364 | shape = torch.Size([32, 16, 5, 5])
1.7.1.1.1.bias       | nonzeros =      31 /      32             ( 96.88%) | total_pruned =       1 | shape = torch.Size([32])
1.7.1.2.weight       | nonzeros =      19 /      32             ( 59.38%) | total_pruned =      13 | shape = torch.Size([32])
1.7.1.2.bias         | nonzeros =       0 /      32             (  0.00%) | total_pruned =      32 | shape = torch.Size([32])
1.7.1.4.1.weight     | nonzeros =   12804 /   25600             ( 50.02%) | total_pruned =   12796 | shape = torch.Size([32, 32, 5, 5])
1.7.1.4.1.bias       | nonzeros =      32 /      32             (100.00%) | total_pruned =       0 | shape = torch.Size([32])
1.7.1.5.weight       | nonzeros =      17 /      32             ( 53.12%) | total_pruned =      15 | shape = torch.Size([32])
1.7.1.5.bias         | nonzeros =       0 /      32             (  0.00%) | total_pruned =      32 | shape = torch.Size([32])
1.7.1.7.1.1.1.weight | nonzeros =   25855 /   51200             ( 50.50%) | total_pruned =   25345 | shape = torch.Size([64, 32, 5, 5])
1.7.1.7.1.1.1.bias   | nonzeros =      64 /      64             (100.00%) | total_pruned =       0 | shape = torch.Size([64])
1.7.1.7.1.2.weight   | nonzeros =      45 /      64             ( 70.31%) | total_pruned =      19 | shape = torch.Size([64])
1.7.1.7.1.2.bias     | nonzeros =       0 /      64             (  0.00%) | total_pruned =      64 | shape = torch.Size([64])
1.7.1.7.1.4.1.weight | nonzeros =   51333 /  102400             ( 50.13%) | total_pruned =   51067 | shape = torch.Size([64, 64, 5, 5])
1.7.1.7.1.4.1.bias   | nonzeros =      64 /      64             (100.00%) | total_pruned =       0 | shape = torch.Size([64])
1.7.1.7.1.5.weight   | nonzeros =      43 /      64             ( 67.19%) | total_pruned =      21 | shape = torch.Size([64])
1.7.1.7.1.5.bias     | nonzeros =       0 /      64             (  0.00%) | total_pruned =      64 | shape = torch.Size([64])
1.7.1.7.1.7.1.1.1.weight | nonzeros =  102649 /  204800             ( 50.12%) | total_pruned =  102151 | shape = torch.Size([128, 64, 5, 5])
1.7.1.7.1.7.1.1.1.bias | nonzeros =     128 /     128             (100.00%) | total_pruned =       0 | shape = torch.Size([128])
1.7.1.7.1.7.1.2.weight | nonzeros =      80 /     128             ( 62.50%) | total_pruned =      48 | shape = torch.Size([128])
1.7.1.7.1.7.1.2.bias | nonzeros =       0 /     128             (  0.00%) | total_pruned =     128 | shape = torch.Size([128])
1.7.1.7.1.7.1.4.1.weight | nonzeros =  205502 /  409600             ( 50.17%) | total_pruned =  204098 | shape = torch.Size([128, 128, 5, 5])
1.7.1.7.1.7.1.4.1.bias | nonzeros =     128 /     128             (100.00%) | total_pruned =       0 | shape = torch.Size([128])
1.7.1.7.1.7.1.5.weight | nonzeros =      82 /     128             ( 64.06%) | total_pruned =      46 | shape = torch.Size([128])
1.7.1.7.1.7.1.5.bias | nonzeros =       0 /     128             (  0.00%) | total_pruned =     128 | shape = torch.Size([128])
1.7.1.7.1.7.1.7.1.1.1.weight | nonzeros =  205970 /  409600             ( 50.29%) | total_pruned =  203630 | shape = torch.Size([128, 128, 5, 5])
1.7.1.7.1.7.1.7.1.1.1.bias | nonzeros =     128 /     128             (100.00%) | total_pruned =       0 | shape = torch.Size([128])
1.7.1.7.1.7.1.7.1.2.weight | nonzeros =      84 /     128             ( 65.62%) | total_pruned =      44 | shape = torch.Size([128])
1.7.1.7.1.7.1.7.1.2.bias | nonzeros =       0 /     128             (  0.00%) | total_pruned =     128 | shape = torch.Size([128])
1.7.1.7.1.7.1.7.1.4.1.weight | nonzeros =  205661 /  409600             ( 50.21%) | total_pruned =  203939 | shape = torch.Size([128, 128, 5, 5])
1.7.1.7.1.7.1.7.1.4.1.bias | nonzeros =     128 /     128             (100.00%) | total_pruned =       0 | shape = torch.Size([128])
1.7.1.7.1.7.1.7.1.5.weight | nonzeros =     103 /     128             ( 80.47%) | total_pruned =      25 | shape = torch.Size([128])
1.7.1.7.1.7.1.7.1.5.bias | nonzeros =       0 /     128             (  0.00%) | total_pruned =     128 | shape = torch.Size([128])
1.7.1.7.1.7.1.7.1.7.1.1.1.weight | nonzeros =  206120 /  409600             ( 50.32%) | total_pruned =  203480 | shape = torch.Size([128, 128, 5, 5])
1.7.1.7.1.7.1.7.1.7.1.1.1.bias | nonzeros =     128 /     128             (100.00%) | total_pruned =       0 | shape = torch.Size([128])
1.7.1.7.1.7.1.7.1.7.1.2.weight | nonzeros =     110 /     128             ( 85.94%) | total_pruned =      18 | shape = torch.Size([128])
1.7.1.7.1.7.1.7.1.7.1.2.bias | nonzeros =       0 /     128             (  0.00%) | total_pruned =     128 | shape = torch.Size([128])
1.7.1.7.1.7.1.7.1.7.1.4.1.weight | nonzeros =  204855 /  409600             ( 50.01%) | total_pruned =  204745 | shape = torch.Size([128, 128, 5, 5])
1.7.1.7.1.7.1.7.1.7.1.4.1.bias | nonzeros =     128 /     128             (100.00%) | total_pruned =       0 | shape = torch.Size([128])
1.7.1.7.1.7.1.7.1.7.1.5.weight | nonzeros =      79 /     128             ( 61.72%) | total_pruned =      49 | shape = torch.Size([128])
1.7.1.7.1.7.1.7.1.7.1.5.bias | nonzeros =       0 /     128             (  0.00%) | total_pruned =     128 | shape = torch.Size([128])
1.7.1.7.1.7.1.7.1.7.2.weight | nonzeros =      78 /     128             ( 60.94%) | total_pruned =      50 | shape = torch.Size([128])
1.7.1.7.1.7.1.7.1.7.2.bias | nonzeros =       0 /     128             (  0.00%) | total_pruned =     128 | shape = torch.Size([128])
1.7.1.7.1.7.1.7.1.7.3.1.weight | nonzeros =   71538 /  147456             ( 48.51%) | total_pruned =   75918 | shape = torch.Size([128, 128, 3, 3])
1.7.1.7.1.7.1.7.1.7.3.1.bias | nonzeros =     125 /     128             ( 97.66%) | total_pruned =       3 | shape = torch.Size([128])
1.7.1.7.1.7.1.7.1.7.4.weight | nonzeros =      85 /     128             ( 66.41%) | total_pruned =      43 | shape = torch.Size([128])
1.7.1.7.1.7.1.7.1.7.4.bias | nonzeros =       0 /     128             (  0.00%) | total_pruned =     128 | shape = torch.Size([128])
1.7.1.7.1.7.1.7.2.weight | nonzeros =      84 /     128             ( 65.62%) | total_pruned =      44 | shape = torch.Size([128])
1.7.1.7.1.7.1.7.2.bias | nonzeros =       0 /     128             (  0.00%) | total_pruned =     128 | shape = torch.Size([128])
1.7.1.7.1.7.1.7.3.1.weight | nonzeros =   72121 /  147456             ( 48.91%) | total_pruned =   75335 | shape = torch.Size([128, 128, 3, 3])
1.7.1.7.1.7.1.7.3.1.bias | nonzeros =     113 /     128             ( 88.28%) | total_pruned =      15 | shape = torch.Size([128])
1.7.1.7.1.7.1.7.4.weight | nonzeros =      77 /     128             ( 60.16%) | total_pruned =      51 | shape = torch.Size([128])
1.7.1.7.1.7.1.7.4.bias | nonzeros =       0 /     128             (  0.00%) | total_pruned =     128 | shape = torch.Size([128])
1.7.1.7.1.7.2.weight | nonzeros =      77 /     128             ( 60.16%) | total_pruned =      51 | shape = torch.Size([128])
1.7.1.7.1.7.2.bias   | nonzeros =       0 /     128             (  0.00%) | total_pruned =     128 | shape = torch.Size([128])
1.7.1.7.1.7.3.1.weight | nonzeros =   71357 /  147456             ( 48.39%) | total_pruned =   76099 | shape = torch.Size([128, 128, 3, 3])
1.7.1.7.1.7.3.1.bias | nonzeros =     100 /     128             ( 78.12%) | total_pruned =      28 | shape = torch.Size([128])
1.7.1.7.1.7.4.weight | nonzeros =      85 /     128             ( 66.41%) | total_pruned =      43 | shape = torch.Size([128])
1.7.1.7.1.7.4.bias   | nonzeros =       0 /     128             (  0.00%) | total_pruned =     128 | shape = torch.Size([128])
1.7.1.7.2.weight     | nonzeros =      84 /     128             ( 65.62%) | total_pruned =      44 | shape = torch.Size([128])
1.7.1.7.2.bias       | nonzeros =       0 /     128             (  0.00%) | total_pruned =     128 | shape = torch.Size([128])
1.7.1.7.3.1.weight   | nonzeros =   36451 /   73728             ( 49.44%) | total_pruned =   37277 | shape = torch.Size([64, 128, 3, 3])
1.7.1.7.3.1.bias     | nonzeros =      48 /      64             ( 75.00%) | total_pruned =      16 | shape = torch.Size([64])
1.7.1.7.4.weight     | nonzeros =      33 /      64             ( 51.56%) | total_pruned =      31 | shape = torch.Size([64])
1.7.1.7.4.bias       | nonzeros =       0 /      64             (  0.00%) | total_pruned =      64 | shape = torch.Size([64])
1.7.2.weight         | nonzeros =      33 /      64             ( 51.56%) | total_pruned =      31 | shape = torch.Size([64])
1.7.2.bias           | nonzeros =       0 /      64             (  0.00%) | total_pruned =      64 | shape = torch.Size([64])
1.7.3.1.weight       | nonzeros =    9096 /   18432             ( 49.35%) | total_pruned =    9336 | shape = torch.Size([32, 64, 3, 3])
1.7.3.1.bias         | nonzeros =      18 /      32             ( 56.25%) | total_pruned =      14 | shape = torch.Size([32])
1.7.4.weight         | nonzeros =      22 /      32             ( 68.75%) | total_pruned =      10 | shape = torch.Size([32])
1.7.4.bias           | nonzeros =       0 /      32             (  0.00%) | total_pruned =      32 | shape = torch.Size([32])
2.weight             | nonzeros =      22 /      32             ( 68.75%) | total_pruned =      10 | shape = torch.Size([32])
2.bias               | nonzeros =       0 /      32             (  0.00%) | total_pruned =      32 | shape = torch.Size([32])
3.1.weight           | nonzeros =    2178 /    4608             ( 47.27%) | total_pruned =    2430 | shape = torch.Size([16, 32, 3, 3])
3.1.bias             | nonzeros =       5 /      16             ( 31.25%) | total_pruned =      11 | shape = torch.Size([16])
4.weight             | nonzeros =      14 /      16             ( 87.50%) | total_pruned =       2 | shape = torch.Size([16])
4.bias               | nonzeros =       0 /      16             (  0.00%) | total_pruned =      16 | shape = torch.Size([16])
6.1.weight           | nonzeros =      22 /      48             ( 45.83%) | total_pruned =      26 | shape = torch.Size([3, 16, 1, 1])
6.1.bias             | nonzeros =       3 /       3             (100.00%) | total_pruned =       0 | shape = torch.Size([3])
alive: 1502337, pruned : 1506530, total: 3008867, Compression rate :       2.00x  ( 50.07% pruned)
(3, 512, 512) (3, 512, 512) (3, 512, 512)
PSNR of output image is:  23.06110378197807
Experiment done
