(3, 512, 512)
Noisy PSNR is '20.406712259803474'
Starting optimization with optimizer 'SAM'
Output directory where image taken from: data/denoising/Dataset/mask/1/sparsity/unet/det/0.02/1e-09
Output directory where results stored: data/denoising/Dataset/mask/1/sparsity/unet/det/0.02/1e-09/out_sparsenet/0.1
1.1.1.weight         | nonzeros =     852 /   12800             (  6.66%) | total_pruned =   11948 | shape = torch.Size([16, 32, 5, 5])
1.1.1.bias           | nonzeros =       0 /      16             (  0.00%) | total_pruned =      16 | shape = torch.Size([16])
1.2.weight           | nonzeros =       7 /      16             ( 43.75%) | total_pruned =       9 | shape = torch.Size([16])
1.2.bias             | nonzeros =       0 /      16             (  0.00%) | total_pruned =      16 | shape = torch.Size([16])
1.4.1.weight         | nonzeros =     144 /    6400             (  2.25%) | total_pruned =    6256 | shape = torch.Size([16, 16, 5, 5])
1.4.1.bias           | nonzeros =       0 /      16             (  0.00%) | total_pruned =      16 | shape = torch.Size([16])
1.5.weight           | nonzeros =       7 /      16             ( 43.75%) | total_pruned =       9 | shape = torch.Size([16])
1.5.bias             | nonzeros =       0 /      16             (  0.00%) | total_pruned =      16 | shape = torch.Size([16])
1.7.1.1.1.weight     | nonzeros =     166 /   12800             (  1.30%) | total_pruned =   12634 | shape = torch.Size([32, 16, 5, 5])
1.7.1.1.1.bias       | nonzeros =       0 /      32             (  0.00%) | total_pruned =      32 | shape = torch.Size([32])
1.7.1.2.weight       | nonzeros =      11 /      32             ( 34.38%) | total_pruned =      21 | shape = torch.Size([32])
1.7.1.2.bias         | nonzeros =       0 /      32             (  0.00%) | total_pruned =      32 | shape = torch.Size([32])
1.7.1.4.1.weight     | nonzeros =     208 /   25600             (  0.81%) | total_pruned =   25392 | shape = torch.Size([32, 32, 5, 5])
1.7.1.4.1.bias       | nonzeros =       0 /      32             (  0.00%) | total_pruned =      32 | shape = torch.Size([32])
1.7.1.5.weight       | nonzeros =      15 /      32             ( 46.88%) | total_pruned =      17 | shape = torch.Size([32])
1.7.1.5.bias         | nonzeros =       0 /      32             (  0.00%) | total_pruned =      32 | shape = torch.Size([32])
1.7.1.7.1.1.1.weight | nonzeros =     305 /   51200             (  0.60%) | total_pruned =   50895 | shape = torch.Size([64, 32, 5, 5])
1.7.1.7.1.1.1.bias   | nonzeros =       0 /      64             (  0.00%) | total_pruned =      64 | shape = torch.Size([64])
1.7.1.7.1.2.weight   | nonzeros =      25 /      64             ( 39.06%) | total_pruned =      39 | shape = torch.Size([64])
1.7.1.7.1.2.bias     | nonzeros =       0 /      64             (  0.00%) | total_pruned =      64 | shape = torch.Size([64])
1.7.1.7.1.4.1.weight | nonzeros =     513 /  102400             (  0.50%) | total_pruned =  101887 | shape = torch.Size([64, 64, 5, 5])
1.7.1.7.1.4.1.bias   | nonzeros =       0 /      64             (  0.00%) | total_pruned =      64 | shape = torch.Size([64])
1.7.1.7.1.5.weight   | nonzeros =      28 /      64             ( 43.75%) | total_pruned =      36 | shape = torch.Size([64])
1.7.1.7.1.5.bias     | nonzeros =       0 /      64             (  0.00%) | total_pruned =      64 | shape = torch.Size([64])
1.7.1.7.1.7.1.1.1.weight | nonzeros =     993 /  204800             (  0.48%) | total_pruned =  203807 | shape = torch.Size([128, 64, 5, 5])
1.7.1.7.1.7.1.1.1.bias | nonzeros =       0 /     128             (  0.00%) | total_pruned =     128 | shape = torch.Size([128])
1.7.1.7.1.7.1.2.weight | nonzeros =      50 /     128             ( 39.06%) | total_pruned =      78 | shape = torch.Size([128])
1.7.1.7.1.7.1.2.bias | nonzeros =       0 /     128             (  0.00%) | total_pruned =     128 | shape = torch.Size([128])
1.7.1.7.1.7.1.4.1.weight | nonzeros =    1634 /  409600             (  0.40%) | total_pruned =  407966 | shape = torch.Size([128, 128, 5, 5])
1.7.1.7.1.7.1.4.1.bias | nonzeros =       0 /     128             (  0.00%) | total_pruned =     128 | shape = torch.Size([128])
1.7.1.7.1.7.1.5.weight | nonzeros =      56 /     128             ( 43.75%) | total_pruned =      72 | shape = torch.Size([128])
1.7.1.7.1.7.1.5.bias | nonzeros =       0 /     128             (  0.00%) | total_pruned =     128 | shape = torch.Size([128])
1.7.1.7.1.7.1.7.1.1.1.weight | nonzeros =    2487 /  409600             (  0.61%) | total_pruned =  407113 | shape = torch.Size([128, 128, 5, 5])
1.7.1.7.1.7.1.7.1.1.1.bias | nonzeros =       0 /     128             (  0.00%) | total_pruned =     128 | shape = torch.Size([128])
1.7.1.7.1.7.1.7.1.2.weight | nonzeros =      62 /     128             ( 48.44%) | total_pruned =      66 | shape = torch.Size([128])
1.7.1.7.1.7.1.7.1.2.bias | nonzeros =       0 /     128             (  0.00%) | total_pruned =     128 | shape = torch.Size([128])
1.7.1.7.1.7.1.7.1.4.1.weight | nonzeros =    4350 /  409600             (  1.06%) | total_pruned =  405250 | shape = torch.Size([128, 128, 5, 5])
1.7.1.7.1.7.1.7.1.4.1.bias | nonzeros =       0 /     128             (  0.00%) | total_pruned =     128 | shape = torch.Size([128])
1.7.1.7.1.7.1.7.1.5.weight | nonzeros =      70 /     128             ( 54.69%) | total_pruned =      58 | shape = torch.Size([128])
1.7.1.7.1.7.1.7.1.5.bias | nonzeros =       0 /     128             (  0.00%) | total_pruned =     128 | shape = torch.Size([128])
1.7.1.7.1.7.1.7.1.7.1.1.1.weight | nonzeros =    9634 /  409600             (  2.35%) | total_pruned =  399966 | shape = torch.Size([128, 128, 5, 5])
1.7.1.7.1.7.1.7.1.7.1.1.1.bias | nonzeros =       0 /     128             (  0.00%) | total_pruned =     128 | shape = torch.Size([128])
1.7.1.7.1.7.1.7.1.7.1.2.weight | nonzeros =      83 /     128             ( 64.84%) | total_pruned =      45 | shape = torch.Size([128])
1.7.1.7.1.7.1.7.1.7.1.2.bias | nonzeros =       0 /     128             (  0.00%) | total_pruned =     128 | shape = torch.Size([128])
1.7.1.7.1.7.1.7.1.7.1.4.1.weight | nonzeros =   14349 /  409600             (  3.50%) | total_pruned =  395251 | shape = torch.Size([128, 128, 5, 5])
1.7.1.7.1.7.1.7.1.7.1.4.1.bias | nonzeros =       0 /     128             (  0.00%) | total_pruned =     128 | shape = torch.Size([128])
1.7.1.7.1.7.1.7.1.7.1.5.weight | nonzeros =      66 /     128             ( 51.56%) | total_pruned =      62 | shape = torch.Size([128])
1.7.1.7.1.7.1.7.1.7.1.5.bias | nonzeros =       0 /     128             (  0.00%) | total_pruned =     128 | shape = torch.Size([128])
1.7.1.7.1.7.1.7.1.7.2.weight | nonzeros =      66 /     128             ( 51.56%) | total_pruned =      62 | shape = torch.Size([128])
1.7.1.7.1.7.1.7.1.7.2.bias | nonzeros =       0 /     128             (  0.00%) | total_pruned =     128 | shape = torch.Size([128])
1.7.1.7.1.7.1.7.1.7.3.1.weight | nonzeros =    7050 /  147456             (  4.78%) | total_pruned =  140406 | shape = torch.Size([128, 128, 3, 3])
1.7.1.7.1.7.1.7.1.7.3.1.bias | nonzeros =       0 /     128             (  0.00%) | total_pruned =     128 | shape = torch.Size([128])
1.7.1.7.1.7.1.7.1.7.4.weight | nonzeros =      44 /     128             ( 34.38%) | total_pruned =      84 | shape = torch.Size([128])
1.7.1.7.1.7.1.7.1.7.4.bias | nonzeros =       0 /     128             (  0.00%) | total_pruned =     128 | shape = torch.Size([128])
1.7.1.7.1.7.1.7.2.weight | nonzeros =      44 /     128             ( 34.38%) | total_pruned =      84 | shape = torch.Size([128])
1.7.1.7.1.7.1.7.2.bias | nonzeros =       0 /     128             (  0.00%) | total_pruned =     128 | shape = torch.Size([128])
1.7.1.7.1.7.1.7.3.1.weight | nonzeros =    5620 /  147456             (  3.81%) | total_pruned =  141836 | shape = torch.Size([128, 128, 3, 3])
1.7.1.7.1.7.1.7.3.1.bias | nonzeros =       0 /     128             (  0.00%) | total_pruned =     128 | shape = torch.Size([128])
1.7.1.7.1.7.1.7.4.weight | nonzeros =      49 /     128             ( 38.28%) | total_pruned =      79 | shape = torch.Size([128])
1.7.1.7.1.7.1.7.4.bias | nonzeros =       0 /     128             (  0.00%) | total_pruned =     128 | shape = torch.Size([128])
1.7.1.7.1.7.2.weight | nonzeros =      49 /     128             ( 38.28%) | total_pruned =      79 | shape = torch.Size([128])
1.7.1.7.1.7.2.bias   | nonzeros =       0 /     128             (  0.00%) | total_pruned =     128 | shape = torch.Size([128])
1.7.1.7.1.7.3.1.weight | nonzeros =    4931 /  147456             (  3.34%) | total_pruned =  142525 | shape = torch.Size([128, 128, 3, 3])
1.7.1.7.1.7.3.1.bias | nonzeros =       0 /     128             (  0.00%) | total_pruned =     128 | shape = torch.Size([128])
1.7.1.7.1.7.4.weight | nonzeros =      46 /     128             ( 35.94%) | total_pruned =      82 | shape = torch.Size([128])
1.7.1.7.1.7.4.bias   | nonzeros =       0 /     128             (  0.00%) | total_pruned =     128 | shape = torch.Size([128])
1.7.1.7.2.weight     | nonzeros =      46 /     128             ( 35.94%) | total_pruned =      82 | shape = torch.Size([128])
1.7.1.7.2.bias       | nonzeros =       0 /     128             (  0.00%) | total_pruned =     128 | shape = torch.Size([128])
1.7.1.7.3.1.weight   | nonzeros =    3059 /   73728             (  4.15%) | total_pruned =   70669 | shape = torch.Size([64, 128, 3, 3])
1.7.1.7.3.1.bias     | nonzeros =       0 /      64             (  0.00%) | total_pruned =      64 | shape = torch.Size([64])
1.7.1.7.4.weight     | nonzeros =      24 /      64             ( 37.50%) | total_pruned =      40 | shape = torch.Size([64])
1.7.1.7.4.bias       | nonzeros =       0 /      64             (  0.00%) | total_pruned =      64 | shape = torch.Size([64])
1.7.2.weight         | nonzeros =      24 /      64             ( 37.50%) | total_pruned =      40 | shape = torch.Size([64])
1.7.2.bias           | nonzeros =       0 /      64             (  0.00%) | total_pruned =      64 | shape = torch.Size([64])
1.7.3.1.weight       | nonzeros =    1885 /   18432             ( 10.23%) | total_pruned =   16547 | shape = torch.Size([32, 64, 3, 3])
1.7.3.1.bias         | nonzeros =       0 /      32             (  0.00%) | total_pruned =      32 | shape = torch.Size([32])
1.7.4.weight         | nonzeros =      20 /      32             ( 62.50%) | total_pruned =      12 | shape = torch.Size([32])
1.7.4.bias           | nonzeros =       0 /      32             (  0.00%) | total_pruned =      32 | shape = torch.Size([32])
2.weight             | nonzeros =      20 /      32             ( 62.50%) | total_pruned =      12 | shape = torch.Size([32])
2.bias               | nonzeros =       0 /      32             (  0.00%) | total_pruned =      32 | shape = torch.Size([32])
3.1.weight           | nonzeros =    1044 /    4608             ( 22.66%) | total_pruned =    3564 | shape = torch.Size([16, 32, 3, 3])
3.1.bias             | nonzeros =       0 /      16             (  0.00%) | total_pruned =      16 | shape = torch.Size([16])
4.weight             | nonzeros =      14 /      16             ( 87.50%) | total_pruned =       2 | shape = torch.Size([16])
4.bias               | nonzeros =       0 /      16             (  0.00%) | total_pruned =      16 | shape = torch.Size([16])
6.1.weight           | nonzeros =      25 /      48             ( 52.08%) | total_pruned =      23 | shape = torch.Size([3, 16, 1, 1])
6.1.bias             | nonzeros =       2 /       3             ( 66.67%) | total_pruned =       1 | shape = torch.Size([3])
alive: 60177, pruned : 2948690, total: 3008867, Compression rate :      50.00x  ( 98.00% pruned)
epoch:  0 loss:  0.03922196477651596 PSNR:  14.990219634215238 PSNR_noisy:  14.064706504512891
epoch:  200 loss:  0.011247526854276657 PSNR:  26.27033255821543 PSNR_noisy:  19.489429645813097
epoch:  400 loss:  0.010378853417932987 PSNR:  28.1557464991484 PSNR_noisy:  19.838506317039666
epoch:  600 loss:  0.010102563537657261 PSNR:  28.802809478090552 PSNR_noisy:  19.955684310001203
epoch:  800 loss:  0.00996315199881792 PSNR:  29.100991661376852 PSNR_noisy:  20.01603267267248
epoch:  1000 loss:  0.009867701679468155 PSNR:  29.227891146721895 PSNR_noisy:  20.05783976313459
epoch:  1200 loss:  0.009714665822684765 PSNR:  29.551924537258184 PSNR_noisy:  20.12572152719428
epoch:  1400 loss:  0.009672649204730988 PSNR:  29.443374924720402 PSNR_noisy:  20.144546087796865
epoch:  1600 loss:  0.009615430608391762 PSNR:  29.59724483246246 PSNR_noisy:  20.170313004813146
epoch:  1800 loss:  0.009555160999298096 PSNR:  29.591757601215875 PSNR_noisy:  20.197619654318267
epoch:  2000 loss:  0.009492971003055573 PSNR:  29.554619318948365 PSNR_noisy:  20.225978500560785
epoch:  2200 loss:  0.009484170004725456 PSNR:  29.44941648481507 PSNR_noisy:  20.23000709455209
epoch:  2400 loss:  0.009508069604635239 PSNR:  29.184186616240453 PSNR_noisy:  20.219076647937094
epoch:  2600 loss:  0.009387984871864319 PSNR:  29.468715602507665 PSNR_noisy:  20.274276113577656
epoch:  2800 loss:  0.009388579055666924 PSNR:  29.606163625709865 PSNR_noisy:  20.274001461881195
epoch:  3000 loss:  0.009381629526615143 PSNR:  29.357289017526398 PSNR_noisy:  20.277217029667
epoch:  3200 loss:  0.00931836012750864 PSNR:  29.663411853403062 PSNR_noisy:  20.30660514485266
epoch:  3400 loss:  0.009318346157670021 PSNR:  29.596210157486883 PSNR_noisy:  20.306611785336347
epoch:  3600 loss:  0.00927004311233759 PSNR:  29.492051845582992 PSNR_noisy:  20.329182396668326
epoch:  3800 loss:  0.009259856306016445 PSNR:  29.578622869365073 PSNR_noisy:  20.333957899887274
epoch:  4000 loss:  0.009273878298699856 PSNR:  29.658472238539662 PSNR_noisy:  20.327386457275395
epoch:  4200 loss:  0.009272143244743347 PSNR:  29.34048353072893 PSNR_noisy:  20.32819900506018
epoch:  4400 loss:  0.009263520129024982 PSNR:  29.41963766799808 PSNR_noisy:  20.33223944780851
epoch:  4600 loss:  0.009226023219525814 PSNR:  29.42199595216636 PSNR_noisy:  20.349854713970096
epoch:  4800 loss:  0.009247545152902603 PSNR:  29.535673925767725 PSNR_noisy:  20.339735403320574
epoch:  5000 loss:  0.009229076094925404 PSNR:  29.235527546804434 PSNR_noisy:  20.34841788323284
epoch:  5200 loss:  0.009195447899401188 PSNR:  29.39695407907883 PSNR_noisy:  20.364271189799577
epoch:  5400 loss:  0.009217523969709873 PSNR:  29.552865340652463 PSNR_noisy:  20.353857465084637
epoch:  5600 loss:  0.009193964302539825 PSNR:  29.42250813868885 PSNR_noisy:  20.36497206230901
epoch:  5800 loss:  0.00918092392385006 PSNR:  29.346152151051097 PSNR_noisy:  20.371136236195074
epoch:  6000 loss:  0.009199121966958046 PSNR:  29.318097178259947 PSNR_noisy:  20.362536449046612
epoch:  6200 loss:  0.009176771156489849 PSNR:  29.274410008916053 PSNR_noisy:  20.37310086140232
epoch:  6400 loss:  0.009201866574585438 PSNR:  29.390566681122607 PSNR_noisy:  20.36124085469604
epoch:  6600 loss:  0.009183322079479694 PSNR:  29.249115790687075 PSNR_noisy:  20.370001871804458
epoch:  6800 loss:  0.009172344580292702 PSNR:  29.388753329361307 PSNR_noisy:  20.375196609915257
epoch:  7000 loss:  0.009148865938186646 PSNR:  29.279802642715502 PSNR_noisy:  20.386327406596898
epoch:  7200 loss:  0.00914587453007698 PSNR:  29.413572508723863 PSNR_noisy:  20.38774784878956
epoch:  7400 loss:  0.009144484996795654 PSNR:  29.314717700505422 PSNR_noisy:  20.38840762742854
epoch:  7600 loss:  0.00915372371673584 PSNR:  29.242775399531258 PSNR_noisy:  20.38402225466956
epoch:  7800 loss:  0.009159985929727554 PSNR:  29.47504722625822 PSNR_noisy:  20.38105200593836
epoch:  8000 loss:  0.009112698957324028 PSNR:  29.444760683154488 PSNR_noisy:  20.40353032083469
epoch:  8200 loss:  0.009144033305346966 PSNR:  29.454795156414527 PSNR_noisy:  20.38862216104691
epoch:  8400 loss:  0.009152848273515701 PSNR:  29.072584366338134 PSNR_noisy:  20.38443727410956
epoch:  8600 loss:  0.009187051095068455 PSNR:  29.194877216333623 PSNR_noisy:  20.3682388243468
epoch:  8800 loss:  0.009166432544589043 PSNR:  29.506963367347016 PSNR_noisy:  20.377996938814576
epoch:  9000 loss:  0.009143196046352386 PSNR:  29.477493719696774 PSNR_noisy:  20.38902009683385
epoch:  9200 loss:  0.00914975255727768 PSNR:  29.07580279655501 PSNR_noisy:  20.38590653593028
epoch:  9400 loss:  0.009130277670919895 PSNR:  29.442854903942695 PSNR_noisy:  20.395160259628287
epoch:  9600 loss:  0.009106272831559181 PSNR:  29.17101106894463 PSNR_noisy:  20.406593407990204
epoch:  9800 loss:  0.009099608287215233 PSNR:  29.35195580518927 PSNR_noisy:  20.40977292749215
epoch:  10000 loss:  0.009094612672924995 PSNR:  29.413205171513205 PSNR_noisy:  20.412158139434272
epoch:  10200 loss:  0.009098431095480919 PSNR:  29.236547914398532 PSNR_noisy:  20.410335174345615
epoch:  10400 loss:  0.009111599065363407 PSNR:  29.17216891424658 PSNR_noisy:  20.404054092159353
epoch:  10600 loss:  0.009106786921620369 PSNR:  29.34985186633295 PSNR_noisy:  20.406348137164336
epoch:  10800 loss:  0.00911498349159956 PSNR:  29.135707139103136 PSNR_noisy:  20.40244133222254
epoch:  11000 loss:  0.009129520505666733 PSNR:  29.456816157155735 PSNR_noisy:  20.395520653677664
epoch:  11200 loss:  0.009081097319722176 PSNR:  29.288899004301406 PSNR_noisy:  20.41861666595625
epoch:  11400 loss:  0.00915343128144741 PSNR:  29.307834873973185 PSNR_noisy:  20.38416096562308
epoch:  11600 loss:  0.009108871221542358 PSNR:  29.359077453984316 PSNR_noisy:  20.40535436070728
epoch:  11800 loss:  0.009145290590822697 PSNR:  28.85085444496425 PSNR_noisy:  20.388025142616666
epoch:  12000 loss:  0.009070289321243763 PSNR:  29.268662288101194 PSNR_noisy:  20.42378865778426
epoch:  12200 loss:  0.0091003542765975 PSNR:  29.093939442551978 PSNR_noisy:  20.409417238688413
epoch:  12400 loss:  0.00910654291510582 PSNR:  29.404180307586046 PSNR_noisy:  20.406464657012606
epoch:  12600 loss:  0.009073160588741302 PSNR:  29.33225952739548 PSNR_noisy:  20.422413908101117
epoch:  12800 loss:  0.009084166027605534 PSNR:  29.073424777233427 PSNR_noisy:  20.417149424221343
epoch:  13000 loss:  0.009060798212885857 PSNR:  29.345480156304244 PSNR_noisy:  20.42833555387986
epoch:  13200 loss:  0.009059923700988293 PSNR:  29.309242695734792 PSNR_noisy:  20.42875492850754
epoch:  13400 loss:  0.009131480008363724 PSNR:  29.148810474603017 PSNR_noisy:  20.39458865016039
epoch:  13600 loss:  0.009058470837771893 PSNR:  29.213403548372774 PSNR_noisy:  20.42945107418162
epoch:  13800 loss:  0.009073360823094845 PSNR:  29.271898417220036 PSNR_noisy:  20.422318212350415
epoch:  14000 loss:  0.00908979307860136 PSNR:  29.239468310314752 PSNR_noisy:  20.414460172078893
epoch:  14200 loss:  0.009072000160813332 PSNR:  29.240393244199574 PSNR_noisy:  20.422969585180446
epoch:  14400 loss:  0.00906467530876398 PSNR:  29.02914406516992 PSNR_noisy:  20.42647776477494
epoch:  14600 loss:  0.009075300768017769 PSNR:  29.362253399725727 PSNR_noisy:  20.421389703526735
epoch:  14800 loss:  0.009074158035218716 PSNR:  29.374117510517426 PSNR_noisy:  20.421936923554714
epoch:  15000 loss:  0.009065831080079079 PSNR:  29.139062454023076 PSNR_noisy:  20.425923821457637
epoch:  15200 loss:  0.00907661858946085 PSNR:  29.225922896972488 PSNR_noisy:  20.42075935335695
epoch:  15400 loss:  0.009060526266694069 PSNR:  29.30428981255464 PSNR_noisy:  20.428466165228684
epoch:  15600 loss:  0.009053840301930904 PSNR:  29.096713386129256 PSNR_noisy:  20.431671804617526
epoch:  15800 loss:  0.009065968915820122 PSNR:  29.056889178128603 PSNR_noisy:  20.425857720007233
epoch:  16000 loss:  0.00905313529074192 PSNR:  29.213945916829026 PSNR_noisy:  20.432009945979313
epoch:  16200 loss:  0.009060600772500038 PSNR:  29.04186759040507 PSNR_noisy:  20.42843012071655
epoch:  16400 loss:  0.009055126458406448 PSNR:  29.244951414727733 PSNR_noisy:  20.43105486123705
epoch:  16600 loss:  0.009048876352608204 PSNR:  29.07799783225667 PSNR_noisy:  20.43405369523399
epoch:  16800 loss:  0.009068040177226067 PSNR:  29.16933044109814 PSNR_noisy:  20.424865985645482
epoch:  17000 loss:  0.009053158573806286 PSNR:  29.086574215413915 PSNR_noisy:  20.431999077452417
epoch:  17200 loss:  0.009048840962350368 PSNR:  29.213399075966827 PSNR_noisy:  20.43407051430861
epoch:  17400 loss:  0.009076607413589954 PSNR:  29.218250149128764 PSNR_noisy:  20.42076463288934
epoch:  17600 loss:  0.009063269942998886 PSNR:  29.241915944683118 PSNR_noisy:  20.42715057448829
epoch:  17800 loss:  0.009054245427250862 PSNR:  29.202872986645623 PSNR_noisy:  20.431477451860786
epoch:  18000 loss:  0.00906673725694418 PSNR:  29.37296712377872 PSNR_noisy:  20.425489684789344
epoch:  18200 loss:  0.009087152779102325 PSNR:  29.20721600059343 PSNR_noisy:  20.415722185391164
epoch:  18400 loss:  0.009048040956258774 PSNR:  29.31508499745615 PSNR_noisy:  20.43445484942245
epoch:  18600 loss:  0.009043561294674873 PSNR:  29.029188567033145 PSNR_noisy:  20.436605314694617
epoch:  18800 loss:  0.009183934889733791 PSNR:  28.438388095645436 PSNR_noisy:  20.369712159403043
epoch:  19000 loss:  0.009032877162098885 PSNR:  29.109620472938303 PSNR_noisy:  20.441738842695557
epoch:  19200 loss:  0.009060250595211983 PSNR:  29.23982910435602 PSNR_noisy:  20.428598089797187
epoch:  19400 loss:  0.009069988504052162 PSNR:  29.33836302425283 PSNR_noisy:  20.42393303103353
epoch:  19600 loss:  0.009067206643521786 PSNR:  29.265223792212062 PSNR_noisy:  20.425264988467603
epoch:  19800 loss:  0.0090411938726902 PSNR:  29.109686988647763 PSNR_noisy:  20.437742012257367
epoch:  20000 loss:  0.009044740349054337 PSNR:  29.055664092394107 PSNR_noisy:  20.436039060127086
epoch:  20200 loss:  0.009050855413079262 PSNR:  29.241501414051108 PSNR_noisy:  20.43310421948934
epoch:  20400 loss:  0.009047944098711014 PSNR:  29.157644562650354 PSNR_noisy:  20.434500905357957
epoch:  20600 loss:  0.009045161306858063 PSNR:  29.173406076372473 PSNR_noisy:  20.435836795900254
epoch:  20800 loss:  0.009045454673469067 PSNR:  28.98100478995105 PSNR_noisy:  20.43569612368802
epoch:  21000 loss:  0.009021541103720665 PSNR:  29.145409393962268 PSNR_noisy:  20.447192745102186
epoch:  21200 loss:  0.009047655388712883 PSNR:  28.9816638220986 PSNR_noisy:  20.434639446475412
epoch:  21400 loss:  0.00902759563177824 PSNR:  29.11182095979946 PSNR_noisy:  20.444279080861403
epoch:  21600 loss:  0.00903814472258091 PSNR:  29.28248537438794 PSNR_noisy:  20.439207051268134
epoch:  21800 loss:  0.009076761081814766 PSNR:  29.14765642094681 PSNR_noisy:  20.42069120765461
epoch:  22000 loss:  0.00902686920017004 PSNR:  29.18771104830617 PSNR_noisy:  20.444628767001927
epoch:  22200 loss:  0.00902259536087513 PSNR:  29.134086454157405 PSNR_noisy:  20.446685766676506
epoch:  22400 loss:  0.009027074091136456 PSNR:  29.234804791999093 PSNR_noisy:  20.444530291805847
epoch:  22600 loss:  0.009037784300744534 PSNR:  29.271726317983315 PSNR_noisy:  20.439380203687712
epoch:  22800 loss:  0.009031992405653 PSNR:  29.034016253878526 PSNR_noisy:  20.442164492327297
epoch:  23000 loss:  0.009037813171744347 PSNR:  29.325515385897653 PSNR_noisy:  20.43936662938474
epoch:  23200 loss:  0.009051135741174221 PSNR:  29.332661456618947 PSNR_noisy:  20.43296930566497
epoch:  23400 loss:  0.009052939713001251 PSNR:  29.190064433091713 PSNR_noisy:  20.432104147723507
epoch:  23600 loss:  0.009027210995554924 PSNR:  29.012036055654804 PSNR_noisy:  20.444464124052153
epoch:  23800 loss:  0.00901784561574459 PSNR:  29.224793655686785 PSNR_noisy:  20.448972219154026
epoch:  24000 loss:  0.009014962241053581 PSNR:  29.173072258904472 PSNR_noisy:  20.450361148179013
epoch:  24200 loss:  0.009027132764458656 PSNR:  29.021232371885752 PSNR_noisy:  20.44450194929748
epoch:  24400 loss:  0.009013758972287178 PSNR:  29.246659463389104 PSNR_noisy:  20.450940999007816
epoch:  24600 loss:  0.009010830894112587 PSNR:  29.135175256930342 PSNR_noisy:  20.45235187953079
epoch:  24800 loss:  0.009022703394293785 PSNR:  29.06246469149169 PSNR_noisy:  20.446633637749194
epoch:  25000 loss:  0.00902225449681282 PSNR:  29.080650848579758 PSNR_noisy:  20.44684943397888
epoch:  25200 loss:  0.00902540422976017 PSNR:  29.23186031137847 PSNR_noisy:  20.445333324180854
epoch:  25400 loss:  0.009017840959131718 PSNR:  29.282121068547873 PSNR_noisy:  20.448974450228622
epoch:  25600 loss:  0.009020986035466194 PSNR:  29.064704917373938 PSNR_noisy:  20.44745988989196
epoch:  25800 loss:  0.009023832157254219 PSNR:  29.337257054887843 PSNR_noisy:  20.44609025783375
epoch:  26000 loss:  0.009056393057107925 PSNR:  29.27499036111194 PSNR_noisy:  20.43044730948953
epoch:  26200 loss:  0.0090117696672678 PSNR:  29.086331199274436 PSNR_noisy:  20.45189944644653
epoch:  26400 loss:  0.009021397680044174 PSNR:  29.241485071506336 PSNR_noisy:  20.447261664519264
epoch:  26600 loss:  0.009021706879138947 PSNR:  28.976448111959556 PSNR_noisy:  20.44711283848578
epoch:  26800 loss:  0.009013466536998749 PSNR:  29.17191982281649 PSNR_noisy:  20.451081788797126
epoch:  27000 loss:  0.009021217003464699 PSNR:  28.99420512105275 PSNR_noisy:  20.44734893844906
epoch:  27200 loss:  0.009021992795169353 PSNR:  29.026510995978953 PSNR_noisy:  20.446975428092635
epoch:  27400 loss:  0.009031873196363449 PSNR:  29.2452302997558 PSNR_noisy:  20.44222168960065
epoch:  27600 loss:  0.00903993658721447 PSNR:  29.355488150381927 PSNR_noisy:  20.438346552611474
epoch:  27800 loss:  0.009012228809297085 PSNR:  29.200388755351394 PSNR_noisy:  20.451677928044923
epoch:  28000 loss:  0.009015846066176891 PSNR:  29.016192891591622 PSNR_noisy:  20.449935031415816
epoch:  28200 loss:  0.009014153853058815 PSNR:  29.155352258707698 PSNR_noisy:  20.450750722082994
epoch:  28400 loss:  0.009004858322441578 PSNR:  29.29908979718274 PSNR_noisy:  20.455231232959477
epoch:  28600 loss:  0.009023211896419525 PSNR:  29.265966540615807 PSNR_noisy:  20.4463886178862
epoch:  28800 loss:  0.009009751491248608 PSNR:  29.102939458441345 PSNR_noisy:  20.45287207830174
epoch:  29000 loss:  0.00902736559510231 PSNR:  29.156981248086336 PSNR_noisy:  20.444389950944576
epoch:  29200 loss:  0.009004931896924973 PSNR:  29.11271307850054 PSNR_noisy:  20.455195740484537
epoch:  29400 loss:  0.009038155898451805 PSNR:  29.08625260008773 PSNR_noisy:  20.439202110543032
epoch:  29600 loss:  0.009014379233121872 PSNR:  29.017705852306925 PSNR_noisy:  20.450641544151846
epoch:  29800 loss:  0.009028042666614056 PSNR:  29.09039837016165 PSNR_noisy:  20.44406413648577
epoch:  30000 loss:  0.009026741608977318 PSNR:  28.962324346454903 PSNR_noisy:  20.4446902770013
epoch:  30200 loss:  0.009005076251924038 PSNR:  29.24466515188117 PSNR_noisy:  20.455126042282007
epoch:  30400 loss:  0.009006056003272533 PSNR:  29.05832235531922 PSNR_noisy:  20.45465353509355
epoch:  30600 loss:  0.009005580097436905 PSNR:  29.184386191748874 PSNR_noisy:  20.454883030124066
epoch:  30800 loss:  0.009035855531692505 PSNR:  29.08329112567514 PSNR_noisy:  20.440307553045272
epoch:  31000 loss:  0.009012104943394661 PSNR:  29.04244713309768 PSNR_noisy:  20.45173775737698
epoch:  31200 loss:  0.009015556424856186 PSNR:  29.00736645152851 PSNR_noisy:  20.450074671346833
epoch:  31400 loss:  0.009019268676638603 PSNR:  29.064722504215055 PSNR_noisy:  20.44828666377186
epoch:  31600 loss:  0.009000892750918865 PSNR:  29.156849486179897 PSNR_noisy:  20.457144460296163
epoch:  31800 loss:  0.009007212705910206 PSNR:  29.180953847635784 PSNR_noisy:  20.454096024600197
epoch:  32000 loss:  0.009006882086396217 PSNR:  29.245181594848503 PSNR_noisy:  20.454255059149723
epoch:  32200 loss:  0.008999465964734554 PSNR:  29.18476763959181 PSNR_noisy:  20.457832548266047
epoch:  32400 loss:  0.009012380614876747 PSNR:  29.167087480108 PSNR_noisy:  20.45160491743955
epoch:  32600 loss:  0.00900712888687849 PSNR:  29.032093830319713 PSNR_noisy:  20.454136278148518
epoch:  32800 loss:  0.009001573547720909 PSNR:  29.050987918761848 PSNR_noisy:  20.45681615753186
epoch:  33000 loss:  0.008992101065814495 PSNR:  29.235315833141655 PSNR_noisy:  20.461387925992312
epoch:  33200 loss:  0.009007394313812256 PSNR:  28.98868553470168 PSNR_noisy:  20.454008608672677
epoch:  33400 loss:  0.009016630239784718 PSNR:  29.164106079025018 PSNR_noisy:  20.44955746157713
epoch:  33600 loss:  0.008996685966849327 PSNR:  29.14049995509837 PSNR_noisy:  20.45917476620461
epoch:  33800 loss:  0.008995920419692993 PSNR:  29.055406832852718 PSNR_noisy:  20.459544205638398
epoch:  34000 loss:  0.00899217277765274 PSNR:  29.13668499204419 PSNR_noisy:  20.46135384420934
epoch:  34200 loss:  0.008993038907647133 PSNR:  29.17370305382326 PSNR_noisy:  20.460935490354004
epoch:  34400 loss:  0.00899485033005476 PSNR:  29.17587719994673 PSNR_noisy:  20.46006084324897
epoch:  34600 loss:  0.008991749957203865 PSNR:  29.18267601508926 PSNR_noisy:  20.461558243408522
epoch:  34800 loss:  0.008991776034235954 PSNR:  29.19725496025368 PSNR_noisy:  20.461545120884207
epoch:  35000 loss:  0.008992873132228851 PSNR:  29.095151894503456 PSNR_noisy:  20.46101517084976
epoch:  35200 loss:  0.008991791866719723 PSNR:  29.19516300241461 PSNR_noisy:  20.461537835932873
epoch:  35400 loss:  0.009000509977340698 PSNR:  28.999584042142054 PSNR_noisy:  20.45732870723875
epoch:  35600 loss:  0.009005271829664707 PSNR:  29.04091554251859 PSNR_noisy:  20.455031759999894
epoch:  35800 loss:  0.008991136215627193 PSNR:  29.154301439157038 PSNR_noisy:  20.46185433973959
epoch:  36000 loss:  0.008992236107587814 PSNR:  29.087195329059398 PSNR_noisy:  20.461323204084984
epoch:  36200 loss:  0.008993230760097504 PSNR:  29.066579523313756 PSNR_noisy:  20.46084276368895
epoch:  36400 loss:  0.009003213606774807 PSNR:  29.03231533172133 PSNR_noisy:  20.456024401627513
epoch:  36600 loss:  0.008992000482976437 PSNR:  29.092225721051165 PSNR_noisy:  20.461437027191508
epoch:  36800 loss:  0.008992088958621025 PSNR:  29.115759032487677 PSNR_noisy:  20.461393897473783
epoch:  37000 loss:  0.008985036984086037 PSNR:  29.105993873687016 PSNR_noisy:  20.46480169952515
epoch:  37200 loss:  0.00900239497423172 PSNR:  29.074706634124507 PSNR_noisy:  20.45641926500114
epoch:  37400 loss:  0.00898859091103077 PSNR:  29.158621037987157 PSNR_noisy:  20.463083764457245
epoch:  37600 loss:  0.008996851742267609 PSNR:  28.989683922002236 PSNR_noisy:  20.459094140931576
epoch:  37800 loss:  0.00899096205830574 PSNR:  29.185378682188194 PSNR_noisy:  20.46193855759908
epoch:  38000 loss:  0.008988399989902973 PSNR:  29.162852377469267 PSNR_noisy:  20.46317608931389
epoch:  38200 loss:  0.00899052806198597 PSNR:  29.16837220035839 PSNR_noisy:  20.462148361969504
epoch:  38400 loss:  0.008990516886115074 PSNR:  29.10130251169018 PSNR_noisy:  20.462153704190165
epoch:  38600 loss:  0.009013298898935318 PSNR:  29.27492502420081 PSNR_noisy:  20.45116230660163
epoch:  38800 loss:  0.008992083370685577 PSNR:  29.23805767130257 PSNR_noisy:  20.46139677536027
epoch:  39000 loss:  0.008993202820420265 PSNR:  29.22609164079152 PSNR_noisy:  20.46085619019836
epoch:  39200 loss:  0.008992645889520645 PSNR:  29.03854338322613 PSNR_noisy:  20.46112508642476
epoch:  39400 loss:  0.008992886170744896 PSNR:  29.199716128826445 PSNR_noisy:  20.461009551428454
epoch:  39600 loss:  0.008993161842226982 PSNR:  29.006457618400283 PSNR_noisy:  20.460876186370278
epoch:  39800 loss:  0.009001237340271473 PSNR:  29.279810951461634 PSNR_noisy:  20.456978054051103
PSNR of output image is:  29.279810951461634
(1, 3, 512, 512) (1, 3, 512, 512) (3, 512, 512)
Experiment done
