(3, 512, 512)
Starting random mask  training on 0 using ADAM(sigma=0.1,lr=0.01,decay=0,beta=0)
Noisy PSNR is '19.67550874272781'
1.1.1.weight         | nonzeros =    6399 /   12800             ( 49.99%) | total_pruned =    6401 | shape = torch.Size([16, 32, 5, 5])
1.1.1.bias           | nonzeros =       7 /      16             ( 43.75%) | total_pruned =       9 | shape = torch.Size([16])
1.2.weight           | nonzeros =       7 /      16             ( 43.75%) | total_pruned =       9 | shape = torch.Size([16])
1.2.bias             | nonzeros =       0 /      16             (  0.00%) | total_pruned =      16 | shape = torch.Size([16])
1.4.1.weight         | nonzeros =    3199 /    6400             ( 49.98%) | total_pruned =    3201 | shape = torch.Size([16, 16, 5, 5])
1.4.1.bias           | nonzeros =       7 /      16             ( 43.75%) | total_pruned =       9 | shape = torch.Size([16])
1.5.weight           | nonzeros =       7 /      16             ( 43.75%) | total_pruned =       9 | shape = torch.Size([16])
1.5.bias             | nonzeros =       0 /      16             (  0.00%) | total_pruned =      16 | shape = torch.Size([16])
1.7.1.1.1.weight     | nonzeros =    6399 /   12800             ( 49.99%) | total_pruned =    6401 | shape = torch.Size([32, 16, 5, 5])
1.7.1.1.1.bias       | nonzeros =      14 /      32             ( 43.75%) | total_pruned =      18 | shape = torch.Size([32])
1.7.1.2.weight       | nonzeros =      15 /      32             ( 46.88%) | total_pruned =      17 | shape = torch.Size([32])
1.7.1.2.bias         | nonzeros =       0 /      32             (  0.00%) | total_pruned =      32 | shape = torch.Size([32])
1.7.1.4.1.weight     | nonzeros =   12799 /   25600             ( 50.00%) | total_pruned =   12801 | shape = torch.Size([32, 32, 5, 5])
1.7.1.4.1.bias       | nonzeros =      14 /      32             ( 43.75%) | total_pruned =      18 | shape = torch.Size([32])
1.7.1.5.weight       | nonzeros =      15 /      32             ( 46.88%) | total_pruned =      17 | shape = torch.Size([32])
1.7.1.5.bias         | nonzeros =       0 /      32             (  0.00%) | total_pruned =      32 | shape = torch.Size([32])
1.7.1.7.1.1.1.weight | nonzeros =   25599 /   51200             ( 50.00%) | total_pruned =   25601 | shape = torch.Size([64, 32, 5, 5])
1.7.1.7.1.1.1.bias   | nonzeros =      24 /      64             ( 37.50%) | total_pruned =      40 | shape = torch.Size([64])
1.7.1.7.1.2.weight   | nonzeros =      31 /      64             ( 48.44%) | total_pruned =      33 | shape = torch.Size([64])
1.7.1.7.1.2.bias     | nonzeros =       0 /      64             (  0.00%) | total_pruned =      64 | shape = torch.Size([64])
1.7.1.7.1.4.1.weight | nonzeros =   51199 /  102400             ( 50.00%) | total_pruned =   51201 | shape = torch.Size([64, 64, 5, 5])
1.7.1.7.1.4.1.bias   | nonzeros =      30 /      64             ( 46.88%) | total_pruned =      34 | shape = torch.Size([64])
1.7.1.7.1.5.weight   | nonzeros =      31 /      64             ( 48.44%) | total_pruned =      33 | shape = torch.Size([64])
1.7.1.7.1.5.bias     | nonzeros =       0 /      64             (  0.00%) | total_pruned =      64 | shape = torch.Size([64])
1.7.1.7.1.7.1.1.1.weight | nonzeros =  102399 /  204800             ( 50.00%) | total_pruned =  102401 | shape = torch.Size([128, 64, 5, 5])
1.7.1.7.1.7.1.1.1.bias | nonzeros =      63 /     128             ( 49.22%) | total_pruned =      65 | shape = torch.Size([128])
1.7.1.7.1.7.1.2.weight | nonzeros =      63 /     128             ( 49.22%) | total_pruned =      65 | shape = torch.Size([128])
1.7.1.7.1.7.1.2.bias | nonzeros =       0 /     128             (  0.00%) | total_pruned =     128 | shape = torch.Size([128])
1.7.1.7.1.7.1.4.1.weight | nonzeros =  204799 /  409600             ( 50.00%) | total_pruned =  204801 | shape = torch.Size([128, 128, 5, 5])
1.7.1.7.1.7.1.4.1.bias | nonzeros =      47 /     128             ( 36.72%) | total_pruned =      81 | shape = torch.Size([128])
1.7.1.7.1.7.1.5.weight | nonzeros =      63 /     128             ( 49.22%) | total_pruned =      65 | shape = torch.Size([128])
1.7.1.7.1.7.1.5.bias | nonzeros =       0 /     128             (  0.00%) | total_pruned =     128 | shape = torch.Size([128])
1.7.1.7.1.7.1.7.1.1.1.weight | nonzeros =  204799 /  409600             ( 50.00%) | total_pruned =  204801 | shape = torch.Size([128, 128, 5, 5])
1.7.1.7.1.7.1.7.1.1.1.bias | nonzeros =      51 /     128             ( 39.84%) | total_pruned =      77 | shape = torch.Size([128])
1.7.1.7.1.7.1.7.1.2.weight | nonzeros =      63 /     128             ( 49.22%) | total_pruned =      65 | shape = torch.Size([128])
1.7.1.7.1.7.1.7.1.2.bias | nonzeros =       0 /     128             (  0.00%) | total_pruned =     128 | shape = torch.Size([128])
1.7.1.7.1.7.1.7.1.4.1.weight | nonzeros =  204799 /  409600             ( 50.00%) | total_pruned =  204801 | shape = torch.Size([128, 128, 5, 5])
1.7.1.7.1.7.1.7.1.4.1.bias | nonzeros =      59 /     128             ( 46.09%) | total_pruned =      69 | shape = torch.Size([128])
1.7.1.7.1.7.1.7.1.5.weight | nonzeros =      63 /     128             ( 49.22%) | total_pruned =      65 | shape = torch.Size([128])
1.7.1.7.1.7.1.7.1.5.bias | nonzeros =       0 /     128             (  0.00%) | total_pruned =     128 | shape = torch.Size([128])
1.7.1.7.1.7.1.7.1.7.1.1.1.weight | nonzeros =  204799 /  409600             ( 50.00%) | total_pruned =  204801 | shape = torch.Size([128, 128, 5, 5])
1.7.1.7.1.7.1.7.1.7.1.1.1.bias | nonzeros =      45 /     128             ( 35.16%) | total_pruned =      83 | shape = torch.Size([128])
1.7.1.7.1.7.1.7.1.7.1.2.weight | nonzeros =      63 /     128             ( 49.22%) | total_pruned =      65 | shape = torch.Size([128])
1.7.1.7.1.7.1.7.1.7.1.2.bias | nonzeros =       0 /     128             (  0.00%) | total_pruned =     128 | shape = torch.Size([128])
1.7.1.7.1.7.1.7.1.7.1.4.1.weight | nonzeros =  204799 /  409600             ( 50.00%) | total_pruned =  204801 | shape = torch.Size([128, 128, 5, 5])
1.7.1.7.1.7.1.7.1.7.1.4.1.bias | nonzeros =      61 /     128             ( 47.66%) | total_pruned =      67 | shape = torch.Size([128])
1.7.1.7.1.7.1.7.1.7.1.5.weight | nonzeros =      63 /     128             ( 49.22%) | total_pruned =      65 | shape = torch.Size([128])
1.7.1.7.1.7.1.7.1.7.1.5.bias | nonzeros =       0 /     128             (  0.00%) | total_pruned =     128 | shape = torch.Size([128])
1.7.1.7.1.7.1.7.1.7.2.weight | nonzeros =      63 /     128             ( 49.22%) | total_pruned =      65 | shape = torch.Size([128])
1.7.1.7.1.7.1.7.1.7.2.bias | nonzeros =       0 /     128             (  0.00%) | total_pruned =     128 | shape = torch.Size([128])
1.7.1.7.1.7.1.7.1.7.3.1.weight | nonzeros =   73727 /  147456             ( 50.00%) | total_pruned =   73729 | shape = torch.Size([128, 128, 3, 3])
1.7.1.7.1.7.1.7.1.7.3.1.bias | nonzeros =      39 /     128             ( 30.47%) | total_pruned =      89 | shape = torch.Size([128])
1.7.1.7.1.7.1.7.1.7.4.weight | nonzeros =      63 /     128             ( 49.22%) | total_pruned =      65 | shape = torch.Size([128])
1.7.1.7.1.7.1.7.1.7.4.bias | nonzeros =       0 /     128             (  0.00%) | total_pruned =     128 | shape = torch.Size([128])
1.7.1.7.1.7.1.7.2.weight | nonzeros =      63 /     128             ( 49.22%) | total_pruned =      65 | shape = torch.Size([128])
1.7.1.7.1.7.1.7.2.bias | nonzeros =       0 /     128             (  0.00%) | total_pruned =     128 | shape = torch.Size([128])
1.7.1.7.1.7.1.7.3.1.weight | nonzeros =   73727 /  147456             ( 50.00%) | total_pruned =   73729 | shape = torch.Size([128, 128, 3, 3])
1.7.1.7.1.7.1.7.3.1.bias | nonzeros =      63 /     128             ( 49.22%) | total_pruned =      65 | shape = torch.Size([128])
1.7.1.7.1.7.1.7.4.weight | nonzeros =      63 /     128             ( 49.22%) | total_pruned =      65 | shape = torch.Size([128])
1.7.1.7.1.7.1.7.4.bias | nonzeros =       0 /     128             (  0.00%) | total_pruned =     128 | shape = torch.Size([128])
1.7.1.7.1.7.2.weight | nonzeros =      63 /     128             ( 49.22%) | total_pruned =      65 | shape = torch.Size([128])
1.7.1.7.1.7.2.bias   | nonzeros =       0 /     128             (  0.00%) | total_pruned =     128 | shape = torch.Size([128])
1.7.1.7.1.7.3.1.weight | nonzeros =   73727 /  147456             ( 50.00%) | total_pruned =   73729 | shape = torch.Size([128, 128, 3, 3])
1.7.1.7.1.7.3.1.bias | nonzeros =      57 /     128             ( 44.53%) | total_pruned =      71 | shape = torch.Size([128])
1.7.1.7.1.7.4.weight | nonzeros =      63 /     128             ( 49.22%) | total_pruned =      65 | shape = torch.Size([128])
1.7.1.7.1.7.4.bias   | nonzeros =       0 /     128             (  0.00%) | total_pruned =     128 | shape = torch.Size([128])
1.7.1.7.2.weight     | nonzeros =      63 /     128             ( 49.22%) | total_pruned =      65 | shape = torch.Size([128])
1.7.1.7.2.bias       | nonzeros =       0 /     128             (  0.00%) | total_pruned =     128 | shape = torch.Size([128])
1.7.1.7.3.1.weight   | nonzeros =   36863 /   73728             ( 50.00%) | total_pruned =   36865 | shape = torch.Size([64, 128, 3, 3])
1.7.1.7.3.1.bias     | nonzeros =      26 /      64             ( 40.62%) | total_pruned =      38 | shape = torch.Size([64])
1.7.1.7.4.weight     | nonzeros =      31 /      64             ( 48.44%) | total_pruned =      33 | shape = torch.Size([64])
1.7.1.7.4.bias       | nonzeros =       0 /      64             (  0.00%) | total_pruned =      64 | shape = torch.Size([64])
1.7.2.weight         | nonzeros =      31 /      64             ( 48.44%) | total_pruned =      33 | shape = torch.Size([64])
1.7.2.bias           | nonzeros =       0 /      64             (  0.00%) | total_pruned =      64 | shape = torch.Size([64])
1.7.3.1.weight       | nonzeros =    9215 /   18432             ( 49.99%) | total_pruned =    9217 | shape = torch.Size([32, 64, 3, 3])
1.7.3.1.bias         | nonzeros =      15 /      32             ( 46.88%) | total_pruned =      17 | shape = torch.Size([32])
1.7.4.weight         | nonzeros =      15 /      32             ( 46.88%) | total_pruned =      17 | shape = torch.Size([32])
1.7.4.bias           | nonzeros =       0 /      32             (  0.00%) | total_pruned =      32 | shape = torch.Size([32])
2.weight             | nonzeros =      15 /      32             ( 46.88%) | total_pruned =      17 | shape = torch.Size([32])
2.bias               | nonzeros =       0 /      32             (  0.00%) | total_pruned =      32 | shape = torch.Size([32])
3.1.weight           | nonzeros =    2303 /    4608             ( 49.98%) | total_pruned =    2305 | shape = torch.Size([16, 32, 3, 3])
3.1.bias             | nonzeros =       7 /      16             ( 43.75%) | total_pruned =       9 | shape = torch.Size([16])
4.weight             | nonzeros =       7 /      16             ( 43.75%) | total_pruned =       9 | shape = torch.Size([16])
4.bias               | nonzeros =       0 /      16             (  0.00%) | total_pruned =      16 | shape = torch.Size([16])
6.1.weight           | nonzeros =      23 /      48             ( 47.92%) | total_pruned =      25 | shape = torch.Size([3, 16, 1, 1])
6.1.bias             | nonzeros =       0 /       3             (  0.00%) | total_pruned =       3 | shape = torch.Size([3])
alive: 1503226, pruned : 1505641, total: 3008867, Compression rate :       2.00x  ( 50.04% pruned)
Initial PSNR of output image is:  10.564119784167396
epoch:  0 loss:  0.0820121318101883 PSNR:  10.564119784167396
epoch:  200 loss:  0.015018347650766373 PSNR:  21.528648650519152
epoch:  400 loss:  0.012226313352584839 PSNR:  24.120332905344966
epoch:  600 loss:  0.011412819847464561 PSNR:  25.314645159336568
epoch:  800 loss:  0.010817966423928738 PSNR:  26.45039059893826
epoch:  1000 loss:  0.010553194209933281 PSNR:  26.918278568129466
epoch:  1200 loss:  0.010424811393022537 PSNR:  27.183815933675703
epoch:  1400 loss:  0.01035342551767826 PSNR:  27.202009959403437
epoch:  1600 loss:  0.01026938296854496 PSNR:  27.355962792661348
epoch:  1800 loss:  0.010049932636320591 PSNR:  27.784074336000213
epoch:  2000 loss:  0.010039227083325386 PSNR:  27.701516120923895
epoch:  2200 loss:  0.009960649535059929 PSNR:  27.807094859780392
epoch:  2400 loss:  0.009976280853152275 PSNR:  27.610408627871696
epoch:  2600 loss:  0.009908255189657211 PSNR:  27.718157613611567
epoch:  2800 loss:  0.009787142276763916 PSNR:  27.892559819283377
epoch:  3000 loss:  0.009785260073840618 PSNR:  27.73379317380889
epoch:  3200 loss:  0.00971525814384222 PSNR:  27.84758796729795
epoch:  3400 loss:  0.009726549498736858 PSNR:  27.692861364592893
epoch:  3600 loss:  0.009629057720303535 PSNR:  27.83908512501442
epoch:  3800 loss:  0.00957732368260622 PSNR:  27.81491163892428
epoch:  4000 loss:  0.009578683413565159 PSNR:  27.715028322418203
epoch:  4200 loss:  0.009612290188670158 PSNR:  27.533391290649977
epoch:  4400 loss:  0.009438103064894676 PSNR:  27.860125706158705
epoch:  4600 loss:  0.009477723389863968 PSNR:  27.701004167340557
epoch:  4800 loss:  0.009552830830216408 PSNR:  27.413105749129393
epoch:  5000 loss:  0.009394404478371143 PSNR:  27.66329395939467
epoch:  5200 loss:  0.009350827895104885 PSNR:  27.720167845761445
epoch:  5400 loss:  0.009368514642119408 PSNR:  27.603919157759634
epoch:  5600 loss:  0.00935046374797821 PSNR:  27.584953762536436
epoch:  5800 loss:  0.009342256933450699 PSNR:  27.506126187579028
epoch:  6000 loss:  0.00928486417979002 PSNR:  27.593558016403538
epoch:  6200 loss:  0.009261997416615486 PSNR:  27.61995667929536
epoch:  6400 loss:  0.009282594546675682 PSNR:  27.50426894403653
epoch:  6600 loss:  0.00924453604966402 PSNR:  27.556838465219652
epoch:  6800 loss:  0.009241021238267422 PSNR:  27.434067714413047
epoch:  7000 loss:  0.009183496236801147 PSNR:  27.51894653035372
epoch:  7200 loss:  0.009207496419548988 PSNR:  27.442692302175455
epoch:  7400 loss:  0.009203311055898666 PSNR:  27.3814800776527
epoch:  7600 loss:  0.009157898835837841 PSNR:  27.532867601961122
epoch:  7800 loss:  0.00925658829510212 PSNR:  27.25524040262455
epoch:  8000 loss:  0.009224489331245422 PSNR:  27.35280667561231
epoch:  8200 loss:  0.009155118837952614 PSNR:  27.402444059939995
epoch:  8400 loss:  0.009154953993856907 PSNR:  27.35351561551267
epoch:  8600 loss:  0.009159501641988754 PSNR:  27.332320715717266
epoch:  8800 loss:  0.009158022701740265 PSNR:  27.2390473059
epoch:  9000 loss:  0.00914834812283516 PSNR:  27.172392294813292
epoch:  9200 loss:  0.009118588641285896 PSNR:  27.33320495502303
epoch:  9400 loss:  0.00915679894387722 PSNR:  27.217028715000783
epoch:  9600 loss:  0.009071262553334236 PSNR:  27.294603042532792
epoch:  9800 loss:  0.009077182970941067 PSNR:  27.344870824627236
epoch:  10000 loss:  0.009089509956538677 PSNR:  27.266840680484556
epoch:  10200 loss:  0.009064804762601852 PSNR:  27.1904397338384
epoch:  10400 loss:  0.009060071781277657 PSNR:  27.182775260620904
epoch:  10600 loss:  0.009045297279953957 PSNR:  27.205379094983062
epoch:  10800 loss:  0.009059063158929348 PSNR:  27.171588106498547
epoch:  11000 loss:  0.009011714719235897 PSNR:  27.25861343062752
epoch:  11200 loss:  0.009039702825248241 PSNR:  27.154800728799312
epoch:  11400 loss:  0.009010564535856247 PSNR:  27.237092001217825
epoch:  11600 loss:  0.009004442021250725 PSNR:  27.123894635290213
epoch:  11800 loss:  0.009046176448464394 PSNR:  27.221395050563796
epoch:  12000 loss:  0.008980084210634232 PSNR:  27.137487833926045
epoch:  12200 loss:  0.009013233706355095 PSNR:  27.049048384226886
epoch:  12400 loss:  0.008959131315350533 PSNR:  27.196952710378532
epoch:  12600 loss:  0.009002423845231533 PSNR:  27.168372841538027
epoch:  12800 loss:  0.009067336097359657 PSNR:  27.06122085114651
epoch:  13000 loss:  0.009006232023239136 PSNR:  26.988909708792406
epoch:  13200 loss:  0.008940668776631355 PSNR:  27.185163885648997
epoch:  13400 loss:  0.008976582437753677 PSNR:  27.185420729581562
epoch:  13600 loss:  0.009009289555251598 PSNR:  27.031024771724148
epoch:  13800 loss:  0.00896180048584938 PSNR:  27.104730703890834
epoch:  14000 loss:  0.008955243043601513 PSNR:  27.14453954462354
epoch:  14200 loss:  0.008933399803936481 PSNR:  27.097748084730288
epoch:  14400 loss:  0.008926725015044212 PSNR:  27.104673007382214
epoch:  14600 loss:  0.008943833410739899 PSNR:  27.00791675902841
epoch:  14800 loss:  0.008973149582743645 PSNR:  26.95278542511659
epoch:  15000 loss:  0.008933030068874359 PSNR:  27.090551725046016
epoch:  15200 loss:  0.008972779847681522 PSNR:  26.872488237884227
epoch:  15400 loss:  0.008930481038987637 PSNR:  26.954979685518037
epoch:  15600 loss:  0.008911272510886192 PSNR:  27.09330223671222
epoch:  15800 loss:  0.008942963555455208 PSNR:  27.031724152713327
epoch:  16000 loss:  0.008910559117794037 PSNR:  26.975602347944367
epoch:  16200 loss:  0.008889339864253998 PSNR:  27.077752425580705
epoch:  16400 loss:  0.008908970281481743 PSNR:  27.06855319814299
epoch:  16600 loss:  0.008899007923901081 PSNR:  26.961666822979762
epoch:  16800 loss:  0.008929533883929253 PSNR:  27.003081308120954
epoch:  17000 loss:  0.00886346772313118 PSNR:  27.064655463538735
epoch:  17200 loss:  0.008869639597833157 PSNR:  27.07608123835722
epoch:  17400 loss:  0.008869417011737823 PSNR:  26.986020986936097
epoch:  17600 loss:  0.008850174956023693 PSNR:  27.00545826851731
epoch:  17800 loss:  0.008889326825737953 PSNR:  26.982122095985336
epoch:  18000 loss:  0.008862141519784927 PSNR:  27.024729210464443
epoch:  18200 loss:  0.008874580264091492 PSNR:  26.983102334730216
epoch:  18400 loss:  0.008861985057592392 PSNR:  26.992825243809975
epoch:  18600 loss:  0.008870857767760754 PSNR:  26.905317009300987
epoch:  18800 loss:  0.008846545591950417 PSNR:  26.99297577666178
epoch:  19000 loss:  0.008854024112224579 PSNR:  26.960960898589622
epoch:  19200 loss:  0.008830714970827103 PSNR:  27.014429903435598
epoch:  19400 loss:  0.008851123973727226 PSNR:  26.892974402026812
epoch:  19600 loss:  0.008841786533594131 PSNR:  26.93776828143657
epoch:  19800 loss:  0.00882299616932869 PSNR:  27.00008428756027
epoch:  20000 loss:  0.008853438310325146 PSNR:  26.912544979056
epoch:  20200 loss:  0.008868448436260223 PSNR:  26.89404436402603
epoch:  20400 loss:  0.00883901584893465 PSNR:  26.925109773817347
epoch:  20600 loss:  0.008830477483570576 PSNR:  26.923281284697737
epoch:  20800 loss:  0.008830679580569267 PSNR:  26.901004116103206
epoch:  21000 loss:  0.00885026901960373 PSNR:  26.9198489295794
epoch:  21200 loss:  0.008845912292599678 PSNR:  26.91665006914624
epoch:  21400 loss:  0.008813000284135342 PSNR:  26.91603428839351
epoch:  21600 loss:  0.008839685469865799 PSNR:  26.78293871262084
epoch:  21800 loss:  0.00884974654763937 PSNR:  26.88177624101309
epoch:  22000 loss:  0.008853091858327389 PSNR:  26.76391951227536
epoch:  22200 loss:  0.008810779079794884 PSNR:  26.874313700473497
epoch:  22400 loss:  0.00880239438265562 PSNR:  26.877127617773485
epoch:  22600 loss:  0.008829566650092602 PSNR:  26.83799691987779
epoch:  22800 loss:  0.008821854367852211 PSNR:  26.83390307488093
epoch:  23000 loss:  0.008829960599541664 PSNR:  26.816063852792468
epoch:  23200 loss:  0.00882412027567625 PSNR:  26.862111339258192
epoch:  23400 loss:  0.008791124448180199 PSNR:  26.92722864754408
epoch:  23600 loss:  0.008843515999615192 PSNR:  26.8187690848914
epoch:  23800 loss:  0.008822154253721237 PSNR:  26.862652162170374
epoch:  24000 loss:  0.008833865635097027 PSNR:  26.843089031017836
epoch:  24200 loss:  0.008793504908680916 PSNR:  26.82846442811484
epoch:  24400 loss:  0.008809380233287811 PSNR:  26.867401392705542
epoch:  24600 loss:  0.008820938877761364 PSNR:  26.830093755636728
epoch:  24800 loss:  0.00877700001001358 PSNR:  26.837941529909926
epoch:  25000 loss:  0.00879986584186554 PSNR:  26.824359271059297
epoch:  25200 loss:  0.008806549943983555 PSNR:  26.79643103491177
epoch:  25400 loss:  0.00878915749490261 PSNR:  26.83408405693184
epoch:  25600 loss:  0.008808491751551628 PSNR:  26.777688613371453
epoch:  25800 loss:  0.008772551082074642 PSNR:  26.88579433288192
epoch:  26000 loss:  0.008775396272540092 PSNR:  26.879094536776197
epoch:  26200 loss:  0.00876724161207676 PSNR:  26.888750369975746
epoch:  26400 loss:  0.00880740862339735 PSNR:  26.749025089267562
epoch:  26600 loss:  0.008780277334153652 PSNR:  26.86769588459121
epoch:  26800 loss:  0.00878165103495121 PSNR:  26.74983031063502
epoch:  27000 loss:  0.008770296350121498 PSNR:  26.79350778027935
epoch:  27200 loss:  0.008768895640969276 PSNR:  26.773087657357774
epoch:  27400 loss:  0.008795114234089851 PSNR:  26.820109668200892
epoch:  27600 loss:  0.008782850578427315 PSNR:  26.752592678615237
epoch:  27800 loss:  0.008766567334532738 PSNR:  26.862560930882353
epoch:  28000 loss:  0.008784567005932331 PSNR:  26.820138375391522
epoch:  28200 loss:  0.00875905156135559 PSNR:  26.833379370562277
epoch:  28400 loss:  0.008757097646594048 PSNR:  26.838521746619968
epoch:  28600 loss:  0.008801594376564026 PSNR:  26.818170964812907
epoch:  28800 loss:  0.00875831488519907 PSNR:  26.73719437554815
epoch:  29000 loss:  0.008772766217589378 PSNR:  26.764510206691
epoch:  29200 loss:  0.008746583014726639 PSNR:  26.7765379869803
epoch:  29400 loss:  0.008742429316043854 PSNR:  26.814797040263944
epoch:  29600 loss:  0.008756081573665142 PSNR:  26.797523108177614
epoch:  29800 loss:  0.00873128604143858 PSNR:  26.826991875035535
epoch:  30000 loss:  0.008744548074901104 PSNR:  26.792697496998777
epoch:  30200 loss:  0.008753756061196327 PSNR:  26.738732911467178
epoch:  30400 loss:  0.008751237764954567 PSNR:  26.752215006988163
epoch:  30600 loss:  0.00876238290220499 PSNR:  26.77409256005353
epoch:  30800 loss:  0.008739764802157879 PSNR:  26.837407731175237
epoch:  31000 loss:  0.008739213459193707 PSNR:  26.710322589877336
epoch:  31200 loss:  0.00876575242727995 PSNR:  26.744581613226135
epoch:  31400 loss:  0.008731906302273273 PSNR:  26.76068906295947
epoch:  31600 loss:  0.00873303972184658 PSNR:  26.785767181788632
epoch:  31800 loss:  0.008758122101426125 PSNR:  26.72559765400701
epoch:  32000 loss:  0.00874985009431839 PSNR:  26.705552008668903
epoch:  32200 loss:  0.008749259635806084 PSNR:  26.81779711126722
epoch:  32400 loss:  0.008731558918952942 PSNR:  26.766573266171637
epoch:  32600 loss:  0.008741664700210094 PSNR:  26.737013520842105
epoch:  32800 loss:  0.008725861087441444 PSNR:  26.772239142558774
epoch:  33000 loss:  0.008731353096663952 PSNR:  26.81212630582039
epoch:  33200 loss:  0.008805712684988976 PSNR:  26.70865336011523
epoch:  33400 loss:  0.008733761496841908 PSNR:  26.75047697714234
epoch:  33600 loss:  0.008723706007003784 PSNR:  26.793817724936865
epoch:  33800 loss:  0.00873303972184658 PSNR:  26.718927208336154
epoch:  34000 loss:  0.008728153072297573 PSNR:  26.704119992201456
epoch:  34200 loss:  0.00872458703815937 PSNR:  26.74714303750652
epoch:  34400 loss:  0.008753364905714989 PSNR:  26.707414747621208
epoch:  34600 loss:  0.008731022477149963 PSNR:  26.744916299872767
epoch:  34800 loss:  0.008733289316296577 PSNR:  26.714539126253097
epoch:  35000 loss:  0.008756081573665142 PSNR:  26.712544835120863
epoch:  35200 loss:  0.008706052787601948 PSNR:  26.76155559399131
epoch:  35400 loss:  0.00871351733803749 PSNR:  26.79850175624249
epoch:  35600 loss:  0.008709745481610298 PSNR:  26.762928348646362
epoch:  35800 loss:  0.00871785543859005 PSNR:  26.77143309570319
epoch:  36000 loss:  0.008738926611840725 PSNR:  26.649751822291996
epoch:  36200 loss:  0.008747161366045475 PSNR:  26.665958359349816
epoch:  36400 loss:  0.008712098002433777 PSNR:  26.77406220630334
epoch:  36600 loss:  0.008714976720511913 PSNR:  26.723296058096288
epoch:  36800 loss:  0.008697524666786194 PSNR:  26.803733632232046
epoch:  37000 loss:  0.008741043508052826 PSNR:  26.64390450358249
epoch:  37200 loss:  0.008709283545613289 PSNR:  26.67614492454957
epoch:  37400 loss:  0.00870777852833271 PSNR:  26.787971666848435
epoch:  37600 loss:  0.008702130988240242 PSNR:  26.724476437218616
epoch:  37800 loss:  0.00871304702013731 PSNR:  26.6815707521759
epoch:  38000 loss:  0.00871090404689312 PSNR:  26.716800357216975
epoch:  38200 loss:  0.008733374997973442 PSNR:  26.75717917400709
epoch:  38400 loss:  0.00873340480029583 PSNR:  26.753468404638223
epoch:  38600 loss:  0.008703195489943027 PSNR:  26.728871544977334
epoch:  38800 loss:  0.008729488588869572 PSNR:  26.73527659476218
epoch:  39000 loss:  0.008700883015990257 PSNR:  26.7081327487646
epoch:  39200 loss:  0.00870988517999649 PSNR:  26.66460912285764
epoch:  39400 loss:  0.008707155473530293 PSNR:  26.686645275193932
epoch:  39600 loss:  0.008717542514204979 PSNR:  26.74564716813888
epoch:  39800 loss:  0.008705289103090763 PSNR:  26.73791538420413
Output directory: data/denoising/Set14/mask/0/pai/synflow_local/sparse_0.5
PSNR of output image is:  26.73791538420413
(3, 512, 512) (1, 3, 512, 512) (3, 512, 512)
Experiment done
