(3, 512, 512)
Starting random mask  training on 0 using ADAM(sigma=0.1,lr=0.01,decay=0,beta=0)
Noisy PSNR is '19.68426986122754'
1.1.1.weight         | nonzeros =   11519 /   12800             ( 89.99%) | total_pruned =    1281 | shape = torch.Size([16, 32, 5, 5])
1.1.1.bias           | nonzeros =      13 /      16             ( 81.25%) | total_pruned =       3 | shape = torch.Size([16])
1.2.weight           | nonzeros =      13 /      16             ( 81.25%) | total_pruned =       3 | shape = torch.Size([16])
1.2.bias             | nonzeros =       0 /      16             (  0.00%) | total_pruned =      16 | shape = torch.Size([16])
1.4.1.weight         | nonzeros =    5759 /    6400             ( 89.98%) | total_pruned =     641 | shape = torch.Size([16, 16, 5, 5])
1.4.1.bias           | nonzeros =      13 /      16             ( 81.25%) | total_pruned =       3 | shape = torch.Size([16])
1.5.weight           | nonzeros =      13 /      16             ( 81.25%) | total_pruned =       3 | shape = torch.Size([16])
1.5.bias             | nonzeros =       0 /      16             (  0.00%) | total_pruned =      16 | shape = torch.Size([16])
1.7.1.1.1.weight     | nonzeros =   11519 /   12800             ( 89.99%) | total_pruned =    1281 | shape = torch.Size([32, 16, 5, 5])
1.7.1.1.1.bias       | nonzeros =      27 /      32             ( 84.38%) | total_pruned =       5 | shape = torch.Size([32])
1.7.1.2.weight       | nonzeros =      27 /      32             ( 84.38%) | total_pruned =       5 | shape = torch.Size([32])
1.7.1.2.bias         | nonzeros =       0 /      32             (  0.00%) | total_pruned =      32 | shape = torch.Size([32])
1.7.1.4.1.weight     | nonzeros =   23039 /   25600             ( 90.00%) | total_pruned =    2561 | shape = torch.Size([32, 32, 5, 5])
1.7.1.4.1.bias       | nonzeros =      27 /      32             ( 84.38%) | total_pruned =       5 | shape = torch.Size([32])
1.7.1.5.weight       | nonzeros =      27 /      32             ( 84.38%) | total_pruned =       5 | shape = torch.Size([32])
1.7.1.5.bias         | nonzeros =       0 /      32             (  0.00%) | total_pruned =      32 | shape = torch.Size([32])
1.7.1.7.1.1.1.weight | nonzeros =   46079 /   51200             ( 90.00%) | total_pruned =    5121 | shape = torch.Size([64, 32, 5, 5])
1.7.1.7.1.1.1.bias   | nonzeros =      54 /      64             ( 84.38%) | total_pruned =      10 | shape = torch.Size([64])
1.7.1.7.1.2.weight   | nonzeros =      56 /      64             ( 87.50%) | total_pruned =       8 | shape = torch.Size([64])
1.7.1.7.1.2.bias     | nonzeros =       0 /      64             (  0.00%) | total_pruned =      64 | shape = torch.Size([64])
1.7.1.7.1.4.1.weight | nonzeros =   92159 /  102400             ( 90.00%) | total_pruned =   10241 | shape = torch.Size([64, 64, 5, 5])
1.7.1.7.1.4.1.bias   | nonzeros =      56 /      64             ( 87.50%) | total_pruned =       8 | shape = torch.Size([64])
1.7.1.7.1.5.weight   | nonzeros =      56 /      64             ( 87.50%) | total_pruned =       8 | shape = torch.Size([64])
1.7.1.7.1.5.bias     | nonzeros =       0 /      64             (  0.00%) | total_pruned =      64 | shape = torch.Size([64])
1.7.1.7.1.7.1.1.1.weight | nonzeros =  184319 /  204800             ( 90.00%) | total_pruned =   20481 | shape = torch.Size([128, 64, 5, 5])
1.7.1.7.1.7.1.1.1.bias | nonzeros =      98 /     128             ( 76.56%) | total_pruned =      30 | shape = torch.Size([128])
1.7.1.7.1.7.1.2.weight | nonzeros =     114 /     128             ( 89.06%) | total_pruned =      14 | shape = torch.Size([128])
1.7.1.7.1.7.1.2.bias | nonzeros =       0 /     128             (  0.00%) | total_pruned =     128 | shape = torch.Size([128])
1.7.1.7.1.7.1.4.1.weight | nonzeros =  368639 /  409600             ( 90.00%) | total_pruned =   40961 | shape = torch.Size([128, 128, 5, 5])
1.7.1.7.1.7.1.4.1.bias | nonzeros =     114 /     128             ( 89.06%) | total_pruned =      14 | shape = torch.Size([128])
1.7.1.7.1.7.1.5.weight | nonzeros =     114 /     128             ( 89.06%) | total_pruned =      14 | shape = torch.Size([128])
1.7.1.7.1.7.1.5.bias | nonzeros =       0 /     128             (  0.00%) | total_pruned =     128 | shape = torch.Size([128])
1.7.1.7.1.7.1.7.1.1.1.weight | nonzeros =  368639 /  409600             ( 90.00%) | total_pruned =   40961 | shape = torch.Size([128, 128, 5, 5])
1.7.1.7.1.7.1.7.1.1.1.bias | nonzeros =     114 /     128             ( 89.06%) | total_pruned =      14 | shape = torch.Size([128])
1.7.1.7.1.7.1.7.1.2.weight | nonzeros =     114 /     128             ( 89.06%) | total_pruned =      14 | shape = torch.Size([128])
1.7.1.7.1.7.1.7.1.2.bias | nonzeros =       0 /     128             (  0.00%) | total_pruned =     128 | shape = torch.Size([128])
1.7.1.7.1.7.1.7.1.4.1.weight | nonzeros =  368639 /  409600             ( 90.00%) | total_pruned =   40961 | shape = torch.Size([128, 128, 5, 5])
1.7.1.7.1.7.1.7.1.4.1.bias | nonzeros =     101 /     128             ( 78.91%) | total_pruned =      27 | shape = torch.Size([128])
1.7.1.7.1.7.1.7.1.5.weight | nonzeros =     114 /     128             ( 89.06%) | total_pruned =      14 | shape = torch.Size([128])
1.7.1.7.1.7.1.7.1.5.bias | nonzeros =       0 /     128             (  0.00%) | total_pruned =     128 | shape = torch.Size([128])
1.7.1.7.1.7.1.7.1.7.1.1.1.weight | nonzeros =  368639 /  409600             ( 90.00%) | total_pruned =   40961 | shape = torch.Size([128, 128, 5, 5])
1.7.1.7.1.7.1.7.1.7.1.1.1.bias | nonzeros =     114 /     128             ( 89.06%) | total_pruned =      14 | shape = torch.Size([128])
1.7.1.7.1.7.1.7.1.7.1.2.weight | nonzeros =     114 /     128             ( 89.06%) | total_pruned =      14 | shape = torch.Size([128])
1.7.1.7.1.7.1.7.1.7.1.2.bias | nonzeros =       0 /     128             (  0.00%) | total_pruned =     128 | shape = torch.Size([128])
1.7.1.7.1.7.1.7.1.7.1.4.1.weight | nonzeros =  368639 /  409600             ( 90.00%) | total_pruned =   40961 | shape = torch.Size([128, 128, 5, 5])
1.7.1.7.1.7.1.7.1.7.1.4.1.bias | nonzeros =     109 /     128             ( 85.16%) | total_pruned =      19 | shape = torch.Size([128])
1.7.1.7.1.7.1.7.1.7.1.5.weight | nonzeros =     114 /     128             ( 89.06%) | total_pruned =      14 | shape = torch.Size([128])
1.7.1.7.1.7.1.7.1.7.1.5.bias | nonzeros =       0 /     128             (  0.00%) | total_pruned =     128 | shape = torch.Size([128])
1.7.1.7.1.7.1.7.1.7.2.weight | nonzeros =     114 /     128             ( 89.06%) | total_pruned =      14 | shape = torch.Size([128])
1.7.1.7.1.7.1.7.1.7.2.bias | nonzeros =       0 /     128             (  0.00%) | total_pruned =     128 | shape = torch.Size([128])
1.7.1.7.1.7.1.7.1.7.3.1.weight | nonzeros =  132709 /  147456             ( 90.00%) | total_pruned =   14747 | shape = torch.Size([128, 128, 3, 3])
1.7.1.7.1.7.1.7.1.7.3.1.bias | nonzeros =     103 /     128             ( 80.47%) | total_pruned =      25 | shape = torch.Size([128])
1.7.1.7.1.7.1.7.1.7.4.weight | nonzeros =     114 /     128             ( 89.06%) | total_pruned =      14 | shape = torch.Size([128])
1.7.1.7.1.7.1.7.1.7.4.bias | nonzeros =       0 /     128             (  0.00%) | total_pruned =     128 | shape = torch.Size([128])
1.7.1.7.1.7.1.7.2.weight | nonzeros =     114 /     128             ( 89.06%) | total_pruned =      14 | shape = torch.Size([128])
1.7.1.7.1.7.1.7.2.bias | nonzeros =       0 /     128             (  0.00%) | total_pruned =     128 | shape = torch.Size([128])
1.7.1.7.1.7.1.7.3.1.weight | nonzeros =  132709 /  147456             ( 90.00%) | total_pruned =   14747 | shape = torch.Size([128, 128, 3, 3])
1.7.1.7.1.7.1.7.3.1.bias | nonzeros =     109 /     128             ( 85.16%) | total_pruned =      19 | shape = torch.Size([128])
1.7.1.7.1.7.1.7.4.weight | nonzeros =     114 /     128             ( 89.06%) | total_pruned =      14 | shape = torch.Size([128])
1.7.1.7.1.7.1.7.4.bias | nonzeros =       0 /     128             (  0.00%) | total_pruned =     128 | shape = torch.Size([128])
1.7.1.7.1.7.2.weight | nonzeros =     114 /     128             ( 89.06%) | total_pruned =      14 | shape = torch.Size([128])
1.7.1.7.1.7.2.bias   | nonzeros =       0 /     128             (  0.00%) | total_pruned =     128 | shape = torch.Size([128])
1.7.1.7.1.7.3.1.weight | nonzeros =  132709 /  147456             ( 90.00%) | total_pruned =   14747 | shape = torch.Size([128, 128, 3, 3])
1.7.1.7.1.7.3.1.bias | nonzeros =     110 /     128             ( 85.94%) | total_pruned =      18 | shape = torch.Size([128])
1.7.1.7.1.7.4.weight | nonzeros =     114 /     128             ( 89.06%) | total_pruned =      14 | shape = torch.Size([128])
1.7.1.7.1.7.4.bias   | nonzeros =       0 /     128             (  0.00%) | total_pruned =     128 | shape = torch.Size([128])
1.7.1.7.2.weight     | nonzeros =     114 /     128             ( 89.06%) | total_pruned =      14 | shape = torch.Size([128])
1.7.1.7.2.bias       | nonzeros =       0 /     128             (  0.00%) | total_pruned =     128 | shape = torch.Size([128])
1.7.1.7.3.1.weight   | nonzeros =   66354 /   73728             ( 90.00%) | total_pruned =    7374 | shape = torch.Size([64, 128, 3, 3])
1.7.1.7.3.1.bias     | nonzeros =      56 /      64             ( 87.50%) | total_pruned =       8 | shape = torch.Size([64])
1.7.1.7.4.weight     | nonzeros =      56 /      64             ( 87.50%) | total_pruned =       8 | shape = torch.Size([64])
1.7.1.7.4.bias       | nonzeros =       0 /      64             (  0.00%) | total_pruned =      64 | shape = torch.Size([64])
1.7.2.weight         | nonzeros =      56 /      64             ( 87.50%) | total_pruned =       8 | shape = torch.Size([64])
1.7.2.bias           | nonzeros =       0 /      64             (  0.00%) | total_pruned =      64 | shape = torch.Size([64])
1.7.3.1.weight       | nonzeros =   16587 /   18432             ( 89.99%) | total_pruned =    1845 | shape = torch.Size([32, 64, 3, 3])
1.7.3.1.bias         | nonzeros =      27 /      32             ( 84.38%) | total_pruned =       5 | shape = torch.Size([32])
1.7.4.weight         | nonzeros =      27 /      32             ( 84.38%) | total_pruned =       5 | shape = torch.Size([32])
1.7.4.bias           | nonzeros =       0 /      32             (  0.00%) | total_pruned =      32 | shape = torch.Size([32])
2.weight             | nonzeros =      27 /      32             ( 84.38%) | total_pruned =       5 | shape = torch.Size([32])
2.bias               | nonzeros =       0 /      32             (  0.00%) | total_pruned =      32 | shape = torch.Size([32])
3.1.weight           | nonzeros =    4146 /    4608             ( 89.97%) | total_pruned =     462 | shape = torch.Size([16, 32, 3, 3])
3.1.bias             | nonzeros =      13 /      16             ( 81.25%) | total_pruned =       3 | shape = torch.Size([16])
4.weight             | nonzeros =      13 /      16             ( 81.25%) | total_pruned =       3 | shape = torch.Size([16])
4.bias               | nonzeros =       0 /      16             (  0.00%) | total_pruned =      16 | shape = torch.Size([16])
6.1.weight           | nonzeros =      42 /      48             ( 87.50%) | total_pruned =       6 | shape = torch.Size([3, 16, 1, 1])
6.1.bias             | nonzeros =       1 /       3             ( 33.33%) | total_pruned =       2 | shape = torch.Size([3])
alive: 2705956, pruned : 302911, total: 3008867, Compression rate :       1.11x  ( 10.07% pruned)
Initial PSNR of output image is:  11.232223218811097
epoch:  0 loss:  0.07162714004516602 PSNR:  11.232223218811097
epoch:  200 loss:  0.014666355215013027 PSNR:  21.717380403414992
epoch:  400 loss:  0.012395165860652924 PSNR:  23.981256508432033
epoch:  600 loss:  0.01113622635602951 PSNR:  25.886346515887226
epoch:  800 loss:  0.010530817322432995 PSNR:  27.151169575977256
epoch:  1000 loss:  0.010394478216767311 PSNR:  27.313063873394373
epoch:  1200 loss:  0.010065527632832527 PSNR:  28.086564812610057
epoch:  1400 loss:  0.009936872869729996 PSNR:  28.245675306964714
epoch:  1600 loss:  0.00981129426509142 PSNR:  28.358421424487123
epoch:  1800 loss:  0.009698878973722458 PSNR:  28.476422692967347
epoch:  2000 loss:  0.009576038457453251 PSNR:  28.469658120195305
epoch:  2200 loss:  0.009516754187643528 PSNR:  28.345982819713388
epoch:  2400 loss:  0.009401360526680946 PSNR:  28.21223340847468
epoch:  2600 loss:  0.009262243285775185 PSNR:  28.13445114592465
epoch:  2800 loss:  0.00927899032831192 PSNR:  27.655865220816814
epoch:  3000 loss:  0.009074142202734947 PSNR:  27.71603311709834
epoch:  3200 loss:  0.008922887966036797 PSNR:  27.530400581070143
epoch:  3400 loss:  0.00876606535166502 PSNR:  27.33561979465955
epoch:  3600 loss:  0.008709562942385674 PSNR:  27.017067819717404
epoch:  3800 loss:  0.008552021346986294 PSNR:  26.86457955125572
epoch:  4000 loss:  0.008405386470258236 PSNR:  26.744927087722683
epoch:  4200 loss:  0.00835040956735611 PSNR:  26.302851094864007
epoch:  4400 loss:  0.008337653242051601 PSNR:  25.948319902935463
epoch:  4600 loss:  0.008177693001925945 PSNR:  25.987373621948215
epoch:  4800 loss:  0.008096887730062008 PSNR:  25.694180643378672
epoch:  5000 loss:  0.007872285321354866 PSNR:  25.647039168118777
epoch:  5200 loss:  0.007860730402171612 PSNR:  25.4355771554496
epoch:  5400 loss:  0.0076322369277477264 PSNR:  25.400893542510367
epoch:  5600 loss:  0.007608046289533377 PSNR:  25.071524741749368
epoch:  5800 loss:  0.007495435886085033 PSNR:  25.069871870040473
epoch:  6000 loss:  0.007511315867304802 PSNR:  24.87805676762219
epoch:  6200 loss:  0.0073783076368272305 PSNR:  24.84613944355114
epoch:  6400 loss:  0.00723540922626853 PSNR:  24.81133302049316
epoch:  6600 loss:  0.00719658425077796 PSNR:  24.71065742019453
epoch:  6800 loss:  0.007165474351495504 PSNR:  24.63539919251527
epoch:  7000 loss:  0.007014462258666754 PSNR:  24.441931835020732
epoch:  7200 loss:  0.007006555330008268 PSNR:  24.46893726698759
epoch:  7400 loss:  0.01763933151960373 PSNR:  19.865535958063557
epoch:  7600 loss:  0.012399527244269848 PSNR:  23.93890737151348
epoch:  7800 loss:  0.011276728473603725 PSNR:  25.60227967297234
epoch:  8000 loss:  0.010646557435393333 PSNR:  26.814153935557616
epoch:  8200 loss:  0.010291477665305138 PSNR:  27.59609517316026
epoch:  8400 loss:  0.0101761594414711 PSNR:  27.78652981883528
epoch:  8600 loss:  0.009995010681450367 PSNR:  28.131360393397102
epoch:  8800 loss:  0.00995965301990509 PSNR:  28.08863583536976
epoch:  9000 loss:  0.009861679747700691 PSNR:  28.213149087424284
epoch:  9200 loss:  0.009743822738528252 PSNR:  28.4063809173559
epoch:  9400 loss:  0.009692669846117496 PSNR:  28.347566003552217
epoch:  9600 loss:  0.009555956348776817 PSNR:  28.50387631610485
epoch:  9800 loss:  0.009596148505806923 PSNR:  28.220603089725156
epoch:  10000 loss:  0.009466012939810753 PSNR:  28.318820781559175
epoch:  10200 loss:  0.009428348392248154 PSNR:  28.090721044498785
epoch:  10400 loss:  0.009399879723787308 PSNR:  27.96642655384677
epoch:  10600 loss:  0.009206334128975868 PSNR:  28.11776468945891
epoch:  10800 loss:  0.009274760261178017 PSNR:  27.703264112837797
epoch:  11000 loss:  0.009192826226353645 PSNR:  27.687622408723087
epoch:  11200 loss:  0.010325172916054726 PSNR:  27.29290687419221
epoch:  11400 loss:  0.009387686848640442 PSNR:  28.25524030560659
epoch:  11600 loss:  0.009132640436291695 PSNR:  27.971277096140156
epoch:  11800 loss:  0.008994011208415031 PSNR:  27.729253354687998
epoch:  12000 loss:  0.0088405292481184 PSNR:  27.499504905234208
epoch:  12200 loss:  0.008763818070292473 PSNR:  27.26365700541974
epoch:  12400 loss:  0.008644398301839828 PSNR:  27.025943386305464
epoch:  12600 loss:  0.008570241741836071 PSNR:  26.869471510493128
epoch:  12800 loss:  0.00849955901503563 PSNR:  26.699375102780127
epoch:  13000 loss:  0.008463705889880657 PSNR:  26.49501590499075
epoch:  13200 loss:  0.008348512463271618 PSNR:  26.092484708909915
epoch:  13400 loss:  0.008165414445102215 PSNR:  26.288492027951573
epoch:  13600 loss:  0.008123133331537247 PSNR:  26.15215245402807
epoch:  13800 loss:  0.007995214313268661 PSNR:  25.98748003288832
epoch:  14000 loss:  0.007986684329807758 PSNR:  25.702001827022155
epoch:  14200 loss:  0.007914232090115547 PSNR:  25.757259576871725
epoch:  14400 loss:  0.007833636365830898 PSNR:  25.672743111879637
epoch:  14600 loss:  0.007782872766256332 PSNR:  25.559401426095096
epoch:  14800 loss:  0.0077957650646567345 PSNR:  25.423247025012785
epoch:  15000 loss:  0.007613050751388073 PSNR:  25.379414328105923
epoch:  15200 loss:  0.00758708268404007 PSNR:  25.270954978229213
epoch:  15400 loss:  0.0075203790329396725 PSNR:  25.10511846829687
epoch:  15600 loss:  0.007413908839225769 PSNR:  25.131549059738578
epoch:  15800 loss:  0.007459411397576332 PSNR:  24.973259509066537
epoch:  16000 loss:  0.007340813986957073 PSNR:  24.953104028201704
epoch:  16200 loss:  0.007304857484996319 PSNR:  24.88567228642957
epoch:  16400 loss:  0.007266591303050518 PSNR:  24.9143550924039
epoch:  16600 loss:  0.007298056036233902 PSNR:  24.65464052076247
epoch:  16800 loss:  0.007200358435511589 PSNR:  24.76670706614498
epoch:  17000 loss:  0.007230682298541069 PSNR:  24.633287385584595
epoch:  17200 loss:  0.00711189117282629 PSNR:  24.71812211542227
epoch:  17400 loss:  0.007074009161442518 PSNR:  24.519626345210284
epoch:  17600 loss:  0.007054905407130718 PSNR:  24.55604323973184
epoch:  17800 loss:  0.006981611251831055 PSNR:  24.45995644768237
epoch:  18000 loss:  0.007059811614453793 PSNR:  24.42803637480855
epoch:  18200 loss:  0.007059117313474417 PSNR:  24.30637085733438
epoch:  18400 loss:  0.006876777857542038 PSNR:  24.41276739508078
epoch:  18600 loss:  0.0068444437347352505 PSNR:  24.341364003841967
epoch:  18800 loss:  0.006862936541438103 PSNR:  24.30788031539978
epoch:  19000 loss:  0.006908814422786236 PSNR:  24.062169987981747
epoch:  19200 loss:  0.006794760935008526 PSNR:  24.29892907328652
epoch:  19400 loss:  0.006732875015586615 PSNR:  24.297217108334877
epoch:  19600 loss:  0.006727154832333326 PSNR:  24.27373230240275
epoch:  19800 loss:  0.006750608794391155 PSNR:  24.307756585110873
epoch:  20000 loss:  0.006716554518789053 PSNR:  24.05582244374753
epoch:  20200 loss:  0.006643051281571388 PSNR:  24.157255415802247
epoch:  20400 loss:  0.006659817881882191 PSNR:  24.057612861391995
epoch:  20600 loss:  0.006596027873456478 PSNR:  24.068593437749428
epoch:  20800 loss:  0.006700523197650909 PSNR:  23.877912048658395
epoch:  21000 loss:  0.006610964424908161 PSNR:  23.998289251520625
epoch:  21200 loss:  0.006602687295526266 PSNR:  23.84356982715472
epoch:  21400 loss:  0.0065515656024217606 PSNR:  24.053160525119623
epoch:  21600 loss:  0.006644915789365768 PSNR:  23.883565775816834
epoch:  21800 loss:  0.006570917554199696 PSNR:  24.006037270702365
epoch:  22000 loss:  0.0065559386275708675 PSNR:  23.79374266851089
epoch:  22200 loss:  0.006504882127046585 PSNR:  23.941297953681087
epoch:  22400 loss:  0.006449846085160971 PSNR:  23.86548561336209
epoch:  22600 loss:  0.00650327792391181 PSNR:  23.839394407939572
epoch:  22800 loss:  0.006403124891221523 PSNR:  23.809148091547566
epoch:  23000 loss:  0.006459521129727364 PSNR:  23.818638230538554
epoch:  23200 loss:  0.00640186807140708 PSNR:  23.66782615123846
epoch:  23400 loss:  0.0064057218842208385 PSNR:  23.72992975991015
epoch:  23600 loss:  0.006396600045263767 PSNR:  23.75305449797649
epoch:  23800 loss:  0.006345266010612249 PSNR:  23.75896846363411
epoch:  24000 loss:  0.006327671464532614 PSNR:  23.737282033393633
epoch:  24200 loss:  0.006358885671943426 PSNR:  23.623491617671164
epoch:  24400 loss:  0.006336572580039501 PSNR:  23.694126132225584
epoch:  24600 loss:  0.006346633192151785 PSNR:  23.511737603993556
epoch:  24800 loss:  0.006272667087614536 PSNR:  23.752823384465458
epoch:  25000 loss:  0.006268520839512348 PSNR:  23.573722334036177
epoch:  25200 loss:  0.006197637878358364 PSNR:  23.576378527408174
epoch:  25400 loss:  0.0062629166059195995 PSNR:  23.58842589441069
epoch:  25600 loss:  0.0062176864594221115 PSNR:  23.579860007997443
epoch:  25800 loss:  0.006194882094860077 PSNR:  23.668179455089458
epoch:  26000 loss:  0.00633254274725914 PSNR:  23.53946234563203
epoch:  26200 loss:  0.006207203026860952 PSNR:  23.687961225268324
epoch:  26400 loss:  0.006136586423963308 PSNR:  23.646280269537968
epoch:  26600 loss:  0.006194298155605793 PSNR:  23.448217691380144
epoch:  26800 loss:  0.0062128594145178795 PSNR:  23.409078240199094
epoch:  27000 loss:  0.006178553216159344 PSNR:  23.607633328171108
epoch:  27200 loss:  0.006072252988815308 PSNR:  23.589504406834685
epoch:  27400 loss:  0.006162848323583603 PSNR:  23.364687825010073
epoch:  27600 loss:  0.006158103235065937 PSNR:  23.479944339756614
epoch:  27800 loss:  0.006113456562161446 PSNR:  23.496467112027787
epoch:  28000 loss:  0.006063845939934254 PSNR:  23.58465026927579
epoch:  28200 loss:  0.006098471116274595 PSNR:  23.384304198276283
epoch:  28400 loss:  0.006121433340013027 PSNR:  23.446152471908444
epoch:  28600 loss:  0.006045776419341564 PSNR:  23.49014277186179
epoch:  28800 loss:  0.006148101296275854 PSNR:  23.299389162785396
epoch:  29000 loss:  0.006026940420269966 PSNR:  23.52477522529339
epoch:  29200 loss:  0.006103537976741791 PSNR:  23.37225267714965
epoch:  29400 loss:  0.006078928709030151 PSNR:  23.454110918345048
epoch:  29600 loss:  0.006032995879650116 PSNR:  23.325978222403492
epoch:  29800 loss:  0.00602225586771965 PSNR:  23.43877004000384
epoch:  30000 loss:  0.005996388383209705 PSNR:  23.44063347201572
epoch:  30200 loss:  0.006064455024898052 PSNR:  23.48461619256723
epoch:  30400 loss:  0.006021174602210522 PSNR:  23.40369685939962
epoch:  30600 loss:  0.005944316741079092 PSNR:  23.371119932812032
epoch:  30800 loss:  0.006013707723468542 PSNR:  23.308308161315665
epoch:  31000 loss:  0.005995280109345913 PSNR:  23.256438813334633
epoch:  31200 loss:  0.005981869995594025 PSNR:  23.200460291608593
epoch:  31400 loss:  0.005881007760763168 PSNR:  23.317946098676646
epoch:  31600 loss:  0.005948450416326523 PSNR:  23.292324288772033
epoch:  31800 loss:  0.00590942520648241 PSNR:  23.203776848433115
epoch:  32000 loss:  0.006004401948302984 PSNR:  23.19686031282282
epoch:  32200 loss:  0.0059091500006616116 PSNR:  23.30096993097768
epoch:  32400 loss:  0.00594376539811492 PSNR:  23.291967549506204
epoch:  32600 loss:  0.005886799655854702 PSNR:  23.1235647301307
epoch:  32800 loss:  0.005881836637854576 PSNR:  23.287387502986302
epoch:  33000 loss:  0.005964405369013548 PSNR:  23.29722167281843
epoch:  33200 loss:  0.005907376296818256 PSNR:  23.237182615705805
epoch:  33400 loss:  0.005842538550496101 PSNR:  23.25670492847459
epoch:  33600 loss:  0.005845510400831699 PSNR:  23.27152853643064
epoch:  33800 loss:  0.005883394740521908 PSNR:  23.23227407737746
epoch:  34000 loss:  0.005885094404220581 PSNR:  23.23409631948486
epoch:  34200 loss:  0.005859486758708954 PSNR:  23.246463585127785
epoch:  34400 loss:  0.00583768030628562 PSNR:  23.19161532095661
epoch:  34600 loss:  0.005930643528699875 PSNR:  23.18931942524975
epoch:  34800 loss:  0.005904986523091793 PSNR:  23.30312376500331
epoch:  35000 loss:  0.0057649631053209305 PSNR:  23.233480604965614
epoch:  35200 loss:  0.006017481442540884 PSNR:  23.123483988070184
epoch:  35400 loss:  0.005821630358695984 PSNR:  23.220320573661112
epoch:  35600 loss:  0.005801800638437271 PSNR:  23.18443589996018
epoch:  35800 loss:  0.00581813370808959 PSNR:  23.181381977659328
epoch:  36000 loss:  0.005755090620368719 PSNR:  23.111090116295948
epoch:  36200 loss:  0.005722999107092619 PSNR:  23.1974317483326
epoch:  36400 loss:  0.005772752687335014 PSNR:  23.20515276122782
epoch:  36600 loss:  0.005785813555121422 PSNR:  23.211343393374655
epoch:  36800 loss:  0.005885392427444458 PSNR:  23.088049892723653
epoch:  37000 loss:  0.005742537789046764 PSNR:  23.20005183098872
epoch:  37200 loss:  0.005797369405627251 PSNR:  23.219753489363075
epoch:  37400 loss:  0.005758651997894049 PSNR:  23.07717003518194
epoch:  37600 loss:  0.005772565491497517 PSNR:  23.03501633683871
epoch:  37800 loss:  0.005789104383438826 PSNR:  23.07827524948688
epoch:  38000 loss:  0.005731797777116299 PSNR:  23.209353215065526
epoch:  38200 loss:  0.005819450132548809 PSNR:  23.111714123073114
epoch:  38400 loss:  0.00572403147816658 PSNR:  23.127722571519847
epoch:  38600 loss:  0.005725789815187454 PSNR:  23.049459652279594
epoch:  38800 loss:  0.005719398148357868 PSNR:  23.026575442117803
epoch:  39000 loss:  0.005751616787165403 PSNR:  23.22977534456055
epoch:  39200 loss:  0.005719267763197422 PSNR:  23.11605349686587
epoch:  39400 loss:  0.005769315641373396 PSNR:  23.029546843319903
epoch:  39600 loss:  0.005720476619899273 PSNR:  23.13187813741967
epoch:  39800 loss:  0.005730839446187019 PSNR:  23.14638637062414
Output directory: data/denoising/Set14/mask/0/pai/grasp_local/sparse_0.9
PSNR of output image is:  23.14638637062414
(3, 512, 512) (1, 3, 512, 512) (3, 512, 512)
Experiment done
