(3, 512, 512)
Starting random mask  training on 0 using ADAM(sigma=0.1,lr=0.01,decay=0,beta=0)
Noisy PSNR is '19.67344131036797'
1.1.1.weight         | nonzeros =    2560 /   12800             ( 20.00%) | total_pruned =   10240 | shape = torch.Size([16, 32, 5, 5])
1.1.1.bias           | nonzeros =       3 /      16             ( 18.75%) | total_pruned =      13 | shape = torch.Size([16])
1.2.weight           | nonzeros =       3 /      16             ( 18.75%) | total_pruned =      13 | shape = torch.Size([16])
1.2.bias             | nonzeros =       0 /      16             (  0.00%) | total_pruned =      16 | shape = torch.Size([16])
1.4.1.weight         | nonzeros =    1280 /    6400             ( 20.00%) | total_pruned =    5120 | shape = torch.Size([16, 16, 5, 5])
1.4.1.bias           | nonzeros =       3 /      16             ( 18.75%) | total_pruned =      13 | shape = torch.Size([16])
1.5.weight           | nonzeros =       3 /      16             ( 18.75%) | total_pruned =      13 | shape = torch.Size([16])
1.5.bias             | nonzeros =       0 /      16             (  0.00%) | total_pruned =      16 | shape = torch.Size([16])
1.7.1.1.1.weight     | nonzeros =    2560 /   12800             ( 20.00%) | total_pruned =   10240 | shape = torch.Size([32, 16, 5, 5])
1.7.1.1.1.bias       | nonzeros =       6 /      32             ( 18.75%) | total_pruned =      26 | shape = torch.Size([32])
1.7.1.2.weight       | nonzeros =       6 /      32             ( 18.75%) | total_pruned =      26 | shape = torch.Size([32])
1.7.1.2.bias         | nonzeros =       0 /      32             (  0.00%) | total_pruned =      32 | shape = torch.Size([32])
1.7.1.4.1.weight     | nonzeros =    5120 /   25600             ( 20.00%) | total_pruned =   20480 | shape = torch.Size([32, 32, 5, 5])
1.7.1.4.1.bias       | nonzeros =       6 /      32             ( 18.75%) | total_pruned =      26 | shape = torch.Size([32])
1.7.1.5.weight       | nonzeros =       6 /      32             ( 18.75%) | total_pruned =      26 | shape = torch.Size([32])
1.7.1.5.bias         | nonzeros =       0 /      32             (  0.00%) | total_pruned =      32 | shape = torch.Size([32])
1.7.1.7.1.1.1.weight | nonzeros =   10240 /   51200             ( 20.00%) | total_pruned =   40960 | shape = torch.Size([64, 32, 5, 5])
1.7.1.7.1.1.1.bias   | nonzeros =      12 /      64             ( 18.75%) | total_pruned =      52 | shape = torch.Size([64])
1.7.1.7.1.2.weight   | nonzeros =      12 /      64             ( 18.75%) | total_pruned =      52 | shape = torch.Size([64])
1.7.1.7.1.2.bias     | nonzeros =       0 /      64             (  0.00%) | total_pruned =      64 | shape = torch.Size([64])
1.7.1.7.1.4.1.weight | nonzeros =   20480 /  102400             ( 20.00%) | total_pruned =   81920 | shape = torch.Size([64, 64, 5, 5])
1.7.1.7.1.4.1.bias   | nonzeros =      12 /      64             ( 18.75%) | total_pruned =      52 | shape = torch.Size([64])
1.7.1.7.1.5.weight   | nonzeros =      12 /      64             ( 18.75%) | total_pruned =      52 | shape = torch.Size([64])
1.7.1.7.1.5.bias     | nonzeros =       0 /      64             (  0.00%) | total_pruned =      64 | shape = torch.Size([64])
1.7.1.7.1.7.1.1.1.weight | nonzeros =   40960 /  204800             ( 20.00%) | total_pruned =  163840 | shape = torch.Size([128, 64, 5, 5])
1.7.1.7.1.7.1.1.1.bias | nonzeros =      25 /     128             ( 19.53%) | total_pruned =     103 | shape = torch.Size([128])
1.7.1.7.1.7.1.2.weight | nonzeros =      25 /     128             ( 19.53%) | total_pruned =     103 | shape = torch.Size([128])
1.7.1.7.1.7.1.2.bias | nonzeros =       0 /     128             (  0.00%) | total_pruned =     128 | shape = torch.Size([128])
1.7.1.7.1.7.1.4.1.weight | nonzeros =   81920 /  409600             ( 20.00%) | total_pruned =  327680 | shape = torch.Size([128, 128, 5, 5])
1.7.1.7.1.7.1.4.1.bias | nonzeros =      25 /     128             ( 19.53%) | total_pruned =     103 | shape = torch.Size([128])
1.7.1.7.1.7.1.5.weight | nonzeros =      25 /     128             ( 19.53%) | total_pruned =     103 | shape = torch.Size([128])
1.7.1.7.1.7.1.5.bias | nonzeros =       0 /     128             (  0.00%) | total_pruned =     128 | shape = torch.Size([128])
1.7.1.7.1.7.1.7.1.1.1.weight | nonzeros =   81920 /  409600             ( 20.00%) | total_pruned =  327680 | shape = torch.Size([128, 128, 5, 5])
1.7.1.7.1.7.1.7.1.1.1.bias | nonzeros =      25 /     128             ( 19.53%) | total_pruned =     103 | shape = torch.Size([128])
1.7.1.7.1.7.1.7.1.2.weight | nonzeros =      25 /     128             ( 19.53%) | total_pruned =     103 | shape = torch.Size([128])
1.7.1.7.1.7.1.7.1.2.bias | nonzeros =       0 /     128             (  0.00%) | total_pruned =     128 | shape = torch.Size([128])
1.7.1.7.1.7.1.7.1.4.1.weight | nonzeros =   81920 /  409600             ( 20.00%) | total_pruned =  327680 | shape = torch.Size([128, 128, 5, 5])
1.7.1.7.1.7.1.7.1.4.1.bias | nonzeros =      25 /     128             ( 19.53%) | total_pruned =     103 | shape = torch.Size([128])
1.7.1.7.1.7.1.7.1.5.weight | nonzeros =      25 /     128             ( 19.53%) | total_pruned =     103 | shape = torch.Size([128])
1.7.1.7.1.7.1.7.1.5.bias | nonzeros =       0 /     128             (  0.00%) | total_pruned =     128 | shape = torch.Size([128])
1.7.1.7.1.7.1.7.1.7.1.1.1.weight | nonzeros =   81920 /  409600             ( 20.00%) | total_pruned =  327680 | shape = torch.Size([128, 128, 5, 5])
1.7.1.7.1.7.1.7.1.7.1.1.1.bias | nonzeros =      25 /     128             ( 19.53%) | total_pruned =     103 | shape = torch.Size([128])
1.7.1.7.1.7.1.7.1.7.1.2.weight | nonzeros =      25 /     128             ( 19.53%) | total_pruned =     103 | shape = torch.Size([128])
1.7.1.7.1.7.1.7.1.7.1.2.bias | nonzeros =       0 /     128             (  0.00%) | total_pruned =     128 | shape = torch.Size([128])
1.7.1.7.1.7.1.7.1.7.1.4.1.weight | nonzeros =   81920 /  409600             ( 20.00%) | total_pruned =  327680 | shape = torch.Size([128, 128, 5, 5])
1.7.1.7.1.7.1.7.1.7.1.4.1.bias | nonzeros =      25 /     128             ( 19.53%) | total_pruned =     103 | shape = torch.Size([128])
1.7.1.7.1.7.1.7.1.7.1.5.weight | nonzeros =      25 /     128             ( 19.53%) | total_pruned =     103 | shape = torch.Size([128])
1.7.1.7.1.7.1.7.1.7.1.5.bias | nonzeros =       0 /     128             (  0.00%) | total_pruned =     128 | shape = torch.Size([128])
1.7.1.7.1.7.1.7.1.7.2.weight | nonzeros =      25 /     128             ( 19.53%) | total_pruned =     103 | shape = torch.Size([128])
1.7.1.7.1.7.1.7.1.7.2.bias | nonzeros =       0 /     128             (  0.00%) | total_pruned =     128 | shape = torch.Size([128])
1.7.1.7.1.7.1.7.1.7.3.1.weight | nonzeros =   29491 /  147456             ( 20.00%) | total_pruned =  117965 | shape = torch.Size([128, 128, 3, 3])
1.7.1.7.1.7.1.7.1.7.3.1.bias | nonzeros =      25 /     128             ( 19.53%) | total_pruned =     103 | shape = torch.Size([128])
1.7.1.7.1.7.1.7.1.7.4.weight | nonzeros =      25 /     128             ( 19.53%) | total_pruned =     103 | shape = torch.Size([128])
1.7.1.7.1.7.1.7.1.7.4.bias | nonzeros =       0 /     128             (  0.00%) | total_pruned =     128 | shape = torch.Size([128])
1.7.1.7.1.7.1.7.2.weight | nonzeros =      25 /     128             ( 19.53%) | total_pruned =     103 | shape = torch.Size([128])
1.7.1.7.1.7.1.7.2.bias | nonzeros =       0 /     128             (  0.00%) | total_pruned =     128 | shape = torch.Size([128])
1.7.1.7.1.7.1.7.3.1.weight | nonzeros =   29491 /  147456             ( 20.00%) | total_pruned =  117965 | shape = torch.Size([128, 128, 3, 3])
1.7.1.7.1.7.1.7.3.1.bias | nonzeros =      25 /     128             ( 19.53%) | total_pruned =     103 | shape = torch.Size([128])
1.7.1.7.1.7.1.7.4.weight | nonzeros =      25 /     128             ( 19.53%) | total_pruned =     103 | shape = torch.Size([128])
1.7.1.7.1.7.1.7.4.bias | nonzeros =       0 /     128             (  0.00%) | total_pruned =     128 | shape = torch.Size([128])
1.7.1.7.1.7.2.weight | nonzeros =      25 /     128             ( 19.53%) | total_pruned =     103 | shape = torch.Size([128])
1.7.1.7.1.7.2.bias   | nonzeros =       0 /     128             (  0.00%) | total_pruned =     128 | shape = torch.Size([128])
1.7.1.7.1.7.3.1.weight | nonzeros =   29491 /  147456             ( 20.00%) | total_pruned =  117965 | shape = torch.Size([128, 128, 3, 3])
1.7.1.7.1.7.3.1.bias | nonzeros =      25 /     128             ( 19.53%) | total_pruned =     103 | shape = torch.Size([128])
1.7.1.7.1.7.4.weight | nonzeros =      25 /     128             ( 19.53%) | total_pruned =     103 | shape = torch.Size([128])
1.7.1.7.1.7.4.bias   | nonzeros =       0 /     128             (  0.00%) | total_pruned =     128 | shape = torch.Size([128])
1.7.1.7.2.weight     | nonzeros =      25 /     128             ( 19.53%) | total_pruned =     103 | shape = torch.Size([128])
1.7.1.7.2.bias       | nonzeros =       0 /     128             (  0.00%) | total_pruned =     128 | shape = torch.Size([128])
1.7.1.7.3.1.weight   | nonzeros =   14745 /   73728             ( 20.00%) | total_pruned =   58983 | shape = torch.Size([64, 128, 3, 3])
1.7.1.7.3.1.bias     | nonzeros =      12 /      64             ( 18.75%) | total_pruned =      52 | shape = torch.Size([64])
1.7.1.7.4.weight     | nonzeros =      12 /      64             ( 18.75%) | total_pruned =      52 | shape = torch.Size([64])
1.7.1.7.4.bias       | nonzeros =       0 /      64             (  0.00%) | total_pruned =      64 | shape = torch.Size([64])
1.7.2.weight         | nonzeros =      12 /      64             ( 18.75%) | total_pruned =      52 | shape = torch.Size([64])
1.7.2.bias           | nonzeros =       0 /      64             (  0.00%) | total_pruned =      64 | shape = torch.Size([64])
1.7.3.1.weight       | nonzeros =    3686 /   18432             ( 20.00%) | total_pruned =   14746 | shape = torch.Size([32, 64, 3, 3])
1.7.3.1.bias         | nonzeros =       6 /      32             ( 18.75%) | total_pruned =      26 | shape = torch.Size([32])
1.7.4.weight         | nonzeros =       6 /      32             ( 18.75%) | total_pruned =      26 | shape = torch.Size([32])
1.7.4.bias           | nonzeros =       0 /      32             (  0.00%) | total_pruned =      32 | shape = torch.Size([32])
2.weight             | nonzeros =       6 /      32             ( 18.75%) | total_pruned =      26 | shape = torch.Size([32])
2.bias               | nonzeros =       0 /      32             (  0.00%) | total_pruned =      32 | shape = torch.Size([32])
3.1.weight           | nonzeros =     921 /    4608             ( 19.99%) | total_pruned =    3687 | shape = torch.Size([16, 32, 3, 3])
3.1.bias             | nonzeros =       3 /      16             ( 18.75%) | total_pruned =      13 | shape = torch.Size([16])
4.weight             | nonzeros =       3 /      16             ( 18.75%) | total_pruned =      13 | shape = torch.Size([16])
4.bias               | nonzeros =       0 /      16             (  0.00%) | total_pruned =      16 | shape = torch.Size([16])
6.1.weight           | nonzeros =       9 /      48             ( 18.75%) | total_pruned =      39 | shape = torch.Size([3, 16, 1, 1])
6.1.bias             | nonzeros =       0 /       3             (  0.00%) | total_pruned =       3 | shape = torch.Size([3])
alive: 601328, pruned : 2407539, total: 3008867, Compression rate :       5.00x  ( 80.01% pruned)
Initial PSNR of output image is:  10.718038919478337
epoch:  0 loss:  0.07945626974105835 PSNR:  10.718038919478337
epoch:  200 loss:  0.06242741271853447 PSNR:  11.898021844569357
epoch:  400 loss:  0.057864636182785034 PSNR:  12.303979385299403
epoch:  600 loss:  0.0567319393157959 PSNR:  12.413666960447562
epoch:  800 loss:  0.056547604501247406 PSNR:  12.431168763070936
epoch:  1000 loss:  0.056375376880168915 PSNR:  12.449946920226733
epoch:  1200 loss:  0.056287407875061035 PSNR:  12.458155245576148
epoch:  1400 loss:  0.056273799389600754 PSNR:  12.459694364662932
epoch:  1600 loss:  0.05616149306297302 PSNR:  12.468003805301622
epoch:  1800 loss:  0.05618404597043991 PSNR:  12.466614103250356
epoch:  2000 loss:  0.056087665259838104 PSNR:  12.475823379768475
epoch:  2200 loss:  0.05615272745490074 PSNR:  12.47081762744436
epoch:  2400 loss:  0.05597461387515068 PSNR:  12.486256266642028
epoch:  2600 loss:  0.055955417454242706 PSNR:  12.487824974406935
epoch:  2800 loss:  0.05607627332210541 PSNR:  12.476425239733501
epoch:  3000 loss:  0.055938970297575 PSNR:  12.489630818829692
epoch:  3200 loss:  0.056111305952072144 PSNR:  12.475010322234294
epoch:  3400 loss:  0.05596170574426651 PSNR:  12.487438057974716
epoch:  3600 loss:  0.05604376643896103 PSNR:  12.480411147204002
epoch:  3800 loss:  0.05595087632536888 PSNR:  12.488849057798696
epoch:  4000 loss:  0.05593852698802948 PSNR:  12.489279623601039
epoch:  4200 loss:  0.055910494178533554 PSNR:  12.49253084293807
epoch:  4400 loss:  0.055890850722789764 PSNR:  12.494479683168507
epoch:  4600 loss:  0.05593390390276909 PSNR:  12.489832511425378
epoch:  4800 loss:  0.05597701668739319 PSNR:  12.486059720011188
epoch:  5000 loss:  0.05595347285270691 PSNR:  12.489049717413847
epoch:  5200 loss:  0.055921368300914764 PSNR:  12.491034221922206
epoch:  5400 loss:  0.05591608211398125 PSNR:  12.492049421226604
epoch:  5600 loss:  0.0559113547205925 PSNR:  12.492243246892977
epoch:  5800 loss:  0.05587119609117508 PSNR:  12.496399447258566
epoch:  6000 loss:  0.05583484470844269 PSNR:  12.499330304134553
epoch:  6200 loss:  0.055874668061733246 PSNR:  12.49599346451538
epoch:  6400 loss:  0.0558309368789196 PSNR:  12.499773233949869
epoch:  6600 loss:  0.05581780895590782 PSNR:  12.501323510977189
epoch:  6800 loss:  0.05582413822412491 PSNR:  12.50045603380708
epoch:  7000 loss:  0.05584093555808067 PSNR:  12.498988646282822
epoch:  7200 loss:  0.055811237543821335 PSNR:  12.501706335384208
epoch:  7400 loss:  0.055916812270879745 PSNR:  12.491895829672178
epoch:  7600 loss:  0.05582781136035919 PSNR:  12.499999045631732
epoch:  7800 loss:  0.05581384152173996 PSNR:  12.501472771832434
epoch:  8000 loss:  0.05589403212070465 PSNR:  12.493987402063187
epoch:  8200 loss:  0.055867016315460205 PSNR:  12.496446703453524
epoch:  8400 loss:  0.055802490562200546 PSNR:  12.502436760674335
epoch:  8600 loss:  0.05582284927368164 PSNR:  12.500407401583702
epoch:  8800 loss:  0.05582764744758606 PSNR:  12.500478684617555
epoch:  9000 loss:  0.055842380970716476 PSNR:  12.498695294857283
epoch:  9200 loss:  0.05582219362258911 PSNR:  12.500828121647993
epoch:  9400 loss:  0.05580689758062363 PSNR:  12.501847279239165
epoch:  9600 loss:  0.0558774396777153 PSNR:  12.49527011063486
epoch:  9800 loss:  0.05580496788024902 PSNR:  12.501875268634159
epoch:  10000 loss:  0.05581771582365036 PSNR:  12.5010240052268
epoch:  10200 loss:  0.05580466613173485 PSNR:  12.501983895851845
epoch:  10400 loss:  0.055818554013967514 PSNR:  12.500685878396013
epoch:  10600 loss:  0.05580447241663933 PSNR:  12.502117184493766
epoch:  10800 loss:  0.05582104250788689 PSNR:  12.500815129682238
epoch:  11000 loss:  0.05580194294452667 PSNR:  12.50225014398962
epoch:  11200 loss:  0.05579642578959465 PSNR:  12.502780689571669
epoch:  11400 loss:  0.05582449957728386 PSNR:  12.500325793939375
epoch:  11600 loss:  0.055806271731853485 PSNR:  12.501930581540462
epoch:  11800 loss:  0.055870965123176575 PSNR:  12.496237382382926
epoch:  12000 loss:  0.05581082031130791 PSNR:  12.501399473449988
epoch:  12200 loss:  0.05581796169281006 PSNR:  12.500930726230246
epoch:  12400 loss:  0.055806517601013184 PSNR:  12.502004555323452
epoch:  12600 loss:  0.055810533463954926 PSNR:  12.501643361948727
epoch:  12800 loss:  0.05580013245344162 PSNR:  12.502602389698774
epoch:  13000 loss:  0.055810533463954926 PSNR:  12.501891929073967
epoch:  13200 loss:  0.055787842720746994 PSNR:  12.50372063420217
epoch:  13400 loss:  0.05579110234975815 PSNR:  12.503272635217611
epoch:  13600 loss:  0.055792875587940216 PSNR:  12.503114979901708
epoch:  13800 loss:  0.055801521986722946 PSNR:  12.502495746544337
epoch:  14000 loss:  0.05582691356539726 PSNR:  12.500162916327803
epoch:  14200 loss:  0.055801935493946075 PSNR:  12.502014218658422
epoch:  14400 loss:  0.05579905956983566 PSNR:  12.502704702936377
epoch:  14600 loss:  0.05580734461545944 PSNR:  12.502031879291684
epoch:  14800 loss:  0.05580023676156998 PSNR:  12.502835014165413
epoch:  15000 loss:  0.05581817030906677 PSNR:  12.50091107126867
epoch:  15200 loss:  0.05582204461097717 PSNR:  12.500505998987311
epoch:  15400 loss:  0.05579632148146629 PSNR:  12.502876674590311
epoch:  15600 loss:  0.055800702422857285 PSNR:  12.502741029714574
epoch:  15800 loss:  0.055807068943977356 PSNR:  12.501998557402217
epoch:  16000 loss:  0.05579888075590134 PSNR:  12.502691372084813
epoch:  16200 loss:  0.05579192563891411 PSNR:  12.503127312140807
epoch:  16400 loss:  0.055808402597904205 PSNR:  12.501416798410556
epoch:  16600 loss:  0.05578688904643059 PSNR:  12.50373896847827
epoch:  16800 loss:  0.05579182505607605 PSNR:  12.503464629123641
epoch:  17000 loss:  0.055795785039663315 PSNR:  12.503017989728459
epoch:  17200 loss:  0.055792685598134995 PSNR:  12.503308300110337
epoch:  17400 loss:  0.05578643083572388 PSNR:  12.503744635451998
epoch:  17600 loss:  0.05579793453216553 PSNR:  12.502609721511845
epoch:  17800 loss:  0.05580856651067734 PSNR:  12.501868937683792
epoch:  18000 loss:  0.05578743666410446 PSNR:  12.503878311506151
epoch:  18200 loss:  0.05580882355570793 PSNR:  12.501900925738038
epoch:  18400 loss:  0.05578809231519699 PSNR:  12.503823307145275
epoch:  18600 loss:  0.05579724907875061 PSNR:  12.502976661240613
epoch:  18800 loss:  0.055793724954128265 PSNR:  12.50312897866229
epoch:  19000 loss:  0.05582890659570694 PSNR:  12.499987721462444
epoch:  19200 loss:  0.05579341575503349 PSNR:  12.503329632522606
epoch:  19400 loss:  0.0557972714304924 PSNR:  12.502687372837325
epoch:  19600 loss:  0.055802714079618454 PSNR:  12.502116518040381
epoch:  19800 loss:  0.05579986423254013 PSNR:  12.502591392002369
epoch:  20000 loss:  0.05579556152224541 PSNR:  12.503134978144923
epoch:  20200 loss:  0.05579627305269241 PSNR:  12.502884673437624
epoch:  20400 loss:  0.05578910559415817 PSNR:  12.503623297159853
epoch:  20600 loss:  0.05581095069646835 PSNR:  12.501371487121219
epoch:  20800 loss:  0.05579771846532822 PSNR:  12.502836347292819
epoch:  21000 loss:  0.05578608065843582 PSNR:  12.503824307218343
epoch:  21200 loss:  0.05578581616282463 PSNR:  12.504123006014904
epoch:  21400 loss:  0.055810313671827316 PSNR:  12.501226560803785
epoch:  21600 loss:  0.05579125136137009 PSNR:  12.503518962273308
epoch:  21800 loss:  0.055812910199165344 PSNR:  12.50140880226632
epoch:  22000 loss:  0.05579467862844467 PSNR:  12.503088982323195
epoch:  22200 loss:  0.05579785630106926 PSNR:  12.502515075421776
epoch:  22400 loss:  0.055788248777389526 PSNR:  12.503771637016607
epoch:  22600 loss:  0.05580304190516472 PSNR:  12.502497746079392
epoch:  22800 loss:  0.05580028519034386 PSNR:  12.502387773018384
epoch:  23000 loss:  0.05579134076833725 PSNR:  12.503498295596398
epoch:  23200 loss:  0.055798448622226715 PSNR:  12.502712701466958
epoch:  23400 loss:  0.05578652024269104 PSNR:  12.503770303602069
epoch:  23600 loss:  0.05579271540045738 PSNR:  12.503270968641
epoch:  23800 loss:  0.05580300837755203 PSNR:  12.50241376639967
epoch:  24000 loss:  0.05578792840242386 PSNR:  12.503888312373883
epoch:  24200 loss:  0.055790018290281296 PSNR:  12.503344631937722
epoch:  24400 loss:  0.05579346418380737 PSNR:  12.503236970617769
epoch:  24600 loss:  0.05578942224383354 PSNR:  12.503836974830506
epoch:  24800 loss:  0.0557861328125 PSNR:  12.504036661283065
epoch:  25000 loss:  0.05579521879553795 PSNR:  12.503159309465016
epoch:  25200 loss:  0.05578672140836716 PSNR:  12.503770303602069
epoch:  25400 loss:  0.05578617751598358 PSNR:  12.503848642400712
epoch:  25600 loss:  0.055797189474105835 PSNR:  12.503054985724578
epoch:  25800 loss:  0.055786605924367905 PSNR:  12.503937983691532
epoch:  26000 loss:  0.05580388754606247 PSNR:  12.502350449460927
epoch:  26200 loss:  0.055784277617931366 PSNR:  12.504214353275614
epoch:  26400 loss:  0.05579736828804016 PSNR:  12.502609721511845
epoch:  26600 loss:  0.055789750069379807 PSNR:  12.503630964039516
epoch:  26800 loss:  0.05579964071512222 PSNR:  12.50292233487503
epoch:  27000 loss:  0.05581673979759216 PSNR:  12.50098536082801
epoch:  27200 loss:  0.05578542500734329 PSNR:  12.503940650623989
epoch:  27400 loss:  0.05578185245394707 PSNR:  12.504339042053864
epoch:  27600 loss:  0.05580669268965721 PSNR:  12.50159804829553
epoch:  27800 loss:  0.05578441172838211 PSNR:  12.504128673489774
epoch:  28000 loss:  0.05580415576696396 PSNR:  12.502432761661302
epoch:  28200 loss:  0.055806782096624374 PSNR:  12.502098523837633
epoch:  28400 loss:  0.05579208582639694 PSNR:  12.50342562967454
epoch:  28600 loss:  0.055789507925510406 PSNR:  12.503754969364302
epoch:  28800 loss:  0.05579782649874687 PSNR:  12.502943332101404
epoch:  29000 loss:  0.05578794330358505 PSNR:  12.503635297499224
epoch:  29200 loss:  0.05577915161848068 PSNR:  12.504655114139858
epoch:  29400 loss:  0.05578344315290451 PSNR:  12.504095002129997
epoch:  29600 loss:  0.05582214891910553 PSNR:  12.500420725426356
epoch:  29800 loss:  0.05578283965587616 PSNR:  12.504240357591671
epoch:  30000 loss:  0.055809445679187775 PSNR:  12.501462776525617
epoch:  30200 loss:  0.05578674003481865 PSNR:  12.503860976723303
epoch:  30400 loss:  0.05579034239053726 PSNR:  12.503492962276386
epoch:  30600 loss:  0.0558040551841259 PSNR:  12.502345784038795
epoch:  30800 loss:  0.05578675866127014 PSNR:  12.503830307661605
epoch:  31000 loss:  0.055778175592422485 PSNR:  12.504588763766971
epoch:  31200 loss:  0.055788975208997726 PSNR:  12.503631297382416
epoch:  31400 loss:  0.05578247457742691 PSNR:  12.504221687810533
epoch:  31600 loss:  0.055789269506931305 PSNR:  12.503602296645742
epoch:  31800 loss:  0.05579429864883423 PSNR:  12.503152643336364
epoch:  32000 loss:  0.05579325184226036 PSNR:  12.50347962900501
epoch:  32200 loss:  0.055789701640605927 PSNR:  12.503439296108299
epoch:  32400 loss:  0.05578219145536423 PSNR:  12.504193016517192
epoch:  32600 loss:  0.05578067898750305 PSNR:  12.504411389857816
epoch:  32800 loss:  0.055788516998291016 PSNR:  12.50366463180173
epoch:  33000 loss:  0.0558028519153595 PSNR:  12.502496746311751
epoch:  33200 loss:  0.05578216537833214 PSNR:  12.504263694930964
epoch:  33400 loss:  0.055781975388526917 PSNR:  12.50436104632753
epoch:  33600 loss:  0.05578289553523064 PSNR:  12.504271696333305
epoch:  33800 loss:  0.055790603160858154 PSNR:  12.50350762892218
epoch:  34000 loss:  0.055789656937122345 PSNR:  12.50341629652498
epoch:  34200 loss:  0.055810630321502686 PSNR:  12.501871936553869
epoch:  34400 loss:  0.05578488111495972 PSNR:  12.50394631786089
epoch:  34600 loss:  0.055794607847929 PSNR:  12.503021655984279
epoch:  34800 loss:  0.055789582431316376 PSNR:  12.503570962734118
epoch:  35000 loss:  0.055786993354558945 PSNR:  12.503916314926055
epoch:  35200 loss:  0.05581308901309967 PSNR:  12.501528745975726
epoch:  35400 loss:  0.05578303337097168 PSNR:  12.504379716707767
epoch:  35600 loss:  0.055777620524168015 PSNR:  12.504803489244672
epoch:  35800 loss:  0.055782996118068695 PSNR:  12.504200351016074
epoch:  36000 loss:  0.055788785219192505 PSNR:  12.50359762987862
epoch:  36200 loss:  0.055787116289138794 PSNR:  12.503935650126978
epoch:  36400 loss:  0.05578328296542168 PSNR:  12.504297034204637
epoch:  36600 loss:  0.055808328092098236 PSNR:  12.502146508543973
epoch:  36800 loss:  0.055779777467250824 PSNR:  12.504485739317566
epoch:  37000 loss:  0.05577882379293442 PSNR:  12.504685122179087
epoch:  37200 loss:  0.05579952523112297 PSNR:  12.502511742850562
epoch:  37400 loss:  0.05580301210284233 PSNR:  12.50198622836791
epoch:  37600 loss:  0.055782120674848557 PSNR:  12.504233689803481
epoch:  37800 loss:  0.05579610913991928 PSNR:  12.503085982612614
epoch:  38000 loss:  0.055784713476896286 PSNR:  12.504108337290766
epoch:  38200 loss:  0.05579579621553421 PSNR:  12.503112980082452
epoch:  38400 loss:  0.05579328536987305 PSNR:  12.503299300530337
epoch:  38600 loss:  0.05579972267150879 PSNR:  12.502735364050269
epoch:  38800 loss:  0.05578994378447533 PSNR:  12.503709633673662
epoch:  39000 loss:  0.0557795986533165 PSNR:  12.504582095443844
epoch:  39200 loss:  0.0557815283536911 PSNR:  12.504428726837773
epoch:  39400 loss:  0.055782996118068695 PSNR:  12.504143675664832
epoch:  39600 loss:  0.05578364431858063 PSNR:  12.504342376027557
epoch:  39800 loss:  0.05578988045454025 PSNR:  12.503620297080191
Output directory: data/denoising/Set14/mask/0/pai/rand_local/sparse_0.8
PSNR of output image is:  12.503620297080191
(3, 512, 512) (1, 3, 512, 512) (3, 512, 512)
Experiment done
