(3, 512, 512)
Starting random mask  training on 0 using ADAM(sigma=0.1,lr=0.01,decay=0,beta=0)
Noisy PSNR is '19.674781836188707'
1.1.1.weight         | nonzeros =   10239 /   12800             ( 79.99%) | total_pruned =    2561 | shape = torch.Size([16, 32, 5, 5])
1.1.1.bias           | nonzeros =      11 /      16             ( 68.75%) | total_pruned =       5 | shape = torch.Size([16])
1.2.weight           | nonzeros =      11 /      16             ( 68.75%) | total_pruned =       5 | shape = torch.Size([16])
1.2.bias             | nonzeros =       0 /      16             (  0.00%) | total_pruned =      16 | shape = torch.Size([16])
1.4.1.weight         | nonzeros =    5119 /    6400             ( 79.98%) | total_pruned =    1281 | shape = torch.Size([16, 16, 5, 5])
1.4.1.bias           | nonzeros =      11 /      16             ( 68.75%) | total_pruned =       5 | shape = torch.Size([16])
1.5.weight           | nonzeros =      11 /      16             ( 68.75%) | total_pruned =       5 | shape = torch.Size([16])
1.5.bias             | nonzeros =       0 /      16             (  0.00%) | total_pruned =      16 | shape = torch.Size([16])
1.7.1.1.1.weight     | nonzeros =   10239 /   12800             ( 79.99%) | total_pruned =    2561 | shape = torch.Size([32, 16, 5, 5])
1.7.1.1.1.bias       | nonzeros =      22 /      32             ( 68.75%) | total_pruned =      10 | shape = torch.Size([32])
1.7.1.2.weight       | nonzeros =      24 /      32             ( 75.00%) | total_pruned =       8 | shape = torch.Size([32])
1.7.1.2.bias         | nonzeros =       0 /      32             (  0.00%) | total_pruned =      32 | shape = torch.Size([32])
1.7.1.4.1.weight     | nonzeros =   20479 /   25600             ( 80.00%) | total_pruned =    5121 | shape = torch.Size([32, 32, 5, 5])
1.7.1.4.1.bias       | nonzeros =      24 /      32             ( 75.00%) | total_pruned =       8 | shape = torch.Size([32])
1.7.1.5.weight       | nonzeros =      24 /      32             ( 75.00%) | total_pruned =       8 | shape = torch.Size([32])
1.7.1.5.bias         | nonzeros =       0 /      32             (  0.00%) | total_pruned =      32 | shape = torch.Size([32])
1.7.1.7.1.1.1.weight | nonzeros =   40959 /   51200             ( 80.00%) | total_pruned =   10241 | shape = torch.Size([64, 32, 5, 5])
1.7.1.7.1.1.1.bias   | nonzeros =      49 /      64             ( 76.56%) | total_pruned =      15 | shape = torch.Size([64])
1.7.1.7.1.2.weight   | nonzeros =      50 /      64             ( 78.12%) | total_pruned =      14 | shape = torch.Size([64])
1.7.1.7.1.2.bias     | nonzeros =       0 /      64             (  0.00%) | total_pruned =      64 | shape = torch.Size([64])
1.7.1.7.1.4.1.weight | nonzeros =   81919 /  102400             ( 80.00%) | total_pruned =   20481 | shape = torch.Size([64, 64, 5, 5])
1.7.1.7.1.4.1.bias   | nonzeros =      49 /      64             ( 76.56%) | total_pruned =      15 | shape = torch.Size([64])
1.7.1.7.1.5.weight   | nonzeros =      50 /      64             ( 78.12%) | total_pruned =      14 | shape = torch.Size([64])
1.7.1.7.1.5.bias     | nonzeros =       0 /      64             (  0.00%) | total_pruned =      64 | shape = torch.Size([64])
1.7.1.7.1.7.1.1.1.weight | nonzeros =  163839 /  204800             ( 80.00%) | total_pruned =   40961 | shape = torch.Size([128, 64, 5, 5])
1.7.1.7.1.7.1.1.1.bias | nonzeros =      80 /     128             ( 62.50%) | total_pruned =      48 | shape = torch.Size([128])
1.7.1.7.1.7.1.2.weight | nonzeros =     101 /     128             ( 78.91%) | total_pruned =      27 | shape = torch.Size([128])
1.7.1.7.1.7.1.2.bias | nonzeros =       0 /     128             (  0.00%) | total_pruned =     128 | shape = torch.Size([128])
1.7.1.7.1.7.1.4.1.weight | nonzeros =  327679 /  409600             ( 80.00%) | total_pruned =   81921 | shape = torch.Size([128, 128, 5, 5])
1.7.1.7.1.7.1.4.1.bias | nonzeros =      99 /     128             ( 77.34%) | total_pruned =      29 | shape = torch.Size([128])
1.7.1.7.1.7.1.5.weight | nonzeros =     101 /     128             ( 78.91%) | total_pruned =      27 | shape = torch.Size([128])
1.7.1.7.1.7.1.5.bias | nonzeros =       0 /     128             (  0.00%) | total_pruned =     128 | shape = torch.Size([128])
1.7.1.7.1.7.1.7.1.1.1.weight | nonzeros =  327679 /  409600             ( 80.00%) | total_pruned =   81921 | shape = torch.Size([128, 128, 5, 5])
1.7.1.7.1.7.1.7.1.1.1.bias | nonzeros =      81 /     128             ( 63.28%) | total_pruned =      47 | shape = torch.Size([128])
1.7.1.7.1.7.1.7.1.2.weight | nonzeros =     101 /     128             ( 78.91%) | total_pruned =      27 | shape = torch.Size([128])
1.7.1.7.1.7.1.7.1.2.bias | nonzeros =       0 /     128             (  0.00%) | total_pruned =     128 | shape = torch.Size([128])
1.7.1.7.1.7.1.7.1.4.1.weight | nonzeros =  327679 /  409600             ( 80.00%) | total_pruned =   81921 | shape = torch.Size([128, 128, 5, 5])
1.7.1.7.1.7.1.7.1.4.1.bias | nonzeros =      97 /     128             ( 75.78%) | total_pruned =      31 | shape = torch.Size([128])
1.7.1.7.1.7.1.7.1.5.weight | nonzeros =     101 /     128             ( 78.91%) | total_pruned =      27 | shape = torch.Size([128])
1.7.1.7.1.7.1.7.1.5.bias | nonzeros =       0 /     128             (  0.00%) | total_pruned =     128 | shape = torch.Size([128])
1.7.1.7.1.7.1.7.1.7.1.1.1.weight | nonzeros =  327679 /  409600             ( 80.00%) | total_pruned =   81921 | shape = torch.Size([128, 128, 5, 5])
1.7.1.7.1.7.1.7.1.7.1.1.1.bias | nonzeros =      94 /     128             ( 73.44%) | total_pruned =      34 | shape = torch.Size([128])
1.7.1.7.1.7.1.7.1.7.1.2.weight | nonzeros =     101 /     128             ( 78.91%) | total_pruned =      27 | shape = torch.Size([128])
1.7.1.7.1.7.1.7.1.7.1.2.bias | nonzeros =       0 /     128             (  0.00%) | total_pruned =     128 | shape = torch.Size([128])
1.7.1.7.1.7.1.7.1.7.1.4.1.weight | nonzeros =  327679 /  409600             ( 80.00%) | total_pruned =   81921 | shape = torch.Size([128, 128, 5, 5])
1.7.1.7.1.7.1.7.1.7.1.4.1.bias | nonzeros =      92 /     128             ( 71.88%) | total_pruned =      36 | shape = torch.Size([128])
1.7.1.7.1.7.1.7.1.7.1.5.weight | nonzeros =     101 /     128             ( 78.91%) | total_pruned =      27 | shape = torch.Size([128])
1.7.1.7.1.7.1.7.1.7.1.5.bias | nonzeros =       0 /     128             (  0.00%) | total_pruned =     128 | shape = torch.Size([128])
1.7.1.7.1.7.1.7.1.7.2.weight | nonzeros =     101 /     128             ( 78.91%) | total_pruned =      27 | shape = torch.Size([128])
1.7.1.7.1.7.1.7.1.7.2.bias | nonzeros =       0 /     128             (  0.00%) | total_pruned =     128 | shape = torch.Size([128])
1.7.1.7.1.7.1.7.1.7.3.1.weight | nonzeros =  117963 /  147456             ( 80.00%) | total_pruned =   29493 | shape = torch.Size([128, 128, 3, 3])
1.7.1.7.1.7.1.7.1.7.3.1.bias | nonzeros =      90 /     128             ( 70.31%) | total_pruned =      38 | shape = torch.Size([128])
1.7.1.7.1.7.1.7.1.7.4.weight | nonzeros =     101 /     128             ( 78.91%) | total_pruned =      27 | shape = torch.Size([128])
1.7.1.7.1.7.1.7.1.7.4.bias | nonzeros =       0 /     128             (  0.00%) | total_pruned =     128 | shape = torch.Size([128])
1.7.1.7.1.7.1.7.2.weight | nonzeros =     101 /     128             ( 78.91%) | total_pruned =      27 | shape = torch.Size([128])
1.7.1.7.1.7.1.7.2.bias | nonzeros =       0 /     128             (  0.00%) | total_pruned =     128 | shape = torch.Size([128])
1.7.1.7.1.7.1.7.3.1.weight | nonzeros =  117963 /  147456             ( 80.00%) | total_pruned =   29493 | shape = torch.Size([128, 128, 3, 3])
1.7.1.7.1.7.1.7.3.1.bias | nonzeros =      91 /     128             ( 71.09%) | total_pruned =      37 | shape = torch.Size([128])
1.7.1.7.1.7.1.7.4.weight | nonzeros =     101 /     128             ( 78.91%) | total_pruned =      27 | shape = torch.Size([128])
1.7.1.7.1.7.1.7.4.bias | nonzeros =       0 /     128             (  0.00%) | total_pruned =     128 | shape = torch.Size([128])
1.7.1.7.1.7.2.weight | nonzeros =     101 /     128             ( 78.91%) | total_pruned =      27 | shape = torch.Size([128])
1.7.1.7.1.7.2.bias   | nonzeros =       0 /     128             (  0.00%) | total_pruned =     128 | shape = torch.Size([128])
1.7.1.7.1.7.3.1.weight | nonzeros =  117963 /  147456             ( 80.00%) | total_pruned =   29493 | shape = torch.Size([128, 128, 3, 3])
1.7.1.7.1.7.3.1.bias | nonzeros =     101 /     128             ( 78.91%) | total_pruned =      27 | shape = torch.Size([128])
1.7.1.7.1.7.4.weight | nonzeros =     101 /     128             ( 78.91%) | total_pruned =      27 | shape = torch.Size([128])
1.7.1.7.1.7.4.bias   | nonzeros =       0 /     128             (  0.00%) | total_pruned =     128 | shape = torch.Size([128])
1.7.1.7.2.weight     | nonzeros =     101 /     128             ( 78.91%) | total_pruned =      27 | shape = torch.Size([128])
1.7.1.7.2.bias       | nonzeros =       0 /     128             (  0.00%) | total_pruned =     128 | shape = torch.Size([128])
1.7.1.7.3.1.weight   | nonzeros =   58981 /   73728             ( 80.00%) | total_pruned =   14747 | shape = torch.Size([64, 128, 3, 3])
1.7.1.7.3.1.bias     | nonzeros =      47 /      64             ( 73.44%) | total_pruned =      17 | shape = torch.Size([64])
1.7.1.7.4.weight     | nonzeros =      50 /      64             ( 78.12%) | total_pruned =      14 | shape = torch.Size([64])
1.7.1.7.4.bias       | nonzeros =       0 /      64             (  0.00%) | total_pruned =      64 | shape = torch.Size([64])
1.7.2.weight         | nonzeros =      50 /      64             ( 78.12%) | total_pruned =      14 | shape = torch.Size([64])
1.7.2.bias           | nonzeros =       0 /      64             (  0.00%) | total_pruned =      64 | shape = torch.Size([64])
1.7.3.1.weight       | nonzeros =   14744 /   18432             ( 79.99%) | total_pruned =    3688 | shape = torch.Size([32, 64, 3, 3])
1.7.3.1.bias         | nonzeros =      24 /      32             ( 75.00%) | total_pruned =       8 | shape = torch.Size([32])
1.7.4.weight         | nonzeros =      24 /      32             ( 75.00%) | total_pruned =       8 | shape = torch.Size([32])
1.7.4.bias           | nonzeros =       0 /      32             (  0.00%) | total_pruned =      32 | shape = torch.Size([32])
2.weight             | nonzeros =      24 /      32             ( 75.00%) | total_pruned =       8 | shape = torch.Size([32])
2.bias               | nonzeros =       0 /      32             (  0.00%) | total_pruned =      32 | shape = torch.Size([32])
3.1.weight           | nonzeros =    3685 /    4608             ( 79.97%) | total_pruned =     923 | shape = torch.Size([16, 32, 3, 3])
3.1.bias             | nonzeros =      11 /      16             ( 68.75%) | total_pruned =       5 | shape = torch.Size([16])
4.weight             | nonzeros =      11 /      16             ( 68.75%) | total_pruned =       5 | shape = torch.Size([16])
4.bias               | nonzeros =       0 /      16             (  0.00%) | total_pruned =      16 | shape = torch.Size([16])
6.1.weight           | nonzeros =      37 /      48             ( 77.08%) | total_pruned =      11 | shape = torch.Size([3, 16, 1, 1])
6.1.bias             | nonzeros =       1 /       3             ( 33.33%) | total_pruned =       2 | shape = torch.Size([3])
alive: 2405240, pruned : 603627, total: 3008867, Compression rate :       1.25x  ( 20.06% pruned)
Initial PSNR of output image is:  10.603421537744723
epoch:  0 loss:  0.08129921555519104 PSNR:  10.603421537744723
epoch:  200 loss:  0.014265650883316994 PSNR:  22.049674627533907
epoch:  400 loss:  0.011610757559537888 PSNR:  25.090407842906586
epoch:  600 loss:  0.010705381631851196 PSNR:  26.8033820463403
epoch:  800 loss:  0.010342194698750973 PSNR:  27.582551916903398
epoch:  1000 loss:  0.010157558135688305 PSNR:  27.876182015634427
epoch:  1200 loss:  0.0099642900750041 PSNR:  28.25082743701771
epoch:  1400 loss:  0.009777107276022434 PSNR:  28.522793907211174
epoch:  1600 loss:  0.009717852808535099 PSNR:  28.406803899143597
epoch:  1800 loss:  0.009561736136674881 PSNR:  28.387449813161094
epoch:  2000 loss:  0.009455716237425804 PSNR:  28.347074346786968
epoch:  2200 loss:  0.009386727586388588 PSNR:  27.897870636141896
epoch:  2400 loss:  0.009173301048576832 PSNR:  28.050471907880738
epoch:  2600 loss:  0.00911505427211523 PSNR:  27.63015179646992
epoch:  2800 loss:  0.008962729945778847 PSNR:  27.506248142283987
epoch:  3000 loss:  0.008810259401798248 PSNR:  27.2415374876895
epoch:  3200 loss:  0.00885210745036602 PSNR:  26.92229860611249
epoch:  3400 loss:  0.008525248616933823 PSNR:  26.865734404517475
epoch:  3600 loss:  0.008429078385233879 PSNR:  26.53958287879492
epoch:  3800 loss:  0.008436120115220547 PSNR:  26.24176839035951
epoch:  4000 loss:  0.008307969197630882 PSNR:  25.713078848367957
epoch:  4200 loss:  0.008081695064902306 PSNR:  25.97852508557547
epoch:  4400 loss:  0.008083517663180828 PSNR:  25.82500960086257
epoch:  4600 loss:  0.007960502058267593 PSNR:  25.69964499054492
epoch:  4800 loss:  0.007802857086062431 PSNR:  25.54664005475415
epoch:  5000 loss:  0.007805044762790203 PSNR:  25.274018278439513
epoch:  5200 loss:  0.007688385900110006 PSNR:  25.26924887035124
epoch:  5400 loss:  0.00758061558008194 PSNR:  25.2066053954508
epoch:  5600 loss:  0.007709733210504055 PSNR:  24.890258483158746
epoch:  5800 loss:  0.007544786669313908 PSNR:  24.94573391577548
epoch:  6000 loss:  0.0074518825858831406 PSNR:  25.120636424756377
epoch:  6200 loss:  0.00732604181393981 PSNR:  24.927727038476633
epoch:  6400 loss:  0.007306699641048908 PSNR:  24.819441641690446
epoch:  6600 loss:  0.007393266074359417 PSNR:  24.725872815071106
epoch:  6800 loss:  0.007283657323569059 PSNR:  24.546042327628154
epoch:  7000 loss:  0.0072302124463021755 PSNR:  24.6697048399311
epoch:  7200 loss:  0.007171596400439739 PSNR:  24.512202724877874
epoch:  7400 loss:  0.00714245717972517 PSNR:  24.70808885381659
epoch:  7600 loss:  0.007080323528498411 PSNR:  24.502237778287018
epoch:  7800 loss:  0.007087904028594494 PSNR:  24.404272016496495
epoch:  8000 loss:  0.007015613839030266 PSNR:  24.543143403402787
epoch:  8200 loss:  0.0070358566008508205 PSNR:  24.433229821083575
epoch:  8400 loss:  0.006990573834627867 PSNR:  24.308046978095508
epoch:  8600 loss:  0.0069039007648825645 PSNR:  24.309960269401163
epoch:  8800 loss:  0.0068745738826692104 PSNR:  24.37012973857803
epoch:  9000 loss:  0.00685960054397583 PSNR:  24.21876067560771
epoch:  9200 loss:  0.00689017353579402 PSNR:  24.12614976942125
epoch:  9400 loss:  0.00686016958206892 PSNR:  24.175953553800888
epoch:  9600 loss:  0.006785090081393719 PSNR:  24.27891053672964
epoch:  9800 loss:  0.0068057081662118435 PSNR:  24.293860957919865
epoch:  10000 loss:  0.006747632287442684 PSNR:  24.05367729801473
epoch:  10200 loss:  0.006746201775968075 PSNR:  24.07340702496488
epoch:  10400 loss:  0.006762511096894741 PSNR:  24.167301650995704
epoch:  10600 loss:  0.006730449851602316 PSNR:  24.06901137017712
epoch:  10800 loss:  0.006790324579924345 PSNR:  24.101608820355036
epoch:  11000 loss:  0.006658293306827545 PSNR:  24.08897010572076
epoch:  11200 loss:  0.0066486746072769165 PSNR:  24.095118055757947
epoch:  11400 loss:  0.006643901579082012 PSNR:  23.863180266708213
epoch:  11600 loss:  0.006656119134277105 PSNR:  24.082495192056367
epoch:  11800 loss:  0.006619998253881931 PSNR:  23.99396482411671
epoch:  12000 loss:  0.006580456160008907 PSNR:  23.85415704633676
epoch:  12200 loss:  0.006623355206102133 PSNR:  23.836858173927254
epoch:  12400 loss:  0.006629662122577429 PSNR:  23.963729822678815
epoch:  12600 loss:  0.00659582857042551 PSNR:  23.970244872323732
epoch:  12800 loss:  0.00658707320690155 PSNR:  23.988749807610816
epoch:  13000 loss:  0.006570107769221067 PSNR:  23.798164066874143
epoch:  13200 loss:  0.006518025882542133 PSNR:  23.948336389358925
epoch:  13400 loss:  0.00652934517711401 PSNR:  23.886947854313014
epoch:  13600 loss:  0.006533432751893997 PSNR:  23.972643713414442
epoch:  13800 loss:  0.006493300199508667 PSNR:  23.780584530267177
epoch:  14000 loss:  0.0064393579959869385 PSNR:  23.836934355515286
epoch:  14200 loss:  0.006485397927463055 PSNR:  23.8864396584728
epoch:  14400 loss:  0.006564038805663586 PSNR:  23.863044076078268
epoch:  14600 loss:  0.006470254622399807 PSNR:  23.6410468979878
epoch:  14800 loss:  0.0065087005496025085 PSNR:  23.805059597237623
epoch:  15000 loss:  0.006438291631639004 PSNR:  23.75773469192133
epoch:  15200 loss:  0.006450442131608725 PSNR:  23.722931147464408
epoch:  15400 loss:  0.006420403718948364 PSNR:  23.709879328854747
epoch:  15600 loss:  0.006453122012317181 PSNR:  23.611291064931375
epoch:  15800 loss:  0.006364820059388876 PSNR:  23.71291325573614
epoch:  16000 loss:  0.006447285413742065 PSNR:  23.559103187106277
epoch:  16200 loss:  0.006343990098685026 PSNR:  23.760082107251716
epoch:  16400 loss:  0.006418435834348202 PSNR:  23.541546763482685
epoch:  16600 loss:  0.00638217106461525 PSNR:  23.67428795462893
epoch:  16800 loss:  0.006373178213834763 PSNR:  23.6329776080576
epoch:  17000 loss:  0.006352893076837063 PSNR:  23.676763186184886
epoch:  17200 loss:  0.006313267629593611 PSNR:  23.715276768273107
epoch:  17400 loss:  0.006311034318059683 PSNR:  23.647011059492296
epoch:  17600 loss:  0.006279307417571545 PSNR:  23.631427944097553
epoch:  17800 loss:  0.006332202814519405 PSNR:  23.67780789468956
epoch:  18000 loss:  0.006306623574346304 PSNR:  23.637805209526313
epoch:  18200 loss:  0.006258387118577957 PSNR:  23.61680875829964
epoch:  18400 loss:  0.006324624642729759 PSNR:  23.54159756381579
epoch:  18600 loss:  0.006275508552789688 PSNR:  23.500502020382775
epoch:  18800 loss:  0.006298575550317764 PSNR:  23.693386001718892
epoch:  19000 loss:  0.006363707594573498 PSNR:  23.76703750083312
epoch:  19200 loss:  0.0062949093990027905 PSNR:  23.48658352797611
epoch:  19400 loss:  0.0063507454469799995 PSNR:  23.497561264808212
epoch:  19600 loss:  0.006295652128756046 PSNR:  23.65569643074565
epoch:  19800 loss:  0.006322251167148352 PSNR:  23.628234182258694
epoch:  20000 loss:  0.006266686134040356 PSNR:  23.563145152772407
epoch:  20200 loss:  0.0062057701870799065 PSNR:  23.632582574948767
epoch:  20400 loss:  0.00624491460621357 PSNR:  23.681485618702503
epoch:  20600 loss:  0.00623125396668911 PSNR:  23.559370710201364
epoch:  20800 loss:  0.006222046911716461 PSNR:  23.550527805916843
epoch:  21000 loss:  0.00622200220823288 PSNR:  23.424374416856992
epoch:  21200 loss:  0.006179573945701122 PSNR:  23.426465634143835
epoch:  21400 loss:  0.006215823348611593 PSNR:  23.59075444677725
epoch:  21600 loss:  0.006243277341127396 PSNR:  23.624132020011572
epoch:  21800 loss:  0.006229855120182037 PSNR:  23.3811274079836
epoch:  22000 loss:  0.006227647420018911 PSNR:  23.62687508887521
epoch:  22200 loss:  0.006198172923177481 PSNR:  23.409704474824462
epoch:  22400 loss:  0.006218870170414448 PSNR:  23.410127490947353
epoch:  22600 loss:  0.006169132888317108 PSNR:  23.56333926602913
epoch:  22800 loss:  0.0061591025441884995 PSNR:  23.53371131586796
epoch:  23000 loss:  0.006138624157756567 PSNR:  23.491042845953906
epoch:  23200 loss:  0.006195049732923508 PSNR:  23.458171016544732
epoch:  23400 loss:  0.006124073173850775 PSNR:  23.482769818616852
epoch:  23600 loss:  0.006121470592916012 PSNR:  23.468376663362523
epoch:  23800 loss:  0.006124747451394796 PSNR:  23.47354657946758
epoch:  24000 loss:  0.0061706192791461945 PSNR:  23.366306775656838
epoch:  24200 loss:  0.006120172794908285 PSNR:  23.442376155398208
epoch:  24400 loss:  0.006139611359685659 PSNR:  23.461531964268044
epoch:  24600 loss:  0.006126944907009602 PSNR:  23.446217698872385
epoch:  24800 loss:  0.006134384777396917 PSNR:  23.540519242650788
epoch:  25000 loss:  0.00611039437353611 PSNR:  23.436936851761317
epoch:  25200 loss:  0.006114198826253414 PSNR:  23.42951229757074
epoch:  25400 loss:  0.006117643788456917 PSNR:  23.549007014321816
epoch:  25600 loss:  0.0060905516147613525 PSNR:  23.369575988613917
epoch:  25800 loss:  0.006080137100070715 PSNR:  23.468591563440754
epoch:  26000 loss:  0.006109918933361769 PSNR:  23.420914965651697
epoch:  26200 loss:  0.006064635701477528 PSNR:  23.396488540058144
epoch:  26400 loss:  0.006150027271360159 PSNR:  23.30328656035034
epoch:  26600 loss:  0.006076968275010586 PSNR:  23.361777163114922
epoch:  26800 loss:  0.0061166114173829556 PSNR:  23.47835731472116
epoch:  27000 loss:  0.0060819401405751705 PSNR:  23.41887168827549
epoch:  27200 loss:  0.006061169318854809 PSNR:  23.431326876657632
epoch:  27400 loss:  0.006079567596316338 PSNR:  23.409972962077337
epoch:  27600 loss:  0.006097208708524704 PSNR:  23.351033101818178
epoch:  27800 loss:  0.0060679554007947445 PSNR:  23.4976827961516
epoch:  28000 loss:  0.006040162872523069 PSNR:  23.40771161706503
epoch:  28200 loss:  0.006058774422854185 PSNR:  23.51549663128957
epoch:  28400 loss:  0.006044338457286358 PSNR:  23.358930857635507
epoch:  28600 loss:  0.006036633625626564 PSNR:  23.36798632513224
epoch:  28800 loss:  0.006052834447473288 PSNR:  23.356417022475288
epoch:  29000 loss:  0.006026019342243671 PSNR:  23.374491046536953
epoch:  29200 loss:  0.006041267886757851 PSNR:  23.3382083410024
epoch:  29400 loss:  0.006043552421033382 PSNR:  23.414119937716777
epoch:  29600 loss:  0.006031259894371033 PSNR:  23.381823582803406
epoch:  29800 loss:  0.00606840755790472 PSNR:  23.46476475975556
epoch:  30000 loss:  0.006026659160852432 PSNR:  23.253739434589455
epoch:  30200 loss:  0.0060700359754264355 PSNR:  23.24357819672178
epoch:  30400 loss:  0.00601074006408453 PSNR:  23.44360317573386
epoch:  30600 loss:  0.006007475778460503 PSNR:  23.327144582906868
epoch:  30800 loss:  0.006049949675798416 PSNR:  23.367431147932063
epoch:  31000 loss:  0.006033874116837978 PSNR:  23.468211723057966
epoch:  31200 loss:  0.005995119921863079 PSNR:  23.405213496920094
epoch:  31400 loss:  0.006025216542184353 PSNR:  23.4359647699661
epoch:  31600 loss:  0.005993612110614777 PSNR:  23.348019723454154
epoch:  31800 loss:  0.006041643675416708 PSNR:  23.28886505387495
epoch:  32000 loss:  0.005998983047902584 PSNR:  23.400606260924715
epoch:  32200 loss:  0.006005036644637585 PSNR:  23.370120248968057
epoch:  32400 loss:  0.005994647741317749 PSNR:  23.34688619761682
epoch:  32600 loss:  0.005967134144157171 PSNR:  23.36761162357691
epoch:  32800 loss:  0.005997110158205032 PSNR:  23.3911211936004
epoch:  33000 loss:  0.005984538700431585 PSNR:  23.325392138749912
epoch:  33200 loss:  0.0059959604404866695 PSNR:  23.373013603487898
epoch:  33400 loss:  0.005964759737253189 PSNR:  23.376935378439608
epoch:  33600 loss:  0.0060005332343280315 PSNR:  23.25894500545858
epoch:  33800 loss:  0.006006271578371525 PSNR:  23.293430666625298
epoch:  34000 loss:  0.005991830490529537 PSNR:  23.335572228141643
epoch:  34200 loss:  0.005990603473037481 PSNR:  23.399408227167363
epoch:  34400 loss:  0.005952275358140469 PSNR:  23.338987062661076
epoch:  34600 loss:  0.005976302083581686 PSNR:  23.349376295001072
epoch:  34800 loss:  0.005987746641039848 PSNR:  23.35369787590736
epoch:  35000 loss:  0.005966052412986755 PSNR:  23.41804507985479
epoch:  35200 loss:  0.005998513661324978 PSNR:  23.221308971205
epoch:  35400 loss:  0.005956951528787613 PSNR:  23.293217264675974
epoch:  35600 loss:  0.005940558388829231 PSNR:  23.290973430824778
epoch:  35800 loss:  0.0059987930580973625 PSNR:  23.152350530576825
epoch:  36000 loss:  0.005973595194518566 PSNR:  23.27681174576591
epoch:  36200 loss:  0.005938028916716576 PSNR:  23.281431483735652
epoch:  36400 loss:  0.005954460706561804 PSNR:  23.234683523293693
epoch:  36600 loss:  0.005956682376563549 PSNR:  23.250473592094032
epoch:  36800 loss:  0.005937632173299789 PSNR:  23.21211833374038
epoch:  37000 loss:  0.0059632835909724236 PSNR:  23.269433055249312
epoch:  37200 loss:  0.005941131617873907 PSNR:  23.32565294627897
epoch:  37400 loss:  0.006009747739881277 PSNR:  23.294469839074786
epoch:  37600 loss:  0.005919657647609711 PSNR:  23.323015886686903
epoch:  37800 loss:  0.005978771951049566 PSNR:  23.178935711992278
epoch:  38000 loss:  0.005925430916249752 PSNR:  23.316452593101367
epoch:  38200 loss:  0.005930288694798946 PSNR:  23.304752494233426
epoch:  38400 loss:  0.005901222582906485 PSNR:  23.24842929710578
epoch:  38600 loss:  0.005956762935966253 PSNR:  23.23320555815226
epoch:  38800 loss:  0.005932945758104324 PSNR:  23.22841573543926
epoch:  39000 loss:  0.0059143612161278725 PSNR:  23.19971188407643
epoch:  39200 loss:  0.005940276198089123 PSNR:  23.29429887586916
epoch:  39400 loss:  0.005929899867624044 PSNR:  23.245555454719312
epoch:  39600 loss:  0.005938994698226452 PSNR:  23.27673706533585
epoch:  39800 loss:  0.005928381346166134 PSNR:  23.286840537319357
Output directory: data/denoising/Set14/mask/0/pai/synflow_local/sparse_0.8
PSNR of output image is:  23.286840537319357
(3, 512, 512) (1, 3, 512, 512) (3, 512, 512)
Experiment done
