(3, 512, 512)
Starting random mask  training on 0 using ADAM(sigma=0.1,lr=0.01,decay=0,beta=0)
Noisy PSNR is '19.67927296203205'
Pruning with threshold : 0.010079612955451012
1.1.1.weight         | nonzeros =    9204 /   12800             ( 71.91%) | total_pruned =    3596 | shape = torch.Size([16, 32, 5, 5])
1.1.1.bias           | nonzeros =      12 /      16             ( 75.00%) | total_pruned =       4 | shape = torch.Size([16])
1.2.weight           | nonzeros =      16 /      16             (100.00%) | total_pruned =       0 | shape = torch.Size([16])
1.2.bias             | nonzeros =       0 /      16             (  0.00%) | total_pruned =      16 | shape = torch.Size([16])
1.4.1.weight         | nonzeros =    5155 /    6400             ( 80.55%) | total_pruned =    1245 | shape = torch.Size([16, 16, 5, 5])
1.4.1.bias           | nonzeros =      13 /      16             ( 81.25%) | total_pruned =       3 | shape = torch.Size([16])
1.5.weight           | nonzeros =      16 /      16             (100.00%) | total_pruned =       0 | shape = torch.Size([16])
1.5.bias             | nonzeros =       0 /      16             (  0.00%) | total_pruned =      16 | shape = torch.Size([16])
1.7.1.1.1.weight     | nonzeros =   10201 /   12800             ( 79.70%) | total_pruned =    2599 | shape = torch.Size([32, 16, 5, 5])
1.7.1.1.1.bias       | nonzeros =      24 /      32             ( 75.00%) | total_pruned =       8 | shape = torch.Size([32])
1.7.1.2.weight       | nonzeros =      32 /      32             (100.00%) | total_pruned =       0 | shape = torch.Size([32])
1.7.1.2.bias         | nonzeros =       0 /      32             (  0.00%) | total_pruned =      32 | shape = torch.Size([32])
1.7.1.4.1.weight     | nonzeros =   18338 /   25600             ( 71.63%) | total_pruned =    7262 | shape = torch.Size([32, 32, 5, 5])
1.7.1.4.1.bias       | nonzeros =      23 /      32             ( 71.88%) | total_pruned =       9 | shape = torch.Size([32])
1.7.1.5.weight       | nonzeros =      32 /      32             (100.00%) | total_pruned =       0 | shape = torch.Size([32])
1.7.1.5.bias         | nonzeros =       0 /      32             (  0.00%) | total_pruned =      32 | shape = torch.Size([32])
1.7.1.7.1.1.1.weight | nonzeros =   36486 /   51200             ( 71.26%) | total_pruned =   14714 | shape = torch.Size([64, 32, 5, 5])
1.7.1.7.1.1.1.bias   | nonzeros =      41 /      64             ( 64.06%) | total_pruned =      23 | shape = torch.Size([64])
1.7.1.7.1.2.weight   | nonzeros =      64 /      64             (100.00%) | total_pruned =       0 | shape = torch.Size([64])
1.7.1.7.1.2.bias     | nonzeros =       0 /      64             (  0.00%) | total_pruned =      64 | shape = torch.Size([64])
1.7.1.7.1.4.1.weight | nonzeros =   60926 /  102400             ( 59.50%) | total_pruned =   41474 | shape = torch.Size([64, 64, 5, 5])
1.7.1.7.1.4.1.bias   | nonzeros =      30 /      64             ( 46.88%) | total_pruned =      34 | shape = torch.Size([64])
1.7.1.7.1.5.weight   | nonzeros =      64 /      64             (100.00%) | total_pruned =       0 | shape = torch.Size([64])
1.7.1.7.1.5.bias     | nonzeros =       0 /      64             (  0.00%) | total_pruned =      64 | shape = torch.Size([64])
1.7.1.7.1.7.1.1.1.weight | nonzeros =  122415 /  204800             ( 59.77%) | total_pruned =   82385 | shape = torch.Size([128, 64, 5, 5])
1.7.1.7.1.7.1.1.1.bias | nonzeros =      80 /     128             ( 62.50%) | total_pruned =      48 | shape = torch.Size([128])
1.7.1.7.1.7.1.2.weight | nonzeros =     128 /     128             (100.00%) | total_pruned =       0 | shape = torch.Size([128])
1.7.1.7.1.7.1.2.bias | nonzeros =       0 /     128             (  0.00%) | total_pruned =     128 | shape = torch.Size([128])
1.7.1.7.1.7.1.4.1.weight | nonzeros =  176326 /  409600             ( 43.05%) | total_pruned =  233274 | shape = torch.Size([128, 128, 5, 5])
1.7.1.7.1.7.1.4.1.bias | nonzeros =      48 /     128             ( 37.50%) | total_pruned =      80 | shape = torch.Size([128])
1.7.1.7.1.7.1.5.weight | nonzeros =     128 /     128             (100.00%) | total_pruned =       0 | shape = torch.Size([128])
1.7.1.7.1.7.1.5.bias | nonzeros =       0 /     128             (  0.00%) | total_pruned =     128 | shape = torch.Size([128])
1.7.1.7.1.7.1.7.1.1.1.weight | nonzeros =  175766 /  409600             ( 42.91%) | total_pruned =  233834 | shape = torch.Size([128, 128, 5, 5])
1.7.1.7.1.7.1.7.1.1.1.bias | nonzeros =      57 /     128             ( 44.53%) | total_pruned =      71 | shape = torch.Size([128])
1.7.1.7.1.7.1.7.1.2.weight | nonzeros =     128 /     128             (100.00%) | total_pruned =       0 | shape = torch.Size([128])
1.7.1.7.1.7.1.7.1.2.bias | nonzeros =       0 /     128             (  0.00%) | total_pruned =     128 | shape = torch.Size([128])
1.7.1.7.1.7.1.7.1.4.1.weight | nonzeros =  175763 /  409600             ( 42.91%) | total_pruned =  233837 | shape = torch.Size([128, 128, 5, 5])
1.7.1.7.1.7.1.7.1.4.1.bias | nonzeros =      50 /     128             ( 39.06%) | total_pruned =      78 | shape = torch.Size([128])
1.7.1.7.1.7.1.7.1.5.weight | nonzeros =     128 /     128             (100.00%) | total_pruned =       0 | shape = torch.Size([128])
1.7.1.7.1.7.1.7.1.5.bias | nonzeros =       0 /     128             (  0.00%) | total_pruned =     128 | shape = torch.Size([128])
1.7.1.7.1.7.1.7.1.7.1.1.1.weight | nonzeros =  176161 /  409600             ( 43.01%) | total_pruned =  233439 | shape = torch.Size([128, 128, 5, 5])
1.7.1.7.1.7.1.7.1.7.1.1.1.bias | nonzeros =      53 /     128             ( 41.41%) | total_pruned =      75 | shape = torch.Size([128])
1.7.1.7.1.7.1.7.1.7.1.2.weight | nonzeros =     128 /     128             (100.00%) | total_pruned =       0 | shape = torch.Size([128])
1.7.1.7.1.7.1.7.1.7.1.2.bias | nonzeros =       0 /     128             (  0.00%) | total_pruned =     128 | shape = torch.Size([128])
1.7.1.7.1.7.1.7.1.7.1.4.1.weight | nonzeros =  175993 /  409600             ( 42.97%) | total_pruned =  233607 | shape = torch.Size([128, 128, 5, 5])
1.7.1.7.1.7.1.7.1.7.1.4.1.bias | nonzeros =      53 /     128             ( 41.41%) | total_pruned =      75 | shape = torch.Size([128])
1.7.1.7.1.7.1.7.1.7.1.5.weight | nonzeros =     128 /     128             (100.00%) | total_pruned =       0 | shape = torch.Size([128])
1.7.1.7.1.7.1.7.1.7.1.5.bias | nonzeros =       0 /     128             (  0.00%) | total_pruned =     128 | shape = torch.Size([128])
1.7.1.7.1.7.1.7.1.7.2.weight | nonzeros =     128 /     128             (100.00%) | total_pruned =       0 | shape = torch.Size([128])
1.7.1.7.1.7.1.7.1.7.2.bias | nonzeros =       0 /     128             (  0.00%) | total_pruned =     128 | shape = torch.Size([128])
1.7.1.7.1.7.1.7.1.7.3.1.weight | nonzeros =   97186 /  147456             ( 65.91%) | total_pruned =   50270 | shape = torch.Size([128, 128, 3, 3])
1.7.1.7.1.7.1.7.1.7.3.1.bias | nonzeros =      79 /     128             ( 61.72%) | total_pruned =      49 | shape = torch.Size([128])
1.7.1.7.1.7.1.7.1.7.4.weight | nonzeros =     128 /     128             (100.00%) | total_pruned =       0 | shape = torch.Size([128])
1.7.1.7.1.7.1.7.1.7.4.bias | nonzeros =       0 /     128             (  0.00%) | total_pruned =     128 | shape = torch.Size([128])
1.7.1.7.1.7.1.7.2.weight | nonzeros =     128 /     128             (100.00%) | total_pruned =       0 | shape = torch.Size([128])
1.7.1.7.1.7.1.7.2.bias | nonzeros =       0 /     128             (  0.00%) | total_pruned =     128 | shape = torch.Size([128])
1.7.1.7.1.7.1.7.3.1.weight | nonzeros =   97029 /  147456             ( 65.80%) | total_pruned =   50427 | shape = torch.Size([128, 128, 3, 3])
1.7.1.7.1.7.1.7.3.1.bias | nonzeros =      87 /     128             ( 67.97%) | total_pruned =      41 | shape = torch.Size([128])
1.7.1.7.1.7.1.7.4.weight | nonzeros =     128 /     128             (100.00%) | total_pruned =       0 | shape = torch.Size([128])
1.7.1.7.1.7.1.7.4.bias | nonzeros =       0 /     128             (  0.00%) | total_pruned =     128 | shape = torch.Size([128])
1.7.1.7.1.7.2.weight | nonzeros =     128 /     128             (100.00%) | total_pruned =       0 | shape = torch.Size([128])
1.7.1.7.1.7.2.bias   | nonzeros =       0 /     128             (  0.00%) | total_pruned =     128 | shape = torch.Size([128])
1.7.1.7.1.7.3.1.weight | nonzeros =   97167 /  147456             ( 65.90%) | total_pruned =   50289 | shape = torch.Size([128, 128, 3, 3])
1.7.1.7.1.7.3.1.bias | nonzeros =      86 /     128             ( 67.19%) | total_pruned =      42 | shape = torch.Size([128])
1.7.1.7.1.7.4.weight | nonzeros =     128 /     128             (100.00%) | total_pruned =       0 | shape = torch.Size([128])
1.7.1.7.1.7.4.bias   | nonzeros =       0 /     128             (  0.00%) | total_pruned =     128 | shape = torch.Size([128])
1.7.1.7.2.weight     | nonzeros =     128 /     128             (100.00%) | total_pruned =       0 | shape = torch.Size([128])
1.7.1.7.2.bias       | nonzeros =       0 /     128             (  0.00%) | total_pruned =     128 | shape = torch.Size([128])
1.7.1.7.3.1.weight   | nonzeros =   48499 /   73728             ( 65.78%) | total_pruned =   25229 | shape = torch.Size([64, 128, 3, 3])
1.7.1.7.3.1.bias     | nonzeros =      45 /      64             ( 70.31%) | total_pruned =      19 | shape = torch.Size([64])
1.7.1.7.4.weight     | nonzeros =      64 /      64             (100.00%) | total_pruned =       0 | shape = torch.Size([64])
1.7.1.7.4.bias       | nonzeros =       0 /      64             (  0.00%) | total_pruned =      64 | shape = torch.Size([64])
1.7.2.weight         | nonzeros =      64 /      64             (100.00%) | total_pruned =       0 | shape = torch.Size([64])
1.7.2.bias           | nonzeros =       0 /      64             (  0.00%) | total_pruned =      64 | shape = torch.Size([64])
1.7.3.1.weight       | nonzeros =   13956 /   18432             ( 75.72%) | total_pruned =    4476 | shape = torch.Size([32, 64, 3, 3])
1.7.3.1.bias         | nonzeros =      21 /      32             ( 65.62%) | total_pruned =      11 | shape = torch.Size([32])
1.7.4.weight         | nonzeros =      32 /      32             (100.00%) | total_pruned =       0 | shape = torch.Size([32])
1.7.4.bias           | nonzeros =       0 /      32             (  0.00%) | total_pruned =      32 | shape = torch.Size([32])
2.weight             | nonzeros =      32 /      32             (100.00%) | total_pruned =       0 | shape = torch.Size([32])
2.bias               | nonzeros =       0 /      32             (  0.00%) | total_pruned =      32 | shape = torch.Size([32])
3.1.weight           | nonzeros =    3855 /    4608             ( 83.66%) | total_pruned =     753 | shape = torch.Size([16, 32, 3, 3])
3.1.bias             | nonzeros =      14 /      16             ( 87.50%) | total_pruned =       2 | shape = torch.Size([16])
4.weight             | nonzeros =      16 /      16             (100.00%) | total_pruned =       0 | shape = torch.Size([16])
4.bias               | nonzeros =       0 /      16             (  0.00%) | total_pruned =      16 | shape = torch.Size([16])
6.1.weight           | nonzeros =      44 /      48             ( 91.67%) | total_pruned =       4 | shape = torch.Size([3, 16, 1, 1])
6.1.bias             | nonzeros =       3 /       3             (100.00%) | total_pruned =       0 | shape = torch.Size([3])
alive: 1503385, pruned : 1505482, total: 3008867, Compression rate :       2.00x  ( 50.03% pruned)
Initial PSNR of output image is:  10.263455819769444
epoch:  0 loss:  0.0874212235212326 PSNR:  10.263455819769444
epoch:  200 loss:  0.013784593902528286 PSNR:  22.45620977466681
epoch:  400 loss:  0.011611727997660637 PSNR:  25.072677948056956
epoch:  600 loss:  0.010846611112356186 PSNR:  26.426564273718057
epoch:  800 loss:  0.010340120643377304 PSNR:  27.510961512881146
epoch:  1000 loss:  0.010096482932567596 PSNR:  27.91300954133341
epoch:  1200 loss:  0.009876769036054611 PSNR:  28.33610037653326
epoch:  1400 loss:  0.009717538952827454 PSNR:  28.440275932613616
epoch:  1600 loss:  0.009775872342288494 PSNR:  28.01022403158496
epoch:  1800 loss:  0.009574269875884056 PSNR:  27.964307860864714
epoch:  2000 loss:  0.009277191944420338 PSNR:  28.28717221683337
epoch:  2200 loss:  0.009328322485089302 PSNR:  27.493974273419475
epoch:  2400 loss:  0.009078623726963997 PSNR:  27.729939386769146
epoch:  2600 loss:  0.008888902142643929 PSNR:  27.37059341727338
epoch:  2800 loss:  0.00872090831398964 PSNR:  27.116393007068545
epoch:  3000 loss:  0.00851432979106903 PSNR:  26.646811764142807
epoch:  3200 loss:  0.00829737912863493 PSNR:  26.391463063181636
epoch:  3400 loss:  0.008173519745469093 PSNR:  26.05467963371722
epoch:  3600 loss:  0.007931195199489594 PSNR:  25.641668462585415
epoch:  3800 loss:  0.007733429782092571 PSNR:  25.4643522310974
epoch:  4000 loss:  0.007619117386639118 PSNR:  24.963932505604202
epoch:  4200 loss:  0.007391992956399918 PSNR:  25.04536158614723
epoch:  4400 loss:  0.007218021899461746 PSNR:  24.731603234154637
epoch:  4600 loss:  0.00734744593501091 PSNR:  24.901553950964384
epoch:  4800 loss:  0.006980204489082098 PSNR:  24.369677960125543
epoch:  5000 loss:  0.0069638765417039394 PSNR:  24.190266799463572
epoch:  5200 loss:  0.006882819347083569 PSNR:  23.94805222709738
epoch:  5400 loss:  0.006706192158162594 PSNR:  23.88507693297992
epoch:  5600 loss:  0.0064357565715909 PSNR:  23.81934445307643
epoch:  5800 loss:  0.006661954335868359 PSNR:  23.64887138805183
epoch:  6000 loss:  0.006372529082000256 PSNR:  23.70266167608541
epoch:  6200 loss:  0.006284433417022228 PSNR:  23.5229849423962
epoch:  6400 loss:  0.006248048506677151 PSNR:  23.663003990060197
epoch:  6600 loss:  0.006144821643829346 PSNR:  23.698147126392097
epoch:  6800 loss:  0.006104010622948408 PSNR:  23.549496567855
epoch:  7000 loss:  0.0060442774556577206 PSNR:  23.470324941803156
epoch:  7200 loss:  0.00601345207542181 PSNR:  23.247550921871696
epoch:  7400 loss:  0.0059408145025372505 PSNR:  23.251045197113733
epoch:  7600 loss:  0.005945166572928429 PSNR:  23.177839137741717
epoch:  7800 loss:  0.005828531458973885 PSNR:  23.250434498049223
epoch:  8000 loss:  0.0059391893446445465 PSNR:  23.12657632746365
epoch:  8200 loss:  0.005771293304860592 PSNR:  23.10410037348198
epoch:  8400 loss:  0.0057710944674909115 PSNR:  22.898576767975563
epoch:  8600 loss:  0.005926055833697319 PSNR:  23.1818310638322
epoch:  8800 loss:  0.0056981234811246395 PSNR:  23.06349514043771
epoch:  9000 loss:  0.005634763743728399 PSNR:  23.094928842582036
epoch:  9200 loss:  0.005712408572435379 PSNR:  22.987775199492823
epoch:  9400 loss:  0.00557467108592391 PSNR:  22.782548043586594
epoch:  9600 loss:  0.005531385075300932 PSNR:  22.878327077202204
epoch:  9800 loss:  0.005526190157979727 PSNR:  22.73200543117975
epoch:  10000 loss:  0.0054413690231740475 PSNR:  22.955584773622213
epoch:  10200 loss:  0.005534665193408728 PSNR:  22.884400673619098
epoch:  10400 loss:  0.005545898340642452 PSNR:  22.76516830552978
epoch:  10600 loss:  0.01753999851644039 PSNR:  19.93467928023748
epoch:  10800 loss:  0.011957037262618542 PSNR:  24.498548943187796
epoch:  11000 loss:  0.01086750440299511 PSNR:  26.184772740330477
epoch:  11200 loss:  0.010299045592546463 PSNR:  27.281803680753928
epoch:  11400 loss:  0.010051751509308815 PSNR:  27.7540253196588
epoch:  11600 loss:  0.00987193826586008 PSNR:  27.954242172697036
epoch:  11800 loss:  0.009735887870192528 PSNR:  28.02123719753621
epoch:  12000 loss:  0.009646529331803322 PSNR:  27.93194479095515
epoch:  12200 loss:  0.009489340707659721 PSNR:  28.0530364169718
epoch:  12400 loss:  0.009322023950517178 PSNR:  28.02394379867571
epoch:  12600 loss:  0.009260643273591995 PSNR:  27.901850794139833
epoch:  12800 loss:  0.009105592034757137 PSNR:  27.753247548507254
epoch:  13000 loss:  0.009059889242053032 PSNR:  27.418378915390047
epoch:  13200 loss:  0.00902014970779419 PSNR:  27.006919151558286
epoch:  13400 loss:  0.008823088370263577 PSNR:  27.08895495053524
epoch:  13600 loss:  0.008668599650263786 PSNR:  26.906564570671488
epoch:  13800 loss:  0.008540431037545204 PSNR:  26.60702086058133
epoch:  14000 loss:  0.00836575124412775 PSNR:  26.493540432076685
epoch:  14200 loss:  0.00831399392336607 PSNR:  26.12381854843263
epoch:  14400 loss:  0.008162807673215866 PSNR:  26.031843700264616
epoch:  14600 loss:  0.008006911724805832 PSNR:  25.8190679362919
epoch:  14800 loss:  0.007899926044046879 PSNR:  25.566567952566167
epoch:  15000 loss:  0.007844556123018265 PSNR:  25.365561676983354
epoch:  15200 loss:  0.007707732729613781 PSNR:  25.271429388212972
epoch:  15400 loss:  0.0075159999541938305 PSNR:  25.1499057400859
epoch:  15600 loss:  0.007454054430127144 PSNR:  24.98511592091881
epoch:  15800 loss:  0.007327317260205746 PSNR:  24.845963302667172
epoch:  16000 loss:  0.007423810660839081 PSNR:  24.66936178675368
epoch:  16200 loss:  0.007271650247275829 PSNR:  24.593253453519193
epoch:  16400 loss:  0.007084704469889402 PSNR:  24.583360970454407
epoch:  16600 loss:  0.0072112660855054855 PSNR:  24.39595556377117
epoch:  16800 loss:  0.00699397549033165 PSNR:  24.42042222260822
epoch:  17000 loss:  0.006951231509447098 PSNR:  24.18217844126085
epoch:  17200 loss:  0.0068339197896420956 PSNR:  24.242363734279323
epoch:  17400 loss:  0.006801999639719725 PSNR:  24.224281497409194
epoch:  17600 loss:  0.0067540062591433525 PSNR:  24.146725326976373
epoch:  17800 loss:  0.006704801227897406 PSNR:  24.041332060425034
epoch:  18000 loss:  0.006619870662689209 PSNR:  24.017600102912063
epoch:  18200 loss:  0.006720345001667738 PSNR:  23.969280976872295
epoch:  18400 loss:  0.006615231744945049 PSNR:  23.77831709620048
epoch:  18600 loss:  0.006488877348601818 PSNR:  23.8251715033821
epoch:  18800 loss:  0.006444510072469711 PSNR:  23.71187437797024
epoch:  19000 loss:  0.006386020686477423 PSNR:  23.804989595322496
epoch:  19200 loss:  0.006372719071805477 PSNR:  23.66161139768797
epoch:  19400 loss:  0.006366608198732138 PSNR:  23.724595777719884
epoch:  19600 loss:  0.00634068762883544 PSNR:  23.59938208869307
epoch:  19800 loss:  0.006332050543278456 PSNR:  23.562165146264114
epoch:  20000 loss:  0.0062516843900084496 PSNR:  23.52101816857877
epoch:  20200 loss:  0.00632835878059268 PSNR:  23.452006350061726
epoch:  20400 loss:  0.006310651078820229 PSNR:  23.40729653206498
epoch:  20600 loss:  0.006164328660815954 PSNR:  23.50416476601191
epoch:  20800 loss:  0.006108470261096954 PSNR:  23.434071333128212
epoch:  21000 loss:  0.006118824239820242 PSNR:  23.364259051545005
epoch:  21200 loss:  0.006071120500564575 PSNR:  23.468823646654563
epoch:  21400 loss:  0.006078397389501333 PSNR:  23.364874791622846
epoch:  21600 loss:  0.006006784737110138 PSNR:  23.378695497251663
epoch:  21800 loss:  0.005951217841356993 PSNR:  23.27659716745299
epoch:  22000 loss:  0.00611528754234314 PSNR:  23.341450398780257
epoch:  22200 loss:  0.006158681120723486 PSNR:  23.209465472348704
epoch:  22400 loss:  0.006012649741023779 PSNR:  23.266747445980833
epoch:  22600 loss:  0.005911431275308132 PSNR:  23.24249234799906
epoch:  22800 loss:  0.00601006206125021 PSNR:  23.169660803528078
epoch:  23000 loss:  0.0059021539054811 PSNR:  23.160395966485318
epoch:  23200 loss:  0.005897776689380407 PSNR:  23.077040699740003
epoch:  23400 loss:  0.005941951647400856 PSNR:  23.171680981731363
epoch:  23600 loss:  0.005813967436552048 PSNR:  23.18555169205892
epoch:  23800 loss:  0.005837882868945599 PSNR:  23.08774577020928
epoch:  24000 loss:  0.0057670800015330315 PSNR:  23.22991817500398
epoch:  24200 loss:  0.005673149134963751 PSNR:  23.152109600810228
epoch:  24400 loss:  0.005749288946390152 PSNR:  23.058381686588604
epoch:  24600 loss:  0.005706039723008871 PSNR:  23.127425760042108
epoch:  24800 loss:  0.005857738666236401 PSNR:  22.95404764086149
epoch:  25000 loss:  0.005713663995265961 PSNR:  23.118482829935665
epoch:  25200 loss:  0.005768205504864454 PSNR:  22.990856276267166
epoch:  25400 loss:  0.005651070736348629 PSNR:  23.039917999315307
epoch:  25600 loss:  0.005617829039692879 PSNR:  23.082447066167624
epoch:  25800 loss:  0.005608296021819115 PSNR:  23.079792285897348
epoch:  26000 loss:  0.005612330045551062 PSNR:  22.915751556172943
epoch:  26200 loss:  0.005696465726941824 PSNR:  23.04180654221544
epoch:  26400 loss:  0.005582466721534729 PSNR:  23.03051486830273
epoch:  26600 loss:  0.005608852952718735 PSNR:  22.927773237973533
epoch:  26800 loss:  0.0055327825248241425 PSNR:  23.031462876401456
epoch:  27000 loss:  0.0056337714195251465 PSNR:  22.86753947524285
epoch:  27200 loss:  0.005692475941032171 PSNR:  22.99022562394116
epoch:  27400 loss:  0.005560928490012884 PSNR:  22.863693923960305
epoch:  27600 loss:  0.005505050998181105 PSNR:  22.899700441164082
epoch:  27800 loss:  0.005681276321411133 PSNR:  22.69535928193715
epoch:  28000 loss:  0.005517526529729366 PSNR:  22.94411217412552
epoch:  28200 loss:  0.005559188779443502 PSNR:  22.830809439806288
epoch:  28400 loss:  0.005590717773884535 PSNR:  22.829844489200248
epoch:  28600 loss:  0.005553859286010265 PSNR:  22.906249268608107
epoch:  28800 loss:  0.0055030276998877525 PSNR:  22.81139270726159
epoch:  29000 loss:  0.005596097558736801 PSNR:  22.91588259073184
epoch:  29200 loss:  0.005410803481936455 PSNR:  22.879539572367268
epoch:  29400 loss:  0.00541095994412899 PSNR:  22.883394184077584
epoch:  29600 loss:  0.005474690347909927 PSNR:  22.781736796546582
epoch:  29800 loss:  0.0054673850536346436 PSNR:  22.8325422169703
epoch:  30000 loss:  0.005407105199992657 PSNR:  22.83735276808351
epoch:  30200 loss:  0.005451278295367956 PSNR:  22.7559581489882
epoch:  30400 loss:  0.005379424896091223 PSNR:  22.779860757408258
epoch:  30600 loss:  0.005326397251337767 PSNR:  22.81586644726808
epoch:  30800 loss:  0.005364706739783287 PSNR:  22.770419590032493
epoch:  31000 loss:  0.00532308965921402 PSNR:  22.85831695149243
epoch:  31200 loss:  0.005417907144874334 PSNR:  22.791984027531665
epoch:  31400 loss:  0.005317292176187038 PSNR:  22.73928604264579
epoch:  31600 loss:  0.005381975322961807 PSNR:  22.88116009249732
epoch:  31800 loss:  0.005517811980098486 PSNR:  22.5931088804395
epoch:  32000 loss:  0.00542583130300045 PSNR:  22.676845361630534
epoch:  32200 loss:  0.005301684141159058 PSNR:  22.714804951982185
epoch:  32400 loss:  0.005311293061822653 PSNR:  22.70876679117873
epoch:  32600 loss:  0.005326518323272467 PSNR:  22.759236536344893
epoch:  32800 loss:  0.005300652235746384 PSNR:  22.767082280798235
epoch:  33000 loss:  0.005336419679224491 PSNR:  22.705533688222683
epoch:  33200 loss:  0.005330068524926901 PSNR:  22.695006117280407
epoch:  33400 loss:  0.0052962517365813255 PSNR:  22.802710782589394
epoch:  33600 loss:  0.005470865406095982 PSNR:  22.47905898532057
epoch:  33800 loss:  0.005222338251769543 PSNR:  22.77911083498543
epoch:  34000 loss:  0.005238436162471771 PSNR:  22.703267061062483
epoch:  34200 loss:  0.005199655890464783 PSNR:  22.6785494412281
epoch:  34400 loss:  0.005429986398667097 PSNR:  22.534215864672056
epoch:  34600 loss:  0.00526746641844511 PSNR:  22.604436741716132
epoch:  34800 loss:  0.005205703433603048 PSNR:  22.622731694557324
epoch:  35000 loss:  0.005363239906728268 PSNR:  22.581775276796257
epoch:  35200 loss:  0.0052148508839309216 PSNR:  22.671668264934542
epoch:  35400 loss:  0.005241934210062027 PSNR:  22.66025419355951
epoch:  35600 loss:  0.00523223914206028 PSNR:  22.647692260364735
epoch:  35800 loss:  0.0052499896846711636 PSNR:  22.686143299752093
epoch:  36000 loss:  0.005209779366850853 PSNR:  22.585347606787955
epoch:  36200 loss:  0.005532396957278252 PSNR:  22.338050929351194
epoch:  36400 loss:  0.005279683507978916 PSNR:  22.579864054245498
epoch:  36600 loss:  0.005229569971561432 PSNR:  22.639653197182923
epoch:  36800 loss:  0.00512364786118269 PSNR:  22.731308075594505
epoch:  37000 loss:  0.005124418064951897 PSNR:  22.64289741301051
epoch:  37200 loss:  0.005096546374261379 PSNR:  22.587163971000987
epoch:  37400 loss:  0.005181869491934776 PSNR:  22.611415449151124
epoch:  37600 loss:  0.0051361084915697575 PSNR:  22.612215146183146
epoch:  37800 loss:  0.005147141870111227 PSNR:  22.639302813785143
epoch:  38000 loss:  0.005176719278097153 PSNR:  22.60509653074169
epoch:  38200 loss:  0.005189802497625351 PSNR:  22.614468930928563
epoch:  38400 loss:  0.005117300897836685 PSNR:  22.6312320491218
epoch:  38600 loss:  0.005227162502706051 PSNR:  22.513658986450732
epoch:  38800 loss:  0.005148835480213165 PSNR:  22.58106939226389
epoch:  39000 loss:  0.005167706403881311 PSNR:  22.570475404435474
epoch:  39200 loss:  0.005191222298890352 PSNR:  22.531689627447292
epoch:  39400 loss:  0.005163734778761864 PSNR:  22.461890904587037
epoch:  39600 loss:  0.00510005047544837 PSNR:  22.622643901383114
epoch:  39800 loss:  0.005154305603355169 PSNR:  22.477086818815337
Output directory: data/denoising/Set14/mask/0/pai/mag_global/sparse_0.5
PSNR of output image is:  22.477086818815337
(3, 512, 512) (1, 3, 512, 512) (3, 512, 512)
Experiment done
