(3, 256, 256)
Starting random mask  training on 12 using ADAM(sigma=0.1,lr=0.01,decay=0,beta=0)
Noisy PSNR is '20.831619053656745'
1.1.1.weight         | nonzeros =   12159 /   12800             ( 94.99%) | total_pruned =     641 | shape = torch.Size([16, 32, 5, 5])
1.1.1.bias           | nonzeros =      14 /      16             ( 87.50%) | total_pruned =       2 | shape = torch.Size([16])
1.2.weight           | nonzeros =      14 /      16             ( 87.50%) | total_pruned =       2 | shape = torch.Size([16])
1.2.bias             | nonzeros =       0 /      16             (  0.00%) | total_pruned =      16 | shape = torch.Size([16])
1.4.1.weight         | nonzeros =    6079 /    6400             ( 94.98%) | total_pruned =     321 | shape = torch.Size([16, 16, 5, 5])
1.4.1.bias           | nonzeros =      14 /      16             ( 87.50%) | total_pruned =       2 | shape = torch.Size([16])
1.5.weight           | nonzeros =      14 /      16             ( 87.50%) | total_pruned =       2 | shape = torch.Size([16])
1.5.bias             | nonzeros =       0 /      16             (  0.00%) | total_pruned =      16 | shape = torch.Size([16])
1.7.1.1.1.weight     | nonzeros =   12159 /   12800             ( 94.99%) | total_pruned =     641 | shape = torch.Size([32, 16, 5, 5])
1.7.1.1.1.bias       | nonzeros =      26 /      32             ( 81.25%) | total_pruned =       6 | shape = torch.Size([32])
1.7.1.2.weight       | nonzeros =      29 /      32             ( 90.62%) | total_pruned =       3 | shape = torch.Size([32])
1.7.1.2.bias         | nonzeros =       0 /      32             (  0.00%) | total_pruned =      32 | shape = torch.Size([32])
1.7.1.4.1.weight     | nonzeros =   24319 /   25600             ( 95.00%) | total_pruned =    1281 | shape = torch.Size([32, 32, 5, 5])
1.7.1.4.1.bias       | nonzeros =      29 /      32             ( 90.62%) | total_pruned =       3 | shape = torch.Size([32])
1.7.1.5.weight       | nonzeros =      29 /      32             ( 90.62%) | total_pruned =       3 | shape = torch.Size([32])
1.7.1.5.bias         | nonzeros =       0 /      32             (  0.00%) | total_pruned =      32 | shape = torch.Size([32])
1.7.1.7.1.1.1.weight | nonzeros =   48639 /   51200             ( 95.00%) | total_pruned =    2561 | shape = torch.Size([64, 32, 5, 5])
1.7.1.7.1.1.1.bias   | nonzeros =      55 /      64             ( 85.94%) | total_pruned =       9 | shape = torch.Size([64])
1.7.1.7.1.2.weight   | nonzeros =      59 /      64             ( 92.19%) | total_pruned =       5 | shape = torch.Size([64])
1.7.1.7.1.2.bias     | nonzeros =       0 /      64             (  0.00%) | total_pruned =      64 | shape = torch.Size([64])
1.7.1.7.1.4.1.weight | nonzeros =   97279 /  102400             ( 95.00%) | total_pruned =    5121 | shape = torch.Size([64, 64, 5, 5])
1.7.1.7.1.4.1.bias   | nonzeros =      55 /      64             ( 85.94%) | total_pruned =       9 | shape = torch.Size([64])
1.7.1.7.1.5.weight   | nonzeros =      59 /      64             ( 92.19%) | total_pruned =       5 | shape = torch.Size([64])
1.7.1.7.1.5.bias     | nonzeros =       0 /      64             (  0.00%) | total_pruned =      64 | shape = torch.Size([64])
1.7.1.7.1.7.1.1.1.weight | nonzeros =  194559 /  204800             ( 95.00%) | total_pruned =   10241 | shape = torch.Size([128, 64, 5, 5])
1.7.1.7.1.7.1.1.1.bias | nonzeros =     114 /     128             ( 89.06%) | total_pruned =      14 | shape = torch.Size([128])
1.7.1.7.1.7.1.2.weight | nonzeros =     120 /     128             ( 93.75%) | total_pruned =       8 | shape = torch.Size([128])
1.7.1.7.1.7.1.2.bias | nonzeros =       0 /     128             (  0.00%) | total_pruned =     128 | shape = torch.Size([128])
1.7.1.7.1.7.1.4.1.weight | nonzeros =  389119 /  409600             ( 95.00%) | total_pruned =   20481 | shape = torch.Size([128, 128, 5, 5])
1.7.1.7.1.7.1.4.1.bias | nonzeros =     113 /     128             ( 88.28%) | total_pruned =      15 | shape = torch.Size([128])
1.7.1.7.1.7.1.5.weight | nonzeros =     120 /     128             ( 93.75%) | total_pruned =       8 | shape = torch.Size([128])
1.7.1.7.1.7.1.5.bias | nonzeros =       0 /     128             (  0.00%) | total_pruned =     128 | shape = torch.Size([128])
1.7.1.7.1.7.1.7.1.1.1.weight | nonzeros =  389119 /  409600             ( 95.00%) | total_pruned =   20481 | shape = torch.Size([128, 128, 5, 5])
1.7.1.7.1.7.1.7.1.1.1.bias | nonzeros =      98 /     128             ( 76.56%) | total_pruned =      30 | shape = torch.Size([128])
1.7.1.7.1.7.1.7.1.2.weight | nonzeros =     120 /     128             ( 93.75%) | total_pruned =       8 | shape = torch.Size([128])
1.7.1.7.1.7.1.7.1.2.bias | nonzeros =       0 /     128             (  0.00%) | total_pruned =     128 | shape = torch.Size([128])
1.7.1.7.1.7.1.7.1.4.1.weight | nonzeros =  389119 /  409600             ( 95.00%) | total_pruned =   20481 | shape = torch.Size([128, 128, 5, 5])
1.7.1.7.1.7.1.7.1.4.1.bias | nonzeros =     102 /     128             ( 79.69%) | total_pruned =      26 | shape = torch.Size([128])
1.7.1.7.1.7.1.7.1.5.weight | nonzeros =     120 /     128             ( 93.75%) | total_pruned =       8 | shape = torch.Size([128])
1.7.1.7.1.7.1.7.1.5.bias | nonzeros =       0 /     128             (  0.00%) | total_pruned =     128 | shape = torch.Size([128])
1.7.1.7.1.7.1.7.1.7.1.1.1.weight | nonzeros =  389119 /  409600             ( 95.00%) | total_pruned =   20481 | shape = torch.Size([128, 128, 5, 5])
1.7.1.7.1.7.1.7.1.7.1.1.1.bias | nonzeros =     110 /     128             ( 85.94%) | total_pruned =      18 | shape = torch.Size([128])
1.7.1.7.1.7.1.7.1.7.1.2.weight | nonzeros =     120 /     128             ( 93.75%) | total_pruned =       8 | shape = torch.Size([128])
1.7.1.7.1.7.1.7.1.7.1.2.bias | nonzeros =       0 /     128             (  0.00%) | total_pruned =     128 | shape = torch.Size([128])
1.7.1.7.1.7.1.7.1.7.1.4.1.weight | nonzeros =  389119 /  409600             ( 95.00%) | total_pruned =   20481 | shape = torch.Size([128, 128, 5, 5])
1.7.1.7.1.7.1.7.1.7.1.4.1.bias | nonzeros =      98 /     128             ( 76.56%) | total_pruned =      30 | shape = torch.Size([128])
1.7.1.7.1.7.1.7.1.7.1.5.weight | nonzeros =     120 /     128             ( 93.75%) | total_pruned =       8 | shape = torch.Size([128])
1.7.1.7.1.7.1.7.1.7.1.5.bias | nonzeros =       0 /     128             (  0.00%) | total_pruned =     128 | shape = torch.Size([128])
1.7.1.7.1.7.1.7.1.7.2.weight | nonzeros =     120 /     128             ( 93.75%) | total_pruned =       8 | shape = torch.Size([128])
1.7.1.7.1.7.1.7.1.7.2.bias | nonzeros =       0 /     128             (  0.00%) | total_pruned =     128 | shape = torch.Size([128])
1.7.1.7.1.7.1.7.1.7.3.1.weight | nonzeros =  140082 /  147456             ( 95.00%) | total_pruned =    7374 | shape = torch.Size([128, 128, 3, 3])
1.7.1.7.1.7.1.7.1.7.3.1.bias | nonzeros =     104 /     128             ( 81.25%) | total_pruned =      24 | shape = torch.Size([128])
1.7.1.7.1.7.1.7.1.7.4.weight | nonzeros =     120 /     128             ( 93.75%) | total_pruned =       8 | shape = torch.Size([128])
1.7.1.7.1.7.1.7.1.7.4.bias | nonzeros =       0 /     128             (  0.00%) | total_pruned =     128 | shape = torch.Size([128])
1.7.1.7.1.7.1.7.2.weight | nonzeros =     120 /     128             ( 93.75%) | total_pruned =       8 | shape = torch.Size([128])
1.7.1.7.1.7.1.7.2.bias | nonzeros =       0 /     128             (  0.00%) | total_pruned =     128 | shape = torch.Size([128])
1.7.1.7.1.7.1.7.3.1.weight | nonzeros =  140082 /  147456             ( 95.00%) | total_pruned =    7374 | shape = torch.Size([128, 128, 3, 3])
1.7.1.7.1.7.1.7.3.1.bias | nonzeros =     103 /     128             ( 80.47%) | total_pruned =      25 | shape = torch.Size([128])
1.7.1.7.1.7.1.7.4.weight | nonzeros =     120 /     128             ( 93.75%) | total_pruned =       8 | shape = torch.Size([128])
1.7.1.7.1.7.1.7.4.bias | nonzeros =       0 /     128             (  0.00%) | total_pruned =     128 | shape = torch.Size([128])
1.7.1.7.1.7.2.weight | nonzeros =     120 /     128             ( 93.75%) | total_pruned =       8 | shape = torch.Size([128])
1.7.1.7.1.7.2.bias   | nonzeros =       0 /     128             (  0.00%) | total_pruned =     128 | shape = torch.Size([128])
1.7.1.7.1.7.3.1.weight | nonzeros =  140082 /  147456             ( 95.00%) | total_pruned =    7374 | shape = torch.Size([128, 128, 3, 3])
1.7.1.7.1.7.3.1.bias | nonzeros =     113 /     128             ( 88.28%) | total_pruned =      15 | shape = torch.Size([128])
1.7.1.7.1.7.4.weight | nonzeros =     120 /     128             ( 93.75%) | total_pruned =       8 | shape = torch.Size([128])
1.7.1.7.1.7.4.bias   | nonzeros =       0 /     128             (  0.00%) | total_pruned =     128 | shape = torch.Size([128])
1.7.1.7.2.weight     | nonzeros =     120 /     128             ( 93.75%) | total_pruned =       8 | shape = torch.Size([128])
1.7.1.7.2.bias       | nonzeros =       0 /     128             (  0.00%) | total_pruned =     128 | shape = torch.Size([128])
1.7.1.7.3.1.weight   | nonzeros =   70040 /   73728             ( 95.00%) | total_pruned =    3688 | shape = torch.Size([64, 128, 3, 3])
1.7.1.7.3.1.bias     | nonzeros =      53 /      64             ( 82.81%) | total_pruned =      11 | shape = torch.Size([64])
1.7.1.7.4.weight     | nonzeros =      59 /      64             ( 92.19%) | total_pruned =       5 | shape = torch.Size([64])
1.7.1.7.4.bias       | nonzeros =       0 /      64             (  0.00%) | total_pruned =      64 | shape = torch.Size([64])
1.7.2.weight         | nonzeros =      59 /      64             ( 92.19%) | total_pruned =       5 | shape = torch.Size([64])
1.7.2.bias           | nonzeros =       0 /      64             (  0.00%) | total_pruned =      64 | shape = torch.Size([64])
1.7.3.1.weight       | nonzeros =   17509 /   18432             ( 94.99%) | total_pruned =     923 | shape = torch.Size([32, 64, 3, 3])
1.7.3.1.bias         | nonzeros =      23 /      32             ( 71.88%) | total_pruned =       9 | shape = torch.Size([32])
1.7.4.weight         | nonzeros =      29 /      32             ( 90.62%) | total_pruned =       3 | shape = torch.Size([32])
1.7.4.bias           | nonzeros =       0 /      32             (  0.00%) | total_pruned =      32 | shape = torch.Size([32])
2.weight             | nonzeros =      29 /      32             ( 90.62%) | total_pruned =       3 | shape = torch.Size([32])
2.bias               | nonzeros =       0 /      32             (  0.00%) | total_pruned =      32 | shape = torch.Size([32])
3.1.weight           | nonzeros =    4376 /    4608             ( 94.97%) | total_pruned =     232 | shape = torch.Size([16, 32, 3, 3])
3.1.bias             | nonzeros =      14 /      16             ( 87.50%) | total_pruned =       2 | shape = torch.Size([16])
4.weight             | nonzeros =      14 /      16             ( 87.50%) | total_pruned =       2 | shape = torch.Size([16])
4.bias               | nonzeros =       0 /      16             (  0.00%) | total_pruned =      16 | shape = torch.Size([16])
6.1.weight           | nonzeros =      44 /      48             ( 91.67%) | total_pruned =       4 | shape = torch.Size([3, 16, 1, 1])
6.1.bias             | nonzeros =       1 /       3             ( 33.33%) | total_pruned =       2 | shape = torch.Size([3])
alive: 2856196, pruned : 152671, total: 3008867, Compression rate :       1.05x  (  5.07% pruned)
Initial PSNR of output image is:  9.221780414249654
epoch:  0 loss:  0.11936920881271362 PSNR:  9.221780414249654
epoch:  200 loss:  0.01089417189359665 PSNR:  24.581753314897348
epoch:  400 loss:  0.01019212231040001 PSNR:  25.667623792969344
epoch:  600 loss:  0.009661924093961716 PSNR:  26.628071124628754
epoch:  800 loss:  0.009664730168879032 PSNR:  26.590387590564323
epoch:  1000 loss:  0.009215950034558773 PSNR:  27.539884935210985
epoch:  1200 loss:  0.009100779891014099 PSNR:  27.720776504060773
epoch:  1400 loss:  0.009059930220246315 PSNR:  27.984533245328965
epoch:  1600 loss:  0.008791541680693626 PSNR:  28.40294652375104
epoch:  1800 loss:  0.008831413462758064 PSNR:  27.97218286923556
epoch:  2000 loss:  0.008572845719754696 PSNR:  28.611568665279222
epoch:  2200 loss:  0.008624511770904064 PSNR:  28.286053121210564
epoch:  2400 loss:  0.008280307054519653 PSNR:  28.680884801158093
epoch:  2600 loss:  0.008182677440345287 PSNR:  28.38863937099432
epoch:  2800 loss:  0.007879779674112797 PSNR:  28.213024611769182
epoch:  3000 loss:  0.007636259309947491 PSNR:  27.903069447904723
epoch:  3200 loss:  0.007418784312903881 PSNR:  27.499523468447656
epoch:  3400 loss:  0.0071752979420125484 PSNR:  27.017807098909028
epoch:  3600 loss:  0.006871269550174475 PSNR:  26.704230442893866
epoch:  3800 loss:  0.006650067400187254 PSNR:  25.74135448089016
epoch:  4000 loss:  0.006106195505708456 PSNR:  25.512074369461537
epoch:  4200 loss:  0.005819081794470549 PSNR:  25.148848703413897
epoch:  4400 loss:  0.005735691636800766 PSNR:  24.64403454383674
epoch:  4600 loss:  0.005324922036379576 PSNR:  24.630293923432568
epoch:  4800 loss:  0.00513274222612381 PSNR:  24.021157584601866
epoch:  5000 loss:  0.00481368787586689 PSNR:  23.90492030732584
epoch:  5200 loss:  0.00445937504991889 PSNR:  23.412733548778014
epoch:  5400 loss:  0.004075860138982534 PSNR:  23.23208278651654
epoch:  5600 loss:  0.003995361737906933 PSNR:  23.058004415834098
epoch:  5800 loss:  0.00366913597099483 PSNR:  22.900317978904493
epoch:  6000 loss:  0.003449530340731144 PSNR:  22.870662689269373
epoch:  6200 loss:  0.003485460299998522 PSNR:  22.444821382262607
epoch:  6400 loss:  0.003375791013240814 PSNR:  22.752331063878778
epoch:  6600 loss:  0.0031439100857824087 PSNR:  22.56516789713431
epoch:  6800 loss:  0.003029055427759886 PSNR:  22.44436085692081
epoch:  7000 loss:  0.002789359074085951 PSNR:  22.564672896022184
epoch:  7200 loss:  0.002780348528176546 PSNR:  22.338554211845334
epoch:  7400 loss:  0.0026667057536542416 PSNR:  22.296199137248962
epoch:  7600 loss:  0.0027440711855888367 PSNR:  22.195913197566473
epoch:  7800 loss:  0.002580377273261547 PSNR:  22.07329434963121
epoch:  8000 loss:  0.002393824514001608 PSNR:  22.08513749670143
epoch:  8200 loss:  0.0023934266064316034 PSNR:  22.18305770222985
epoch:  8400 loss:  0.002414595102891326 PSNR:  22.077913258521477
epoch:  8600 loss:  0.0023401654325425625 PSNR:  21.78601103943478
epoch:  8800 loss:  0.002348056063055992 PSNR:  22.16350238170395
epoch:  9000 loss:  0.0021662870422005653 PSNR:  21.915762099325743
epoch:  9200 loss:  0.002288112649694085 PSNR:  22.00159288887367
epoch:  9400 loss:  0.0021205530501902103 PSNR:  21.90164911920247
epoch:  9600 loss:  0.002172130160033703 PSNR:  21.869279562708424
epoch:  9800 loss:  0.0020310755353420973 PSNR:  21.878506932572456
epoch:  10000 loss:  0.0020516098011285067 PSNR:  21.627352716257843
epoch:  10200 loss:  0.001954869367182255 PSNR:  21.944120699707348
epoch:  10400 loss:  0.0018668895354494452 PSNR:  21.81809588056302
epoch:  10600 loss:  0.0019144904799759388 PSNR:  21.80866366865622
epoch:  10800 loss:  0.001971930731087923 PSNR:  21.85547934926214
epoch:  11000 loss:  0.001862820703536272 PSNR:  21.819587197231826
epoch:  11200 loss:  0.0018033203668892384 PSNR:  21.59600439208072
epoch:  11400 loss:  0.0017833288293331861 PSNR:  21.73750087034255
epoch:  11600 loss:  0.0017446912825107574 PSNR:  21.69512289750584
epoch:  11800 loss:  0.00173025275580585 PSNR:  21.78685505396917
epoch:  12000 loss:  0.0018062356393784285 PSNR:  21.5351043842262
epoch:  12200 loss:  0.001644196338020265 PSNR:  21.739027843476507
epoch:  12400 loss:  0.0017961449921131134 PSNR:  21.67181832935323
epoch:  12600 loss:  0.0016559161012992263 PSNR:  21.66326645292345
epoch:  12800 loss:  0.0016126793343573809 PSNR:  21.577897513476874
epoch:  13000 loss:  0.0016338243149220943 PSNR:  21.446327793713866
epoch:  13200 loss:  0.0015942463651299477 PSNR:  21.52949093064306
epoch:  13400 loss:  0.0015553667908534408 PSNR:  21.558187162959474
epoch:  13600 loss:  0.0015727835707366467 PSNR:  21.60807779417704
epoch:  13800 loss:  0.0015911201480776072 PSNR:  21.46856877447067
epoch:  14000 loss:  0.0015658832853659987 PSNR:  21.683024707175885
epoch:  14200 loss:  0.0016656903317198157 PSNR:  21.373587777460603
epoch:  14400 loss:  0.0014876814093440771 PSNR:  21.49531506631188
epoch:  14600 loss:  0.0015297774225473404 PSNR:  21.58725176480427
epoch:  14800 loss:  0.0015021318104118109 PSNR:  21.542049429285456
epoch:  15000 loss:  0.001406958675943315 PSNR:  21.43808964225471
epoch:  15200 loss:  0.0014944241847842932 PSNR:  21.63304646378149
epoch:  15400 loss:  0.001538758515380323 PSNR:  21.626594721441595
epoch:  15600 loss:  0.001509885536506772 PSNR:  21.51468932711431
epoch:  15800 loss:  0.001400092034600675 PSNR:  21.40163194087463
epoch:  16000 loss:  0.001554348855279386 PSNR:  21.410244092786694
epoch:  16200 loss:  0.0014636784326285124 PSNR:  21.618832378985818
epoch:  16400 loss:  0.0013652652269229293 PSNR:  21.44749353104836
epoch:  16600 loss:  0.0014077622909098864 PSNR:  21.503136560260245
epoch:  16800 loss:  0.012506901286542416 PSNR:  23.27587121598096
epoch:  17000 loss:  0.009599929675459862 PSNR:  26.847576870352036
epoch:  17200 loss:  0.009228382259607315 PSNR:  27.54445878521431
epoch:  17400 loss:  0.009036002680659294 PSNR:  27.891776464356504
epoch:  17600 loss:  0.008946623653173447 PSNR:  27.91842010831457
epoch:  17800 loss:  0.008847229182720184 PSNR:  28.03905123136921
epoch:  18000 loss:  0.00863713026046753 PSNR:  28.487453513120904
epoch:  18200 loss:  0.008535308763384819 PSNR:  28.458788693846312
epoch:  18400 loss:  0.008360002189874649 PSNR:  28.575977929426955
epoch:  18600 loss:  0.008226396515965462 PSNR:  28.514030871275597
epoch:  18800 loss:  0.008070834912359715 PSNR:  28.421325899233235
epoch:  19000 loss:  0.007918175309896469 PSNR:  28.055482917803097
epoch:  19200 loss:  0.00762664619833231 PSNR:  27.57069048528311
epoch:  19400 loss:  0.007368508726358414 PSNR:  27.33616770740433
epoch:  19600 loss:  0.00706849992275238 PSNR:  26.602153261373115
epoch:  19800 loss:  0.006831057369709015 PSNR:  26.398588502483076
epoch:  20000 loss:  0.006644192151725292 PSNR:  25.92701810233022
epoch:  20200 loss:  0.0062463125213980675 PSNR:  25.46968981578333
epoch:  20400 loss:  0.005903488956391811 PSNR:  25.19543828596523
epoch:  20600 loss:  0.005910033360123634 PSNR:  24.828527701710968
epoch:  20800 loss:  0.005406924523413181 PSNR:  24.58374476834756
epoch:  21000 loss:  0.005173332057893276 PSNR:  24.392804721301133
epoch:  21200 loss:  0.005011366680264473 PSNR:  23.962167365453286
epoch:  21400 loss:  0.004803619347512722 PSNR:  23.812231145726518
epoch:  21600 loss:  0.004571652039885521 PSNR:  23.90247581122605
epoch:  21800 loss:  0.004378600977361202 PSNR:  23.66400238433862
epoch:  22000 loss:  0.004268383141607046 PSNR:  23.304086370371934
epoch:  22200 loss:  0.0041428981348872185 PSNR:  23.287317127962226
epoch:  22400 loss:  0.003863143501803279 PSNR:  22.98249188325979
epoch:  22600 loss:  0.003913210704922676 PSNR:  22.919705831195603
epoch:  22800 loss:  0.0035873721353709698 PSNR:  22.940037383729575
epoch:  23000 loss:  0.003508523805066943 PSNR:  22.747321166461376
epoch:  23200 loss:  0.003427858930081129 PSNR:  22.548515258952015
epoch:  23400 loss:  0.003468675073236227 PSNR:  22.513897772288765
epoch:  23600 loss:  0.0033157221041619778 PSNR:  22.51020710335588
epoch:  23800 loss:  0.0031578470952808857 PSNR:  22.371198539585922
epoch:  24000 loss:  0.0031346608884632587 PSNR:  22.623566653545733
epoch:  24200 loss:  0.0031342054717242718 PSNR:  22.393955725055754
epoch:  24400 loss:  0.002898752223700285 PSNR:  22.407247011966376
epoch:  24600 loss:  0.0029286730568856 PSNR:  22.03151433342798
epoch:  24800 loss:  0.0027279648929834366 PSNR:  22.220645832785003
epoch:  25000 loss:  0.002726188628003001 PSNR:  22.438956441795675
epoch:  25200 loss:  0.0026705493219196796 PSNR:  22.233494185821037
epoch:  25400 loss:  0.0025821831077337265 PSNR:  22.307482922165125
epoch:  25600 loss:  0.0026467281859368086 PSNR:  22.14439124328324
epoch:  25800 loss:  0.002528985496610403 PSNR:  22.165346908875424
epoch:  26000 loss:  0.002487423364073038 PSNR:  22.030826709310077
epoch:  26200 loss:  0.002395877381786704 PSNR:  22.162689387404328
epoch:  26400 loss:  0.0023282142356038094 PSNR:  22.116587629270093
epoch:  26600 loss:  0.0025703792925924063 PSNR:  21.87093199277008
epoch:  26800 loss:  0.0023525524884462357 PSNR:  21.96916605919845
epoch:  27000 loss:  0.0022707609459757805 PSNR:  21.86973180317482
epoch:  27200 loss:  0.002320443745702505 PSNR:  21.929499751750015
epoch:  27400 loss:  0.0027958787977695465 PSNR:  21.877454525935658
epoch:  27600 loss:  0.00211043911986053 PSNR:  21.87876750259158
epoch:  27800 loss:  0.0021750791929662228 PSNR:  21.766082845948617
epoch:  28000 loss:  0.002223925432190299 PSNR:  21.81575034504324
epoch:  28200 loss:  0.0021791639737784863 PSNR:  21.831762209916832
epoch:  28400 loss:  0.002058917423710227 PSNR:  21.80689832698894
epoch:  28600 loss:  0.0021384009160101414 PSNR:  21.96002530577949
epoch:  28800 loss:  0.0020347717218101025 PSNR:  21.933825153478516
epoch:  29000 loss:  0.0020037514623254538 PSNR:  21.995938609473882
epoch:  29200 loss:  0.0020600452553480864 PSNR:  21.776957209423124
epoch:  29400 loss:  0.0020051663741469383 PSNR:  21.830288283807704
epoch:  29600 loss:  0.001930398284457624 PSNR:  21.894812981348707
epoch:  29800 loss:  0.0019451796542853117 PSNR:  21.727715045494453
epoch:  30000 loss:  0.0019230128964409232 PSNR:  21.61965420838452
epoch:  30200 loss:  0.0018828361062332988 PSNR:  21.784091410460462
epoch:  30400 loss:  0.001947415410540998 PSNR:  21.638549492679626
epoch:  30600 loss:  0.0019039211329072714 PSNR:  21.52663475521971
epoch:  30800 loss:  0.0019076364114880562 PSNR:  21.787550894288565
epoch:  31000 loss:  0.001820792444050312 PSNR:  21.660363939173717
epoch:  31200 loss:  0.0019153794273734093 PSNR:  21.801634468342456
epoch:  31400 loss:  0.0018164062639698386 PSNR:  21.674536698343815
epoch:  31600 loss:  0.0018059550784528255 PSNR:  21.754984500592393
epoch:  31800 loss:  0.0017475003842264414 PSNR:  21.5096879149184
epoch:  32000 loss:  0.0017491932958364487 PSNR:  21.77282654925886
epoch:  32200 loss:  0.001663970178924501 PSNR:  21.614590055989034
epoch:  32400 loss:  0.0018432124052196741 PSNR:  21.825195514460024
epoch:  32600 loss:  0.0017896504141390324 PSNR:  21.514111517165407
epoch:  32800 loss:  0.001695259241387248 PSNR:  21.570314550467614
epoch:  33000 loss:  0.0016995862824842334 PSNR:  21.679470018315527
epoch:  33200 loss:  0.0016443494241684675 PSNR:  21.526420344730294
epoch:  33400 loss:  0.0016011259285733104 PSNR:  21.61171695067238
epoch:  33600 loss:  0.0016953111626207829 PSNR:  21.714634053967018
epoch:  33800 loss:  0.0017908373847603798 PSNR:  21.47518432057389
epoch:  34000 loss:  0.0015623921062797308 PSNR:  21.537663855641167
epoch:  34200 loss:  0.0015749726444482803 PSNR:  21.40599738188319
epoch:  34400 loss:  0.0016064310912042856 PSNR:  21.63890371026085
epoch:  34600 loss:  0.001590309664607048 PSNR:  21.524909999190925
epoch:  34800 loss:  0.001793144503608346 PSNR:  21.635783401373377
epoch:  35000 loss:  0.001496988581493497 PSNR:  21.534807197285012
epoch:  35200 loss:  0.0015915618278086185 PSNR:  21.430962904557358
epoch:  35400 loss:  0.001566129270941019 PSNR:  21.3917042293831
epoch:  35600 loss:  0.0014980019768700004 PSNR:  21.614175348264098
epoch:  35800 loss:  0.001513475552201271 PSNR:  21.615525493414914
epoch:  36000 loss:  0.0015017502009868622 PSNR:  21.714052429667774
epoch:  36200 loss:  0.0015138066373765469 PSNR:  21.580526279004268
epoch:  36400 loss:  0.0016216244548559189 PSNR:  21.267809833207846
epoch:  36600 loss:  0.0014417448546737432 PSNR:  21.44489553071208
epoch:  36800 loss:  0.0014164969325065613 PSNR:  21.59287826281909
epoch:  37000 loss:  0.0016677714884281158 PSNR:  21.589414939936923
epoch:  37200 loss:  0.001406433992087841 PSNR:  21.461370934347958
epoch:  37400 loss:  0.0014757480239495635 PSNR:  21.69579881413531
epoch:  37600 loss:  0.0014600411523133516 PSNR:  21.50385443836548
epoch:  37800 loss:  0.001458067330531776 PSNR:  21.578074634595236
epoch:  38000 loss:  0.0014838710194453597 PSNR:  21.38587089064473
epoch:  38200 loss:  0.0014331381535157561 PSNR:  21.404600712226504
epoch:  38400 loss:  0.0015014683594927192 PSNR:  21.41740275003524
epoch:  38600 loss:  0.001402099966071546 PSNR:  21.446512891114246
epoch:  38800 loss:  0.001445643836632371 PSNR:  21.59905912459253
epoch:  39000 loss:  0.0014275949215516448 PSNR:  21.341004580209603
epoch:  39200 loss:  0.001350838108919561 PSNR:  21.511543543363327
epoch:  39400 loss:  0.0014189702924340963 PSNR:  21.47330384356962
epoch:  39600 loss:  0.0013997049536556005 PSNR:  21.502211584471816
epoch:  39800 loss:  0.001326557481661439 PSNR:  21.389397244543936
Output directory: data/denoising/Set14/mask/12/pai/grasp_local/sparse_0.95
PSNR of output image is:  21.389397244543936
(3, 256, 256) (1, 3, 256, 256) (3, 256, 256)
Experiment done
(3, 256, 256)
Starting random mask  training on 12 using ADAM(sigma=0.1,lr=0.01,decay=0,beta=0)
Noisy PSNR is '20.854672805271733'
1.1.1.weight         | nonzeros =   12159 /   12800             ( 94.99%) | total_pruned =     641 | shape = torch.Size([16, 32, 5, 5])
1.1.1.bias           | nonzeros =      14 /      16             ( 87.50%) | total_pruned =       2 | shape = torch.Size([16])
1.2.weight           | nonzeros =      14 /      16             ( 87.50%) | total_pruned =       2 | shape = torch.Size([16])
1.2.bias             | nonzeros =       0 /      16             (  0.00%) | total_pruned =      16 | shape = torch.Size([16])
1.4.1.weight         | nonzeros =    6079 /    6400             ( 94.98%) | total_pruned =     321 | shape = torch.Size([16, 16, 5, 5])
1.4.1.bias           | nonzeros =      14 /      16             ( 87.50%) | total_pruned =       2 | shape = torch.Size([16])
1.5.weight           | nonzeros =      14 /      16             ( 87.50%) | total_pruned =       2 | shape = torch.Size([16])
1.5.bias             | nonzeros =       0 /      16             (  0.00%) | total_pruned =      16 | shape = torch.Size([16])
1.7.1.1.1.weight     | nonzeros =   12159 /   12800             ( 94.99%) | total_pruned =     641 | shape = torch.Size([32, 16, 5, 5])
1.7.1.1.1.bias       | nonzeros =      24 /      32             ( 75.00%) | total_pruned =       8 | shape = torch.Size([32])
1.7.1.2.weight       | nonzeros =      29 /      32             ( 90.62%) | total_pruned =       3 | shape = torch.Size([32])
1.7.1.2.bias         | nonzeros =       0 /      32             (  0.00%) | total_pruned =      32 | shape = torch.Size([32])
1.7.1.4.1.weight     | nonzeros =   24319 /   25600             ( 95.00%) | total_pruned =    1281 | shape = torch.Size([32, 32, 5, 5])
1.7.1.4.1.bias       | nonzeros =      29 /      32             ( 90.62%) | total_pruned =       3 | shape = torch.Size([32])
1.7.1.5.weight       | nonzeros =      29 /      32             ( 90.62%) | total_pruned =       3 | shape = torch.Size([32])
1.7.1.5.bias         | nonzeros =       0 /      32             (  0.00%) | total_pruned =      32 | shape = torch.Size([32])
1.7.1.7.1.1.1.weight | nonzeros =   48639 /   51200             ( 95.00%) | total_pruned =    2561 | shape = torch.Size([64, 32, 5, 5])
1.7.1.7.1.1.1.bias   | nonzeros =      49 /      64             ( 76.56%) | total_pruned =      15 | shape = torch.Size([64])
1.7.1.7.1.2.weight   | nonzeros =      59 /      64             ( 92.19%) | total_pruned =       5 | shape = torch.Size([64])
1.7.1.7.1.2.bias     | nonzeros =       0 /      64             (  0.00%) | total_pruned =      64 | shape = torch.Size([64])
1.7.1.7.1.4.1.weight | nonzeros =   97279 /  102400             ( 95.00%) | total_pruned =    5121 | shape = torch.Size([64, 64, 5, 5])
1.7.1.7.1.4.1.bias   | nonzeros =      53 /      64             ( 82.81%) | total_pruned =      11 | shape = torch.Size([64])
1.7.1.7.1.5.weight   | nonzeros =      59 /      64             ( 92.19%) | total_pruned =       5 | shape = torch.Size([64])
1.7.1.7.1.5.bias     | nonzeros =       0 /      64             (  0.00%) | total_pruned =      64 | shape = torch.Size([64])
1.7.1.7.1.7.1.1.1.weight | nonzeros =  194559 /  204800             ( 95.00%) | total_pruned =   10241 | shape = torch.Size([128, 64, 5, 5])
1.7.1.7.1.7.1.1.1.bias | nonzeros =     113 /     128             ( 88.28%) | total_pruned =      15 | shape = torch.Size([128])
1.7.1.7.1.7.1.2.weight | nonzeros =     120 /     128             ( 93.75%) | total_pruned =       8 | shape = torch.Size([128])
1.7.1.7.1.7.1.2.bias | nonzeros =       0 /     128             (  0.00%) | total_pruned =     128 | shape = torch.Size([128])
1.7.1.7.1.7.1.4.1.weight | nonzeros =  389119 /  409600             ( 95.00%) | total_pruned =   20481 | shape = torch.Size([128, 128, 5, 5])
1.7.1.7.1.7.1.4.1.bias | nonzeros =     104 /     128             ( 81.25%) | total_pruned =      24 | shape = torch.Size([128])
1.7.1.7.1.7.1.5.weight | nonzeros =     120 /     128             ( 93.75%) | total_pruned =       8 | shape = torch.Size([128])
1.7.1.7.1.7.1.5.bias | nonzeros =       0 /     128             (  0.00%) | total_pruned =     128 | shape = torch.Size([128])
1.7.1.7.1.7.1.7.1.1.1.weight | nonzeros =  389119 /  409600             ( 95.00%) | total_pruned =   20481 | shape = torch.Size([128, 128, 5, 5])
1.7.1.7.1.7.1.7.1.1.1.bias | nonzeros =     105 /     128             ( 82.03%) | total_pruned =      23 | shape = torch.Size([128])
1.7.1.7.1.7.1.7.1.2.weight | nonzeros =     120 /     128             ( 93.75%) | total_pruned =       8 | shape = torch.Size([128])
1.7.1.7.1.7.1.7.1.2.bias | nonzeros =       0 /     128             (  0.00%) | total_pruned =     128 | shape = torch.Size([128])
1.7.1.7.1.7.1.7.1.4.1.weight | nonzeros =  389119 /  409600             ( 95.00%) | total_pruned =   20481 | shape = torch.Size([128, 128, 5, 5])
1.7.1.7.1.7.1.7.1.4.1.bias | nonzeros =     106 /     128             ( 82.81%) | total_pruned =      22 | shape = torch.Size([128])
1.7.1.7.1.7.1.7.1.5.weight | nonzeros =     120 /     128             ( 93.75%) | total_pruned =       8 | shape = torch.Size([128])
1.7.1.7.1.7.1.7.1.5.bias | nonzeros =       0 /     128             (  0.00%) | total_pruned =     128 | shape = torch.Size([128])
1.7.1.7.1.7.1.7.1.7.1.1.1.weight | nonzeros =  389119 /  409600             ( 95.00%) | total_pruned =   20481 | shape = torch.Size([128, 128, 5, 5])
1.7.1.7.1.7.1.7.1.7.1.1.1.bias | nonzeros =     104 /     128             ( 81.25%) | total_pruned =      24 | shape = torch.Size([128])
1.7.1.7.1.7.1.7.1.7.1.2.weight | nonzeros =     120 /     128             ( 93.75%) | total_pruned =       8 | shape = torch.Size([128])
1.7.1.7.1.7.1.7.1.7.1.2.bias | nonzeros =       0 /     128             (  0.00%) | total_pruned =     128 | shape = torch.Size([128])
1.7.1.7.1.7.1.7.1.7.1.4.1.weight | nonzeros =  389119 /  409600             ( 95.00%) | total_pruned =   20481 | shape = torch.Size([128, 128, 5, 5])
1.7.1.7.1.7.1.7.1.7.1.4.1.bias | nonzeros =      85 /     128             ( 66.41%) | total_pruned =      43 | shape = torch.Size([128])
1.7.1.7.1.7.1.7.1.7.1.5.weight | nonzeros =     120 /     128             ( 93.75%) | total_pruned =       8 | shape = torch.Size([128])
1.7.1.7.1.7.1.7.1.7.1.5.bias | nonzeros =       0 /     128             (  0.00%) | total_pruned =     128 | shape = torch.Size([128])
1.7.1.7.1.7.1.7.1.7.2.weight | nonzeros =     120 /     128             ( 93.75%) | total_pruned =       8 | shape = torch.Size([128])
1.7.1.7.1.7.1.7.1.7.2.bias | nonzeros =       0 /     128             (  0.00%) | total_pruned =     128 | shape = torch.Size([128])
1.7.1.7.1.7.1.7.1.7.3.1.weight | nonzeros =  140082 /  147456             ( 95.00%) | total_pruned =    7374 | shape = torch.Size([128, 128, 3, 3])
1.7.1.7.1.7.1.7.1.7.3.1.bias | nonzeros =     102 /     128             ( 79.69%) | total_pruned =      26 | shape = torch.Size([128])
1.7.1.7.1.7.1.7.1.7.4.weight | nonzeros =     120 /     128             ( 93.75%) | total_pruned =       8 | shape = torch.Size([128])
1.7.1.7.1.7.1.7.1.7.4.bias | nonzeros =       0 /     128             (  0.00%) | total_pruned =     128 | shape = torch.Size([128])
1.7.1.7.1.7.1.7.2.weight | nonzeros =     120 /     128             ( 93.75%) | total_pruned =       8 | shape = torch.Size([128])
1.7.1.7.1.7.1.7.2.bias | nonzeros =       0 /     128             (  0.00%) | total_pruned =     128 | shape = torch.Size([128])
1.7.1.7.1.7.1.7.3.1.weight | nonzeros =  140082 /  147456             ( 95.00%) | total_pruned =    7374 | shape = torch.Size([128, 128, 3, 3])
1.7.1.7.1.7.1.7.3.1.bias | nonzeros =     104 /     128             ( 81.25%) | total_pruned =      24 | shape = torch.Size([128])
1.7.1.7.1.7.1.7.4.weight | nonzeros =     120 /     128             ( 93.75%) | total_pruned =       8 | shape = torch.Size([128])
1.7.1.7.1.7.1.7.4.bias | nonzeros =       0 /     128             (  0.00%) | total_pruned =     128 | shape = torch.Size([128])
1.7.1.7.1.7.2.weight | nonzeros =     120 /     128             ( 93.75%) | total_pruned =       8 | shape = torch.Size([128])
1.7.1.7.1.7.2.bias   | nonzeros =       0 /     128             (  0.00%) | total_pruned =     128 | shape = torch.Size([128])
1.7.1.7.1.7.3.1.weight | nonzeros =  140082 /  147456             ( 95.00%) | total_pruned =    7374 | shape = torch.Size([128, 128, 3, 3])
1.7.1.7.1.7.3.1.bias | nonzeros =     114 /     128             ( 89.06%) | total_pruned =      14 | shape = torch.Size([128])
1.7.1.7.1.7.4.weight | nonzeros =     120 /     128             ( 93.75%) | total_pruned =       8 | shape = torch.Size([128])
1.7.1.7.1.7.4.bias   | nonzeros =       0 /     128             (  0.00%) | total_pruned =     128 | shape = torch.Size([128])
1.7.1.7.2.weight     | nonzeros =     120 /     128             ( 93.75%) | total_pruned =       8 | shape = torch.Size([128])
1.7.1.7.2.bias       | nonzeros =       0 /     128             (  0.00%) | total_pruned =     128 | shape = torch.Size([128])
1.7.1.7.3.1.weight   | nonzeros =   70040 /   73728             ( 95.00%) | total_pruned =    3688 | shape = torch.Size([64, 128, 3, 3])
1.7.1.7.3.1.bias     | nonzeros =      57 /      64             ( 89.06%) | total_pruned =       7 | shape = torch.Size([64])
1.7.1.7.4.weight     | nonzeros =      59 /      64             ( 92.19%) | total_pruned =       5 | shape = torch.Size([64])
1.7.1.7.4.bias       | nonzeros =       0 /      64             (  0.00%) | total_pruned =      64 | shape = torch.Size([64])
1.7.2.weight         | nonzeros =      59 /      64             ( 92.19%) | total_pruned =       5 | shape = torch.Size([64])
1.7.2.bias           | nonzeros =       0 /      64             (  0.00%) | total_pruned =      64 | shape = torch.Size([64])
1.7.3.1.weight       | nonzeros =   17509 /   18432             ( 94.99%) | total_pruned =     923 | shape = torch.Size([32, 64, 3, 3])
1.7.3.1.bias         | nonzeros =      27 /      32             ( 84.38%) | total_pruned =       5 | shape = torch.Size([32])
1.7.4.weight         | nonzeros =      29 /      32             ( 90.62%) | total_pruned =       3 | shape = torch.Size([32])
1.7.4.bias           | nonzeros =       0 /      32             (  0.00%) | total_pruned =      32 | shape = torch.Size([32])
2.weight             | nonzeros =      29 /      32             ( 90.62%) | total_pruned =       3 | shape = torch.Size([32])
2.bias               | nonzeros =       0 /      32             (  0.00%) | total_pruned =      32 | shape = torch.Size([32])
3.1.weight           | nonzeros =    4376 /    4608             ( 94.97%) | total_pruned =     232 | shape = torch.Size([16, 32, 3, 3])
3.1.bias             | nonzeros =      13 /      16             ( 81.25%) | total_pruned =       3 | shape = torch.Size([16])
4.weight             | nonzeros =      14 /      16             ( 87.50%) | total_pruned =       2 | shape = torch.Size([16])
4.bias               | nonzeros =       0 /      16             (  0.00%) | total_pruned =      16 | shape = torch.Size([16])
6.1.weight           | nonzeros =      44 /      48             ( 91.67%) | total_pruned =       4 | shape = torch.Size([3, 16, 1, 1])
6.1.bias             | nonzeros =       1 /       3             ( 33.33%) | total_pruned =       2 | shape = torch.Size([3])
alive: 2856175, pruned : 152692, total: 3008867, Compression rate :       1.05x  (  5.07% pruned)
Initial PSNR of output image is:  8.726884903356522
epoch:  0 loss:  0.1327042430639267 PSNR:  8.726884903356522
epoch:  200 loss:  0.011047132313251495 PSNR:  24.34010411122729
epoch:  400 loss:  0.01006893441081047 PSNR:  25.75054580951808
epoch:  600 loss:  0.009653320536017418 PSNR:  26.514644912425336
epoch:  800 loss:  0.009357277303934097 PSNR:  27.129429031506525
epoch:  1000 loss:  0.009267221204936504 PSNR:  27.253543207324338
epoch:  1200 loss:  0.008960030972957611 PSNR:  27.993618210611608
epoch:  1400 loss:  0.00878666527569294 PSNR:  28.279100811512606
epoch:  1600 loss:  0.008925704285502434 PSNR:  27.63362167905274
epoch:  1800 loss:  0.008563840761780739 PSNR:  28.52778980774955
epoch:  2000 loss:  0.008384939283132553 PSNR:  28.603820549932337
epoch:  2200 loss:  0.008327982388436794 PSNR:  28.41143502521124
epoch:  2400 loss:  0.008025523275136948 PSNR:  28.485585215652343
epoch:  2600 loss:  0.00802304595708847 PSNR:  28.04583992083892
epoch:  2800 loss:  0.007706516422331333 PSNR:  27.559222842885596
epoch:  3000 loss:  0.007616584189236164 PSNR:  27.47573110200911
epoch:  3200 loss:  0.007270391099154949 PSNR:  26.923274969066092
epoch:  3400 loss:  0.007822810672223568 PSNR:  25.640845385076947
epoch:  3600 loss:  0.006483767181634903 PSNR:  25.797800045490924
epoch:  3800 loss:  0.006042881868779659 PSNR:  25.35295595545471
epoch:  4000 loss:  0.006060979329049587 PSNR:  25.106844968989282
epoch:  4200 loss:  0.005295251961797476 PSNR:  24.51132702516476
epoch:  4400 loss:  0.005541743710637093 PSNR:  23.941945798474478
epoch:  4600 loss:  0.004651529714465141 PSNR:  23.982506801980634
epoch:  4800 loss:  0.004415752831846476 PSNR:  23.632849974045293
epoch:  5000 loss:  0.004478622227907181 PSNR:  23.43463038845809
epoch:  5200 loss:  0.0038323847111314535 PSNR:  23.120247487465218
epoch:  5400 loss:  0.0036461593117564917 PSNR:  22.891526873133312
epoch:  5600 loss:  0.003484225831925869 PSNR:  22.872941241746023
epoch:  5800 loss:  0.0033133483957499266 PSNR:  22.824403386415963
epoch:  6000 loss:  0.0031354036182165146 PSNR:  22.541674948303946
epoch:  6200 loss:  0.0031214370392262936 PSNR:  22.60942063083782
epoch:  6400 loss:  0.003055176232010126 PSNR:  22.79898179266202
epoch:  6600 loss:  0.0027747571002691984 PSNR:  22.28628061775133
epoch:  6800 loss:  0.0028280660044401884 PSNR:  22.25581433360958
epoch:  7000 loss:  0.002614827360957861 PSNR:  22.228088342163318
epoch:  7200 loss:  0.00247981958091259 PSNR:  22.073449190369118
epoch:  7400 loss:  0.0025582793168723583 PSNR:  22.065164331946463
epoch:  7600 loss:  0.002298192586749792 PSNR:  22.241036352128805
epoch:  7800 loss:  0.00242608692497015 PSNR:  22.07872424331921
epoch:  8000 loss:  0.002363490639254451 PSNR:  22.12432970150713
epoch:  8200 loss:  0.002203733194619417 PSNR:  21.826533744051385
epoch:  8400 loss:  0.0022091567516326904 PSNR:  21.675334338060274
epoch:  8600 loss:  0.0020834312308579683 PSNR:  22.07435683110017
epoch:  8800 loss:  0.0021319217048585415 PSNR:  21.802647832004347
epoch:  9000 loss:  0.0020218915306031704 PSNR:  21.860659922941533
epoch:  9200 loss:  0.0019062835490331054 PSNR:  21.832017523410872
epoch:  9400 loss:  0.00338468374684453 PSNR:  22.918926736166476
epoch:  9600 loss:  0.00199875608086586 PSNR:  21.861963173840508
epoch:  9800 loss:  0.0020231325179338455 PSNR:  21.70056339390221
epoch:  10000 loss:  0.0020111342892050743 PSNR:  21.74772915486479
epoch:  10200 loss:  0.0019423291087150574 PSNR:  21.833348911950942
epoch:  10400 loss:  0.0017494725761935115 PSNR:  21.72848337062073
epoch:  10600 loss:  0.0016142360400408506 PSNR:  21.74255913855375
epoch:  10800 loss:  0.0018052703235298395 PSNR:  21.56577767432852
epoch:  11000 loss:  0.0017716523725539446 PSNR:  21.641490580800898
epoch:  11200 loss:  0.0016641545807942748 PSNR:  21.552248611485687
epoch:  11400 loss:  0.001699094194918871 PSNR:  21.7546552201203
epoch:  11600 loss:  0.0016631216276437044 PSNR:  21.40557640513727
epoch:  11800 loss:  0.0016601546667516232 PSNR:  21.41695684476549
epoch:  12000 loss:  0.001671469770371914 PSNR:  21.6157405346381
epoch:  12200 loss:  0.001792949391528964 PSNR:  21.696412967535554
epoch:  12400 loss:  0.0015024086460471153 PSNR:  21.779797966999055
epoch:  12600 loss:  0.001670540077611804 PSNR:  21.516221354141653
epoch:  12800 loss:  0.001593222375959158 PSNR:  21.50601908306612
epoch:  13000 loss:  0.0014899694360792637 PSNR:  21.715361644174962
epoch:  13200 loss:  0.0014910008758306503 PSNR:  21.558653888465834
epoch:  13400 loss:  0.0014276824658736587 PSNR:  21.436813528164762
epoch:  13600 loss:  0.0014389341231435537 PSNR:  21.477455495450755
epoch:  13800 loss:  0.0014317574677988887 PSNR:  21.460076073931532
epoch:  14000 loss:  0.0014052074402570724 PSNR:  21.581507091554183
epoch:  14200 loss:  0.0013287881156429648 PSNR:  21.634589001721203
epoch:  14400 loss:  0.0015040754806250334 PSNR:  21.654003816113445
epoch:  14600 loss:  0.0013841758482158184 PSNR:  21.50280382069489
epoch:  14800 loss:  0.0013332765083760023 PSNR:  21.465818693087456
epoch:  15000 loss:  0.0012880899012088776 PSNR:  21.59138401602285
epoch:  15200 loss:  0.0012577137676998973 PSNR:  21.491804332585396
epoch:  15400 loss:  0.0015273959143087268 PSNR:  21.37394461623073
epoch:  15600 loss:  0.0012562018819153309 PSNR:  21.42723971727101
epoch:  15800 loss:  0.0013046989915892482 PSNR:  21.461182937651113
epoch:  16000 loss:  0.0012645383831113577 PSNR:  21.522025825267246
epoch:  16200 loss:  0.0013550766743719578 PSNR:  21.440200051568382
epoch:  16400 loss:  0.0012672338634729385 PSNR:  21.565868162399816
epoch:  16600 loss:  0.0014180991565808654 PSNR:  21.435006716729596
epoch:  16800 loss:  0.0012246615951880813 PSNR:  21.52867333321248
epoch:  17000 loss:  0.0011508900206536055 PSNR:  21.378732309117186
epoch:  17200 loss:  0.0014336074236780405 PSNR:  21.54435960343966
epoch:  17400 loss:  0.0012805447913706303 PSNR:  21.322105794263983
epoch:  17600 loss:  0.0011143852025270462 PSNR:  21.432378204306318
epoch:  17800 loss:  0.0011967808241024613 PSNR:  21.56473574723092
epoch:  18000 loss:  0.0010979929938912392 PSNR:  21.4196009949754
epoch:  18200 loss:  0.0010901096975430846 PSNR:  21.375647357290397
epoch:  18400 loss:  0.0012676361948251724 PSNR:  21.41470727687274
epoch:  18600 loss:  0.001123845111578703 PSNR:  21.493502011844118
epoch:  18800 loss:  0.0013190277386456728 PSNR:  21.503088248552345
epoch:  19000 loss:  0.0011669698869809508 PSNR:  21.438908951953625
epoch:  19200 loss:  0.0011789989657700062 PSNR:  21.24710012346145
epoch:  19400 loss:  0.0012102671898901463 PSNR:  21.304003426006876
epoch:  19600 loss:  0.0011119162663817406 PSNR:  21.37116698725083
epoch:  19800 loss:  0.0011146850883960724 PSNR:  21.285540050642915
epoch:  20000 loss:  0.0012148403329774737 PSNR:  21.466822129248865
epoch:  20200 loss:  0.0010770319495350122 PSNR:  21.31663514307244
epoch:  20400 loss:  0.00113517208956182 PSNR:  21.374355877369638
epoch:  20600 loss:  0.001221640850417316 PSNR:  21.242982175918517
epoch:  20800 loss:  0.0011185810435563326 PSNR:  21.218664582996908
epoch:  21000 loss:  0.001108601805754006 PSNR:  21.458141297044783
epoch:  21200 loss:  0.0010885810479521751 PSNR:  21.287274572148643
epoch:  21400 loss:  0.0011556115932762623 PSNR:  21.302404693088622
epoch:  21600 loss:  0.001056903274729848 PSNR:  21.420947517353923
epoch:  21800 loss:  0.0010242073331028223 PSNR:  21.382541743938006
epoch:  22000 loss:  0.0010791687527671456 PSNR:  21.416629521702355
epoch:  22200 loss:  0.0011549158953130245 PSNR:  21.378928993903607
epoch:  22400 loss:  0.0010771357920020819 PSNR:  21.470891823316002
epoch:  22600 loss:  0.0010673943907022476 PSNR:  21.39834566839994
epoch:  22800 loss:  0.0010731006041169167 PSNR:  21.34350284929061
epoch:  23000 loss:  0.001022730371914804 PSNR:  21.448361193981043
epoch:  23200 loss:  0.001073561841621995 PSNR:  21.439413739445943
epoch:  23400 loss:  0.0011884160339832306 PSNR:  21.385643284774886
epoch:  23600 loss:  0.001038696151226759 PSNR:  21.381207074883992
epoch:  23800 loss:  0.0010262411087751389 PSNR:  21.478505114690506
epoch:  24000 loss:  0.0010190061293542385 PSNR:  21.387311929300267
epoch:  24200 loss:  0.0009810210904106498 PSNR:  21.33769477641032
epoch:  24400 loss:  0.0010002786293625832 PSNR:  21.36638429848348
epoch:  24600 loss:  0.0010384086053818464 PSNR:  21.401339001007038
epoch:  24800 loss:  0.001014905283227563 PSNR:  21.445611462115522
epoch:  25000 loss:  0.0010187785374000669 PSNR:  21.361177724482236
epoch:  25200 loss:  0.0010151994647458196 PSNR:  21.401620770259917
epoch:  25400 loss:  0.0009298556251451373 PSNR:  21.303895296414016
epoch:  25600 loss:  0.0010547342244535685 PSNR:  21.14871290752712
epoch:  25800 loss:  0.0009742103866301477 PSNR:  21.328558362362912
epoch:  26000 loss:  0.0010295521933585405 PSNR:  21.38963284510111
epoch:  26200 loss:  0.000974484602920711 PSNR:  21.318203784111205
epoch:  26400 loss:  0.0010570650920271873 PSNR:  21.5478891241774
epoch:  26600 loss:  0.000936846889089793 PSNR:  21.375341175481356
epoch:  26800 loss:  0.0009518421138636768 PSNR:  21.245600864635044
epoch:  27000 loss:  0.0009337010560557246 PSNR:  21.381756627525693
epoch:  27200 loss:  0.00100178481079638 PSNR:  21.32602256567901
epoch:  27400 loss:  0.0009424053132534027 PSNR:  21.25043651087654
epoch:  27600 loss:  0.000892535550519824 PSNR:  21.29486587795857
epoch:  27800 loss:  0.0008796515758149326 PSNR:  21.326328858072362
epoch:  28000 loss:  0.0009021965088322759 PSNR:  21.363736628794673
epoch:  28200 loss:  0.0009423621813766658 PSNR:  21.33533130984091
epoch:  28400 loss:  0.0008568960474804044 PSNR:  21.273816626060572
epoch:  28600 loss:  0.0009736907086335123 PSNR:  21.263879445252446
epoch:  28800 loss:  0.0008879562374204397 PSNR:  21.329270474526215
epoch:  29000 loss:  0.0009462999878451228 PSNR:  21.22913235136314
epoch:  29200 loss:  0.0008295829757116735 PSNR:  21.360454552416194
epoch:  29400 loss:  0.0009031150257214904 PSNR:  21.1483859576561
epoch:  29600 loss:  0.0009628319530747831 PSNR:  21.38940114326712
epoch:  29800 loss:  0.0010088152484968305 PSNR:  21.208675813853787
epoch:  30000 loss:  0.0009505507769063115 PSNR:  21.224898135205372
epoch:  30200 loss:  0.000920584425330162 PSNR:  21.191710468400238
epoch:  30400 loss:  0.0008875953499227762 PSNR:  21.224213923155773
epoch:  30600 loss:  0.0009085850324481726 PSNR:  21.2695676273489
epoch:  30800 loss:  0.0008902307017706335 PSNR:  21.276204904054904
epoch:  31000 loss:  0.0009439272689633071 PSNR:  21.28235618694232
epoch:  31200 loss:  0.0009344802238047123 PSNR:  21.113549526626592
epoch:  31400 loss:  0.0008332032593898475 PSNR:  21.296667643495894
epoch:  31600 loss:  0.0008551395731046796 PSNR:  21.193443846226753
epoch:  31800 loss:  0.00084165099542588 PSNR:  21.243980124062404
epoch:  32000 loss:  0.0008190476801246405 PSNR:  21.238648905380586
epoch:  32200 loss:  0.0008635863196104765 PSNR:  21.293608818647524
epoch:  32400 loss:  0.0009378059185110033 PSNR:  21.261696951664423
epoch:  32600 loss:  0.0008423919789493084 PSNR:  21.31905202301548
epoch:  32800 loss:  0.0009186830138787627 PSNR:  21.293341052631444
epoch:  33000 loss:  0.000833032070659101 PSNR:  21.257835308954323
epoch:  33200 loss:  0.000828325399197638 PSNR:  21.225111303222892
epoch:  33400 loss:  0.0008291458943858743 PSNR:  21.261234032932187
epoch:  33600 loss:  0.0008560556452721357 PSNR:  21.338588942801792
epoch:  33800 loss:  0.0008161072037182748 PSNR:  21.22867530582206
epoch:  34000 loss:  0.0009215512545779347 PSNR:  21.395664224621406
epoch:  34200 loss:  0.0007997479988262057 PSNR:  21.21828815024474
epoch:  34400 loss:  0.0007997850188985467 PSNR:  21.2574611388876
epoch:  34600 loss:  0.0007753147510811687 PSNR:  21.251944455175618
epoch:  34800 loss:  0.0008658429142087698 PSNR:  21.2532769532805
epoch:  35000 loss:  0.0009499164298176765 PSNR:  21.14263082404525
epoch:  35200 loss:  0.000782686984166503 PSNR:  21.31972503323751
epoch:  35400 loss:  0.0008039294043555856 PSNR:  21.347456074245763
epoch:  35600 loss:  0.0008215935667976737 PSNR:  21.20850672410356
epoch:  35800 loss:  0.0008722130442038178 PSNR:  21.264842969257877
epoch:  36000 loss:  0.000825504248496145 PSNR:  21.28212796471511
epoch:  36200 loss:  0.000768372556194663 PSNR:  21.216402461667265
epoch:  36400 loss:  0.000794411520473659 PSNR:  21.260269957572277
epoch:  36600 loss:  0.0007873451104387641 PSNR:  21.293697351226434
epoch:  36800 loss:  0.000846411450766027 PSNR:  21.267823914401678
epoch:  37000 loss:  0.0008053476922214031 PSNR:  21.234203603579868
epoch:  37200 loss:  0.0007756580598652363 PSNR:  21.1968990920264
epoch:  37400 loss:  0.0008093919605016708 PSNR:  21.25061668132841
epoch:  37600 loss:  0.0008269145037047565 PSNR:  21.12380833522998
epoch:  37800 loss:  0.0008263905765488744 PSNR:  21.450459091500868
epoch:  38000 loss:  0.000801093818154186 PSNR:  21.13914696271926
epoch:  38200 loss:  0.0007707697222940624 PSNR:  21.235624745033533
epoch:  38400 loss:  0.0007820789469406009 PSNR:  21.29423321615448
epoch:  38600 loss:  0.0007821745239198208 PSNR:  21.277257465220746
epoch:  38800 loss:  0.0007546935230493546 PSNR:  21.282409168817466
epoch:  39000 loss:  0.0008457897929474711 PSNR:  21.21802900355799
epoch:  39200 loss:  0.0007427948294207454 PSNR:  21.24480105848579
epoch:  39400 loss:  0.0007809711387380958 PSNR:  21.305780031155827
epoch:  39600 loss:  0.0009130103862844408 PSNR:  21.13405992472815
epoch:  39800 loss:  0.0007634101784788072 PSNR:  21.149945052600124
Output directory: data/denoising/Set14/mask/12/pai/grasp_local/sparse_0.95
PSNR of output image is:  21.149945052600124
(3, 256, 256) (1, 3, 256, 256) (3, 256, 256)
Experiment done
