(3, 512, 512)
Starting random mask  training on 11 using ADAM(sigma=0.1,lr=0.01,decay=0,beta=0)
Noisy PSNR is '20.31321166126512'
1.1.1.weight         | nonzeros =   10239 /   12800             ( 79.99%) | total_pruned =    2561 | shape = torch.Size([16, 32, 5, 5])
1.1.1.bias           | nonzeros =      11 /      16             ( 68.75%) | total_pruned =       5 | shape = torch.Size([16])
1.2.weight           | nonzeros =      11 /      16             ( 68.75%) | total_pruned =       5 | shape = torch.Size([16])
1.2.bias             | nonzeros =       0 /      16             (  0.00%) | total_pruned =      16 | shape = torch.Size([16])
1.4.1.weight         | nonzeros =    5119 /    6400             ( 79.98%) | total_pruned =    1281 | shape = torch.Size([16, 16, 5, 5])
1.4.1.bias           | nonzeros =      11 /      16             ( 68.75%) | total_pruned =       5 | shape = torch.Size([16])
1.5.weight           | nonzeros =      11 /      16             ( 68.75%) | total_pruned =       5 | shape = torch.Size([16])
1.5.bias             | nonzeros =       0 /      16             (  0.00%) | total_pruned =      16 | shape = torch.Size([16])
1.7.1.1.1.weight     | nonzeros =   10239 /   12800             ( 79.99%) | total_pruned =    2561 | shape = torch.Size([32, 16, 5, 5])
1.7.1.1.1.bias       | nonzeros =      24 /      32             ( 75.00%) | total_pruned =       8 | shape = torch.Size([32])
1.7.1.2.weight       | nonzeros =      24 /      32             ( 75.00%) | total_pruned =       8 | shape = torch.Size([32])
1.7.1.2.bias         | nonzeros =       0 /      32             (  0.00%) | total_pruned =      32 | shape = torch.Size([32])
1.7.1.4.1.weight     | nonzeros =   20479 /   25600             ( 80.00%) | total_pruned =    5121 | shape = torch.Size([32, 32, 5, 5])
1.7.1.4.1.bias       | nonzeros =      24 /      32             ( 75.00%) | total_pruned =       8 | shape = torch.Size([32])
1.7.1.5.weight       | nonzeros =      24 /      32             ( 75.00%) | total_pruned =       8 | shape = torch.Size([32])
1.7.1.5.bias         | nonzeros =       0 /      32             (  0.00%) | total_pruned =      32 | shape = torch.Size([32])
1.7.1.7.1.1.1.weight | nonzeros =   40959 /   51200             ( 80.00%) | total_pruned =   10241 | shape = torch.Size([64, 32, 5, 5])
1.7.1.7.1.1.1.bias   | nonzeros =      49 /      64             ( 76.56%) | total_pruned =      15 | shape = torch.Size([64])
1.7.1.7.1.2.weight   | nonzeros =      50 /      64             ( 78.12%) | total_pruned =      14 | shape = torch.Size([64])
1.7.1.7.1.2.bias     | nonzeros =       0 /      64             (  0.00%) | total_pruned =      64 | shape = torch.Size([64])
1.7.1.7.1.4.1.weight | nonzeros =   81919 /  102400             ( 80.00%) | total_pruned =   20481 | shape = torch.Size([64, 64, 5, 5])
1.7.1.7.1.4.1.bias   | nonzeros =      50 /      64             ( 78.12%) | total_pruned =      14 | shape = torch.Size([64])
1.7.1.7.1.5.weight   | nonzeros =      50 /      64             ( 78.12%) | total_pruned =      14 | shape = torch.Size([64])
1.7.1.7.1.5.bias     | nonzeros =       0 /      64             (  0.00%) | total_pruned =      64 | shape = torch.Size([64])
1.7.1.7.1.7.1.1.1.weight | nonzeros =  163839 /  204800             ( 80.00%) | total_pruned =   40961 | shape = torch.Size([128, 64, 5, 5])
1.7.1.7.1.7.1.1.1.bias | nonzeros =     101 /     128             ( 78.91%) | total_pruned =      27 | shape = torch.Size([128])
1.7.1.7.1.7.1.2.weight | nonzeros =     101 /     128             ( 78.91%) | total_pruned =      27 | shape = torch.Size([128])
1.7.1.7.1.7.1.2.bias | nonzeros =       0 /     128             (  0.00%) | total_pruned =     128 | shape = torch.Size([128])
1.7.1.7.1.7.1.4.1.weight | nonzeros =  327679 /  409600             ( 80.00%) | total_pruned =   81921 | shape = torch.Size([128, 128, 5, 5])
1.7.1.7.1.7.1.4.1.bias | nonzeros =     100 /     128             ( 78.12%) | total_pruned =      28 | shape = torch.Size([128])
1.7.1.7.1.7.1.5.weight | nonzeros =     101 /     128             ( 78.91%) | total_pruned =      27 | shape = torch.Size([128])
1.7.1.7.1.7.1.5.bias | nonzeros =       0 /     128             (  0.00%) | total_pruned =     128 | shape = torch.Size([128])
1.7.1.7.1.7.1.7.1.1.1.weight | nonzeros =  327679 /  409600             ( 80.00%) | total_pruned =   81921 | shape = torch.Size([128, 128, 5, 5])
1.7.1.7.1.7.1.7.1.1.1.bias | nonzeros =     101 /     128             ( 78.91%) | total_pruned =      27 | shape = torch.Size([128])
1.7.1.7.1.7.1.7.1.2.weight | nonzeros =     101 /     128             ( 78.91%) | total_pruned =      27 | shape = torch.Size([128])
1.7.1.7.1.7.1.7.1.2.bias | nonzeros =       0 /     128             (  0.00%) | total_pruned =     128 | shape = torch.Size([128])
1.7.1.7.1.7.1.7.1.4.1.weight | nonzeros =  327679 /  409600             ( 80.00%) | total_pruned =   81921 | shape = torch.Size([128, 128, 5, 5])
1.7.1.7.1.7.1.7.1.4.1.bias | nonzeros =     101 /     128             ( 78.91%) | total_pruned =      27 | shape = torch.Size([128])
1.7.1.7.1.7.1.7.1.5.weight | nonzeros =     101 /     128             ( 78.91%) | total_pruned =      27 | shape = torch.Size([128])
1.7.1.7.1.7.1.7.1.5.bias | nonzeros =       0 /     128             (  0.00%) | total_pruned =     128 | shape = torch.Size([128])
1.7.1.7.1.7.1.7.1.7.1.1.1.weight | nonzeros =  327679 /  409600             ( 80.00%) | total_pruned =   81921 | shape = torch.Size([128, 128, 5, 5])
1.7.1.7.1.7.1.7.1.7.1.1.1.bias | nonzeros =     101 /     128             ( 78.91%) | total_pruned =      27 | shape = torch.Size([128])
1.7.1.7.1.7.1.7.1.7.1.2.weight | nonzeros =     101 /     128             ( 78.91%) | total_pruned =      27 | shape = torch.Size([128])
1.7.1.7.1.7.1.7.1.7.1.2.bias | nonzeros =       0 /     128             (  0.00%) | total_pruned =     128 | shape = torch.Size([128])
1.7.1.7.1.7.1.7.1.7.1.4.1.weight | nonzeros =  327679 /  409600             ( 80.00%) | total_pruned =   81921 | shape = torch.Size([128, 128, 5, 5])
1.7.1.7.1.7.1.7.1.7.1.4.1.bias | nonzeros =      97 /     128             ( 75.78%) | total_pruned =      31 | shape = torch.Size([128])
1.7.1.7.1.7.1.7.1.7.1.5.weight | nonzeros =     101 /     128             ( 78.91%) | total_pruned =      27 | shape = torch.Size([128])
1.7.1.7.1.7.1.7.1.7.1.5.bias | nonzeros =       0 /     128             (  0.00%) | total_pruned =     128 | shape = torch.Size([128])
1.7.1.7.1.7.1.7.1.7.2.weight | nonzeros =     101 /     128             ( 78.91%) | total_pruned =      27 | shape = torch.Size([128])
1.7.1.7.1.7.1.7.1.7.2.bias | nonzeros =       0 /     128             (  0.00%) | total_pruned =     128 | shape = torch.Size([128])
1.7.1.7.1.7.1.7.1.7.3.1.weight | nonzeros =  117963 /  147456             ( 80.00%) | total_pruned =   29493 | shape = torch.Size([128, 128, 3, 3])
1.7.1.7.1.7.1.7.1.7.3.1.bias | nonzeros =     101 /     128             ( 78.91%) | total_pruned =      27 | shape = torch.Size([128])
1.7.1.7.1.7.1.7.1.7.4.weight | nonzeros =     101 /     128             ( 78.91%) | total_pruned =      27 | shape = torch.Size([128])
1.7.1.7.1.7.1.7.1.7.4.bias | nonzeros =       0 /     128             (  0.00%) | total_pruned =     128 | shape = torch.Size([128])
1.7.1.7.1.7.1.7.2.weight | nonzeros =     101 /     128             ( 78.91%) | total_pruned =      27 | shape = torch.Size([128])
1.7.1.7.1.7.1.7.2.bias | nonzeros =       0 /     128             (  0.00%) | total_pruned =     128 | shape = torch.Size([128])
1.7.1.7.1.7.1.7.3.1.weight | nonzeros =  117963 /  147456             ( 80.00%) | total_pruned =   29493 | shape = torch.Size([128, 128, 3, 3])
1.7.1.7.1.7.1.7.3.1.bias | nonzeros =     101 /     128             ( 78.91%) | total_pruned =      27 | shape = torch.Size([128])
1.7.1.7.1.7.1.7.4.weight | nonzeros =     101 /     128             ( 78.91%) | total_pruned =      27 | shape = torch.Size([128])
1.7.1.7.1.7.1.7.4.bias | nonzeros =       0 /     128             (  0.00%) | total_pruned =     128 | shape = torch.Size([128])
1.7.1.7.1.7.2.weight | nonzeros =     101 /     128             ( 78.91%) | total_pruned =      27 | shape = torch.Size([128])
1.7.1.7.1.7.2.bias   | nonzeros =       0 /     128             (  0.00%) | total_pruned =     128 | shape = torch.Size([128])
1.7.1.7.1.7.3.1.weight | nonzeros =  117963 /  147456             ( 80.00%) | total_pruned =   29493 | shape = torch.Size([128, 128, 3, 3])
1.7.1.7.1.7.3.1.bias | nonzeros =     101 /     128             ( 78.91%) | total_pruned =      27 | shape = torch.Size([128])
1.7.1.7.1.7.4.weight | nonzeros =     101 /     128             ( 78.91%) | total_pruned =      27 | shape = torch.Size([128])
1.7.1.7.1.7.4.bias   | nonzeros =       0 /     128             (  0.00%) | total_pruned =     128 | shape = torch.Size([128])
1.7.1.7.2.weight     | nonzeros =     101 /     128             ( 78.91%) | total_pruned =      27 | shape = torch.Size([128])
1.7.1.7.2.bias       | nonzeros =       0 /     128             (  0.00%) | total_pruned =     128 | shape = torch.Size([128])
1.7.1.7.3.1.weight   | nonzeros =   58981 /   73728             ( 80.00%) | total_pruned =   14747 | shape = torch.Size([64, 128, 3, 3])
1.7.1.7.3.1.bias     | nonzeros =      50 /      64             ( 78.12%) | total_pruned =      14 | shape = torch.Size([64])
1.7.1.7.4.weight     | nonzeros =      50 /      64             ( 78.12%) | total_pruned =      14 | shape = torch.Size([64])
1.7.1.7.4.bias       | nonzeros =       0 /      64             (  0.00%) | total_pruned =      64 | shape = torch.Size([64])
1.7.2.weight         | nonzeros =      50 /      64             ( 78.12%) | total_pruned =      14 | shape = torch.Size([64])
1.7.2.bias           | nonzeros =       0 /      64             (  0.00%) | total_pruned =      64 | shape = torch.Size([64])
1.7.3.1.weight       | nonzeros =   14744 /   18432             ( 79.99%) | total_pruned =    3688 | shape = torch.Size([32, 64, 3, 3])
1.7.3.1.bias         | nonzeros =      24 /      32             ( 75.00%) | total_pruned =       8 | shape = torch.Size([32])
1.7.4.weight         | nonzeros =      24 /      32             ( 75.00%) | total_pruned =       8 | shape = torch.Size([32])
1.7.4.bias           | nonzeros =       0 /      32             (  0.00%) | total_pruned =      32 | shape = torch.Size([32])
2.weight             | nonzeros =      24 /      32             ( 75.00%) | total_pruned =       8 | shape = torch.Size([32])
2.bias               | nonzeros =       0 /      32             (  0.00%) | total_pruned =      32 | shape = torch.Size([32])
3.1.weight           | nonzeros =    3685 /    4608             ( 79.97%) | total_pruned =     923 | shape = torch.Size([16, 32, 3, 3])
3.1.bias             | nonzeros =      11 /      16             ( 68.75%) | total_pruned =       5 | shape = torch.Size([16])
4.weight             | nonzeros =      11 /      16             ( 68.75%) | total_pruned =       5 | shape = torch.Size([16])
4.bias               | nonzeros =       0 /      16             (  0.00%) | total_pruned =      16 | shape = torch.Size([16])
6.1.weight           | nonzeros =      37 /      48             ( 77.08%) | total_pruned =      11 | shape = torch.Size([3, 16, 1, 1])
6.1.bias             | nonzeros =       1 /       3             ( 33.33%) | total_pruned =       2 | shape = torch.Size([3])
alive: 2405325, pruned : 603542, total: 3008867, Compression rate :       1.25x  ( 20.06% pruned)
Initial PSNR of output image is:  11.644374302416738
epoch:  0 loss:  0.07379930466413498 PSNR:  11.644374302416738
epoch:  200 loss:  0.027275528758764267 PSNR:  17.032907313744033
epoch:  400 loss:  0.01641349494457245 PSNR:  21.094496680833306
epoch:  600 loss:  0.013261482119560242 PSNR:  23.42946853788748
epoch:  800 loss:  0.011662631295621395 PSNR:  25.24092560127879
epoch:  1000 loss:  0.011125205084681511 PSNR:  25.874522096355378
epoch:  1200 loss:  0.010884681716561317 PSNR:  26.16149280266678
epoch:  1400 loss:  0.010246499441564083 PSNR:  27.220855955080722
epoch:  1600 loss:  0.010013163089752197 PSNR:  27.52062503925466
epoch:  1800 loss:  0.009788202121853828 PSNR:  27.83065103011367
epoch:  2000 loss:  0.00958438403904438 PSNR:  27.99605791328432
epoch:  2200 loss:  0.009557700715959072 PSNR:  27.821320137908124
epoch:  2400 loss:  0.009328942745923996 PSNR:  27.956711454183363
epoch:  2600 loss:  0.00930333323776722 PSNR:  27.891336829335472
epoch:  2800 loss:  0.009126418270170689 PSNR:  28.045196160342933
epoch:  3000 loss:  0.009090257808566093 PSNR:  27.824309136615405
epoch:  3200 loss:  0.0088812205940485 PSNR:  27.98481138935657
epoch:  3400 loss:  0.008698760531842709 PSNR:  28.054116078596245
epoch:  3600 loss:  0.008748172782361507 PSNR:  27.64313983042401
epoch:  3800 loss:  0.008540629409253597 PSNR:  27.77167404124131
epoch:  4000 loss:  0.00859491340816021 PSNR:  27.466554432422143
epoch:  4200 loss:  0.016267884522676468 PSNR:  21.181932633791966
epoch:  4400 loss:  0.012711254879832268 PSNR:  24.025354143301264
epoch:  4600 loss:  0.011535381898283958 PSNR:  25.427941101113447
epoch:  4800 loss:  0.010921403765678406 PSNR:  26.26440893920273
epoch:  5000 loss:  0.01048735436052084 PSNR:  26.920381077382256
epoch:  5200 loss:  0.010259140282869339 PSNR:  27.23547434998638
epoch:  5400 loss:  0.010103229433298111 PSNR:  27.357592475692346
epoch:  5600 loss:  0.009963457472622395 PSNR:  27.449313291553157
epoch:  5800 loss:  0.009854009374976158 PSNR:  27.58089150165956
epoch:  6000 loss:  0.009675553999841213 PSNR:  27.726660950641183
epoch:  6200 loss:  0.009413734078407288 PSNR:  28.127989750400893
epoch:  6400 loss:  0.00930550042539835 PSNR:  28.089236627203572
epoch:  6600 loss:  0.009299851953983307 PSNR:  27.81691970388197
epoch:  6800 loss:  0.009123491123318672 PSNR:  28.10275089253071
epoch:  7000 loss:  0.009123141877353191 PSNR:  27.73652324200906
epoch:  7200 loss:  0.009229383431375027 PSNR:  27.364708194133904
epoch:  7400 loss:  0.00889311358332634 PSNR:  27.980633793803232
epoch:  7600 loss:  0.008859693072736263 PSNR:  27.86546661450899
epoch:  7800 loss:  0.008733697235584259 PSNR:  27.962611224199687
epoch:  8000 loss:  0.008677857927978039 PSNR:  27.914652736385825
epoch:  8200 loss:  0.008636996150016785 PSNR:  27.74377762836791
epoch:  8400 loss:  0.008537343703210354 PSNR:  27.724215862730325
epoch:  8600 loss:  0.008510135114192963 PSNR:  27.68611493107411
epoch:  8800 loss:  0.008412796072661877 PSNR:  27.626990274719763
epoch:  9000 loss:  0.00842801108956337 PSNR:  27.568471707649387
epoch:  9200 loss:  0.008479738608002663 PSNR:  27.18299642096632
epoch:  9400 loss:  0.008297477848827839 PSNR:  27.419209575249283
epoch:  9600 loss:  0.008269607089459896 PSNR:  27.29439050742986
epoch:  9800 loss:  0.00821014679968357 PSNR:  27.32796188479852
epoch:  10000 loss:  0.008214626461267471 PSNR:  27.26593164515559
epoch:  10200 loss:  0.008165689185261726 PSNR:  27.109103165489365
epoch:  10400 loss:  0.008143658749759197 PSNR:  27.132214110154944
epoch:  10600 loss:  0.008106278255581856 PSNR:  27.055026479967257
epoch:  10800 loss:  0.007986395619809628 PSNR:  27.053951872030343
epoch:  11000 loss:  0.007953082211315632 PSNR:  26.984189421198973
epoch:  11200 loss:  0.007950127124786377 PSNR:  27.00027032276294
epoch:  11400 loss:  0.007864614948630333 PSNR:  26.991128350451916
epoch:  11600 loss:  0.007845626212656498 PSNR:  26.904821804219292
epoch:  11800 loss:  0.01060116570442915 PSNR:  26.675982582488686
epoch:  12000 loss:  0.009643875993788242 PSNR:  27.830669745135076
epoch:  12200 loss:  0.009230605326592922 PSNR:  27.99286430524021
epoch:  12400 loss:  0.00901428796350956 PSNR:  27.90675215797158
epoch:  12600 loss:  0.008721809834241867 PSNR:  27.857203300656018
epoch:  12800 loss:  0.008606929332017899 PSNR:  27.643964125142336
epoch:  13000 loss:  0.008521169424057007 PSNR:  27.381065530925817
epoch:  13200 loss:  0.008321942761540413 PSNR:  27.567784058931373
epoch:  13400 loss:  0.008221158757805824 PSNR:  27.434690996749698
epoch:  13600 loss:  0.008202449418604374 PSNR:  27.067637306421165
epoch:  13800 loss:  0.00809565745294094 PSNR:  27.100334393848552
epoch:  14000 loss:  0.008046170696616173 PSNR:  27.07930978745699
epoch:  14200 loss:  0.008042505010962486 PSNR:  26.858139180165573
epoch:  14400 loss:  0.007893219590187073 PSNR:  26.956391014134148
epoch:  14600 loss:  0.007861149497330189 PSNR:  26.85043977508039
epoch:  14800 loss:  0.007832343690097332 PSNR:  26.55905768119322
epoch:  15000 loss:  0.007764519192278385 PSNR:  26.77694298333718
epoch:  15200 loss:  0.007744045462459326 PSNR:  26.57485268796648
epoch:  15400 loss:  0.007721789181232452 PSNR:  26.38602097122351
epoch:  15600 loss:  0.0076108407229185104 PSNR:  26.572519384311867
epoch:  15800 loss:  0.007597210817039013 PSNR:  26.48593694298953
epoch:  16000 loss:  0.0075910016894340515 PSNR:  26.26239093355972
epoch:  16200 loss:  0.007552606053650379 PSNR:  26.35492043347005
epoch:  16400 loss:  0.007553920149803162 PSNR:  26.198978735314483
epoch:  16600 loss:  0.0074615320190787315 PSNR:  26.26795105634525
epoch:  16800 loss:  0.007484172470867634 PSNR:  26.258836255463976
epoch:  17000 loss:  0.007531493436545134 PSNR:  26.218522067919295
epoch:  17200 loss:  0.007349458988755941 PSNR:  26.24613996510889
epoch:  17400 loss:  0.007418052759021521 PSNR:  26.126559357805107
epoch:  17600 loss:  0.0074264006689190865 PSNR:  26.060853826919907
epoch:  17800 loss:  0.007347726728767157 PSNR:  26.060187230944514
epoch:  18000 loss:  0.007303605787456036 PSNR:  26.09224101221217
epoch:  18200 loss:  0.0073373569175601006 PSNR:  26.052026972974176
epoch:  18400 loss:  0.007274982985109091 PSNR:  26.05838022146132
epoch:  18600 loss:  0.007325464393943548 PSNR:  25.743170473689283
epoch:  18800 loss:  0.00722083542495966 PSNR:  25.986106779773642
epoch:  19000 loss:  0.00722479959949851 PSNR:  25.955701404425255
epoch:  19200 loss:  0.007225410081446171 PSNR:  25.87486705139365
epoch:  19400 loss:  0.007192364893853664 PSNR:  25.989150665677418
epoch:  19600 loss:  0.007232371252030134 PSNR:  25.883043697416603
epoch:  19800 loss:  0.007304851897060871 PSNR:  25.807775648377167
epoch:  20000 loss:  0.007116302847862244 PSNR:  25.811264358564138
epoch:  20200 loss:  0.007191689684987068 PSNR:  25.5239195753234
epoch:  20400 loss:  0.007136396132409573 PSNR:  25.68510258477655
epoch:  20600 loss:  0.0071931639686226845 PSNR:  25.725054828559905
epoch:  20800 loss:  0.007068765349686146 PSNR:  25.698695049159326
epoch:  21000 loss:  0.007106692995876074 PSNR:  25.729479166950323
epoch:  21200 loss:  0.0071717663668096066 PSNR:  25.671646584791826
epoch:  21400 loss:  0.007054723799228668 PSNR:  25.745112495091803
epoch:  21600 loss:  0.007143937051296234 PSNR:  25.63518218785554
epoch:  21800 loss:  0.007102053612470627 PSNR:  25.607940726653734
epoch:  22000 loss:  0.007057047449052334 PSNR:  25.553273168596057
epoch:  22200 loss:  0.007001797668635845 PSNR:  25.695987638883114
epoch:  22400 loss:  0.007028496824204922 PSNR:  25.583281447073368
epoch:  22600 loss:  0.007007522042840719 PSNR:  25.591106558831342
epoch:  22800 loss:  0.007008684333413839 PSNR:  25.584909586501023
epoch:  23000 loss:  0.007012743502855301 PSNR:  25.45652274413017
epoch:  23200 loss:  0.006951604038476944 PSNR:  25.50059471963614
epoch:  23400 loss:  0.00704627251252532 PSNR:  25.634146345240453
epoch:  23600 loss:  0.006920830812305212 PSNR:  25.599289729877693
epoch:  23800 loss:  0.0069387368857860565 PSNR:  25.625828599338366
epoch:  24000 loss:  0.006946842651814222 PSNR:  25.484912945515582
epoch:  24200 loss:  0.006929028779268265 PSNR:  25.495326044981553
epoch:  24400 loss:  0.006952925585210323 PSNR:  25.500409928169887
epoch:  24600 loss:  0.006910981144756079 PSNR:  25.508477741879624
epoch:  24800 loss:  0.006888501346111298 PSNR:  25.51255073867937
epoch:  25000 loss:  0.006906026974320412 PSNR:  25.48935004675913
epoch:  25200 loss:  0.006897484418004751 PSNR:  25.52721960325605
epoch:  25400 loss:  0.006905668880790472 PSNR:  25.374827058751176
epoch:  25600 loss:  0.0068874843418598175 PSNR:  25.479076215565
epoch:  25800 loss:  0.006875049322843552 PSNR:  25.338852038840535
epoch:  26000 loss:  0.006845874711871147 PSNR:  25.46637196379202
epoch:  26200 loss:  0.006911037024110556 PSNR:  25.43826820357402
epoch:  26400 loss:  0.006855906918644905 PSNR:  25.31276699261152
epoch:  26600 loss:  0.006870634853839874 PSNR:  25.400617463606014
epoch:  26800 loss:  0.00685333926230669 PSNR:  25.330231378580343
epoch:  27000 loss:  0.0068405186757445335 PSNR:  25.38685869471322
epoch:  27200 loss:  0.006827406119555235 PSNR:  25.378731557212504
epoch:  27400 loss:  0.006872367113828659 PSNR:  25.256341064832633
epoch:  27600 loss:  0.006828274577856064 PSNR:  25.269319995510106
epoch:  27800 loss:  0.0067765540443360806 PSNR:  25.29178163341664
epoch:  28000 loss:  0.00675202114507556 PSNR:  25.34871175714669
epoch:  28200 loss:  0.006839133333414793 PSNR:  25.16290530168687
epoch:  28400 loss:  0.006836394779384136 PSNR:  25.3462004024328
epoch:  28600 loss:  0.00675538694486022 PSNR:  25.301965119149745
epoch:  28800 loss:  0.006843629293143749 PSNR:  25.27335889199723
epoch:  29000 loss:  0.006790136452764273 PSNR:  25.301096247791286
epoch:  29200 loss:  0.006854008883237839 PSNR:  25.301409844032538
epoch:  29400 loss:  0.0067710066214203835 PSNR:  25.27612013732238
epoch:  29600 loss:  0.006716563832014799 PSNR:  25.328228983874325
epoch:  29800 loss:  0.006744548678398132 PSNR:  25.25050257381899
epoch:  30000 loss:  0.006732487585395575 PSNR:  25.32975216857953
epoch:  30200 loss:  0.006711950059980154 PSNR:  25.268288579010104
epoch:  30400 loss:  0.006819901987910271 PSNR:  25.04553903670555
epoch:  30600 loss:  0.006746756844222546 PSNR:  25.205464808040436
epoch:  30800 loss:  0.006794904358685017 PSNR:  25.20654009320485
epoch:  31000 loss:  0.006711788009852171 PSNR:  25.21387569486455
epoch:  31200 loss:  0.0067398203536868095 PSNR:  25.21143974824127
epoch:  31400 loss:  0.0067548127844929695 PSNR:  25.18956680645017
epoch:  31600 loss:  0.006674404256045818 PSNR:  25.174211056082033
epoch:  31800 loss:  0.006685150787234306 PSNR:  25.238980169685487
epoch:  32000 loss:  0.006673708092421293 PSNR:  25.19886503240981
epoch:  32200 loss:  0.006713956594467163 PSNR:  25.25356761646656
epoch:  32400 loss:  0.00670951372012496 PSNR:  25.16156927829513
epoch:  32600 loss:  0.006681970786303282 PSNR:  25.239645445057516
epoch:  32800 loss:  0.006658595055341721 PSNR:  25.298200579757953
epoch:  33000 loss:  0.00669251149520278 PSNR:  25.157123364057895
epoch:  33200 loss:  0.006647185888141394 PSNR:  25.23759385922017
epoch:  33400 loss:  0.006639351602643728 PSNR:  25.243584110705104
epoch:  33600 loss:  0.006700854282826185 PSNR:  25.146866676557458
epoch:  33800 loss:  0.006659250240772963 PSNR:  25.229627779145915
epoch:  34000 loss:  0.0066487668082118034 PSNR:  25.179070687549338
epoch:  34200 loss:  0.0066408514976501465 PSNR:  25.16638321295548
epoch:  34400 loss:  0.006645255722105503 PSNR:  25.067763872446633
epoch:  34600 loss:  0.006648533046245575 PSNR:  25.11554099114205
epoch:  34800 loss:  0.006691875867545605 PSNR:  25.049724627474063
epoch:  35000 loss:  0.006795648485422134 PSNR:  24.956197095665082
epoch:  35200 loss:  0.006612533237785101 PSNR:  25.125632373420682
epoch:  35400 loss:  0.006652259733527899 PSNR:  25.097168874577804
epoch:  35600 loss:  0.0066160764545202255 PSNR:  25.044154318880757
epoch:  35800 loss:  0.0067173331044614315 PSNR:  24.841043528793307
epoch:  36000 loss:  0.006630233488976955 PSNR:  25.130461314948267
epoch:  36200 loss:  0.0066416896879673 PSNR:  25.033975376228902
epoch:  36400 loss:  0.006620542611926794 PSNR:  25.07353660327448
epoch:  36600 loss:  0.00668170815333724 PSNR:  25.122723703024604
epoch:  36800 loss:  0.006628984119743109 PSNR:  25.044046105920344
epoch:  37000 loss:  0.00662018358707428 PSNR:  24.980912075093432
epoch:  37200 loss:  0.006637450307607651 PSNR:  25.00681115702518
epoch:  37400 loss:  0.006577087100595236 PSNR:  25.102644916673857
epoch:  37600 loss:  0.0065881600603461266 PSNR:  25.015602276332956
epoch:  37800 loss:  0.00663365563377738 PSNR:  25.12749738206322
epoch:  38000 loss:  0.006566326599568129 PSNR:  24.9989833234562
epoch:  38200 loss:  0.006560273468494415 PSNR:  25.037428276954373
epoch:  38400 loss:  0.006617426406592131 PSNR:  24.941122207555054
epoch:  38600 loss:  0.006601209752261639 PSNR:  25.051016324936107
epoch:  38800 loss:  0.006563929375261068 PSNR:  25.107054717752327
epoch:  39000 loss:  0.006604479160159826 PSNR:  25.146475406784173
epoch:  39200 loss:  0.006582632195204496 PSNR:  24.999787406632116
epoch:  39400 loss:  0.006552021950483322 PSNR:  25.05993410949696
epoch:  39600 loss:  0.006561490707099438 PSNR:  25.097307849748553
epoch:  39800 loss:  0.006573761813342571 PSNR:  25.123405289007312
Output directory: data/denoising/Set14/mask/11/pai/grasp_local/sparse_0.8
PSNR of output image is:  25.123405289007312
(3, 512, 512) (1, 3, 512, 512) (3, 512, 512)
Experiment done
