(3, 512, 512)
Starting random mask  training on 10 using ADAM(sigma=0.1,lr=0.01,decay=0,beta=0)
Noisy PSNR is '20.167481340036794'
1.1.1.weight         | nonzeros =   10239 /   12800             ( 79.99%) | total_pruned =    2561 | shape = torch.Size([16, 32, 5, 5])
1.1.1.bias           | nonzeros =      11 /      16             ( 68.75%) | total_pruned =       5 | shape = torch.Size([16])
1.2.weight           | nonzeros =      11 /      16             ( 68.75%) | total_pruned =       5 | shape = torch.Size([16])
1.2.bias             | nonzeros =       0 /      16             (  0.00%) | total_pruned =      16 | shape = torch.Size([16])
1.4.1.weight         | nonzeros =    5119 /    6400             ( 79.98%) | total_pruned =    1281 | shape = torch.Size([16, 16, 5, 5])
1.4.1.bias           | nonzeros =      11 /      16             ( 68.75%) | total_pruned =       5 | shape = torch.Size([16])
1.5.weight           | nonzeros =      11 /      16             ( 68.75%) | total_pruned =       5 | shape = torch.Size([16])
1.5.bias             | nonzeros =       0 /      16             (  0.00%) | total_pruned =      16 | shape = torch.Size([16])
1.7.1.1.1.weight     | nonzeros =   10239 /   12800             ( 79.99%) | total_pruned =    2561 | shape = torch.Size([32, 16, 5, 5])
1.7.1.1.1.bias       | nonzeros =      24 /      32             ( 75.00%) | total_pruned =       8 | shape = torch.Size([32])
1.7.1.2.weight       | nonzeros =      24 /      32             ( 75.00%) | total_pruned =       8 | shape = torch.Size([32])
1.7.1.2.bias         | nonzeros =       0 /      32             (  0.00%) | total_pruned =      32 | shape = torch.Size([32])
1.7.1.4.1.weight     | nonzeros =   20479 /   25600             ( 80.00%) | total_pruned =    5121 | shape = torch.Size([32, 32, 5, 5])
1.7.1.4.1.bias       | nonzeros =      24 /      32             ( 75.00%) | total_pruned =       8 | shape = torch.Size([32])
1.7.1.5.weight       | nonzeros =      24 /      32             ( 75.00%) | total_pruned =       8 | shape = torch.Size([32])
1.7.1.5.bias         | nonzeros =       0 /      32             (  0.00%) | total_pruned =      32 | shape = torch.Size([32])
1.7.1.7.1.1.1.weight | nonzeros =   40959 /   51200             ( 80.00%) | total_pruned =   10241 | shape = torch.Size([64, 32, 5, 5])
1.7.1.7.1.1.1.bias   | nonzeros =      45 /      64             ( 70.31%) | total_pruned =      19 | shape = torch.Size([64])
1.7.1.7.1.2.weight   | nonzeros =      50 /      64             ( 78.12%) | total_pruned =      14 | shape = torch.Size([64])
1.7.1.7.1.2.bias     | nonzeros =       0 /      64             (  0.00%) | total_pruned =      64 | shape = torch.Size([64])
1.7.1.7.1.4.1.weight | nonzeros =   81919 /  102400             ( 80.00%) | total_pruned =   20481 | shape = torch.Size([64, 64, 5, 5])
1.7.1.7.1.4.1.bias   | nonzeros =      50 /      64             ( 78.12%) | total_pruned =      14 | shape = torch.Size([64])
1.7.1.7.1.5.weight   | nonzeros =      50 /      64             ( 78.12%) | total_pruned =      14 | shape = torch.Size([64])
1.7.1.7.1.5.bias     | nonzeros =       0 /      64             (  0.00%) | total_pruned =      64 | shape = torch.Size([64])
1.7.1.7.1.7.1.1.1.weight | nonzeros =  163839 /  204800             ( 80.00%) | total_pruned =   40961 | shape = torch.Size([128, 64, 5, 5])
1.7.1.7.1.7.1.1.1.bias | nonzeros =     101 /     128             ( 78.91%) | total_pruned =      27 | shape = torch.Size([128])
1.7.1.7.1.7.1.2.weight | nonzeros =     101 /     128             ( 78.91%) | total_pruned =      27 | shape = torch.Size([128])
1.7.1.7.1.7.1.2.bias | nonzeros =       0 /     128             (  0.00%) | total_pruned =     128 | shape = torch.Size([128])
1.7.1.7.1.7.1.4.1.weight | nonzeros =  327679 /  409600             ( 80.00%) | total_pruned =   81921 | shape = torch.Size([128, 128, 5, 5])
1.7.1.7.1.7.1.4.1.bias | nonzeros =     101 /     128             ( 78.91%) | total_pruned =      27 | shape = torch.Size([128])
1.7.1.7.1.7.1.5.weight | nonzeros =     101 /     128             ( 78.91%) | total_pruned =      27 | shape = torch.Size([128])
1.7.1.7.1.7.1.5.bias | nonzeros =       0 /     128             (  0.00%) | total_pruned =     128 | shape = torch.Size([128])
1.7.1.7.1.7.1.7.1.1.1.weight | nonzeros =  327679 /  409600             ( 80.00%) | total_pruned =   81921 | shape = torch.Size([128, 128, 5, 5])
1.7.1.7.1.7.1.7.1.1.1.bias | nonzeros =     101 /     128             ( 78.91%) | total_pruned =      27 | shape = torch.Size([128])
1.7.1.7.1.7.1.7.1.2.weight | nonzeros =     101 /     128             ( 78.91%) | total_pruned =      27 | shape = torch.Size([128])
1.7.1.7.1.7.1.7.1.2.bias | nonzeros =       0 /     128             (  0.00%) | total_pruned =     128 | shape = torch.Size([128])
1.7.1.7.1.7.1.7.1.4.1.weight | nonzeros =  327679 /  409600             ( 80.00%) | total_pruned =   81921 | shape = torch.Size([128, 128, 5, 5])
1.7.1.7.1.7.1.7.1.4.1.bias | nonzeros =     101 /     128             ( 78.91%) | total_pruned =      27 | shape = torch.Size([128])
1.7.1.7.1.7.1.7.1.5.weight | nonzeros =     101 /     128             ( 78.91%) | total_pruned =      27 | shape = torch.Size([128])
1.7.1.7.1.7.1.7.1.5.bias | nonzeros =       0 /     128             (  0.00%) | total_pruned =     128 | shape = torch.Size([128])
1.7.1.7.1.7.1.7.1.7.1.1.1.weight | nonzeros =  327679 /  409600             ( 80.00%) | total_pruned =   81921 | shape = torch.Size([128, 128, 5, 5])
1.7.1.7.1.7.1.7.1.7.1.1.1.bias | nonzeros =     101 /     128             ( 78.91%) | total_pruned =      27 | shape = torch.Size([128])
1.7.1.7.1.7.1.7.1.7.1.2.weight | nonzeros =     101 /     128             ( 78.91%) | total_pruned =      27 | shape = torch.Size([128])
1.7.1.7.1.7.1.7.1.7.1.2.bias | nonzeros =       0 /     128             (  0.00%) | total_pruned =     128 | shape = torch.Size([128])
1.7.1.7.1.7.1.7.1.7.1.4.1.weight | nonzeros =  327679 /  409600             ( 80.00%) | total_pruned =   81921 | shape = torch.Size([128, 128, 5, 5])
1.7.1.7.1.7.1.7.1.7.1.4.1.bias | nonzeros =     101 /     128             ( 78.91%) | total_pruned =      27 | shape = torch.Size([128])
1.7.1.7.1.7.1.7.1.7.1.5.weight | nonzeros =     101 /     128             ( 78.91%) | total_pruned =      27 | shape = torch.Size([128])
1.7.1.7.1.7.1.7.1.7.1.5.bias | nonzeros =       0 /     128             (  0.00%) | total_pruned =     128 | shape = torch.Size([128])
1.7.1.7.1.7.1.7.1.7.2.weight | nonzeros =     101 /     128             ( 78.91%) | total_pruned =      27 | shape = torch.Size([128])
1.7.1.7.1.7.1.7.1.7.2.bias | nonzeros =       0 /     128             (  0.00%) | total_pruned =     128 | shape = torch.Size([128])
1.7.1.7.1.7.1.7.1.7.3.1.weight | nonzeros =  117963 /  147456             ( 80.00%) | total_pruned =   29493 | shape = torch.Size([128, 128, 3, 3])
1.7.1.7.1.7.1.7.1.7.3.1.bias | nonzeros =     101 /     128             ( 78.91%) | total_pruned =      27 | shape = torch.Size([128])
1.7.1.7.1.7.1.7.1.7.4.weight | nonzeros =     101 /     128             ( 78.91%) | total_pruned =      27 | shape = torch.Size([128])
1.7.1.7.1.7.1.7.1.7.4.bias | nonzeros =       0 /     128             (  0.00%) | total_pruned =     128 | shape = torch.Size([128])
1.7.1.7.1.7.1.7.2.weight | nonzeros =     101 /     128             ( 78.91%) | total_pruned =      27 | shape = torch.Size([128])
1.7.1.7.1.7.1.7.2.bias | nonzeros =       0 /     128             (  0.00%) | total_pruned =     128 | shape = torch.Size([128])
1.7.1.7.1.7.1.7.3.1.weight | nonzeros =  117963 /  147456             ( 80.00%) | total_pruned =   29493 | shape = torch.Size([128, 128, 3, 3])
1.7.1.7.1.7.1.7.3.1.bias | nonzeros =     101 /     128             ( 78.91%) | total_pruned =      27 | shape = torch.Size([128])
1.7.1.7.1.7.1.7.4.weight | nonzeros =     101 /     128             ( 78.91%) | total_pruned =      27 | shape = torch.Size([128])
1.7.1.7.1.7.1.7.4.bias | nonzeros =       0 /     128             (  0.00%) | total_pruned =     128 | shape = torch.Size([128])
1.7.1.7.1.7.2.weight | nonzeros =     101 /     128             ( 78.91%) | total_pruned =      27 | shape = torch.Size([128])
1.7.1.7.1.7.2.bias   | nonzeros =       0 /     128             (  0.00%) | total_pruned =     128 | shape = torch.Size([128])
1.7.1.7.1.7.3.1.weight | nonzeros =  117963 /  147456             ( 80.00%) | total_pruned =   29493 | shape = torch.Size([128, 128, 3, 3])
1.7.1.7.1.7.3.1.bias | nonzeros =      96 /     128             ( 75.00%) | total_pruned =      32 | shape = torch.Size([128])
1.7.1.7.1.7.4.weight | nonzeros =     101 /     128             ( 78.91%) | total_pruned =      27 | shape = torch.Size([128])
1.7.1.7.1.7.4.bias   | nonzeros =       0 /     128             (  0.00%) | total_pruned =     128 | shape = torch.Size([128])
1.7.1.7.2.weight     | nonzeros =     101 /     128             ( 78.91%) | total_pruned =      27 | shape = torch.Size([128])
1.7.1.7.2.bias       | nonzeros =       0 /     128             (  0.00%) | total_pruned =     128 | shape = torch.Size([128])
1.7.1.7.3.1.weight   | nonzeros =   58981 /   73728             ( 80.00%) | total_pruned =   14747 | shape = torch.Size([64, 128, 3, 3])
1.7.1.7.3.1.bias     | nonzeros =      38 /      64             ( 59.38%) | total_pruned =      26 | shape = torch.Size([64])
1.7.1.7.4.weight     | nonzeros =      50 /      64             ( 78.12%) | total_pruned =      14 | shape = torch.Size([64])
1.7.1.7.4.bias       | nonzeros =       0 /      64             (  0.00%) | total_pruned =      64 | shape = torch.Size([64])
1.7.2.weight         | nonzeros =      50 /      64             ( 78.12%) | total_pruned =      14 | shape = torch.Size([64])
1.7.2.bias           | nonzeros =       0 /      64             (  0.00%) | total_pruned =      64 | shape = torch.Size([64])
1.7.3.1.weight       | nonzeros =   14744 /   18432             ( 79.99%) | total_pruned =    3688 | shape = torch.Size([32, 64, 3, 3])
1.7.3.1.bias         | nonzeros =      24 /      32             ( 75.00%) | total_pruned =       8 | shape = torch.Size([32])
1.7.4.weight         | nonzeros =      24 /      32             ( 75.00%) | total_pruned =       8 | shape = torch.Size([32])
1.7.4.bias           | nonzeros =       0 /      32             (  0.00%) | total_pruned =      32 | shape = torch.Size([32])
2.weight             | nonzeros =      24 /      32             ( 75.00%) | total_pruned =       8 | shape = torch.Size([32])
2.bias               | nonzeros =       0 /      32             (  0.00%) | total_pruned =      32 | shape = torch.Size([32])
3.1.weight           | nonzeros =    3685 /    4608             ( 79.97%) | total_pruned =     923 | shape = torch.Size([16, 32, 3, 3])
3.1.bias             | nonzeros =      11 /      16             ( 68.75%) | total_pruned =       5 | shape = torch.Size([16])
4.weight             | nonzeros =      11 /      16             ( 68.75%) | total_pruned =       5 | shape = torch.Size([16])
4.bias               | nonzeros =       0 /      16             (  0.00%) | total_pruned =      16 | shape = torch.Size([16])
6.1.weight           | nonzeros =      37 /      48             ( 77.08%) | total_pruned =      11 | shape = torch.Size([3, 16, 1, 1])
6.1.bias             | nonzeros =       1 /       3             ( 33.33%) | total_pruned =       2 | shape = torch.Size([3])
alive: 2405309, pruned : 603558, total: 3008867, Compression rate :       1.25x  ( 20.06% pruned)
Initial PSNR of output image is:  12.28743239968354
epoch:  0 loss:  0.06750407814979553 PSNR:  12.28743239968354
epoch:  200 loss:  0.020372901111841202 PSNR:  19.548923991670367
epoch:  400 loss:  0.018214471638202667 PSNR:  20.52737117862017
epoch:  600 loss:  0.015384545549750328 PSNR:  22.178882068144464
epoch:  800 loss:  0.01490075048059225 PSNR:  22.51043997645219
epoch:  1000 loss:  0.013840431347489357 PSNR:  23.33106920656302
epoch:  1200 loss:  0.01326682697981596 PSNR:  23.832751218236872
epoch:  1400 loss:  0.012863489799201488 PSNR:  24.175561608095588
epoch:  1600 loss:  0.012324431911110878 PSNR:  24.65835579322626
epoch:  1800 loss:  0.011819246225059032 PSNR:  25.08970410793352
epoch:  2000 loss:  0.01150723546743393 PSNR:  25.33404175451939
epoch:  2200 loss:  0.011231820099055767 PSNR:  25.488733789868085
epoch:  2400 loss:  0.010944625362753868 PSNR:  25.722360395315214
epoch:  2600 loss:  0.010640772990882397 PSNR:  25.87531177876146
epoch:  2800 loss:  0.010376669466495514 PSNR:  26.044987007064087
epoch:  3000 loss:  0.010255487635731697 PSNR:  26.20533175561205
epoch:  3200 loss:  0.010164553299546242 PSNR:  26.149539152628634
epoch:  3400 loss:  0.010028782300651073 PSNR:  26.109906495760832
epoch:  3600 loss:  0.009846906177699566 PSNR:  26.230297637148595
epoch:  3800 loss:  0.009709268808364868 PSNR:  26.292409404834252
epoch:  4000 loss:  0.009569637477397919 PSNR:  26.277233489649802
epoch:  4200 loss:  0.009492836892604828 PSNR:  26.17250505384527
epoch:  4400 loss:  0.009357317350804806 PSNR:  26.27334167661094
epoch:  4600 loss:  0.009413565509021282 PSNR:  26.273935044958737
epoch:  4800 loss:  0.009365661069750786 PSNR:  26.084909827615125
epoch:  5000 loss:  0.009165525436401367 PSNR:  26.302957053069388
epoch:  5200 loss:  0.009225521236658096 PSNR:  26.096665263410543
epoch:  5400 loss:  0.009017577394843102 PSNR:  26.289000458897725
epoch:  5600 loss:  0.008929056115448475 PSNR:  26.339509655596846
epoch:  5800 loss:  0.008888572454452515 PSNR:  26.24481308967936
epoch:  6000 loss:  0.008981813676655293 PSNR:  26.24592866021393
epoch:  6200 loss:  0.008852140977978706 PSNR:  26.221051340459972
epoch:  6400 loss:  0.00875924900174141 PSNR:  26.059662761638
epoch:  6600 loss:  0.008734996430575848 PSNR:  26.253732457842247
epoch:  6800 loss:  0.008785836398601532 PSNR:  25.995003583618455
epoch:  7000 loss:  0.008655625395476818 PSNR:  26.181845747215924
epoch:  7200 loss:  0.008843932300806046 PSNR:  25.64086688010701
epoch:  7400 loss:  0.0085713230073452 PSNR:  26.104133433901907
epoch:  7600 loss:  0.008561978116631508 PSNR:  26.111435215762185
epoch:  7800 loss:  0.008516174741089344 PSNR:  26.04253746088695
epoch:  8000 loss:  0.008527271449565887 PSNR:  26.053817890430288
epoch:  8200 loss:  0.00861597340553999 PSNR:  25.573047046661163
epoch:  8400 loss:  0.008519762195646763 PSNR:  25.997666647244046
epoch:  8600 loss:  0.008435964584350586 PSNR:  26.08397070024971
epoch:  8800 loss:  0.008502205833792686 PSNR:  26.01019540358437
epoch:  9000 loss:  0.00843404047191143 PSNR:  25.770419026537216
epoch:  9200 loss:  0.008459716103971004 PSNR:  25.92371364984997
epoch:  9400 loss:  0.008345636539161205 PSNR:  26.08149661236872
epoch:  9600 loss:  0.008381488732993603 PSNR:  25.673404158059377
epoch:  9800 loss:  0.008320553228259087 PSNR:  25.807898890211938
epoch:  10000 loss:  0.008249307051301003 PSNR:  25.97264264127874
epoch:  10200 loss:  0.008296506479382515 PSNR:  25.900485402718495
epoch:  10400 loss:  0.008143364451825619 PSNR:  25.982456369239006
epoch:  10600 loss:  0.008144385181367397 PSNR:  25.98205625811811
epoch:  10800 loss:  0.00812796875834465 PSNR:  25.902629365702865
epoch:  11000 loss:  0.008150575682520866 PSNR:  25.83947285187832
epoch:  11200 loss:  0.008143912069499493 PSNR:  25.673208131747987
epoch:  11400 loss:  0.008151067420840263 PSNR:  25.793468728580528
epoch:  11600 loss:  0.008119160309433937 PSNR:  25.746844993285002
epoch:  11800 loss:  0.008125001564621925 PSNR:  25.68814489339907
epoch:  12000 loss:  0.008120672777295113 PSNR:  25.793746651130075
epoch:  12200 loss:  0.008178908377885818 PSNR:  25.760687246900623
epoch:  12400 loss:  0.008003558963537216 PSNR:  25.854213422547204
epoch:  12600 loss:  0.008013789542019367 PSNR:  25.675504995410844
epoch:  12800 loss:  0.00817749835550785 PSNR:  25.756888331208042
epoch:  13000 loss:  0.008021880872547626 PSNR:  25.644469912543983
epoch:  13200 loss:  0.00800743605941534 PSNR:  25.560409104457595
epoch:  13400 loss:  0.007966986857354641 PSNR:  25.763307982627946
epoch:  13600 loss:  0.00793512538075447 PSNR:  25.661866752018486
epoch:  13800 loss:  0.007942757569253445 PSNR:  25.696900182852094
epoch:  14000 loss:  0.007946767844259739 PSNR:  25.690200397475756
epoch:  14200 loss:  0.007955161854624748 PSNR:  25.618083403004775
epoch:  14400 loss:  0.00795567687600851 PSNR:  25.676338889381775
epoch:  14600 loss:  0.007843765430152416 PSNR:  25.72832151552055
epoch:  14800 loss:  0.007889456115663052 PSNR:  25.64555756410808
epoch:  15000 loss:  0.007834454998373985 PSNR:  25.673261898084224
epoch:  15200 loss:  0.007944345474243164 PSNR:  25.592704281801126
epoch:  15400 loss:  0.007915426045656204 PSNR:  25.42041977580462
epoch:  15600 loss:  0.007905876263976097 PSNR:  25.343148550421226
epoch:  15800 loss:  0.00785235594958067 PSNR:  25.614820462532613
epoch:  16000 loss:  0.00784303992986679 PSNR:  25.578326895362274
epoch:  16200 loss:  0.007862415164709091 PSNR:  25.5375100218682
epoch:  16400 loss:  0.007925191894173622 PSNR:  25.579797867533927
epoch:  16600 loss:  0.00774290319532156 PSNR:  25.59119998745644
epoch:  16800 loss:  0.007826190441846848 PSNR:  25.38279427255222
epoch:  17000 loss:  0.007766829337924719 PSNR:  25.542119676974423
epoch:  17200 loss:  0.007753218989819288 PSNR:  25.5941977314092
epoch:  17400 loss:  0.0077720265835523605 PSNR:  25.5833637355888
epoch:  17600 loss:  0.007740501314401627 PSNR:  25.597134807062037
epoch:  17800 loss:  0.007727213203907013 PSNR:  25.588903691300622
epoch:  18000 loss:  0.007757091429084539 PSNR:  25.377168080986472
epoch:  18200 loss:  0.007805530913174152 PSNR:  25.45566039666963
epoch:  18400 loss:  0.007719577755779028 PSNR:  25.534599961468835
epoch:  18600 loss:  0.007772810757160187 PSNR:  25.422284701636446
epoch:  18800 loss:  0.007818258367478848 PSNR:  25.21874563787959
epoch:  19000 loss:  0.007704763673245907 PSNR:  25.545167102722303
epoch:  19200 loss:  0.007714211940765381 PSNR:  25.45733481429209
epoch:  19400 loss:  0.00772696640342474 PSNR:  25.442826420866428
epoch:  19600 loss:  0.007669336162507534 PSNR:  25.49706745738209
epoch:  19800 loss:  0.007764878682792187 PSNR:  25.39536074665335
epoch:  20000 loss:  0.007672874256968498 PSNR:  25.35117672134637
epoch:  20200 loss:  0.00767544424161315 PSNR:  25.51527179396087
epoch:  20400 loss:  0.00762729998677969 PSNR:  25.503919438473122
epoch:  20600 loss:  0.007626613136380911 PSNR:  25.470633352029516
epoch:  20800 loss:  0.007716630585491657 PSNR:  25.458424562575892
epoch:  21000 loss:  0.00760845048353076 PSNR:  25.31813415283526
epoch:  21200 loss:  0.007613927125930786 PSNR:  25.490290346987706
epoch:  21400 loss:  0.007620619144290686 PSNR:  25.445210773092892
epoch:  21600 loss:  0.00770700816065073 PSNR:  25.30542587713957
epoch:  21800 loss:  0.007644036319106817 PSNR:  25.469021482871092
epoch:  22000 loss:  0.007582901977002621 PSNR:  25.37845035509453
epoch:  22200 loss:  0.007557392120361328 PSNR:  25.34005457835874
epoch:  22400 loss:  0.0076100779697299 PSNR:  25.25311068795591
epoch:  22600 loss:  0.007705848664045334 PSNR:  25.362442124487288
epoch:  22800 loss:  0.007547290530055761 PSNR:  25.38479194303936
epoch:  23000 loss:  0.007561636622995138 PSNR:  25.39293114023485
epoch:  23200 loss:  0.0075930277816951275 PSNR:  25.26599190410292
epoch:  23400 loss:  0.007584800478070974 PSNR:  25.384998084791484
epoch:  23600 loss:  0.0076239085756242275 PSNR:  25.310608451734183
epoch:  23800 loss:  0.007576748728752136 PSNR:  25.3484785729948
epoch:  24000 loss:  0.007559359073638916 PSNR:  25.277735254089848
epoch:  24200 loss:  0.007523839827626944 PSNR:  25.322647506134576
epoch:  24400 loss:  0.0077171046286821365 PSNR:  24.875714691554272
epoch:  24600 loss:  0.007592224981635809 PSNR:  25.150892881897086
epoch:  24800 loss:  0.007507801055908203 PSNR:  25.38841307576906
epoch:  25000 loss:  0.007526944391429424 PSNR:  25.27981680825947
epoch:  25200 loss:  0.007621372118592262 PSNR:  25.26802668176012
epoch:  25400 loss:  0.0074899038299918175 PSNR:  25.185438195824354
epoch:  25600 loss:  0.007502853870391846 PSNR:  25.360833423213343
epoch:  25800 loss:  0.007488397415727377 PSNR:  25.28562383634946
epoch:  26000 loss:  0.00755318533629179 PSNR:  25.263716489996643
epoch:  26200 loss:  0.007500493433326483 PSNR:  25.119748938018873
epoch:  26400 loss:  0.00753701850771904 PSNR:  25.079588946985105
epoch:  26600 loss:  0.007519479840993881 PSNR:  25.135736701730327
epoch:  26800 loss:  0.007479146122932434 PSNR:  25.201426903320943
epoch:  27000 loss:  0.007510850206017494 PSNR:  25.184335760335394
epoch:  27200 loss:  0.007626419421285391 PSNR:  25.22473215533862
epoch:  27400 loss:  0.007437201216816902 PSNR:  25.234548840527083
epoch:  27600 loss:  0.007516676560044289 PSNR:  25.069764381602955
epoch:  27800 loss:  0.007513904012739658 PSNR:  25.16768283050292
epoch:  28000 loss:  0.0075158048421144485 PSNR:  25.220512131417014
epoch:  28200 loss:  0.007497809361666441 PSNR:  25.23884401872621
epoch:  28400 loss:  0.007490098010748625 PSNR:  25.034041442402174
epoch:  28600 loss:  0.007422278635203838 PSNR:  25.19710163183162
epoch:  28800 loss:  0.007421236019581556 PSNR:  25.223398860539383
epoch:  29000 loss:  0.007387668825685978 PSNR:  25.20419338463848
epoch:  29200 loss:  0.007466670125722885 PSNR:  25.246931284155973
epoch:  29400 loss:  0.007451309822499752 PSNR:  25.144745378427075
epoch:  29600 loss:  0.007414507679641247 PSNR:  25.1514987737631
epoch:  29800 loss:  0.007394785992801189 PSNR:  25.140192138624858
epoch:  30000 loss:  0.007415954023599625 PSNR:  25.079286731850093
epoch:  30200 loss:  0.007513620890676975 PSNR:  24.947532238509535
epoch:  30400 loss:  0.007386813871562481 PSNR:  25.141209429722483
epoch:  30600 loss:  0.007406595163047314 PSNR:  25.181614236755117
epoch:  30800 loss:  0.007420369889587164 PSNR:  25.050967147349535
epoch:  31000 loss:  0.00748075544834137 PSNR:  25.07924797949089
epoch:  31200 loss:  0.007358278147876263 PSNR:  25.253141871459288
epoch:  31400 loss:  0.007365553639829159 PSNR:  25.21801597498111
epoch:  31600 loss:  0.007398621644824743 PSNR:  25.04724744208389
epoch:  31800 loss:  0.0073780156672000885 PSNR:  25.15284726931981
epoch:  32000 loss:  0.007395267486572266 PSNR:  25.197445955759644
epoch:  32200 loss:  0.007431011646986008 PSNR:  25.134144508375762
epoch:  32400 loss:  0.007391718681901693 PSNR:  25.18196800508061
epoch:  32600 loss:  0.007340531796216965 PSNR:  25.208628724362793
epoch:  32800 loss:  0.007374218665063381 PSNR:  25.164465234835657
epoch:  33000 loss:  0.007354149129241705 PSNR:  25.212073621029376
epoch:  33200 loss:  0.007424607872962952 PSNR:  24.964381957835286
epoch:  33400 loss:  0.0074125779792666435 PSNR:  25.046931307329917
epoch:  33600 loss:  0.007314278744161129 PSNR:  25.14481348195554
epoch:  33800 loss:  0.007348956074565649 PSNR:  25.112962649145032
epoch:  34000 loss:  0.007372836582362652 PSNR:  25.21246849533704
epoch:  34200 loss:  0.007316526956856251 PSNR:  25.13882214483898
epoch:  34400 loss:  0.007353933062404394 PSNR:  25.04163349571276
epoch:  34600 loss:  0.007324058562517166 PSNR:  25.174909759598428
epoch:  34800 loss:  0.007331017404794693 PSNR:  25.07992928985152
epoch:  35000 loss:  0.0073238215409219265 PSNR:  25.03203380184873
epoch:  35200 loss:  0.007300045341253281 PSNR:  25.13483151752505
epoch:  35400 loss:  0.007290830370038748 PSNR:  25.086619753013863
epoch:  35600 loss:  0.0073947301134467125 PSNR:  24.97360109384168
epoch:  35800 loss:  0.0072982460260391235 PSNR:  25.117271248980938
epoch:  36000 loss:  0.007284298073500395 PSNR:  25.160177927402806
epoch:  36200 loss:  0.007308497093617916 PSNR:  25.106204970144745
epoch:  36400 loss:  0.007306381594389677 PSNR:  25.09648289289093
epoch:  36600 loss:  0.007332563400268555 PSNR:  24.997169807275238
epoch:  36800 loss:  0.007313897367566824 PSNR:  25.104586223575023
epoch:  37000 loss:  0.0073078470304608345 PSNR:  25.072759395474726
epoch:  37200 loss:  0.007467181421816349 PSNR:  25.062794202795686
epoch:  37400 loss:  0.007245113141834736 PSNR:  25.12004806507195
epoch:  37600 loss:  0.007273392286151648 PSNR:  25.082428451305457
epoch:  37800 loss:  0.007277580909430981 PSNR:  25.03940324169957
epoch:  38000 loss:  0.007242932915687561 PSNR:  25.091132163282772
epoch:  38200 loss:  0.007288532331585884 PSNR:  25.083422846968855
epoch:  38400 loss:  0.007275938056409359 PSNR:  25.010191557841193
epoch:  38600 loss:  0.007308347150683403 PSNR:  25.084013529955207
epoch:  38800 loss:  0.007297396659851074 PSNR:  24.959320047570955
epoch:  39000 loss:  0.007286835461854935 PSNR:  25.045489597974786
epoch:  39200 loss:  0.007313935086131096 PSNR:  25.056763583062008
epoch:  39400 loss:  0.007292109541594982 PSNR:  25.080505816613062
epoch:  39600 loss:  0.007270255126059055 PSNR:  24.956819480198934
epoch:  39800 loss:  0.007296394091099501 PSNR:  25.108765203729348
Output directory: data/denoising/Set14/mask/10/pai/grasp_local/sparse_0.8
PSNR of output image is:  25.108765203729348
(3, 512, 512) (1, 3, 512, 512) (3, 512, 512)
Experiment done
