(3, 512, 512)
Starting random mask  training on 2 using ADAM(sigma=0.1,lr=0.01,decay=0,beta=0)
Noisy PSNR is '20.437714890694313'
1.1.1.weight         | nonzeros =   10239 /   12800             ( 79.99%) | total_pruned =    2561 | shape = torch.Size([16, 32, 5, 5])
1.1.1.bias           | nonzeros =      11 /      16             ( 68.75%) | total_pruned =       5 | shape = torch.Size([16])
1.2.weight           | nonzeros =      11 /      16             ( 68.75%) | total_pruned =       5 | shape = torch.Size([16])
1.2.bias             | nonzeros =       0 /      16             (  0.00%) | total_pruned =      16 | shape = torch.Size([16])
1.4.1.weight         | nonzeros =    5119 /    6400             ( 79.98%) | total_pruned =    1281 | shape = torch.Size([16, 16, 5, 5])
1.4.1.bias           | nonzeros =       9 /      16             ( 56.25%) | total_pruned =       7 | shape = torch.Size([16])
1.5.weight           | nonzeros =      11 /      16             ( 68.75%) | total_pruned =       5 | shape = torch.Size([16])
1.5.bias             | nonzeros =       0 /      16             (  0.00%) | total_pruned =      16 | shape = torch.Size([16])
1.7.1.1.1.weight     | nonzeros =   10239 /   12800             ( 79.99%) | total_pruned =    2561 | shape = torch.Size([32, 16, 5, 5])
1.7.1.1.1.bias       | nonzeros =      24 /      32             ( 75.00%) | total_pruned =       8 | shape = torch.Size([32])
1.7.1.2.weight       | nonzeros =      24 /      32             ( 75.00%) | total_pruned =       8 | shape = torch.Size([32])
1.7.1.2.bias         | nonzeros =       0 /      32             (  0.00%) | total_pruned =      32 | shape = torch.Size([32])
1.7.1.4.1.weight     | nonzeros =   20479 /   25600             ( 80.00%) | total_pruned =    5121 | shape = torch.Size([32, 32, 5, 5])
1.7.1.4.1.bias       | nonzeros =      24 /      32             ( 75.00%) | total_pruned =       8 | shape = torch.Size([32])
1.7.1.5.weight       | nonzeros =      24 /      32             ( 75.00%) | total_pruned =       8 | shape = torch.Size([32])
1.7.1.5.bias         | nonzeros =       0 /      32             (  0.00%) | total_pruned =      32 | shape = torch.Size([32])
1.7.1.7.1.1.1.weight | nonzeros =   40959 /   51200             ( 80.00%) | total_pruned =   10241 | shape = torch.Size([64, 32, 5, 5])
1.7.1.7.1.1.1.bias   | nonzeros =      46 /      64             ( 71.88%) | total_pruned =      18 | shape = torch.Size([64])
1.7.1.7.1.2.weight   | nonzeros =      50 /      64             ( 78.12%) | total_pruned =      14 | shape = torch.Size([64])
1.7.1.7.1.2.bias     | nonzeros =       0 /      64             (  0.00%) | total_pruned =      64 | shape = torch.Size([64])
1.7.1.7.1.4.1.weight | nonzeros =   81919 /  102400             ( 80.00%) | total_pruned =   20481 | shape = torch.Size([64, 64, 5, 5])
1.7.1.7.1.4.1.bias   | nonzeros =      47 /      64             ( 73.44%) | total_pruned =      17 | shape = torch.Size([64])
1.7.1.7.1.5.weight   | nonzeros =      50 /      64             ( 78.12%) | total_pruned =      14 | shape = torch.Size([64])
1.7.1.7.1.5.bias     | nonzeros =       0 /      64             (  0.00%) | total_pruned =      64 | shape = torch.Size([64])
1.7.1.7.1.7.1.1.1.weight | nonzeros =  163839 /  204800             ( 80.00%) | total_pruned =   40961 | shape = torch.Size([128, 64, 5, 5])
1.7.1.7.1.7.1.1.1.bias | nonzeros =      95 /     128             ( 74.22%) | total_pruned =      33 | shape = torch.Size([128])
1.7.1.7.1.7.1.2.weight | nonzeros =     101 /     128             ( 78.91%) | total_pruned =      27 | shape = torch.Size([128])
1.7.1.7.1.7.1.2.bias | nonzeros =       0 /     128             (  0.00%) | total_pruned =     128 | shape = torch.Size([128])
1.7.1.7.1.7.1.4.1.weight | nonzeros =  327679 /  409600             ( 80.00%) | total_pruned =   81921 | shape = torch.Size([128, 128, 5, 5])
1.7.1.7.1.7.1.4.1.bias | nonzeros =      96 /     128             ( 75.00%) | total_pruned =      32 | shape = torch.Size([128])
1.7.1.7.1.7.1.5.weight | nonzeros =     101 /     128             ( 78.91%) | total_pruned =      27 | shape = torch.Size([128])
1.7.1.7.1.7.1.5.bias | nonzeros =       0 /     128             (  0.00%) | total_pruned =     128 | shape = torch.Size([128])
1.7.1.7.1.7.1.7.1.1.1.weight | nonzeros =  327679 /  409600             ( 80.00%) | total_pruned =   81921 | shape = torch.Size([128, 128, 5, 5])
1.7.1.7.1.7.1.7.1.1.1.bias | nonzeros =      84 /     128             ( 65.62%) | total_pruned =      44 | shape = torch.Size([128])
1.7.1.7.1.7.1.7.1.2.weight | nonzeros =     101 /     128             ( 78.91%) | total_pruned =      27 | shape = torch.Size([128])
1.7.1.7.1.7.1.7.1.2.bias | nonzeros =       0 /     128             (  0.00%) | total_pruned =     128 | shape = torch.Size([128])
1.7.1.7.1.7.1.7.1.4.1.weight | nonzeros =  327679 /  409600             ( 80.00%) | total_pruned =   81921 | shape = torch.Size([128, 128, 5, 5])
1.7.1.7.1.7.1.7.1.4.1.bias | nonzeros =      86 /     128             ( 67.19%) | total_pruned =      42 | shape = torch.Size([128])
1.7.1.7.1.7.1.7.1.5.weight | nonzeros =     101 /     128             ( 78.91%) | total_pruned =      27 | shape = torch.Size([128])
1.7.1.7.1.7.1.7.1.5.bias | nonzeros =       0 /     128             (  0.00%) | total_pruned =     128 | shape = torch.Size([128])
1.7.1.7.1.7.1.7.1.7.1.1.1.weight | nonzeros =  327679 /  409600             ( 80.00%) | total_pruned =   81921 | shape = torch.Size([128, 128, 5, 5])
1.7.1.7.1.7.1.7.1.7.1.1.1.bias | nonzeros =      93 /     128             ( 72.66%) | total_pruned =      35 | shape = torch.Size([128])
1.7.1.7.1.7.1.7.1.7.1.2.weight | nonzeros =     101 /     128             ( 78.91%) | total_pruned =      27 | shape = torch.Size([128])
1.7.1.7.1.7.1.7.1.7.1.2.bias | nonzeros =       0 /     128             (  0.00%) | total_pruned =     128 | shape = torch.Size([128])
1.7.1.7.1.7.1.7.1.7.1.4.1.weight | nonzeros =  327679 /  409600             ( 80.00%) | total_pruned =   81921 | shape = torch.Size([128, 128, 5, 5])
1.7.1.7.1.7.1.7.1.7.1.4.1.bias | nonzeros =      97 /     128             ( 75.78%) | total_pruned =      31 | shape = torch.Size([128])
1.7.1.7.1.7.1.7.1.7.1.5.weight | nonzeros =     101 /     128             ( 78.91%) | total_pruned =      27 | shape = torch.Size([128])
1.7.1.7.1.7.1.7.1.7.1.5.bias | nonzeros =       0 /     128             (  0.00%) | total_pruned =     128 | shape = torch.Size([128])
1.7.1.7.1.7.1.7.1.7.2.weight | nonzeros =     101 /     128             ( 78.91%) | total_pruned =      27 | shape = torch.Size([128])
1.7.1.7.1.7.1.7.1.7.2.bias | nonzeros =       0 /     128             (  0.00%) | total_pruned =     128 | shape = torch.Size([128])
1.7.1.7.1.7.1.7.1.7.3.1.weight | nonzeros =  117963 /  147456             ( 80.00%) | total_pruned =   29493 | shape = torch.Size([128, 128, 3, 3])
1.7.1.7.1.7.1.7.1.7.3.1.bias | nonzeros =     100 /     128             ( 78.12%) | total_pruned =      28 | shape = torch.Size([128])
1.7.1.7.1.7.1.7.1.7.4.weight | nonzeros =     101 /     128             ( 78.91%) | total_pruned =      27 | shape = torch.Size([128])
1.7.1.7.1.7.1.7.1.7.4.bias | nonzeros =       0 /     128             (  0.00%) | total_pruned =     128 | shape = torch.Size([128])
1.7.1.7.1.7.1.7.2.weight | nonzeros =     101 /     128             ( 78.91%) | total_pruned =      27 | shape = torch.Size([128])
1.7.1.7.1.7.1.7.2.bias | nonzeros =       0 /     128             (  0.00%) | total_pruned =     128 | shape = torch.Size([128])
1.7.1.7.1.7.1.7.3.1.weight | nonzeros =  117963 /  147456             ( 80.00%) | total_pruned =   29493 | shape = torch.Size([128, 128, 3, 3])
1.7.1.7.1.7.1.7.3.1.bias | nonzeros =     101 /     128             ( 78.91%) | total_pruned =      27 | shape = torch.Size([128])
1.7.1.7.1.7.1.7.4.weight | nonzeros =     101 /     128             ( 78.91%) | total_pruned =      27 | shape = torch.Size([128])
1.7.1.7.1.7.1.7.4.bias | nonzeros =       0 /     128             (  0.00%) | total_pruned =     128 | shape = torch.Size([128])
1.7.1.7.1.7.2.weight | nonzeros =     101 /     128             ( 78.91%) | total_pruned =      27 | shape = torch.Size([128])
1.7.1.7.1.7.2.bias   | nonzeros =       0 /     128             (  0.00%) | total_pruned =     128 | shape = torch.Size([128])
1.7.1.7.1.7.3.1.weight | nonzeros =  117963 /  147456             ( 80.00%) | total_pruned =   29493 | shape = torch.Size([128, 128, 3, 3])
1.7.1.7.1.7.3.1.bias | nonzeros =     100 /     128             ( 78.12%) | total_pruned =      28 | shape = torch.Size([128])
1.7.1.7.1.7.4.weight | nonzeros =     101 /     128             ( 78.91%) | total_pruned =      27 | shape = torch.Size([128])
1.7.1.7.1.7.4.bias   | nonzeros =       0 /     128             (  0.00%) | total_pruned =     128 | shape = torch.Size([128])
1.7.1.7.2.weight     | nonzeros =     101 /     128             ( 78.91%) | total_pruned =      27 | shape = torch.Size([128])
1.7.1.7.2.bias       | nonzeros =       0 /     128             (  0.00%) | total_pruned =     128 | shape = torch.Size([128])
1.7.1.7.3.1.weight   | nonzeros =   58981 /   73728             ( 80.00%) | total_pruned =   14747 | shape = torch.Size([64, 128, 3, 3])
1.7.1.7.3.1.bias     | nonzeros =      50 /      64             ( 78.12%) | total_pruned =      14 | shape = torch.Size([64])
1.7.1.7.4.weight     | nonzeros =      50 /      64             ( 78.12%) | total_pruned =      14 | shape = torch.Size([64])
1.7.1.7.4.bias       | nonzeros =       0 /      64             (  0.00%) | total_pruned =      64 | shape = torch.Size([64])
1.7.2.weight         | nonzeros =      50 /      64             ( 78.12%) | total_pruned =      14 | shape = torch.Size([64])
1.7.2.bias           | nonzeros =       0 /      64             (  0.00%) | total_pruned =      64 | shape = torch.Size([64])
1.7.3.1.weight       | nonzeros =   14744 /   18432             ( 79.99%) | total_pruned =    3688 | shape = torch.Size([32, 64, 3, 3])
1.7.3.1.bias         | nonzeros =      23 /      32             ( 71.88%) | total_pruned =       9 | shape = torch.Size([32])
1.7.4.weight         | nonzeros =      24 /      32             ( 75.00%) | total_pruned =       8 | shape = torch.Size([32])
1.7.4.bias           | nonzeros =       0 /      32             (  0.00%) | total_pruned =      32 | shape = torch.Size([32])
2.weight             | nonzeros =      24 /      32             ( 75.00%) | total_pruned =       8 | shape = torch.Size([32])
2.bias               | nonzeros =       0 /      32             (  0.00%) | total_pruned =      32 | shape = torch.Size([32])
3.1.weight           | nonzeros =    3685 /    4608             ( 79.97%) | total_pruned =     923 | shape = torch.Size([16, 32, 3, 3])
3.1.bias             | nonzeros =      11 /      16             ( 68.75%) | total_pruned =       5 | shape = torch.Size([16])
4.weight             | nonzeros =      11 /      16             ( 68.75%) | total_pruned =       5 | shape = torch.Size([16])
4.bias               | nonzeros =       0 /      16             (  0.00%) | total_pruned =      16 | shape = torch.Size([16])
6.1.weight           | nonzeros =      37 /      48             ( 77.08%) | total_pruned =      11 | shape = torch.Size([3, 16, 1, 1])
6.1.bias             | nonzeros =       1 /       3             ( 33.33%) | total_pruned =       2 | shape = torch.Size([3])
alive: 2405264, pruned : 603603, total: 3008867, Compression rate :       1.25x  ( 20.06% pruned)
Initial PSNR of output image is:  10.652350053944515
epoch:  0 loss:  0.09173113107681274 PSNR:  10.652350053944515
epoch:  200 loss:  0.02136271819472313 PSNR:  18.86604353955532
epoch:  400 loss:  0.01557023823261261 PSNR:  21.514850990088902
epoch:  600 loss:  0.013173900544643402 PSNR:  23.37031314851498
epoch:  800 loss:  0.012080561369657516 PSNR:  24.4639923023875
epoch:  1000 loss:  0.011322188191115856 PSNR:  25.380536429025128
epoch:  1200 loss:  0.011020723730325699 PSNR:  25.731458213617884
epoch:  1400 loss:  0.010606974363327026 PSNR:  26.345012552849802
epoch:  1600 loss:  0.01024659350514412 PSNR:  26.827343734913995
epoch:  1800 loss:  0.010044729337096214 PSNR:  26.97410780217703
epoch:  2000 loss:  0.009753018617630005 PSNR:  27.296549516758635
epoch:  2200 loss:  0.009697294794023037 PSNR:  27.334456881969075
epoch:  2400 loss:  0.009628672152757645 PSNR:  27.272326372039966
epoch:  2600 loss:  0.009158170782029629 PSNR:  27.90613617890109
epoch:  2800 loss:  0.009050651453435421 PSNR:  27.761996834600254
epoch:  3000 loss:  0.008992550894618034 PSNR:  27.72582829829121
epoch:  3200 loss:  0.008894369006156921 PSNR:  27.675256106985955
epoch:  3400 loss:  0.008865222334861755 PSNR:  27.518926236426804
epoch:  3600 loss:  0.008757898584008217 PSNR:  27.544682548576365
epoch:  3800 loss:  0.008578607812523842 PSNR:  27.48624713835367
epoch:  4000 loss:  0.008389631286263466 PSNR:  27.67963110737243
epoch:  4200 loss:  0.008338425308465958 PSNR:  27.488931601839415
epoch:  4400 loss:  0.00843906495720148 PSNR:  27.016365206321453
epoch:  4600 loss:  0.008182214573025703 PSNR:  27.226632749780354
epoch:  4800 loss:  0.008038084954023361 PSNR:  27.2165682817226
epoch:  5000 loss:  0.007969960570335388 PSNR:  27.062848744527162
epoch:  5200 loss:  0.007964501157402992 PSNR:  26.89718675219984
epoch:  5400 loss:  0.007831203751266003 PSNR:  27.016072714187715
epoch:  5600 loss:  0.007849503308534622 PSNR:  26.861845993153466
epoch:  5800 loss:  0.007788021117448807 PSNR:  26.68688395390442
epoch:  6000 loss:  0.008067294955253601 PSNR:  26.29726790109855
epoch:  6200 loss:  0.007685668766498566 PSNR:  26.63909291989159
epoch:  6400 loss:  0.007568200584501028 PSNR:  26.58591191460402
epoch:  6600 loss:  0.007593353278934956 PSNR:  26.34715043153029
epoch:  6800 loss:  0.007575626485049725 PSNR:  26.284750772881075
epoch:  7000 loss:  0.007582123391330242 PSNR:  26.218750670877892
epoch:  7200 loss:  0.00731394998729229 PSNR:  26.350041554346404
epoch:  7400 loss:  0.007321110926568508 PSNR:  26.152730665338293
epoch:  7600 loss:  0.00731277372688055 PSNR:  26.132449065825636
epoch:  7800 loss:  0.0073689124546945095 PSNR:  26.181526315738715
epoch:  8000 loss:  0.00727616623044014 PSNR:  25.986944709346535
epoch:  8200 loss:  0.007296746131032705 PSNR:  25.65999286087883
epoch:  8400 loss:  0.007131901569664478 PSNR:  25.93322663232162
epoch:  8600 loss:  0.007094802334904671 PSNR:  25.87175953356864
epoch:  8800 loss:  0.007310692220926285 PSNR:  25.841181315914245
epoch:  9000 loss:  0.007124680560082197 PSNR:  25.994267014598044
epoch:  9200 loss:  0.007203306071460247 PSNR:  25.387182740407994
epoch:  9400 loss:  0.006993493996560574 PSNR:  25.739438022875344
epoch:  9600 loss:  0.006956187076866627 PSNR:  25.74902726131952
epoch:  9800 loss:  0.007021140307188034 PSNR:  25.723623356213537
epoch:  10000 loss:  0.006986407563090324 PSNR:  25.362499824995133
epoch:  10200 loss:  0.006915685720741749 PSNR:  25.441818104862524
epoch:  10400 loss:  0.006962088402360678 PSNR:  25.405231794054977
epoch:  10600 loss:  0.006889812648296356 PSNR:  25.36243065399575
epoch:  10800 loss:  0.006868070922791958 PSNR:  25.459399420791193
epoch:  11000 loss:  0.006771249696612358 PSNR:  25.509750120620602
epoch:  11200 loss:  0.006810623221099377 PSNR:  25.270218942762757
epoch:  11400 loss:  0.00696534663438797 PSNR:  25.421156771509914
epoch:  11600 loss:  0.006724191829562187 PSNR:  25.389882312911976
epoch:  11800 loss:  0.006713950540870428 PSNR:  25.459679870774032
epoch:  12000 loss:  0.006888853386044502 PSNR:  25.313429920856226
epoch:  12200 loss:  0.006864920258522034 PSNR:  25.138611846626166
epoch:  12400 loss:  0.006703726947307587 PSNR:  25.26279137124568
epoch:  12600 loss:  0.006749430671334267 PSNR:  25.402397778489373
epoch:  12800 loss:  0.006760062649846077 PSNR:  24.9872255608204
epoch:  13000 loss:  0.006623099558055401 PSNR:  25.35043867967953
epoch:  13200 loss:  0.006628470029681921 PSNR:  25.298809222388034
epoch:  13400 loss:  0.006667504087090492 PSNR:  25.315529001828793
epoch:  13600 loss:  0.006604497786611319 PSNR:  25.189663675261823
epoch:  13800 loss:  0.006609049625694752 PSNR:  25.199623290533715
epoch:  14000 loss:  0.006518474780023098 PSNR:  25.31408779416843
epoch:  14200 loss:  0.006580201908946037 PSNR:  25.11055344402561
epoch:  14400 loss:  0.0065256389789283276 PSNR:  25.169143744520426
epoch:  14600 loss:  0.0065711792558431625 PSNR:  25.205427930514922
epoch:  14800 loss:  0.006509537808597088 PSNR:  25.157690335579296
epoch:  15000 loss:  0.0065997689962387085 PSNR:  24.95649941271917
epoch:  15200 loss:  0.0064907437190413475 PSNR:  25.12561558704169
epoch:  15400 loss:  0.006545321550220251 PSNR:  24.993166070042005
epoch:  15600 loss:  0.00646081380546093 PSNR:  25.041946984999623
epoch:  15800 loss:  0.006416631396859884 PSNR:  24.998649265076875
epoch:  16000 loss:  0.006552595179527998 PSNR:  24.7702263592914
epoch:  16200 loss:  0.006437902804464102 PSNR:  24.936631512230107
epoch:  16400 loss:  0.0063910405151546 PSNR:  25.10162090599764
epoch:  16600 loss:  0.006416711024940014 PSNR:  24.863982439308344
epoch:  16800 loss:  0.006399122532457113 PSNR:  25.006531577199095
epoch:  17000 loss:  0.006389543414115906 PSNR:  24.98706264631265
epoch:  17200 loss:  0.006365629844367504 PSNR:  24.98646587667335
epoch:  17400 loss:  0.006630211137235165 PSNR:  24.56902854900573
epoch:  17600 loss:  0.006523001007735729 PSNR:  25.072715823924753
epoch:  17800 loss:  0.006382388528436422 PSNR:  24.92696657090127
epoch:  18000 loss:  0.006360935978591442 PSNR:  24.86535768686891
epoch:  18200 loss:  0.006380963139235973 PSNR:  24.770800813986142
epoch:  18400 loss:  0.006324010901153088 PSNR:  24.911724415053058
epoch:  18600 loss:  0.0063598002307116985 PSNR:  24.876912445239707
epoch:  18800 loss:  0.006383425556123257 PSNR:  24.87867082635742
epoch:  19000 loss:  0.006326149217784405 PSNR:  24.87214949180395
epoch:  19200 loss:  0.006348205264657736 PSNR:  24.92111272565811
epoch:  19400 loss:  0.006256489083170891 PSNR:  24.976416005793872
epoch:  19600 loss:  0.00629070121794939 PSNR:  24.811203871855763
epoch:  19800 loss:  0.00630270317196846 PSNR:  24.836821073956795
epoch:  20000 loss:  0.006459630560129881 PSNR:  24.46567147012333
epoch:  20200 loss:  0.006231009028851986 PSNR:  24.826973860659184
epoch:  20400 loss:  0.006371122784912586 PSNR:  24.60163525270722
epoch:  20600 loss:  0.006251416634768248 PSNR:  24.80155410810498
epoch:  20800 loss:  0.0062028029933571815 PSNR:  24.851655671200298
epoch:  21000 loss:  0.006267324090003967 PSNR:  24.74936009566167
epoch:  21200 loss:  0.0062913550063967705 PSNR:  24.884642073350093
epoch:  21400 loss:  0.0062253582291305065 PSNR:  24.77371065072143
epoch:  21600 loss:  0.006208406761288643 PSNR:  24.693821688334737
epoch:  21800 loss:  0.006210265215486288 PSNR:  24.747336805948944
epoch:  22000 loss:  0.006169511936604977 PSNR:  24.872464334118366
epoch:  22200 loss:  0.006211765110492706 PSNR:  24.759506136805435
epoch:  22400 loss:  0.006181692238897085 PSNR:  24.806479983140754
epoch:  22600 loss:  0.006203030701726675 PSNR:  24.894673811497675
epoch:  22800 loss:  0.006201471202075481 PSNR:  24.617247452674924
epoch:  23000 loss:  0.006181744392961264 PSNR:  24.80097801491123
epoch:  23200 loss:  0.00621541915461421 PSNR:  24.52575092948924
epoch:  23400 loss:  0.006169794127345085 PSNR:  24.657349494716065
epoch:  23600 loss:  0.006122876890003681 PSNR:  24.771738788233147
epoch:  23800 loss:  0.00615370087325573 PSNR:  24.6288143919117
epoch:  24000 loss:  0.006207922473549843 PSNR:  24.553756636858274
epoch:  24200 loss:  0.006247290410101414 PSNR:  24.69148575055536
epoch:  24400 loss:  0.00615682965144515 PSNR:  24.8405527934592
epoch:  24600 loss:  0.00613006204366684 PSNR:  24.715581051599365
epoch:  24800 loss:  0.006117289420217276 PSNR:  24.587798465098224
epoch:  25000 loss:  0.006121106445789337 PSNR:  24.63468968608614
epoch:  25200 loss:  0.006160223390907049 PSNR:  24.729890279451716
epoch:  25400 loss:  0.006227204110473394 PSNR:  24.6265014135883
epoch:  25600 loss:  0.006161950528621674 PSNR:  24.604235094494324
epoch:  25800 loss:  0.006248309276998043 PSNR:  24.341432690830274
epoch:  26000 loss:  0.00609724223613739 PSNR:  24.76349143799771
epoch:  26200 loss:  0.006092949770390987 PSNR:  24.711365976828745
epoch:  26400 loss:  0.006107051856815815 PSNR:  24.626869071609292
epoch:  26600 loss:  0.006141780875623226 PSNR:  24.571458574116217
epoch:  26800 loss:  0.006135488860309124 PSNR:  24.561295699398478
epoch:  27000 loss:  0.0061302571557462215 PSNR:  24.5843746945892
epoch:  27200 loss:  0.006053678225725889 PSNR:  24.643408570925317
epoch:  27400 loss:  0.006111712194979191 PSNR:  24.679951112528435
epoch:  27600 loss:  0.0060136280953884125 PSNR:  24.655630017571646
epoch:  27800 loss:  0.006029061041772366 PSNR:  24.57210294707757
epoch:  28000 loss:  0.006096567027270794 PSNR:  24.474207943425874
epoch:  28200 loss:  0.006043538451194763 PSNR:  24.574441340327574
epoch:  28400 loss:  0.00605213176459074 PSNR:  24.684685292470544
epoch:  28600 loss:  0.0060219531878829 PSNR:  24.657825868941337
epoch:  28800 loss:  0.006008767522871494 PSNR:  24.60984541899977
epoch:  29000 loss:  0.006121767219156027 PSNR:  24.393689529905238
epoch:  29200 loss:  0.006217600777745247 PSNR:  24.525545383777153
epoch:  29400 loss:  0.00598150584846735 PSNR:  24.6184579955986
epoch:  29600 loss:  0.005986477248370647 PSNR:  24.599299961554266
epoch:  29800 loss:  0.006006570067256689 PSNR:  24.592190993310034
epoch:  30000 loss:  0.005981022026389837 PSNR:  24.59160621097284
epoch:  30200 loss:  0.006010008975863457 PSNR:  24.56945131621869
epoch:  30400 loss:  0.005986358504742384 PSNR:  24.512333200079084
epoch:  30600 loss:  0.006025528069585562 PSNR:  24.553636607511415
epoch:  30800 loss:  0.005989519879221916 PSNR:  24.607635417402427
epoch:  31000 loss:  0.005983925424516201 PSNR:  24.444327723173327
epoch:  31200 loss:  0.0059765963815152645 PSNR:  24.570512759107267
epoch:  31400 loss:  0.006019961088895798 PSNR:  24.411567750273537
epoch:  31600 loss:  0.0060353330336511135 PSNR:  24.358552349105018
epoch:  31800 loss:  0.005984549876302481 PSNR:  24.482774286505173
epoch:  32000 loss:  0.006081662140786648 PSNR:  24.65954237240982
epoch:  32200 loss:  0.006041277199983597 PSNR:  24.47574596342291
epoch:  32400 loss:  0.006003420799970627 PSNR:  24.438784877683624
epoch:  32600 loss:  0.006021866574883461 PSNR:  24.336234974968185
epoch:  32800 loss:  0.005960108246654272 PSNR:  24.58004260258425
epoch:  33000 loss:  0.005951692815870047 PSNR:  24.54083935121149
epoch:  33200 loss:  0.006054996512830257 PSNR:  24.408851572135383
epoch:  33400 loss:  0.006099056452512741 PSNR:  24.521430783205716
epoch:  33600 loss:  0.005989229306578636 PSNR:  24.310732434284915
epoch:  33800 loss:  0.0059613375924527645 PSNR:  24.52899967139389
epoch:  34000 loss:  0.005963515490293503 PSNR:  24.39547276391574
epoch:  34200 loss:  0.005967228673398495 PSNR:  24.56848827766502
epoch:  34400 loss:  0.006052748765796423 PSNR:  24.315157318730954
epoch:  34600 loss:  0.005978552158921957 PSNR:  24.343633323594247
epoch:  34800 loss:  0.006006520241498947 PSNR:  24.630960890398757
epoch:  35000 loss:  0.005904593970626593 PSNR:  24.597365482213668
epoch:  35200 loss:  0.005948646925389767 PSNR:  24.332621276248023
epoch:  35400 loss:  0.005914186593145132 PSNR:  24.484946914978906
epoch:  35600 loss:  0.00597709696739912 PSNR:  24.432733312002355
epoch:  35800 loss:  0.0059290132485330105 PSNR:  24.562682143980034
epoch:  36000 loss:  0.005930035840719938 PSNR:  24.35007892989603
epoch:  36200 loss:  0.005930313374847174 PSNR:  24.33594599890526
epoch:  36400 loss:  0.005907442420721054 PSNR:  24.497696502663196
epoch:  36600 loss:  0.005940123926848173 PSNR:  24.410094717674113
epoch:  36800 loss:  0.0059539880603551865 PSNR:  24.305577849975823
epoch:  37000 loss:  0.005926729645580053 PSNR:  24.404929093722217
epoch:  37200 loss:  0.005970443598926067 PSNR:  24.280347105893444
epoch:  37400 loss:  0.005888886749744415 PSNR:  24.481390980582404
epoch:  37600 loss:  0.00593170803040266 PSNR:  24.47301768359246
epoch:  37800 loss:  0.0059327795170247555 PSNR:  24.25680963800536
epoch:  38000 loss:  0.005965865217149258 PSNR:  24.572690035532233
epoch:  38200 loss:  0.005854045506566763 PSNR:  24.4682616011627
epoch:  38400 loss:  0.005878813564777374 PSNR:  24.44745584754302
epoch:  38600 loss:  0.00592002971097827 PSNR:  24.32874455142859
epoch:  38800 loss:  0.005933315958827734 PSNR:  24.35722900203681
epoch:  39000 loss:  0.005894800182431936 PSNR:  24.531342521752766
epoch:  39200 loss:  0.005868382751941681 PSNR:  24.384639460520674
epoch:  39400 loss:  0.0058975378051400185 PSNR:  24.27030933159218
epoch:  39600 loss:  0.005927582737058401 PSNR:  24.356525293475954
epoch:  39800 loss:  0.0058798035606741905 PSNR:  24.422629489363608
Output directory: data/denoising/Set14/mask/2/pai/synflow_local/sparse_0.8
PSNR of output image is:  24.422629489363608
(3, 512, 512) (1, 3, 512, 512) (3, 512, 512)
Experiment done
