(3, 256, 256)
Starting random mask  training on 3 using ADAM(sigma=0.1,lr=0.01,decay=0,beta=0)
Noisy PSNR is '20.318428341888914'
Pruning with threshold : 0.01976860873401165
1.1.1.weight         | nonzeros =    5604 /   12800             ( 43.78%) | total_pruned =    7196 | shape = torch.Size([16, 32, 5, 5])
1.1.1.bias           | nonzeros =       7 /      16             ( 43.75%) | total_pruned =       9 | shape = torch.Size([16])
1.2.weight           | nonzeros =      16 /      16             (100.00%) | total_pruned =       0 | shape = torch.Size([16])
1.2.bias             | nonzeros =       0 /      16             (  0.00%) | total_pruned =      16 | shape = torch.Size([16])
1.4.1.weight         | nonzeros =    3910 /    6400             ( 61.09%) | total_pruned =    2490 | shape = torch.Size([16, 16, 5, 5])
1.4.1.bias           | nonzeros =       8 /      16             ( 50.00%) | total_pruned =       8 | shape = torch.Size([16])
1.5.weight           | nonzeros =      16 /      16             (100.00%) | total_pruned =       0 | shape = torch.Size([16])
1.5.bias             | nonzeros =       0 /      16             (  0.00%) | total_pruned =      16 | shape = torch.Size([16])
1.7.1.1.1.weight     | nonzeros =    7841 /   12800             ( 61.26%) | total_pruned =    4959 | shape = torch.Size([32, 16, 5, 5])
1.7.1.1.1.bias       | nonzeros =      19 /      32             ( 59.38%) | total_pruned =      13 | shape = torch.Size([32])
1.7.1.2.weight       | nonzeros =      32 /      32             (100.00%) | total_pruned =       0 | shape = torch.Size([32])
1.7.1.2.bias         | nonzeros =       0 /      32             (  0.00%) | total_pruned =      32 | shape = torch.Size([32])
1.7.1.4.1.weight     | nonzeros =   11255 /   25600             ( 43.96%) | total_pruned =   14345 | shape = torch.Size([32, 32, 5, 5])
1.7.1.4.1.bias       | nonzeros =      15 /      32             ( 46.88%) | total_pruned =      17 | shape = torch.Size([32])
1.7.1.5.weight       | nonzeros =      32 /      32             (100.00%) | total_pruned =       0 | shape = torch.Size([32])
1.7.1.5.bias         | nonzeros =       0 /      32             (  0.00%) | total_pruned =      32 | shape = torch.Size([32])
1.7.1.7.1.1.1.weight | nonzeros =   22479 /   51200             ( 43.90%) | total_pruned =   28721 | shape = torch.Size([64, 32, 5, 5])
1.7.1.7.1.1.1.bias   | nonzeros =      31 /      64             ( 48.44%) | total_pruned =      33 | shape = torch.Size([64])
1.7.1.7.1.2.weight   | nonzeros =      64 /      64             (100.00%) | total_pruned =       0 | shape = torch.Size([64])
1.7.1.7.1.2.bias     | nonzeros =       0 /      64             (  0.00%) | total_pruned =      64 | shape = torch.Size([64])
1.7.1.7.1.4.1.weight | nonzeros =   21464 /  102400             ( 20.96%) | total_pruned =   80936 | shape = torch.Size([64, 64, 5, 5])
1.7.1.7.1.4.1.bias   | nonzeros =      14 /      64             ( 21.88%) | total_pruned =      50 | shape = torch.Size([64])
1.7.1.7.1.5.weight   | nonzeros =      64 /      64             (100.00%) | total_pruned =       0 | shape = torch.Size([64])
1.7.1.7.1.5.bias     | nonzeros =       0 /      64             (  0.00%) | total_pruned =      64 | shape = torch.Size([64])
1.7.1.7.1.7.1.1.1.weight | nonzeros =   42834 /  204800             ( 20.92%) | total_pruned =  161966 | shape = torch.Size([128, 64, 5, 5])
1.7.1.7.1.7.1.1.1.bias | nonzeros =      25 /     128             ( 19.53%) | total_pruned =     103 | shape = torch.Size([128])
1.7.1.7.1.7.1.2.weight | nonzeros =     128 /     128             (100.00%) | total_pruned =       0 | shape = torch.Size([128])
1.7.1.7.1.7.1.2.bias | nonzeros =       0 /     128             (  0.00%) | total_pruned =     128 | shape = torch.Size([128])
1.7.1.7.1.7.1.4.1.weight | nonzeros =       0 /  409600             (  0.00%) | total_pruned =  409600 | shape = torch.Size([128, 128, 5, 5])
1.7.1.7.1.7.1.4.1.bias | nonzeros =       0 /     128             (  0.00%) | total_pruned =     128 | shape = torch.Size([128])
1.7.1.7.1.7.1.5.weight | nonzeros =     128 /     128             (100.00%) | total_pruned =       0 | shape = torch.Size([128])
1.7.1.7.1.7.1.5.bias | nonzeros =       0 /     128             (  0.00%) | total_pruned =     128 | shape = torch.Size([128])
1.7.1.7.1.7.1.7.1.1.1.weight | nonzeros =       0 /  409600             (  0.00%) | total_pruned =  409600 | shape = torch.Size([128, 128, 5, 5])
1.7.1.7.1.7.1.7.1.1.1.bias | nonzeros =       0 /     128             (  0.00%) | total_pruned =     128 | shape = torch.Size([128])
1.7.1.7.1.7.1.7.1.2.weight | nonzeros =     128 /     128             (100.00%) | total_pruned =       0 | shape = torch.Size([128])
1.7.1.7.1.7.1.7.1.2.bias | nonzeros =       0 /     128             (  0.00%) | total_pruned =     128 | shape = torch.Size([128])
1.7.1.7.1.7.1.7.1.4.1.weight | nonzeros =       0 /  409600             (  0.00%) | total_pruned =  409600 | shape = torch.Size([128, 128, 5, 5])
1.7.1.7.1.7.1.7.1.4.1.bias | nonzeros =       0 /     128             (  0.00%) | total_pruned =     128 | shape = torch.Size([128])
1.7.1.7.1.7.1.7.1.5.weight | nonzeros =     128 /     128             (100.00%) | total_pruned =       0 | shape = torch.Size([128])
1.7.1.7.1.7.1.7.1.5.bias | nonzeros =       0 /     128             (  0.00%) | total_pruned =     128 | shape = torch.Size([128])
1.7.1.7.1.7.1.7.1.7.1.1.1.weight | nonzeros =       0 /  409600             (  0.00%) | total_pruned =  409600 | shape = torch.Size([128, 128, 5, 5])
1.7.1.7.1.7.1.7.1.7.1.1.1.bias | nonzeros =       0 /     128             (  0.00%) | total_pruned =     128 | shape = torch.Size([128])
1.7.1.7.1.7.1.7.1.7.1.2.weight | nonzeros =     128 /     128             (100.00%) | total_pruned =       0 | shape = torch.Size([128])
1.7.1.7.1.7.1.7.1.7.1.2.bias | nonzeros =       0 /     128             (  0.00%) | total_pruned =     128 | shape = torch.Size([128])
1.7.1.7.1.7.1.7.1.7.1.4.1.weight | nonzeros =       0 /  409600             (  0.00%) | total_pruned =  409600 | shape = torch.Size([128, 128, 5, 5])
1.7.1.7.1.7.1.7.1.7.1.4.1.bias | nonzeros =       0 /     128             (  0.00%) | total_pruned =     128 | shape = torch.Size([128])
1.7.1.7.1.7.1.7.1.7.1.5.weight | nonzeros =     128 /     128             (100.00%) | total_pruned =       0 | shape = torch.Size([128])
1.7.1.7.1.7.1.7.1.7.1.5.bias | nonzeros =       0 /     128             (  0.00%) | total_pruned =     128 | shape = torch.Size([128])
1.7.1.7.1.7.1.7.1.7.2.weight | nonzeros =     128 /     128             (100.00%) | total_pruned =       0 | shape = torch.Size([128])
1.7.1.7.1.7.1.7.1.7.2.bias | nonzeros =       0 /     128             (  0.00%) | total_pruned =     128 | shape = torch.Size([128])
1.7.1.7.1.7.1.7.1.7.3.1.weight | nonzeros =   48780 /  147456             ( 33.08%) | total_pruned =   98676 | shape = torch.Size([128, 128, 3, 3])
1.7.1.7.1.7.1.7.1.7.3.1.bias | nonzeros =      37 /     128             ( 28.91%) | total_pruned =      91 | shape = torch.Size([128])
1.7.1.7.1.7.1.7.1.7.4.weight | nonzeros =     128 /     128             (100.00%) | total_pruned =       0 | shape = torch.Size([128])
1.7.1.7.1.7.1.7.1.7.4.bias | nonzeros =       0 /     128             (  0.00%) | total_pruned =     128 | shape = torch.Size([128])
1.7.1.7.1.7.1.7.2.weight | nonzeros =     128 /     128             (100.00%) | total_pruned =       0 | shape = torch.Size([128])
1.7.1.7.1.7.1.7.2.bias | nonzeros =       0 /     128             (  0.00%) | total_pruned =     128 | shape = torch.Size([128])
1.7.1.7.1.7.1.7.3.1.weight | nonzeros =   48475 /  147456             ( 32.87%) | total_pruned =   98981 | shape = torch.Size([128, 128, 3, 3])
1.7.1.7.1.7.1.7.3.1.bias | nonzeros =      34 /     128             ( 26.56%) | total_pruned =      94 | shape = torch.Size([128])
1.7.1.7.1.7.1.7.4.weight | nonzeros =     128 /     128             (100.00%) | total_pruned =       0 | shape = torch.Size([128])
1.7.1.7.1.7.1.7.4.bias | nonzeros =       0 /     128             (  0.00%) | total_pruned =     128 | shape = torch.Size([128])
1.7.1.7.1.7.2.weight | nonzeros =     128 /     128             (100.00%) | total_pruned =       0 | shape = torch.Size([128])
1.7.1.7.1.7.2.bias   | nonzeros =       0 /     128             (  0.00%) | total_pruned =     128 | shape = torch.Size([128])
1.7.1.7.1.7.3.1.weight | nonzeros =   48531 /  147456             ( 32.91%) | total_pruned =   98925 | shape = torch.Size([128, 128, 3, 3])
1.7.1.7.1.7.3.1.bias | nonzeros =      36 /     128             ( 28.12%) | total_pruned =      92 | shape = torch.Size([128])
1.7.1.7.1.7.4.weight | nonzeros =     128 /     128             (100.00%) | total_pruned =       0 | shape = torch.Size([128])
1.7.1.7.1.7.4.bias   | nonzeros =       0 /     128             (  0.00%) | total_pruned =     128 | shape = torch.Size([128])
1.7.1.7.2.weight     | nonzeros =     128 /     128             (100.00%) | total_pruned =       0 | shape = torch.Size([128])
1.7.1.7.2.bias       | nonzeros =       0 /     128             (  0.00%) | total_pruned =     128 | shape = torch.Size([128])
1.7.1.7.3.1.weight   | nonzeros =   24330 /   73728             ( 33.00%) | total_pruned =   49398 | shape = torch.Size([64, 128, 3, 3])
1.7.1.7.3.1.bias     | nonzeros =      21 /      64             ( 32.81%) | total_pruned =      43 | shape = torch.Size([64])
1.7.1.7.4.weight     | nonzeros =      64 /      64             (100.00%) | total_pruned =       0 | shape = torch.Size([64])
1.7.1.7.4.bias       | nonzeros =       0 /      64             (  0.00%) | total_pruned =      64 | shape = torch.Size([64])
1.7.2.weight         | nonzeros =      64 /      64             (100.00%) | total_pruned =       0 | shape = torch.Size([64])
1.7.2.bias           | nonzeros =       0 /      64             (  0.00%) | total_pruned =      64 | shape = torch.Size([64])
1.7.3.1.weight       | nonzeros =    9680 /   18432             ( 52.52%) | total_pruned =    8752 | shape = torch.Size([32, 64, 3, 3])
1.7.3.1.bias         | nonzeros =      18 /      32             ( 56.25%) | total_pruned =      14 | shape = torch.Size([32])
1.7.4.weight         | nonzeros =      32 /      32             (100.00%) | total_pruned =       0 | shape = torch.Size([32])
1.7.4.bias           | nonzeros =       0 /      32             (  0.00%) | total_pruned =      32 | shape = torch.Size([32])
2.weight             | nonzeros =      32 /      32             (100.00%) | total_pruned =       0 | shape = torch.Size([32])
2.bias               | nonzeros =       0 /      32             (  0.00%) | total_pruned =      32 | shape = torch.Size([32])
3.1.weight           | nonzeros =    3076 /    4608             ( 66.75%) | total_pruned =    1532 | shape = torch.Size([16, 32, 3, 3])
3.1.bias             | nonzeros =      11 /      16             ( 68.75%) | total_pruned =       5 | shape = torch.Size([16])
4.weight             | nonzeros =      16 /      16             (100.00%) | total_pruned =       0 | shape = torch.Size([16])
4.bias               | nonzeros =       0 /      16             (  0.00%) | total_pruned =      16 | shape = torch.Size([16])
6.1.weight           | nonzeros =      43 /      48             ( 89.58%) | total_pruned =       5 | shape = torch.Size([3, 16, 1, 1])
6.1.bias             | nonzeros =       3 /       3             (100.00%) | total_pruned =       0 | shape = torch.Size([3])
alive: 300677, pruned : 2708190, total: 3008867, Compression rate :      10.01x  ( 90.01% pruned)
Initial PSNR of output image is:  11.667249631935624
epoch:  0 loss:  0.07415458559989929 PSNR:  11.667249631935624
epoch:  200 loss:  0.06763137131929398 PSNR:  12.137607543422348
epoch:  400 loss:  0.06763137876987457 PSNR:  12.137610719466945
epoch:  600 loss:  0.06763137876987457 PSNR:  12.137610719466945
epoch:  800 loss:  0.06763137876987457 PSNR:  12.137610719466945
epoch:  1000 loss:  0.06763137876987457 PSNR:  12.137610719466945
epoch:  1200 loss:  0.06763137876987457 PSNR:  12.137610719466945
epoch:  1400 loss:  0.06763137876987457 PSNR:  12.137610719466945
epoch:  1600 loss:  0.06763137876987457 PSNR:  12.137610454796475
epoch:  1800 loss:  0.06763137876987457 PSNR:  12.137610719466945
epoch:  2000 loss:  0.06763137876987457 PSNR:  12.137610454796475
epoch:  2200 loss:  0.06763137876987457 PSNR:  12.137610719466945
epoch:  2400 loss:  0.06763137876987457 PSNR:  12.137610454796475
epoch:  2600 loss:  0.06763137876987457 PSNR:  12.137610719466945
epoch:  2800 loss:  0.06763137876987457 PSNR:  12.137610454796475
epoch:  3000 loss:  0.06763137876987457 PSNR:  12.137610190126018
epoch:  3200 loss:  0.06763137876987457 PSNR:  12.137610719466945
epoch:  3400 loss:  0.06763137876987457 PSNR:  12.137610454796475
epoch:  3600 loss:  0.06763137876987457 PSNR:  12.137610719466945
epoch:  3800 loss:  0.06763137876987457 PSNR:  12.137610719466945
epoch:  4000 loss:  0.06763137131929398 PSNR:  12.137610719466945
epoch:  4200 loss:  0.06763137876987457 PSNR:  12.137610454796475
epoch:  4400 loss:  0.06763137876987457 PSNR:  12.137610454796475
epoch:  4600 loss:  0.06763137876987457 PSNR:  12.137610719466945
epoch:  4800 loss:  0.06763137876987457 PSNR:  12.137610719466945
epoch:  5000 loss:  0.06763137876987457 PSNR:  12.137611248807938
epoch:  5200 loss:  0.06763137876987457 PSNR:  12.137610454796475
epoch:  5400 loss:  0.06763137876987457 PSNR:  12.137610454796475
epoch:  5600 loss:  0.06763137876987457 PSNR:  12.137614424855244
epoch:  5800 loss:  0.06763137876987457 PSNR:  12.137612307490112
epoch:  6000 loss:  0.06763137876987457 PSNR:  12.137610719466945
epoch:  6200 loss:  0.06763137876987457 PSNR:  12.137610454796475
epoch:  6400 loss:  0.06763137876987457 PSNR:  12.137609131444355
epoch:  6600 loss:  0.06763137131929398 PSNR:  12.137609131444355
epoch:  6800 loss:  0.06763139367103577 PSNR:  12.137595633275799
epoch:  7000 loss:  0.06763137876987457 PSNR:  12.137609396114748
epoch:  7200 loss:  0.06763137876987457 PSNR:  12.137603044029815
epoch:  7400 loss:  0.06763137876987457 PSNR:  12.137609660785156
epoch:  7600 loss:  0.06763137876987457 PSNR:  12.137609396114748
epoch:  7800 loss:  0.06763137876987457 PSNR:  12.137609396114748
epoch:  8000 loss:  0.06763137876987457 PSNR:  12.137609660785156
epoch:  8200 loss:  0.06763137876987457 PSNR:  12.137611513478458
epoch:  8400 loss:  0.06763137876987457 PSNR:  12.137610190126018
epoch:  8600 loss:  0.06763137876987457 PSNR:  12.137611248807938
epoch:  8800 loss:  0.06763137876987457 PSNR:  12.137610190126018
epoch:  9000 loss:  0.06763137876987457 PSNR:  12.137612307490112
epoch:  9200 loss:  0.06763137876987457 PSNR:  12.137609396114748
epoch:  9400 loss:  0.06763138622045517 PSNR:  12.137615483538195
epoch:  9600 loss:  0.06763139367103577 PSNR:  12.137596956623804
epoch:  9800 loss:  0.06763137876987457 PSNR:  12.137612307490112
epoch:  10000 loss:  0.06763137876987457 PSNR:  12.137608602103624
epoch:  10200 loss:  0.06763137876987457 PSNR:  12.137609131444355
epoch:  10400 loss:  0.06763137876987457 PSNR:  12.137614689525957
epoch:  10600 loss:  0.06763139367103577 PSNR:  12.137616542221403
epoch:  10800 loss:  0.06763137876987457 PSNR:  12.137611248807938
epoch:  11000 loss:  0.06763137876987457 PSNR:  12.137610190126018
epoch:  11200 loss:  0.06763137876987457 PSNR:  12.137609660785156
epoch:  11400 loss:  0.06763137876987457 PSNR:  12.137611513478458
epoch:  11600 loss:  0.06763137876987457 PSNR:  12.137608072762953
epoch:  11800 loss:  0.06763137876987457 PSNR:  12.13761336617255
epoch:  12000 loss:  0.06763137876987457 PSNR:  12.137610190126018
epoch:  12200 loss:  0.06763137876987457 PSNR:  12.137610190126018
epoch:  12400 loss:  0.06763139367103577 PSNR:  12.137617865575779
epoch:  12600 loss:  0.06763137876987457 PSNR:  12.137590339887819
epoch:  12800 loss:  0.06763137876987457 PSNR:  12.137594574597689
epoch:  13000 loss:  0.06763137876987457 PSNR:  12.137601191340124
epoch:  13200 loss:  0.06763137876987457 PSNR:  12.137606484741333
epoch:  13400 loss:  0.06763137876987457 PSNR:  12.137608602103624
epoch:  13600 loss:  0.06763137876987457 PSNR:  12.137608337433281
epoch:  13800 loss:  0.06763137876987457 PSNR:  12.137613630843198
epoch:  14000 loss:  0.06763137876987457 PSNR:  12.137609396114748
epoch:  14200 loss:  0.06763137876987457 PSNR:  12.137609396114748
epoch:  14400 loss:  0.06763137876987457 PSNR:  12.137615748208972
epoch:  14600 loss:  0.06763139367103577 PSNR:  12.137653596296328
epoch:  14800 loss:  0.06763137876987457 PSNR:  12.137588487203548
epoch:  15000 loss:  0.06763137876987457 PSNR:  12.137616806892247
epoch:  15200 loss:  0.06763137876987457 PSNR:  12.13761336617255
epoch:  15400 loss:  0.06763137876987457 PSNR:  12.137610190126018
epoch:  15600 loss:  0.06763137876987457 PSNR:  12.137611778148994
epoch:  15800 loss:  0.06763139367103577 PSNR:  12.137570225072327
epoch:  16000 loss:  0.06763137876987457 PSNR:  12.137620247614668
epoch:  16200 loss:  0.06763137876987457 PSNR:  12.137608072762953
epoch:  16400 loss:  0.06763137876987457 PSNR:  12.137612307490112
epoch:  16600 loss:  0.06763137876987457 PSNR:  12.137609660785156
epoch:  16800 loss:  0.06763137876987457 PSNR:  12.137608602103624
epoch:  17000 loss:  0.06763137876987457 PSNR:  12.137610719466945
epoch:  17200 loss:  0.06763137876987457 PSNR:  12.137614424855244
epoch:  17400 loss:  0.06763138622045517 PSNR:  12.137601191340124
epoch:  17600 loss:  0.06763137876987457 PSNR:  12.13760622007112
epoch:  17800 loss:  0.06763137876987457 PSNR:  12.137609396114748
epoch:  18000 loss:  0.06763137876987457 PSNR:  12.137610190126018
epoch:  18200 loss:  0.06763137876987457 PSNR:  12.137610719466945
epoch:  18400 loss:  0.06763139367103577 PSNR:  12.137620776956823
epoch:  18600 loss:  0.06763141602277756 PSNR:  12.13758795786533
epoch:  18800 loss:  0.06763138622045517 PSNR:  12.137642215368247
epoch:  19000 loss:  0.06763137876987457 PSNR:  12.13760066200036
epoch:  19200 loss:  0.06763137876987457 PSNR:  12.137600926670233
epoch:  19400 loss:  0.06763137876987457 PSNR:  12.137606484741333
epoch:  19600 loss:  0.06763137876987457 PSNR:  12.137598015302498
epoch:  19800 loss:  0.06763137876987457 PSNR:  12.137608072762953
epoch:  20000 loss:  0.06763137876987457 PSNR:  12.137610454796475
epoch:  20200 loss:  0.06763137876987457 PSNR:  12.137610719466945
epoch:  20400 loss:  0.06763139367103577 PSNR:  12.137595368606249
epoch:  20600 loss:  0.06763137876987457 PSNR:  12.137619188930557
epoch:  20800 loss:  0.06763137876987457 PSNR:  12.137608337433281
epoch:  21000 loss:  0.06763137131929398 PSNR:  12.137610190126018
epoch:  21200 loss:  0.06763140857219696 PSNR:  12.137623158997311
epoch:  21400 loss:  0.06763139367103577 PSNR:  12.137597485963118
epoch:  21600 loss:  0.06763137876987457 PSNR:  12.137606484741333
epoch:  21800 loss:  0.06763137876987457 PSNR:  12.137610454796475
epoch:  22000 loss:  0.06763137876987457 PSNR:  12.137611778148994
epoch:  22200 loss:  0.06763137876987457 PSNR:  12.137640892006452
epoch:  22400 loss:  0.06763137876987457 PSNR:  12.137615748208972
epoch:  22600 loss:  0.06763137876987457 PSNR:  12.137606484741333
epoch:  22800 loss:  0.06763137876987457 PSNR:  12.137610454796475
epoch:  23000 loss:  0.06763137876987457 PSNR:  12.137609660785156
epoch:  23200 loss:  0.06763138622045517 PSNR:  12.137618659588599
epoch:  23400 loss:  0.06763137876987457 PSNR:  12.137608072762953
epoch:  23600 loss:  0.06763138622045517 PSNR:  12.137648832183267
epoch:  23800 loss:  0.06763138622045517 PSNR:  12.137610454796475
epoch:  24000 loss:  0.06763138622045517 PSNR:  12.13760622007112
epoch:  24200 loss:  0.06763140857219696 PSNR:  12.137625276367729
epoch:  24400 loss:  0.06763137876987457 PSNR:  12.137610719466945
epoch:  24600 loss:  0.06763137876987457 PSNR:  12.137607543422348
epoch:  24800 loss:  0.06763137876987457 PSNR:  12.137607278752071
epoch:  25000 loss:  0.06763137876987457 PSNR:  12.137614424855244
epoch:  25200 loss:  0.06763138622045517 PSNR:  12.137576312440867
epoch:  25400 loss:  0.06763137876987457 PSNR:  12.137605161390425
epoch:  25600 loss:  0.06763137876987457 PSNR:  12.137610190126018
epoch:  25800 loss:  0.06763137876987457 PSNR:  12.137610719466945
epoch:  26000 loss:  0.06763137876987457 PSNR:  12.137605955400923
epoch:  26200 loss:  0.06763138622045517 PSNR:  12.137611248807938
epoch:  26400 loss:  0.06763137876987457 PSNR:  12.137610190126018
epoch:  26600 loss:  0.06763137131929398 PSNR:  12.137610719466945
epoch:  26800 loss:  0.06763140857219696 PSNR:  12.137619718272582
epoch:  27000 loss:  0.06763140112161636 PSNR:  12.137583987830755
epoch:  27200 loss:  0.06763137876987457 PSNR:  12.137620247614668
epoch:  27400 loss:  0.06763137876987457 PSNR:  12.137600926670233
epoch:  27600 loss:  0.06763137876987457 PSNR:  12.137610719466945
epoch:  27800 loss:  0.06763137876987457 PSNR:  12.137612307490112
epoch:  28000 loss:  0.06763138622045517 PSNR:  12.13760225001985
epoch:  28200 loss:  0.06763138622045517 PSNR:  12.137617071563104
epoch:  28400 loss:  0.06763137131929398 PSNR:  12.137610190126018
epoch:  28600 loss:  0.06763137876987457 PSNR:  12.1376456561108
epoch:  28800 loss:  0.06763137876987457 PSNR:  12.137616542221403
epoch:  29000 loss:  0.06763137876987457 PSNR:  12.13760622007112
epoch:  29200 loss:  0.06763137876987457 PSNR:  12.137622100312488
epoch:  29400 loss:  0.06763137876987457 PSNR:  12.137612307490112
epoch:  29600 loss:  0.06763137876987457 PSNR:  12.137611513478458
epoch:  29800 loss:  0.06763137876987457 PSNR:  12.137630569798294
epoch:  30000 loss:  0.06763137876987457 PSNR:  12.137594574597689
epoch:  30200 loss:  0.06763137131929398 PSNR:  12.1376128368313
epoch:  30400 loss:  0.06763139367103577 PSNR:  12.137616806892247
epoch:  30600 loss:  0.06763137876987457 PSNR:  12.137608602103624
epoch:  30800 loss:  0.06763137876987457 PSNR:  12.137609396114748
epoch:  31000 loss:  0.06763137876987457 PSNR:  12.1376128368313
epoch:  31200 loss:  0.06763139367103577 PSNR:  12.137598809311685
epoch:  31400 loss:  0.06763137876987457 PSNR:  12.137607014081809
epoch:  31600 loss:  0.06763137876987457 PSNR:  12.137611248807938
epoch:  31800 loss:  0.06763137876987457 PSNR:  12.137613895513864
epoch:  32000 loss:  0.06763137876987457 PSNR:  12.137607014081809
epoch:  32200 loss:  0.06763137876987457 PSNR:  12.137627658410686
epoch:  32400 loss:  0.06763137876987457 PSNR:  12.137620776956823
epoch:  32600 loss:  0.06763139367103577 PSNR:  12.137615483538195
epoch:  32800 loss:  0.06763140112161636 PSNR:  12.1375977506328
epoch:  33000 loss:  0.06763137876987457 PSNR:  12.137608602103624
epoch:  33200 loss:  0.06763137876987457 PSNR:  12.137609660785156
epoch:  33400 loss:  0.06763139367103577 PSNR:  12.137674770195371
epoch:  33600 loss:  0.06763137876987457 PSNR:  12.137593515919834
epoch:  33800 loss:  0.06763137876987457 PSNR:  12.137604367380074
epoch:  34000 loss:  0.06763137876987457 PSNR:  12.137610454796475
epoch:  34200 loss:  0.06763137876987457 PSNR:  12.137610190126018
epoch:  34400 loss:  0.06763137131929398 PSNR:  12.137609396114748
epoch:  34600 loss:  0.06763137876987457 PSNR:  12.137610719466945
epoch:  34800 loss:  0.06763139367103577 PSNR:  12.137620247614668
epoch:  35000 loss:  0.06763137876987457 PSNR:  12.137599073981448
epoch:  35200 loss:  0.06763137131929398 PSNR:  12.137614689525957
epoch:  35400 loss:  0.06763137131929398 PSNR:  12.137610719466945
epoch:  35600 loss:  0.06763137876987457 PSNR:  12.1376128368313
epoch:  35800 loss:  0.06763139367103577 PSNR:  12.137672917475083
epoch:  36000 loss:  0.06763137131929398 PSNR:  12.137610190126018
epoch:  36200 loss:  0.06763137876987457 PSNR:  12.137571283744503
epoch:  36400 loss:  0.06763139367103577 PSNR:  12.137644597420493
epoch:  36600 loss:  0.06763138622045517 PSNR:  12.137626070381904
epoch:  36800 loss:  0.06763138622045517 PSNR:  12.13761892425957
epoch:  37000 loss:  0.06763137876987457 PSNR:  12.137604367380074
epoch:  37200 loss:  0.06763137876987457 PSNR:  12.137605955400923
epoch:  37400 loss:  0.06763137876987457 PSNR:  12.137608602103624
epoch:  37600 loss:  0.06763139367103577 PSNR:  12.13757975313121
epoch:  37800 loss:  0.06763137876987457 PSNR:  12.13761336617255
epoch:  38000 loss:  0.06763137876987457 PSNR:  12.137606484741333
epoch:  38200 loss:  0.06763137876987457 PSNR:  12.137609660785156
epoch:  38400 loss:  0.06763137876987457 PSNR:  12.137610719466945
epoch:  38600 loss:  0.06763138622045517 PSNR:  12.137605426060576
epoch:  38800 loss:  0.06763137876987457 PSNR:  12.13760622007112
epoch:  39000 loss:  0.06763137876987457 PSNR:  12.137620247614668
epoch:  39200 loss:  0.06763137876987457 PSNR:  12.137603838039922
epoch:  39400 loss:  0.06763138622045517 PSNR:  12.137621835641323
epoch:  39600 loss:  0.06763137876987457 PSNR:  12.137614689525957
epoch:  39800 loss:  0.06763137876987457 PSNR:  12.13761336617255
Output directory: data/denoising/Set14/mask/3/pai/mag_global/sparse_0.9
PSNR of output image is:  12.13761336617255
(3, 256, 256) (1, 3, 256, 256) (3, 256, 256)
Experiment done
(3, 256, 256)
Starting random mask  training on 3 using ADAM(sigma=0.1,lr=0.01,decay=0,beta=0)
Noisy PSNR is '20.335493578053637'
Pruning with threshold : 0.01977039873600006
1.1.1.weight         | nonzeros =    5707 /   12800             ( 44.59%) | total_pruned =    7093 | shape = torch.Size([16, 32, 5, 5])
1.1.1.bias           | nonzeros =       5 /      16             ( 31.25%) | total_pruned =      11 | shape = torch.Size([16])
1.2.weight           | nonzeros =      16 /      16             (100.00%) | total_pruned =       0 | shape = torch.Size([16])
1.2.bias             | nonzeros =       0 /      16             (  0.00%) | total_pruned =      16 | shape = torch.Size([16])
1.4.1.weight         | nonzeros =    3908 /    6400             ( 61.06%) | total_pruned =    2492 | shape = torch.Size([16, 16, 5, 5])
1.4.1.bias           | nonzeros =      12 /      16             ( 75.00%) | total_pruned =       4 | shape = torch.Size([16])
1.5.weight           | nonzeros =      16 /      16             (100.00%) | total_pruned =       0 | shape = torch.Size([16])
1.5.bias             | nonzeros =       0 /      16             (  0.00%) | total_pruned =      16 | shape = torch.Size([16])
1.7.1.1.1.weight     | nonzeros =    7766 /   12800             ( 60.67%) | total_pruned =    5034 | shape = torch.Size([32, 16, 5, 5])
1.7.1.1.1.bias       | nonzeros =      13 /      32             ( 40.62%) | total_pruned =      19 | shape = torch.Size([32])
1.7.1.2.weight       | nonzeros =      32 /      32             (100.00%) | total_pruned =       0 | shape = torch.Size([32])
1.7.1.2.bias         | nonzeros =       0 /      32             (  0.00%) | total_pruned =      32 | shape = torch.Size([32])
1.7.1.4.1.weight     | nonzeros =   11254 /   25600             ( 43.96%) | total_pruned =   14346 | shape = torch.Size([32, 32, 5, 5])
1.7.1.4.1.bias       | nonzeros =      14 /      32             ( 43.75%) | total_pruned =      18 | shape = torch.Size([32])
1.7.1.5.weight       | nonzeros =      32 /      32             (100.00%) | total_pruned =       0 | shape = torch.Size([32])
1.7.1.5.bias         | nonzeros =       0 /      32             (  0.00%) | total_pruned =      32 | shape = torch.Size([32])
1.7.1.7.1.1.1.weight | nonzeros =   22469 /   51200             ( 43.88%) | total_pruned =   28731 | shape = torch.Size([64, 32, 5, 5])
1.7.1.7.1.1.1.bias   | nonzeros =      30 /      64             ( 46.88%) | total_pruned =      34 | shape = torch.Size([64])
1.7.1.7.1.2.weight   | nonzeros =      64 /      64             (100.00%) | total_pruned =       0 | shape = torch.Size([64])
1.7.1.7.1.2.bias     | nonzeros =       0 /      64             (  0.00%) | total_pruned =      64 | shape = torch.Size([64])
1.7.1.7.1.4.1.weight | nonzeros =   21483 /  102400             ( 20.98%) | total_pruned =   80917 | shape = torch.Size([64, 64, 5, 5])
1.7.1.7.1.4.1.bias   | nonzeros =      17 /      64             ( 26.56%) | total_pruned =      47 | shape = torch.Size([64])
1.7.1.7.1.5.weight   | nonzeros =      64 /      64             (100.00%) | total_pruned =       0 | shape = torch.Size([64])
1.7.1.7.1.5.bias     | nonzeros =       0 /      64             (  0.00%) | total_pruned =      64 | shape = torch.Size([64])
1.7.1.7.1.7.1.1.1.weight | nonzeros =   43227 /  204800             ( 21.11%) | total_pruned =  161573 | shape = torch.Size([128, 64, 5, 5])
1.7.1.7.1.7.1.1.1.bias | nonzeros =      23 /     128             ( 17.97%) | total_pruned =     105 | shape = torch.Size([128])
1.7.1.7.1.7.1.2.weight | nonzeros =     128 /     128             (100.00%) | total_pruned =       0 | shape = torch.Size([128])
1.7.1.7.1.7.1.2.bias | nonzeros =       0 /     128             (  0.00%) | total_pruned =     128 | shape = torch.Size([128])
1.7.1.7.1.7.1.4.1.weight | nonzeros =       0 /  409600             (  0.00%) | total_pruned =  409600 | shape = torch.Size([128, 128, 5, 5])
1.7.1.7.1.7.1.4.1.bias | nonzeros =       0 /     128             (  0.00%) | total_pruned =     128 | shape = torch.Size([128])
1.7.1.7.1.7.1.5.weight | nonzeros =     128 /     128             (100.00%) | total_pruned =       0 | shape = torch.Size([128])
1.7.1.7.1.7.1.5.bias | nonzeros =       0 /     128             (  0.00%) | total_pruned =     128 | shape = torch.Size([128])
1.7.1.7.1.7.1.7.1.1.1.weight | nonzeros =       0 /  409600             (  0.00%) | total_pruned =  409600 | shape = torch.Size([128, 128, 5, 5])
1.7.1.7.1.7.1.7.1.1.1.bias | nonzeros =       0 /     128             (  0.00%) | total_pruned =     128 | shape = torch.Size([128])
1.7.1.7.1.7.1.7.1.2.weight | nonzeros =     128 /     128             (100.00%) | total_pruned =       0 | shape = torch.Size([128])
1.7.1.7.1.7.1.7.1.2.bias | nonzeros =       0 /     128             (  0.00%) | total_pruned =     128 | shape = torch.Size([128])
1.7.1.7.1.7.1.7.1.4.1.weight | nonzeros =       0 /  409600             (  0.00%) | total_pruned =  409600 | shape = torch.Size([128, 128, 5, 5])
1.7.1.7.1.7.1.7.1.4.1.bias | nonzeros =       0 /     128             (  0.00%) | total_pruned =     128 | shape = torch.Size([128])
1.7.1.7.1.7.1.7.1.5.weight | nonzeros =     128 /     128             (100.00%) | total_pruned =       0 | shape = torch.Size([128])
1.7.1.7.1.7.1.7.1.5.bias | nonzeros =       0 /     128             (  0.00%) | total_pruned =     128 | shape = torch.Size([128])
1.7.1.7.1.7.1.7.1.7.1.1.1.weight | nonzeros =       0 /  409600             (  0.00%) | total_pruned =  409600 | shape = torch.Size([128, 128, 5, 5])
1.7.1.7.1.7.1.7.1.7.1.1.1.bias | nonzeros =       0 /     128             (  0.00%) | total_pruned =     128 | shape = torch.Size([128])
1.7.1.7.1.7.1.7.1.7.1.2.weight | nonzeros =     128 /     128             (100.00%) | total_pruned =       0 | shape = torch.Size([128])
1.7.1.7.1.7.1.7.1.7.1.2.bias | nonzeros =       0 /     128             (  0.00%) | total_pruned =     128 | shape = torch.Size([128])
1.7.1.7.1.7.1.7.1.7.1.4.1.weight | nonzeros =       0 /  409600             (  0.00%) | total_pruned =  409600 | shape = torch.Size([128, 128, 5, 5])
1.7.1.7.1.7.1.7.1.7.1.4.1.bias | nonzeros =       0 /     128             (  0.00%) | total_pruned =     128 | shape = torch.Size([128])
1.7.1.7.1.7.1.7.1.7.1.5.weight | nonzeros =     128 /     128             (100.00%) | total_pruned =       0 | shape = torch.Size([128])
1.7.1.7.1.7.1.7.1.7.1.5.bias | nonzeros =       0 /     128             (  0.00%) | total_pruned =     128 | shape = torch.Size([128])
1.7.1.7.1.7.1.7.1.7.2.weight | nonzeros =     128 /     128             (100.00%) | total_pruned =       0 | shape = torch.Size([128])
1.7.1.7.1.7.1.7.1.7.2.bias | nonzeros =       0 /     128             (  0.00%) | total_pruned =     128 | shape = torch.Size([128])
1.7.1.7.1.7.1.7.1.7.3.1.weight | nonzeros =   48441 /  147456             ( 32.85%) | total_pruned =   99015 | shape = torch.Size([128, 128, 3, 3])
1.7.1.7.1.7.1.7.1.7.3.1.bias | nonzeros =      39 /     128             ( 30.47%) | total_pruned =      89 | shape = torch.Size([128])
1.7.1.7.1.7.1.7.1.7.4.weight | nonzeros =     128 /     128             (100.00%) | total_pruned =       0 | shape = torch.Size([128])
1.7.1.7.1.7.1.7.1.7.4.bias | nonzeros =       0 /     128             (  0.00%) | total_pruned =     128 | shape = torch.Size([128])
1.7.1.7.1.7.1.7.2.weight | nonzeros =     128 /     128             (100.00%) | total_pruned =       0 | shape = torch.Size([128])
1.7.1.7.1.7.1.7.2.bias | nonzeros =       0 /     128             (  0.00%) | total_pruned =     128 | shape = torch.Size([128])
1.7.1.7.1.7.1.7.3.1.weight | nonzeros =   48582 /  147456             ( 32.95%) | total_pruned =   98874 | shape = torch.Size([128, 128, 3, 3])
1.7.1.7.1.7.1.7.3.1.bias | nonzeros =      48 /     128             ( 37.50%) | total_pruned =      80 | shape = torch.Size([128])
1.7.1.7.1.7.1.7.4.weight | nonzeros =     128 /     128             (100.00%) | total_pruned =       0 | shape = torch.Size([128])
1.7.1.7.1.7.1.7.4.bias | nonzeros =       0 /     128             (  0.00%) | total_pruned =     128 | shape = torch.Size([128])
1.7.1.7.1.7.2.weight | nonzeros =     128 /     128             (100.00%) | total_pruned =       0 | shape = torch.Size([128])
1.7.1.7.1.7.2.bias   | nonzeros =       0 /     128             (  0.00%) | total_pruned =     128 | shape = torch.Size([128])
1.7.1.7.1.7.3.1.weight | nonzeros =   48611 /  147456             ( 32.97%) | total_pruned =   98845 | shape = torch.Size([128, 128, 3, 3])
1.7.1.7.1.7.3.1.bias | nonzeros =      43 /     128             ( 33.59%) | total_pruned =      85 | shape = torch.Size([128])
1.7.1.7.1.7.4.weight | nonzeros =     128 /     128             (100.00%) | total_pruned =       0 | shape = torch.Size([128])
1.7.1.7.1.7.4.bias   | nonzeros =       0 /     128             (  0.00%) | total_pruned =     128 | shape = torch.Size([128])
1.7.1.7.2.weight     | nonzeros =     128 /     128             (100.00%) | total_pruned =       0 | shape = torch.Size([128])
1.7.1.7.2.bias       | nonzeros =       0 /     128             (  0.00%) | total_pruned =     128 | shape = torch.Size([128])
1.7.1.7.3.1.weight   | nonzeros =   24163 /   73728             ( 32.77%) | total_pruned =   49565 | shape = torch.Size([64, 128, 3, 3])
1.7.1.7.3.1.bias     | nonzeros =      23 /      64             ( 35.94%) | total_pruned =      41 | shape = torch.Size([64])
1.7.1.7.4.weight     | nonzeros =      64 /      64             (100.00%) | total_pruned =       0 | shape = torch.Size([64])
1.7.1.7.4.bias       | nonzeros =       0 /      64             (  0.00%) | total_pruned =      64 | shape = torch.Size([64])
1.7.2.weight         | nonzeros =      64 /      64             (100.00%) | total_pruned =       0 | shape = torch.Size([64])
1.7.2.bias           | nonzeros =       0 /      64             (  0.00%) | total_pruned =      64 | shape = torch.Size([64])
1.7.3.1.weight       | nonzeros =    9565 /   18432             ( 51.89%) | total_pruned =    8867 | shape = torch.Size([32, 64, 3, 3])
1.7.3.1.bias         | nonzeros =      13 /      32             ( 40.62%) | total_pruned =      19 | shape = torch.Size([32])
1.7.4.weight         | nonzeros =      32 /      32             (100.00%) | total_pruned =       0 | shape = torch.Size([32])
1.7.4.bias           | nonzeros =       0 /      32             (  0.00%) | total_pruned =      32 | shape = torch.Size([32])
2.weight             | nonzeros =      32 /      32             (100.00%) | total_pruned =       0 | shape = torch.Size([32])
2.bias               | nonzeros =       0 /      32             (  0.00%) | total_pruned =      32 | shape = torch.Size([32])
3.1.weight           | nonzeros =    3075 /    4608             ( 66.73%) | total_pruned =    1533 | shape = torch.Size([16, 32, 3, 3])
3.1.bias             | nonzeros =       7 /      16             ( 43.75%) | total_pruned =       9 | shape = torch.Size([16])
4.weight             | nonzeros =      16 /      16             (100.00%) | total_pruned =       0 | shape = torch.Size([16])
4.bias               | nonzeros =       0 /      16             (  0.00%) | total_pruned =      16 | shape = torch.Size([16])
6.1.weight           | nonzeros =      41 /      48             ( 85.42%) | total_pruned =       7 | shape = torch.Size([3, 16, 1, 1])
6.1.bias             | nonzeros =       2 /       3             ( 66.67%) | total_pruned =       1 | shape = torch.Size([3])
alive: 300677, pruned : 2708190, total: 3008867, Compression rate :      10.01x  ( 90.01% pruned)
Initial PSNR of output image is:  11.669946129766993
epoch:  0 loss:  0.07384292781352997 PSNR:  11.669946129766993
epoch:  200 loss:  0.07178829610347748 PSNR:  11.801132130978056
epoch:  400 loss:  0.07178829610347748 PSNR:  11.801131151222833
epoch:  600 loss:  0.07178829610347748 PSNR:  11.801131151222833
epoch:  800 loss:  0.07178828865289688 PSNR:  11.801131641100415
epoch:  1000 loss:  0.07178829610347748 PSNR:  11.801131151222833
epoch:  1200 loss:  0.07178829610347748 PSNR:  11.801131151222833
epoch:  1400 loss:  0.07178828865289688 PSNR:  11.801131641100415
epoch:  1600 loss:  0.07178828865289688 PSNR:  11.801131641100415
epoch:  1800 loss:  0.07178829610347748 PSNR:  11.801131151222833
epoch:  2000 loss:  0.07178828865289688 PSNR:  11.801131641100415
epoch:  2200 loss:  0.07178828865289688 PSNR:  11.801131641100415
epoch:  2400 loss:  0.07178828865289688 PSNR:  11.801131641100415
epoch:  2600 loss:  0.07178828865289688 PSNR:  11.801131641100415
epoch:  2800 loss:  0.07178828865289688 PSNR:  11.801131641100415
epoch:  3000 loss:  0.07178828865289688 PSNR:  11.801131641100415
epoch:  3200 loss:  0.07178829610347748 PSNR:  11.801131151222833
epoch:  3400 loss:  0.07178828865289688 PSNR:  11.801131641100415
epoch:  3600 loss:  0.07178829610347748 PSNR:  11.801131151222833
epoch:  3800 loss:  0.07178828865289688 PSNR:  11.801131641100415
epoch:  4000 loss:  0.07178829610347748 PSNR:  11.801131151222833
epoch:  4200 loss:  0.07178828865289688 PSNR:  11.801131641100415
epoch:  4400 loss:  0.07178828865289688 PSNR:  11.801131641100415
epoch:  4600 loss:  0.07178828865289688 PSNR:  11.801131641100415
epoch:  4800 loss:  0.07178829610347748 PSNR:  11.801131641100415
epoch:  5000 loss:  0.07178828865289688 PSNR:  11.801131641100415
epoch:  5200 loss:  0.07178829610347748 PSNR:  11.801131151222833
epoch:  5400 loss:  0.07178829610347748 PSNR:  11.801131151222833
epoch:  5600 loss:  0.07178829610347748 PSNR:  11.801131641100415
epoch:  5800 loss:  0.07178829610347748 PSNR:  11.801132620855752
epoch:  6000 loss:  0.07178829610347748 PSNR:  11.801130661345303
epoch:  6200 loss:  0.07178829610347748 PSNR:  11.801131151222833
epoch:  6400 loss:  0.07178829610347748 PSNR:  11.801131641100415
epoch:  6600 loss:  0.07178829610347748 PSNR:  11.801129191713047
epoch:  6800 loss:  0.07178829610347748 PSNR:  11.80112968159041
epoch:  7000 loss:  0.07178829610347748 PSNR:  11.801132130978056
epoch:  7200 loss:  0.07178829610347748 PSNR:  11.801131151222833
epoch:  7400 loss:  0.07178829610347748 PSNR:  11.801132130978056
epoch:  7600 loss:  0.07178828865289688 PSNR:  11.801131641100415
epoch:  7800 loss:  0.07178829610347748 PSNR:  11.801131641100415
epoch:  8000 loss:  0.07178829610347748 PSNR:  11.801132130978056
epoch:  8200 loss:  0.07178829610347748 PSNR:  11.801131641100415
epoch:  8400 loss:  0.07178829610347748 PSNR:  11.801125272696124
epoch:  8600 loss:  0.07178829610347748 PSNR:  11.801136539879305
epoch:  8800 loss:  0.07178829610347748 PSNR:  11.801133110733502
epoch:  9000 loss:  0.07178829610347748 PSNR:  11.801132130978056
epoch:  9200 loss:  0.07178829610347748 PSNR:  11.801132130978056
epoch:  9400 loss:  0.07178829610347748 PSNR:  11.801131151222833
epoch:  9600 loss:  0.07178829610347748 PSNR:  11.801132620855752
epoch:  9800 loss:  0.07178829610347748 PSNR:  11.801132620855752
epoch:  10000 loss:  0.07178828865289688 PSNR:  11.801132620855752
epoch:  10200 loss:  0.07178829610347748 PSNR:  11.801128701835736
epoch:  10400 loss:  0.07178829610347748 PSNR:  11.801131641100415
epoch:  10600 loss:  0.07178829610347748 PSNR:  11.801132620855752
epoch:  10800 loss:  0.07178828865289688 PSNR:  11.801131641100415
epoch:  11000 loss:  0.07178829610347748 PSNR:  11.801131641100415
epoch:  11200 loss:  0.07178829610347748 PSNR:  11.801132620855752
epoch:  11400 loss:  0.07178829610347748 PSNR:  11.801131641100415
epoch:  11600 loss:  0.07178829610347748 PSNR:  11.801131641100415
epoch:  11800 loss:  0.07178829610347748 PSNR:  11.801132620855752
epoch:  12000 loss:  0.07178829610347748 PSNR:  11.801130661345303
epoch:  12200 loss:  0.07178829610347748 PSNR:  11.801132130978056
epoch:  12400 loss:  0.07178829610347748 PSNR:  11.801130661345303
epoch:  12600 loss:  0.07178829610347748 PSNR:  11.801132620855752
epoch:  12800 loss:  0.07178831100463867 PSNR:  11.801128701835736
epoch:  13000 loss:  0.07178829610347748 PSNR:  11.801132620855752
epoch:  13200 loss:  0.07178829610347748 PSNR:  11.80112968159041
epoch:  13400 loss:  0.07178829610347748 PSNR:  11.801133110733502
epoch:  13600 loss:  0.07178829610347748 PSNR:  11.801139479149288
epoch:  13800 loss:  0.07178830355405807 PSNR:  11.801139479149288
epoch:  14000 loss:  0.07178829610347748 PSNR:  11.801134580367085
epoch:  14200 loss:  0.07178829610347748 PSNR:  11.801136050001166
epoch:  14400 loss:  0.07178829610347748 PSNR:  11.801133600611308
epoch:  14600 loss:  0.07178829610347748 PSNR:  11.801130171467829
epoch:  14800 loss:  0.07178829610347748 PSNR:  11.801132130978056
epoch:  15000 loss:  0.07178829610347748 PSNR:  11.801133600611308
epoch:  15200 loss:  0.07178829610347748 PSNR:  11.801132130978056
epoch:  15400 loss:  0.07178829610347748 PSNR:  11.801133110733502
epoch:  15600 loss:  0.07178829610347748 PSNR:  11.80112968159041
epoch:  15800 loss:  0.07178832590579987 PSNR:  11.801135560123084
epoch:  16000 loss:  0.07178829610347748 PSNR:  11.801132130978056
epoch:  16200 loss:  0.07178829610347748 PSNR:  11.801130661345303
epoch:  16400 loss:  0.07178829610347748 PSNR:  11.801135070245056
epoch:  16600 loss:  0.07178829610347748 PSNR:  11.801129191713047
epoch:  16800 loss:  0.07178829610347748 PSNR:  11.801132130978056
epoch:  17000 loss:  0.07178829610347748 PSNR:  11.801132620855752
epoch:  17200 loss:  0.07178829610347748 PSNR:  11.801132130978056
epoch:  17400 loss:  0.07178829610347748 PSNR:  11.801128701835736
epoch:  17600 loss:  0.07178829610347748 PSNR:  11.80113409048917
epoch:  17800 loss:  0.07178829610347748 PSNR:  11.801132620855752
epoch:  18000 loss:  0.07178829610347748 PSNR:  11.801130171467829
epoch:  18200 loss:  0.07178829610347748 PSNR:  11.801132130978056
epoch:  18400 loss:  0.07178829610347748 PSNR:  11.801132620855752
epoch:  18600 loss:  0.07178829610347748 PSNR:  11.801132130978056
epoch:  18800 loss:  0.07178829610347748 PSNR:  11.801131641100415
epoch:  19000 loss:  0.07178829610347748 PSNR:  11.801132130978056
epoch:  19200 loss:  0.07178829610347748 PSNR:  11.801132130978056
epoch:  19400 loss:  0.07178829610347748 PSNR:  11.801133600611308
epoch:  19600 loss:  0.07178831100463867 PSNR:  11.80111694479691
epoch:  19800 loss:  0.07178829610347748 PSNR:  11.801135560123084
epoch:  20000 loss:  0.07178829610347748 PSNR:  11.801131151222833
epoch:  20200 loss:  0.07178829610347748 PSNR:  11.801133110733502
epoch:  20400 loss:  0.07178831100463867 PSNR:  11.801145357695226
epoch:  20600 loss:  0.07178829610347748 PSNR:  11.801136539879305
epoch:  20800 loss:  0.07178829610347748 PSNR:  11.801133600611308
epoch:  21000 loss:  0.07178829610347748 PSNR:  11.801132620855752
epoch:  21200 loss:  0.07178829610347748 PSNR:  11.801132130978056
epoch:  21400 loss:  0.07178829610347748 PSNR:  11.801132130978056
epoch:  21600 loss:  0.07178829610347748 PSNR:  11.801131641100415
epoch:  21800 loss:  0.07178828865289688 PSNR:  11.801132620855752
epoch:  22000 loss:  0.07178830355405807 PSNR:  11.801126742327055
epoch:  22200 loss:  0.07178829610347748 PSNR:  11.801130171467829
epoch:  22400 loss:  0.07178829610347748 PSNR:  11.801130171467829
epoch:  22600 loss:  0.07178829610347748 PSNR:  11.801132130978056
epoch:  22800 loss:  0.07178829610347748 PSNR:  11.801132130978056
epoch:  23000 loss:  0.07178829610347748 PSNR:  11.801131641100415
epoch:  23200 loss:  0.07178831100463867 PSNR:  11.801114985293534
epoch:  23400 loss:  0.07178831100463867 PSNR:  11.801117434672893
epoch:  23600 loss:  0.07178829610347748 PSNR:  11.801131641100415
epoch:  23800 loss:  0.07178829610347748 PSNR:  11.801133110733502
epoch:  24000 loss:  0.07178829610347748 PSNR:  11.801131641100415
epoch:  24200 loss:  0.07178829610347748 PSNR:  11.801131641100415
epoch:  24400 loss:  0.07178829610347748 PSNR:  11.801127722081286
epoch:  24600 loss:  0.07178829610347748 PSNR:  11.801130661345303
epoch:  24800 loss:  0.07178829610347748 PSNR:  11.801131641100415
epoch:  25000 loss:  0.07178830355405807 PSNR:  11.801137519635745
epoch:  25200 loss:  0.07178829610347748 PSNR:  11.801131641100415
epoch:  25400 loss:  0.07178831845521927 PSNR:  11.801144867816094
epoch:  25600 loss:  0.07178829610347748 PSNR:  11.801133600611308
epoch:  25800 loss:  0.07178829610347748 PSNR:  11.801137519635745
epoch:  26000 loss:  0.07178829610347748 PSNR:  11.801130171467829
epoch:  26200 loss:  0.07178829610347748 PSNR:  11.801132620855752
epoch:  26400 loss:  0.07178829610347748 PSNR:  11.801132130978056
epoch:  26600 loss:  0.07178829610347748 PSNR:  11.801132130978056
epoch:  26800 loss:  0.07178829610347748 PSNR:  11.801132130978056
epoch:  27000 loss:  0.07178829610347748 PSNR:  11.801131641100415
epoch:  27200 loss:  0.07178829610347748 PSNR:  11.801132130978056
epoch:  27400 loss:  0.07178829610347748 PSNR:  11.801132620855752
epoch:  27600 loss:  0.07178829610347748 PSNR:  11.801131641100415
epoch:  27800 loss:  0.07178829610347748 PSNR:  11.801130661345303
epoch:  28000 loss:  0.07178828865289688 PSNR:  11.801137519635745
epoch:  28200 loss:  0.07178829610347748 PSNR:  11.801132130978056
epoch:  28400 loss:  0.07178829610347748 PSNR:  11.801132620855752
epoch:  28600 loss:  0.07178829610347748 PSNR:  11.801136050001166
epoch:  28800 loss:  0.07178829610347748 PSNR:  11.801128701835736
epoch:  29000 loss:  0.07178829610347748 PSNR:  11.801132130978056
epoch:  29200 loss:  0.07178828865289688 PSNR:  11.801132620855752
epoch:  29400 loss:  0.07178829610347748 PSNR:  11.801132620855752
epoch:  29600 loss:  0.07178829610347748 PSNR:  11.801131641100415
epoch:  29800 loss:  0.07178829610347748 PSNR:  11.80112968159041
epoch:  30000 loss:  0.07178828865289688 PSNR:  11.801133600611308
epoch:  30200 loss:  0.07178829610347748 PSNR:  11.801131641100415
epoch:  30400 loss:  0.07178829610347748 PSNR:  11.801132620855752
epoch:  30600 loss:  0.07178829610347748 PSNR:  11.801132620855752
epoch:  30800 loss:  0.07178829610347748 PSNR:  11.801133110733502
epoch:  31000 loss:  0.07178829610347748 PSNR:  11.801128701835736
epoch:  31200 loss:  0.07178829610347748 PSNR:  11.801133600611308
epoch:  31400 loss:  0.07178829610347748 PSNR:  11.801132130978056
epoch:  31600 loss:  0.07178829610347748 PSNR:  11.801131641100415
epoch:  31800 loss:  0.07178829610347748 PSNR:  11.801131641100415
epoch:  32000 loss:  0.07178832590579987 PSNR:  11.801146337453654
epoch:  32200 loss:  0.07178829610347748 PSNR:  11.80112968159041
epoch:  32400 loss:  0.07178829610347748 PSNR:  11.801131641100415
epoch:  32600 loss:  0.07178829610347748 PSNR:  11.801132620855752
epoch:  32800 loss:  0.07178829610347748 PSNR:  11.801131641100415
epoch:  33000 loss:  0.07178828865289688 PSNR:  11.801131641100415
epoch:  33200 loss:  0.07178829610347748 PSNR:  11.801133110733502
epoch:  33400 loss:  0.07178829610347748 PSNR:  11.801132620855752
epoch:  33600 loss:  0.07178829610347748 PSNR:  11.801126742327055
epoch:  33800 loss:  0.07178829610347748 PSNR:  11.801131151222833
epoch:  34000 loss:  0.07178829610347748 PSNR:  11.801130171467829
epoch:  34200 loss:  0.07178829610347748 PSNR:  11.801128701835736
epoch:  34400 loss:  0.07178829610347748 PSNR:  11.801128701835736
epoch:  34600 loss:  0.07178829610347748 PSNR:  11.801132130978056
epoch:  34800 loss:  0.07178829610347748 PSNR:  11.801132130978056
epoch:  35000 loss:  0.07178828865289688 PSNR:  11.801129191713047
epoch:  35200 loss:  0.07178830355405807 PSNR:  11.801120863806316
epoch:  35400 loss:  0.07178829610347748 PSNR:  11.801133110733502
epoch:  35600 loss:  0.07178829610347748 PSNR:  11.801131641100415
epoch:  35800 loss:  0.07178829610347748 PSNR:  11.801131641100415
epoch:  36000 loss:  0.07178829610347748 PSNR:  11.801132130978056
epoch:  36200 loss:  0.07178831100463867 PSNR:  11.801116454920983
epoch:  36400 loss:  0.07178832590579987 PSNR:  11.801132620855752
epoch:  36600 loss:  0.07178829610347748 PSNR:  11.801132130978056
epoch:  36800 loss:  0.07178829610347748 PSNR:  11.801131151222833
epoch:  37000 loss:  0.07178829610347748 PSNR:  11.801135560123084
epoch:  37200 loss:  0.07178829610347748 PSNR:  11.801132130978056
epoch:  37400 loss:  0.07178829610347748 PSNR:  11.801131641100415
epoch:  37600 loss:  0.07178829610347748 PSNR:  11.801131641100415
epoch:  37800 loss:  0.07178828865289688 PSNR:  11.801132130978056
epoch:  38000 loss:  0.07178829610347748 PSNR:  11.801131151222833
epoch:  38200 loss:  0.07178829610347748 PSNR:  11.801132620855752
epoch:  38400 loss:  0.07178829610347748 PSNR:  11.801127232204143
epoch:  38600 loss:  0.07178832590579987 PSNR:  11.801127722081286
epoch:  38800 loss:  0.07178829610347748 PSNR:  11.801132620855752
epoch:  39000 loss:  0.07178829610347748 PSNR:  11.801133600611308
epoch:  39200 loss:  0.07178829610347748 PSNR:  11.801132130978056
epoch:  39400 loss:  0.07178829610347748 PSNR:  11.801131641100415
epoch:  39600 loss:  0.07178829610347748 PSNR:  11.801130661345303
epoch:  39800 loss:  0.07178829610347748 PSNR:  11.801131151222833
Output directory: data/denoising/Set14/mask/3/pai/mag_global/sparse_0.9
PSNR of output image is:  11.801131151222833
(3, 256, 256) (1, 3, 256, 256) (3, 256, 256)
Experiment done
