Starting random mask  training on 4 using ADAM(sigma=0.1,lr=0.01,decay=0,beta=0)
Noisy PSNR is '19.752041531886405'
1.1.1.weight         | nonzeros =    2560 /   12800             ( 20.00%) | total_pruned =   10240 | shape = torch.Size([16, 32, 5, 5])
1.1.1.bias           | nonzeros =       4 /      16             ( 25.00%) | total_pruned =      12 | shape = torch.Size([16])
1.2.weight           | nonzeros =       4 /      16             ( 25.00%) | total_pruned =      12 | shape = torch.Size([16])
1.2.bias             | nonzeros =       0 /      16             (  0.00%) | total_pruned =      16 | shape = torch.Size([16])
1.4.1.weight         | nonzeros =    1280 /    6400             ( 20.00%) | total_pruned =    5120 | shape = torch.Size([16, 16, 5, 5])
1.4.1.bias           | nonzeros =       4 /      16             ( 25.00%) | total_pruned =      12 | shape = torch.Size([16])
1.5.weight           | nonzeros =       4 /      16             ( 25.00%) | total_pruned =      12 | shape = torch.Size([16])
1.5.bias             | nonzeros =       0 /      16             (  0.00%) | total_pruned =      16 | shape = torch.Size([16])
1.7.1.1.1.weight     | nonzeros =    2560 /   12800             ( 20.00%) | total_pruned =   10240 | shape = torch.Size([32, 16, 5, 5])
1.7.1.1.1.bias       | nonzeros =       7 /      32             ( 21.88%) | total_pruned =      25 | shape = torch.Size([32])
1.7.1.2.weight       | nonzeros =       7 /      32             ( 21.88%) | total_pruned =      25 | shape = torch.Size([32])
1.7.1.2.bias         | nonzeros =       0 /      32             (  0.00%) | total_pruned =      32 | shape = torch.Size([32])
1.7.1.4.1.weight     | nonzeros =    5120 /   25600             ( 20.00%) | total_pruned =   20480 | shape = torch.Size([32, 32, 5, 5])
1.7.1.4.1.bias       | nonzeros =       7 /      32             ( 21.88%) | total_pruned =      25 | shape = torch.Size([32])
1.7.1.5.weight       | nonzeros =       7 /      32             ( 21.88%) | total_pruned =      25 | shape = torch.Size([32])
1.7.1.5.bias         | nonzeros =       0 /      32             (  0.00%) | total_pruned =      32 | shape = torch.Size([32])
1.7.1.7.1.1.1.weight | nonzeros =   10240 /   51200             ( 20.00%) | total_pruned =   40960 | shape = torch.Size([64, 32, 5, 5])
1.7.1.7.1.1.1.bias   | nonzeros =      13 /      64             ( 20.31%) | total_pruned =      51 | shape = torch.Size([64])
1.7.1.7.1.2.weight   | nonzeros =      13 /      64             ( 20.31%) | total_pruned =      51 | shape = torch.Size([64])
1.7.1.7.1.2.bias     | nonzeros =       0 /      64             (  0.00%) | total_pruned =      64 | shape = torch.Size([64])
1.7.1.7.1.4.1.weight | nonzeros =   20480 /  102400             ( 20.00%) | total_pruned =   81920 | shape = torch.Size([64, 64, 5, 5])
1.7.1.7.1.4.1.bias   | nonzeros =      13 /      64             ( 20.31%) | total_pruned =      51 | shape = torch.Size([64])
1.7.1.7.1.5.weight   | nonzeros =      13 /      64             ( 20.31%) | total_pruned =      51 | shape = torch.Size([64])
1.7.1.7.1.5.bias     | nonzeros =       0 /      64             (  0.00%) | total_pruned =      64 | shape = torch.Size([64])
1.7.1.7.1.7.1.1.1.weight | nonzeros =   40960 /  204800             ( 20.00%) | total_pruned =  163840 | shape = torch.Size([128, 64, 5, 5])
1.7.1.7.1.7.1.1.1.bias | nonzeros =      26 /     128             ( 20.31%) | total_pruned =     102 | shape = torch.Size([128])
1.7.1.7.1.7.1.2.weight | nonzeros =      26 /     128             ( 20.31%) | total_pruned =     102 | shape = torch.Size([128])
1.7.1.7.1.7.1.2.bias | nonzeros =       0 /     128             (  0.00%) | total_pruned =     128 | shape = torch.Size([128])
1.7.1.7.1.7.1.4.1.weight | nonzeros =   81920 /  409600             ( 20.00%) | total_pruned =  327680 | shape = torch.Size([128, 128, 5, 5])
1.7.1.7.1.7.1.4.1.bias | nonzeros =      26 /     128             ( 20.31%) | total_pruned =     102 | shape = torch.Size([128])
1.7.1.7.1.7.1.5.weight | nonzeros =      26 /     128             ( 20.31%) | total_pruned =     102 | shape = torch.Size([128])
1.7.1.7.1.7.1.5.bias | nonzeros =       0 /     128             (  0.00%) | total_pruned =     128 | shape = torch.Size([128])
1.7.1.7.1.7.1.7.1.1.1.weight | nonzeros =   81920 /  409600             ( 20.00%) | total_pruned =  327680 | shape = torch.Size([128, 128, 5, 5])
1.7.1.7.1.7.1.7.1.1.1.bias | nonzeros =      26 /     128             ( 20.31%) | total_pruned =     102 | shape = torch.Size([128])
1.7.1.7.1.7.1.7.1.2.weight | nonzeros =      26 /     128             ( 20.31%) | total_pruned =     102 | shape = torch.Size([128])
1.7.1.7.1.7.1.7.1.2.bias | nonzeros =       0 /     128             (  0.00%) | total_pruned =     128 | shape = torch.Size([128])
1.7.1.7.1.7.1.7.1.4.1.weight | nonzeros =   81920 /  409600             ( 20.00%) | total_pruned =  327680 | shape = torch.Size([128, 128, 5, 5])
1.7.1.7.1.7.1.7.1.4.1.bias | nonzeros =      26 /     128             ( 20.31%) | total_pruned =     102 | shape = torch.Size([128])
1.7.1.7.1.7.1.7.1.5.weight | nonzeros =      26 /     128             ( 20.31%) | total_pruned =     102 | shape = torch.Size([128])
1.7.1.7.1.7.1.7.1.5.bias | nonzeros =       0 /     128             (  0.00%) | total_pruned =     128 | shape = torch.Size([128])
1.7.1.7.1.7.1.7.1.7.1.1.1.weight | nonzeros =   81920 /  409600             ( 20.00%) | total_pruned =  327680 | shape = torch.Size([128, 128, 5, 5])
1.7.1.7.1.7.1.7.1.7.1.1.1.bias | nonzeros =      26 /     128             ( 20.31%) | total_pruned =     102 | shape = torch.Size([128])
1.7.1.7.1.7.1.7.1.7.1.2.weight | nonzeros =      26 /     128             ( 20.31%) | total_pruned =     102 | shape = torch.Size([128])
1.7.1.7.1.7.1.7.1.7.1.2.bias | nonzeros =       0 /     128             (  0.00%) | total_pruned =     128 | shape = torch.Size([128])
1.7.1.7.1.7.1.7.1.7.1.4.1.weight | nonzeros =   81920 /  409600             ( 20.00%) | total_pruned =  327680 | shape = torch.Size([128, 128, 5, 5])
1.7.1.7.1.7.1.7.1.7.1.4.1.bias | nonzeros =      26 /     128             ( 20.31%) | total_pruned =     102 | shape = torch.Size([128])
1.7.1.7.1.7.1.7.1.7.1.5.weight | nonzeros =      26 /     128             ( 20.31%) | total_pruned =     102 | shape = torch.Size([128])
1.7.1.7.1.7.1.7.1.7.1.5.bias | nonzeros =       0 /     128             (  0.00%) | total_pruned =     128 | shape = torch.Size([128])
1.7.1.7.1.7.1.7.1.7.2.weight | nonzeros =      26 /     128             ( 20.31%) | total_pruned =     102 | shape = torch.Size([128])
1.7.1.7.1.7.1.7.1.7.2.bias | nonzeros =       0 /     128             (  0.00%) | total_pruned =     128 | shape = torch.Size([128])
1.7.1.7.1.7.1.7.1.7.3.1.weight | nonzeros =   29492 /  147456             ( 20.00%) | total_pruned =  117964 | shape = torch.Size([128, 128, 3, 3])
1.7.1.7.1.7.1.7.1.7.3.1.bias | nonzeros =      26 /     128             ( 20.31%) | total_pruned =     102 | shape = torch.Size([128])
1.7.1.7.1.7.1.7.1.7.4.weight | nonzeros =      26 /     128             ( 20.31%) | total_pruned =     102 | shape = torch.Size([128])
1.7.1.7.1.7.1.7.1.7.4.bias | nonzeros =       0 /     128             (  0.00%) | total_pruned =     128 | shape = torch.Size([128])
1.7.1.7.1.7.1.7.2.weight | nonzeros =      26 /     128             ( 20.31%) | total_pruned =     102 | shape = torch.Size([128])
1.7.1.7.1.7.1.7.2.bias | nonzeros =       0 /     128             (  0.00%) | total_pruned =     128 | shape = torch.Size([128])
1.7.1.7.1.7.1.7.3.1.weight | nonzeros =   29492 /  147456             ( 20.00%) | total_pruned =  117964 | shape = torch.Size([128, 128, 3, 3])
1.7.1.7.1.7.1.7.3.1.bias | nonzeros =      26 /     128             ( 20.31%) | total_pruned =     102 | shape = torch.Size([128])
1.7.1.7.1.7.1.7.4.weight | nonzeros =      26 /     128             ( 20.31%) | total_pruned =     102 | shape = torch.Size([128])
1.7.1.7.1.7.1.7.4.bias | nonzeros =       0 /     128             (  0.00%) | total_pruned =     128 | shape = torch.Size([128])
1.7.1.7.1.7.2.weight | nonzeros =      26 /     128             ( 20.31%) | total_pruned =     102 | shape = torch.Size([128])
1.7.1.7.1.7.2.bias   | nonzeros =       0 /     128             (  0.00%) | total_pruned =     128 | shape = torch.Size([128])
1.7.1.7.1.7.3.1.weight | nonzeros =   29492 /  147456             ( 20.00%) | total_pruned =  117964 | shape = torch.Size([128, 128, 3, 3])
1.7.1.7.1.7.3.1.bias | nonzeros =      26 /     128             ( 20.31%) | total_pruned =     102 | shape = torch.Size([128])
1.7.1.7.1.7.4.weight | nonzeros =      26 /     128             ( 20.31%) | total_pruned =     102 | shape = torch.Size([128])
1.7.1.7.1.7.4.bias   | nonzeros =       0 /     128             (  0.00%) | total_pruned =     128 | shape = torch.Size([128])
1.7.1.7.2.weight     | nonzeros =      26 /     128             ( 20.31%) | total_pruned =     102 | shape = torch.Size([128])
1.7.1.7.2.bias       | nonzeros =       0 /     128             (  0.00%) | total_pruned =     128 | shape = torch.Size([128])
1.7.1.7.3.1.weight   | nonzeros =   14746 /   73728             ( 20.00%) | total_pruned =   58982 | shape = torch.Size([64, 128, 3, 3])
1.7.1.7.3.1.bias     | nonzeros =      13 /      64             ( 20.31%) | total_pruned =      51 | shape = torch.Size([64])
1.7.1.7.4.weight     | nonzeros =      13 /      64             ( 20.31%) | total_pruned =      51 | shape = torch.Size([64])
1.7.1.7.4.bias       | nonzeros =       0 /      64             (  0.00%) | total_pruned =      64 | shape = torch.Size([64])
1.7.2.weight         | nonzeros =      13 /      64             ( 20.31%) | total_pruned =      51 | shape = torch.Size([64])
1.7.2.bias           | nonzeros =       0 /      64             (  0.00%) | total_pruned =      64 | shape = torch.Size([64])
1.7.3.1.weight       | nonzeros =    3687 /   18432             ( 20.00%) | total_pruned =   14745 | shape = torch.Size([32, 64, 3, 3])
1.7.3.1.bias         | nonzeros =       7 /      32             ( 21.88%) | total_pruned =      25 | shape = torch.Size([32])
1.7.4.weight         | nonzeros =       7 /      32             ( 21.88%) | total_pruned =      25 | shape = torch.Size([32])
1.7.4.bias           | nonzeros =       0 /      32             (  0.00%) | total_pruned =      32 | shape = torch.Size([32])
2.weight             | nonzeros =       7 /      32             ( 21.88%) | total_pruned =      25 | shape = torch.Size([32])
2.bias               | nonzeros =       0 /      32             (  0.00%) | total_pruned =      32 | shape = torch.Size([32])
3.1.weight           | nonzeros =     922 /    4608             ( 20.01%) | total_pruned =    3686 | shape = torch.Size([16, 32, 3, 3])
3.1.bias             | nonzeros =       4 /      16             ( 25.00%) | total_pruned =      12 | shape = torch.Size([16])
4.weight             | nonzeros =       4 /      16             ( 25.00%) | total_pruned =      12 | shape = torch.Size([16])
4.bias               | nonzeros =       0 /      16             (  0.00%) | total_pruned =      16 | shape = torch.Size([16])
6.1.weight           | nonzeros =      10 /      48             ( 20.83%) | total_pruned =      38 | shape = torch.Size([3, 16, 1, 1])
6.1.bias             | nonzeros =       1 /       3             ( 33.33%) | total_pruned =       2 | shape = torch.Size([3])
alive: 601378, pruned : 2407489, total: 3008867, Compression rate :       5.00x  ( 80.01% pruned)
Initial PSNR of output image is:  11.774088882155924
epoch:  0 loss:  0.06795176863670349 PSNR:  11.774088882155924
epoch:  200 loss:  0.04845155403017998 PSNR:  13.54215838942226
epoch:  400 loss:  0.047639261931180954 PSNR:  13.63929364535396
epoch:  600 loss:  0.0476318821310997 PSNR:  13.640036199393473
epoch:  800 loss:  0.04739696532487869 PSNR:  13.667850294523811
epoch:  1000 loss:  0.04730360954999924 PSNR:  13.679036227916892
epoch:  1200 loss:  0.047161221504211426 PSNR:  13.695622386379661
epoch:  1400 loss:  0.047204118221998215 PSNR:  13.69050525369516
epoch:  1600 loss:  0.0471128448843956 PSNR:  13.700997428957876
epoch:  1800 loss:  0.04711468145251274 PSNR:  13.700884126216819
epoch:  2000 loss:  0.04710458219051361 PSNR:  13.70202402753936
epoch:  2200 loss:  0.047076743096113205 PSNR:  13.705273503311888
epoch:  2400 loss:  0.04709765315055847 PSNR:  13.702631591633272
epoch:  2600 loss:  0.04708247631788254 PSNR:  13.704177429119287
epoch:  2800 loss:  0.04705790802836418 PSNR:  13.707042138511106
epoch:  3000 loss:  0.04707690328359604 PSNR:  13.704751568869467
epoch:  3200 loss:  0.047091953456401825 PSNR:  13.703404020158906
epoch:  3400 loss:  0.047076981514692307 PSNR:  13.704714049343183
epoch:  3600 loss:  0.047098077833652496 PSNR:  13.7024537797514
epoch:  3800 loss:  0.047090642154216766 PSNR:  13.703387162641791
epoch:  4000 loss:  0.04707571864128113 PSNR:  13.705252000734959
epoch:  4200 loss:  0.047069720923900604 PSNR:  13.705589729973894
epoch:  4400 loss:  0.047077178955078125 PSNR:  13.70479203973311
epoch:  4600 loss:  0.04706766456365585 PSNR:  13.70586212499771
epoch:  4800 loss:  0.04708503931760788 PSNR:  13.70391651991203
epoch:  5000 loss:  0.047068458050489426 PSNR:  13.706034172763315
epoch:  5200 loss:  0.047068528831005096 PSNR:  13.705667314432526
epoch:  5400 loss:  0.04710336774587631 PSNR:  13.70208216799822
epoch:  5600 loss:  0.047063522040843964 PSNR:  13.70631292147764
epoch:  5800 loss:  0.04710282012820244 PSNR:  13.702137781339372
epoch:  6000 loss:  0.04706975817680359 PSNR:  13.705492751349635
epoch:  6200 loss:  0.04708921164274216 PSNR:  13.703304983182871
epoch:  6400 loss:  0.047064416110515594 PSNR:  13.706341176884578
epoch:  6600 loss:  0.04708480462431908 PSNR:  13.703707888124942
epoch:  6800 loss:  0.04707803577184677 PSNR:  13.70470351020872
epoch:  7000 loss:  0.04706225544214249 PSNR:  13.706779791850789
epoch:  7200 loss:  0.04706018418073654 PSNR:  13.706694595862015
epoch:  7400 loss:  0.04707237705588341 PSNR:  13.705172315642876
epoch:  7600 loss:  0.04707056283950806 PSNR:  13.705837667780422
epoch:  7800 loss:  0.04705435037612915 PSNR:  13.707312093740253
epoch:  8000 loss:  0.04706637188792229 PSNR:  13.705815319064365
epoch:  8200 loss:  0.04706544429063797 PSNR:  13.70627876220128
epoch:  8400 loss:  0.04704957827925682 PSNR:  13.708121216330401
epoch:  8600 loss:  0.04705783724784851 PSNR:  13.707096128214529
epoch:  8800 loss:  0.04707314819097519 PSNR:  13.705023911326176
epoch:  9000 loss:  0.04706336185336113 PSNR:  13.706163213060504
epoch:  9200 loss:  0.04706265777349472 PSNR:  13.706708935663938
epoch:  9400 loss:  0.047057144343853 PSNR:  13.707172895979738
epoch:  9600 loss:  0.04705972969532013 PSNR:  13.706626271573686
epoch:  9800 loss:  0.04705851525068283 PSNR:  13.706962420566802
epoch:  10000 loss:  0.04706327244639397 PSNR:  13.70632346451843
epoch:  10200 loss:  0.04708922654390335 PSNR:  13.703549418960115
epoch:  10400 loss:  0.04705100879073143 PSNR:  13.707907741821298
epoch:  10600 loss:  0.047054558992385864 PSNR:  13.707585018662375
epoch:  10800 loss:  0.04706783592700958 PSNR:  13.705773151988783
epoch:  11000 loss:  0.04705406725406647 PSNR:  13.707362290390838
epoch:  11200 loss:  0.04706619679927826 PSNR:  13.706190202365654
epoch:  11400 loss:  0.04705296456813812 PSNR:  13.707579534685197
epoch:  11600 loss:  0.047051459550857544 PSNR:  13.707679512895263
epoch:  11800 loss:  0.047050826251506805 PSNR:  13.707752494223367
epoch:  12000 loss:  0.04705337435007095 PSNR:  13.707416705902727
epoch:  12200 loss:  0.04705061763525009 PSNR:  13.707711152048763
epoch:  12400 loss:  0.047050297260284424 PSNR:  13.707787930686264
epoch:  12600 loss:  0.04705485701560974 PSNR:  13.707380428819045
epoch:  12800 loss:  0.04705052077770233 PSNR:  13.7078343360154
epoch:  13000 loss:  0.047054193913936615 PSNR:  13.707313781013204
epoch:  13200 loss:  0.04705635830760002 PSNR:  13.707024423285914
epoch:  13400 loss:  0.047044508159160614 PSNR:  13.708475624061268
epoch:  13600 loss:  0.047053635120391846 PSNR:  13.707519633231557
epoch:  13800 loss:  0.04705888777971268 PSNR:  13.70676039063708
epoch:  14000 loss:  0.047062814235687256 PSNR:  13.706231530064212
epoch:  14200 loss:  0.04705098271369934 PSNR:  13.70777569663663
epoch:  14400 loss:  0.047069452702999115 PSNR:  13.705691770690489
epoch:  14600 loss:  0.047049444168806076 PSNR:  13.708034306469399
epoch:  14800 loss:  0.04704365134239197 PSNR:  13.708543555512696
epoch:  15000 loss:  0.04704466089606285 PSNR:  13.70845790298782
epoch:  15200 loss:  0.04704892635345459 PSNR:  13.708042744243752
epoch:  15400 loss:  0.0470472127199173 PSNR:  13.708187876528573
epoch:  15600 loss:  0.04704628512263298 PSNR:  13.708229223241572
epoch:  15800 loss:  0.047045957297086716 PSNR:  13.708283649616963
epoch:  16000 loss:  0.04705619812011719 PSNR:  13.707048043602226
epoch:  16200 loss:  0.04705201834440231 PSNR:  13.707571097810751
epoch:  16400 loss:  0.04705128073692322 PSNR:  13.707709464621423
epoch:  16600 loss:  0.04705988988280296 PSNR:  13.706767982406035
epoch:  16800 loss:  0.04705943167209625 PSNR:  13.706695861136751
epoch:  17000 loss:  0.04705258831381798 PSNR:  13.70741164396588
epoch:  17200 loss:  0.0470462366938591 PSNR:  13.708235129946992
epoch:  17400 loss:  0.04704495519399643 PSNR:  13.708307698697787
epoch:  17600 loss:  0.04704838991165161 PSNR:  13.707996336687685
epoch:  17800 loss:  0.04706288501620293 PSNR:  13.706565539775317
epoch:  18000 loss:  0.047062378376722336 PSNR:  13.706374914924703
epoch:  18200 loss:  0.04704388231039047 PSNR:  13.708548196830764
epoch:  18400 loss:  0.047046154737472534 PSNR:  13.708167625220923
epoch:  18600 loss:  0.04704349488019943 PSNR:  13.708608112472973
epoch:  18800 loss:  0.047044605016708374 PSNR:  13.708363391817308
epoch:  19000 loss:  0.047046124935150146 PSNR:  13.708198846026312
epoch:  19200 loss:  0.047067128121852875 PSNR:  13.705769778640422
epoch:  19400 loss:  0.047044407576322556 PSNR:  13.70832963832628
epoch:  19600 loss:  0.047045107930898666 PSNR:  13.708378580973857
epoch:  19800 loss:  0.04704625532031059 PSNR:  13.708075651720364
epoch:  20000 loss:  0.04704374074935913 PSNR:  13.708502627740806
epoch:  20200 loss:  0.04704397916793823 PSNR:  13.708412334845272
epoch:  20400 loss:  0.047056179493665695 PSNR:  13.707016409279209
epoch:  20600 loss:  0.04705800861120224 PSNR:  13.707112156536938
epoch:  20800 loss:  0.04704507440328598 PSNR:  13.70823428613144
epoch:  21000 loss:  0.047047585248947144 PSNR:  13.70811024702874
epoch:  21200 loss:  0.04704635590314865 PSNR:  13.708280274318032
epoch:  21400 loss:  0.047045767307281494 PSNR:  13.708138092233211
epoch:  21600 loss:  0.04705400392413139 PSNR:  13.707272864828974
epoch:  21800 loss:  0.04704361408948898 PSNR:  13.708567184092699
epoch:  22000 loss:  0.04704587906599045 PSNR:  13.708136826538226
epoch:  22200 loss:  0.04704400151968002 PSNR:  13.708438494276061
epoch:  22400 loss:  0.04704153537750244 PSNR:  13.70867899965238
epoch:  22600 loss:  0.04704570025205612 PSNR:  13.708248631018115
epoch:  22800 loss:  0.04704303294420242 PSNR:  13.7086638094451
epoch:  23000 loss:  0.04704112932085991 PSNR:  13.708762546742124
epoch:  23200 loss:  0.04704156517982483 PSNR:  13.708801367148908
epoch:  23400 loss:  0.04705113172531128 PSNR:  13.70769090296397
epoch:  23600 loss:  0.0470452718436718 PSNR:  13.708315293172031
epoch:  23800 loss:  0.04705570638179779 PSNR:  13.707172052370549
epoch:  24000 loss:  0.04705038294196129 PSNR:  13.707750384919215
epoch:  24200 loss:  0.04705161973834038 PSNR:  13.707541147038839
epoch:  24400 loss:  0.04704476520419121 PSNR:  13.708335967085867
epoch:  24600 loss:  0.04704137146472931 PSNR:  13.708820777482426
epoch:  24800 loss:  0.047041576355695724 PSNR:  13.708701785062916
epoch:  25000 loss:  0.04704536497592926 PSNR:  13.708322043826954
epoch:  25200 loss:  0.04704955220222473 PSNR:  13.707649139524758
epoch:  25400 loss:  0.04704775661230087 PSNR:  13.707975242507949
epoch:  25600 loss:  0.047040730714797974 PSNR:  13.708764656537923
epoch:  25800 loss:  0.047046270221471786 PSNR:  13.708205596500228
epoch:  26000 loss:  0.047046955674886703 PSNR:  13.70809337123413
epoch:  26200 loss:  0.04704652354121208 PSNR:  13.708125435299955
epoch:  26400 loss:  0.04704322665929794 PSNR:  13.708527099970418
epoch:  26600 loss:  0.047043781727552414 PSNR:  13.70847435826791
epoch:  26800 loss:  0.04704831540584564 PSNR:  13.70806426064255
epoch:  27000 loss:  0.04704722389578819 PSNR:  13.708118684950634
epoch:  27200 loss:  0.04704685136675835 PSNR:  13.708044009911317
epoch:  27400 loss:  0.04704614728689194 PSNR:  13.708143998814688
epoch:  27600 loss:  0.04704827070236206 PSNR:  13.707833492277718
epoch:  27800 loss:  0.04704439640045166 PSNR:  13.708428368026095
epoch:  28000 loss:  0.04704185575246811 PSNR:  13.70877267377131
epoch:  28200 loss:  0.04704822227358818 PSNR:  13.708152014902398
epoch:  28400 loss:  0.04704359173774719 PSNR:  13.708644399813119
epoch:  28600 loss:  0.04704901576042175 PSNR:  13.7078326485402
epoch:  28800 loss:  0.04704371839761734 PSNR:  13.708447354764147
epoch:  29000 loss:  0.047047488391399384 PSNR:  13.708044431800591
epoch:  29200 loss:  0.0470394603908062 PSNR:  13.709011087738638
epoch:  29400 loss:  0.04703943431377411 PSNR:  13.708883228709286
epoch:  29600 loss:  0.04704250395298004 PSNR:  13.708576044843344
epoch:  29800 loss:  0.047041576355695724 PSNR:  13.708712755858771
epoch:  30000 loss:  0.047042857855558395 PSNR:  13.708567606032796
epoch:  30200 loss:  0.04704805463552475 PSNR:  13.708131341864219
epoch:  30400 loss:  0.04705439507961273 PSNR:  13.707298173763434
epoch:  30600 loss:  0.04704694077372551 PSNR:  13.708082402002796
epoch:  30800 loss:  0.04704977199435234 PSNR:  13.707816195691345
epoch:  31000 loss:  0.047050341963768005 PSNR:  13.707637749565581
epoch:  31200 loss:  0.0470409095287323 PSNR:  13.708764234578684
epoch:  31400 loss:  0.04704095050692558 PSNR:  13.70872035104137
epoch:  31600 loss:  0.04704783484339714 PSNR:  13.707978195686943
epoch:  31800 loss:  0.04703956097364426 PSNR:  13.708984080897409
epoch:  32000 loss:  0.047044213861227036 PSNR:  13.708423726836084
epoch:  32200 loss:  0.04704545438289642 PSNR:  13.708132185659768
epoch:  32400 loss:  0.04704121872782707 PSNR:  13.708744824497874
epoch:  32600 loss:  0.04704495519399643 PSNR:  13.708316980834779
epoch:  32800 loss:  0.04704548045992851 PSNR:  13.708380268661198
epoch:  33000 loss:  0.04704552888870239 PSNR:  13.708381112505112
epoch:  33200 loss:  0.04704306647181511 PSNR:  13.708428368026095
epoch:  33400 loss:  0.047043003141880035 PSNR:  13.708581952020484
epoch:  33600 loss:  0.04704011604189873 PSNR:  13.708931333644966
epoch:  33800 loss:  0.04704251512885094 PSNR:  13.70872035104137
epoch:  34000 loss:  0.04704364389181137 PSNR:  13.70853680451345
epoch:  34200 loss:  0.047042202204465866 PSNR:  13.708609378305315
epoch:  34400 loss:  0.04705044627189636 PSNR:  13.70774996305851
epoch:  34600 loss:  0.04704771190881729 PSNR:  13.708230067056139
epoch:  34800 loss:  0.04704316705465317 PSNR:  13.708591234743652
epoch:  35000 loss:  0.04704028367996216 PSNR:  13.708914454659485
epoch:  35200 loss:  0.047042153775691986 PSNR:  13.708654526566807
epoch:  35400 loss:  0.0470472127199173 PSNR:  13.708271836082178
epoch:  35600 loss:  0.0470476858317852 PSNR:  13.708040212909724
epoch:  35800 loss:  0.04704182967543602 PSNR:  13.708725836459283
epoch:  36000 loss:  0.0470416359603405 PSNR:  13.708727524281574
epoch:  36200 loss:  0.047043681144714355 PSNR:  13.708635116976314
epoch:  36400 loss:  0.047039829194545746 PSNR:  13.708863818096646
epoch:  36600 loss:  0.047043245285749435 PSNR:  13.708486172353604
epoch:  36800 loss:  0.04704582318663597 PSNR:  13.708251162473626
epoch:  37000 loss:  0.04703968018293381 PSNR:  13.708947368741933
epoch:  37200 loss:  0.04704027995467186 PSNR:  13.708931333644966
epoch:  37400 loss:  0.04704764112830162 PSNR:  13.707976508155843
epoch:  37600 loss:  0.047042038291692734 PSNR:  13.708643555918044
epoch:  37800 loss:  0.04703923314809799 PSNR:  13.709003070065119
epoch:  38000 loss:  0.04704438894987106 PSNR:  13.708322887659554
epoch:  38200 loss:  0.04704272001981735 PSNR:  13.708594610284269
epoch:  38400 loss:  0.0470450334250927 PSNR:  13.708278586669548
epoch:  38600 loss:  0.047041550278663635 PSNR:  13.708771829851308
epoch:  38800 loss:  0.04704102873802185 PSNR:  13.7088760552119
epoch:  39000 loss:  0.04703903943300247 PSNR:  13.708989144667347
epoch:  39200 loss:  0.04704073816537857 PSNR:  13.708882806738522
epoch:  39400 loss:  0.047045063227415085 PSNR:  13.70844102584224
epoch:  39600 loss:  0.04704263061285019 PSNR:  13.708652838772888
epoch:  39800 loss:  0.04704330116510391 PSNR:  13.708567606032796
Output directory: data/denoising/Set14/mask/4/pai/rand_local/sparse_0.8
PSNR of output image is:  13.708567606032796
(3, 512, 512) (1, 3, 512, 512) (3, 512, 512)
Experiment done
Starting random mask  training on 4 using ADAM(sigma=0.1,lr=0.01,decay=0,beta=0)
Noisy PSNR is '19.74705236189895'
1.1.1.weight         | nonzeros =    2560 /   12800             ( 20.00%) | total_pruned =   10240 | shape = torch.Size([16, 32, 5, 5])
1.1.1.bias           | nonzeros =       3 /      16             ( 18.75%) | total_pruned =      13 | shape = torch.Size([16])
1.2.weight           | nonzeros =       3 /      16             ( 18.75%) | total_pruned =      13 | shape = torch.Size([16])
1.2.bias             | nonzeros =       0 /      16             (  0.00%) | total_pruned =      16 | shape = torch.Size([16])
1.4.1.weight         | nonzeros =    1280 /    6400             ( 20.00%) | total_pruned =    5120 | shape = torch.Size([16, 16, 5, 5])
1.4.1.bias           | nonzeros =       3 /      16             ( 18.75%) | total_pruned =      13 | shape = torch.Size([16])
1.5.weight           | nonzeros =       3 /      16             ( 18.75%) | total_pruned =      13 | shape = torch.Size([16])
1.5.bias             | nonzeros =       0 /      16             (  0.00%) | total_pruned =      16 | shape = torch.Size([16])
1.7.1.1.1.weight     | nonzeros =    2560 /   12800             ( 20.00%) | total_pruned =   10240 | shape = torch.Size([32, 16, 5, 5])
1.7.1.1.1.bias       | nonzeros =       6 /      32             ( 18.75%) | total_pruned =      26 | shape = torch.Size([32])
1.7.1.2.weight       | nonzeros =       6 /      32             ( 18.75%) | total_pruned =      26 | shape = torch.Size([32])
1.7.1.2.bias         | nonzeros =       0 /      32             (  0.00%) | total_pruned =      32 | shape = torch.Size([32])
1.7.1.4.1.weight     | nonzeros =    5120 /   25600             ( 20.00%) | total_pruned =   20480 | shape = torch.Size([32, 32, 5, 5])
1.7.1.4.1.bias       | nonzeros =       6 /      32             ( 18.75%) | total_pruned =      26 | shape = torch.Size([32])
1.7.1.5.weight       | nonzeros =       6 /      32             ( 18.75%) | total_pruned =      26 | shape = torch.Size([32])
1.7.1.5.bias         | nonzeros =       0 /      32             (  0.00%) | total_pruned =      32 | shape = torch.Size([32])
1.7.1.7.1.1.1.weight | nonzeros =   10240 /   51200             ( 20.00%) | total_pruned =   40960 | shape = torch.Size([64, 32, 5, 5])
1.7.1.7.1.1.1.bias   | nonzeros =      12 /      64             ( 18.75%) | total_pruned =      52 | shape = torch.Size([64])
1.7.1.7.1.2.weight   | nonzeros =      12 /      64             ( 18.75%) | total_pruned =      52 | shape = torch.Size([64])
1.7.1.7.1.2.bias     | nonzeros =       0 /      64             (  0.00%) | total_pruned =      64 | shape = torch.Size([64])
1.7.1.7.1.4.1.weight | nonzeros =   20480 /  102400             ( 20.00%) | total_pruned =   81920 | shape = torch.Size([64, 64, 5, 5])
1.7.1.7.1.4.1.bias   | nonzeros =      12 /      64             ( 18.75%) | total_pruned =      52 | shape = torch.Size([64])
1.7.1.7.1.5.weight   | nonzeros =      12 /      64             ( 18.75%) | total_pruned =      52 | shape = torch.Size([64])
1.7.1.7.1.5.bias     | nonzeros =       0 /      64             (  0.00%) | total_pruned =      64 | shape = torch.Size([64])
1.7.1.7.1.7.1.1.1.weight | nonzeros =   40960 /  204800             ( 20.00%) | total_pruned =  163840 | shape = torch.Size([128, 64, 5, 5])
1.7.1.7.1.7.1.1.1.bias | nonzeros =      25 /     128             ( 19.53%) | total_pruned =     103 | shape = torch.Size([128])
1.7.1.7.1.7.1.2.weight | nonzeros =      25 /     128             ( 19.53%) | total_pruned =     103 | shape = torch.Size([128])
1.7.1.7.1.7.1.2.bias | nonzeros =       0 /     128             (  0.00%) | total_pruned =     128 | shape = torch.Size([128])
1.7.1.7.1.7.1.4.1.weight | nonzeros =   81920 /  409600             ( 20.00%) | total_pruned =  327680 | shape = torch.Size([128, 128, 5, 5])
1.7.1.7.1.7.1.4.1.bias | nonzeros =      25 /     128             ( 19.53%) | total_pruned =     103 | shape = torch.Size([128])
1.7.1.7.1.7.1.5.weight | nonzeros =      25 /     128             ( 19.53%) | total_pruned =     103 | shape = torch.Size([128])
1.7.1.7.1.7.1.5.bias | nonzeros =       0 /     128             (  0.00%) | total_pruned =     128 | shape = torch.Size([128])
1.7.1.7.1.7.1.7.1.1.1.weight | nonzeros =   81920 /  409600             ( 20.00%) | total_pruned =  327680 | shape = torch.Size([128, 128, 5, 5])
1.7.1.7.1.7.1.7.1.1.1.bias | nonzeros =      25 /     128             ( 19.53%) | total_pruned =     103 | shape = torch.Size([128])
1.7.1.7.1.7.1.7.1.2.weight | nonzeros =      25 /     128             ( 19.53%) | total_pruned =     103 | shape = torch.Size([128])
1.7.1.7.1.7.1.7.1.2.bias | nonzeros =       0 /     128             (  0.00%) | total_pruned =     128 | shape = torch.Size([128])
1.7.1.7.1.7.1.7.1.4.1.weight | nonzeros =   81920 /  409600             ( 20.00%) | total_pruned =  327680 | shape = torch.Size([128, 128, 5, 5])
1.7.1.7.1.7.1.7.1.4.1.bias | nonzeros =      25 /     128             ( 19.53%) | total_pruned =     103 | shape = torch.Size([128])
1.7.1.7.1.7.1.7.1.5.weight | nonzeros =      25 /     128             ( 19.53%) | total_pruned =     103 | shape = torch.Size([128])
1.7.1.7.1.7.1.7.1.5.bias | nonzeros =       0 /     128             (  0.00%) | total_pruned =     128 | shape = torch.Size([128])
1.7.1.7.1.7.1.7.1.7.1.1.1.weight | nonzeros =   81920 /  409600             ( 20.00%) | total_pruned =  327680 | shape = torch.Size([128, 128, 5, 5])
1.7.1.7.1.7.1.7.1.7.1.1.1.bias | nonzeros =      25 /     128             ( 19.53%) | total_pruned =     103 | shape = torch.Size([128])
1.7.1.7.1.7.1.7.1.7.1.2.weight | nonzeros =      25 /     128             ( 19.53%) | total_pruned =     103 | shape = torch.Size([128])
1.7.1.7.1.7.1.7.1.7.1.2.bias | nonzeros =       0 /     128             (  0.00%) | total_pruned =     128 | shape = torch.Size([128])
1.7.1.7.1.7.1.7.1.7.1.4.1.weight | nonzeros =   81920 /  409600             ( 20.00%) | total_pruned =  327680 | shape = torch.Size([128, 128, 5, 5])
1.7.1.7.1.7.1.7.1.7.1.4.1.bias | nonzeros =      25 /     128             ( 19.53%) | total_pruned =     103 | shape = torch.Size([128])
1.7.1.7.1.7.1.7.1.7.1.5.weight | nonzeros =      25 /     128             ( 19.53%) | total_pruned =     103 | shape = torch.Size([128])
1.7.1.7.1.7.1.7.1.7.1.5.bias | nonzeros =       0 /     128             (  0.00%) | total_pruned =     128 | shape = torch.Size([128])
1.7.1.7.1.7.1.7.1.7.2.weight | nonzeros =      25 /     128             ( 19.53%) | total_pruned =     103 | shape = torch.Size([128])
1.7.1.7.1.7.1.7.1.7.2.bias | nonzeros =       0 /     128             (  0.00%) | total_pruned =     128 | shape = torch.Size([128])
1.7.1.7.1.7.1.7.1.7.3.1.weight | nonzeros =   29491 /  147456             ( 20.00%) | total_pruned =  117965 | shape = torch.Size([128, 128, 3, 3])
1.7.1.7.1.7.1.7.1.7.3.1.bias | nonzeros =      25 /     128             ( 19.53%) | total_pruned =     103 | shape = torch.Size([128])
1.7.1.7.1.7.1.7.1.7.4.weight | nonzeros =      25 /     128             ( 19.53%) | total_pruned =     103 | shape = torch.Size([128])
1.7.1.7.1.7.1.7.1.7.4.bias | nonzeros =       0 /     128             (  0.00%) | total_pruned =     128 | shape = torch.Size([128])
1.7.1.7.1.7.1.7.2.weight | nonzeros =      25 /     128             ( 19.53%) | total_pruned =     103 | shape = torch.Size([128])
1.7.1.7.1.7.1.7.2.bias | nonzeros =       0 /     128             (  0.00%) | total_pruned =     128 | shape = torch.Size([128])
1.7.1.7.1.7.1.7.3.1.weight | nonzeros =   29491 /  147456             ( 20.00%) | total_pruned =  117965 | shape = torch.Size([128, 128, 3, 3])
1.7.1.7.1.7.1.7.3.1.bias | nonzeros =      25 /     128             ( 19.53%) | total_pruned =     103 | shape = torch.Size([128])
1.7.1.7.1.7.1.7.4.weight | nonzeros =      25 /     128             ( 19.53%) | total_pruned =     103 | shape = torch.Size([128])
1.7.1.7.1.7.1.7.4.bias | nonzeros =       0 /     128             (  0.00%) | total_pruned =     128 | shape = torch.Size([128])
1.7.1.7.1.7.2.weight | nonzeros =      25 /     128             ( 19.53%) | total_pruned =     103 | shape = torch.Size([128])
1.7.1.7.1.7.2.bias   | nonzeros =       0 /     128             (  0.00%) | total_pruned =     128 | shape = torch.Size([128])
1.7.1.7.1.7.3.1.weight | nonzeros =   29491 /  147456             ( 20.00%) | total_pruned =  117965 | shape = torch.Size([128, 128, 3, 3])
1.7.1.7.1.7.3.1.bias | nonzeros =      25 /     128             ( 19.53%) | total_pruned =     103 | shape = torch.Size([128])
1.7.1.7.1.7.4.weight | nonzeros =      25 /     128             ( 19.53%) | total_pruned =     103 | shape = torch.Size([128])
1.7.1.7.1.7.4.bias   | nonzeros =       0 /     128             (  0.00%) | total_pruned =     128 | shape = torch.Size([128])
1.7.1.7.2.weight     | nonzeros =      25 /     128             ( 19.53%) | total_pruned =     103 | shape = torch.Size([128])
1.7.1.7.2.bias       | nonzeros =       0 /     128             (  0.00%) | total_pruned =     128 | shape = torch.Size([128])
1.7.1.7.3.1.weight   | nonzeros =   14745 /   73728             ( 20.00%) | total_pruned =   58983 | shape = torch.Size([64, 128, 3, 3])
1.7.1.7.3.1.bias     | nonzeros =      12 /      64             ( 18.75%) | total_pruned =      52 | shape = torch.Size([64])
1.7.1.7.4.weight     | nonzeros =      12 /      64             ( 18.75%) | total_pruned =      52 | shape = torch.Size([64])
1.7.1.7.4.bias       | nonzeros =       0 /      64             (  0.00%) | total_pruned =      64 | shape = torch.Size([64])
1.7.2.weight         | nonzeros =      12 /      64             ( 18.75%) | total_pruned =      52 | shape = torch.Size([64])
1.7.2.bias           | nonzeros =       0 /      64             (  0.00%) | total_pruned =      64 | shape = torch.Size([64])
1.7.3.1.weight       | nonzeros =    3686 /   18432             ( 20.00%) | total_pruned =   14746 | shape = torch.Size([32, 64, 3, 3])
1.7.3.1.bias         | nonzeros =       6 /      32             ( 18.75%) | total_pruned =      26 | shape = torch.Size([32])
1.7.4.weight         | nonzeros =       6 /      32             ( 18.75%) | total_pruned =      26 | shape = torch.Size([32])
1.7.4.bias           | nonzeros =       0 /      32             (  0.00%) | total_pruned =      32 | shape = torch.Size([32])
2.weight             | nonzeros =       6 /      32             ( 18.75%) | total_pruned =      26 | shape = torch.Size([32])
2.bias               | nonzeros =       0 /      32             (  0.00%) | total_pruned =      32 | shape = torch.Size([32])
3.1.weight           | nonzeros =     921 /    4608             ( 19.99%) | total_pruned =    3687 | shape = torch.Size([16, 32, 3, 3])
3.1.bias             | nonzeros =       3 /      16             ( 18.75%) | total_pruned =      13 | shape = torch.Size([16])
4.weight             | nonzeros =       3 /      16             ( 18.75%) | total_pruned =      13 | shape = torch.Size([16])
4.bias               | nonzeros =       0 /      16             (  0.00%) | total_pruned =      16 | shape = torch.Size([16])
6.1.weight           | nonzeros =       9 /      48             ( 18.75%) | total_pruned =      39 | shape = torch.Size([3, 16, 1, 1])
6.1.bias             | nonzeros =       0 /       3             (  0.00%) | total_pruned =       3 | shape = torch.Size([3])
alive: 601328, pruned : 2407539, total: 3008867, Compression rate :       5.00x  ( 80.01% pruned)
Initial PSNR of output image is:  12.190373074425427
epoch:  0 loss:  0.06254435330629349 PSNR:  12.190373074425427
epoch:  200 loss:  0.06254435330629349 PSNR:  12.190373074425427
epoch:  400 loss:  0.06254435330629349 PSNR:  12.190373074425427
epoch:  600 loss:  0.06254435330629349 PSNR:  12.190373074425427
epoch:  800 loss:  0.06254435330629349 PSNR:  12.190373074425427
epoch:  1000 loss:  0.06254435330629349 PSNR:  12.190373074425427
epoch:  1200 loss:  0.06254435330629349 PSNR:  12.190373074425427
epoch:  1400 loss:  0.06254435330629349 PSNR:  12.190373074425427
epoch:  1600 loss:  0.06254435330629349 PSNR:  12.190373074425427
epoch:  1800 loss:  0.06254435330629349 PSNR:  12.190373074425427
epoch:  2000 loss:  0.06254435330629349 PSNR:  12.190373074425427
epoch:  2200 loss:  0.06254435330629349 PSNR:  12.190373074425427
epoch:  2400 loss:  0.06254435330629349 PSNR:  12.190373074425427
epoch:  2600 loss:  0.06254435330629349 PSNR:  12.190373074425427
epoch:  2800 loss:  0.06254435330629349 PSNR:  12.190373074425427
epoch:  3000 loss:  0.06254435330629349 PSNR:  12.190373074425427
epoch:  3200 loss:  0.06254435330629349 PSNR:  12.190373074425427
epoch:  3400 loss:  0.06254435330629349 PSNR:  12.190373074425427
epoch:  3600 loss:  0.06254435330629349 PSNR:  12.190373074425427
epoch:  3800 loss:  0.06254435330629349 PSNR:  12.190373074425427
epoch:  4000 loss:  0.06254435330629349 PSNR:  12.190373074425427
epoch:  4200 loss:  0.06254435330629349 PSNR:  12.190373074425427
epoch:  4400 loss:  0.06254435330629349 PSNR:  12.190373074425427
epoch:  4600 loss:  0.06254435330629349 PSNR:  12.190373074425427
epoch:  4800 loss:  0.06254435330629349 PSNR:  12.190373074425427
epoch:  5000 loss:  0.06254435330629349 PSNR:  12.190373074425427
epoch:  5200 loss:  0.06254435330629349 PSNR:  12.190373074425427
epoch:  5400 loss:  0.06254435330629349 PSNR:  12.190373074425427
epoch:  5600 loss:  0.06254435330629349 PSNR:  12.190373074425427
epoch:  5800 loss:  0.06254435330629349 PSNR:  12.190373074425427
epoch:  6000 loss:  0.06254435330629349 PSNR:  12.190373074425427
epoch:  6200 loss:  0.06254435330629349 PSNR:  12.190373074425427
epoch:  6400 loss:  0.06254435330629349 PSNR:  12.190373074425427
epoch:  6600 loss:  0.06254435330629349 PSNR:  12.190373074425427
epoch:  6800 loss:  0.06254435330629349 PSNR:  12.190373074425427
epoch:  7000 loss:  0.06254435330629349 PSNR:  12.190373074425427
epoch:  7200 loss:  0.06254435330629349 PSNR:  12.190373074425427
epoch:  7400 loss:  0.06254435330629349 PSNR:  12.190373074425427
epoch:  7600 loss:  0.06254435330629349 PSNR:  12.190373074425427
epoch:  7800 loss:  0.06254435330629349 PSNR:  12.190373074425427
epoch:  8000 loss:  0.06254435330629349 PSNR:  12.190373074425427
epoch:  8200 loss:  0.06254435330629349 PSNR:  12.190373074425427
epoch:  8400 loss:  0.06254435330629349 PSNR:  12.190373074425427
epoch:  8600 loss:  0.06254435330629349 PSNR:  12.190373074425427
epoch:  8800 loss:  0.06254435330629349 PSNR:  12.190373074425427
epoch:  9000 loss:  0.06254435330629349 PSNR:  12.190373074425427
epoch:  9200 loss:  0.06254435330629349 PSNR:  12.190373074425427
epoch:  9400 loss:  0.06254435330629349 PSNR:  12.190373074425427
epoch:  9600 loss:  0.06254435330629349 PSNR:  12.190373074425427
epoch:  9800 loss:  0.06254435330629349 PSNR:  12.190373074425427
epoch:  10000 loss:  0.06254435330629349 PSNR:  12.190373074425427
epoch:  10200 loss:  0.06254435330629349 PSNR:  12.190373074425427
epoch:  10400 loss:  0.06254435330629349 PSNR:  12.190373074425427
epoch:  10600 loss:  0.06254435330629349 PSNR:  12.190373074425427
epoch:  10800 loss:  0.06254435330629349 PSNR:  12.190373074425427
epoch:  11000 loss:  0.06254435330629349 PSNR:  12.190373074425427
epoch:  11200 loss:  0.06254435330629349 PSNR:  12.190373074425427
epoch:  11400 loss:  0.06254435330629349 PSNR:  12.190373074425427
epoch:  11600 loss:  0.06254435330629349 PSNR:  12.190373074425427
epoch:  11800 loss:  0.06254435330629349 PSNR:  12.190373074425427
epoch:  12000 loss:  0.06254435330629349 PSNR:  12.190373074425427
epoch:  12200 loss:  0.06254435330629349 PSNR:  12.190373074425427
epoch:  12400 loss:  0.06254435330629349 PSNR:  12.190373074425427
epoch:  12600 loss:  0.06254435330629349 PSNR:  12.190373074425427
epoch:  12800 loss:  0.06254435330629349 PSNR:  12.190373074425427
epoch:  13000 loss:  0.06254435330629349 PSNR:  12.190373074425427
epoch:  13200 loss:  0.06254435330629349 PSNR:  12.190373074425427
epoch:  13400 loss:  0.06254435330629349 PSNR:  12.190373074425427
epoch:  13600 loss:  0.06254435330629349 PSNR:  12.190373074425427
epoch:  13800 loss:  0.06254435330629349 PSNR:  12.190373074425427
epoch:  14000 loss:  0.06254435330629349 PSNR:  12.190373074425427
epoch:  14200 loss:  0.06254435330629349 PSNR:  12.190373074425427
epoch:  14400 loss:  0.06254435330629349 PSNR:  12.190373074425427
epoch:  14600 loss:  0.06254435330629349 PSNR:  12.190373074425427
epoch:  14800 loss:  0.06254435330629349 PSNR:  12.190373074425427
epoch:  15000 loss:  0.06254435330629349 PSNR:  12.190373074425427
epoch:  15200 loss:  0.06254435330629349 PSNR:  12.190373074425427
epoch:  15400 loss:  0.06254435330629349 PSNR:  12.190373074425427
epoch:  15600 loss:  0.06254435330629349 PSNR:  12.190373074425427
epoch:  15800 loss:  0.06254435330629349 PSNR:  12.190373074425427
epoch:  16000 loss:  0.06254435330629349 PSNR:  12.190373074425427
epoch:  16200 loss:  0.06254435330629349 PSNR:  12.190373074425427
epoch:  16400 loss:  0.06254435330629349 PSNR:  12.190373074425427
epoch:  16600 loss:  0.06254435330629349 PSNR:  12.190373074425427
epoch:  16800 loss:  0.06254435330629349 PSNR:  12.190373074425427
epoch:  17000 loss:  0.06254435330629349 PSNR:  12.190373074425427
epoch:  17200 loss:  0.06254435330629349 PSNR:  12.190373074425427
epoch:  17400 loss:  0.06254435330629349 PSNR:  12.190373074425427
epoch:  17600 loss:  0.06254435330629349 PSNR:  12.190373074425427
epoch:  17800 loss:  0.06254435330629349 PSNR:  12.190373074425427
epoch:  18000 loss:  0.06254435330629349 PSNR:  12.190373074425427
epoch:  18200 loss:  0.06254435330629349 PSNR:  12.190373074425427
epoch:  18400 loss:  0.06254435330629349 PSNR:  12.190373074425427
epoch:  18600 loss:  0.06254435330629349 PSNR:  12.190373074425427
epoch:  18800 loss:  0.06254435330629349 PSNR:  12.190373074425427
epoch:  19000 loss:  0.06254435330629349 PSNR:  12.190373074425427
epoch:  19200 loss:  0.06254435330629349 PSNR:  12.190373074425427
epoch:  19400 loss:  0.06254435330629349 PSNR:  12.190373074425427
epoch:  19600 loss:  0.06254435330629349 PSNR:  12.190373074425427
epoch:  19800 loss:  0.06254435330629349 PSNR:  12.190373074425427
Output directory: data/denoising/Set14/mask/4/pai_ceil/rand_local/sparse_0.8
PSNR of output image is:  12.190373074425427
(3, 512, 512) (1, 3, 512, 512) (3, 512, 512)
Experiment done
