Starting random mask  training on 4 using ADAM(sigma=0.1,lr=0.01,decay=0,beta=0)
Noisy PSNR is '19.755697704630776'
Starting random mask  training on 4 using ADAM(sigma=0.1,lr=0.01,decay=0,beta=0)
Noisy PSNR is '19.74101274955492'
1.1.1.weight         | nonzeros =    6399 /   12800             ( 49.99%) | total_pruned =    6401 | shape = torch.Size([16, 32, 5, 5])
1.1.1.bias           | nonzeros =       7 /      16             ( 43.75%) | total_pruned =       9 | shape = torch.Size([16])
1.2.weight           | nonzeros =       7 /      16             ( 43.75%) | total_pruned =       9 | shape = torch.Size([16])
1.2.bias             | nonzeros =       0 /      16             (  0.00%) | total_pruned =      16 | shape = torch.Size([16])
1.4.1.weight         | nonzeros =    3199 /    6400             ( 49.98%) | total_pruned =    3201 | shape = torch.Size([16, 16, 5, 5])
1.4.1.bias           | nonzeros =       6 /      16             ( 37.50%) | total_pruned =      10 | shape = torch.Size([16])
1.5.weight           | nonzeros =       7 /      16             ( 43.75%) | total_pruned =       9 | shape = torch.Size([16])
1.5.bias             | nonzeros =       0 /      16             (  0.00%) | total_pruned =      16 | shape = torch.Size([16])
1.7.1.1.1.weight     | nonzeros =    6399 /   12800             ( 49.99%) | total_pruned =    6401 | shape = torch.Size([32, 16, 5, 5])
1.7.1.1.1.bias       | nonzeros =      15 /      32             ( 46.88%) | total_pruned =      17 | shape = torch.Size([32])
1.7.1.2.weight       | nonzeros =      15 /      32             ( 46.88%) | total_pruned =      17 | shape = torch.Size([32])
1.7.1.2.bias         | nonzeros =       0 /      32             (  0.00%) | total_pruned =      32 | shape = torch.Size([32])
1.7.1.4.1.weight     | nonzeros =   12799 /   25600             ( 50.00%) | total_pruned =   12801 | shape = torch.Size([32, 32, 5, 5])
1.7.1.4.1.bias       | nonzeros =      15 /      32             ( 46.88%) | total_pruned =      17 | shape = torch.Size([32])
1.7.1.5.weight       | nonzeros =      15 /      32             ( 46.88%) | total_pruned =      17 | shape = torch.Size([32])
1.7.1.5.bias         | nonzeros =       0 /      32             (  0.00%) | total_pruned =      32 | shape = torch.Size([32])
1.7.1.7.1.1.1.weight | nonzeros =   25599 /   51200             ( 50.00%) | total_pruned =   25601 | shape = torch.Size([64, 32, 5, 5])
1.7.1.7.1.1.1.bias   | nonzeros =      29 /      64             ( 45.31%) | total_pruned =      35 | shape = torch.Size([64])
1.7.1.7.1.2.weight   | nonzeros =      31 /      64             ( 48.44%) | total_pruned =      33 | shape = torch.Size([64])
1.7.1.7.1.2.bias     | nonzeros =       0 /      64             (  0.00%) | total_pruned =      64 | shape = torch.Size([64])
1.7.1.7.1.4.1.weight | nonzeros =   51199 /  102400             ( 50.00%) | total_pruned =   51201 | shape = torch.Size([64, 64, 5, 5])
1.7.1.7.1.4.1.bias   | nonzeros =      31 /      64             ( 48.44%) | total_pruned =      33 | shape = torch.Size([64])
1.7.1.7.1.5.weight   | nonzeros =      31 /      64             ( 48.44%) | total_pruned =      33 | shape = torch.Size([64])
1.7.1.7.1.5.bias     | nonzeros =       0 /      64             (  0.00%) | total_pruned =      64 | shape = torch.Size([64])
1.7.1.7.1.7.1.1.1.weight | nonzeros =  102399 /  204800             ( 50.00%) | total_pruned =  102401 | shape = torch.Size([128, 64, 5, 5])
1.7.1.7.1.7.1.1.1.bias | nonzeros =      63 /     128             ( 49.22%) | total_pruned =      65 | shape = torch.Size([128])
1.7.1.7.1.7.1.2.weight | nonzeros =      63 /     128             ( 49.22%) | total_pruned =      65 | shape = torch.Size([128])
1.7.1.7.1.7.1.2.bias | nonzeros =       0 /     128             (  0.00%) | total_pruned =     128 | shape = torch.Size([128])
1.7.1.7.1.7.1.4.1.weight | nonzeros =  204799 /  409600             ( 50.00%) | total_pruned =  204801 | shape = torch.Size([128, 128, 5, 5])
1.7.1.7.1.7.1.4.1.bias | nonzeros =      51 /     128             ( 39.84%) | total_pruned =      77 | shape = torch.Size([128])
1.7.1.7.1.7.1.5.weight | nonzeros =      63 /     128             ( 49.22%) | total_pruned =      65 | shape = torch.Size([128])
1.7.1.7.1.7.1.5.bias | nonzeros =       0 /     128             (  0.00%) | total_pruned =     128 | shape = torch.Size([128])
1.7.1.7.1.7.1.7.1.1.1.weight | nonzeros =  204799 /  409600             ( 50.00%) | total_pruned =  204801 | shape = torch.Size([128, 128, 5, 5])
1.7.1.7.1.7.1.7.1.1.1.bias | nonzeros =      60 /     128             ( 46.88%) | total_pruned =      68 | shape = torch.Size([128])
1.7.1.7.1.7.1.7.1.2.weight | nonzeros =      63 /     128             ( 49.22%) | total_pruned =      65 | shape = torch.Size([128])
1.7.1.7.1.7.1.7.1.2.bias | nonzeros =       0 /     128             (  0.00%) | total_pruned =     128 | shape = torch.Size([128])
1.7.1.7.1.7.1.7.1.4.1.weight | nonzeros =  204799 /  409600             ( 50.00%) | total_pruned =  204801 | shape = torch.Size([128, 128, 5, 5])
1.7.1.7.1.7.1.7.1.4.1.bias | nonzeros =      58 /     128             ( 45.31%) | total_pruned =      70 | shape = torch.Size([128])
1.7.1.7.1.7.1.7.1.5.weight | nonzeros =      63 /     128             ( 49.22%) | total_pruned =      65 | shape = torch.Size([128])
1.7.1.7.1.7.1.7.1.5.bias | nonzeros =       0 /     128             (  0.00%) | total_pruned =     128 | shape = torch.Size([128])
1.7.1.7.1.7.1.7.1.7.1.1.1.weight | nonzeros =  204799 /  409600             ( 50.00%) | total_pruned =  204801 | shape = torch.Size([128, 128, 5, 5])
1.7.1.7.1.7.1.7.1.7.1.1.1.bias | nonzeros =      42 /     128             ( 32.81%) | total_pruned =      86 | shape = torch.Size([128])
1.7.1.7.1.7.1.7.1.7.1.2.weight | nonzeros =      63 /     128             ( 49.22%) | total_pruned =      65 | shape = torch.Size([128])
1.7.1.7.1.7.1.7.1.7.1.2.bias | nonzeros =       0 /     128             (  0.00%) | total_pruned =     128 | shape = torch.Size([128])
1.7.1.7.1.7.1.7.1.7.1.4.1.weight | nonzeros =  204799 /  409600             ( 50.00%) | total_pruned =  204801 | shape = torch.Size([128, 128, 5, 5])
1.7.1.7.1.7.1.7.1.7.1.4.1.bias | nonzeros =      55 /     128             ( 42.97%) | total_pruned =      73 | shape = torch.Size([128])
1.7.1.7.1.7.1.7.1.7.1.5.weight | nonzeros =      63 /     128             ( 49.22%) | total_pruned =      65 | shape = torch.Size([128])
1.7.1.7.1.7.1.7.1.7.1.5.bias | nonzeros =       0 /     128             (  0.00%) | total_pruned =     128 | shape = torch.Size([128])
1.7.1.7.1.7.1.7.1.7.2.weight | nonzeros =      63 /     128             ( 49.22%) | total_pruned =      65 | shape = torch.Size([128])
1.7.1.7.1.7.1.7.1.7.2.bias | nonzeros =       0 /     128             (  0.00%) | total_pruned =     128 | shape = torch.Size([128])
1.7.1.7.1.7.1.7.1.7.3.1.weight | nonzeros =   73727 /  147456             ( 50.00%) | total_pruned =   73729 | shape = torch.Size([128, 128, 3, 3])
1.7.1.7.1.7.1.7.1.7.3.1.bias | nonzeros =      34 /     128             ( 26.56%) | total_pruned =      94 | shape = torch.Size([128])
1.7.1.7.1.7.1.7.1.7.4.weight | nonzeros =      63 /     128             ( 49.22%) | total_pruned =      65 | shape = torch.Size([128])
1.7.1.7.1.7.1.7.1.7.4.bias | nonzeros =       0 /     128             (  0.00%) | total_pruned =     128 | shape = torch.Size([128])
1.7.1.7.1.7.1.7.2.weight | nonzeros =      63 /     128             ( 49.22%) | total_pruned =      65 | shape = torch.Size([128])
1.7.1.7.1.7.1.7.2.bias | nonzeros =       0 /     128             (  0.00%) | total_pruned =     128 | shape = torch.Size([128])
1.7.1.7.1.7.1.7.3.1.weight | nonzeros =   73727 /  147456             ( 50.00%) | total_pruned =   73729 | shape = torch.Size([128, 128, 3, 3])
1.7.1.7.1.7.1.7.3.1.bias | nonzeros =      57 /     128             ( 44.53%) | total_pruned =      71 | shape = torch.Size([128])
1.7.1.7.1.7.1.7.4.weight | nonzeros =      63 /     128             ( 49.22%) | total_pruned =      65 | shape = torch.Size([128])
1.7.1.7.1.7.1.7.4.bias | nonzeros =       0 /     128             (  0.00%) | total_pruned =     128 | shape = torch.Size([128])
1.7.1.7.1.7.2.weight | nonzeros =      63 /     128             ( 49.22%) | total_pruned =      65 | shape = torch.Size([128])
1.7.1.7.1.7.2.bias   | nonzeros =       0 /     128             (  0.00%) | total_pruned =     128 | shape = torch.Size([128])
1.7.1.7.1.7.3.1.weight | nonzeros =   73727 /  147456             ( 50.00%) | total_pruned =   73729 | shape = torch.Size([128, 128, 3, 3])
1.7.1.7.1.7.3.1.bias | nonzeros =      52 /     128             ( 40.62%) | total_pruned =      76 | shape = torch.Size([128])
1.7.1.7.1.7.4.weight | nonzeros =      63 /     128             ( 49.22%) | total_pruned =      65 | shape = torch.Size([128])
1.7.1.7.1.7.4.bias   | nonzeros =       0 /     128             (  0.00%) | total_pruned =     128 | shape = torch.Size([128])
1.7.1.7.2.weight     | nonzeros =      63 /     128             ( 49.22%) | total_pruned =      65 | shape = torch.Size([128])
1.7.1.7.2.bias       | nonzeros =       0 /     128             (  0.00%) | total_pruned =     128 | shape = torch.Size([128])
1.7.1.7.3.1.weight   | nonzeros =   36863 /   73728             ( 50.00%) | total_pruned =   36865 | shape = torch.Size([64, 128, 3, 3])
1.7.1.7.3.1.bias     | nonzeros =      28 /      64             ( 43.75%) | total_pruned =      36 | shape = torch.Size([64])
1.7.1.7.4.weight     | nonzeros =      31 /      64             ( 48.44%) | total_pruned =      33 | shape = torch.Size([64])
1.7.1.7.4.bias       | nonzeros =       0 /      64             (  0.00%) | total_pruned =      64 | shape = torch.Size([64])
1.7.2.weight         | nonzeros =      31 /      64             ( 48.44%) | total_pruned =      33 | shape = torch.Size([64])
1.7.2.bias           | nonzeros =       0 /      64             (  0.00%) | total_pruned =      64 | shape = torch.Size([64])
1.7.3.1.weight       | nonzeros =    9215 /   18432             ( 49.99%) | total_pruned =    9217 | shape = torch.Size([32, 64, 3, 3])
1.7.3.1.bias         | nonzeros =      15 /      32             ( 46.88%) | total_pruned =      17 | shape = torch.Size([32])
1.7.4.weight         | nonzeros =      15 /      32             ( 46.88%) | total_pruned =      17 | shape = torch.Size([32])
1.7.4.bias           | nonzeros =       0 /      32             (  0.00%) | total_pruned =      32 | shape = torch.Size([32])
2.weight             | nonzeros =      15 /      32             ( 46.88%) | total_pruned =      17 | shape = torch.Size([32])
2.bias               | nonzeros =       0 /      32             (  0.00%) | total_pruned =      32 | shape = torch.Size([32])
3.1.weight           | nonzeros =    2303 /    4608             ( 49.98%) | total_pruned =    2305 | shape = torch.Size([16, 32, 3, 3])
3.1.bias             | nonzeros =       7 /      16             ( 43.75%) | total_pruned =       9 | shape = torch.Size([16])
4.weight             | nonzeros =       7 /      16             ( 43.75%) | total_pruned =       9 | shape = torch.Size([16])
4.bias               | nonzeros =       0 /      16             (  0.00%) | total_pruned =      16 | shape = torch.Size([16])
6.1.weight           | nonzeros =      23 /      48             ( 47.92%) | total_pruned =      25 | shape = torch.Size([3, 16, 1, 1])
6.1.bias             | nonzeros =       0 /       3             (  0.00%) | total_pruned =       3 | shape = torch.Size([3])
alive: 1503222, pruned : 1505645, total: 3008867, Compression rate :       2.00x  ( 50.04% pruned)
Initial PSNR of output image is:  12.369837682022053
epoch:  0 loss:  0.06047321856021881 PSNR:  12.369837682022053
epoch:  200 loss:  0.013197464868426323 PSNR:  23.752119396978067
epoch:  400 loss:  0.011935122311115265 PSNR:  25.467979904847084
epoch:  600 loss:  0.011507066898047924 PSNR:  26.17605085182265
epoch:  800 loss:  0.011080860160291195 PSNR:  26.988188508049436
epoch:  1000 loss:  0.010936455801129341 PSNR:  27.291631280965877
epoch:  1200 loss:  0.010618634521961212 PSNR:  27.933607284928872
epoch:  1400 loss:  0.010432310402393341 PSNR:  28.26171874211807
epoch:  1600 loss:  0.010367877781391144 PSNR:  28.260169084749762
epoch:  1800 loss:  0.01024148240685463 PSNR:  28.364030348865224
epoch:  2000 loss:  0.01016839686781168 PSNR:  28.486659636532757
epoch:  2200 loss:  0.01008041761815548 PSNR:  28.53439359996706
epoch:  2400 loss:  0.010016243904829025 PSNR:  28.53107170360909
epoch:  2600 loss:  0.009947368875145912 PSNR:  28.51982353167362
epoch:  2800 loss:  0.009873975068330765 PSNR:  28.438056695150653
epoch:  3000 loss:  0.009808838367462158 PSNR:  28.496150175675794
epoch:  3200 loss:  0.009760575369000435 PSNR:  28.45401485251351
epoch:  3400 loss:  0.009738320484757423 PSNR:  28.38989053693512
epoch:  3600 loss:  0.009662453085184097 PSNR:  28.358990305690806
epoch:  3800 loss:  0.009602413512766361 PSNR:  28.379057347926434
epoch:  4000 loss:  0.009645091369748116 PSNR:  28.074504430350284
epoch:  4200 loss:  0.00960239116102457 PSNR:  28.157987298047313
epoch:  4400 loss:  0.009591943584382534 PSNR:  27.905472574210837
epoch:  4600 loss:  0.009472395293414593 PSNR:  28.10655005589731
epoch:  4800 loss:  0.009486155584454536 PSNR:  28.054414560334667
epoch:  5000 loss:  0.00947578251361847 PSNR:  28.028713709257048
epoch:  5200 loss:  0.009429429657757282 PSNR:  27.897419167281328
epoch:  5400 loss:  0.009430551901459694 PSNR:  27.955382978901618
epoch:  5600 loss:  0.009433346800506115 PSNR:  27.796252404503534
epoch:  5800 loss:  0.009420204907655716 PSNR:  27.812905317956368
epoch:  6000 loss:  0.00941606517881155 PSNR:  27.76895256009565
epoch:  6200 loss:  0.009346991777420044 PSNR:  27.750666047463838
epoch:  6400 loss:  0.009311052970588207 PSNR:  27.847207455678962
epoch:  6600 loss:  0.009293664246797562 PSNR:  27.793691061482107
epoch:  6800 loss:  0.009331045672297478 PSNR:  27.727157195754128
epoch:  7000 loss:  0.009283534251153469 PSNR:  27.663679152533497
epoch:  7200 loss:  0.009266255423426628 PSNR:  27.750007930821795
epoch:  7400 loss:  0.009274732321500778 PSNR:  27.675679513347728
epoch:  7600 loss:  0.009268052875995636 PSNR:  27.668689549563247
epoch:  7800 loss:  0.0092850923538208 PSNR:  27.531218662811384
epoch:  8000 loss:  0.00921321939677 PSNR:  27.689147544830345
epoch:  8200 loss:  0.009222704917192459 PSNR:  27.612678076578753
epoch:  8400 loss:  0.009251277893781662 PSNR:  27.46379580478365
epoch:  8600 loss:  0.009233307093381882 PSNR:  27.639868408604258
epoch:  8800 loss:  0.009175675921142101 PSNR:  27.564801511990527
epoch:  9000 loss:  0.009183637797832489 PSNR:  27.619876290076192
epoch:  9200 loss:  0.00917348824441433 PSNR:  27.58644999353608
epoch:  9400 loss:  0.00917278602719307 PSNR:  27.47849552216874
epoch:  9600 loss:  0.0091553945094347 PSNR:  27.53830657795719
epoch:  9800 loss:  0.009163828566670418 PSNR:  27.633332590415435
epoch:  10000 loss:  0.009138351306319237 PSNR:  27.464177751331288
epoch:  10200 loss:  0.009163873270154 PSNR:  27.396356488839903
epoch:  10400 loss:  0.009127689525485039 PSNR:  27.498035182468726
epoch:  10600 loss:  0.009120121598243713 PSNR:  27.521142912844553
epoch:  10800 loss:  0.009085094556212425 PSNR:  27.6008173531876
epoch:  11000 loss:  0.009134795516729355 PSNR:  27.45123534841543
epoch:  11200 loss:  0.009135175496339798 PSNR:  27.44203813902136
epoch:  11400 loss:  0.009122034534811974 PSNR:  27.369759569864925
epoch:  11600 loss:  0.009098587557673454 PSNR:  27.372784312434405
epoch:  11800 loss:  0.009088855236768723 PSNR:  27.44132456783594
epoch:  12000 loss:  0.009068155661225319 PSNR:  27.404616672641215
epoch:  12200 loss:  0.009059739299118519 PSNR:  27.48693119705774
epoch:  12400 loss:  0.009086532518267632 PSNR:  27.409838254688367
epoch:  12600 loss:  0.009088203310966492 PSNR:  27.500586717140102
epoch:  12800 loss:  0.00904710590839386 PSNR:  27.424639412753002
epoch:  13000 loss:  0.009085475467145443 PSNR:  27.287491809602145
epoch:  13200 loss:  0.009041639044880867 PSNR:  27.37392089744912
epoch:  13400 loss:  0.009041626006364822 PSNR:  27.373267485685506
epoch:  13600 loss:  0.009029777720570564 PSNR:  27.3856321214707
epoch:  13800 loss:  0.009035918861627579 PSNR:  27.31297942837756
epoch:  14000 loss:  0.009062185883522034 PSNR:  27.24133389008334
epoch:  14200 loss:  0.00904764048755169 PSNR:  27.371250225797223
epoch:  14400 loss:  0.009008374065160751 PSNR:  27.411465526534975
epoch:  14600 loss:  0.009027566760778427 PSNR:  27.311875607347318
epoch:  14800 loss:  0.009021955542266369 PSNR:  27.328744976523996
epoch:  15000 loss:  0.009033773094415665 PSNR:  27.338274428979187
epoch:  15200 loss:  0.009043756872415543 PSNR:  27.25731176904374
epoch:  15400 loss:  0.008998939767479897 PSNR:  27.328901570881584
epoch:  15600 loss:  0.00901791825890541 PSNR:  27.38881532809724
epoch:  15800 loss:  0.009021280333399773 PSNR:  27.238640649705633
epoch:  16000 loss:  0.009040400385856628 PSNR:  27.280358951080498
epoch:  16200 loss:  0.009013262577354908 PSNR:  27.220259601877835
epoch:  16400 loss:  0.009005172178149223 PSNR:  27.279096273203628
epoch:  16600 loss:  0.008991852402687073 PSNR:  27.293111308286274
epoch:  16800 loss:  0.009016812779009342 PSNR:  27.31948681783061
epoch:  17000 loss:  0.00897486787289381 PSNR:  27.28259354218119
epoch:  17200 loss:  0.008978818543255329 PSNR:  27.27482725291634
epoch:  17400 loss:  0.00898500345647335 PSNR:  27.313717884346488
epoch:  17600 loss:  0.008960682898759842 PSNR:  27.30998939097762
epoch:  17800 loss:  0.008988937363028526 PSNR:  27.277109679158194
epoch:  18000 loss:  0.008997762575745583 PSNR:  27.233997855992644
epoch:  18200 loss:  0.008992055431008339 PSNR:  27.281407060478294
epoch:  18400 loss:  0.008981696330010891 PSNR:  27.217129206603804
epoch:  18600 loss:  0.00896232109516859 PSNR:  27.236524217853855
epoch:  18800 loss:  0.00897427462041378 PSNR:  27.202110468822973
epoch:  19000 loss:  0.008978612720966339 PSNR:  27.189556033008074
epoch:  19200 loss:  0.008955767378211021 PSNR:  27.26809280116107
epoch:  19400 loss:  0.008988888934254646 PSNR:  27.195880663074767
epoch:  19600 loss:  0.008966214954853058 PSNR:  27.237801323330114
epoch:  19800 loss:  0.00895925983786583 PSNR:  27.254923360322106
epoch:  20000 loss:  0.008968103677034378 PSNR:  27.10193525090928
epoch:  20200 loss:  0.008939947932958603 PSNR:  27.268527951698765
epoch:  20400 loss:  0.008965223096311092 PSNR:  27.21171108769528
epoch:  20600 loss:  0.00898286234587431 PSNR:  27.087765429765724
epoch:  20800 loss:  0.008945289067924023 PSNR:  27.21026296728557
epoch:  21000 loss:  0.008958268910646439 PSNR:  27.140060707694055
epoch:  21200 loss:  0.00892950315028429 PSNR:  27.243059297778483
epoch:  21400 loss:  0.008941501379013062 PSNR:  27.205544495014
epoch:  21600 loss:  0.00894962903112173 PSNR:  27.102847249390862
epoch:  21800 loss:  0.008945945650339127 PSNR:  27.21415535063201
epoch:  22000 loss:  0.008969319984316826 PSNR:  27.178180259832732
epoch:  22200 loss:  0.008972659707069397 PSNR:  27.199442613845473
epoch:  22400 loss:  0.008926024660468102 PSNR:  27.119946768161093
epoch:  22600 loss:  0.00894249603152275 PSNR:  27.12231531495742
epoch:  22800 loss:  0.008980040438473225 PSNR:  27.062734405565337
epoch:  23000 loss:  0.008950618095695972 PSNR:  27.086716810424743
epoch:  23200 loss:  0.008910717442631721 PSNR:  27.176515886480367
epoch:  23400 loss:  0.008925153873860836 PSNR:  27.109421260079493
epoch:  23600 loss:  0.008931707590818405 PSNR:  27.09099555093991
epoch:  23800 loss:  0.008921525441110134 PSNR:  27.12653311918656
epoch:  24000 loss:  0.008947931230068207 PSNR:  27.151483769755735
epoch:  24200 loss:  0.008910467848181725 PSNR:  27.170570794267192
epoch:  24400 loss:  0.00891981553286314 PSNR:  27.184112595903727
epoch:  24600 loss:  0.008899634703993797 PSNR:  27.11611186631728
epoch:  24800 loss:  0.008917709812521935 PSNR:  27.10268937871422
epoch:  25000 loss:  0.008914260193705559 PSNR:  27.10885982315699
epoch:  25200 loss:  0.008916438557207584 PSNR:  27.07261364090848
epoch:  25400 loss:  0.008915625512599945 PSNR:  27.066784428546228
epoch:  25600 loss:  0.008919298648834229 PSNR:  27.05100461696523
epoch:  25800 loss:  0.008919062092900276 PSNR:  27.06922534708263
epoch:  26000 loss:  0.00889948382973671 PSNR:  27.10129471960211
epoch:  26200 loss:  0.008920138701796532 PSNR:  27.09920385817933
epoch:  26400 loss:  0.008920276537537575 PSNR:  27.158821114918688
epoch:  26600 loss:  0.00888052862137556 PSNR:  27.150720248201345
epoch:  26800 loss:  0.008891362696886063 PSNR:  27.12604042541614
epoch:  27000 loss:  0.008892412297427654 PSNR:  27.08120517428162
epoch:  27200 loss:  0.008876772597432137 PSNR:  27.136429234889388
epoch:  27400 loss:  0.008882024325430393 PSNR:  27.13076430200215
epoch:  27600 loss:  0.008906367234885693 PSNR:  27.122270460555782
epoch:  27800 loss:  0.008922064676880836 PSNR:  26.97993147951083
epoch:  28000 loss:  0.00890341866761446 PSNR:  27.120231087559183
epoch:  28200 loss:  0.008877087384462357 PSNR:  27.068506446792128
epoch:  28400 loss:  0.008897526189684868 PSNR:  27.149912011290034
epoch:  28600 loss:  0.008912401273846626 PSNR:  27.144753325655394
epoch:  28800 loss:  0.008894920349121094 PSNR:  27.015997933869386
epoch:  29000 loss:  0.008918991312384605 PSNR:  27.100688548339136
epoch:  29200 loss:  0.008881654590368271 PSNR:  27.116774528908792
epoch:  29400 loss:  0.008890061639249325 PSNR:  27.04019372103786
epoch:  29600 loss:  0.008886914700269699 PSNR:  27.064378290340493
epoch:  29800 loss:  0.008897293359041214 PSNR:  27.108854341859296
epoch:  30000 loss:  0.008870926685631275 PSNR:  27.042610359928187
epoch:  30200 loss:  0.008887341246008873 PSNR:  27.04111528234271
epoch:  30400 loss:  0.008891991339623928 PSNR:  27.040615144222365
epoch:  30600 loss:  0.00888474564999342 PSNR:  27.045077240813725
epoch:  30800 loss:  0.00888874102383852 PSNR:  27.04736803354671
epoch:  31000 loss:  0.008868135511875153 PSNR:  27.05666872425602
epoch:  31200 loss:  0.008895784616470337 PSNR:  27.054508917649894
epoch:  31400 loss:  0.008876416832208633 PSNR:  27.074129333751735
epoch:  31600 loss:  0.008905070833861828 PSNR:  27.10556017970817
epoch:  31800 loss:  0.008885967545211315 PSNR:  27.041412381998175
epoch:  32000 loss:  0.008857356384396553 PSNR:  27.063817506676934
epoch:  32200 loss:  0.008865775540471077 PSNR:  27.044880521018783
epoch:  32400 loss:  0.008886042982339859 PSNR:  27.032791692904475
epoch:  32600 loss:  0.008860364556312561 PSNR:  27.09084960230058
epoch:  32800 loss:  0.008871454745531082 PSNR:  27.127112489657193
epoch:  33000 loss:  0.008881207555532455 PSNR:  27.02218547357111
epoch:  33200 loss:  0.008869495242834091 PSNR:  27.041911759713496
epoch:  33400 loss:  0.008863480761647224 PSNR:  27.099322741372646
epoch:  33600 loss:  0.008869406767189503 PSNR:  27.043512825686584
epoch:  33800 loss:  0.008863281458616257 PSNR:  27.054308921293064
epoch:  34000 loss:  0.008850956335663795 PSNR:  27.09615660839457
epoch:  34200 loss:  0.008877912536263466 PSNR:  27.043787637613747
epoch:  34400 loss:  0.008844180032610893 PSNR:  27.065820556451435
epoch:  34600 loss:  0.00884903222322464 PSNR:  27.0478598470715
epoch:  34800 loss:  0.008857183158397675 PSNR:  26.979450098409853
epoch:  35000 loss:  0.008863366208970547 PSNR:  27.11928680240957
epoch:  35200 loss:  0.00885129813104868 PSNR:  27.00664126138809
epoch:  35400 loss:  0.008854363113641739 PSNR:  27.014403872481555
epoch:  35600 loss:  0.008846009150147438 PSNR:  27.02974591234996
epoch:  35800 loss:  0.008875284343957901 PSNR:  26.983256678253674
epoch:  36000 loss:  0.008849753998219967 PSNR:  27.083810820216417
epoch:  36200 loss:  0.008845056407153606 PSNR:  27.036429137147433
epoch:  36400 loss:  0.008836843073368073 PSNR:  26.99318690119864
epoch:  36600 loss:  0.008867046795785427 PSNR:  27.034727729492296
epoch:  36800 loss:  0.008841714821755886 PSNR:  26.990302661966652
epoch:  37000 loss:  0.008842993527650833 PSNR:  26.9815331067945
epoch:  37200 loss:  0.00884363241493702 PSNR:  27.091245226421226
epoch:  37400 loss:  0.00885987002402544 PSNR:  27.037954389569123
epoch:  37600 loss:  0.008849551901221275 PSNR:  27.07748937884731
epoch:  37800 loss:  0.008845890872180462 PSNR:  27.093707122758595
epoch:  38000 loss:  0.008857726119458675 PSNR:  26.991910085071066
epoch:  38200 loss:  0.008846689015626907 PSNR:  27.04495869617094
epoch:  38400 loss:  0.008838804438710213 PSNR:  27.067623634254957
epoch:  38600 loss:  0.008826479315757751 PSNR:  27.031042686728732
epoch:  38800 loss:  0.00884956680238247 PSNR:  26.96215693480195
epoch:  39000 loss:  0.008836135268211365 PSNR:  27.061568247086853
epoch:  39200 loss:  0.008827056735754013 PSNR:  27.004198081816938
epoch:  39400 loss:  0.008831536397337914 PSNR:  26.998866060586497
epoch:  39600 loss:  0.008840952068567276 PSNR:  26.92492224380174
epoch:  39800 loss:  0.008829280734062195 PSNR:  27.025921592681044
Output directory: data/denoising/Set14/mask/4/pai/synflow_local/sparse_0.5
PSNR of output image is:  27.025921592681044
(3, 512, 512) (1, 3, 512, 512) (3, 512, 512)
Experiment done
