Starting random mask  training on 4 using ADAM(sigma=0.1,lr=0.01,decay=0,beta=0)
Noisy PSNR is '19.762447384478914'
Starting random mask  training on 4 using ADAM(sigma=0.1,lr=0.01,decay=0,beta=0)
Noisy PSNR is '19.76095778873923'
1.1.1.weight         | nonzeros =    6399 /   12800             ( 49.99%) | total_pruned =    6401 | shape = torch.Size([16, 32, 5, 5])
1.1.1.bias           | nonzeros =       7 /      16             ( 43.75%) | total_pruned =       9 | shape = torch.Size([16])
1.2.weight           | nonzeros =       7 /      16             ( 43.75%) | total_pruned =       9 | shape = torch.Size([16])
1.2.bias             | nonzeros =       0 /      16             (  0.00%) | total_pruned =      16 | shape = torch.Size([16])
1.4.1.weight         | nonzeros =    3199 /    6400             ( 49.98%) | total_pruned =    3201 | shape = torch.Size([16, 16, 5, 5])
1.4.1.bias           | nonzeros =       7 /      16             ( 43.75%) | total_pruned =       9 | shape = torch.Size([16])
1.5.weight           | nonzeros =       7 /      16             ( 43.75%) | total_pruned =       9 | shape = torch.Size([16])
1.5.bias             | nonzeros =       0 /      16             (  0.00%) | total_pruned =      16 | shape = torch.Size([16])
1.7.1.1.1.weight     | nonzeros =    6399 /   12800             ( 49.99%) | total_pruned =    6401 | shape = torch.Size([32, 16, 5, 5])
1.7.1.1.1.bias       | nonzeros =      15 /      32             ( 46.88%) | total_pruned =      17 | shape = torch.Size([32])
1.7.1.2.weight       | nonzeros =      15 /      32             ( 46.88%) | total_pruned =      17 | shape = torch.Size([32])
1.7.1.2.bias         | nonzeros =       0 /      32             (  0.00%) | total_pruned =      32 | shape = torch.Size([32])
1.7.1.4.1.weight     | nonzeros =   12799 /   25600             ( 50.00%) | total_pruned =   12801 | shape = torch.Size([32, 32, 5, 5])
1.7.1.4.1.bias       | nonzeros =      15 /      32             ( 46.88%) | total_pruned =      17 | shape = torch.Size([32])
1.7.1.5.weight       | nonzeros =      15 /      32             ( 46.88%) | total_pruned =      17 | shape = torch.Size([32])
1.7.1.5.bias         | nonzeros =       0 /      32             (  0.00%) | total_pruned =      32 | shape = torch.Size([32])
1.7.1.7.1.1.1.weight | nonzeros =   25599 /   51200             ( 50.00%) | total_pruned =   25601 | shape = torch.Size([64, 32, 5, 5])
1.7.1.7.1.1.1.bias   | nonzeros =      31 /      64             ( 48.44%) | total_pruned =      33 | shape = torch.Size([64])
1.7.1.7.1.2.weight   | nonzeros =      31 /      64             ( 48.44%) | total_pruned =      33 | shape = torch.Size([64])
1.7.1.7.1.2.bias     | nonzeros =       0 /      64             (  0.00%) | total_pruned =      64 | shape = torch.Size([64])
1.7.1.7.1.4.1.weight | nonzeros =   51199 /  102400             ( 50.00%) | total_pruned =   51201 | shape = torch.Size([64, 64, 5, 5])
1.7.1.7.1.4.1.bias   | nonzeros =      31 /      64             ( 48.44%) | total_pruned =      33 | shape = torch.Size([64])
1.7.1.7.1.5.weight   | nonzeros =      31 /      64             ( 48.44%) | total_pruned =      33 | shape = torch.Size([64])
1.7.1.7.1.5.bias     | nonzeros =       0 /      64             (  0.00%) | total_pruned =      64 | shape = torch.Size([64])
1.7.1.7.1.7.1.1.1.weight | nonzeros =  102399 /  204800             ( 50.00%) | total_pruned =  102401 | shape = torch.Size([128, 64, 5, 5])
1.7.1.7.1.7.1.1.1.bias | nonzeros =      63 /     128             ( 49.22%) | total_pruned =      65 | shape = torch.Size([128])
1.7.1.7.1.7.1.2.weight | nonzeros =      63 /     128             ( 49.22%) | total_pruned =      65 | shape = torch.Size([128])
1.7.1.7.1.7.1.2.bias | nonzeros =       0 /     128             (  0.00%) | total_pruned =     128 | shape = torch.Size([128])
1.7.1.7.1.7.1.4.1.weight | nonzeros =  204799 /  409600             ( 50.00%) | total_pruned =  204801 | shape = torch.Size([128, 128, 5, 5])
1.7.1.7.1.7.1.4.1.bias | nonzeros =      63 /     128             ( 49.22%) | total_pruned =      65 | shape = torch.Size([128])
1.7.1.7.1.7.1.5.weight | nonzeros =      63 /     128             ( 49.22%) | total_pruned =      65 | shape = torch.Size([128])
1.7.1.7.1.7.1.5.bias | nonzeros =       0 /     128             (  0.00%) | total_pruned =     128 | shape = torch.Size([128])
1.7.1.7.1.7.1.7.1.1.1.weight | nonzeros =  204798 /  409600             ( 50.00%) | total_pruned =  204802 | shape = torch.Size([128, 128, 5, 5])
1.7.1.7.1.7.1.7.1.1.1.bias | nonzeros =      63 /     128             ( 49.22%) | total_pruned =      65 | shape = torch.Size([128])
1.7.1.7.1.7.1.7.1.2.weight | nonzeros =      63 /     128             ( 49.22%) | total_pruned =      65 | shape = torch.Size([128])
1.7.1.7.1.7.1.7.1.2.bias | nonzeros =       0 /     128             (  0.00%) | total_pruned =     128 | shape = torch.Size([128])
1.7.1.7.1.7.1.7.1.4.1.weight | nonzeros =  204799 /  409600             ( 50.00%) | total_pruned =  204801 | shape = torch.Size([128, 128, 5, 5])
1.7.1.7.1.7.1.7.1.4.1.bias | nonzeros =      62 /     128             ( 48.44%) | total_pruned =      66 | shape = torch.Size([128])
1.7.1.7.1.7.1.7.1.5.weight | nonzeros =      63 /     128             ( 49.22%) | total_pruned =      65 | shape = torch.Size([128])
1.7.1.7.1.7.1.7.1.5.bias | nonzeros =       0 /     128             (  0.00%) | total_pruned =     128 | shape = torch.Size([128])
1.7.1.7.1.7.1.7.1.7.1.1.1.weight | nonzeros =  204799 /  409600             ( 50.00%) | total_pruned =  204801 | shape = torch.Size([128, 128, 5, 5])
1.7.1.7.1.7.1.7.1.7.1.1.1.bias | nonzeros =      63 /     128             ( 49.22%) | total_pruned =      65 | shape = torch.Size([128])
1.7.1.7.1.7.1.7.1.7.1.2.weight | nonzeros =      63 /     128             ( 49.22%) | total_pruned =      65 | shape = torch.Size([128])
1.7.1.7.1.7.1.7.1.7.1.2.bias | nonzeros =       0 /     128             (  0.00%) | total_pruned =     128 | shape = torch.Size([128])
1.7.1.7.1.7.1.7.1.7.1.4.1.weight | nonzeros =  204799 /  409600             ( 50.00%) | total_pruned =  204801 | shape = torch.Size([128, 128, 5, 5])
1.7.1.7.1.7.1.7.1.7.1.4.1.bias | nonzeros =      63 /     128             ( 49.22%) | total_pruned =      65 | shape = torch.Size([128])
1.7.1.7.1.7.1.7.1.7.1.5.weight | nonzeros =      63 /     128             ( 49.22%) | total_pruned =      65 | shape = torch.Size([128])
1.7.1.7.1.7.1.7.1.7.1.5.bias | nonzeros =       0 /     128             (  0.00%) | total_pruned =     128 | shape = torch.Size([128])
1.7.1.7.1.7.1.7.1.7.2.weight | nonzeros =      63 /     128             ( 49.22%) | total_pruned =      65 | shape = torch.Size([128])
1.7.1.7.1.7.1.7.1.7.2.bias | nonzeros =       0 /     128             (  0.00%) | total_pruned =     128 | shape = torch.Size([128])
1.7.1.7.1.7.1.7.1.7.3.1.weight | nonzeros =   73727 /  147456             ( 50.00%) | total_pruned =   73729 | shape = torch.Size([128, 128, 3, 3])
1.7.1.7.1.7.1.7.1.7.3.1.bias | nonzeros =      63 /     128             ( 49.22%) | total_pruned =      65 | shape = torch.Size([128])
1.7.1.7.1.7.1.7.1.7.4.weight | nonzeros =      63 /     128             ( 49.22%) | total_pruned =      65 | shape = torch.Size([128])
1.7.1.7.1.7.1.7.1.7.4.bias | nonzeros =       0 /     128             (  0.00%) | total_pruned =     128 | shape = torch.Size([128])
1.7.1.7.1.7.1.7.2.weight | nonzeros =      63 /     128             ( 49.22%) | total_pruned =      65 | shape = torch.Size([128])
1.7.1.7.1.7.1.7.2.bias | nonzeros =       0 /     128             (  0.00%) | total_pruned =     128 | shape = torch.Size([128])
1.7.1.7.1.7.1.7.3.1.weight | nonzeros =   73727 /  147456             ( 50.00%) | total_pruned =   73729 | shape = torch.Size([128, 128, 3, 3])
1.7.1.7.1.7.1.7.3.1.bias | nonzeros =      63 /     128             ( 49.22%) | total_pruned =      65 | shape = torch.Size([128])
1.7.1.7.1.7.1.7.4.weight | nonzeros =      63 /     128             ( 49.22%) | total_pruned =      65 | shape = torch.Size([128])
1.7.1.7.1.7.1.7.4.bias | nonzeros =       0 /     128             (  0.00%) | total_pruned =     128 | shape = torch.Size([128])
1.7.1.7.1.7.2.weight | nonzeros =      63 /     128             ( 49.22%) | total_pruned =      65 | shape = torch.Size([128])
1.7.1.7.1.7.2.bias   | nonzeros =       0 /     128             (  0.00%) | total_pruned =     128 | shape = torch.Size([128])
1.7.1.7.1.7.3.1.weight | nonzeros =   73727 /  147456             ( 50.00%) | total_pruned =   73729 | shape = torch.Size([128, 128, 3, 3])
1.7.1.7.1.7.3.1.bias | nonzeros =      63 /     128             ( 49.22%) | total_pruned =      65 | shape = torch.Size([128])
1.7.1.7.1.7.4.weight | nonzeros =      63 /     128             ( 49.22%) | total_pruned =      65 | shape = torch.Size([128])
1.7.1.7.1.7.4.bias   | nonzeros =       0 /     128             (  0.00%) | total_pruned =     128 | shape = torch.Size([128])
1.7.1.7.2.weight     | nonzeros =      63 /     128             ( 49.22%) | total_pruned =      65 | shape = torch.Size([128])
1.7.1.7.2.bias       | nonzeros =       0 /     128             (  0.00%) | total_pruned =     128 | shape = torch.Size([128])
1.7.1.7.3.1.weight   | nonzeros =   36863 /   73728             ( 50.00%) | total_pruned =   36865 | shape = torch.Size([64, 128, 3, 3])
1.7.1.7.3.1.bias     | nonzeros =      31 /      64             ( 48.44%) | total_pruned =      33 | shape = torch.Size([64])
1.7.1.7.4.weight     | nonzeros =      31 /      64             ( 48.44%) | total_pruned =      33 | shape = torch.Size([64])
1.7.1.7.4.bias       | nonzeros =       0 /      64             (  0.00%) | total_pruned =      64 | shape = torch.Size([64])
1.7.2.weight         | nonzeros =      31 /      64             ( 48.44%) | total_pruned =      33 | shape = torch.Size([64])
1.7.2.bias           | nonzeros =       0 /      64             (  0.00%) | total_pruned =      64 | shape = torch.Size([64])
1.7.3.1.weight       | nonzeros =    9215 /   18432             ( 49.99%) | total_pruned =    9217 | shape = torch.Size([32, 64, 3, 3])
1.7.3.1.bias         | nonzeros =      15 /      32             ( 46.88%) | total_pruned =      17 | shape = torch.Size([32])
1.7.4.weight         | nonzeros =      15 /      32             ( 46.88%) | total_pruned =      17 | shape = torch.Size([32])
1.7.4.bias           | nonzeros =       0 /      32             (  0.00%) | total_pruned =      32 | shape = torch.Size([32])
2.weight             | nonzeros =      15 /      32             ( 46.88%) | total_pruned =      17 | shape = torch.Size([32])
2.bias               | nonzeros =       0 /      32             (  0.00%) | total_pruned =      32 | shape = torch.Size([32])
3.1.weight           | nonzeros =    2303 /    4608             ( 49.98%) | total_pruned =    2305 | shape = torch.Size([16, 32, 3, 3])
3.1.bias             | nonzeros =       7 /      16             ( 43.75%) | total_pruned =       9 | shape = torch.Size([16])
4.weight             | nonzeros =       7 /      16             ( 43.75%) | total_pruned =       9 | shape = torch.Size([16])
4.bias               | nonzeros =       0 /      16             (  0.00%) | total_pruned =      16 | shape = torch.Size([16])
6.1.weight           | nonzeros =      23 /      48             ( 47.92%) | total_pruned =      25 | shape = torch.Size([3, 16, 1, 1])
6.1.bias             | nonzeros =       0 /       3             (  0.00%) | total_pruned =       3 | shape = torch.Size([3])
alive: 1503321, pruned : 1505546, total: 3008867, Compression rate :       2.00x  ( 50.04% pruned)
Initial PSNR of output image is:  12.697891253831845
epoch:  0 loss:  0.056655675172805786 PSNR:  12.697891253831845
epoch:  200 loss:  0.013316701166331768 PSNR:  23.54025653161066
epoch:  400 loss:  0.012055258266627789 PSNR:  25.195829483513418
epoch:  600 loss:  0.01155543141067028 PSNR:  25.981557413150238
epoch:  800 loss:  0.011196581646800041 PSNR:  26.62009096463601
epoch:  1000 loss:  0.010937581770122051 PSNR:  27.14390286493957
epoch:  1200 loss:  0.010747572407126427 PSNR:  27.521645733117115
epoch:  1400 loss:  0.010659977793693542 PSNR:  27.657765693205988
epoch:  1600 loss:  0.010492218658328056 PSNR:  28.002927997084335
epoch:  1800 loss:  0.010393483564257622 PSNR:  28.180480895714595
epoch:  2000 loss:  0.010383871383965015 PSNR:  28.003365392180335
epoch:  2200 loss:  0.010266542434692383 PSNR:  28.2490623543108
epoch:  2400 loss:  0.010230193845927715 PSNR:  28.282921368967408
epoch:  2600 loss:  0.010267997160553932 PSNR:  28.075178290575323
epoch:  2800 loss:  0.010121716186404228 PSNR:  28.466153872817436
epoch:  3000 loss:  0.010200714692473412 PSNR:  28.100371218726433
epoch:  3200 loss:  0.010032580234110355 PSNR:  28.48394614587875
epoch:  3400 loss:  0.010132893919944763 PSNR:  28.20654061373577
epoch:  3600 loss:  0.01002188678830862 PSNR:  28.35740709281163
epoch:  3800 loss:  0.010058184154331684 PSNR:  28.19975510323686
epoch:  4000 loss:  0.010018788278102875 PSNR:  28.277183887381632
epoch:  4200 loss:  0.009945235215127468 PSNR:  28.38315966632207
epoch:  4400 loss:  0.010049997828900814 PSNR:  28.060908328257543
epoch:  4600 loss:  0.009884145110845566 PSNR:  28.41944523114303
epoch:  4800 loss:  0.009874582290649414 PSNR:  28.410332045046886
epoch:  5000 loss:  0.009851678274571896 PSNR:  28.407887968974876
epoch:  5200 loss:  0.009831994771957397 PSNR:  28.39094767170149
epoch:  5400 loss:  0.009860876016318798 PSNR:  28.308950054572314
epoch:  5600 loss:  0.009813050739467144 PSNR:  28.339712589727363
epoch:  5800 loss:  0.00980606023222208 PSNR:  28.420354285759394
epoch:  6000 loss:  0.009781936183571815 PSNR:  28.415683066681652
epoch:  6200 loss:  0.009812157601118088 PSNR:  28.35443531944236
epoch:  6400 loss:  0.009800370782613754 PSNR:  28.408405858142324
epoch:  6600 loss:  0.00978093221783638 PSNR:  28.37539371147688
epoch:  6800 loss:  0.009789704345166683 PSNR:  28.185241348893197
epoch:  7000 loss:  0.00975746475160122 PSNR:  28.37493611895109
epoch:  7200 loss:  0.00974242016673088 PSNR:  28.341376723981575
epoch:  7400 loss:  0.009720750153064728 PSNR:  28.40983299930114
epoch:  7600 loss:  0.009786512702703476 PSNR:  28.09487265318531
epoch:  7800 loss:  0.009706580080091953 PSNR:  28.3821450365414
epoch:  8000 loss:  0.009711087681353092 PSNR:  28.322140622045065
epoch:  8200 loss:  0.00970786064863205 PSNR:  28.2502583467301
epoch:  8400 loss:  0.009687800891697407 PSNR:  28.28335273250268
epoch:  8600 loss:  0.009671232663094997 PSNR:  28.356401152455465
epoch:  8800 loss:  0.009682051837444305 PSNR:  28.352269474553676
epoch:  9000 loss:  0.009680051356554031 PSNR:  28.265503056703945
epoch:  9200 loss:  0.009654806926846504 PSNR:  28.32236912740435
epoch:  9400 loss:  0.009659519419074059 PSNR:  28.381117883169477
epoch:  9600 loss:  0.00965907797217369 PSNR:  28.345588176447226
epoch:  9800 loss:  0.009630350396037102 PSNR:  28.380735469824238
epoch:  10000 loss:  0.009667671285569668 PSNR:  28.27701060017923
epoch:  10200 loss:  0.014116453938186169 PSNR:  22.709517875415433
epoch:  10400 loss:  0.010816840454936028 PSNR:  27.417708746765403
epoch:  10600 loss:  0.010538714937865734 PSNR:  27.934174507770322
epoch:  10800 loss:  0.01027718372642994 PSNR:  28.467255769722513
epoch:  11000 loss:  0.010185635648667812 PSNR:  28.587961381902907
epoch:  11200 loss:  0.010125837288796902 PSNR:  28.579392541028827
epoch:  11400 loss:  0.010107092559337616 PSNR:  28.50641962872036
epoch:  11600 loss:  0.010010498575866222 PSNR:  28.604704547253228
epoch:  11800 loss:  0.00996547844260931 PSNR:  28.721461504541278
epoch:  12000 loss:  0.009958096779882908 PSNR:  28.6161309315662
epoch:  12200 loss:  0.009893491864204407 PSNR:  28.75185955418494
epoch:  12400 loss:  0.009899728000164032 PSNR:  28.64466147403165
epoch:  12600 loss:  0.009845491498708725 PSNR:  28.75921895053663
epoch:  12800 loss:  0.009847302921116352 PSNR:  28.530563792774473
epoch:  13000 loss:  0.009852664545178413 PSNR:  28.531827476010847
epoch:  13200 loss:  0.009792088530957699 PSNR:  28.63605682108407
epoch:  13400 loss:  0.009794163517653942 PSNR:  28.607127542962765
epoch:  13600 loss:  0.009791601449251175 PSNR:  28.57662657346459
epoch:  13800 loss:  0.009766584262251854 PSNR:  28.54849948542112
epoch:  14000 loss:  0.009781606495380402 PSNR:  28.482044425745393
epoch:  14200 loss:  0.009732022881507874 PSNR:  28.556523954743433
epoch:  14400 loss:  0.009701449424028397 PSNR:  28.611097661289747
epoch:  14600 loss:  0.009713192470371723 PSNR:  28.519994007511038
epoch:  14800 loss:  0.009736317209899426 PSNR:  28.418633095219235
epoch:  15000 loss:  0.009726223535835743 PSNR:  28.54911600974348
epoch:  15200 loss:  0.009675579145550728 PSNR:  28.557541497328856
epoch:  15400 loss:  0.009683173149824142 PSNR:  28.534538610404134
epoch:  15600 loss:  0.009662648662924767 PSNR:  28.568968666566832
epoch:  15800 loss:  0.009680798277258873 PSNR:  28.393929418336704
epoch:  16000 loss:  0.0096509400755167 PSNR:  28.481296475120775
epoch:  16200 loss:  0.00967492163181305 PSNR:  28.437252823131377
epoch:  16400 loss:  0.009624360129237175 PSNR:  28.52413099579062
epoch:  16600 loss:  0.00964699499309063 PSNR:  28.39866619364453
epoch:  16800 loss:  0.0096309594810009 PSNR:  28.4657907103654
epoch:  17000 loss:  0.009633230976760387 PSNR:  28.472737857420842
epoch:  17200 loss:  0.009663522243499756 PSNR:  28.373284167123746
epoch:  17400 loss:  0.009650939144194126 PSNR:  28.274839621969274
epoch:  17600 loss:  0.009589641354978085 PSNR:  28.531225409375413
epoch:  17800 loss:  0.009625949896872044 PSNR:  28.417627692554504
epoch:  18000 loss:  0.009618724696338177 PSNR:  28.442059465548265
epoch:  18200 loss:  0.009591985493898392 PSNR:  28.488176143219267
epoch:  18400 loss:  0.009624016471207142 PSNR:  28.41649854954824
epoch:  18600 loss:  0.009591633453965187 PSNR:  28.38120720802346
epoch:  18800 loss:  0.00960472971200943 PSNR:  28.419417143215515
epoch:  19000 loss:  0.009566999971866608 PSNR:  28.37425657682806
epoch:  19200 loss:  0.009607987478375435 PSNR:  28.442393588514193
epoch:  19400 loss:  0.009532971307635307 PSNR:  28.515537485648522
epoch:  19600 loss:  0.009559149853885174 PSNR:  28.43800380426078
epoch:  19800 loss:  0.009536328725516796 PSNR:  28.44889645504076
epoch:  20000 loss:  0.009555269964039326 PSNR:  28.311132067527154
epoch:  20200 loss:  0.00957011803984642 PSNR:  28.3790546424253
epoch:  20400 loss:  0.009564097970724106 PSNR:  28.30520598417023
epoch:  20600 loss:  0.009568735957145691 PSNR:  28.345279826747863
epoch:  20800 loss:  0.009554611518979073 PSNR:  28.26908378377968
epoch:  21000 loss:  0.009601539000868797 PSNR:  28.223455082684822
epoch:  21200 loss:  0.009519830346107483 PSNR:  28.457155134874
epoch:  21400 loss:  0.009535370394587517 PSNR:  28.444795167296846
epoch:  21600 loss:  0.00954661425203085 PSNR:  28.273845833112045
epoch:  21800 loss:  0.00953532662242651 PSNR:  28.429040078303352
epoch:  22000 loss:  0.009571979753673077 PSNR:  28.182153441885582
epoch:  22200 loss:  0.009511330164968967 PSNR:  28.444310194008295
epoch:  22400 loss:  0.00951908528804779 PSNR:  28.32818460900669
epoch:  22600 loss:  0.009518167935311794 PSNR:  28.334548411203507
epoch:  22800 loss:  0.00949572678655386 PSNR:  28.377068486445495
epoch:  23000 loss:  0.009518581442534924 PSNR:  28.301379337293437
epoch:  23200 loss:  0.009519941173493862 PSNR:  28.28395202464658
epoch:  23400 loss:  0.00948263332247734 PSNR:  28.405511762435147
epoch:  23600 loss:  0.00950438529253006 PSNR:  28.39383478980156
epoch:  23800 loss:  0.009518306702375412 PSNR:  28.24247304825681
epoch:  24000 loss:  0.009537427686154842 PSNR:  28.33188202548842
epoch:  24200 loss:  0.009534123353660107 PSNR:  28.258270755935712
epoch:  24400 loss:  0.009514696896076202 PSNR:  28.31102172326171
epoch:  24600 loss:  0.009504335932433605 PSNR:  28.186747486126084
epoch:  24800 loss:  0.009496736340224743 PSNR:  28.29154921497926
epoch:  25000 loss:  0.009485218673944473 PSNR:  28.313891966469455
epoch:  25200 loss:  0.009579582139849663 PSNR:  28.02663126743201
epoch:  25400 loss:  0.009528589434921741 PSNR:  28.084645721088236
epoch:  25600 loss:  0.009498946368694305 PSNR:  28.19805500536713
epoch:  25800 loss:  0.009476635605096817 PSNR:  28.289858623578358
epoch:  26000 loss:  0.009477544575929642 PSNR:  28.305342780365823
epoch:  26200 loss:  0.009513771161437035 PSNR:  28.357550927482436
epoch:  26400 loss:  0.009455795399844646 PSNR:  28.400734501937563
epoch:  26600 loss:  0.009509539231657982 PSNR:  28.25688052811826
epoch:  26800 loss:  0.009483459405601025 PSNR:  28.269343808447832
epoch:  27000 loss:  0.0094688069075346 PSNR:  28.330299872050055
epoch:  27200 loss:  0.009484224021434784 PSNR:  28.263702508567057
epoch:  27400 loss:  0.009471365250647068 PSNR:  28.348905470602304
epoch:  27600 loss:  0.00948214903473854 PSNR:  28.343763709040502
epoch:  27800 loss:  0.00950205884873867 PSNR:  28.22669378696653
epoch:  28000 loss:  0.009458477608859539 PSNR:  28.229140270036197
epoch:  28200 loss:  0.00947156548500061 PSNR:  28.184286327780192
epoch:  28400 loss:  0.009509127587080002 PSNR:  28.065903344992375
epoch:  28600 loss:  0.009485343471169472 PSNR:  28.270401025566592
epoch:  28800 loss:  0.009477052837610245 PSNR:  28.1623874308149
epoch:  29000 loss:  0.009487291797995567 PSNR:  28.169327254376633
epoch:  29200 loss:  0.009477827697992325 PSNR:  28.29854921864061
epoch:  29400 loss:  0.009448189288377762 PSNR:  28.348608015476454
epoch:  29600 loss:  0.009446501731872559 PSNR:  28.36247340481139
epoch:  29800 loss:  0.009476539678871632 PSNR:  28.21431715189093
epoch:  30000 loss:  0.009461471810936928 PSNR:  28.28103385412112
epoch:  30200 loss:  0.009469210170209408 PSNR:  28.233339532322216
epoch:  30400 loss:  0.009485937654972076 PSNR:  28.172247582644964
epoch:  30600 loss:  0.0094550009816885 PSNR:  28.226070628109554
epoch:  30800 loss:  0.009447326883673668 PSNR:  28.23515520232094
epoch:  31000 loss:  0.009461036883294582 PSNR:  28.290503121799688
epoch:  31200 loss:  0.00945399422198534 PSNR:  28.282017194616156
epoch:  31400 loss:  0.00945310853421688 PSNR:  28.175510268300354
epoch:  31600 loss:  0.009450565092265606 PSNR:  28.275065652011705
epoch:  31800 loss:  0.00942450761795044 PSNR:  28.299728558502906
epoch:  32000 loss:  0.009438199922442436 PSNR:  28.300163871986864
epoch:  32200 loss:  0.009424764662981033 PSNR:  28.344282825825346
epoch:  32400 loss:  0.00943734310567379 PSNR:  28.304426328122574
epoch:  32600 loss:  0.009428244084119797 PSNR:  28.288633886151842
epoch:  32800 loss:  0.009442722424864769 PSNR:  28.31276777441023
epoch:  33000 loss:  0.009448312222957611 PSNR:  28.25985959565575
epoch:  33200 loss:  0.009434323757886887 PSNR:  28.28000880186448
epoch:  33400 loss:  0.009424770250916481 PSNR:  28.264092821195746
epoch:  33600 loss:  0.009431995451450348 PSNR:  28.30681741290803
epoch:  33800 loss:  0.009426274336874485 PSNR:  28.26991704824952
epoch:  34000 loss:  0.0094301151111722 PSNR:  28.263702508567057
epoch:  34200 loss:  0.009464621543884277 PSNR:  28.228624281146043
epoch:  34400 loss:  0.009419525042176247 PSNR:  28.20438303630307
epoch:  34600 loss:  0.009428227320313454 PSNR:  28.241026089497684
epoch:  34800 loss:  0.009409069083631039 PSNR:  28.22753202067638
epoch:  35000 loss:  0.009415998123586178 PSNR:  28.278096496385654
epoch:  35200 loss:  0.009428765624761581 PSNR:  28.258108746493875
epoch:  35400 loss:  0.00941726379096508 PSNR:  28.265983906377684
epoch:  35600 loss:  0.009445841424167156 PSNR:  28.13595750635249
epoch:  35800 loss:  0.009420404210686684 PSNR:  28.19943320157349
epoch:  36000 loss:  0.009424771182239056 PSNR:  28.240033643707253
epoch:  36200 loss:  0.00942167267203331 PSNR:  28.144917222649433
epoch:  36400 loss:  0.009430179372429848 PSNR:  28.234569708813588
epoch:  36600 loss:  0.009419644251465797 PSNR:  28.2399977087708
epoch:  36800 loss:  0.009422611445188522 PSNR:  28.213902264803394
epoch:  37000 loss:  0.009433185681700706 PSNR:  28.19264729998882
epoch:  37200 loss:  0.009416794404387474 PSNR:  28.207628349980354
epoch:  37400 loss:  0.009441586211323738 PSNR:  28.13499864521318
epoch:  37600 loss:  0.00943138636648655 PSNR:  28.15802807059297
epoch:  37800 loss:  0.009445436298847198 PSNR:  28.19251067556437
epoch:  38000 loss:  0.00942399725317955 PSNR:  28.209681971814614
epoch:  38200 loss:  0.009415768086910248 PSNR:  28.151114699729767
epoch:  38400 loss:  0.009401572868227959 PSNR:  28.21478008615106
epoch:  38600 loss:  0.009407583624124527 PSNR:  28.20243359741184
epoch:  38800 loss:  0.009416017681360245 PSNR:  28.176233183446506
epoch:  39000 loss:  0.009426246397197247 PSNR:  28.093850431885198
epoch:  39200 loss:  0.00941958837211132 PSNR:  28.082519687370425
epoch:  39400 loss:  0.009419804438948631 PSNR:  28.087121868832842
epoch:  39600 loss:  0.00939580425620079 PSNR:  28.194813130469754
epoch:  39800 loss:  0.009391268715262413 PSNR:  28.195094678869456
Output directory: data/denoising/Set14/mask/4/pai/grasp_local/sparse_0.5
PSNR of output image is:  28.195094678869456
(3, 512, 512) (1, 3, 512, 512) (3, 512, 512)
Experiment done
