Starting random mask  training on 4 using ADAM(sigma=0.1,lr=0.01,decay=0,beta=0)
Noisy PSNR is '19.757132413434363'
Starting random mask  training on 4 using ADAM(sigma=0.1,lr=0.01,decay=0,beta=0)
Noisy PSNR is '19.754946783847824'
1.1.1.weight         | nonzeros =   10239 /   12800             ( 79.99%) | total_pruned =    2561 | shape = torch.Size([16, 32, 5, 5])
1.1.1.bias           | nonzeros =      11 /      16             ( 68.75%) | total_pruned =       5 | shape = torch.Size([16])
1.2.weight           | nonzeros =      11 /      16             ( 68.75%) | total_pruned =       5 | shape = torch.Size([16])
1.2.bias             | nonzeros =       0 /      16             (  0.00%) | total_pruned =      16 | shape = torch.Size([16])
1.4.1.weight         | nonzeros =    5119 /    6400             ( 79.98%) | total_pruned =    1281 | shape = torch.Size([16, 16, 5, 5])
1.4.1.bias           | nonzeros =      11 /      16             ( 68.75%) | total_pruned =       5 | shape = torch.Size([16])
1.5.weight           | nonzeros =      11 /      16             ( 68.75%) | total_pruned =       5 | shape = torch.Size([16])
1.5.bias             | nonzeros =       0 /      16             (  0.00%) | total_pruned =      16 | shape = torch.Size([16])
1.7.1.1.1.weight     | nonzeros =   10239 /   12800             ( 79.99%) | total_pruned =    2561 | shape = torch.Size([32, 16, 5, 5])
1.7.1.1.1.bias       | nonzeros =      24 /      32             ( 75.00%) | total_pruned =       8 | shape = torch.Size([32])
1.7.1.2.weight       | nonzeros =      24 /      32             ( 75.00%) | total_pruned =       8 | shape = torch.Size([32])
1.7.1.2.bias         | nonzeros =       0 /      32             (  0.00%) | total_pruned =      32 | shape = torch.Size([32])
1.7.1.4.1.weight     | nonzeros =   20479 /   25600             ( 80.00%) | total_pruned =    5121 | shape = torch.Size([32, 32, 5, 5])
1.7.1.4.1.bias       | nonzeros =      24 /      32             ( 75.00%) | total_pruned =       8 | shape = torch.Size([32])
1.7.1.5.weight       | nonzeros =      24 /      32             ( 75.00%) | total_pruned =       8 | shape = torch.Size([32])
1.7.1.5.bias         | nonzeros =       0 /      32             (  0.00%) | total_pruned =      32 | shape = torch.Size([32])
1.7.1.7.1.1.1.weight | nonzeros =   40959 /   51200             ( 80.00%) | total_pruned =   10241 | shape = torch.Size([64, 32, 5, 5])
1.7.1.7.1.1.1.bias   | nonzeros =      50 /      64             ( 78.12%) | total_pruned =      14 | shape = torch.Size([64])
1.7.1.7.1.2.weight   | nonzeros =      50 /      64             ( 78.12%) | total_pruned =      14 | shape = torch.Size([64])
1.7.1.7.1.2.bias     | nonzeros =       0 /      64             (  0.00%) | total_pruned =      64 | shape = torch.Size([64])
1.7.1.7.1.4.1.weight | nonzeros =   81919 /  102400             ( 80.00%) | total_pruned =   20481 | shape = torch.Size([64, 64, 5, 5])
1.7.1.7.1.4.1.bias   | nonzeros =      50 /      64             ( 78.12%) | total_pruned =      14 | shape = torch.Size([64])
1.7.1.7.1.5.weight   | nonzeros =      50 /      64             ( 78.12%) | total_pruned =      14 | shape = torch.Size([64])
1.7.1.7.1.5.bias     | nonzeros =       0 /      64             (  0.00%) | total_pruned =      64 | shape = torch.Size([64])
1.7.1.7.1.7.1.1.1.weight | nonzeros =  163839 /  204800             ( 80.00%) | total_pruned =   40961 | shape = torch.Size([128, 64, 5, 5])
1.7.1.7.1.7.1.1.1.bias | nonzeros =     101 /     128             ( 78.91%) | total_pruned =      27 | shape = torch.Size([128])
1.7.1.7.1.7.1.2.weight | nonzeros =     101 /     128             ( 78.91%) | total_pruned =      27 | shape = torch.Size([128])
1.7.1.7.1.7.1.2.bias | nonzeros =       0 /     128             (  0.00%) | total_pruned =     128 | shape = torch.Size([128])
1.7.1.7.1.7.1.4.1.weight | nonzeros =  327679 /  409600             ( 80.00%) | total_pruned =   81921 | shape = torch.Size([128, 128, 5, 5])
1.7.1.7.1.7.1.4.1.bias | nonzeros =     101 /     128             ( 78.91%) | total_pruned =      27 | shape = torch.Size([128])
1.7.1.7.1.7.1.5.weight | nonzeros =     101 /     128             ( 78.91%) | total_pruned =      27 | shape = torch.Size([128])
1.7.1.7.1.7.1.5.bias | nonzeros =       0 /     128             (  0.00%) | total_pruned =     128 | shape = torch.Size([128])
1.7.1.7.1.7.1.7.1.1.1.weight | nonzeros =  327679 /  409600             ( 80.00%) | total_pruned =   81921 | shape = torch.Size([128, 128, 5, 5])
1.7.1.7.1.7.1.7.1.1.1.bias | nonzeros =     101 /     128             ( 78.91%) | total_pruned =      27 | shape = torch.Size([128])
1.7.1.7.1.7.1.7.1.2.weight | nonzeros =     101 /     128             ( 78.91%) | total_pruned =      27 | shape = torch.Size([128])
1.7.1.7.1.7.1.7.1.2.bias | nonzeros =       0 /     128             (  0.00%) | total_pruned =     128 | shape = torch.Size([128])
1.7.1.7.1.7.1.7.1.4.1.weight | nonzeros =  327679 /  409600             ( 80.00%) | total_pruned =   81921 | shape = torch.Size([128, 128, 5, 5])
1.7.1.7.1.7.1.7.1.4.1.bias | nonzeros =     101 /     128             ( 78.91%) | total_pruned =      27 | shape = torch.Size([128])
1.7.1.7.1.7.1.7.1.5.weight | nonzeros =     101 /     128             ( 78.91%) | total_pruned =      27 | shape = torch.Size([128])
1.7.1.7.1.7.1.7.1.5.bias | nonzeros =       0 /     128             (  0.00%) | total_pruned =     128 | shape = torch.Size([128])
1.7.1.7.1.7.1.7.1.7.1.1.1.weight | nonzeros =  327679 /  409600             ( 80.00%) | total_pruned =   81921 | shape = torch.Size([128, 128, 5, 5])
1.7.1.7.1.7.1.7.1.7.1.1.1.bias | nonzeros =     101 /     128             ( 78.91%) | total_pruned =      27 | shape = torch.Size([128])
1.7.1.7.1.7.1.7.1.7.1.2.weight | nonzeros =     101 /     128             ( 78.91%) | total_pruned =      27 | shape = torch.Size([128])
1.7.1.7.1.7.1.7.1.7.1.2.bias | nonzeros =       0 /     128             (  0.00%) | total_pruned =     128 | shape = torch.Size([128])
1.7.1.7.1.7.1.7.1.7.1.4.1.weight | nonzeros =  327679 /  409600             ( 80.00%) | total_pruned =   81921 | shape = torch.Size([128, 128, 5, 5])
1.7.1.7.1.7.1.7.1.7.1.4.1.bias | nonzeros =     101 /     128             ( 78.91%) | total_pruned =      27 | shape = torch.Size([128])
1.7.1.7.1.7.1.7.1.7.1.5.weight | nonzeros =     101 /     128             ( 78.91%) | total_pruned =      27 | shape = torch.Size([128])
1.7.1.7.1.7.1.7.1.7.1.5.bias | nonzeros =       0 /     128             (  0.00%) | total_pruned =     128 | shape = torch.Size([128])
1.7.1.7.1.7.1.7.1.7.2.weight | nonzeros =     101 /     128             ( 78.91%) | total_pruned =      27 | shape = torch.Size([128])
1.7.1.7.1.7.1.7.1.7.2.bias | nonzeros =       0 /     128             (  0.00%) | total_pruned =     128 | shape = torch.Size([128])
1.7.1.7.1.7.1.7.1.7.3.1.weight | nonzeros =  117963 /  147456             ( 80.00%) | total_pruned =   29493 | shape = torch.Size([128, 128, 3, 3])
1.7.1.7.1.7.1.7.1.7.3.1.bias | nonzeros =     101 /     128             ( 78.91%) | total_pruned =      27 | shape = torch.Size([128])
1.7.1.7.1.7.1.7.1.7.4.weight | nonzeros =     101 /     128             ( 78.91%) | total_pruned =      27 | shape = torch.Size([128])
1.7.1.7.1.7.1.7.1.7.4.bias | nonzeros =       0 /     128             (  0.00%) | total_pruned =     128 | shape = torch.Size([128])
1.7.1.7.1.7.1.7.2.weight | nonzeros =     101 /     128             ( 78.91%) | total_pruned =      27 | shape = torch.Size([128])
1.7.1.7.1.7.1.7.2.bias | nonzeros =       0 /     128             (  0.00%) | total_pruned =     128 | shape = torch.Size([128])
1.7.1.7.1.7.1.7.3.1.weight | nonzeros =  117963 /  147456             ( 80.00%) | total_pruned =   29493 | shape = torch.Size([128, 128, 3, 3])
1.7.1.7.1.7.1.7.3.1.bias | nonzeros =     101 /     128             ( 78.91%) | total_pruned =      27 | shape = torch.Size([128])
1.7.1.7.1.7.1.7.4.weight | nonzeros =     101 /     128             ( 78.91%) | total_pruned =      27 | shape = torch.Size([128])
1.7.1.7.1.7.1.7.4.bias | nonzeros =       0 /     128             (  0.00%) | total_pruned =     128 | shape = torch.Size([128])
1.7.1.7.1.7.2.weight | nonzeros =     101 /     128             ( 78.91%) | total_pruned =      27 | shape = torch.Size([128])
1.7.1.7.1.7.2.bias   | nonzeros =       0 /     128             (  0.00%) | total_pruned =     128 | shape = torch.Size([128])
1.7.1.7.1.7.3.1.weight | nonzeros =  117963 /  147456             ( 80.00%) | total_pruned =   29493 | shape = torch.Size([128, 128, 3, 3])
1.7.1.7.1.7.3.1.bias | nonzeros =     101 /     128             ( 78.91%) | total_pruned =      27 | shape = torch.Size([128])
1.7.1.7.1.7.4.weight | nonzeros =     101 /     128             ( 78.91%) | total_pruned =      27 | shape = torch.Size([128])
1.7.1.7.1.7.4.bias   | nonzeros =       0 /     128             (  0.00%) | total_pruned =     128 | shape = torch.Size([128])
1.7.1.7.2.weight     | nonzeros =     101 /     128             ( 78.91%) | total_pruned =      27 | shape = torch.Size([128])
1.7.1.7.2.bias       | nonzeros =       0 /     128             (  0.00%) | total_pruned =     128 | shape = torch.Size([128])
1.7.1.7.3.1.weight   | nonzeros =   58981 /   73728             ( 80.00%) | total_pruned =   14747 | shape = torch.Size([64, 128, 3, 3])
1.7.1.7.3.1.bias     | nonzeros =      44 /      64             ( 68.75%) | total_pruned =      20 | shape = torch.Size([64])
1.7.1.7.4.weight     | nonzeros =      50 /      64             ( 78.12%) | total_pruned =      14 | shape = torch.Size([64])
1.7.1.7.4.bias       | nonzeros =       0 /      64             (  0.00%) | total_pruned =      64 | shape = torch.Size([64])
1.7.2.weight         | nonzeros =      50 /      64             ( 78.12%) | total_pruned =      14 | shape = torch.Size([64])
1.7.2.bias           | nonzeros =       0 /      64             (  0.00%) | total_pruned =      64 | shape = torch.Size([64])
1.7.3.1.weight       | nonzeros =   14744 /   18432             ( 79.99%) | total_pruned =    3688 | shape = torch.Size([32, 64, 3, 3])
1.7.3.1.bias         | nonzeros =      24 /      32             ( 75.00%) | total_pruned =       8 | shape = torch.Size([32])
1.7.4.weight         | nonzeros =      24 /      32             ( 75.00%) | total_pruned =       8 | shape = torch.Size([32])
1.7.4.bias           | nonzeros =       0 /      32             (  0.00%) | total_pruned =      32 | shape = torch.Size([32])
2.weight             | nonzeros =      24 /      32             ( 75.00%) | total_pruned =       8 | shape = torch.Size([32])
2.bias               | nonzeros =       0 /      32             (  0.00%) | total_pruned =      32 | shape = torch.Size([32])
3.1.weight           | nonzeros =    3685 /    4608             ( 79.97%) | total_pruned =     923 | shape = torch.Size([16, 32, 3, 3])
3.1.bias             | nonzeros =      11 /      16             ( 68.75%) | total_pruned =       5 | shape = torch.Size([16])
4.weight             | nonzeros =      11 /      16             ( 68.75%) | total_pruned =       5 | shape = torch.Size([16])
4.bias               | nonzeros =       0 /      16             (  0.00%) | total_pruned =      16 | shape = torch.Size([16])
6.1.weight           | nonzeros =      37 /      48             ( 77.08%) | total_pruned =      11 | shape = torch.Size([3, 16, 1, 1])
6.1.bias             | nonzeros =       1 /       3             ( 33.33%) | total_pruned =       2 | shape = torch.Size([3])
alive: 2405325, pruned : 603542, total: 3008867, Compression rate :       1.25x  ( 20.06% pruned)
Initial PSNR of output image is:  12.803227542876812
epoch:  0 loss:  0.05550719425082207 PSNR:  12.803227542876812
epoch:  200 loss:  0.013447938486933708 PSNR:  23.42433412911665
epoch:  400 loss:  0.012196886353194714 PSNR:  25.018374176202236
epoch:  600 loss:  0.011540235951542854 PSNR:  26.128944715534317
epoch:  800 loss:  0.011137627065181732 PSNR:  26.92900568981948
epoch:  1000 loss:  0.010775696486234665 PSNR:  27.718001268390267
epoch:  1200 loss:  0.010555451735854149 PSNR:  28.1571789052551
epoch:  1400 loss:  0.010522065684199333 PSNR:  28.031202399500007
epoch:  1600 loss:  0.010203910991549492 PSNR:  28.81701539806306
epoch:  1800 loss:  0.010109800845384598 PSNR:  28.844293903504415
epoch:  2000 loss:  0.010105735622346401 PSNR:  28.550900163110956
epoch:  2200 loss:  0.009913569316267967 PSNR:  28.842556660950066
epoch:  2400 loss:  0.009713712148368359 PSNR:  29.084525096695476
epoch:  2600 loss:  0.009634576737880707 PSNR:  28.941064458886355
epoch:  2800 loss:  0.009538887068629265 PSNR:  28.829841644833436
epoch:  3000 loss:  0.009374631568789482 PSNR:  28.600550729012227
epoch:  3200 loss:  0.009274681098759174 PSNR:  28.499191152167246
epoch:  3400 loss:  0.00919518806040287 PSNR:  28.110427106678067
epoch:  3600 loss:  0.00920441746711731 PSNR:  28.034729237406765
epoch:  3800 loss:  0.009035149589180946 PSNR:  27.58809198542704
epoch:  4000 loss:  0.008877689950168133 PSNR:  27.647917551736057
epoch:  4200 loss:  0.008739538490772247 PSNR:  27.39629700019668
epoch:  4400 loss:  0.008744174614548683 PSNR:  27.221375609575343
epoch:  4600 loss:  0.008584639057517052 PSNR:  27.001676341454086
epoch:  4800 loss:  0.008451500907540321 PSNR:  26.857652758956885
epoch:  5000 loss:  0.00838962011039257 PSNR:  26.761450938704677
epoch:  5200 loss:  0.008345702663064003 PSNR:  26.563622784950425
epoch:  5400 loss:  0.008297992870211601 PSNR:  26.369601147967
epoch:  5600 loss:  0.008169541135430336 PSNR:  26.29894951753698
epoch:  5800 loss:  0.008131290785968304 PSNR:  26.137984633586456
epoch:  6000 loss:  0.008071008138358593 PSNR:  26.070787829167898
epoch:  6200 loss:  0.008038640022277832 PSNR:  25.85938807470494
epoch:  6400 loss:  0.00792388990521431 PSNR:  26.01679610653813
epoch:  6600 loss:  0.007985532283782959 PSNR:  25.864066629859018
epoch:  6800 loss:  0.01339496485888958 PSNR:  23.47635065493185
epoch:  7000 loss:  0.011847538873553276 PSNR:  25.524752638589252
epoch:  7200 loss:  0.011020174250006676 PSNR:  27.124549650349916
epoch:  7400 loss:  0.010638086125254631 PSNR:  27.970603590148624
epoch:  7600 loss:  0.010463456623256207 PSNR:  28.325860383446305
epoch:  7800 loss:  0.010427933186292648 PSNR:  28.307707375460357
epoch:  8000 loss:  0.010182461701333523 PSNR:  28.76439485267862
epoch:  8200 loss:  0.010041428729891777 PSNR:  28.982798491760533
epoch:  8400 loss:  0.010007075034081936 PSNR:  28.828636528886395
epoch:  8600 loss:  0.009945603087544441 PSNR:  28.753216690360304
epoch:  8800 loss:  0.009761901572346687 PSNR:  29.14583712006391
epoch:  9000 loss:  0.009696776047348976 PSNR:  29.095367958220166
epoch:  9200 loss:  0.009638864547014236 PSNR:  28.859075424302553
epoch:  9400 loss:  0.009599022567272186 PSNR:  28.759062022309287
epoch:  9600 loss:  0.00952315516769886 PSNR:  28.69551421360186
epoch:  9800 loss:  0.00944442953914404 PSNR:  28.697248090450614
epoch:  10000 loss:  0.009353913366794586 PSNR:  28.57228493675832
epoch:  10200 loss:  0.009346835315227509 PSNR:  28.30122444335142
epoch:  10400 loss:  0.009187763556838036 PSNR:  28.387121041243528
epoch:  10600 loss:  0.009152047336101532 PSNR:  28.18925406651652
epoch:  10800 loss:  0.009072068147361279 PSNR:  28.090836207782644
epoch:  11000 loss:  0.009066130965948105 PSNR:  28.207086676771958
epoch:  11200 loss:  0.009011359885334969 PSNR:  27.754095686308617
epoch:  11400 loss:  0.008923914283514023 PSNR:  27.708379377405276
epoch:  11600 loss:  0.008879113011062145 PSNR:  27.51032687362923
epoch:  11800 loss:  0.008861180394887924 PSNR:  27.11264876609027
epoch:  12000 loss:  0.008765261620283127 PSNR:  27.227352461085236
epoch:  12200 loss:  0.00864017941057682 PSNR:  27.088030136371817
epoch:  12400 loss:  0.00860327947884798 PSNR:  27.062003450716638
epoch:  12600 loss:  0.008533233776688576 PSNR:  26.858631701488164
epoch:  12800 loss:  0.008536897599697113 PSNR:  26.921775409751692
epoch:  13000 loss:  0.00844182725995779 PSNR:  26.734797397240992
epoch:  13200 loss:  0.008413425646722317 PSNR:  26.633551026434784
epoch:  13400 loss:  0.008335242047905922 PSNR:  26.499013814770215
epoch:  13600 loss:  0.008289600722491741 PSNR:  26.549023976467193
epoch:  13800 loss:  0.008243679068982601 PSNR:  26.521796451885834
epoch:  14000 loss:  0.008252193219959736 PSNR:  26.353844637962354
epoch:  14200 loss:  0.008174805901944637 PSNR:  26.16581078731691
epoch:  14400 loss:  0.008282409980893135 PSNR:  26.006826282109508
epoch:  14600 loss:  0.008217492140829563 PSNR:  26.14572496265737
epoch:  14800 loss:  0.008150000125169754 PSNR:  26.049538637581485
epoch:  15000 loss:  0.008065435104072094 PSNR:  25.927962825406144
epoch:  15200 loss:  0.008050527423620224 PSNR:  25.908979689006465
epoch:  15400 loss:  0.008054698817431927 PSNR:  26.04706187342299
epoch:  15600 loss:  0.007966237142682076 PSNR:  25.967618357482486
epoch:  15800 loss:  0.007986536249518394 PSNR:  25.724730086021076
epoch:  16000 loss:  0.007960615679621696 PSNR:  25.800083425104706
epoch:  16200 loss:  0.007924195379018784 PSNR:  25.820708967344466
epoch:  16400 loss:  0.007921330630779266 PSNR:  25.621090403899615
epoch:  16600 loss:  0.007846733555197716 PSNR:  25.70340907776305
epoch:  16800 loss:  0.007781786844134331 PSNR:  25.652207531433145
epoch:  17000 loss:  0.007851116359233856 PSNR:  25.57031954499079
epoch:  17200 loss:  0.00780054135248065 PSNR:  25.68533814174383
epoch:  17400 loss:  0.007773834280669689 PSNR:  25.61308394670022
epoch:  17600 loss:  0.007735348306596279 PSNR:  25.58176505656045
epoch:  17800 loss:  0.007729742210358381 PSNR:  25.620523524255425
epoch:  18000 loss:  0.007675790693610907 PSNR:  25.474000973580424
epoch:  18200 loss:  0.00764315202832222 PSNR:  25.439149940753754
epoch:  18400 loss:  0.007728539407253265 PSNR:  25.263739409773834
epoch:  18600 loss:  0.007666309829801321 PSNR:  25.423100890531845
epoch:  18800 loss:  0.007607615552842617 PSNR:  25.48232414576685
epoch:  19000 loss:  0.007621975149959326 PSNR:  25.47711370626093
epoch:  19200 loss:  0.007591553032398224 PSNR:  25.37107855916596
epoch:  19400 loss:  0.007668679114431143 PSNR:  25.392939891922918
epoch:  19600 loss:  0.007573137991130352 PSNR:  25.509227354249262
epoch:  19800 loss:  0.007573065813630819 PSNR:  25.140424918416624
epoch:  20000 loss:  0.007505923509597778 PSNR:  25.315958275311175
epoch:  20200 loss:  0.007529339753091335 PSNR:  25.31176399100874
epoch:  20400 loss:  0.007456179708242416 PSNR:  25.3345929298809
epoch:  20600 loss:  0.0074514662846922874 PSNR:  25.291036100907796
epoch:  20800 loss:  0.007589390035718679 PSNR:  25.264365339675955
epoch:  21000 loss:  0.007435421459376812 PSNR:  25.280112278301846
epoch:  21200 loss:  0.007526760455220938 PSNR:  25.18629649850365
epoch:  21400 loss:  0.007475066930055618 PSNR:  25.083680411417696
epoch:  21600 loss:  0.007439324166625738 PSNR:  25.182613939967613
epoch:  21800 loss:  0.007450729608535767 PSNR:  25.139918528642763
epoch:  22000 loss:  0.0073762321844697 PSNR:  25.05105595642316
epoch:  22200 loss:  0.007457877974957228 PSNR:  25.03018036158473
epoch:  22400 loss:  0.007367182057350874 PSNR:  25.21371674614352
epoch:  22600 loss:  0.0073867179453372955 PSNR:  25.098728601346345
epoch:  22800 loss:  0.007359270006418228 PSNR:  25.069319416898534
epoch:  23000 loss:  0.007345918565988541 PSNR:  25.016803889728084
epoch:  23200 loss:  0.007374691776931286 PSNR:  25.089410515644488
epoch:  23400 loss:  0.007408942095935345 PSNR:  25.02424862223028
epoch:  23600 loss:  0.007315251976251602 PSNR:  25.10215275630497
epoch:  23800 loss:  0.007340812589973211 PSNR:  24.98518277970229
epoch:  24000 loss:  0.007304928731173277 PSNR:  24.9685021369844
epoch:  24200 loss:  0.0073004597797989845 PSNR:  25.01121037165288
epoch:  24400 loss:  0.007288400083780289 PSNR:  24.99289210271675
epoch:  24600 loss:  0.007303440477699041 PSNR:  24.855155739594554
epoch:  24800 loss:  0.007266665808856487 PSNR:  25.00606524324819
epoch:  25000 loss:  0.007256387732923031 PSNR:  24.830917901022435
epoch:  25200 loss:  0.007282245438545942 PSNR:  24.919174350544925
epoch:  25400 loss:  0.00730134267359972 PSNR:  24.923716167802258
epoch:  25600 loss:  0.007210415787994862 PSNR:  24.985628626027477
epoch:  25800 loss:  0.007298852317035198 PSNR:  24.83191445535271
epoch:  26000 loss:  0.007221163250505924 PSNR:  24.887400459394286
epoch:  26200 loss:  0.0072374483570456505 PSNR:  24.77900205539158
epoch:  26400 loss:  0.0072460840456187725 PSNR:  24.881714678916595
epoch:  26600 loss:  0.00717896968126297 PSNR:  24.82712127379181
epoch:  26800 loss:  0.007203597575426102 PSNR:  24.926142089320894
epoch:  27000 loss:  0.007209534756839275 PSNR:  24.91087495829374
epoch:  27200 loss:  0.007172614336013794 PSNR:  24.87620299321639
epoch:  27400 loss:  0.007194608449935913 PSNR:  24.93485299791213
epoch:  27600 loss:  0.007186523638665676 PSNR:  24.78086232761262
epoch:  27800 loss:  0.007183190435171127 PSNR:  24.845284499985514
epoch:  28000 loss:  0.0071455733850598335 PSNR:  24.7053412794424
epoch:  28200 loss:  0.007153564598411322 PSNR:  24.88888484123002
epoch:  28400 loss:  0.007171108387410641 PSNR:  24.710403384200553
epoch:  28600 loss:  0.007128918077796698 PSNR:  24.810581935282983
epoch:  28800 loss:  0.007222095038741827 PSNR:  24.675625670101006
epoch:  29000 loss:  0.007118938025087118 PSNR:  24.846462902392147
epoch:  29200 loss:  0.007106776349246502 PSNR:  24.724811352423043
epoch:  29400 loss:  0.007136355619877577 PSNR:  24.78182517614254
epoch:  29600 loss:  0.007155068218708038 PSNR:  24.7204164944516
epoch:  29800 loss:  0.007090265862643719 PSNR:  24.74730177154526
epoch:  30000 loss:  0.007126642391085625 PSNR:  24.61888293807437
epoch:  30200 loss:  0.007145293056964874 PSNR:  24.690194568995537
epoch:  30400 loss:  0.007089533843100071 PSNR:  24.69295920547982
epoch:  30600 loss:  0.0071055227890610695 PSNR:  24.66833302795868
epoch:  30800 loss:  0.007076875306665897 PSNR:  24.72004765527492
epoch:  31000 loss:  0.007086559198796749 PSNR:  24.698704096937185
epoch:  31200 loss:  0.007096167653799057 PSNR:  24.73712295585504
epoch:  31400 loss:  0.007064345292747021 PSNR:  24.6848198107927
epoch:  31600 loss:  0.007064942270517349 PSNR:  24.715037143344635
epoch:  31800 loss:  0.007060110569000244 PSNR:  24.60402552273058
epoch:  32000 loss:  0.007112534251064062 PSNR:  24.497333356486187
epoch:  32200 loss:  0.007029186002910137 PSNR:  24.689397252094516
epoch:  32400 loss:  0.007058504968881607 PSNR:  24.638026536055566
epoch:  32600 loss:  0.007106229662895203 PSNR:  24.62543009729597
epoch:  32800 loss:  0.007042688317596912 PSNR:  24.592398520736637
epoch:  33000 loss:  0.007024411112070084 PSNR:  24.697208799897474
epoch:  33200 loss:  0.007021864410489798 PSNR:  24.525991145133514
epoch:  33400 loss:  0.0070639606565237045 PSNR:  24.65160647510313
epoch:  33600 loss:  0.007035217247903347 PSNR:  24.653773232132625
epoch:  33800 loss:  0.006983913481235504 PSNR:  24.68181089579291
epoch:  34000 loss:  0.007027427665889263 PSNR:  24.598345852106824
epoch:  34200 loss:  0.006990151014178991 PSNR:  24.500082292479817
epoch:  34400 loss:  0.007080956362187862 PSNR:  24.616116942097605
epoch:  34600 loss:  0.006997597403824329 PSNR:  24.609889174955
epoch:  34800 loss:  0.0070192827843129635 PSNR:  24.51095208070569
epoch:  35000 loss:  0.006997793912887573 PSNR:  24.643124544156684
epoch:  35200 loss:  0.007031220011413097 PSNR:  24.46295985303535
epoch:  35400 loss:  0.0069955396465957165 PSNR:  24.51869962787354
epoch:  35600 loss:  0.006983417086303234 PSNR:  24.621566414847024
epoch:  35800 loss:  0.007017797790467739 PSNR:  24.451357568013854
epoch:  36000 loss:  0.006974145770072937 PSNR:  24.49990667549855
epoch:  36200 loss:  0.006954602897167206 PSNR:  24.498645289782935
epoch:  36400 loss:  0.006935552693903446 PSNR:  24.61518883612524
epoch:  36600 loss:  0.006973338313400745 PSNR:  24.610087146479408
epoch:  36800 loss:  0.006983975879848003 PSNR:  24.54539314509164
epoch:  37000 loss:  0.006964447908103466 PSNR:  24.43857397158098
epoch:  37200 loss:  0.006931937765330076 PSNR:  24.495266948218198
epoch:  37400 loss:  0.006946384906768799 PSNR:  24.468909301600377
epoch:  37600 loss:  0.0069577572867274284 PSNR:  24.496788837117045
epoch:  37800 loss:  0.0069536250084638596 PSNR:  24.582597244646696
epoch:  38000 loss:  0.006939475890249014 PSNR:  24.540792431767628
epoch:  38200 loss:  0.006917227059602737 PSNR:  24.492928565641897
epoch:  38400 loss:  0.0069273668341338634 PSNR:  24.444462280285908
epoch:  38600 loss:  0.006958074867725372 PSNR:  24.396135121352298
epoch:  38800 loss:  0.006920862942934036 PSNR:  24.509841296014766
epoch:  39000 loss:  0.006922094151377678 PSNR:  24.46135223249046
epoch:  39200 loss:  0.007035174872726202 PSNR:  24.394291701634486
epoch:  39400 loss:  0.006888288538902998 PSNR:  24.451061258909036
epoch:  39600 loss:  0.006941969506442547 PSNR:  24.499105256078767
epoch:  39800 loss:  0.006907820701599121 PSNR:  24.432969376092927
Output directory: data/denoising/Set14/mask/4/pai/grasp_local/sparse_0.8
PSNR of output image is:  24.432969376092927
(3, 512, 512) (1, 3, 512, 512) (3, 512, 512)
Experiment done
