Starting random mask  training on 4 using ADAM(sigma=0.1,lr=0.01,decay=0,beta=0)
Noisy PSNR is '19.74835919164982'
Pruning with threshold : 0.010080458596348763
1.1.1.weight         | nonzeros =    9114 /   12800             ( 71.20%) | total_pruned =    3686 | shape = torch.Size([16, 32, 5, 5])
1.1.1.bias           | nonzeros =      12 /      16             ( 75.00%) | total_pruned =       4 | shape = torch.Size([16])
1.2.weight           | nonzeros =      16 /      16             (100.00%) | total_pruned =       0 | shape = torch.Size([16])
1.2.bias             | nonzeros =       0 /      16             (  0.00%) | total_pruned =      16 | shape = torch.Size([16])
1.4.1.weight         | nonzeros =    5115 /    6400             ( 79.92%) | total_pruned =    1285 | shape = torch.Size([16, 16, 5, 5])
1.4.1.bias           | nonzeros =      13 /      16             ( 81.25%) | total_pruned =       3 | shape = torch.Size([16])
1.5.weight           | nonzeros =      16 /      16             (100.00%) | total_pruned =       0 | shape = torch.Size([16])
1.5.bias             | nonzeros =       0 /      16             (  0.00%) | total_pruned =      16 | shape = torch.Size([16])
1.7.1.1.1.weight     | nonzeros =   10254 /   12800             ( 80.11%) | total_pruned =    2546 | shape = torch.Size([32, 16, 5, 5])
1.7.1.1.1.bias       | nonzeros =      29 /      32             ( 90.62%) | total_pruned =       3 | shape = torch.Size([32])
1.7.1.2.weight       | nonzeros =      32 /      32             (100.00%) | total_pruned =       0 | shape = torch.Size([32])
1.7.1.2.bias         | nonzeros =       0 /      32             (  0.00%) | total_pruned =      32 | shape = torch.Size([32])
1.7.1.4.1.weight     | nonzeros =   18323 /   25600             ( 71.57%) | total_pruned =    7277 | shape = torch.Size([32, 32, 5, 5])
1.7.1.4.1.bias       | nonzeros =      22 /      32             ( 68.75%) | total_pruned =      10 | shape = torch.Size([32])
1.7.1.5.weight       | nonzeros =      32 /      32             (100.00%) | total_pruned =       0 | shape = torch.Size([32])
1.7.1.5.bias         | nonzeros =       0 /      32             (  0.00%) | total_pruned =      32 | shape = torch.Size([32])
1.7.1.7.1.1.1.weight | nonzeros =   36658 /   51200             ( 71.60%) | total_pruned =   14542 | shape = torch.Size([64, 32, 5, 5])
1.7.1.7.1.1.1.bias   | nonzeros =      44 /      64             ( 68.75%) | total_pruned =      20 | shape = torch.Size([64])
1.7.1.7.1.2.weight   | nonzeros =      64 /      64             (100.00%) | total_pruned =       0 | shape = torch.Size([64])
1.7.1.7.1.2.bias     | nonzeros =       0 /      64             (  0.00%) | total_pruned =      64 | shape = torch.Size([64])
1.7.1.7.1.4.1.weight | nonzeros =   60997 /  102400             ( 59.57%) | total_pruned =   41403 | shape = torch.Size([64, 64, 5, 5])
1.7.1.7.1.4.1.bias   | nonzeros =      42 /      64             ( 65.62%) | total_pruned =      22 | shape = torch.Size([64])
1.7.1.7.1.5.weight   | nonzeros =      64 /      64             (100.00%) | total_pruned =       0 | shape = torch.Size([64])
1.7.1.7.1.5.bias     | nonzeros =       0 /      64             (  0.00%) | total_pruned =      64 | shape = torch.Size([64])
1.7.1.7.1.7.1.1.1.weight | nonzeros =  122349 /  204800             ( 59.74%) | total_pruned =   82451 | shape = torch.Size([128, 64, 5, 5])
1.7.1.7.1.7.1.1.1.bias | nonzeros =      78 /     128             ( 60.94%) | total_pruned =      50 | shape = torch.Size([128])
1.7.1.7.1.7.1.2.weight | nonzeros =     128 /     128             (100.00%) | total_pruned =       0 | shape = torch.Size([128])
1.7.1.7.1.7.1.2.bias | nonzeros =       0 /     128             (  0.00%) | total_pruned =     128 | shape = torch.Size([128])
1.7.1.7.1.7.1.4.1.weight | nonzeros =  175596 /  409600             ( 42.87%) | total_pruned =  234004 | shape = torch.Size([128, 128, 5, 5])
1.7.1.7.1.7.1.4.1.bias | nonzeros =      64 /     128             ( 50.00%) | total_pruned =      64 | shape = torch.Size([128])
1.7.1.7.1.7.1.5.weight | nonzeros =     128 /     128             (100.00%) | total_pruned =       0 | shape = torch.Size([128])
1.7.1.7.1.7.1.5.bias | nonzeros =       0 /     128             (  0.00%) | total_pruned =     128 | shape = torch.Size([128])
1.7.1.7.1.7.1.7.1.1.1.weight | nonzeros =  175810 /  409600             ( 42.92%) | total_pruned =  233790 | shape = torch.Size([128, 128, 5, 5])
1.7.1.7.1.7.1.7.1.1.1.bias | nonzeros =      53 /     128             ( 41.41%) | total_pruned =      75 | shape = torch.Size([128])
1.7.1.7.1.7.1.7.1.2.weight | nonzeros =     128 /     128             (100.00%) | total_pruned =       0 | shape = torch.Size([128])
1.7.1.7.1.7.1.7.1.2.bias | nonzeros =       0 /     128             (  0.00%) | total_pruned =     128 | shape = torch.Size([128])
1.7.1.7.1.7.1.7.1.4.1.weight | nonzeros =  176422 /  409600             ( 43.07%) | total_pruned =  233178 | shape = torch.Size([128, 128, 5, 5])
1.7.1.7.1.7.1.7.1.4.1.bias | nonzeros =      57 /     128             ( 44.53%) | total_pruned =      71 | shape = torch.Size([128])
1.7.1.7.1.7.1.7.1.5.weight | nonzeros =     128 /     128             (100.00%) | total_pruned =       0 | shape = torch.Size([128])
1.7.1.7.1.7.1.7.1.5.bias | nonzeros =       0 /     128             (  0.00%) | total_pruned =     128 | shape = torch.Size([128])
1.7.1.7.1.7.1.7.1.7.1.1.1.weight | nonzeros =  175816 /  409600             ( 42.92%) | total_pruned =  233784 | shape = torch.Size([128, 128, 5, 5])
1.7.1.7.1.7.1.7.1.7.1.1.1.bias | nonzeros =      63 /     128             ( 49.22%) | total_pruned =      65 | shape = torch.Size([128])
1.7.1.7.1.7.1.7.1.7.1.2.weight | nonzeros =     128 /     128             (100.00%) | total_pruned =       0 | shape = torch.Size([128])
1.7.1.7.1.7.1.7.1.7.1.2.bias | nonzeros =       0 /     128             (  0.00%) | total_pruned =     128 | shape = torch.Size([128])
1.7.1.7.1.7.1.7.1.7.1.4.1.weight | nonzeros =  176037 /  409600             ( 42.98%) | total_pruned =  233563 | shape = torch.Size([128, 128, 5, 5])
1.7.1.7.1.7.1.7.1.7.1.4.1.bias | nonzeros =      60 /     128             ( 46.88%) | total_pruned =      68 | shape = torch.Size([128])
1.7.1.7.1.7.1.7.1.7.1.5.weight | nonzeros =     128 /     128             (100.00%) | total_pruned =       0 | shape = torch.Size([128])
1.7.1.7.1.7.1.7.1.7.1.5.bias | nonzeros =       0 /     128             (  0.00%) | total_pruned =     128 | shape = torch.Size([128])
1.7.1.7.1.7.1.7.1.7.2.weight | nonzeros =     128 /     128             (100.00%) | total_pruned =       0 | shape = torch.Size([128])
1.7.1.7.1.7.1.7.1.7.2.bias | nonzeros =       0 /     128             (  0.00%) | total_pruned =     128 | shape = torch.Size([128])
1.7.1.7.1.7.1.7.1.7.3.1.weight | nonzeros =   97323 /  147456             ( 66.00%) | total_pruned =   50133 | shape = torch.Size([128, 128, 3, 3])
1.7.1.7.1.7.1.7.1.7.3.1.bias | nonzeros =      88 /     128             ( 68.75%) | total_pruned =      40 | shape = torch.Size([128])
1.7.1.7.1.7.1.7.1.7.4.weight | nonzeros =     128 /     128             (100.00%) | total_pruned =       0 | shape = torch.Size([128])
1.7.1.7.1.7.1.7.1.7.4.bias | nonzeros =       0 /     128             (  0.00%) | total_pruned =     128 | shape = torch.Size([128])
1.7.1.7.1.7.1.7.2.weight | nonzeros =     128 /     128             (100.00%) | total_pruned =       0 | shape = torch.Size([128])
1.7.1.7.1.7.1.7.2.bias | nonzeros =       0 /     128             (  0.00%) | total_pruned =     128 | shape = torch.Size([128])
1.7.1.7.1.7.1.7.3.1.weight | nonzeros =   97084 /  147456             ( 65.84%) | total_pruned =   50372 | shape = torch.Size([128, 128, 3, 3])
1.7.1.7.1.7.1.7.3.1.bias | nonzeros =      92 /     128             ( 71.88%) | total_pruned =      36 | shape = torch.Size([128])
1.7.1.7.1.7.1.7.4.weight | nonzeros =     128 /     128             (100.00%) | total_pruned =       0 | shape = torch.Size([128])
1.7.1.7.1.7.1.7.4.bias | nonzeros =       0 /     128             (  0.00%) | total_pruned =     128 | shape = torch.Size([128])
1.7.1.7.1.7.2.weight | nonzeros =     128 /     128             (100.00%) | total_pruned =       0 | shape = torch.Size([128])
1.7.1.7.1.7.2.bias   | nonzeros =       0 /     128             (  0.00%) | total_pruned =     128 | shape = torch.Size([128])
1.7.1.7.1.7.3.1.weight | nonzeros =   97114 /  147456             ( 65.86%) | total_pruned =   50342 | shape = torch.Size([128, 128, 3, 3])
1.7.1.7.1.7.3.1.bias | nonzeros =      75 /     128             ( 58.59%) | total_pruned =      53 | shape = torch.Size([128])
1.7.1.7.1.7.4.weight | nonzeros =     128 /     128             (100.00%) | total_pruned =       0 | shape = torch.Size([128])
1.7.1.7.1.7.4.bias   | nonzeros =       0 /     128             (  0.00%) | total_pruned =     128 | shape = torch.Size([128])
1.7.1.7.2.weight     | nonzeros =     128 /     128             (100.00%) | total_pruned =       0 | shape = torch.Size([128])
1.7.1.7.2.bias       | nonzeros =       0 /     128             (  0.00%) | total_pruned =     128 | shape = torch.Size([128])
1.7.1.7.3.1.weight   | nonzeros =   48511 /   73728             ( 65.80%) | total_pruned =   25217 | shape = torch.Size([64, 128, 3, 3])
1.7.1.7.3.1.bias     | nonzeros =      44 /      64             ( 68.75%) | total_pruned =      20 | shape = torch.Size([64])
1.7.1.7.4.weight     | nonzeros =      64 /      64             (100.00%) | total_pruned =       0 | shape = torch.Size([64])
1.7.1.7.4.bias       | nonzeros =       0 /      64             (  0.00%) | total_pruned =      64 | shape = torch.Size([64])
1.7.2.weight         | nonzeros =      64 /      64             (100.00%) | total_pruned =       0 | shape = torch.Size([64])
1.7.2.bias           | nonzeros =       0 /      64             (  0.00%) | total_pruned =      64 | shape = torch.Size([64])
1.7.3.1.weight       | nonzeros =   14020 /   18432             ( 76.06%) | total_pruned =    4412 | shape = torch.Size([32, 64, 3, 3])
1.7.3.1.bias         | nonzeros =      27 /      32             ( 84.38%) | total_pruned =       5 | shape = torch.Size([32])
1.7.4.weight         | nonzeros =      32 /      32             (100.00%) | total_pruned =       0 | shape = torch.Size([32])
1.7.4.bias           | nonzeros =       0 /      32             (  0.00%) | total_pruned =      32 | shape = torch.Size([32])
2.weight             | nonzeros =      32 /      32             (100.00%) | total_pruned =       0 | shape = torch.Size([32])
2.bias               | nonzeros =       0 /      32             (  0.00%) | total_pruned =      32 | shape = torch.Size([32])
3.1.weight           | nonzeros =    3823 /    4608             ( 82.96%) | total_pruned =     785 | shape = torch.Size([16, 32, 3, 3])
3.1.bias             | nonzeros =      13 /      16             ( 81.25%) | total_pruned =       3 | shape = torch.Size([16])
4.weight             | nonzeros =      16 /      16             (100.00%) | total_pruned =       0 | shape = torch.Size([16])
4.bias               | nonzeros =       0 /      16             (  0.00%) | total_pruned =      16 | shape = torch.Size([16])
6.1.weight           | nonzeros =      45 /      48             ( 93.75%) | total_pruned =       3 | shape = torch.Size([3, 16, 1, 1])
6.1.bias             | nonzeros =       3 /       3             (100.00%) | total_pruned =       0 | shape = torch.Size([3])
alive: 1503386, pruned : 1505481, total: 3008867, Compression rate :       2.00x  ( 50.03% pruned)
Initial PSNR of output image is:  11.036923341064393
epoch:  0 loss:  0.07891186326742172 PSNR:  11.036923341064393
epoch:  200 loss:  0.013760372065007687 PSNR:  23.084041301466254
epoch:  400 loss:  0.012170820496976376 PSNR:  25.05297182450615
epoch:  600 loss:  0.011617663316428661 PSNR:  25.91676845677824
epoch:  800 loss:  0.010983897373080254 PSNR:  27.216438929706122
epoch:  1000 loss:  0.010732367634773254 PSNR:  27.68503050619675
epoch:  1200 loss:  0.010538200847804546 PSNR:  27.91722923485535
epoch:  1400 loss:  0.010129745118319988 PSNR:  28.98176198305287
epoch:  1600 loss:  0.009973949752748013 PSNR:  29.05612036381389
epoch:  1800 loss:  0.009831605479121208 PSNR:  28.957078908723027
epoch:  2000 loss:  0.009733167476952076 PSNR:  28.813275019868936
epoch:  2200 loss:  0.009726359508931637 PSNR:  28.210517671750637
epoch:  2400 loss:  0.009416594170033932 PSNR:  28.59574022954171
epoch:  2600 loss:  0.009230416268110275 PSNR:  28.225226334539265
epoch:  2800 loss:  0.00902802124619484 PSNR:  27.843341360787413
epoch:  3000 loss:  0.008850091136991978 PSNR:  27.52615277657548
epoch:  3200 loss:  0.008657503873109818 PSNR:  27.209487861588258
epoch:  3400 loss:  0.008528800681233406 PSNR:  26.629142880694197
epoch:  3600 loss:  0.00843347143381834 PSNR:  26.366551773910032
epoch:  3800 loss:  0.00807650201022625 PSNR:  26.153293898236925
epoch:  4000 loss:  0.007963409647345543 PSNR:  25.797114795718883
epoch:  4200 loss:  0.007814108394086361 PSNR:  25.499855738165795
epoch:  4400 loss:  0.007522353436797857 PSNR:  25.252210753512383
epoch:  4600 loss:  0.007346619851887226 PSNR:  25.023752385477152
epoch:  4800 loss:  0.007217859849333763 PSNR:  24.79273593134767
epoch:  5000 loss:  0.007083998527377844 PSNR:  24.679983657593635
epoch:  5200 loss:  0.006935091223567724 PSNR:  24.346907554297314
epoch:  5400 loss:  0.006819680333137512 PSNR:  24.295291546658817
epoch:  5600 loss:  0.006702161394059658 PSNR:  24.215306652842813
epoch:  5800 loss:  0.0065649449825286865 PSNR:  24.053041626005836
epoch:  6000 loss:  0.006541374139487743 PSNR:  23.84868607022983
epoch:  6200 loss:  0.006541429087519646 PSNR:  23.93905589181854
epoch:  6400 loss:  0.006358246318995953 PSNR:  23.729853398721424
epoch:  6600 loss:  0.0062728337943553925 PSNR:  23.635333062508103
epoch:  6800 loss:  0.006212347652763128 PSNR:  23.69709582010742
epoch:  7000 loss:  0.006195045541971922 PSNR:  23.463730906236755
epoch:  7200 loss:  0.0060228221118450165 PSNR:  23.48527518470808
epoch:  7400 loss:  0.006072353571653366 PSNR:  23.5084658311007
epoch:  7600 loss:  0.006031359545886517 PSNR:  23.365197787683186
epoch:  7800 loss:  0.005945164710283279 PSNR:  23.315387409247577
epoch:  8000 loss:  0.0058515677228569984 PSNR:  23.276922913383352
epoch:  8200 loss:  0.005826124921441078 PSNR:  23.214075284602487
epoch:  8400 loss:  0.005839492194354534 PSNR:  23.130960891498496
epoch:  8600 loss:  0.005757815204560757 PSNR:  23.2366774229856
epoch:  8800 loss:  0.005746133625507355 PSNR:  23.140349028241104
epoch:  9000 loss:  0.005829119589179754 PSNR:  23.07639147662965
epoch:  9200 loss:  0.005693984683603048 PSNR:  23.05578330958483
epoch:  9400 loss:  0.0056695276871323586 PSNR:  23.16231904385385
epoch:  9600 loss:  0.0056327637284994125 PSNR:  23.094498182010668
epoch:  9800 loss:  0.005578539799898863 PSNR:  22.982870197459423
epoch:  10000 loss:  0.005585843697190285 PSNR:  22.975568332836154
epoch:  10200 loss:  0.005518137477338314 PSNR:  22.852032517480986
epoch:  10400 loss:  0.005517355166375637 PSNR:  23.01735698195149
epoch:  10600 loss:  0.0054442258551716805 PSNR:  22.93687682464086
epoch:  10800 loss:  0.005420412868261337 PSNR:  22.855930574618547
epoch:  11000 loss:  0.005437647458165884 PSNR:  22.929545579183905
epoch:  11200 loss:  0.005418121814727783 PSNR:  22.814286182451294
epoch:  11400 loss:  0.005360474344342947 PSNR:  22.844083930909527
epoch:  11600 loss:  0.005404761992394924 PSNR:  22.776600808833788
epoch:  11800 loss:  0.0054803392849862576 PSNR:  22.73589932874824
epoch:  12000 loss:  0.005425396841019392 PSNR:  22.78041808637489
epoch:  12200 loss:  0.0053922683000564575 PSNR:  22.871822790245815
epoch:  12400 loss:  0.00529354577884078 PSNR:  22.716217209715982
epoch:  12600 loss:  0.005334568675607443 PSNR:  22.618380815382253
epoch:  12800 loss:  0.005315824411809444 PSNR:  22.65051772037859
epoch:  13000 loss:  0.005313776433467865 PSNR:  22.6340231482479
epoch:  13200 loss:  0.005309796892106533 PSNR:  22.640634578615504
epoch:  13400 loss:  0.005270735826343298 PSNR:  22.648835564868065
epoch:  13600 loss:  0.0053207422606647015 PSNR:  22.73281267440188
epoch:  13800 loss:  0.005333996843546629 PSNR:  22.769495037053723
epoch:  14000 loss:  0.0052094305865466595 PSNR:  22.610692139128048
epoch:  14200 loss:  0.005196552257984877 PSNR:  22.669633776581737
epoch:  14400 loss:  0.005143015645444393 PSNR:  22.72058457219858
epoch:  14600 loss:  0.0051363380625844 PSNR:  22.61059711004927
epoch:  14800 loss:  0.0052672987803816795 PSNR:  22.532499891801663
epoch:  15000 loss:  0.00520661287009716 PSNR:  22.73080230321502
epoch:  15200 loss:  0.0052672941237688065 PSNR:  22.56239353271511
epoch:  15400 loss:  0.005101615563035011 PSNR:  22.594740843773806
epoch:  15600 loss:  0.005082598887383938 PSNR:  22.668600857789983
epoch:  15800 loss:  0.005092262290418148 PSNR:  22.51135447173524
epoch:  16000 loss:  0.00506181176751852 PSNR:  22.623110488154737
epoch:  16200 loss:  0.0050676800310611725 PSNR:  22.517216342940756
epoch:  16400 loss:  0.005088710226118565 PSNR:  22.56438821160293
epoch:  16600 loss:  0.00517108291387558 PSNR:  22.599562900991963
epoch:  16800 loss:  0.005019277799874544 PSNR:  22.502812608698406
epoch:  17000 loss:  0.00507524237036705 PSNR:  22.482848845478458
epoch:  17200 loss:  0.0050088465213775635 PSNR:  22.52182140678849
epoch:  17400 loss:  0.005072035826742649 PSNR:  22.565198824331027
epoch:  17600 loss:  0.005032419227063656 PSNR:  22.446128535890367
epoch:  17800 loss:  0.005005436018109322 PSNR:  22.42352195618619
epoch:  18000 loss:  0.0049748970195651054 PSNR:  22.486424323660653
epoch:  18200 loss:  0.0049912636168301105 PSNR:  22.489338290461887
epoch:  18400 loss:  0.004967347718775272 PSNR:  22.551509250123605
epoch:  18600 loss:  0.00494168046861887 PSNR:  22.49593677948585
epoch:  18800 loss:  0.0049428376369178295 PSNR:  22.395011435657256
epoch:  19000 loss:  0.0049207983538508415 PSNR:  22.439411494326706
epoch:  19200 loss:  0.005042010918259621 PSNR:  22.43860945410633
epoch:  19400 loss:  0.005065517965704203 PSNR:  22.336686039053014
epoch:  19600 loss:  0.004958788864314556 PSNR:  22.514944690110998
epoch:  19800 loss:  0.004975680727511644 PSNR:  22.5284353083071
epoch:  20000 loss:  0.0049405815079808235 PSNR:  22.4474353195607
epoch:  20200 loss:  0.004957286641001701 PSNR:  22.372162693107484
epoch:  20400 loss:  0.004891977645456791 PSNR:  22.34689368149507
epoch:  20600 loss:  0.005022632889449596 PSNR:  22.336721034844306
epoch:  20800 loss:  0.004889979027211666 PSNR:  22.315627110544284
epoch:  21000 loss:  0.004858754575252533 PSNR:  22.476854014933977
epoch:  21200 loss:  0.0048788138665258884 PSNR:  22.39872438502374
epoch:  21400 loss:  0.0048989285714924335 PSNR:  22.336795257620672
epoch:  21600 loss:  0.004896396771073341 PSNR:  22.39599142078998
epoch:  21800 loss:  0.0048969946801662445 PSNR:  22.480934990078815
epoch:  22000 loss:  0.004829925950616598 PSNR:  22.342512298650213
epoch:  22200 loss:  0.004884072579443455 PSNR:  22.34517173162457
epoch:  22400 loss:  0.004856900777667761 PSNR:  22.341078868072852
epoch:  22600 loss:  0.004839557223021984 PSNR:  22.39540706731801
epoch:  22800 loss:  0.00482142623513937 PSNR:  22.387428513896435
epoch:  23000 loss:  0.004897311329841614 PSNR:  22.330388313847823
epoch:  23200 loss:  0.004824174102395773 PSNR:  22.37070549095285
epoch:  23400 loss:  0.004779483191668987 PSNR:  22.369285586605812
epoch:  23600 loss:  0.004781823605298996 PSNR:  22.30995297286084
epoch:  23800 loss:  0.004818666726350784 PSNR:  22.508331682579687
epoch:  24000 loss:  0.004789335653185844 PSNR:  22.368767964032767
epoch:  24200 loss:  0.004785517230629921 PSNR:  22.360373352592802
epoch:  24400 loss:  0.004745493642985821 PSNR:  22.306864304840982
epoch:  24600 loss:  0.004737404640763998 PSNR:  22.363227147377298
epoch:  24800 loss:  0.004794809501618147 PSNR:  22.28178750852704
epoch:  25000 loss:  0.004804633557796478 PSNR:  22.43757690270781
epoch:  25200 loss:  0.004825481213629246 PSNR:  22.286747805632793
epoch:  25400 loss:  0.0047997222281992435 PSNR:  22.34379404681757
epoch:  25600 loss:  0.004718064796179533 PSNR:  22.327567138474052
epoch:  25800 loss:  0.0048089101910591125 PSNR:  22.316493646387485
epoch:  26000 loss:  0.0047599198296666145 PSNR:  22.454098809068476
epoch:  26200 loss:  0.004795975051820278 PSNR:  22.310564548151216
epoch:  26400 loss:  0.00473027816042304 PSNR:  22.39224730743118
epoch:  26600 loss:  0.004720006138086319 PSNR:  22.302879486398815
epoch:  26800 loss:  0.0048313988372683525 PSNR:  22.234478378521978
epoch:  27000 loss:  0.004757859744131565 PSNR:  22.30709347243808
epoch:  27200 loss:  0.004831178113818169 PSNR:  22.276526024314176
epoch:  27400 loss:  0.004753222223371267 PSNR:  22.287419239313806
epoch:  27600 loss:  0.004685652442276478 PSNR:  22.304902361318547
epoch:  27800 loss:  0.0047649177722632885 PSNR:  22.326106789835343
epoch:  28000 loss:  0.004783989861607552 PSNR:  22.165314215876045
epoch:  28200 loss:  0.004764186684042215 PSNR:  22.303769435283773
epoch:  28400 loss:  0.004768332466483116 PSNR:  22.275564663161248
epoch:  28600 loss:  0.004719449207186699 PSNR:  22.283046898735925
epoch:  28800 loss:  0.004679395817220211 PSNR:  22.27663070606806
epoch:  29000 loss:  0.0047332304529845715 PSNR:  22.349999773245006
epoch:  29200 loss:  0.004750465042889118 PSNR:  22.218973336553468
epoch:  29400 loss:  0.0047340611927211285 PSNR:  22.356992072820013
epoch:  29600 loss:  0.004789922386407852 PSNR:  22.265424749428743
epoch:  29800 loss:  0.00470131216570735 PSNR:  22.25273779449301
epoch:  30000 loss:  0.004669397138059139 PSNR:  22.359161308697026
epoch:  30200 loss:  0.004786722362041473 PSNR:  22.257889324526342
epoch:  30400 loss:  0.004715320188552141 PSNR:  22.315922570654948
epoch:  30600 loss:  0.004702500533312559 PSNR:  22.301906933511777
epoch:  30800 loss:  0.004710875917226076 PSNR:  22.138825674861376
epoch:  31000 loss:  0.004744351841509342 PSNR:  22.203363831519315
epoch:  31200 loss:  0.004695070441812277 PSNR:  22.118802322825708
epoch:  31400 loss:  0.004629065282642841 PSNR:  22.27127204314064
epoch:  31600 loss:  0.004673697520047426 PSNR:  22.286127411064605
epoch:  31800 loss:  0.004636040888726711 PSNR:  22.199068926510176
epoch:  32000 loss:  0.00482875807210803 PSNR:  22.11405017406458
epoch:  32200 loss:  0.004684843122959137 PSNR:  22.180055751299797
epoch:  32400 loss:  0.004662481136620045 PSNR:  22.24979658888479
epoch:  32600 loss:  0.004705683793872595 PSNR:  22.154070301756438
epoch:  32800 loss:  0.0046281153336167336 PSNR:  22.214680174626107
epoch:  33000 loss:  0.00469474121928215 PSNR:  22.279359010567784
epoch:  33200 loss:  0.00462603522464633 PSNR:  22.235322109213875
epoch:  33400 loss:  0.0046748993918299675 PSNR:  22.27066332433829
epoch:  33600 loss:  0.004616138059645891 PSNR:  22.287076285698415
epoch:  33800 loss:  0.004686832427978516 PSNR:  22.287664874623143
epoch:  34000 loss:  0.004658061545342207 PSNR:  22.323079838092646
epoch:  34200 loss:  0.004702395759522915 PSNR:  22.28499177121671
epoch:  34400 loss:  0.004598469007760286 PSNR:  22.149937305731417
epoch:  34600 loss:  0.004639633931219578 PSNR:  22.21465960938761
epoch:  34800 loss:  0.004592721350491047 PSNR:  22.313254973038852
epoch:  35000 loss:  0.004593320656567812 PSNR:  22.20392216050066
epoch:  35200 loss:  0.004597376566380262 PSNR:  22.120328499847474
epoch:  35400 loss:  0.004628659226000309 PSNR:  22.19744853783411
epoch:  35600 loss:  0.004628078080713749 PSNR:  22.180471229693012
epoch:  35800 loss:  0.004618351813405752 PSNR:  22.317135239258995
epoch:  36000 loss:  0.004616607911884785 PSNR:  22.18780465551632
epoch:  36200 loss:  0.004610160365700722 PSNR:  22.15495239883035
epoch:  36400 loss:  0.0046088858507573605 PSNR:  22.134566927365267
epoch:  36600 loss:  0.004591987933963537 PSNR:  22.27927323884694
epoch:  36800 loss:  0.004600156098604202 PSNR:  22.30082932916136
epoch:  37000 loss:  0.004584220238029957 PSNR:  22.277849523922228
epoch:  37200 loss:  0.0046051363460719585 PSNR:  22.104202013874392
epoch:  37400 loss:  0.004601314198225737 PSNR:  22.264162894308
epoch:  37600 loss:  0.004555542021989822 PSNR:  22.208640425375258
epoch:  37800 loss:  0.004624864086508751 PSNR:  22.179350271009277
epoch:  38000 loss:  0.004576542414724827 PSNR:  22.103595490882416
epoch:  38200 loss:  0.004594861529767513 PSNR:  22.109649936687884
epoch:  38400 loss:  0.004568243399262428 PSNR:  22.181807707420095
epoch:  38600 loss:  0.004599116742610931 PSNR:  22.27398523153573
epoch:  38800 loss:  0.0045687672682106495 PSNR:  22.208975746733795
epoch:  39000 loss:  0.004636656492948532 PSNR:  22.228661625190146
epoch:  39200 loss:  0.00455168541520834 PSNR:  22.13423730200318
epoch:  39400 loss:  0.004602994304150343 PSNR:  22.221469031465325
epoch:  39600 loss:  0.004538023844361305 PSNR:  22.198082093700556
epoch:  39800 loss:  0.004556955769658089 PSNR:  22.095260740274284
Output directory: data/denoising/Set14/mask/4/pai/mag_global/sparse_0.5
PSNR of output image is:  22.095260740274284
(3, 512, 512) (1, 3, 512, 512) (3, 512, 512)
Experiment done
