Starting random mask  training on 5 using ADAM(sigma=0.1,lr=0.01,decay=0,beta=0)
Noisy PSNR is '20.18269511409735'
1.1.1.weight         | nonzeros =    6085 /   12800             ( 47.54%) | total_pruned =    6715 | shape = torch.Size([16, 32, 5, 5])
1.1.1.bias           | nonzeros =       0 /      16             (  0.00%) | total_pruned =      16 | shape = torch.Size([16])
1.2.weight           | nonzeros =       7 /      16             ( 43.75%) | total_pruned =       9 | shape = torch.Size([16])
1.2.bias             | nonzeros =       0 /      16             (  0.00%) | total_pruned =      16 | shape = torch.Size([16])
1.4.1.weight         | nonzeros =    2976 /    6400             ( 46.50%) | total_pruned =    3424 | shape = torch.Size([16, 16, 5, 5])
1.4.1.bias           | nonzeros =       0 /      16             (  0.00%) | total_pruned =      16 | shape = torch.Size([16])
1.5.weight           | nonzeros =       6 /      16             ( 37.50%) | total_pruned =      10 | shape = torch.Size([16])
1.5.bias             | nonzeros =       0 /      16             (  0.00%) | total_pruned =      16 | shape = torch.Size([16])
1.7.1.1.1.weight     | nonzeros =    5304 /   12800             ( 41.44%) | total_pruned =    7496 | shape = torch.Size([32, 16, 5, 5])
1.7.1.1.1.bias       | nonzeros =       0 /      32             (  0.00%) | total_pruned =      32 | shape = torch.Size([32])
1.7.1.2.weight       | nonzeros =      11 /      32             ( 34.38%) | total_pruned =      21 | shape = torch.Size([32])
1.7.1.2.bias         | nonzeros =       0 /      32             (  0.00%) | total_pruned =      32 | shape = torch.Size([32])
1.7.1.4.1.weight     | nonzeros =   10586 /   25600             ( 41.35%) | total_pruned =   15014 | shape = torch.Size([32, 32, 5, 5])
1.7.1.4.1.bias       | nonzeros =       0 /      32             (  0.00%) | total_pruned =      32 | shape = torch.Size([32])
1.7.1.5.weight       | nonzeros =      11 /      32             ( 34.38%) | total_pruned =      21 | shape = torch.Size([32])
1.7.1.5.bias         | nonzeros =       0 /      32             (  0.00%) | total_pruned =      32 | shape = torch.Size([32])
1.7.1.7.1.1.1.weight | nonzeros =   18757 /   51200             ( 36.63%) | total_pruned =   32443 | shape = torch.Size([64, 32, 5, 5])
1.7.1.7.1.1.1.bias   | nonzeros =       0 /      64             (  0.00%) | total_pruned =      64 | shape = torch.Size([64])
1.7.1.7.1.2.weight   | nonzeros =      18 /      64             ( 28.12%) | total_pruned =      46 | shape = torch.Size([64])
1.7.1.7.1.2.bias     | nonzeros =       0 /      64             (  0.00%) | total_pruned =      64 | shape = torch.Size([64])
1.7.1.7.1.4.1.weight | nonzeros =   35790 /  102400             ( 34.95%) | total_pruned =   66610 | shape = torch.Size([64, 64, 5, 5])
1.7.1.7.1.4.1.bias   | nonzeros =       0 /      64             (  0.00%) | total_pruned =      64 | shape = torch.Size([64])
1.7.1.7.1.5.weight   | nonzeros =      13 /      64             ( 20.31%) | total_pruned =      51 | shape = torch.Size([64])
1.7.1.7.1.5.bias     | nonzeros =       0 /      64             (  0.00%) | total_pruned =      64 | shape = torch.Size([64])
1.7.1.7.1.7.1.1.1.weight | nonzeros =   55252 /  204800             ( 26.98%) | total_pruned =  149548 | shape = torch.Size([128, 64, 5, 5])
1.7.1.7.1.7.1.1.1.bias | nonzeros =       0 /     128             (  0.00%) | total_pruned =     128 | shape = torch.Size([128])
1.7.1.7.1.7.1.2.weight | nonzeros =      15 /     128             ( 11.72%) | total_pruned =     113 | shape = torch.Size([128])
1.7.1.7.1.7.1.2.bias | nonzeros =       0 /     128             (  0.00%) | total_pruned =     128 | shape = torch.Size([128])
1.7.1.7.1.7.1.4.1.weight | nonzeros =  102431 /  409600             ( 25.01%) | total_pruned =  307169 | shape = torch.Size([128, 128, 5, 5])
1.7.1.7.1.7.1.4.1.bias | nonzeros =       0 /     128             (  0.00%) | total_pruned =     128 | shape = torch.Size([128])
1.7.1.7.1.7.1.5.weight | nonzeros =      10 /     128             (  7.81%) | total_pruned =     118 | shape = torch.Size([128])
1.7.1.7.1.7.1.5.bias | nonzeros =       0 /     128             (  0.00%) | total_pruned =     128 | shape = torch.Size([128])
1.7.1.7.1.7.1.7.1.1.1.weight | nonzeros =   91470 /  409600             ( 22.33%) | total_pruned =  318130 | shape = torch.Size([128, 128, 5, 5])
1.7.1.7.1.7.1.7.1.1.1.bias | nonzeros =       0 /     128             (  0.00%) | total_pruned =     128 | shape = torch.Size([128])
1.7.1.7.1.7.1.7.1.2.weight | nonzeros =      11 /     128             (  8.59%) | total_pruned =     117 | shape = torch.Size([128])
1.7.1.7.1.7.1.7.1.2.bias | nonzeros =       0 /     128             (  0.00%) | total_pruned =     128 | shape = torch.Size([128])
1.7.1.7.1.7.1.7.1.4.1.weight | nonzeros =   82722 /  409600             ( 20.20%) | total_pruned =  326878 | shape = torch.Size([128, 128, 5, 5])
1.7.1.7.1.7.1.7.1.4.1.bias | nonzeros =       0 /     128             (  0.00%) | total_pruned =     128 | shape = torch.Size([128])
1.7.1.7.1.7.1.7.1.5.weight | nonzeros =       6 /     128             (  4.69%) | total_pruned =     122 | shape = torch.Size([128])
1.7.1.7.1.7.1.7.1.5.bias | nonzeros =       0 /     128             (  0.00%) | total_pruned =     128 | shape = torch.Size([128])
1.7.1.7.1.7.1.7.1.7.1.1.1.weight | nonzeros =   70823 /  409600             ( 17.29%) | total_pruned =  338777 | shape = torch.Size([128, 128, 5, 5])
1.7.1.7.1.7.1.7.1.7.1.1.1.bias | nonzeros =       0 /     128             (  0.00%) | total_pruned =     128 | shape = torch.Size([128])
1.7.1.7.1.7.1.7.1.7.1.2.weight | nonzeros =       4 /     128             (  3.12%) | total_pruned =     124 | shape = torch.Size([128])
1.7.1.7.1.7.1.7.1.7.1.2.bias | nonzeros =       0 /     128             (  0.00%) | total_pruned =     128 | shape = torch.Size([128])
1.7.1.7.1.7.1.7.1.7.1.4.1.weight | nonzeros =   58098 /  409600             ( 14.18%) | total_pruned =  351502 | shape = torch.Size([128, 128, 5, 5])
1.7.1.7.1.7.1.7.1.7.1.4.1.bias | nonzeros =       0 /     128             (  0.00%) | total_pruned =     128 | shape = torch.Size([128])
1.7.1.7.1.7.1.7.1.7.1.5.weight | nonzeros =       0 /     128             (  0.00%) | total_pruned =     128 | shape = torch.Size([128])
1.7.1.7.1.7.1.7.1.7.1.5.bias | nonzeros =       0 /     128             (  0.00%) | total_pruned =     128 | shape = torch.Size([128])
1.7.1.7.1.7.1.7.1.7.2.weight | nonzeros =       2 /     128             (  1.56%) | total_pruned =     126 | shape = torch.Size([128])
1.7.1.7.1.7.1.7.1.7.2.bias | nonzeros =       0 /     128             (  0.00%) | total_pruned =     128 | shape = torch.Size([128])
1.7.1.7.1.7.1.7.1.7.3.1.weight | nonzeros =   15881 /  147456             ( 10.77%) | total_pruned =  131575 | shape = torch.Size([128, 128, 3, 3])
1.7.1.7.1.7.1.7.1.7.3.1.bias | nonzeros =       0 /     128             (  0.00%) | total_pruned =     128 | shape = torch.Size([128])
1.7.1.7.1.7.1.7.1.7.4.weight | nonzeros =       0 /     128             (  0.00%) | total_pruned =     128 | shape = torch.Size([128])
1.7.1.7.1.7.1.7.1.7.4.bias | nonzeros =       0 /     128             (  0.00%) | total_pruned =     128 | shape = torch.Size([128])
1.7.1.7.1.7.1.7.2.weight | nonzeros =       1 /     128             (  0.78%) | total_pruned =     127 | shape = torch.Size([128])
1.7.1.7.1.7.1.7.2.bias | nonzeros =       0 /     128             (  0.00%) | total_pruned =     128 | shape = torch.Size([128])
1.7.1.7.1.7.1.7.3.1.weight | nonzeros =   13213 /  147456             (  8.96%) | total_pruned =  134243 | shape = torch.Size([128, 128, 3, 3])
1.7.1.7.1.7.1.7.3.1.bias | nonzeros =       0 /     128             (  0.00%) | total_pruned =     128 | shape = torch.Size([128])
1.7.1.7.1.7.1.7.4.weight | nonzeros =       0 /     128             (  0.00%) | total_pruned =     128 | shape = torch.Size([128])
1.7.1.7.1.7.1.7.4.bias | nonzeros =       0 /     128             (  0.00%) | total_pruned =     128 | shape = torch.Size([128])
1.7.1.7.1.7.2.weight | nonzeros =       3 /     128             (  2.34%) | total_pruned =     125 | shape = torch.Size([128])
1.7.1.7.1.7.2.bias   | nonzeros =       0 /     128             (  0.00%) | total_pruned =     128 | shape = torch.Size([128])
1.7.1.7.1.7.3.1.weight | nonzeros =   13510 /  147456             (  9.16%) | total_pruned =  133946 | shape = torch.Size([128, 128, 3, 3])
1.7.1.7.1.7.3.1.bias | nonzeros =       0 /     128             (  0.00%) | total_pruned =     128 | shape = torch.Size([128])
1.7.1.7.1.7.4.weight | nonzeros =       0 /     128             (  0.00%) | total_pruned =     128 | shape = torch.Size([128])
1.7.1.7.1.7.4.bias   | nonzeros =       0 /     128             (  0.00%) | total_pruned =     128 | shape = torch.Size([128])
1.7.1.7.2.weight     | nonzeros =       1 /     128             (  0.78%) | total_pruned =     127 | shape = torch.Size([128])
1.7.1.7.2.bias       | nonzeros =       0 /     128             (  0.00%) | total_pruned =     128 | shape = torch.Size([128])
1.7.1.7.3.1.weight   | nonzeros =   11980 /   73728             ( 16.25%) | total_pruned =   61748 | shape = torch.Size([64, 128, 3, 3])
1.7.1.7.3.1.bias     | nonzeros =       0 /      64             (  0.00%) | total_pruned =      64 | shape = torch.Size([64])
1.7.1.7.4.weight     | nonzeros =       0 /      64             (  0.00%) | total_pruned =      64 | shape = torch.Size([64])
1.7.1.7.4.bias       | nonzeros =       0 /      64             (  0.00%) | total_pruned =      64 | shape = torch.Size([64])
1.7.2.weight         | nonzeros =       8 /      64             ( 12.50%) | total_pruned =      56 | shape = torch.Size([64])
1.7.2.bias           | nonzeros =       0 /      64             (  0.00%) | total_pruned =      64 | shape = torch.Size([64])
1.7.3.1.weight       | nonzeros =    5009 /   18432             ( 27.18%) | total_pruned =   13423 | shape = torch.Size([32, 64, 3, 3])
1.7.3.1.bias         | nonzeros =       0 /      32             (  0.00%) | total_pruned =      32 | shape = torch.Size([32])
1.7.4.weight         | nonzeros =       0 /      32             (  0.00%) | total_pruned =      32 | shape = torch.Size([32])
1.7.4.bias           | nonzeros =       0 /      32             (  0.00%) | total_pruned =      32 | shape = torch.Size([32])
2.weight             | nonzeros =       9 /      32             ( 28.12%) | total_pruned =      23 | shape = torch.Size([32])
2.bias               | nonzeros =       0 /      32             (  0.00%) | total_pruned =      32 | shape = torch.Size([32])
3.1.weight           | nonzeros =    1672 /    4608             ( 36.28%) | total_pruned =    2936 | shape = torch.Size([16, 32, 3, 3])
3.1.bias             | nonzeros =       0 /      16             (  0.00%) | total_pruned =      16 | shape = torch.Size([16])
4.weight             | nonzeros =       0 /      16             (  0.00%) | total_pruned =      16 | shape = torch.Size([16])
4.bias               | nonzeros =       0 /      16             (  0.00%) | total_pruned =      16 | shape = torch.Size([16])
6.1.weight           | nonzeros =      23 /      48             ( 47.92%) | total_pruned =      25 | shape = torch.Size([3, 16, 1, 1])
6.1.bias             | nonzeros =       1 /       3             ( 33.33%) | total_pruned =       2 | shape = torch.Size([3])
alive: 601719, pruned : 2407148, total: 3008867, Compression rate :       5.00x  ( 80.00% pruned)
Initial PSNR of output image is:  12.782706400434225
epoch:  0 loss:  0.06134569272398949 PSNR:  12.782706400434225
epoch:  200 loss:  0.05289161950349808 PSNR:  13.56386965427848
epoch:  400 loss:  0.05289161577820778 PSNR:  13.563870021841167
epoch:  600 loss:  0.05289161950349808 PSNR:  13.563870021841167
epoch:  800 loss:  0.05289161950349808 PSNR:  13.563870021841167
epoch:  1000 loss:  0.05289161950349808 PSNR:  13.563870021841167
epoch:  1200 loss:  0.05289161577820778 PSNR:  13.563870021841167
epoch:  1400 loss:  0.05289161577820778 PSNR:  13.563870021841167
epoch:  1600 loss:  0.05289161950349808 PSNR:  13.563870021841167
epoch:  1800 loss:  0.05289161950349808 PSNR:  13.563870021841167
epoch:  2000 loss:  0.05289161950349808 PSNR:  13.563870021841167
epoch:  2200 loss:  0.05289161950349808 PSNR:  13.563870021841167
epoch:  2400 loss:  0.05289161950349808 PSNR:  13.563870021841167
epoch:  2600 loss:  0.05289161950349808 PSNR:  13.563870021841167
epoch:  2800 loss:  0.05289161950349808 PSNR:  13.563870021841167
epoch:  3000 loss:  0.05289161950349808 PSNR:  13.563870021841167
epoch:  3200 loss:  0.05289161950349808 PSNR:  13.563870021841167
epoch:  3400 loss:  0.05289161950349808 PSNR:  13.563870021841167
epoch:  3600 loss:  0.05289161950349808 PSNR:  13.563870021841167
epoch:  3800 loss:  0.05289161950349808 PSNR:  13.563870021841167
epoch:  4000 loss:  0.05289161577820778 PSNR:  13.563870021841167
epoch:  4200 loss:  0.05289161577820778 PSNR:  13.563870021841167
epoch:  4400 loss:  0.05289161577820778 PSNR:  13.563870021841167
epoch:  4600 loss:  0.052891623228788376 PSNR:  13.563870756966631
epoch:  4800 loss:  0.05289161950349808 PSNR:  13.563870389403883
epoch:  5000 loss:  0.05289161950349808 PSNR:  13.563870389403883
epoch:  5200 loss:  0.052891623228788376 PSNR:  13.563870389403883
epoch:  5400 loss:  0.05289161950349808 PSNR:  13.563870389403883
epoch:  5600 loss:  0.05289161950349808 PSNR:  13.563870021841167
epoch:  5800 loss:  0.05289161950349808 PSNR:  13.56386965427848
epoch:  6000 loss:  0.05289161950349808 PSNR:  13.563870389403883
epoch:  6200 loss:  0.05289161950349808 PSNR:  13.563870021841167
epoch:  6400 loss:  0.05289161950349808 PSNR:  13.563870756966631
epoch:  6600 loss:  0.052891623228788376 PSNR:  13.56386708134055
epoch:  6800 loss:  0.05289161577820778 PSNR:  13.563870021841167
epoch:  7000 loss:  0.05289161577820778 PSNR:  13.563870021841167
epoch:  7200 loss:  0.05289161950349808 PSNR:  13.563870021841167
epoch:  7400 loss:  0.05289161950349808 PSNR:  13.563870021841167
epoch:  7600 loss:  0.05289161950349808 PSNR:  13.563870756966631
epoch:  7800 loss:  0.052891623228788376 PSNR:  13.563875167722037
epoch:  8000 loss:  0.05289164558053017 PSNR:  13.563896118871385
epoch:  8200 loss:  0.05289163067936897 PSNR:  13.563892075659254
epoch:  8400 loss:  0.05289161950349808 PSNR:  13.563874432595826
epoch:  8600 loss:  0.05289165675640106 PSNR:  13.56390971879436
epoch:  8800 loss:  0.052891623228788376 PSNR:  13.563874800158915
epoch:  9000 loss:  0.05289161950349808 PSNR:  13.56387553528519
epoch:  9200 loss:  0.05289161950349808 PSNR:  13.563870756966631
epoch:  9400 loss:  0.05289161950349808 PSNR:  13.563870389403883
epoch:  9600 loss:  0.05289161577820778 PSNR:  13.56386965427848
epoch:  9800 loss:  0.05289161950349808 PSNR:  13.563871124529411
epoch:  10000 loss:  0.05289161950349808 PSNR:  13.563871124529411
epoch:  10200 loss:  0.052891623228788376 PSNR:  13.563870021841167
epoch:  10400 loss:  0.05289161950349808 PSNR:  13.563870756966631
epoch:  10600 loss:  0.05289161950349808 PSNR:  13.563863038155453
epoch:  10800 loss:  0.052891623228788376 PSNR:  13.56385384911241
epoch:  11000 loss:  0.05289163812994957 PSNR:  13.563838044003859
epoch:  11200 loss:  0.05289168655872345 PSNR:  13.563921848491322
epoch:  11400 loss:  0.052891623228788376 PSNR:  13.56386965427848
epoch:  11600 loss:  0.05289161950349808 PSNR:  13.563870021841167
epoch:  11800 loss:  0.05289161950349808 PSNR:  13.563870389403883
epoch:  12000 loss:  0.05289161950349808 PSNR:  13.563868919153201
epoch:  12200 loss:  0.05289161577820778 PSNR:  13.563870021841167
epoch:  12400 loss:  0.05289161950349808 PSNR:  13.563871492092222
epoch:  12600 loss:  0.05289161950349808 PSNR:  13.563870021841167
epoch:  12800 loss:  0.052891623228788376 PSNR:  13.56387957848192
epoch:  13000 loss:  0.05289161577820778 PSNR:  13.563870021841167
epoch:  13200 loss:  0.05289161950349808 PSNR:  13.563870389403883
epoch:  13400 loss:  0.05289161950349808 PSNR:  13.563870389403883
epoch:  13600 loss:  0.05289161577820778 PSNR:  13.563871124529411
epoch:  13800 loss:  0.05289161950349808 PSNR:  13.563870389403883
epoch:  14000 loss:  0.052891623228788376 PSNR:  13.563870756966631
epoch:  14200 loss:  0.052891623228788376 PSNR:  13.56386965427848
epoch:  14400 loss:  0.052891623228788376 PSNR:  13.563870021841167
epoch:  14600 loss:  0.05289161950349808 PSNR:  13.563871859655062
epoch:  14800 loss:  0.05289161950349808 PSNR:  13.56387259478084
epoch:  15000 loss:  0.052891623228788376 PSNR:  13.563875167722037
epoch:  15200 loss:  0.05289161577820778 PSNR:  13.563864875966393
epoch:  15400 loss:  0.05289161950349808 PSNR:  13.563870756966631
epoch:  15600 loss:  0.052891623228788376 PSNR:  13.563874800158915
epoch:  15800 loss:  0.052891623228788376 PSNR:  13.563858994974119
epoch:  16000 loss:  0.052891697734594345 PSNR:  13.56392736200114
epoch:  16200 loss:  0.05289161950349808 PSNR:  13.563870756966631
epoch:  16400 loss:  0.05289161950349808 PSNR:  13.563870756966631
epoch:  16600 loss:  0.05289161950349808 PSNR:  13.563870389403883
epoch:  16800 loss:  0.052891623228788376 PSNR:  13.56386965427848
epoch:  17000 loss:  0.052891623228788376 PSNR:  13.563870756966631
epoch:  17200 loss:  0.05289161950349808 PSNR:  13.563871492092222
epoch:  17400 loss:  0.05289161950349808 PSNR:  13.563876637974834
epoch:  17600 loss:  0.05289165675640106 PSNR:  13.563823709187709
epoch:  17800 loss:  0.05289161950349808 PSNR:  13.563871859655062
epoch:  18000 loss:  0.052891623228788376 PSNR:  13.563874065032767
epoch:  18200 loss:  0.05289161950349808 PSNR:  13.563871492092222
epoch:  18400 loss:  0.05289161950349808 PSNR:  13.563869286715827
epoch:  18600 loss:  0.05289161950349808 PSNR:  13.563870756966631
epoch:  18800 loss:  0.05289161950349808 PSNR:  13.563870389403883
epoch:  19000 loss:  0.05289161950349808 PSNR:  13.563871492092222
epoch:  19200 loss:  0.05289161577820778 PSNR:  13.563868184028047
epoch:  19400 loss:  0.052891626954078674 PSNR:  13.56389134053018
epoch:  19600 loss:  0.05289178714156151 PSNR:  13.56375865177059
epoch:  19800 loss:  0.05289161950349808 PSNR:  13.563871124529411
epoch:  20000 loss:  0.052891623228788376 PSNR:  13.563869286715827
epoch:  20200 loss:  0.05289161950349808 PSNR:  13.563873329906741
epoch:  20400 loss:  0.05289161950349808 PSNR:  13.563867448903018
epoch:  20600 loss:  0.05289161950349808 PSNR:  13.563867448903018
epoch:  20800 loss:  0.05289161950349808 PSNR:  13.563868184028047
epoch:  21000 loss:  0.052891623228788376 PSNR:  13.563855686919464
epoch:  21200 loss:  0.052891843020915985 PSNR:  13.563958605355658
epoch:  21400 loss:  0.052891623228788376 PSNR:  13.563855319357991
epoch:  21600 loss:  0.052891623228788376 PSNR:  13.563870389403883
epoch:  21800 loss:  0.052891623228788376 PSNR:  13.563870021841167
epoch:  22000 loss:  0.05289161577820778 PSNR:  13.563871859655062
epoch:  22200 loss:  0.05289161950349808 PSNR:  13.563868184028047
epoch:  22400 loss:  0.052891626954078674 PSNR:  13.563889870272405
epoch:  22600 loss:  0.052891623228788376 PSNR:  13.563871124529411
epoch:  22800 loss:  0.052891623228788376 PSNR:  13.563871124529411
epoch:  23000 loss:  0.052891623228788376 PSNR:  13.563870021841167
epoch:  23200 loss:  0.05289161950349808 PSNR:  13.56386965427848
epoch:  23400 loss:  0.052891623228788376 PSNR:  13.56386965427848
epoch:  23600 loss:  0.05289161950349808 PSNR:  13.563871492092222
epoch:  23800 loss:  0.05289161950349808 PSNR:  13.563870021841167
epoch:  24000 loss:  0.05289161950349808 PSNR:  13.563871492092222
epoch:  24200 loss:  0.05289161577820778 PSNR:  13.56386965427848
epoch:  24400 loss:  0.052891623228788376 PSNR:  13.563856422042502
epoch:  24600 loss:  0.05289161950349808 PSNR:  13.563871124529411
epoch:  24800 loss:  0.05289168655872345 PSNR:  13.563803493501752
epoch:  25000 loss:  0.052891675382852554 PSNR:  13.563810844649392
epoch:  25200 loss:  0.05289161950349808 PSNR:  13.563870756966631
epoch:  25400 loss:  0.05289161577820778 PSNR:  13.56386965427848
epoch:  25600 loss:  0.05289161950349808 PSNR:  13.563871124529411
epoch:  25800 loss:  0.05289161950349808 PSNR:  13.56386965427848
epoch:  26000 loss:  0.05289161950349808 PSNR:  13.563870021841167
epoch:  26200 loss:  0.05289161950349808 PSNR:  13.563868919153201
epoch:  26400 loss:  0.052891623228788376 PSNR:  13.563882886554774
epoch:  26600 loss:  0.05289161950349808 PSNR:  13.563868919153201
epoch:  26800 loss:  0.05289161950349808 PSNR:  13.563861935469262
epoch:  27000 loss:  0.05289174243807793 PSNR:  13.56377629436367
epoch:  27200 loss:  0.052891623228788376 PSNR:  13.563870021841167
epoch:  27400 loss:  0.05289161950349808 PSNR:  13.563870389403883
epoch:  27600 loss:  0.05289161950349808 PSNR:  13.563871492092222
epoch:  27800 loss:  0.05289161950349808 PSNR:  13.563870389403883
epoch:  28000 loss:  0.05289161950349808 PSNR:  13.563873697469738
epoch:  28200 loss:  0.05289161950349808 PSNR:  13.563870756966631
epoch:  28400 loss:  0.05289161950349808 PSNR:  13.563870756966631
epoch:  28600 loss:  0.05289161950349808 PSNR:  13.563870021841167
epoch:  28800 loss:  0.052891623228788376 PSNR:  13.563869286715827
epoch:  29000 loss:  0.052891623228788376 PSNR:  13.56385678960407
epoch:  29200 loss:  0.052891701459884644 PSNR:  13.563795407253718
epoch:  29400 loss:  0.05289164185523987 PSNR:  13.56390420530694
epoch:  29600 loss:  0.05289169400930405 PSNR:  13.56392772956871
epoch:  29800 loss:  0.05289163440465927 PSNR:  13.563838411563871
epoch:  30000 loss:  0.05289161950349808 PSNR:  13.563869286715827
epoch:  30200 loss:  0.05289161577820778 PSNR:  13.56386965427848
epoch:  30400 loss:  0.05289161577820778 PSNR:  13.563870021841167
epoch:  30600 loss:  0.05289161577820778 PSNR:  13.563870389403883
epoch:  30800 loss:  0.05289161950349808 PSNR:  13.563870389403883
epoch:  31000 loss:  0.05289161950349808 PSNR:  13.563870389403883
epoch:  31200 loss:  0.05289161950349808 PSNR:  13.56386965427848
epoch:  31400 loss:  0.05289161950349808 PSNR:  13.56386965427848
epoch:  31600 loss:  0.05289161950349808 PSNR:  13.563870389403883
epoch:  31800 loss:  0.052891623228788376 PSNR:  13.56385678960407
epoch:  32000 loss:  0.052891623228788376 PSNR:  13.56387957848192
epoch:  32200 loss:  0.05289161950349808 PSNR:  13.563870021841167
epoch:  32400 loss:  0.05289161950349808 PSNR:  13.563870389403883
epoch:  32600 loss:  0.05289161950349808 PSNR:  13.563871124529411
epoch:  32800 loss:  0.052891623228788376 PSNR:  13.563856054480967
epoch:  33000 loss:  0.05289163067936897 PSNR:  13.56389685400127
epoch:  33200 loss:  0.052891623228788376 PSNR:  13.563850908622745
epoch:  33400 loss:  0.052891794592142105 PSNR:  13.563950518818812
epoch:  33600 loss:  0.05289163067936897 PSNR:  13.563893913482485
epoch:  33800 loss:  0.05289166420698166 PSNR:  13.563814152669893
epoch:  34000 loss:  0.052891626954078674 PSNR:  13.563889870272405
epoch:  34200 loss:  0.052891623228788376 PSNR:  13.563861200345288
epoch:  34400 loss:  0.05289161950349808 PSNR:  13.563870389403883
epoch:  34600 loss:  0.05289161950349808 PSNR:  13.563870756966631
epoch:  34800 loss:  0.05289161950349808 PSNR:  13.563870389403883
epoch:  35000 loss:  0.05289161577820778 PSNR:  13.563873697469738
epoch:  35200 loss:  0.052891820669174194 PSNR:  13.563746154977188
epoch:  35400 loss:  0.052891623228788376 PSNR:  13.563858994974119
epoch:  35600 loss:  0.05289161577820778 PSNR:  13.563870021841167
epoch:  35800 loss:  0.05289161950349808 PSNR:  13.563870756966631
epoch:  36000 loss:  0.052891623228788376 PSNR:  13.56385237886733
epoch:  36200 loss:  0.052891626954078674 PSNR:  13.563849070817714
epoch:  36400 loss:  0.05289167910814285 PSNR:  13.563808271746304
epoch:  36600 loss:  0.052891623228788376 PSNR:  13.563883254118581
epoch:  36800 loss:  0.05289161950349808 PSNR:  13.563871492092222
epoch:  37000 loss:  0.052891623228788376 PSNR:  13.563889135143706
epoch:  37200 loss:  0.052891623228788376 PSNR:  13.563881048736214
epoch:  37400 loss:  0.052891623228788376 PSNR:  13.563874432595826
epoch:  37600 loss:  0.05289161950349808 PSNR:  13.563864875966393
epoch:  37800 loss:  0.052891623228788376 PSNR:  13.563858994974119
epoch:  38000 loss:  0.05289161577820778 PSNR:  13.563874065032767
epoch:  38200 loss:  0.05289161950349808 PSNR:  13.563870756966631
epoch:  38400 loss:  0.05289161577820778 PSNR:  13.563870389403883
epoch:  38600 loss:  0.05289161950349808 PSNR:  13.563871124529411
epoch:  38800 loss:  0.05289161577820778 PSNR:  13.56386965427848
epoch:  39000 loss:  0.05289161950349808 PSNR:  13.563870021841167
epoch:  39200 loss:  0.05289161950349808 PSNR:  13.563870756966631
epoch:  39400 loss:  0.05289161950349808 PSNR:  13.563871124529411
epoch:  39600 loss:  0.05289161950349808 PSNR:  13.563870756966631
epoch:  39800 loss:  0.05289161577820778 PSNR:  13.563869286715827
Output directory: data/denoising/Set14/mask/5/pai/grasp/sparse_0.8
PSNR of output image is:  13.563869286715827
(3, 576, 576) (1, 3, 576, 576) (3, 576, 576)
Experiment done
