Starting random mask  training on 6 using ADAM(sigma=0.1,lr=0.01,decay=0,beta=0)
Noisy PSNR is '20.090973339749336'
Starting random mask  training on 6 using ADAM(sigma=0.1,lr=0.01,decay=0,beta=0)
Noisy PSNR is '20.0953980304755'
Starting random mask  training on 6 using ADAM(sigma=0.1,lr=0.01,decay=0,beta=0)
Noisy PSNR is '20.111172541478247'
1.1.1.weight         | nonzeros =   12159 /   12800             ( 94.99%) | total_pruned =     641 | shape = torch.Size([16, 32, 5, 5])
1.1.1.bias           | nonzeros =      14 /      16             ( 87.50%) | total_pruned =       2 | shape = torch.Size([16])
1.2.weight           | nonzeros =      14 /      16             ( 87.50%) | total_pruned =       2 | shape = torch.Size([16])
1.2.bias             | nonzeros =       0 /      16             (  0.00%) | total_pruned =      16 | shape = torch.Size([16])
1.4.1.weight         | nonzeros =    6079 /    6400             ( 94.98%) | total_pruned =     321 | shape = torch.Size([16, 16, 5, 5])
1.4.1.bias           | nonzeros =      14 /      16             ( 87.50%) | total_pruned =       2 | shape = torch.Size([16])
1.5.weight           | nonzeros =      14 /      16             ( 87.50%) | total_pruned =       2 | shape = torch.Size([16])
1.5.bias             | nonzeros =       0 /      16             (  0.00%) | total_pruned =      16 | shape = torch.Size([16])
1.7.1.1.1.weight     | nonzeros =   12159 /   12800             ( 94.99%) | total_pruned =     641 | shape = torch.Size([32, 16, 5, 5])
1.7.1.1.1.bias       | nonzeros =      28 /      32             ( 87.50%) | total_pruned =       4 | shape = torch.Size([32])
1.7.1.2.weight       | nonzeros =      29 /      32             ( 90.62%) | total_pruned =       3 | shape = torch.Size([32])
1.7.1.2.bias         | nonzeros =       0 /      32             (  0.00%) | total_pruned =      32 | shape = torch.Size([32])
1.7.1.4.1.weight     | nonzeros =   24319 /   25600             ( 95.00%) | total_pruned =    1281 | shape = torch.Size([32, 32, 5, 5])
1.7.1.4.1.bias       | nonzeros =      29 /      32             ( 90.62%) | total_pruned =       3 | shape = torch.Size([32])
1.7.1.5.weight       | nonzeros =      29 /      32             ( 90.62%) | total_pruned =       3 | shape = torch.Size([32])
1.7.1.5.bias         | nonzeros =       0 /      32             (  0.00%) | total_pruned =      32 | shape = torch.Size([32])
1.7.1.7.1.1.1.weight | nonzeros =   48639 /   51200             ( 95.00%) | total_pruned =    2561 | shape = torch.Size([64, 32, 5, 5])
1.7.1.7.1.1.1.bias   | nonzeros =      53 /      64             ( 82.81%) | total_pruned =      11 | shape = torch.Size([64])
1.7.1.7.1.2.weight   | nonzeros =      59 /      64             ( 92.19%) | total_pruned =       5 | shape = torch.Size([64])
1.7.1.7.1.2.bias     | nonzeros =       0 /      64             (  0.00%) | total_pruned =      64 | shape = torch.Size([64])
1.7.1.7.1.4.1.weight | nonzeros =   97279 /  102400             ( 95.00%) | total_pruned =    5121 | shape = torch.Size([64, 64, 5, 5])
1.7.1.7.1.4.1.bias   | nonzeros =      52 /      64             ( 81.25%) | total_pruned =      12 | shape = torch.Size([64])
1.7.1.7.1.5.weight   | nonzeros =      59 /      64             ( 92.19%) | total_pruned =       5 | shape = torch.Size([64])
1.7.1.7.1.5.bias     | nonzeros =       0 /      64             (  0.00%) | total_pruned =      64 | shape = torch.Size([64])
1.7.1.7.1.7.1.1.1.weight | nonzeros =  194559 /  204800             ( 95.00%) | total_pruned =   10241 | shape = torch.Size([128, 64, 5, 5])
1.7.1.7.1.7.1.1.1.bias | nonzeros =     104 /     128             ( 81.25%) | total_pruned =      24 | shape = torch.Size([128])
1.7.1.7.1.7.1.2.weight | nonzeros =     120 /     128             ( 93.75%) | total_pruned =       8 | shape = torch.Size([128])
1.7.1.7.1.7.1.2.bias | nonzeros =       0 /     128             (  0.00%) | total_pruned =     128 | shape = torch.Size([128])
1.7.1.7.1.7.1.4.1.weight | nonzeros =  389119 /  409600             ( 95.00%) | total_pruned =   20481 | shape = torch.Size([128, 128, 5, 5])
1.7.1.7.1.7.1.4.1.bias | nonzeros =     113 /     128             ( 88.28%) | total_pruned =      15 | shape = torch.Size([128])
1.7.1.7.1.7.1.5.weight | nonzeros =     120 /     128             ( 93.75%) | total_pruned =       8 | shape = torch.Size([128])
1.7.1.7.1.7.1.5.bias | nonzeros =       0 /     128             (  0.00%) | total_pruned =     128 | shape = torch.Size([128])
1.7.1.7.1.7.1.7.1.1.1.weight | nonzeros =  389119 /  409600             ( 95.00%) | total_pruned =   20481 | shape = torch.Size([128, 128, 5, 5])
1.7.1.7.1.7.1.7.1.1.1.bias | nonzeros =     114 /     128             ( 89.06%) | total_pruned =      14 | shape = torch.Size([128])
1.7.1.7.1.7.1.7.1.2.weight | nonzeros =     120 /     128             ( 93.75%) | total_pruned =       8 | shape = torch.Size([128])
1.7.1.7.1.7.1.7.1.2.bias | nonzeros =       0 /     128             (  0.00%) | total_pruned =     128 | shape = torch.Size([128])
1.7.1.7.1.7.1.7.1.4.1.weight | nonzeros =  389119 /  409600             ( 95.00%) | total_pruned =   20481 | shape = torch.Size([128, 128, 5, 5])
1.7.1.7.1.7.1.7.1.4.1.bias | nonzeros =     104 /     128             ( 81.25%) | total_pruned =      24 | shape = torch.Size([128])
1.7.1.7.1.7.1.7.1.5.weight | nonzeros =     120 /     128             ( 93.75%) | total_pruned =       8 | shape = torch.Size([128])
1.7.1.7.1.7.1.7.1.5.bias | nonzeros =       0 /     128             (  0.00%) | total_pruned =     128 | shape = torch.Size([128])
1.7.1.7.1.7.1.7.1.7.1.1.1.weight | nonzeros =  389119 /  409600             ( 95.00%) | total_pruned =   20481 | shape = torch.Size([128, 128, 5, 5])
1.7.1.7.1.7.1.7.1.7.1.1.1.bias | nonzeros =     113 /     128             ( 88.28%) | total_pruned =      15 | shape = torch.Size([128])
1.7.1.7.1.7.1.7.1.7.1.2.weight | nonzeros =     120 /     128             ( 93.75%) | total_pruned =       8 | shape = torch.Size([128])
1.7.1.7.1.7.1.7.1.7.1.2.bias | nonzeros =       0 /     128             (  0.00%) | total_pruned =     128 | shape = torch.Size([128])
1.7.1.7.1.7.1.7.1.7.1.4.1.weight | nonzeros =  389119 /  409600             ( 95.00%) | total_pruned =   20481 | shape = torch.Size([128, 128, 5, 5])
1.7.1.7.1.7.1.7.1.7.1.4.1.bias | nonzeros =     102 /     128             ( 79.69%) | total_pruned =      26 | shape = torch.Size([128])
1.7.1.7.1.7.1.7.1.7.1.5.weight | nonzeros =     120 /     128             ( 93.75%) | total_pruned =       8 | shape = torch.Size([128])
1.7.1.7.1.7.1.7.1.7.1.5.bias | nonzeros =       0 /     128             (  0.00%) | total_pruned =     128 | shape = torch.Size([128])
1.7.1.7.1.7.1.7.1.7.2.weight | nonzeros =     120 /     128             ( 93.75%) | total_pruned =       8 | shape = torch.Size([128])
1.7.1.7.1.7.1.7.1.7.2.bias | nonzeros =       0 /     128             (  0.00%) | total_pruned =     128 | shape = torch.Size([128])
1.7.1.7.1.7.1.7.1.7.3.1.weight | nonzeros =  140082 /  147456             ( 95.00%) | total_pruned =    7374 | shape = torch.Size([128, 128, 3, 3])
1.7.1.7.1.7.1.7.1.7.3.1.bias | nonzeros =     108 /     128             ( 84.38%) | total_pruned =      20 | shape = torch.Size([128])
1.7.1.7.1.7.1.7.1.7.4.weight | nonzeros =     120 /     128             ( 93.75%) | total_pruned =       8 | shape = torch.Size([128])
1.7.1.7.1.7.1.7.1.7.4.bias | nonzeros =       0 /     128             (  0.00%) | total_pruned =     128 | shape = torch.Size([128])
1.7.1.7.1.7.1.7.2.weight | nonzeros =     120 /     128             ( 93.75%) | total_pruned =       8 | shape = torch.Size([128])
1.7.1.7.1.7.1.7.2.bias | nonzeros =       0 /     128             (  0.00%) | total_pruned =     128 | shape = torch.Size([128])
1.7.1.7.1.7.1.7.3.1.weight | nonzeros =  140082 /  147456             ( 95.00%) | total_pruned =    7374 | shape = torch.Size([128, 128, 3, 3])
1.7.1.7.1.7.1.7.3.1.bias | nonzeros =     113 /     128             ( 88.28%) | total_pruned =      15 | shape = torch.Size([128])
1.7.1.7.1.7.1.7.4.weight | nonzeros =     120 /     128             ( 93.75%) | total_pruned =       8 | shape = torch.Size([128])
1.7.1.7.1.7.1.7.4.bias | nonzeros =       0 /     128             (  0.00%) | total_pruned =     128 | shape = torch.Size([128])
1.7.1.7.1.7.2.weight | nonzeros =     120 /     128             ( 93.75%) | total_pruned =       8 | shape = torch.Size([128])
1.7.1.7.1.7.2.bias   | nonzeros =       0 /     128             (  0.00%) | total_pruned =     128 | shape = torch.Size([128])
1.7.1.7.1.7.3.1.weight | nonzeros =  140082 /  147456             ( 95.00%) | total_pruned =    7374 | shape = torch.Size([128, 128, 3, 3])
1.7.1.7.1.7.3.1.bias | nonzeros =     103 /     128             ( 80.47%) | total_pruned =      25 | shape = torch.Size([128])
1.7.1.7.1.7.4.weight | nonzeros =     120 /     128             ( 93.75%) | total_pruned =       8 | shape = torch.Size([128])
1.7.1.7.1.7.4.bias   | nonzeros =       0 /     128             (  0.00%) | total_pruned =     128 | shape = torch.Size([128])
1.7.1.7.2.weight     | nonzeros =     120 /     128             ( 93.75%) | total_pruned =       8 | shape = torch.Size([128])
1.7.1.7.2.bias       | nonzeros =       0 /     128             (  0.00%) | total_pruned =     128 | shape = torch.Size([128])
1.7.1.7.3.1.weight   | nonzeros =   70040 /   73728             ( 95.00%) | total_pruned =    3688 | shape = torch.Size([64, 128, 3, 3])
1.7.1.7.3.1.bias     | nonzeros =      56 /      64             ( 87.50%) | total_pruned =       8 | shape = torch.Size([64])
1.7.1.7.4.weight     | nonzeros =      59 /      64             ( 92.19%) | total_pruned =       5 | shape = torch.Size([64])
1.7.1.7.4.bias       | nonzeros =       0 /      64             (  0.00%) | total_pruned =      64 | shape = torch.Size([64])
1.7.2.weight         | nonzeros =      59 /      64             ( 92.19%) | total_pruned =       5 | shape = torch.Size([64])
1.7.2.bias           | nonzeros =       0 /      64             (  0.00%) | total_pruned =      64 | shape = torch.Size([64])
1.7.3.1.weight       | nonzeros =   17509 /   18432             ( 94.99%) | total_pruned =     923 | shape = torch.Size([32, 64, 3, 3])
1.7.3.1.bias         | nonzeros =      27 /      32             ( 84.38%) | total_pruned =       5 | shape = torch.Size([32])
1.7.4.weight         | nonzeros =      29 /      32             ( 90.62%) | total_pruned =       3 | shape = torch.Size([32])
1.7.4.bias           | nonzeros =       0 /      32             (  0.00%) | total_pruned =      32 | shape = torch.Size([32])
2.weight             | nonzeros =      29 /      32             ( 90.62%) | total_pruned =       3 | shape = torch.Size([32])
2.bias               | nonzeros =       0 /      32             (  0.00%) | total_pruned =      32 | shape = torch.Size([32])
3.1.weight           | nonzeros =    4376 /    4608             ( 94.97%) | total_pruned =     232 | shape = torch.Size([16, 32, 3, 3])
3.1.bias             | nonzeros =      14 /      16             ( 87.50%) | total_pruned =       2 | shape = torch.Size([16])
4.weight             | nonzeros =      14 /      16             ( 87.50%) | total_pruned =       2 | shape = torch.Size([16])
4.bias               | nonzeros =       0 /      16             (  0.00%) | total_pruned =      16 | shape = torch.Size([16])
6.1.weight           | nonzeros =      44 /      48             ( 91.67%) | total_pruned =       4 | shape = torch.Size([3, 16, 1, 1])
6.1.bias             | nonzeros =       1 /       3             ( 33.33%) | total_pruned =       2 | shape = torch.Size([3])
alive: 2856219, pruned : 152648, total: 3008867, Compression rate :       1.05x  (  5.07% pruned)
Initial PSNR of output image is:  11.581490784640739
epoch:  0 loss:  0.07712498307228088 PSNR:  11.581490784640739
epoch:  200 loss:  0.02682953141629696 PSNR:  17.48341267298079
epoch:  400 loss:  0.015010334551334381 PSNR:  22.41338280085842
epoch:  600 loss:  0.012394971214234829 PSNR:  25.051082287385796
epoch:  800 loss:  0.011153411120176315 PSNR:  27.100300800543913
epoch:  1000 loss:  0.010666292160749435 PSNR:  28.054464133296623
epoch:  1200 loss:  0.010220508091151714 PSNR:  29.064386469089385
epoch:  1400 loss:  0.010066131129860878 PSNR:  29.159050284083637
epoch:  1600 loss:  0.009805526584386826 PSNR:  29.710016616291455
epoch:  1800 loss:  0.009696503169834614 PSNR:  29.554176222907586
epoch:  2000 loss:  0.009531408548355103 PSNR:  29.695082510305273
epoch:  2200 loss:  0.009493488818407059 PSNR:  29.244960085087026
epoch:  2400 loss:  0.00929250381886959 PSNR:  29.2535229220792
epoch:  2600 loss:  0.009125634096562862 PSNR:  29.156693736771935
epoch:  2800 loss:  0.009035496972501278 PSNR:  28.88420009354505
epoch:  3000 loss:  0.008885476738214493 PSNR:  28.50097765781094
epoch:  3200 loss:  0.008703130297362804 PSNR:  28.426882647292892
epoch:  3400 loss:  0.00867222249507904 PSNR:  27.917735740416667
epoch:  3600 loss:  0.008423779159784317 PSNR:  27.86899660396594
epoch:  3800 loss:  0.008341526612639427 PSNR:  27.479788641645825
epoch:  4000 loss:  0.008225614205002785 PSNR:  27.140680912510916
epoch:  4200 loss:  0.008087126538157463 PSNR:  26.80668896808485
epoch:  4400 loss:  0.008024044334888458 PSNR:  26.617287585214168
epoch:  4600 loss:  0.007871005684137344 PSNR:  26.231038385307635
epoch:  4800 loss:  0.007654442917555571 PSNR:  26.3197384159827
epoch:  5000 loss:  0.007596064358949661 PSNR:  25.989619853961678
epoch:  5200 loss:  0.007435583975166082 PSNR:  25.835864934309246
epoch:  5400 loss:  0.007297973148524761 PSNR:  25.718320668847024
epoch:  5600 loss:  0.0071462346240878105 PSNR:  25.605451228326057
epoch:  5800 loss:  0.007122953422367573 PSNR:  25.510931845742817
epoch:  6000 loss:  0.00709022581577301 PSNR:  25.33852986698086
epoch:  6200 loss:  0.006932293064892292 PSNR:  25.114041335442174
epoch:  6400 loss:  0.0068464442156255245 PSNR:  25.03777803855342
epoch:  6600 loss:  0.006939880549907684 PSNR:  24.6280122823366
epoch:  6800 loss:  0.006814341992139816 PSNR:  24.77822155255408
epoch:  7000 loss:  0.0066709378734230995 PSNR:  24.74378866779867
epoch:  7200 loss:  0.0066711935214698315 PSNR:  24.639544125025804
epoch:  7400 loss:  0.006549508776515722 PSNR:  24.688638625090263
epoch:  7600 loss:  0.006558110471814871 PSNR:  24.579492565147575
epoch:  7800 loss:  0.006422506645321846 PSNR:  24.431814872517933
epoch:  8000 loss:  0.006338978186249733 PSNR:  24.423745466487073
epoch:  8200 loss:  0.006287042051553726 PSNR:  24.374978878633968
epoch:  8400 loss:  0.006314930971711874 PSNR:  24.298711617363907
epoch:  8600 loss:  0.006271034013479948 PSNR:  24.131289596754986
epoch:  8800 loss:  0.006147706415504217 PSNR:  24.22621312140929
epoch:  9000 loss:  0.0062333038076758385 PSNR:  24.041846567354348
epoch:  9200 loss:  0.006062950473278761 PSNR:  24.079235992127938
epoch:  9400 loss:  0.006105910055339336 PSNR:  24.024946966902682
epoch:  9600 loss:  0.006034064572304487 PSNR:  23.991094256391
epoch:  9800 loss:  0.005949430167675018 PSNR:  23.935036789566126
epoch:  10000 loss:  0.006001259200274944 PSNR:  23.95761351161567
epoch:  10200 loss:  0.005902624689042568 PSNR:  24.01706856704969
epoch:  10400 loss:  0.0059806955978274345 PSNR:  23.89717671744695
epoch:  10600 loss:  0.005945916753262281 PSNR:  23.69589973686397
epoch:  10800 loss:  0.005842037033289671 PSNR:  23.815078955520566
epoch:  11000 loss:  0.005833758972585201 PSNR:  23.672261595027592
epoch:  11200 loss:  0.005866783671081066 PSNR:  23.69721155967502
epoch:  11400 loss:  0.005688387434929609 PSNR:  23.765961102177123
epoch:  11600 loss:  0.0058175018057227135 PSNR:  23.712705224694695
epoch:  11800 loss:  0.005711340345442295 PSNR:  23.659172164908636
epoch:  12000 loss:  0.005700926296412945 PSNR:  23.696992092896373
epoch:  12200 loss:  0.00562061183154583 PSNR:  23.693850025154685
epoch:  12400 loss:  0.0057703470811247826 PSNR:  23.5743251401621
epoch:  12600 loss:  0.0056051407009363174 PSNR:  23.59423887465882
epoch:  12800 loss:  0.005580670665949583 PSNR:  23.528706710126563
epoch:  13000 loss:  0.0055723367258906364 PSNR:  23.57358035313847
epoch:  13200 loss:  0.00570006063207984 PSNR:  23.364375630912303
epoch:  13400 loss:  0.005528467707335949 PSNR:  23.53180238719939
epoch:  13600 loss:  0.005467422306537628 PSNR:  23.554667174892113
epoch:  13800 loss:  0.005576699506491423 PSNR:  23.486237328344895
epoch:  14000 loss:  0.00555885024368763 PSNR:  23.263980899011205
epoch:  14200 loss:  0.005491987802088261 PSNR:  23.40035785498394
epoch:  14400 loss:  0.005499785300344229 PSNR:  23.435733791467882
epoch:  14600 loss:  0.005448216572403908 PSNR:  23.358961308911375
epoch:  14800 loss:  0.005427505820989609 PSNR:  23.423424405236844
epoch:  15000 loss:  0.005461042281240225 PSNR:  23.295936033574087
epoch:  15200 loss:  0.005343463271856308 PSNR:  23.377080070368294
epoch:  15400 loss:  0.0053676581010222435 PSNR:  23.326067079088432
epoch:  15600 loss:  0.005388911813497543 PSNR:  23.45889064007092
epoch:  15800 loss:  0.005365179851651192 PSNR:  23.376678148750006
epoch:  16000 loss:  0.005390400066971779 PSNR:  23.328429106956328
epoch:  16200 loss:  0.005358833819627762 PSNR:  23.311969393865837
epoch:  16400 loss:  0.005310039035975933 PSNR:  23.333413291961147
epoch:  16600 loss:  0.005334808491170406 PSNR:  23.337400952475278
epoch:  16800 loss:  0.005228975787758827 PSNR:  23.274256747601058
epoch:  17000 loss:  0.005294345319271088 PSNR:  23.28075394436574
epoch:  17200 loss:  0.005293374415487051 PSNR:  23.14322492221219
epoch:  17400 loss:  0.00519783329218626 PSNR:  23.241887598698323
epoch:  17600 loss:  0.005259939469397068 PSNR:  23.215949888613743
epoch:  17800 loss:  0.005166695918887854 PSNR:  23.217239934176735
epoch:  18000 loss:  0.005256127566099167 PSNR:  23.130599617483494
epoch:  18200 loss:  0.005278340540826321 PSNR:  23.218710553637244
epoch:  18400 loss:  0.005177878309041262 PSNR:  23.196412160891356
epoch:  18600 loss:  0.005192534066736698 PSNR:  23.18628313343269
epoch:  18800 loss:  0.005107289180159569 PSNR:  23.22884688019275
epoch:  19000 loss:  0.005147410556674004 PSNR:  23.160874777696236
epoch:  19200 loss:  0.005154067184776068 PSNR:  23.154033187127126
epoch:  19400 loss:  0.0051175798289477825 PSNR:  23.168169431503628
epoch:  19600 loss:  0.005341195967048407 PSNR:  23.032410025045156
epoch:  19800 loss:  0.0053002494387328625 PSNR:  23.150942790131694
epoch:  20000 loss:  0.005153830163180828 PSNR:  23.153902377032892
epoch:  20200 loss:  0.0051803383976221085 PSNR:  23.038540576367538
epoch:  20400 loss:  0.00508738961070776 PSNR:  23.113994038148288
epoch:  20600 loss:  0.005169680342078209 PSNR:  23.032480233141595
epoch:  20800 loss:  0.005100320093333721 PSNR:  23.017870869641502
epoch:  21000 loss:  0.005083967931568623 PSNR:  23.02880161856772
epoch:  21200 loss:  0.005106460768729448 PSNR:  23.086967598893455
epoch:  21400 loss:  0.005025581922382116 PSNR:  23.142945316389483
epoch:  21600 loss:  0.005028058774769306 PSNR:  23.03672249473282
epoch:  21800 loss:  0.005168678238987923 PSNR:  22.953164455073953
epoch:  22000 loss:  0.005080115050077438 PSNR:  23.140714198589293
epoch:  22200 loss:  0.005030537955462933 PSNR:  23.025877380799734
epoch:  22400 loss:  0.005147445481270552 PSNR:  22.9979668693257
epoch:  22600 loss:  0.005013628862798214 PSNR:  23.111649458577777
epoch:  22800 loss:  0.005039820913225412 PSNR:  23.021630451920615
epoch:  23000 loss:  0.005040527321398258 PSNR:  23.028495036033192
epoch:  23200 loss:  0.004980011377483606 PSNR:  22.972183473812038
epoch:  23400 loss:  0.004975150804966688 PSNR:  23.02028601715097
epoch:  23600 loss:  0.004953118972480297 PSNR:  23.06365422848088
epoch:  23800 loss:  0.005009490996599197 PSNR:  23.055279319826877
epoch:  24000 loss:  0.005029792431741953 PSNR:  23.04117332637873
epoch:  24200 loss:  0.00499061169102788 PSNR:  23.047640760868788
epoch:  24400 loss:  0.005034578964114189 PSNR:  22.94234816993808
epoch:  24600 loss:  0.00498604541644454 PSNR:  22.971517185652313
epoch:  24800 loss:  0.004937538877129555 PSNR:  22.961437599350788
epoch:  25000 loss:  0.00494413310661912 PSNR:  22.977936699228593
epoch:  25200 loss:  0.0050812289118766785 PSNR:  22.929169046314897
epoch:  25400 loss:  0.004914118908345699 PSNR:  22.98743992083438
epoch:  25600 loss:  0.004948058631271124 PSNR:  22.930848644383218
epoch:  25800 loss:  0.004949284717440605 PSNR:  22.88221459495356
epoch:  26000 loss:  0.00498355645686388 PSNR:  22.95928641348137
epoch:  26200 loss:  0.004957721568644047 PSNR:  23.00378637632022
epoch:  26400 loss:  0.004839477129280567 PSNR:  22.954227853628197
epoch:  26600 loss:  0.004930950701236725 PSNR:  22.864425724980784
epoch:  26800 loss:  0.004865765571594238 PSNR:  22.96543084037646
epoch:  27000 loss:  0.0049166809767484665 PSNR:  22.860531785273
epoch:  27200 loss:  0.004957116674631834 PSNR:  22.94264347181407
epoch:  27400 loss:  0.004972125869244337 PSNR:  22.82404683922686
epoch:  27600 loss:  0.004893833771348 PSNR:  22.885702792354422
epoch:  27800 loss:  0.004851752892136574 PSNR:  22.92259243839731
epoch:  28000 loss:  0.004914904944598675 PSNR:  22.93310566899009
epoch:  28200 loss:  0.004849297925829887 PSNR:  22.908989709624443
epoch:  28400 loss:  0.004904907196760178 PSNR:  22.882546132579968
epoch:  28600 loss:  0.004827471449971199 PSNR:  22.905710992121552
epoch:  28800 loss:  0.004885584115982056 PSNR:  22.912509129341473
epoch:  29000 loss:  0.004836094565689564 PSNR:  22.93759535946871
epoch:  29200 loss:  0.004859932232648134 PSNR:  22.89828435277417
epoch:  29400 loss:  0.004838852211833 PSNR:  22.852744854311418
epoch:  29600 loss:  0.004817077424377203 PSNR:  22.907893987087018
epoch:  29800 loss:  0.004820074886083603 PSNR:  22.87976894058186
epoch:  30000 loss:  0.004882453940808773 PSNR:  22.850078520522334
epoch:  30200 loss:  0.004854132421314716 PSNR:  22.838852415823546
epoch:  30400 loss:  0.004783143289387226 PSNR:  22.901727378121926
epoch:  30600 loss:  0.00479463953524828 PSNR:  22.898164226654817
epoch:  30800 loss:  0.004793243482708931 PSNR:  22.88439498870681
epoch:  31000 loss:  0.004743924364447594 PSNR:  22.92491648599304
epoch:  31200 loss:  0.004844335839152336 PSNR:  22.83251045300199
epoch:  31400 loss:  0.00480175856500864 PSNR:  22.83009025622771
epoch:  31600 loss:  0.004875372163951397 PSNR:  22.79865941661551
epoch:  31800 loss:  0.004751340486109257 PSNR:  22.885547080791277
epoch:  32000 loss:  0.00472735520452261 PSNR:  22.87463603155174
epoch:  32200 loss:  0.004784752614796162 PSNR:  22.833975528348137
epoch:  32400 loss:  0.004864774644374847 PSNR:  22.712043760573803
epoch:  32600 loss:  0.004862470552325249 PSNR:  22.809755293312946
epoch:  32800 loss:  0.004781918600201607 PSNR:  22.838919168555982
epoch:  33000 loss:  0.0047552939504384995 PSNR:  22.807548907298617
epoch:  33200 loss:  0.004812309518456459 PSNR:  22.844798617106747
epoch:  33400 loss:  0.004748597741127014 PSNR:  22.88016728254839
epoch:  33600 loss:  0.004734092392027378 PSNR:  22.850627023278406
epoch:  33800 loss:  0.004742118064314127 PSNR:  22.800285367762424
epoch:  34000 loss:  0.004739922471344471 PSNR:  22.80947830582936
epoch:  34200 loss:  0.004724191501736641 PSNR:  22.827006834307888
epoch:  34400 loss:  0.0047095222398638725 PSNR:  22.8541747563037
epoch:  34600 loss:  0.00473112054169178 PSNR:  22.830693404901666
epoch:  34800 loss:  0.0047255614772439 PSNR:  22.785750541094075
epoch:  35000 loss:  0.004720923490822315 PSNR:  22.795816834873825
epoch:  35200 loss:  0.004759389907121658 PSNR:  22.857636132400575
epoch:  35400 loss:  0.004771793261170387 PSNR:  22.789468238824387
epoch:  35600 loss:  0.004681878723204136 PSNR:  22.823624878399798
epoch:  35800 loss:  0.004743872210383415 PSNR:  22.728461348031974
epoch:  36000 loss:  0.004916606470942497 PSNR:  22.71488537582993
epoch:  36200 loss:  0.004715087823569775 PSNR:  22.770135024285445
epoch:  36400 loss:  0.004721785895526409 PSNR:  22.735602180968794
epoch:  36600 loss:  0.004724602214992046 PSNR:  22.802555436979205
epoch:  36800 loss:  0.004683429375290871 PSNR:  22.78131486077401
epoch:  37000 loss:  0.004695427604019642 PSNR:  22.79131812400123
epoch:  37200 loss:  0.00471056392416358 PSNR:  22.78729360045522
epoch:  37400 loss:  0.004720600321888924 PSNR:  22.764059487387197
epoch:  37600 loss:  0.004680552054196596 PSNR:  22.820294716194507
epoch:  37800 loss:  0.004707786254584789 PSNR:  22.777198732234055
epoch:  38000 loss:  0.00470426119863987 PSNR:  22.861748241608755
epoch:  38200 loss:  0.0046630846336483955 PSNR:  22.81735776329753
epoch:  38400 loss:  0.004694556351751089 PSNR:  22.78828513172744
epoch:  38600 loss:  0.004687462002038956 PSNR:  22.742505592568904
epoch:  38800 loss:  0.004671095870435238 PSNR:  22.724192248433333
epoch:  39000 loss:  0.004656512290239334 PSNR:  22.805848891628635
epoch:  39200 loss:  0.004703459795564413 PSNR:  22.758044002027606
epoch:  39400 loss:  0.004655330441892147 PSNR:  22.78260173207675
epoch:  39600 loss:  0.004658614285290241 PSNR:  22.83089210751357
epoch:  39800 loss:  0.004726781975477934 PSNR:  22.673682779385263
Output directory: data/denoising/Set14/mask/6/pai/grasp_local/sparse_0.95
PSNR of output image is:  22.673682779385263
(3, 512, 512) (1, 3, 512, 512) (3, 512, 512)
Experiment done
Starting random mask  training on 6 using ADAM(sigma=0.1,lr=0.01,decay=0,beta=0)
Noisy PSNR is '20.10766335652046'
1.1.1.weight         | nonzeros =   12159 /   12800             ( 94.99%) | total_pruned =     641 | shape = torch.Size([16, 32, 5, 5])
1.1.1.bias           | nonzeros =      14 /      16             ( 87.50%) | total_pruned =       2 | shape = torch.Size([16])
1.2.weight           | nonzeros =      14 /      16             ( 87.50%) | total_pruned =       2 | shape = torch.Size([16])
1.2.bias             | nonzeros =       0 /      16             (  0.00%) | total_pruned =      16 | shape = torch.Size([16])
1.4.1.weight         | nonzeros =    6079 /    6400             ( 94.98%) | total_pruned =     321 | shape = torch.Size([16, 16, 5, 5])
1.4.1.bias           | nonzeros =      14 /      16             ( 87.50%) | total_pruned =       2 | shape = torch.Size([16])
1.5.weight           | nonzeros =      14 /      16             ( 87.50%) | total_pruned =       2 | shape = torch.Size([16])
1.5.bias             | nonzeros =       0 /      16             (  0.00%) | total_pruned =      16 | shape = torch.Size([16])
1.7.1.1.1.weight     | nonzeros =   12159 /   12800             ( 94.99%) | total_pruned =     641 | shape = torch.Size([32, 16, 5, 5])
1.7.1.1.1.bias       | nonzeros =      29 /      32             ( 90.62%) | total_pruned =       3 | shape = torch.Size([32])
1.7.1.2.weight       | nonzeros =      29 /      32             ( 90.62%) | total_pruned =       3 | shape = torch.Size([32])
1.7.1.2.bias         | nonzeros =       0 /      32             (  0.00%) | total_pruned =      32 | shape = torch.Size([32])
1.7.1.4.1.weight     | nonzeros =   24319 /   25600             ( 95.00%) | total_pruned =    1281 | shape = torch.Size([32, 32, 5, 5])
1.7.1.4.1.bias       | nonzeros =      29 /      32             ( 90.62%) | total_pruned =       3 | shape = torch.Size([32])
1.7.1.5.weight       | nonzeros =      29 /      32             ( 90.62%) | total_pruned =       3 | shape = torch.Size([32])
1.7.1.5.bias         | nonzeros =       0 /      32             (  0.00%) | total_pruned =      32 | shape = torch.Size([32])
1.7.1.7.1.1.1.weight | nonzeros =   48639 /   51200             ( 95.00%) | total_pruned =    2561 | shape = torch.Size([64, 32, 5, 5])
1.7.1.7.1.1.1.bias   | nonzeros =      53 /      64             ( 82.81%) | total_pruned =      11 | shape = torch.Size([64])
1.7.1.7.1.2.weight   | nonzeros =      59 /      64             ( 92.19%) | total_pruned =       5 | shape = torch.Size([64])
1.7.1.7.1.2.bias     | nonzeros =       0 /      64             (  0.00%) | total_pruned =      64 | shape = torch.Size([64])
1.7.1.7.1.4.1.weight | nonzeros =   97279 /  102400             ( 95.00%) | total_pruned =    5121 | shape = torch.Size([64, 64, 5, 5])
1.7.1.7.1.4.1.bias   | nonzeros =      59 /      64             ( 92.19%) | total_pruned =       5 | shape = torch.Size([64])
1.7.1.7.1.5.weight   | nonzeros =      59 /      64             ( 92.19%) | total_pruned =       5 | shape = torch.Size([64])
1.7.1.7.1.5.bias     | nonzeros =       0 /      64             (  0.00%) | total_pruned =      64 | shape = torch.Size([64])
1.7.1.7.1.7.1.1.1.weight | nonzeros =  194559 /  204800             ( 95.00%) | total_pruned =   10241 | shape = torch.Size([128, 64, 5, 5])
1.7.1.7.1.7.1.1.1.bias | nonzeros =     107 /     128             ( 83.59%) | total_pruned =      21 | shape = torch.Size([128])
1.7.1.7.1.7.1.2.weight | nonzeros =     120 /     128             ( 93.75%) | total_pruned =       8 | shape = torch.Size([128])
1.7.1.7.1.7.1.2.bias | nonzeros =       0 /     128             (  0.00%) | total_pruned =     128 | shape = torch.Size([128])
1.7.1.7.1.7.1.4.1.weight | nonzeros =  389119 /  409600             ( 95.00%) | total_pruned =   20481 | shape = torch.Size([128, 128, 5, 5])
1.7.1.7.1.7.1.4.1.bias | nonzeros =     115 /     128             ( 89.84%) | total_pruned =      13 | shape = torch.Size([128])
1.7.1.7.1.7.1.5.weight | nonzeros =     120 /     128             ( 93.75%) | total_pruned =       8 | shape = torch.Size([128])
1.7.1.7.1.7.1.5.bias | nonzeros =       0 /     128             (  0.00%) | total_pruned =     128 | shape = torch.Size([128])
1.7.1.7.1.7.1.7.1.1.1.weight | nonzeros =  389119 /  409600             ( 95.00%) | total_pruned =   20481 | shape = torch.Size([128, 128, 5, 5])
1.7.1.7.1.7.1.7.1.1.1.bias | nonzeros =     114 /     128             ( 89.06%) | total_pruned =      14 | shape = torch.Size([128])
1.7.1.7.1.7.1.7.1.2.weight | nonzeros =     120 /     128             ( 93.75%) | total_pruned =       8 | shape = torch.Size([128])
1.7.1.7.1.7.1.7.1.2.bias | nonzeros =       0 /     128             (  0.00%) | total_pruned =     128 | shape = torch.Size([128])
1.7.1.7.1.7.1.7.1.4.1.weight | nonzeros =  389119 /  409600             ( 95.00%) | total_pruned =   20481 | shape = torch.Size([128, 128, 5, 5])
1.7.1.7.1.7.1.7.1.4.1.bias | nonzeros =     101 /     128             ( 78.91%) | total_pruned =      27 | shape = torch.Size([128])
1.7.1.7.1.7.1.7.1.5.weight | nonzeros =     120 /     128             ( 93.75%) | total_pruned =       8 | shape = torch.Size([128])
1.7.1.7.1.7.1.7.1.5.bias | nonzeros =       0 /     128             (  0.00%) | total_pruned =     128 | shape = torch.Size([128])
1.7.1.7.1.7.1.7.1.7.1.1.1.weight | nonzeros =  389119 /  409600             ( 95.00%) | total_pruned =   20481 | shape = torch.Size([128, 128, 5, 5])
1.7.1.7.1.7.1.7.1.7.1.1.1.bias | nonzeros =     108 /     128             ( 84.38%) | total_pruned =      20 | shape = torch.Size([128])
1.7.1.7.1.7.1.7.1.7.1.2.weight | nonzeros =     120 /     128             ( 93.75%) | total_pruned =       8 | shape = torch.Size([128])
1.7.1.7.1.7.1.7.1.7.1.2.bias | nonzeros =       0 /     128             (  0.00%) | total_pruned =     128 | shape = torch.Size([128])
1.7.1.7.1.7.1.7.1.7.1.4.1.weight | nonzeros =  389118 /  409600             ( 95.00%) | total_pruned =   20482 | shape = torch.Size([128, 128, 5, 5])
1.7.1.7.1.7.1.7.1.7.1.4.1.bias | nonzeros =     111 /     128             ( 86.72%) | total_pruned =      17 | shape = torch.Size([128])
1.7.1.7.1.7.1.7.1.7.1.5.weight | nonzeros =     120 /     128             ( 93.75%) | total_pruned =       8 | shape = torch.Size([128])
1.7.1.7.1.7.1.7.1.7.1.5.bias | nonzeros =       0 /     128             (  0.00%) | total_pruned =     128 | shape = torch.Size([128])
1.7.1.7.1.7.1.7.1.7.2.weight | nonzeros =     120 /     128             ( 93.75%) | total_pruned =       8 | shape = torch.Size([128])
1.7.1.7.1.7.1.7.1.7.2.bias | nonzeros =       0 /     128             (  0.00%) | total_pruned =     128 | shape = torch.Size([128])
1.7.1.7.1.7.1.7.1.7.3.1.weight | nonzeros =  140082 /  147456             ( 95.00%) | total_pruned =    7374 | shape = torch.Size([128, 128, 3, 3])
1.7.1.7.1.7.1.7.1.7.3.1.bias | nonzeros =     103 /     128             ( 80.47%) | total_pruned =      25 | shape = torch.Size([128])
1.7.1.7.1.7.1.7.1.7.4.weight | nonzeros =     120 /     128             ( 93.75%) | total_pruned =       8 | shape = torch.Size([128])
1.7.1.7.1.7.1.7.1.7.4.bias | nonzeros =       0 /     128             (  0.00%) | total_pruned =     128 | shape = torch.Size([128])
1.7.1.7.1.7.1.7.2.weight | nonzeros =     120 /     128             ( 93.75%) | total_pruned =       8 | shape = torch.Size([128])
1.7.1.7.1.7.1.7.2.bias | nonzeros =       0 /     128             (  0.00%) | total_pruned =     128 | shape = torch.Size([128])
1.7.1.7.1.7.1.7.3.1.weight | nonzeros =  140082 /  147456             ( 95.00%) | total_pruned =    7374 | shape = torch.Size([128, 128, 3, 3])
1.7.1.7.1.7.1.7.3.1.bias | nonzeros =     109 /     128             ( 85.16%) | total_pruned =      19 | shape = torch.Size([128])
1.7.1.7.1.7.1.7.4.weight | nonzeros =     120 /     128             ( 93.75%) | total_pruned =       8 | shape = torch.Size([128])
1.7.1.7.1.7.1.7.4.bias | nonzeros =       0 /     128             (  0.00%) | total_pruned =     128 | shape = torch.Size([128])
1.7.1.7.1.7.2.weight | nonzeros =     120 /     128             ( 93.75%) | total_pruned =       8 | shape = torch.Size([128])
1.7.1.7.1.7.2.bias   | nonzeros =       0 /     128             (  0.00%) | total_pruned =     128 | shape = torch.Size([128])
1.7.1.7.1.7.3.1.weight | nonzeros =  140082 /  147456             ( 95.00%) | total_pruned =    7374 | shape = torch.Size([128, 128, 3, 3])
1.7.1.7.1.7.3.1.bias | nonzeros =     114 /     128             ( 89.06%) | total_pruned =      14 | shape = torch.Size([128])
1.7.1.7.1.7.4.weight | nonzeros =     120 /     128             ( 93.75%) | total_pruned =       8 | shape = torch.Size([128])
1.7.1.7.1.7.4.bias   | nonzeros =       0 /     128             (  0.00%) | total_pruned =     128 | shape = torch.Size([128])
1.7.1.7.2.weight     | nonzeros =     120 /     128             ( 93.75%) | total_pruned =       8 | shape = torch.Size([128])
1.7.1.7.2.bias       | nonzeros =       0 /     128             (  0.00%) | total_pruned =     128 | shape = torch.Size([128])
1.7.1.7.3.1.weight   | nonzeros =   70040 /   73728             ( 95.00%) | total_pruned =    3688 | shape = torch.Size([64, 128, 3, 3])
1.7.1.7.3.1.bias     | nonzeros =      53 /      64             ( 82.81%) | total_pruned =      11 | shape = torch.Size([64])
1.7.1.7.4.weight     | nonzeros =      59 /      64             ( 92.19%) | total_pruned =       5 | shape = torch.Size([64])
1.7.1.7.4.bias       | nonzeros =       0 /      64             (  0.00%) | total_pruned =      64 | shape = torch.Size([64])
1.7.2.weight         | nonzeros =      59 /      64             ( 92.19%) | total_pruned =       5 | shape = torch.Size([64])
1.7.2.bias           | nonzeros =       0 /      64             (  0.00%) | total_pruned =      64 | shape = torch.Size([64])
1.7.3.1.weight       | nonzeros =   17509 /   18432             ( 94.99%) | total_pruned =     923 | shape = torch.Size([32, 64, 3, 3])
1.7.3.1.bias         | nonzeros =      24 /      32             ( 75.00%) | total_pruned =       8 | shape = torch.Size([32])
1.7.4.weight         | nonzeros =      29 /      32             ( 90.62%) | total_pruned =       3 | shape = torch.Size([32])
1.7.4.bias           | nonzeros =       0 /      32             (  0.00%) | total_pruned =      32 | shape = torch.Size([32])
2.weight             | nonzeros =      29 /      32             ( 90.62%) | total_pruned =       3 | shape = torch.Size([32])
2.bias               | nonzeros =       0 /      32             (  0.00%) | total_pruned =      32 | shape = torch.Size([32])
3.1.weight           | nonzeros =    4376 /    4608             ( 94.97%) | total_pruned =     232 | shape = torch.Size([16, 32, 3, 3])
3.1.bias             | nonzeros =      14 /      16             ( 87.50%) | total_pruned =       2 | shape = torch.Size([16])
4.weight             | nonzeros =      14 /      16             ( 87.50%) | total_pruned =       2 | shape = torch.Size([16])
4.bias               | nonzeros =       0 /      16             (  0.00%) | total_pruned =      16 | shape = torch.Size([16])
6.1.weight           | nonzeros =      44 /      48             ( 91.67%) | total_pruned =       4 | shape = torch.Size([3, 16, 1, 1])
6.1.bias             | nonzeros =       1 /       3             ( 33.33%) | total_pruned =       2 | shape = torch.Size([3])
alive: 2856228, pruned : 152639, total: 3008867, Compression rate :       1.05x  (  5.07% pruned)
Initial PSNR of output image is:  12.058402288199524
epoch:  0 loss:  0.07011869549751282 PSNR:  12.058402288199524
epoch:  200 loss:  0.025271397083997726 PSNR:  17.890844645029006
epoch:  400 loss:  0.014128034934401512 PSNR:  23.17850354359566
epoch:  600 loss:  0.011610068380832672 PSNR:  26.325165795045137
epoch:  800 loss:  0.011137135326862335 PSNR:  27.096312470902404
epoch:  1000 loss:  0.010815458372235298 PSNR:  27.668706831362158
epoch:  1200 loss:  0.01026612427085638 PSNR:  28.862916926421505
epoch:  1400 loss:  0.010011430829763412 PSNR:  29.41200308044509
epoch:  1600 loss:  0.009866910055279732 PSNR:  29.401837740004517
epoch:  1800 loss:  0.009598972275853157 PSNR:  29.771593286309948
epoch:  2000 loss:  0.009451714344322681 PSNR:  29.696806005361868
epoch:  2200 loss:  0.009317237883806229 PSNR:  29.553197417483243
epoch:  2400 loss:  0.009284879080951214 PSNR:  29.034339820413454
epoch:  2600 loss:  0.00907152146100998 PSNR:  28.91351307196188
epoch:  2800 loss:  0.008897382766008377 PSNR:  28.761109476039813
epoch:  3000 loss:  0.008747309446334839 PSNR:  28.478550521435388
epoch:  3200 loss:  0.00866970419883728 PSNR:  27.916493230754543
epoch:  3400 loss:  0.008497867733240128 PSNR:  27.745303000831065
epoch:  3600 loss:  0.008454952389001846 PSNR:  27.505568022980835
epoch:  3800 loss:  0.008236594498157501 PSNR:  26.96871178650958
epoch:  4000 loss:  0.00814744085073471 PSNR:  26.853405234235957
epoch:  4200 loss:  0.007939580827951431 PSNR:  26.456617877275768
epoch:  4400 loss:  0.007701177150011063 PSNR:  26.35573738621311
epoch:  4600 loss:  0.007643829099833965 PSNR:  26.12726134658384
epoch:  4800 loss:  0.007480722852051258 PSNR:  25.96636889209669
epoch:  5000 loss:  0.007422040216624737 PSNR:  25.654934041301132
epoch:  5200 loss:  0.007352096494287252 PSNR:  25.52667284940831
epoch:  5400 loss:  0.007259509526193142 PSNR:  25.404732548435316
epoch:  5600 loss:  0.0070191784761846066 PSNR:  25.258604814253374
epoch:  5800 loss:  0.0069616688415408134 PSNR:  25.121457557322103
epoch:  6000 loss:  0.006835984066128731 PSNR:  25.021661204246605
epoch:  6200 loss:  0.0069424728862941265 PSNR:  24.778340081132093
epoch:  6400 loss:  0.006715772207826376 PSNR:  24.789803856626655
epoch:  6600 loss:  0.006699798163026571 PSNR:  24.79260686752921
epoch:  6800 loss:  0.0065480186603963375 PSNR:  24.49966547540115
epoch:  7000 loss:  0.0065334150567650795 PSNR:  24.637593826115616
epoch:  7200 loss:  0.006410905625671148 PSNR:  24.526928857517674
epoch:  7400 loss:  0.0064294408075511456 PSNR:  24.2776019716352
epoch:  7600 loss:  0.006364427041262388 PSNR:  24.358287738789027
epoch:  7800 loss:  0.006376634817570448 PSNR:  24.35989311128253
epoch:  8000 loss:  0.0062620984390378 PSNR:  24.22649854420152
epoch:  8200 loss:  0.006193454377353191 PSNR:  24.2486864495191
epoch:  8400 loss:  0.0061945198103785515 PSNR:  24.070182781219607
epoch:  8600 loss:  0.0061360555700957775 PSNR:  24.11859146024323
epoch:  8800 loss:  0.006082143634557724 PSNR:  24.06556527216192
epoch:  9000 loss:  0.00603797473013401 PSNR:  24.0289351707576
epoch:  9200 loss:  0.005953792482614517 PSNR:  23.932285743198456
epoch:  9400 loss:  0.006055515259504318 PSNR:  23.938437219459566
epoch:  9600 loss:  0.005945469252765179 PSNR:  23.916830394612578
epoch:  9800 loss:  0.005844516213983297 PSNR:  23.853151366727015
epoch:  10000 loss:  0.0059034740552306175 PSNR:  23.87328045054194
epoch:  10200 loss:  0.005937063600867987 PSNR:  23.695741440215237
epoch:  10400 loss:  0.005795210134238005 PSNR:  23.831163955636384
epoch:  10600 loss:  0.005777367856353521 PSNR:  23.7390117070853
epoch:  10800 loss:  0.005791801027953625 PSNR:  23.71396222223217
epoch:  11000 loss:  0.005796396639198065 PSNR:  23.691397511362425
epoch:  11200 loss:  0.005772716365754604 PSNR:  23.624935155451368
epoch:  11400 loss:  0.005673089995980263 PSNR:  23.58947781821997
epoch:  11600 loss:  0.00571862980723381 PSNR:  23.582008294494816
epoch:  11800 loss:  0.005698792170733213 PSNR:  23.597516160210613
epoch:  12000 loss:  0.005593817215412855 PSNR:  23.581387311908145
epoch:  12200 loss:  0.005622182972729206 PSNR:  23.569087207351707
epoch:  12400 loss:  0.005656400229781866 PSNR:  23.487452920818875
epoch:  12600 loss:  0.005521188955754042 PSNR:  23.49950940495987
epoch:  12800 loss:  0.005545067600905895 PSNR:  23.541953371567942
epoch:  13000 loss:  0.005522510968148708 PSNR:  23.468125421421586
epoch:  13200 loss:  0.005642835982143879 PSNR:  23.28863843209139
epoch:  13400 loss:  0.005500802304595709 PSNR:  23.44969000207202
epoch:  13600 loss:  0.005546683445572853 PSNR:  23.415838769235094
epoch:  13800 loss:  0.0055458564311265945 PSNR:  23.31593960853626
epoch:  14000 loss:  0.00543425977230072 PSNR:  23.418802637999732
epoch:  14200 loss:  0.005356079898774624 PSNR:  23.410089634166376
epoch:  14400 loss:  0.005385426338762045 PSNR:  23.379623903058317
epoch:  14600 loss:  0.005446275230497122 PSNR:  23.313173734748208
epoch:  14800 loss:  0.005388104356825352 PSNR:  23.3019393022324
epoch:  15000 loss:  0.005373985972255468 PSNR:  23.346794939023447
epoch:  15200 loss:  0.005335455294698477 PSNR:  23.37945435731652
epoch:  15400 loss:  0.005304077174514532 PSNR:  23.32171148227016
epoch:  15600 loss:  0.0053484318777918816 PSNR:  23.241825623851447
epoch:  15800 loss:  0.005249497946351767 PSNR:  23.236665745670415
epoch:  16000 loss:  0.005408402532339096 PSNR:  23.28678923427117
epoch:  16200 loss:  0.00526842987164855 PSNR:  23.294271027223022
epoch:  16400 loss:  0.005273677408695221 PSNR:  23.27271831521277
epoch:  16600 loss:  0.005257622338831425 PSNR:  23.226013698570974
epoch:  16800 loss:  0.005228064022958279 PSNR:  23.2082985016131
epoch:  17000 loss:  0.005391839426010847 PSNR:  23.055031057702898
epoch:  17200 loss:  0.0053449226543307304 PSNR:  23.098015593272933
epoch:  17400 loss:  0.005206223111599684 PSNR:  23.250443844265032
epoch:  17600 loss:  0.005255497060716152 PSNR:  23.12243835859472
epoch:  17800 loss:  0.005123423412442207 PSNR:  23.182411261450525
epoch:  18000 loss:  0.005257779266685247 PSNR:  23.255465354044496
epoch:  18200 loss:  0.005210197996348143 PSNR:  23.238708953161083
epoch:  18400 loss:  0.005122012458741665 PSNR:  23.20390814365307
epoch:  18600 loss:  0.0052036745473742485 PSNR:  23.113674649869445
epoch:  18800 loss:  0.0051648556254804134 PSNR:  23.109893430744194
epoch:  19000 loss:  0.005167266353964806 PSNR:  23.108834102186755
epoch:  19200 loss:  0.005151262506842613 PSNR:  23.12381521809789
epoch:  19400 loss:  0.005148706957697868 PSNR:  23.139268057264573
epoch:  19600 loss:  0.005138366483151913 PSNR:  23.078083535847085
epoch:  19800 loss:  0.005097425542771816 PSNR:  23.124722961161485
epoch:  20000 loss:  0.005067060701549053 PSNR:  23.112030529631404
epoch:  20200 loss:  0.005128518678247929 PSNR:  23.12913065787876
epoch:  20400 loss:  0.005079782567918301 PSNR:  23.12286338839709
epoch:  20600 loss:  0.00508581567555666 PSNR:  23.055501439273975
epoch:  20800 loss:  0.00503686536103487 PSNR:  23.06532257774486
epoch:  21000 loss:  0.005048410966992378 PSNR:  23.067063586414264
epoch:  21200 loss:  0.005103067494928837 PSNR:  23.05714672238824
epoch:  21400 loss:  0.0050977314822375774 PSNR:  22.929507011204855
epoch:  21600 loss:  0.005117547698318958 PSNR:  22.989127490927604
epoch:  21800 loss:  0.005041507072746754 PSNR:  23.068766146149166
epoch:  22000 loss:  0.005084040574729443 PSNR:  23.04832670719569
epoch:  22200 loss:  0.005003712140023708 PSNR:  23.032157285295234
epoch:  22400 loss:  0.005010634195059538 PSNR:  23.03325590164672
epoch:  22600 loss:  0.005001992918550968 PSNR:  23.016872841720453
epoch:  22800 loss:  0.005026134196668863 PSNR:  22.949406523393904
epoch:  23000 loss:  0.00500588770955801 PSNR:  22.966123446178962
epoch:  23200 loss:  0.005006534978747368 PSNR:  22.94918773854834
epoch:  23400 loss:  0.005005263723433018 PSNR:  22.9611422356191
epoch:  23600 loss:  0.004995446652173996 PSNR:  22.99502400614253
epoch:  23800 loss:  0.004919056780636311 PSNR:  22.99295966289351
epoch:  24000 loss:  0.004969447385519743 PSNR:  22.950045114048294
epoch:  24200 loss:  0.005003554746508598 PSNR:  22.88075110495603
epoch:  24400 loss:  0.005002778023481369 PSNR:  22.881403611390336
epoch:  24600 loss:  0.0048932344652712345 PSNR:  22.986274375960836
epoch:  24800 loss:  0.004914692137390375 PSNR:  22.927466716215346
epoch:  25000 loss:  0.004925788380205631 PSNR:  22.877451785410177
epoch:  25200 loss:  0.004947533831000328 PSNR:  22.895088528240926
epoch:  25400 loss:  0.004980018362402916 PSNR:  22.897142087809872
epoch:  25600 loss:  0.004889486823230982 PSNR:  22.92935657728397
epoch:  25800 loss:  0.004947551526129246 PSNR:  22.95536413652798
epoch:  26000 loss:  0.004915628116577864 PSNR:  22.965568702016007
epoch:  26200 loss:  0.004899567924439907 PSNR:  22.89595770057754
epoch:  26400 loss:  0.004836720414459705 PSNR:  22.96528037691498
epoch:  26600 loss:  0.004895106889307499 PSNR:  22.897068429438406
epoch:  26800 loss:  0.00487552210688591 PSNR:  22.93482111411976
epoch:  27000 loss:  0.004915335681289434 PSNR:  22.951785101675878
epoch:  27200 loss:  0.0048933327198028564 PSNR:  22.864183368825948
epoch:  27400 loss:  0.004882252309471369 PSNR:  22.856604449709927
epoch:  27600 loss:  0.004832428880035877 PSNR:  22.924818182189092
epoch:  27800 loss:  0.004901000764220953 PSNR:  22.823943313325618
epoch:  28000 loss:  0.004817997105419636 PSNR:  22.912990440089747
epoch:  28200 loss:  0.004901021718978882 PSNR:  22.881337000189106
epoch:  28400 loss:  0.0048643844202160835 PSNR:  22.830544383908634
epoch:  28600 loss:  0.004873727913945913 PSNR:  22.84454272015576
epoch:  28800 loss:  0.004821001552045345 PSNR:  22.894496374163595
epoch:  29000 loss:  0.004794363863766193 PSNR:  22.89850218994633
epoch:  29200 loss:  0.004909876734018326 PSNR:  22.849268764028032
epoch:  29400 loss:  0.0048726946115493774 PSNR:  22.7964195446295
epoch:  29600 loss:  0.004884913098067045 PSNR:  22.830724550146762
epoch:  29800 loss:  0.004776906222105026 PSNR:  22.867160121466455
epoch:  30000 loss:  0.004856213927268982 PSNR:  22.821862690444288
epoch:  30200 loss:  0.0047948360443115234 PSNR:  22.869468210614542
epoch:  30400 loss:  0.0049264151602983475 PSNR:  22.750573208510815
epoch:  30600 loss:  0.004788010846823454 PSNR:  22.847068731123326
epoch:  30800 loss:  0.004783438518643379 PSNR:  22.83565777920868
epoch:  31000 loss:  0.0048983050510287285 PSNR:  22.808001468263033
epoch:  31200 loss:  0.00479301530867815 PSNR:  22.87091715918844
epoch:  31400 loss:  0.004799890331923962 PSNR:  22.802777534377547
epoch:  31600 loss:  0.0048077222891151905 PSNR:  22.87079102336836
epoch:  31800 loss:  0.004778890870511532 PSNR:  22.882817844739712
epoch:  32000 loss:  0.0047868965193629265 PSNR:  22.80535461619527
epoch:  32200 loss:  0.004720231052488089 PSNR:  22.82279445957557
epoch:  32400 loss:  0.004780178889632225 PSNR:  22.766858042671267
epoch:  32600 loss:  0.004757378250360489 PSNR:  22.788467457588737
epoch:  32800 loss:  0.004763767123222351 PSNR:  22.782407565903455
epoch:  33000 loss:  0.004796897992491722 PSNR:  22.792648215845585
epoch:  33200 loss:  0.004826911725103855 PSNR:  22.731729898255164
epoch:  33400 loss:  0.004745663609355688 PSNR:  22.788575607380142
epoch:  33600 loss:  0.004753614775836468 PSNR:  22.790541904352896
epoch:  33800 loss:  0.004793123807758093 PSNR:  22.786451367071013
epoch:  34000 loss:  0.004677849821746349 PSNR:  22.851418018901196
epoch:  34200 loss:  0.004788157530128956 PSNR:  22.765605343902365
epoch:  34400 loss:  0.004723815247416496 PSNR:  22.811902349235602
epoch:  34600 loss:  0.004751051310449839 PSNR:  22.77745224935923
epoch:  34800 loss:  0.004741295240819454 PSNR:  22.754819905220458
epoch:  35000 loss:  0.004694736562669277 PSNR:  22.775424915863773
epoch:  35200 loss:  0.00472982507199049 PSNR:  22.78350990559384
epoch:  35400 loss:  0.004760459065437317 PSNR:  22.782323741824698
epoch:  35600 loss:  0.004705952946096659 PSNR:  22.842703237215282
epoch:  35800 loss:  0.004702233709394932 PSNR:  22.738522941096253
epoch:  36000 loss:  0.004665708635002375 PSNR:  22.794603455655338
epoch:  36200 loss:  0.0046539949253201485 PSNR:  22.749878921870366
epoch:  36400 loss:  0.004692954942584038 PSNR:  22.723922587816546
epoch:  36600 loss:  0.004707811400294304 PSNR:  22.757659418563613
epoch:  36800 loss:  0.00467773899435997 PSNR:  22.71865006847086
epoch:  37000 loss:  0.004680674988776445 PSNR:  22.741800234192894
epoch:  37200 loss:  0.004777217749506235 PSNR:  22.717089339276445
epoch:  37400 loss:  0.004695530980825424 PSNR:  22.75705779984362
epoch:  37600 loss:  0.004702060483396053 PSNR:  22.713701303411625
epoch:  37800 loss:  0.0046800849959254265 PSNR:  22.78644044018568
epoch:  38000 loss:  0.00464808102697134 PSNR:  22.736728196488748
epoch:  38200 loss:  0.004752173088490963 PSNR:  22.696038089327708
epoch:  38400 loss:  0.0046997033059597015 PSNR:  22.734451007538105
epoch:  38600 loss:  0.0046982173807919025 PSNR:  22.72585289592717
epoch:  38800 loss:  0.004649054259061813 PSNR:  22.763230675157708
epoch:  39000 loss:  0.004636034369468689 PSNR:  22.74927218920474
epoch:  39200 loss:  0.004653128795325756 PSNR:  22.740469404392528
epoch:  39400 loss:  0.004613297060132027 PSNR:  22.763448053227044
epoch:  39600 loss:  0.004647711291909218 PSNR:  22.725663174454724
epoch:  39800 loss:  0.004627041518688202 PSNR:  22.73043335505017
Output directory: data/denoising/Set14/mask/6/pai/grasp_local/sparse_0.95
PSNR of output image is:  22.73043335505017
(3, 512, 512) (1, 3, 512, 512) (3, 512, 512)
Experiment done
