Starting random mask  training on 6 using ADAM(sigma=0.1,lr=0.01,decay=0,beta=0)
Noisy PSNR is '20.09451861061743'
Pruning with threshold : 0.019777819514274597
1.1.1.weight         | nonzeros =    5638 /   12800             ( 44.05%) | total_pruned =    7162 | shape = torch.Size([16, 32, 5, 5])
1.1.1.bias           | nonzeros =       8 /      16             ( 50.00%) | total_pruned =       8 | shape = torch.Size([16])
1.2.weight           | nonzeros =      16 /      16             (100.00%) | total_pruned =       0 | shape = torch.Size([16])
1.2.bias             | nonzeros =       0 /      16             (  0.00%) | total_pruned =      16 | shape = torch.Size([16])
1.4.1.weight         | nonzeros =    3785 /    6400             ( 59.14%) | total_pruned =    2615 | shape = torch.Size([16, 16, 5, 5])
1.4.1.bias           | nonzeros =       8 /      16             ( 50.00%) | total_pruned =       8 | shape = torch.Size([16])
1.5.weight           | nonzeros =      16 /      16             (100.00%) | total_pruned =       0 | shape = torch.Size([16])
1.5.bias             | nonzeros =       0 /      16             (  0.00%) | total_pruned =      16 | shape = torch.Size([16])
1.7.1.1.1.weight     | nonzeros =    7689 /   12800             ( 60.07%) | total_pruned =    5111 | shape = torch.Size([32, 16, 5, 5])
1.7.1.1.1.bias       | nonzeros =      24 /      32             ( 75.00%) | total_pruned =       8 | shape = torch.Size([32])
1.7.1.2.weight       | nonzeros =      32 /      32             (100.00%) | total_pruned =       0 | shape = torch.Size([32])
1.7.1.2.bias         | nonzeros =       0 /      32             (  0.00%) | total_pruned =      32 | shape = torch.Size([32])
1.7.1.4.1.weight     | nonzeros =   11181 /   25600             ( 43.68%) | total_pruned =   14419 | shape = torch.Size([32, 32, 5, 5])
1.7.1.4.1.bias       | nonzeros =      19 /      32             ( 59.38%) | total_pruned =      13 | shape = torch.Size([32])
1.7.1.5.weight       | nonzeros =      32 /      32             (100.00%) | total_pruned =       0 | shape = torch.Size([32])
1.7.1.5.bias         | nonzeros =       0 /      32             (  0.00%) | total_pruned =      32 | shape = torch.Size([32])
1.7.1.7.1.1.1.weight | nonzeros =   22753 /   51200             ( 44.44%) | total_pruned =   28447 | shape = torch.Size([64, 32, 5, 5])
1.7.1.7.1.1.1.bias   | nonzeros =      29 /      64             ( 45.31%) | total_pruned =      35 | shape = torch.Size([64])
1.7.1.7.1.2.weight   | nonzeros =      64 /      64             (100.00%) | total_pruned =       0 | shape = torch.Size([64])
1.7.1.7.1.2.bias     | nonzeros =       0 /      64             (  0.00%) | total_pruned =      64 | shape = torch.Size([64])
1.7.1.7.1.4.1.weight | nonzeros =   21522 /  102400             ( 21.02%) | total_pruned =   80878 | shape = torch.Size([64, 64, 5, 5])
1.7.1.7.1.4.1.bias   | nonzeros =      13 /      64             ( 20.31%) | total_pruned =      51 | shape = torch.Size([64])
1.7.1.7.1.5.weight   | nonzeros =      64 /      64             (100.00%) | total_pruned =       0 | shape = torch.Size([64])
1.7.1.7.1.5.bias     | nonzeros =       0 /      64             (  0.00%) | total_pruned =      64 | shape = torch.Size([64])
1.7.1.7.1.7.1.1.1.weight | nonzeros =   43056 /  204800             ( 21.02%) | total_pruned =  161744 | shape = torch.Size([128, 64, 5, 5])
1.7.1.7.1.7.1.1.1.bias | nonzeros =      24 /     128             ( 18.75%) | total_pruned =     104 | shape = torch.Size([128])
1.7.1.7.1.7.1.2.weight | nonzeros =     128 /     128             (100.00%) | total_pruned =       0 | shape = torch.Size([128])
1.7.1.7.1.7.1.2.bias | nonzeros =       0 /     128             (  0.00%) | total_pruned =     128 | shape = torch.Size([128])
1.7.1.7.1.7.1.4.1.weight | nonzeros =       0 /  409600             (  0.00%) | total_pruned =  409600 | shape = torch.Size([128, 128, 5, 5])
1.7.1.7.1.7.1.4.1.bias | nonzeros =       0 /     128             (  0.00%) | total_pruned =     128 | shape = torch.Size([128])
1.7.1.7.1.7.1.5.weight | nonzeros =     128 /     128             (100.00%) | total_pruned =       0 | shape = torch.Size([128])
1.7.1.7.1.7.1.5.bias | nonzeros =       0 /     128             (  0.00%) | total_pruned =     128 | shape = torch.Size([128])
1.7.1.7.1.7.1.7.1.1.1.weight | nonzeros =       0 /  409600             (  0.00%) | total_pruned =  409600 | shape = torch.Size([128, 128, 5, 5])
1.7.1.7.1.7.1.7.1.1.1.bias | nonzeros =       0 /     128             (  0.00%) | total_pruned =     128 | shape = torch.Size([128])
1.7.1.7.1.7.1.7.1.2.weight | nonzeros =     128 /     128             (100.00%) | total_pruned =       0 | shape = torch.Size([128])
1.7.1.7.1.7.1.7.1.2.bias | nonzeros =       0 /     128             (  0.00%) | total_pruned =     128 | shape = torch.Size([128])
1.7.1.7.1.7.1.7.1.4.1.weight | nonzeros =       0 /  409600             (  0.00%) | total_pruned =  409600 | shape = torch.Size([128, 128, 5, 5])
1.7.1.7.1.7.1.7.1.4.1.bias | nonzeros =       0 /     128             (  0.00%) | total_pruned =     128 | shape = torch.Size([128])
1.7.1.7.1.7.1.7.1.5.weight | nonzeros =     128 /     128             (100.00%) | total_pruned =       0 | shape = torch.Size([128])
1.7.1.7.1.7.1.7.1.5.bias | nonzeros =       0 /     128             (  0.00%) | total_pruned =     128 | shape = torch.Size([128])
1.7.1.7.1.7.1.7.1.7.1.1.1.weight | nonzeros =       0 /  409600             (  0.00%) | total_pruned =  409600 | shape = torch.Size([128, 128, 5, 5])
1.7.1.7.1.7.1.7.1.7.1.1.1.bias | nonzeros =       0 /     128             (  0.00%) | total_pruned =     128 | shape = torch.Size([128])
1.7.1.7.1.7.1.7.1.7.1.2.weight | nonzeros =     128 /     128             (100.00%) | total_pruned =       0 | shape = torch.Size([128])
1.7.1.7.1.7.1.7.1.7.1.2.bias | nonzeros =       0 /     128             (  0.00%) | total_pruned =     128 | shape = torch.Size([128])
1.7.1.7.1.7.1.7.1.7.1.4.1.weight | nonzeros =       0 /  409600             (  0.00%) | total_pruned =  409600 | shape = torch.Size([128, 128, 5, 5])
1.7.1.7.1.7.1.7.1.7.1.4.1.bias | nonzeros =       0 /     128             (  0.00%) | total_pruned =     128 | shape = torch.Size([128])
1.7.1.7.1.7.1.7.1.7.1.5.weight | nonzeros =     128 /     128             (100.00%) | total_pruned =       0 | shape = torch.Size([128])
1.7.1.7.1.7.1.7.1.7.1.5.bias | nonzeros =       0 /     128             (  0.00%) | total_pruned =     128 | shape = torch.Size([128])
1.7.1.7.1.7.1.7.1.7.2.weight | nonzeros =     128 /     128             (100.00%) | total_pruned =       0 | shape = torch.Size([128])
1.7.1.7.1.7.1.7.1.7.2.bias | nonzeros =       0 /     128             (  0.00%) | total_pruned =     128 | shape = torch.Size([128])
1.7.1.7.1.7.1.7.1.7.3.1.weight | nonzeros =   48528 /  147456             ( 32.91%) | total_pruned =   98928 | shape = torch.Size([128, 128, 3, 3])
1.7.1.7.1.7.1.7.1.7.3.1.bias | nonzeros =      50 /     128             ( 39.06%) | total_pruned =      78 | shape = torch.Size([128])
1.7.1.7.1.7.1.7.1.7.4.weight | nonzeros =     128 /     128             (100.00%) | total_pruned =       0 | shape = torch.Size([128])
1.7.1.7.1.7.1.7.1.7.4.bias | nonzeros =       0 /     128             (  0.00%) | total_pruned =     128 | shape = torch.Size([128])
1.7.1.7.1.7.1.7.2.weight | nonzeros =     128 /     128             (100.00%) | total_pruned =       0 | shape = torch.Size([128])
1.7.1.7.1.7.1.7.2.bias | nonzeros =       0 /     128             (  0.00%) | total_pruned =     128 | shape = torch.Size([128])
1.7.1.7.1.7.1.7.3.1.weight | nonzeros =   48528 /  147456             ( 32.91%) | total_pruned =   98928 | shape = torch.Size([128, 128, 3, 3])
1.7.1.7.1.7.1.7.3.1.bias | nonzeros =      49 /     128             ( 38.28%) | total_pruned =      79 | shape = torch.Size([128])
1.7.1.7.1.7.1.7.4.weight | nonzeros =     128 /     128             (100.00%) | total_pruned =       0 | shape = torch.Size([128])
1.7.1.7.1.7.1.7.4.bias | nonzeros =       0 /     128             (  0.00%) | total_pruned =     128 | shape = torch.Size([128])
1.7.1.7.1.7.2.weight | nonzeros =     128 /     128             (100.00%) | total_pruned =       0 | shape = torch.Size([128])
1.7.1.7.1.7.2.bias   | nonzeros =       0 /     128             (  0.00%) | total_pruned =     128 | shape = torch.Size([128])
1.7.1.7.1.7.3.1.weight | nonzeros =   48587 /  147456             ( 32.95%) | total_pruned =   98869 | shape = torch.Size([128, 128, 3, 3])
1.7.1.7.1.7.3.1.bias | nonzeros =      37 /     128             ( 28.91%) | total_pruned =      91 | shape = torch.Size([128])
1.7.1.7.1.7.4.weight | nonzeros =     128 /     128             (100.00%) | total_pruned =       0 | shape = torch.Size([128])
1.7.1.7.1.7.4.bias   | nonzeros =       0 /     128             (  0.00%) | total_pruned =     128 | shape = torch.Size([128])
1.7.1.7.2.weight     | nonzeros =     128 /     128             (100.00%) | total_pruned =       0 | shape = torch.Size([128])
1.7.1.7.2.bias       | nonzeros =       0 /     128             (  0.00%) | total_pruned =     128 | shape = torch.Size([128])
1.7.1.7.3.1.weight   | nonzeros =   24259 /   73728             ( 32.90%) | total_pruned =   49469 | shape = torch.Size([64, 128, 3, 3])
1.7.1.7.3.1.bias     | nonzeros =      18 /      64             ( 28.12%) | total_pruned =      46 | shape = torch.Size([64])
1.7.1.7.4.weight     | nonzeros =      64 /      64             (100.00%) | total_pruned =       0 | shape = torch.Size([64])
1.7.1.7.4.bias       | nonzeros =       0 /      64             (  0.00%) | total_pruned =      64 | shape = torch.Size([64])
1.7.2.weight         | nonzeros =      64 /      64             (100.00%) | total_pruned =       0 | shape = torch.Size([64])
1.7.2.bias           | nonzeros =       0 /      64             (  0.00%) | total_pruned =      64 | shape = torch.Size([64])
1.7.3.1.weight       | nonzeros =    9635 /   18432             ( 52.27%) | total_pruned =    8797 | shape = torch.Size([32, 64, 3, 3])
1.7.3.1.bias         | nonzeros =      16 /      32             ( 50.00%) | total_pruned =      16 | shape = torch.Size([32])
1.7.4.weight         | nonzeros =      32 /      32             (100.00%) | total_pruned =       0 | shape = torch.Size([32])
1.7.4.bias           | nonzeros =       0 /      32             (  0.00%) | total_pruned =      32 | shape = torch.Size([32])
2.weight             | nonzeros =      32 /      32             (100.00%) | total_pruned =       0 | shape = torch.Size([32])
2.bias               | nonzeros =       0 /      32             (  0.00%) | total_pruned =      32 | shape = torch.Size([32])
3.1.weight           | nonzeros =    3072 /    4608             ( 66.67%) | total_pruned =    1536 | shape = torch.Size([16, 32, 3, 3])
3.1.bias             | nonzeros =       9 /      16             ( 56.25%) | total_pruned =       7 | shape = torch.Size([16])
4.weight             | nonzeros =      16 /      16             (100.00%) | total_pruned =       0 | shape = torch.Size([16])
4.bias               | nonzeros =       0 /      16             (  0.00%) | total_pruned =      16 | shape = torch.Size([16])
6.1.weight           | nonzeros =      42 /      48             ( 87.50%) | total_pruned =       6 | shape = torch.Size([3, 16, 1, 1])
6.1.bias             | nonzeros =       3 /       3             (100.00%) | total_pruned =       0 | shape = torch.Size([3])
alive: 300678, pruned : 2708189, total: 3008867, Compression rate :      10.01x  ( 90.01% pruned)
Initial PSNR of output image is:  11.508110708148237
epoch:  0 loss:  0.07830777764320374 PSNR:  11.508110708148237
epoch:  200 loss:  0.043893299996852875 PSNR:  14.515322010883253
epoch:  400 loss:  0.04383146017789841 PSNR:  14.525145236210408
epoch:  600 loss:  0.04383144900202751 PSNR:  14.52516946338837
epoch:  800 loss:  0.04383144900202751 PSNR:  14.52516946338837
epoch:  1000 loss:  0.04383144900202751 PSNR:  14.52516946338837
epoch:  1200 loss:  0.04383144900202751 PSNR:  14.52516946338837
epoch:  1400 loss:  0.04383144900202751 PSNR:  14.52516946338837
epoch:  1600 loss:  0.04383144900202751 PSNR:  14.52516946338837
epoch:  1800 loss:  0.04383144900202751 PSNR:  14.525168997479824
epoch:  2000 loss:  0.04383144900202751 PSNR:  14.525168997479824
epoch:  2200 loss:  0.04383144900202751 PSNR:  14.525168997479824
epoch:  2400 loss:  0.04383144900202751 PSNR:  14.525168997479824
epoch:  2600 loss:  0.04383144900202751 PSNR:  14.525168997479824
epoch:  2800 loss:  0.04383144900202751 PSNR:  14.525168997479824
epoch:  3000 loss:  0.04383144900202751 PSNR:  14.525168531571333
epoch:  3200 loss:  0.04383144900202751 PSNR:  14.525168531571333
epoch:  3400 loss:  0.04383144900202751 PSNR:  14.525168531571333
epoch:  3600 loss:  0.04383144900202751 PSNR:  14.525168531571333
epoch:  3800 loss:  0.04383144900202751 PSNR:  14.525168997479824
epoch:  4000 loss:  0.04383144900202751 PSNR:  14.525168531571333
epoch:  4200 loss:  0.04383144900202751 PSNR:  14.525168531571333
epoch:  4400 loss:  0.04383144900202751 PSNR:  14.525168997479824
epoch:  4600 loss:  0.04383144900202751 PSNR:  14.525168531571333
epoch:  4800 loss:  0.04383144900202751 PSNR:  14.525168531571333
epoch:  5000 loss:  0.04383144900202751 PSNR:  14.525168531571333
epoch:  5200 loss:  0.04383144900202751 PSNR:  14.525168997479824
epoch:  5400 loss:  0.04383144900202751 PSNR:  14.525168531571333
epoch:  5600 loss:  0.04383144900202751 PSNR:  14.525168997479824
epoch:  5800 loss:  0.04383144900202751 PSNR:  14.525168997479824
epoch:  6000 loss:  0.04383144900202751 PSNR:  14.525168997479824
epoch:  6200 loss:  0.04383144900202751 PSNR:  14.525168531571333
epoch:  6400 loss:  0.04383144900202751 PSNR:  14.525168997479824
epoch:  6600 loss:  0.04383144900202751 PSNR:  14.525168997479824
epoch:  6800 loss:  0.04383144900202751 PSNR:  14.525168531571333
epoch:  7000 loss:  0.04383144900202751 PSNR:  14.525168531571333
epoch:  7200 loss:  0.04383144900202751 PSNR:  14.525168531571333
epoch:  7400 loss:  0.04383144900202751 PSNR:  14.525168531571333
epoch:  7600 loss:  0.04383144900202751 PSNR:  14.525168531571333
epoch:  7800 loss:  0.04383144900202751 PSNR:  14.525168531571333
epoch:  8000 loss:  0.04383144900202751 PSNR:  14.525168531571333
epoch:  8200 loss:  0.04383144900202751 PSNR:  14.525168997479824
epoch:  8400 loss:  0.04383144900202751 PSNR:  14.525167599754496
epoch:  8600 loss:  0.04383144900202751 PSNR:  14.525167599754496
epoch:  8800 loss:  0.04383144900202751 PSNR:  14.525168531571333
epoch:  9000 loss:  0.04383144900202751 PSNR:  14.525168997479824
epoch:  9200 loss:  0.04383145272731781 PSNR:  14.525168531571333
epoch:  9400 loss:  0.04383145272731781 PSNR:  14.525168997479824
epoch:  9600 loss:  0.04383144900202751 PSNR:  14.525168531571333
epoch:  9800 loss:  0.04383144900202751 PSNR:  14.525168531571333
epoch:  10000 loss:  0.04383144900202751 PSNR:  14.525168997479824
epoch:  10200 loss:  0.04383144900202751 PSNR:  14.525168997479824
epoch:  10400 loss:  0.04383144900202751 PSNR:  14.525168531571333
epoch:  10600 loss:  0.04383144900202751 PSNR:  14.525168531571333
epoch:  10800 loss:  0.04383144900202751 PSNR:  14.525168997479824
epoch:  11000 loss:  0.04383144900202751 PSNR:  14.52516946338837
epoch:  11200 loss:  0.04383145272731781 PSNR:  14.52516946338837
epoch:  11400 loss:  0.04383145272731781 PSNR:  14.525168997479824
epoch:  11600 loss:  0.04383144900202751 PSNR:  14.525168997479824
epoch:  11800 loss:  0.04383144900202751 PSNR:  14.525168997479824
epoch:  12000 loss:  0.04383144900202751 PSNR:  14.525168531571333
epoch:  12200 loss:  0.04383144900202751 PSNR:  14.525168531571333
epoch:  12400 loss:  0.04383144900202751 PSNR:  14.525167599754496
epoch:  12600 loss:  0.04383145272731781 PSNR:  14.525162008857679
epoch:  12800 loss:  0.04383145272731781 PSNR:  14.525168531571333
epoch:  13000 loss:  0.04383144900202751 PSNR:  14.525168531571333
epoch:  13200 loss:  0.04383145272731781 PSNR:  14.525164804305188
epoch:  13400 loss:  0.04383144900202751 PSNR:  14.52516946338837
epoch:  13600 loss:  0.04383145272731781 PSNR:  14.525168997479824
epoch:  13800 loss:  0.04383144900202751 PSNR:  14.525170395205604
epoch:  14000 loss:  0.04383144900202751 PSNR:  14.525168997479824
epoch:  14200 loss:  0.04383144900202751 PSNR:  14.525168531571333
epoch:  14400 loss:  0.04383145272731781 PSNR:  14.525165736121423
epoch:  14600 loss:  0.04383144900202751 PSNR:  14.52516527021328
epoch:  14800 loss:  0.04383144900202751 PSNR:  14.525171792931834
epoch:  15000 loss:  0.04383145272731781 PSNR:  14.525175054294783
epoch:  15200 loss:  0.04383144900202751 PSNR:  14.525167599754496
epoch:  15400 loss:  0.04383144900202751 PSNR:  14.525170395205604
epoch:  15600 loss:  0.04383144900202751 PSNR:  14.52516946338837
epoch:  15800 loss:  0.04383145272731781 PSNR:  14.52516946338837
epoch:  16000 loss:  0.04383144900202751 PSNR:  14.525168997479824
epoch:  16200 loss:  0.04383144900202751 PSNR:  14.525170395205604
epoch:  16400 loss:  0.04383144900202751 PSNR:  14.525168531571333
epoch:  16600 loss:  0.04383144900202751 PSNR:  14.525168997479824
epoch:  16800 loss:  0.04383145272731781 PSNR:  14.525168531571333
epoch:  17000 loss:  0.04383144900202751 PSNR:  14.52516946338837
epoch:  17200 loss:  0.04383144900202751 PSNR:  14.525170395205604
epoch:  17400 loss:  0.04383144900202751 PSNR:  14.525168997479824
epoch:  17600 loss:  0.04383144900202751 PSNR:  14.52516806566289
epoch:  17800 loss:  0.04383144900202751 PSNR:  14.525168531571333
epoch:  18000 loss:  0.04383144900202751 PSNR:  14.525166202029618
epoch:  18200 loss:  0.04383144900202751 PSNR:  14.525168531571333
epoch:  18400 loss:  0.04383145272731781 PSNR:  14.525167599754496
epoch:  18600 loss:  0.04383145272731781 PSNR:  14.52516946338837
epoch:  18800 loss:  0.04383146017789841 PSNR:  14.525175986113219
epoch:  19000 loss:  0.04383145272731781 PSNR:  14.52516387248915
epoch:  19200 loss:  0.04383144900202751 PSNR:  14.52516806566289
epoch:  19400 loss:  0.04383144900202751 PSNR:  14.525168531571333
epoch:  19600 loss:  0.04383144900202751 PSNR:  14.525174122476548
epoch:  19800 loss:  0.04383144900202751 PSNR:  14.525166202029618
epoch:  20000 loss:  0.04383144900202751 PSNR:  14.525161542949936
epoch:  20200 loss:  0.04383144900202751 PSNR:  14.525169929296961
epoch:  20400 loss:  0.04383144900202751 PSNR:  14.52516946338837
epoch:  20600 loss:  0.04383145272731781 PSNR:  14.525170861114297
epoch:  20800 loss:  0.04383144900202751 PSNR:  14.525167599754496
epoch:  21000 loss:  0.04383144900202751 PSNR:  14.52516806566289
epoch:  21200 loss:  0.04383144900202751 PSNR:  14.525168531571333
epoch:  21400 loss:  0.04383144900202751 PSNR:  14.525168997479824
epoch:  21600 loss:  0.04383144900202751 PSNR:  14.525170395205604
epoch:  21800 loss:  0.04383144900202751 PSNR:  14.525169929296961
epoch:  22000 loss:  0.04383145272731781 PSNR:  14.525168531571333
epoch:  22200 loss:  0.04383145272731781 PSNR:  14.52516946338837
epoch:  22400 loss:  0.04383144900202751 PSNR:  14.52516946338837
epoch:  22600 loss:  0.04383144900202751 PSNR:  14.525169929296961
epoch:  22800 loss:  0.04383145272731781 PSNR:  14.525168531571333
epoch:  23000 loss:  0.04383144900202751 PSNR:  14.52516946338837
epoch:  23200 loss:  0.043831467628479004 PSNR:  14.52518297475786
epoch:  23400 loss:  0.04383146017789841 PSNR:  14.525161077042242
epoch:  23600 loss:  0.04383144900202751 PSNR:  14.525171327023042
epoch:  23800 loss:  0.04383144900202751 PSNR:  14.52517272474957
epoch:  24000 loss:  0.04383145272731781 PSNR:  14.525178315660183
epoch:  24200 loss:  0.04383144900202751 PSNR:  14.525172258840676
epoch:  24400 loss:  0.04383144900202751 PSNR:  14.525168531571333
epoch:  24600 loss:  0.04383145272731781 PSNR:  14.52516666793786
epoch:  24800 loss:  0.04383146017789841 PSNR:  14.525168531571333
epoch:  25000 loss:  0.04383144900202751 PSNR:  14.525166202029618
epoch:  25200 loss:  0.04383145272731781 PSNR:  14.52516806566289
epoch:  25400 loss:  0.04383144900202751 PSNR:  14.525169929296961
epoch:  25600 loss:  0.04383146017789841 PSNR:  14.525168531571333
epoch:  25800 loss:  0.04383144900202751 PSNR:  14.525170395205604
epoch:  26000 loss:  0.04383145272731781 PSNR:  14.525168997479824
epoch:  26200 loss:  0.04383144900202751 PSNR:  14.525169929296961
epoch:  26400 loss:  0.04383144900202751 PSNR:  14.52516946338837
epoch:  26600 loss:  0.04383144900202751 PSNR:  14.52516946338837
epoch:  26800 loss:  0.04383144900202751 PSNR:  14.525170395205604
epoch:  27000 loss:  0.04383144900202751 PSNR:  14.52516946338837
epoch:  27200 loss:  0.04383144900202751 PSNR:  14.52516527021328
epoch:  27400 loss:  0.04383144900202751 PSNR:  14.525155020246778
epoch:  27600 loss:  0.04383144900202751 PSNR:  14.525170395205604
epoch:  27800 loss:  0.04383145272731781 PSNR:  14.525165736121423
epoch:  28000 loss:  0.04383144900202751 PSNR:  14.525168997479824
epoch:  28200 loss:  0.04383144900202751 PSNR:  14.525168531571333
epoch:  28400 loss:  0.04383145272731781 PSNR:  14.52516806566289
epoch:  28600 loss:  0.04383145272731781 PSNR:  14.525168531571333
epoch:  28800 loss:  0.04383145272731781 PSNR:  14.525180645208398
epoch:  29000 loss:  0.04383145272731781 PSNR:  14.52518530430857
epoch:  29200 loss:  0.0438314788043499 PSNR:  14.525209531710054
epoch:  29400 loss:  0.04383146017789841 PSNR:  14.525176917931855
epoch:  29600 loss:  0.04383144900202751 PSNR:  14.525169929296961
epoch:  29800 loss:  0.04383144900202751 PSNR:  14.525168531571333
epoch:  30000 loss:  0.04383144900202751 PSNR:  14.525168531571333
epoch:  30200 loss:  0.04383144900202751 PSNR:  14.525169929296961
epoch:  30400 loss:  0.04383144900202751 PSNR:  14.525168531571333
epoch:  30600 loss:  0.04383145272731781 PSNR:  14.525162008857679
epoch:  30800 loss:  0.04383144900202751 PSNR:  14.525167133846153
epoch:  31000 loss:  0.043831467628479004 PSNR:  14.525189031592308
epoch:  31200 loss:  0.04383146017789841 PSNR:  14.525184372488136
epoch:  31400 loss:  0.04383146017789841 PSNR:  14.525168531571333
epoch:  31600 loss:  0.04383144900202751 PSNR:  14.52516946338837
epoch:  31800 loss:  0.04383145272731781 PSNR:  14.525170395205604
epoch:  32000 loss:  0.043831467628479004 PSNR:  14.525134520386342
epoch:  32200 loss:  0.04383146017789841 PSNR:  14.525151758898872
epoch:  32400 loss:  0.04383146017789841 PSNR:  14.52514896345976
epoch:  32600 loss:  0.04383144900202751 PSNR:  14.525173190658512
epoch:  32800 loss:  0.04383144900202751 PSNR:  14.525169929296961
epoch:  33000 loss:  0.04383144900202751 PSNR:  14.525172258840676
epoch:  33200 loss:  0.04383144900202751 PSNR:  14.525172258840676
epoch:  33400 loss:  0.04383144900202751 PSNR:  14.525171792931834
epoch:  33600 loss:  0.04383144900202751 PSNR:  14.525164804305188
epoch:  33800 loss:  0.04383145272731781 PSNR:  14.525155020246778
epoch:  34000 loss:  0.04383144900202751 PSNR:  14.525167133846153
epoch:  34200 loss:  0.04383144900202751 PSNR:  14.525169929296961
epoch:  34400 loss:  0.04383144900202751 PSNR:  14.525170395205604
epoch:  34600 loss:  0.0438314788043499 PSNR:  14.525141043058714
epoch:  34800 loss:  0.04383144900202751 PSNR:  14.525171792931834
epoch:  35000 loss:  0.043831463903188705 PSNR:  14.525173190658512
epoch:  35200 loss:  0.04383145272731781 PSNR:  14.525180645208398
epoch:  35400 loss:  0.04383145272731781 PSNR:  14.525167599754496
epoch:  35600 loss:  0.04383145272731781 PSNR:  14.525175520203977
epoch:  35800 loss:  0.04383145272731781 PSNR:  14.52516946338837
epoch:  36000 loss:  0.04383144900202751 PSNR:  14.52516946338837
epoch:  36200 loss:  0.04383146017789841 PSNR:  14.525162474765471
epoch:  36400 loss:  0.04383144900202751 PSNR:  14.525168531571333
epoch:  36600 loss:  0.04383144900202751 PSNR:  14.525174122476548
epoch:  36800 loss:  0.04383144900202751 PSNR:  14.525167599754496
epoch:  37000 loss:  0.04383144900202751 PSNR:  14.525173656567505
epoch:  37200 loss:  0.04383145272731781 PSNR:  14.525175986113219
epoch:  37400 loss:  0.043831467628479004 PSNR:  14.525168997479824
epoch:  37600 loss:  0.04383146017789841 PSNR:  14.52517971338896
epoch:  37800 loss:  0.04383145272731781 PSNR:  14.525171327023042
epoch:  38000 loss:  0.04383144900202751 PSNR:  14.525170395205604
epoch:  38200 loss:  0.04383145272731781 PSNR:  14.525170395205604
epoch:  38400 loss:  0.04383144900202751 PSNR:  14.525170395205604
epoch:  38600 loss:  0.043831489980220795 PSNR:  14.525162940673315
epoch:  38800 loss:  0.04383146017789841 PSNR:  14.52517784975069
epoch:  39000 loss:  0.04383145272731781 PSNR:  14.525165736121423
epoch:  39200 loss:  0.043831463903188705 PSNR:  14.525175986113219
epoch:  39400 loss:  0.04383144900202751 PSNR:  14.525166202029618
epoch:  39600 loss:  0.04383145272731781 PSNR:  14.52516946338837
epoch:  39800 loss:  0.04383144900202751 PSNR:  14.525168997479824
Output directory: data/denoising/Set14/mask/6/pai/mag_global/sparse_0.9
PSNR of output image is:  14.525168997479824
(3, 512, 512) (1, 3, 512, 512) (3, 512, 512)
Experiment done
Starting random mask  training on 6 using ADAM(sigma=0.1,lr=0.01,decay=0,beta=0)
Noisy PSNR is '20.106236559627277'
Pruning with threshold : 0.019775673747062683
1.1.1.weight         | nonzeros =    5669 /   12800             ( 44.29%) | total_pruned =    7131 | shape = torch.Size([16, 32, 5, 5])
1.1.1.bias           | nonzeros =       5 /      16             ( 31.25%) | total_pruned =      11 | shape = torch.Size([16])
1.2.weight           | nonzeros =      16 /      16             (100.00%) | total_pruned =       0 | shape = torch.Size([16])
1.2.bias             | nonzeros =       0 /      16             (  0.00%) | total_pruned =      16 | shape = torch.Size([16])
1.4.1.weight         | nonzeros =    3853 /    6400             ( 60.20%) | total_pruned =    2547 | shape = torch.Size([16, 16, 5, 5])
1.4.1.bias           | nonzeros =       7 /      16             ( 43.75%) | total_pruned =       9 | shape = torch.Size([16])
1.5.weight           | nonzeros =      16 /      16             (100.00%) | total_pruned =       0 | shape = torch.Size([16])
1.5.bias             | nonzeros =       0 /      16             (  0.00%) | total_pruned =      16 | shape = torch.Size([16])
1.7.1.1.1.weight     | nonzeros =    7752 /   12800             ( 60.56%) | total_pruned =    5048 | shape = torch.Size([32, 16, 5, 5])
1.7.1.1.1.bias       | nonzeros =      17 /      32             ( 53.12%) | total_pruned =      15 | shape = torch.Size([32])
1.7.1.2.weight       | nonzeros =      32 /      32             (100.00%) | total_pruned =       0 | shape = torch.Size([32])
1.7.1.2.bias         | nonzeros =       0 /      32             (  0.00%) | total_pruned =      32 | shape = torch.Size([32])
1.7.1.4.1.weight     | nonzeros =   11280 /   25600             ( 44.06%) | total_pruned =   14320 | shape = torch.Size([32, 32, 5, 5])
1.7.1.4.1.bias       | nonzeros =      14 /      32             ( 43.75%) | total_pruned =      18 | shape = torch.Size([32])
1.7.1.5.weight       | nonzeros =      32 /      32             (100.00%) | total_pruned =       0 | shape = torch.Size([32])
1.7.1.5.bias         | nonzeros =       0 /      32             (  0.00%) | total_pruned =      32 | shape = torch.Size([32])
1.7.1.7.1.1.1.weight | nonzeros =   22654 /   51200             ( 44.25%) | total_pruned =   28546 | shape = torch.Size([64, 32, 5, 5])
1.7.1.7.1.1.1.bias   | nonzeros =      26 /      64             ( 40.62%) | total_pruned =      38 | shape = torch.Size([64])
1.7.1.7.1.2.weight   | nonzeros =      64 /      64             (100.00%) | total_pruned =       0 | shape = torch.Size([64])
1.7.1.7.1.2.bias     | nonzeros =       0 /      64             (  0.00%) | total_pruned =      64 | shape = torch.Size([64])
1.7.1.7.1.4.1.weight | nonzeros =   21579 /  102400             ( 21.07%) | total_pruned =   80821 | shape = torch.Size([64, 64, 5, 5])
1.7.1.7.1.4.1.bias   | nonzeros =      12 /      64             ( 18.75%) | total_pruned =      52 | shape = torch.Size([64])
1.7.1.7.1.5.weight   | nonzeros =      64 /      64             (100.00%) | total_pruned =       0 | shape = torch.Size([64])
1.7.1.7.1.5.bias     | nonzeros =       0 /      64             (  0.00%) | total_pruned =      64 | shape = torch.Size([64])
1.7.1.7.1.7.1.1.1.weight | nonzeros =   42597 /  204800             ( 20.80%) | total_pruned =  162203 | shape = torch.Size([128, 64, 5, 5])
1.7.1.7.1.7.1.1.1.bias | nonzeros =      25 /     128             ( 19.53%) | total_pruned =     103 | shape = torch.Size([128])
1.7.1.7.1.7.1.2.weight | nonzeros =     128 /     128             (100.00%) | total_pruned =       0 | shape = torch.Size([128])
1.7.1.7.1.7.1.2.bias | nonzeros =       0 /     128             (  0.00%) | total_pruned =     128 | shape = torch.Size([128])
1.7.1.7.1.7.1.4.1.weight | nonzeros =       0 /  409600             (  0.00%) | total_pruned =  409600 | shape = torch.Size([128, 128, 5, 5])
1.7.1.7.1.7.1.4.1.bias | nonzeros =       0 /     128             (  0.00%) | total_pruned =     128 | shape = torch.Size([128])
1.7.1.7.1.7.1.5.weight | nonzeros =     128 /     128             (100.00%) | total_pruned =       0 | shape = torch.Size([128])
1.7.1.7.1.7.1.5.bias | nonzeros =       0 /     128             (  0.00%) | total_pruned =     128 | shape = torch.Size([128])
1.7.1.7.1.7.1.7.1.1.1.weight | nonzeros =       0 /  409600             (  0.00%) | total_pruned =  409600 | shape = torch.Size([128, 128, 5, 5])
1.7.1.7.1.7.1.7.1.1.1.bias | nonzeros =       0 /     128             (  0.00%) | total_pruned =     128 | shape = torch.Size([128])
1.7.1.7.1.7.1.7.1.2.weight | nonzeros =     128 /     128             (100.00%) | total_pruned =       0 | shape = torch.Size([128])
1.7.1.7.1.7.1.7.1.2.bias | nonzeros =       0 /     128             (  0.00%) | total_pruned =     128 | shape = torch.Size([128])
1.7.1.7.1.7.1.7.1.4.1.weight | nonzeros =       0 /  409600             (  0.00%) | total_pruned =  409600 | shape = torch.Size([128, 128, 5, 5])
1.7.1.7.1.7.1.7.1.4.1.bias | nonzeros =       0 /     128             (  0.00%) | total_pruned =     128 | shape = torch.Size([128])
1.7.1.7.1.7.1.7.1.5.weight | nonzeros =     128 /     128             (100.00%) | total_pruned =       0 | shape = torch.Size([128])
1.7.1.7.1.7.1.7.1.5.bias | nonzeros =       0 /     128             (  0.00%) | total_pruned =     128 | shape = torch.Size([128])
1.7.1.7.1.7.1.7.1.7.1.1.1.weight | nonzeros =       0 /  409600             (  0.00%) | total_pruned =  409600 | shape = torch.Size([128, 128, 5, 5])
1.7.1.7.1.7.1.7.1.7.1.1.1.bias | nonzeros =       0 /     128             (  0.00%) | total_pruned =     128 | shape = torch.Size([128])
1.7.1.7.1.7.1.7.1.7.1.2.weight | nonzeros =     128 /     128             (100.00%) | total_pruned =       0 | shape = torch.Size([128])
1.7.1.7.1.7.1.7.1.7.1.2.bias | nonzeros =       0 /     128             (  0.00%) | total_pruned =     128 | shape = torch.Size([128])
1.7.1.7.1.7.1.7.1.7.1.4.1.weight | nonzeros =       0 /  409600             (  0.00%) | total_pruned =  409600 | shape = torch.Size([128, 128, 5, 5])
1.7.1.7.1.7.1.7.1.7.1.4.1.bias | nonzeros =       0 /     128             (  0.00%) | total_pruned =     128 | shape = torch.Size([128])
1.7.1.7.1.7.1.7.1.7.1.5.weight | nonzeros =     128 /     128             (100.00%) | total_pruned =       0 | shape = torch.Size([128])
1.7.1.7.1.7.1.7.1.7.1.5.bias | nonzeros =       0 /     128             (  0.00%) | total_pruned =     128 | shape = torch.Size([128])
1.7.1.7.1.7.1.7.1.7.2.weight | nonzeros =     128 /     128             (100.00%) | total_pruned =       0 | shape = torch.Size([128])
1.7.1.7.1.7.1.7.1.7.2.bias | nonzeros =       0 /     128             (  0.00%) | total_pruned =     128 | shape = torch.Size([128])
1.7.1.7.1.7.1.7.1.7.3.1.weight | nonzeros =   48738 /  147456             ( 33.05%) | total_pruned =   98718 | shape = torch.Size([128, 128, 3, 3])
1.7.1.7.1.7.1.7.1.7.3.1.bias | nonzeros =      34 /     128             ( 26.56%) | total_pruned =      94 | shape = torch.Size([128])
1.7.1.7.1.7.1.7.1.7.4.weight | nonzeros =     128 /     128             (100.00%) | total_pruned =       0 | shape = torch.Size([128])
1.7.1.7.1.7.1.7.1.7.4.bias | nonzeros =       0 /     128             (  0.00%) | total_pruned =     128 | shape = torch.Size([128])
1.7.1.7.1.7.1.7.2.weight | nonzeros =     128 /     128             (100.00%) | total_pruned =       0 | shape = torch.Size([128])
1.7.1.7.1.7.1.7.2.bias | nonzeros =       0 /     128             (  0.00%) | total_pruned =     128 | shape = torch.Size([128])
1.7.1.7.1.7.1.7.3.1.weight | nonzeros =   48780 /  147456             ( 33.08%) | total_pruned =   98676 | shape = torch.Size([128, 128, 3, 3])
1.7.1.7.1.7.1.7.3.1.bias | nonzeros =      43 /     128             ( 33.59%) | total_pruned =      85 | shape = torch.Size([128])
1.7.1.7.1.7.1.7.4.weight | nonzeros =     128 /     128             (100.00%) | total_pruned =       0 | shape = torch.Size([128])
1.7.1.7.1.7.1.7.4.bias | nonzeros =       0 /     128             (  0.00%) | total_pruned =     128 | shape = torch.Size([128])
1.7.1.7.1.7.2.weight | nonzeros =     128 /     128             (100.00%) | total_pruned =       0 | shape = torch.Size([128])
1.7.1.7.1.7.2.bias   | nonzeros =       0 /     128             (  0.00%) | total_pruned =     128 | shape = torch.Size([128])
1.7.1.7.1.7.3.1.weight | nonzeros =   48374 /  147456             ( 32.81%) | total_pruned =   99082 | shape = torch.Size([128, 128, 3, 3])
1.7.1.7.1.7.3.1.bias | nonzeros =      51 /     128             ( 39.84%) | total_pruned =      77 | shape = torch.Size([128])
1.7.1.7.1.7.4.weight | nonzeros =     128 /     128             (100.00%) | total_pruned =       0 | shape = torch.Size([128])
1.7.1.7.1.7.4.bias   | nonzeros =       0 /     128             (  0.00%) | total_pruned =     128 | shape = torch.Size([128])
1.7.1.7.2.weight     | nonzeros =     128 /     128             (100.00%) | total_pruned =       0 | shape = torch.Size([128])
1.7.1.7.2.bias       | nonzeros =       0 /     128             (  0.00%) | total_pruned =     128 | shape = torch.Size([128])
1.7.1.7.3.1.weight   | nonzeros =   24133 /   73728             ( 32.73%) | total_pruned =   49595 | shape = torch.Size([64, 128, 3, 3])
1.7.1.7.3.1.bias     | nonzeros =      20 /      64             ( 31.25%) | total_pruned =      44 | shape = torch.Size([64])
1.7.1.7.4.weight     | nonzeros =      64 /      64             (100.00%) | total_pruned =       0 | shape = torch.Size([64])
1.7.1.7.4.bias       | nonzeros =       0 /      64             (  0.00%) | total_pruned =      64 | shape = torch.Size([64])
1.7.2.weight         | nonzeros =      64 /      64             (100.00%) | total_pruned =       0 | shape = torch.Size([64])
1.7.2.bias           | nonzeros =       0 /      64             (  0.00%) | total_pruned =      64 | shape = torch.Size([64])
1.7.3.1.weight       | nonzeros =    9798 /   18432             ( 53.16%) | total_pruned =    8634 | shape = torch.Size([32, 64, 3, 3])
1.7.3.1.bias         | nonzeros =      16 /      32             ( 50.00%) | total_pruned =      16 | shape = torch.Size([32])
1.7.4.weight         | nonzeros =      32 /      32             (100.00%) | total_pruned =       0 | shape = torch.Size([32])
1.7.4.bias           | nonzeros =       0 /      32             (  0.00%) | total_pruned =      32 | shape = torch.Size([32])
2.weight             | nonzeros =      32 /      32             (100.00%) | total_pruned =       0 | shape = torch.Size([32])
2.bias               | nonzeros =       0 /      32             (  0.00%) | total_pruned =      32 | shape = torch.Size([32])
3.1.weight           | nonzeros =    3048 /    4608             ( 66.15%) | total_pruned =    1560 | shape = torch.Size([16, 32, 3, 3])
3.1.bias             | nonzeros =      12 /      16             ( 75.00%) | total_pruned =       4 | shape = torch.Size([16])
4.weight             | nonzeros =      16 /      16             (100.00%) | total_pruned =       0 | shape = torch.Size([16])
4.bias               | nonzeros =       0 /      16             (  0.00%) | total_pruned =      16 | shape = torch.Size([16])
6.1.weight           | nonzeros =      42 /      48             ( 87.50%) | total_pruned =       6 | shape = torch.Size([3, 16, 1, 1])
6.1.bias             | nonzeros =       3 /       3             (100.00%) | total_pruned =       0 | shape = torch.Size([3])
alive: 300678, pruned : 2708189, total: 3008867, Compression rate :      10.01x  ( 90.01% pruned)
Initial PSNR of output image is:  13.094830633583062
epoch:  0 loss:  0.057087548077106476 PSNR:  13.094830633583062
epoch:  200 loss:  0.04374080151319504 PSNR:  14.525040408632542
epoch:  400 loss:  0.043740492314100266 PSNR:  14.525203008934822
epoch:  600 loss:  0.043740492314100266 PSNR:  14.525203008934822
epoch:  800 loss:  0.043740492314100266 PSNR:  14.525203008934822
epoch:  1000 loss:  0.043740492314100266 PSNR:  14.525203008934822
epoch:  1200 loss:  0.043740492314100266 PSNR:  14.525203008934822
epoch:  1400 loss:  0.043740492314100266 PSNR:  14.525203008934822
epoch:  1600 loss:  0.043740492314100266 PSNR:  14.525203008934822
epoch:  1800 loss:  0.043740496039390564 PSNR:  14.525203008934822
epoch:  2000 loss:  0.043740496039390564 PSNR:  14.52519788390401
epoch:  2200 loss:  0.043740496039390564 PSNR:  14.525202077110588
epoch:  2400 loss:  0.043740492314100266 PSNR:  14.525203008934822
epoch:  2600 loss:  0.043740492314100266 PSNR:  14.525203008934822
epoch:  2800 loss:  0.04374050348997116 PSNR:  14.525201145286552
epoch:  3000 loss:  0.043740496039390564 PSNR:  14.52520580440872
epoch:  3200 loss:  0.043740492314100266 PSNR:  14.525203008934822
epoch:  3400 loss:  0.043740492314100266 PSNR:  14.525203008934822
epoch:  3600 loss:  0.043740492314100266 PSNR:  14.525203474847013
epoch:  3800 loss:  0.043740496039390564 PSNR:  14.52520254302268
epoch:  4000 loss:  0.04374052584171295 PSNR:  14.525220713633246
epoch:  4200 loss:  0.04374050348997116 PSNR:  14.52521092944888
epoch:  4400 loss:  0.04374053329229355 PSNR:  14.525175986113219
epoch:  4600 loss:  0.043740496039390564 PSNR:  14.525200679374613
epoch:  4800 loss:  0.04374052211642265 PSNR:  14.52517971338896
epoch:  5000 loss:  0.043740496039390564 PSNR:  14.525199281639086
epoch:  5200 loss:  0.04374051094055176 PSNR:  14.525186236129207
epoch:  5400 loss:  0.04374050348997116 PSNR:  14.525210463535887
epoch:  5600 loss:  0.043740496039390564 PSNR:  14.525196952080876
epoch:  5800 loss:  0.043740492314100266 PSNR:  14.52520254302268
epoch:  6000 loss:  0.04374050721526146 PSNR:  14.525189497503002
epoch:  6200 loss:  0.043740496039390564 PSNR:  14.525205338496278
epoch:  6400 loss:  0.043740496039390564 PSNR:  14.525203940759255
epoch:  6600 loss:  0.043740496039390564 PSNR:  14.525203474847013
epoch:  6800 loss:  0.043740492314100266 PSNR:  14.525203474847013
epoch:  7000 loss:  0.04374050721526146 PSNR:  14.525188099771075
epoch:  7200 loss:  0.043740496039390564 PSNR:  14.525204406671545
epoch:  7400 loss:  0.043740496039390564 PSNR:  14.525203008934822
epoch:  7600 loss:  0.043740492314100266 PSNR:  14.525203008934822
epoch:  7800 loss:  0.043740492314100266 PSNR:  14.525203008934822
epoch:  8000 loss:  0.043740496039390564 PSNR:  14.525203474847013
epoch:  8200 loss:  0.043740492314100266 PSNR:  14.525203474847013
epoch:  8400 loss:  0.043740492314100266 PSNR:  14.525203008934822
epoch:  8600 loss:  0.043740496039390564 PSNR:  14.525203008934822
epoch:  8800 loss:  0.043740496039390564 PSNR:  14.525203008934822
epoch:  9000 loss:  0.043740496039390564 PSNR:  14.525203474847013
epoch:  9200 loss:  0.043740496039390564 PSNR:  14.525204406671545
epoch:  9400 loss:  0.043740496039390564 PSNR:  14.525203474847013
epoch:  9600 loss:  0.043740496039390564 PSNR:  14.525203940759255
epoch:  9800 loss:  0.043740492314100266 PSNR:  14.525203940759255
epoch:  10000 loss:  0.043740496039390564 PSNR:  14.525209531710054
epoch:  10200 loss:  0.043740496039390564 PSNR:  14.525201611198547
epoch:  10400 loss:  0.043740496039390564 PSNR:  14.52520580440872
epoch:  10600 loss:  0.043740496039390564 PSNR:  14.525203940759255
epoch:  10800 loss:  0.043740492314100266 PSNR:  14.525203008934822
epoch:  11000 loss:  0.043740496039390564 PSNR:  14.52519741799242
epoch:  11200 loss:  0.043740492314100266 PSNR:  14.52520254302268
epoch:  11400 loss:  0.043740492314100266 PSNR:  14.52520580440872
epoch:  11600 loss:  0.04374051094055176 PSNR:  14.525200679374613
epoch:  11800 loss:  0.04374051094055176 PSNR:  14.525204406671545
epoch:  12000 loss:  0.04374050348997116 PSNR:  14.525211861275011
epoch:  12200 loss:  0.043740496039390564 PSNR:  14.525203474847013
epoch:  12400 loss:  0.043740496039390564 PSNR:  14.52520254302268
epoch:  12600 loss:  0.043740496039390564 PSNR:  14.525203940759255
epoch:  12800 loss:  0.043740496039390564 PSNR:  14.525207202146346
epoch:  13000 loss:  0.043740492314100266 PSNR:  14.525203940759255
epoch:  13200 loss:  0.043740496039390564 PSNR:  14.525206736233756
epoch:  13400 loss:  0.04374050348997116 PSNR:  14.525203008934822
epoch:  13600 loss:  0.043740496039390564 PSNR:  14.525203940759255
epoch:  13800 loss:  0.04374050348997116 PSNR:  14.525202077110588
epoch:  14000 loss:  0.043740496039390564 PSNR:  14.525204406671545
epoch:  14200 loss:  0.043740492314100266 PSNR:  14.525204872583888
epoch:  14400 loss:  0.04374052211642265 PSNR:  14.525200679374613
epoch:  14600 loss:  0.043740496039390564 PSNR:  14.525196952080876
epoch:  14800 loss:  0.043740492314100266 PSNR:  14.525207668058988
epoch:  15000 loss:  0.04374050721526146 PSNR:  14.52517784975069
epoch:  15200 loss:  0.043740492314100266 PSNR:  14.525207668058988
epoch:  15400 loss:  0.043740496039390564 PSNR:  14.525195088435208
epoch:  15600 loss:  0.043740496039390564 PSNR:  14.525214190841218
epoch:  15800 loss:  0.04374050348997116 PSNR:  14.525207668058988
epoch:  16000 loss:  0.04374050348997116 PSNR:  14.52519089523538
epoch:  16200 loss:  0.043740492314100266 PSNR:  14.525205338496278
epoch:  16400 loss:  0.043740492314100266 PSNR:  14.525203008934822
epoch:  16600 loss:  0.043740496039390564 PSNR:  14.525203474847013
epoch:  16800 loss:  0.043740492314100266 PSNR:  14.525204406671545
epoch:  17000 loss:  0.043740496039390564 PSNR:  14.525196952080876
epoch:  17200 loss:  0.04374050348997116 PSNR:  14.525196486169385
epoch:  17400 loss:  0.043740518391132355 PSNR:  14.525203940759255
epoch:  17600 loss:  0.043740496039390564 PSNR:  14.525203008934822
epoch:  17800 loss:  0.043740496039390564 PSNR:  14.525203474847013
epoch:  18000 loss:  0.043740496039390564 PSNR:  14.525203940759255
epoch:  18200 loss:  0.04374050348997116 PSNR:  14.52520580440872
epoch:  18400 loss:  0.043740496039390564 PSNR:  14.525203008934822
epoch:  18600 loss:  0.04374050348997116 PSNR:  14.525182508847866
epoch:  18800 loss:  0.043740492314100266 PSNR:  14.525200679374613
epoch:  19000 loss:  0.04374051094055176 PSNR:  14.525231895585229
epoch:  19200 loss:  0.043740492314100266 PSNR:  14.525209531710054
epoch:  19400 loss:  0.043740496039390564 PSNR:  14.525206736233756
epoch:  19600 loss:  0.043740492314100266 PSNR:  14.525201145286552
epoch:  19800 loss:  0.04374050348997116 PSNR:  14.525199281639086
epoch:  20000 loss:  0.043740492314100266 PSNR:  14.52520859988442
epoch:  20200 loss:  0.043740496039390564 PSNR:  14.525206270321211
epoch:  20400 loss:  0.043740496039390564 PSNR:  14.525205338496278
epoch:  20600 loss:  0.04374050348997116 PSNR:  14.525203940759255
epoch:  20800 loss:  0.043740496039390564 PSNR:  14.525204406671545
epoch:  21000 loss:  0.043740492314100266 PSNR:  14.525203940759255
epoch:  21200 loss:  0.043740496039390564 PSNR:  14.525204872583888
epoch:  21400 loss:  0.043740518391132355 PSNR:  14.525173190658512
epoch:  21600 loss:  0.04374050348997116 PSNR:  14.525216986322317
epoch:  21800 loss:  0.043740496039390564 PSNR:  14.525206736233756
epoch:  22000 loss:  0.043740496039390564 PSNR:  14.525203940759255
epoch:  22200 loss:  0.043740492314100266 PSNR:  14.525206736233756
epoch:  22400 loss:  0.043740496039390564 PSNR:  14.525203474847013
epoch:  22600 loss:  0.043740492314100266 PSNR:  14.525203008934822
epoch:  22800 loss:  0.043740492314100266 PSNR:  14.525203008934822
epoch:  23000 loss:  0.043740492314100266 PSNR:  14.525203474847013
epoch:  23200 loss:  0.04374050348997116 PSNR:  14.525190429324537
epoch:  23400 loss:  0.04374050348997116 PSNR:  14.525214190841218
epoch:  23600 loss:  0.043740492314100266 PSNR:  14.525200679374613
epoch:  23800 loss:  0.04374052211642265 PSNR:  14.52520580440872
epoch:  24000 loss:  0.04374050348997116 PSNR:  14.525196952080876
epoch:  24200 loss:  0.043740496039390564 PSNR:  14.525201145286552
epoch:  24400 loss:  0.043740496039390564 PSNR:  14.525204872583888
epoch:  24600 loss:  0.043740496039390564 PSNR:  14.52520859988442
epoch:  24800 loss:  0.04374050721526146 PSNR:  14.52522211137567
epoch:  25000 loss:  0.043740496039390564 PSNR:  14.52520859988442
epoch:  25200 loss:  0.043740492314100266 PSNR:  14.525203940759255
epoch:  25400 loss:  0.043740496039390564 PSNR:  14.525203940759255
epoch:  25600 loss:  0.043740492314100266 PSNR:  14.525203474847013
epoch:  25800 loss:  0.043740496039390564 PSNR:  14.525203474847013
epoch:  26000 loss:  0.043740496039390564 PSNR:  14.525203008934822
epoch:  26200 loss:  0.043740496039390564 PSNR:  14.525203940759255
epoch:  26400 loss:  0.043740492314100266 PSNR:  14.525202077110588
epoch:  26600 loss:  0.043740496039390564 PSNR:  14.525200213462721
epoch:  26800 loss:  0.043740496039390564 PSNR:  14.525200213462721
epoch:  27000 loss:  0.043740496039390564 PSNR:  14.52521092944888
epoch:  27200 loss:  0.043740496039390564 PSNR:  14.525203940759255
epoch:  27400 loss:  0.043740492314100266 PSNR:  14.525201611198547
epoch:  27600 loss:  0.043740496039390564 PSNR:  14.525204872583888
epoch:  27800 loss:  0.043740492314100266 PSNR:  14.525204406671545
epoch:  28000 loss:  0.043740492314100266 PSNR:  14.525206736233756
epoch:  28200 loss:  0.04374050348997116 PSNR:  14.525201611198547
epoch:  28400 loss:  0.04374050348997116 PSNR:  14.525204872583888
epoch:  28600 loss:  0.043740496039390564 PSNR:  14.52520580440872
epoch:  28800 loss:  0.043740496039390564 PSNR:  14.525196952080876
epoch:  29000 loss:  0.043740492314100266 PSNR:  14.525207668058988
epoch:  29200 loss:  0.04374050348997116 PSNR:  14.525202077110588
epoch:  29400 loss:  0.04374050348997116 PSNR:  14.525193690701483
epoch:  29600 loss:  0.043740492314100266 PSNR:  14.525201145286552
epoch:  29800 loss:  0.043740496039390564 PSNR:  14.525203940759255
epoch:  30000 loss:  0.04374053329229355 PSNR:  14.525203940759255
epoch:  30200 loss:  0.043740496039390564 PSNR:  14.525203940759255
epoch:  30400 loss:  0.043740496039390564 PSNR:  14.52520580440872
epoch:  30600 loss:  0.04374050348997116 PSNR:  14.525202077110588
epoch:  30800 loss:  0.04374050348997116 PSNR:  14.525214190841218
epoch:  31000 loss:  0.043740496039390564 PSNR:  14.525202077110588
epoch:  31200 loss:  0.043740496039390564 PSNR:  14.52520580440872
epoch:  31400 loss:  0.043740496039390564 PSNR:  14.525206736233756
epoch:  31600 loss:  0.043740492314100266 PSNR:  14.525203008934822
epoch:  31800 loss:  0.043740492314100266 PSNR:  14.525206270321211
epoch:  32000 loss:  0.043740496039390564 PSNR:  14.525203940759255
epoch:  32200 loss:  0.043740492314100266 PSNR:  14.525203940759255
epoch:  32400 loss:  0.04374053329229355 PSNR:  14.525183440667902
epoch:  32600 loss:  0.043740496039390564 PSNR:  14.525203940759255
epoch:  32800 loss:  0.04374050721526146 PSNR:  14.525191827057213
epoch:  33000 loss:  0.043740496039390564 PSNR:  14.525204872583888
epoch:  33200 loss:  0.04374051094055176 PSNR:  14.525220713633246
epoch:  33400 loss:  0.04374050348997116 PSNR:  14.525189031592308
epoch:  33600 loss:  0.043740496039390564 PSNR:  14.525196952080876
epoch:  33800 loss:  0.043740496039390564 PSNR:  14.52519788390401
epoch:  34000 loss:  0.04374050348997116 PSNR:  14.52520580440872
epoch:  34200 loss:  0.043740496039390564 PSNR:  14.525203474847013
epoch:  34400 loss:  0.04374050348997116 PSNR:  14.525204406671545
epoch:  34600 loss:  0.04374051094055176 PSNR:  14.525188565681669
epoch:  34800 loss:  0.043740492314100266 PSNR:  14.525202077110588
epoch:  35000 loss:  0.043740492314100266 PSNR:  14.525203940759255
epoch:  35200 loss:  0.043740496039390564 PSNR:  14.525202077110588
epoch:  35400 loss:  0.04374050348997116 PSNR:  14.525209065797213
epoch:  35600 loss:  0.043740492314100266 PSNR:  14.525203940759255
epoch:  35800 loss:  0.04374051094055176 PSNR:  14.525230963754797
epoch:  36000 loss:  0.043740492314100266 PSNR:  14.525206736233756
epoch:  36200 loss:  0.043740496039390564 PSNR:  14.52520813397168
epoch:  36400 loss:  0.04374050348997116 PSNR:  14.525203474847013
epoch:  36600 loss:  0.043740492314100266 PSNR:  14.525200213462721
epoch:  36800 loss:  0.043740492314100266 PSNR:  14.525204406671545
epoch:  37000 loss:  0.043740492314100266 PSNR:  14.525203940759255
epoch:  37200 loss:  0.04374050348997116 PSNR:  14.525201145286552
epoch:  37400 loss:  0.043740496039390564 PSNR:  14.525205338496278
epoch:  37600 loss:  0.04374052584171295 PSNR:  14.525177383841248
epoch:  37800 loss:  0.04374051094055176 PSNR:  14.525187633860535
epoch:  38000 loss:  0.043740496039390564 PSNR:  14.525203940759255
epoch:  38200 loss:  0.043740492314100266 PSNR:  14.525203474847013
epoch:  38400 loss:  0.043740496039390564 PSNR:  14.525204872583888
epoch:  38600 loss:  0.043740492314100266 PSNR:  14.525206736233756
epoch:  38800 loss:  0.043740496039390564 PSNR:  14.525203008934822
epoch:  39000 loss:  0.043740492314100266 PSNR:  14.525203008934822
epoch:  39200 loss:  0.043740492314100266 PSNR:  14.525204872583888
epoch:  39400 loss:  0.043740496039390564 PSNR:  14.525204872583888
epoch:  39600 loss:  0.043740492314100266 PSNR:  14.525199281639086
epoch:  39800 loss:  0.043740496039390564 PSNR:  14.525199281639086
Output directory: data/denoising/Set14/mask/6/pai/mag_global/sparse_0.9
PSNR of output image is:  14.525199281639086
(3, 512, 512) (1, 3, 512, 512) (3, 512, 512)
Experiment done
