Starting random mask  training on 6 using ADAM(sigma=0.1,lr=0.01,decay=0,beta=0)
Noisy PSNR is '20.097376325979535'
1.1.1.weight         | nonzeros =    2560 /   12800             ( 20.00%) | total_pruned =   10240 | shape = torch.Size([16, 32, 5, 5])
1.1.1.bias           | nonzeros =       4 /      16             ( 25.00%) | total_pruned =      12 | shape = torch.Size([16])
1.2.weight           | nonzeros =       4 /      16             ( 25.00%) | total_pruned =      12 | shape = torch.Size([16])
1.2.bias             | nonzeros =       0 /      16             (  0.00%) | total_pruned =      16 | shape = torch.Size([16])
1.4.1.weight         | nonzeros =    1280 /    6400             ( 20.00%) | total_pruned =    5120 | shape = torch.Size([16, 16, 5, 5])
1.4.1.bias           | nonzeros =       4 /      16             ( 25.00%) | total_pruned =      12 | shape = torch.Size([16])
1.5.weight           | nonzeros =       4 /      16             ( 25.00%) | total_pruned =      12 | shape = torch.Size([16])
1.5.bias             | nonzeros =       0 /      16             (  0.00%) | total_pruned =      16 | shape = torch.Size([16])
1.7.1.1.1.weight     | nonzeros =    2560 /   12800             ( 20.00%) | total_pruned =   10240 | shape = torch.Size([32, 16, 5, 5])
1.7.1.1.1.bias       | nonzeros =       7 /      32             ( 21.88%) | total_pruned =      25 | shape = torch.Size([32])
1.7.1.2.weight       | nonzeros =       7 /      32             ( 21.88%) | total_pruned =      25 | shape = torch.Size([32])
1.7.1.2.bias         | nonzeros =       0 /      32             (  0.00%) | total_pruned =      32 | shape = torch.Size([32])
1.7.1.4.1.weight     | nonzeros =    5120 /   25600             ( 20.00%) | total_pruned =   20480 | shape = torch.Size([32, 32, 5, 5])
1.7.1.4.1.bias       | nonzeros =       7 /      32             ( 21.88%) | total_pruned =      25 | shape = torch.Size([32])
1.7.1.5.weight       | nonzeros =       7 /      32             ( 21.88%) | total_pruned =      25 | shape = torch.Size([32])
1.7.1.5.bias         | nonzeros =       0 /      32             (  0.00%) | total_pruned =      32 | shape = torch.Size([32])
1.7.1.7.1.1.1.weight | nonzeros =   10240 /   51200             ( 20.00%) | total_pruned =   40960 | shape = torch.Size([64, 32, 5, 5])
1.7.1.7.1.1.1.bias   | nonzeros =      13 /      64             ( 20.31%) | total_pruned =      51 | shape = torch.Size([64])
1.7.1.7.1.2.weight   | nonzeros =      13 /      64             ( 20.31%) | total_pruned =      51 | shape = torch.Size([64])
1.7.1.7.1.2.bias     | nonzeros =       0 /      64             (  0.00%) | total_pruned =      64 | shape = torch.Size([64])
1.7.1.7.1.4.1.weight | nonzeros =   20480 /  102400             ( 20.00%) | total_pruned =   81920 | shape = torch.Size([64, 64, 5, 5])
1.7.1.7.1.4.1.bias   | nonzeros =      13 /      64             ( 20.31%) | total_pruned =      51 | shape = torch.Size([64])
1.7.1.7.1.5.weight   | nonzeros =      13 /      64             ( 20.31%) | total_pruned =      51 | shape = torch.Size([64])
1.7.1.7.1.5.bias     | nonzeros =       0 /      64             (  0.00%) | total_pruned =      64 | shape = torch.Size([64])
1.7.1.7.1.7.1.1.1.weight | nonzeros =   40960 /  204800             ( 20.00%) | total_pruned =  163840 | shape = torch.Size([128, 64, 5, 5])
1.7.1.7.1.7.1.1.1.bias | nonzeros =      26 /     128             ( 20.31%) | total_pruned =     102 | shape = torch.Size([128])
1.7.1.7.1.7.1.2.weight | nonzeros =      26 /     128             ( 20.31%) | total_pruned =     102 | shape = torch.Size([128])
1.7.1.7.1.7.1.2.bias | nonzeros =       0 /     128             (  0.00%) | total_pruned =     128 | shape = torch.Size([128])
1.7.1.7.1.7.1.4.1.weight | nonzeros =   81920 /  409600             ( 20.00%) | total_pruned =  327680 | shape = torch.Size([128, 128, 5, 5])
1.7.1.7.1.7.1.4.1.bias | nonzeros =      26 /     128             ( 20.31%) | total_pruned =     102 | shape = torch.Size([128])
1.7.1.7.1.7.1.5.weight | nonzeros =      26 /     128             ( 20.31%) | total_pruned =     102 | shape = torch.Size([128])
1.7.1.7.1.7.1.5.bias | nonzeros =       0 /     128             (  0.00%) | total_pruned =     128 | shape = torch.Size([128])
1.7.1.7.1.7.1.7.1.1.1.weight | nonzeros =   81920 /  409600             ( 20.00%) | total_pruned =  327680 | shape = torch.Size([128, 128, 5, 5])
1.7.1.7.1.7.1.7.1.1.1.bias | nonzeros =      26 /     128             ( 20.31%) | total_pruned =     102 | shape = torch.Size([128])
1.7.1.7.1.7.1.7.1.2.weight | nonzeros =      26 /     128             ( 20.31%) | total_pruned =     102 | shape = torch.Size([128])
1.7.1.7.1.7.1.7.1.2.bias | nonzeros =       0 /     128             (  0.00%) | total_pruned =     128 | shape = torch.Size([128])
1.7.1.7.1.7.1.7.1.4.1.weight | nonzeros =   81920 /  409600             ( 20.00%) | total_pruned =  327680 | shape = torch.Size([128, 128, 5, 5])
1.7.1.7.1.7.1.7.1.4.1.bias | nonzeros =      26 /     128             ( 20.31%) | total_pruned =     102 | shape = torch.Size([128])
1.7.1.7.1.7.1.7.1.5.weight | nonzeros =      26 /     128             ( 20.31%) | total_pruned =     102 | shape = torch.Size([128])
1.7.1.7.1.7.1.7.1.5.bias | nonzeros =       0 /     128             (  0.00%) | total_pruned =     128 | shape = torch.Size([128])
1.7.1.7.1.7.1.7.1.7.1.1.1.weight | nonzeros =   81920 /  409600             ( 20.00%) | total_pruned =  327680 | shape = torch.Size([128, 128, 5, 5])
1.7.1.7.1.7.1.7.1.7.1.1.1.bias | nonzeros =      26 /     128             ( 20.31%) | total_pruned =     102 | shape = torch.Size([128])
1.7.1.7.1.7.1.7.1.7.1.2.weight | nonzeros =      26 /     128             ( 20.31%) | total_pruned =     102 | shape = torch.Size([128])
1.7.1.7.1.7.1.7.1.7.1.2.bias | nonzeros =       0 /     128             (  0.00%) | total_pruned =     128 | shape = torch.Size([128])
1.7.1.7.1.7.1.7.1.7.1.4.1.weight | nonzeros =   81920 /  409600             ( 20.00%) | total_pruned =  327680 | shape = torch.Size([128, 128, 5, 5])
1.7.1.7.1.7.1.7.1.7.1.4.1.bias | nonzeros =      26 /     128             ( 20.31%) | total_pruned =     102 | shape = torch.Size([128])
1.7.1.7.1.7.1.7.1.7.1.5.weight | nonzeros =      26 /     128             ( 20.31%) | total_pruned =     102 | shape = torch.Size([128])
1.7.1.7.1.7.1.7.1.7.1.5.bias | nonzeros =       0 /     128             (  0.00%) | total_pruned =     128 | shape = torch.Size([128])
1.7.1.7.1.7.1.7.1.7.2.weight | nonzeros =      26 /     128             ( 20.31%) | total_pruned =     102 | shape = torch.Size([128])
1.7.1.7.1.7.1.7.1.7.2.bias | nonzeros =       0 /     128             (  0.00%) | total_pruned =     128 | shape = torch.Size([128])
1.7.1.7.1.7.1.7.1.7.3.1.weight | nonzeros =   29492 /  147456             ( 20.00%) | total_pruned =  117964 | shape = torch.Size([128, 128, 3, 3])
1.7.1.7.1.7.1.7.1.7.3.1.bias | nonzeros =      26 /     128             ( 20.31%) | total_pruned =     102 | shape = torch.Size([128])
1.7.1.7.1.7.1.7.1.7.4.weight | nonzeros =      26 /     128             ( 20.31%) | total_pruned =     102 | shape = torch.Size([128])
1.7.1.7.1.7.1.7.1.7.4.bias | nonzeros =       0 /     128             (  0.00%) | total_pruned =     128 | shape = torch.Size([128])
1.7.1.7.1.7.1.7.2.weight | nonzeros =      26 /     128             ( 20.31%) | total_pruned =     102 | shape = torch.Size([128])
1.7.1.7.1.7.1.7.2.bias | nonzeros =       0 /     128             (  0.00%) | total_pruned =     128 | shape = torch.Size([128])
1.7.1.7.1.7.1.7.3.1.weight | nonzeros =   29492 /  147456             ( 20.00%) | total_pruned =  117964 | shape = torch.Size([128, 128, 3, 3])
1.7.1.7.1.7.1.7.3.1.bias | nonzeros =      26 /     128             ( 20.31%) | total_pruned =     102 | shape = torch.Size([128])
1.7.1.7.1.7.1.7.4.weight | nonzeros =      26 /     128             ( 20.31%) | total_pruned =     102 | shape = torch.Size([128])
1.7.1.7.1.7.1.7.4.bias | nonzeros =       0 /     128             (  0.00%) | total_pruned =     128 | shape = torch.Size([128])
1.7.1.7.1.7.2.weight | nonzeros =      26 /     128             ( 20.31%) | total_pruned =     102 | shape = torch.Size([128])
1.7.1.7.1.7.2.bias   | nonzeros =       0 /     128             (  0.00%) | total_pruned =     128 | shape = torch.Size([128])
1.7.1.7.1.7.3.1.weight | nonzeros =   29492 /  147456             ( 20.00%) | total_pruned =  117964 | shape = torch.Size([128, 128, 3, 3])
1.7.1.7.1.7.3.1.bias | nonzeros =      26 /     128             ( 20.31%) | total_pruned =     102 | shape = torch.Size([128])
1.7.1.7.1.7.4.weight | nonzeros =      26 /     128             ( 20.31%) | total_pruned =     102 | shape = torch.Size([128])
1.7.1.7.1.7.4.bias   | nonzeros =       0 /     128             (  0.00%) | total_pruned =     128 | shape = torch.Size([128])
1.7.1.7.2.weight     | nonzeros =      26 /     128             ( 20.31%) | total_pruned =     102 | shape = torch.Size([128])
1.7.1.7.2.bias       | nonzeros =       0 /     128             (  0.00%) | total_pruned =     128 | shape = torch.Size([128])
1.7.1.7.3.1.weight   | nonzeros =   14746 /   73728             ( 20.00%) | total_pruned =   58982 | shape = torch.Size([64, 128, 3, 3])
1.7.1.7.3.1.bias     | nonzeros =      13 /      64             ( 20.31%) | total_pruned =      51 | shape = torch.Size([64])
1.7.1.7.4.weight     | nonzeros =      13 /      64             ( 20.31%) | total_pruned =      51 | shape = torch.Size([64])
1.7.1.7.4.bias       | nonzeros =       0 /      64             (  0.00%) | total_pruned =      64 | shape = torch.Size([64])
1.7.2.weight         | nonzeros =      13 /      64             ( 20.31%) | total_pruned =      51 | shape = torch.Size([64])
1.7.2.bias           | nonzeros =       0 /      64             (  0.00%) | total_pruned =      64 | shape = torch.Size([64])
1.7.3.1.weight       | nonzeros =    3687 /   18432             ( 20.00%) | total_pruned =   14745 | shape = torch.Size([32, 64, 3, 3])
1.7.3.1.bias         | nonzeros =       7 /      32             ( 21.88%) | total_pruned =      25 | shape = torch.Size([32])
1.7.4.weight         | nonzeros =       7 /      32             ( 21.88%) | total_pruned =      25 | shape = torch.Size([32])
1.7.4.bias           | nonzeros =       0 /      32             (  0.00%) | total_pruned =      32 | shape = torch.Size([32])
2.weight             | nonzeros =       7 /      32             ( 21.88%) | total_pruned =      25 | shape = torch.Size([32])
2.bias               | nonzeros =       0 /      32             (  0.00%) | total_pruned =      32 | shape = torch.Size([32])
3.1.weight           | nonzeros =     922 /    4608             ( 20.01%) | total_pruned =    3686 | shape = torch.Size([16, 32, 3, 3])
3.1.bias             | nonzeros =       4 /      16             ( 25.00%) | total_pruned =      12 | shape = torch.Size([16])
4.weight             | nonzeros =       4 /      16             ( 25.00%) | total_pruned =      12 | shape = torch.Size([16])
4.bias               | nonzeros =       0 /      16             (  0.00%) | total_pruned =      16 | shape = torch.Size([16])
6.1.weight           | nonzeros =      10 /      48             ( 20.83%) | total_pruned =      38 | shape = torch.Size([3, 16, 1, 1])
6.1.bias             | nonzeros =       1 /       3             ( 33.33%) | total_pruned =       2 | shape = torch.Size([3])
alive: 601378, pruned : 2407489, total: 3008867, Compression rate :       5.00x  ( 80.01% pruned)
Initial PSNR of output image is:  11.62966895651181
epoch:  0 loss:  0.07623081654310226 PSNR:  11.62966895651181
epoch:  200 loss:  0.0505015067756176 PSNR:  13.745184886415771
epoch:  400 loss:  0.050392311066389084 PSNR:  13.759133094038267
epoch:  600 loss:  0.0503922700881958 PSNR:  13.759182305930686
epoch:  800 loss:  0.0503922700881958 PSNR:  13.759182696503489
epoch:  1000 loss:  0.0503922700881958 PSNR:  13.759182696503489
epoch:  1200 loss:  0.0503922700881958 PSNR:  13.759182696503489
epoch:  1400 loss:  0.0503922700881958 PSNR:  13.759182696503489
epoch:  1600 loss:  0.0503922700881958 PSNR:  13.759182696503489
epoch:  1800 loss:  0.0503922700881958 PSNR:  13.75918308707633
epoch:  2000 loss:  0.0503922700881958 PSNR:  13.75918308707633
epoch:  2200 loss:  0.0503922700881958 PSNR:  13.75918308707633
epoch:  2400 loss:  0.0503922700881958 PSNR:  13.75918308707633
epoch:  2600 loss:  0.0503922700881958 PSNR:  13.75918308707633
epoch:  2800 loss:  0.0503922700881958 PSNR:  13.75918308707633
epoch:  3000 loss:  0.0503922700881958 PSNR:  13.75918308707633
epoch:  3200 loss:  0.0503922700881958 PSNR:  13.75918308707633
epoch:  3400 loss:  0.0503922700881958 PSNR:  13.75918308707633
epoch:  3600 loss:  0.0503922700881958 PSNR:  13.75918308707633
epoch:  3800 loss:  0.0503922700881958 PSNR:  13.75918308707633
epoch:  4000 loss:  0.0503922700881958 PSNR:  13.75918308707633
epoch:  4200 loss:  0.0503922700881958 PSNR:  13.75918308707633
epoch:  4400 loss:  0.0503922700881958 PSNR:  13.75918308707633
epoch:  4600 loss:  0.0503922700881958 PSNR:  13.75918308707633
epoch:  4800 loss:  0.0503922700881958 PSNR:  13.75918308707633
epoch:  5000 loss:  0.0503922700881958 PSNR:  13.75918308707633
epoch:  5200 loss:  0.0503922700881958 PSNR:  13.75918308707633
epoch:  5400 loss:  0.0503922700881958 PSNR:  13.75918308707633
epoch:  5600 loss:  0.0503922700881958 PSNR:  13.75918308707633
epoch:  5800 loss:  0.0503922700881958 PSNR:  13.75918308707633
epoch:  6000 loss:  0.0503922700881958 PSNR:  13.75918308707633
epoch:  6200 loss:  0.0503922700881958 PSNR:  13.75918308707633
epoch:  6400 loss:  0.0503922700881958 PSNR:  13.75918308707633
epoch:  6600 loss:  0.0503922700881958 PSNR:  13.75918308707633
epoch:  6800 loss:  0.0503922700881958 PSNR:  13.75918308707633
epoch:  7000 loss:  0.0503922700881958 PSNR:  13.75918308707633
epoch:  7200 loss:  0.0503922700881958 PSNR:  13.75918308707633
epoch:  7400 loss:  0.0503922700881958 PSNR:  13.75918308707633
epoch:  7600 loss:  0.0503922700881958 PSNR:  13.75918308707633
epoch:  7800 loss:  0.0503922700881958 PSNR:  13.75918308707633
epoch:  8000 loss:  0.0503922700881958 PSNR:  13.75918308707633
epoch:  8200 loss:  0.0503922700881958 PSNR:  13.75918308707633
epoch:  8400 loss:  0.0503922700881958 PSNR:  13.75918308707633
epoch:  8600 loss:  0.0503922700881958 PSNR:  13.75918308707633
epoch:  8800 loss:  0.0503922700881958 PSNR:  13.75918308707633
epoch:  9000 loss:  0.0503922700881958 PSNR:  13.75918308707633
epoch:  9200 loss:  0.0503922700881958 PSNR:  13.75918308707633
epoch:  9400 loss:  0.0503922700881958 PSNR:  13.75918308707633
epoch:  9600 loss:  0.0503922700881958 PSNR:  13.75918308707633
epoch:  9800 loss:  0.0503922700881958 PSNR:  13.75918308707633
epoch:  10000 loss:  0.0503922700881958 PSNR:  13.75918308707633
epoch:  10200 loss:  0.0503922700881958 PSNR:  13.75918308707633
epoch:  10400 loss:  0.0503922700881958 PSNR:  13.75918308707633
epoch:  10600 loss:  0.0503922700881958 PSNR:  13.75918308707633
epoch:  10800 loss:  0.0503922700881958 PSNR:  13.75918308707633
epoch:  11000 loss:  0.0503922700881958 PSNR:  13.75918308707633
epoch:  11200 loss:  0.0503922700881958 PSNR:  13.75918308707633
epoch:  11400 loss:  0.0503922700881958 PSNR:  13.75918308707633
epoch:  11600 loss:  0.0503922700881958 PSNR:  13.75918308707633
epoch:  11800 loss:  0.0503922700881958 PSNR:  13.75918308707633
epoch:  12000 loss:  0.0503922700881958 PSNR:  13.75918308707633
epoch:  12200 loss:  0.0503922700881958 PSNR:  13.75918308707633
epoch:  12400 loss:  0.0503922700881958 PSNR:  13.75918308707633
epoch:  12600 loss:  0.0503922700881958 PSNR:  13.759182696503489
epoch:  12800 loss:  0.0503922700881958 PSNR:  13.75918308707633
epoch:  13000 loss:  0.0503922700881958 PSNR:  13.75918308707633
epoch:  13200 loss:  0.0503922700881958 PSNR:  13.759182696503489
epoch:  13400 loss:  0.0503922700881958 PSNR:  13.75918308707633
epoch:  13600 loss:  0.0503922700881958 PSNR:  13.75918308707633
epoch:  13800 loss:  0.0503922700881958 PSNR:  13.759182696503489
epoch:  14000 loss:  0.0503922700881958 PSNR:  13.759182696503489
epoch:  14200 loss:  0.0503922700881958 PSNR:  13.75918308707633
epoch:  14400 loss:  0.0503922700881958 PSNR:  13.759182305930686
epoch:  14600 loss:  0.0503922700881958 PSNR:  13.75918308707633
epoch:  14800 loss:  0.0503922700881958 PSNR:  13.759183477649206
epoch:  15000 loss:  0.0503922775387764 PSNR:  13.759183868222117
epoch:  15200 loss:  0.0503922700881958 PSNR:  13.759180743639817
epoch:  15400 loss:  0.0503922700881958 PSNR:  13.759172932193897
epoch:  15600 loss:  0.0503922700881958 PSNR:  13.759179962494592
epoch:  15800 loss:  0.05039229243993759 PSNR:  13.759215895320313
epoch:  16000 loss:  0.050392284989356995 PSNR:  13.75915691877369
epoch:  16200 loss:  0.0503922700881958 PSNR:  13.7591951948518
epoch:  16400 loss:  0.0503922775387764 PSNR:  13.75918113421248
epoch:  16600 loss:  0.0503922700881958 PSNR:  13.75918308707633
epoch:  16800 loss:  0.0503922700881958 PSNR:  13.75918308707633
epoch:  17000 loss:  0.0503922700881958 PSNR:  13.759182696503489
epoch:  17200 loss:  0.05039229243993759 PSNR:  13.759214333017361
epoch:  17400 loss:  0.05039229243993759 PSNR:  13.759211598988548
epoch:  17600 loss:  0.050392281264066696 PSNR:  13.75916512076203
epoch:  17800 loss:  0.0503922700881958 PSNR:  13.759182305930686
epoch:  18000 loss:  0.0503922700881958 PSNR:  13.759182305930686
epoch:  18200 loss:  0.0503922775387764 PSNR:  13.759180743639817
epoch:  18400 loss:  0.0503922700881958 PSNR:  13.759184649368043
epoch:  18600 loss:  0.0503922700881958 PSNR:  13.75918152478518
epoch:  18800 loss:  0.0503922700881958 PSNR:  13.75918308707633
epoch:  19000 loss:  0.0503922700881958 PSNR:  13.759183868222117
epoch:  19200 loss:  0.0503922700881958 PSNR:  13.759182696503489
epoch:  19400 loss:  0.0503922700881958 PSNR:  13.759182696503489
epoch:  19600 loss:  0.0503922700881958 PSNR:  13.759182696503489
epoch:  19800 loss:  0.0503922700881958 PSNR:  13.759182305930686
epoch:  20000 loss:  0.0503922700881958 PSNR:  13.75918308707633
epoch:  20200 loss:  0.0503922700881958 PSNR:  13.759181915357914
epoch:  20400 loss:  0.0503922700881958 PSNR:  13.759181915357914
epoch:  20600 loss:  0.0503922700881958 PSNR:  13.759182305930686
epoch:  20800 loss:  0.0503922700881958 PSNR:  13.759182305930686
epoch:  21000 loss:  0.0503922700881958 PSNR:  13.759182305930686
epoch:  21200 loss:  0.0503922700881958 PSNR:  13.759181915357914
epoch:  21400 loss:  0.0503922700881958 PSNR:  13.759182305930686
epoch:  21600 loss:  0.0503922700881958 PSNR:  13.759182696503489
epoch:  21800 loss:  0.0503922700881958 PSNR:  13.759182696503489
epoch:  22000 loss:  0.0503922700881958 PSNR:  13.759182696503489
epoch:  22200 loss:  0.0503922775387764 PSNR:  13.7591768379151
epoch:  22400 loss:  0.0503922700881958 PSNR:  13.75919050796697
epoch:  22600 loss:  0.0503922700881958 PSNR:  13.759178790777018
epoch:  22800 loss:  0.0503922775387764 PSNR:  13.759190117393462
epoch:  23000 loss:  0.0503922700881958 PSNR:  13.759182305930686
epoch:  23200 loss:  0.0503922700881958 PSNR:  13.759182305930686
epoch:  23400 loss:  0.0503922700881958 PSNR:  13.759182696503489
epoch:  23600 loss:  0.0503922700881958 PSNR:  13.75918308707633
epoch:  23800 loss:  0.0503922700881958 PSNR:  13.759182305930686
epoch:  24000 loss:  0.0503922700881958 PSNR:  13.759182696503489
epoch:  24200 loss:  0.0503922700881958 PSNR:  13.759182305930686
epoch:  24400 loss:  0.0503922700881958 PSNR:  13.759182305930686
epoch:  24600 loss:  0.0503922700881958 PSNR:  13.759182305930686
epoch:  24800 loss:  0.0503922700881958 PSNR:  13.759182305930686
epoch:  25000 loss:  0.0503922700881958 PSNR:  13.75918308707633
epoch:  25200 loss:  0.0503922700881958 PSNR:  13.759182305930686
epoch:  25400 loss:  0.0503922700881958 PSNR:  13.759182305930686
epoch:  25600 loss:  0.0503922700881958 PSNR:  13.759182696503489
epoch:  25800 loss:  0.05039229243993759 PSNR:  13.759144811104928
epoch:  26000 loss:  0.0503922700881958 PSNR:  13.759184649368043
epoch:  26200 loss:  0.0503922700881958 PSNR:  13.759183868222117
epoch:  26400 loss:  0.0503922700881958 PSNR:  13.759182696503489
epoch:  26600 loss:  0.0503922700881958 PSNR:  13.759182305930686
epoch:  26800 loss:  0.0503922700881958 PSNR:  13.759182696503489
epoch:  27000 loss:  0.0503922700881958 PSNR:  13.75918308707633
epoch:  27200 loss:  0.0503922700881958 PSNR:  13.759182696503489
epoch:  27400 loss:  0.0503922700881958 PSNR:  13.75918308707633
epoch:  27600 loss:  0.0503922700881958 PSNR:  13.759182305930686
epoch:  27800 loss:  0.0503922700881958 PSNR:  13.759182696503489
epoch:  28000 loss:  0.0503922700881958 PSNR:  13.759182305930686
epoch:  28200 loss:  0.0503922700881958 PSNR:  13.759182305930686
epoch:  28400 loss:  0.0503922700881958 PSNR:  13.759182696503489
epoch:  28600 loss:  0.0503922700881958 PSNR:  13.759181915357914
epoch:  28800 loss:  0.0503922700881958 PSNR:  13.75918308707633
epoch:  29000 loss:  0.0503922700881958 PSNR:  13.75918308707633
epoch:  29200 loss:  0.0503922700881958 PSNR:  13.759181915357914
epoch:  29400 loss:  0.0503922700881958 PSNR:  13.759181915357914
epoch:  29600 loss:  0.0503922775387764 PSNR:  13.759195975999765
epoch:  29800 loss:  0.050392284989356995 PSNR:  13.759155747062335
epoch:  30000 loss:  0.0503922700881958 PSNR:  13.759182696503489
epoch:  30200 loss:  0.0503922700881958 PSNR:  13.759183477649206
epoch:  30400 loss:  0.0503922700881958 PSNR:  13.75918113421248
epoch:  30600 loss:  0.0503922700881958 PSNR:  13.75918308707633
epoch:  30800 loss:  0.0503922700881958 PSNR:  13.75918308707633
epoch:  31000 loss:  0.0503922775387764 PSNR:  13.759183868222117
epoch:  31200 loss:  0.0503922700881958 PSNR:  13.759189336246553
epoch:  31400 loss:  0.0503922700881958 PSNR:  13.759190117393462
epoch:  31600 loss:  0.0503922700881958 PSNR:  13.759180743639817
epoch:  31800 loss:  0.0503922700881958 PSNR:  13.759181915357914
epoch:  32000 loss:  0.0503922700881958 PSNR:  13.759182696503489
epoch:  32200 loss:  0.0503922700881958 PSNR:  13.759182305930686
epoch:  32400 loss:  0.0503922700881958 PSNR:  13.759182305930686
epoch:  32600 loss:  0.0503922700881958 PSNR:  13.759182696503489
epoch:  32800 loss:  0.0503922700881958 PSNR:  13.759182305930686
epoch:  33000 loss:  0.0503922700881958 PSNR:  13.759182305930686
epoch:  33200 loss:  0.0503922775387764 PSNR:  13.759187383379892
epoch:  33400 loss:  0.0503922700881958 PSNR:  13.759182305930686
epoch:  33600 loss:  0.0503922700881958 PSNR:  13.759182696503489
epoch:  33800 loss:  0.0503922700881958 PSNR:  13.75918308707633
epoch:  34000 loss:  0.0503922700881958 PSNR:  13.759182696503489
epoch:  34200 loss:  0.050392281264066696 PSNR:  13.759160433909654
epoch:  34400 loss:  0.0503922700881958 PSNR:  13.759190117393462
epoch:  34600 loss:  0.0503922700881958 PSNR:  13.75918152478518
epoch:  34800 loss:  0.0503922700881958 PSNR:  13.759177619059761
epoch:  35000 loss:  0.0503922700881958 PSNR:  13.759177228487413
epoch:  35200 loss:  0.0503922700881958 PSNR:  13.759184258795063
epoch:  35400 loss:  0.0503922700881958 PSNR:  13.75918113421248
epoch:  35600 loss:  0.0503922700881958 PSNR:  13.759182696503489
epoch:  35800 loss:  0.0503922700881958 PSNR:  13.75918308707633
epoch:  36000 loss:  0.0503922700881958 PSNR:  13.75918308707633
epoch:  36200 loss:  0.0503922700881958 PSNR:  13.759182305930686
epoch:  36400 loss:  0.0503922700881958 PSNR:  13.759182305930686
epoch:  36600 loss:  0.0503922700881958 PSNR:  13.759182305930686
epoch:  36800 loss:  0.0503922700881958 PSNR:  13.759180743639817
epoch:  37000 loss:  0.0503922700881958 PSNR:  13.75918308707633
epoch:  37200 loss:  0.050392281264066696 PSNR:  13.759206130936082
epoch:  37400 loss:  0.0503922700881958 PSNR:  13.759182305930686
epoch:  37600 loss:  0.0503922700881958 PSNR:  13.759182696503489
epoch:  37800 loss:  0.0503922700881958 PSNR:  13.759182305930686
epoch:  38000 loss:  0.0503922700881958 PSNR:  13.759182696503489
epoch:  38200 loss:  0.0503922700881958 PSNR:  13.759182305930686
epoch:  38400 loss:  0.0503922700881958 PSNR:  13.759181915357914
epoch:  38600 loss:  0.0503922775387764 PSNR:  13.759185039941059
epoch:  38800 loss:  0.0503922775387764 PSNR:  13.759184649368043
epoch:  39000 loss:  0.0503922700881958 PSNR:  13.759182305930686
epoch:  39200 loss:  0.0503922700881958 PSNR:  13.759182696503489
epoch:  39400 loss:  0.0503922700881958 PSNR:  13.759182696503489
epoch:  39600 loss:  0.0503922700881958 PSNR:  13.75918308707633
epoch:  39800 loss:  0.0503922775387764 PSNR:  13.759190117393462
Output directory: data/denoising/Set14/mask/6/pai/rand_local/sparse_0.8
PSNR of output image is:  13.759190117393462
(3, 512, 512) (1, 3, 512, 512) (3, 512, 512)
Experiment done
