(3, 512, 512)
Starting random mask  training on 7 using ADAM(sigma=0.1,lr=0.01,decay=0,beta=0)
Noisy PSNR is '20.243849606351752'
1.1.1.weight         | nonzeros =   10239 /   12800             ( 79.99%) | total_pruned =    2561 | shape = torch.Size([16, 32, 5, 5])
1.1.1.bias           | nonzeros =      11 /      16             ( 68.75%) | total_pruned =       5 | shape = torch.Size([16])
1.2.weight           | nonzeros =      11 /      16             ( 68.75%) | total_pruned =       5 | shape = torch.Size([16])
1.2.bias             | nonzeros =       0 /      16             (  0.00%) | total_pruned =      16 | shape = torch.Size([16])
1.4.1.weight         | nonzeros =    5119 /    6400             ( 79.98%) | total_pruned =    1281 | shape = torch.Size([16, 16, 5, 5])
1.4.1.bias           | nonzeros =      11 /      16             ( 68.75%) | total_pruned =       5 | shape = torch.Size([16])
1.5.weight           | nonzeros =      11 /      16             ( 68.75%) | total_pruned =       5 | shape = torch.Size([16])
1.5.bias             | nonzeros =       0 /      16             (  0.00%) | total_pruned =      16 | shape = torch.Size([16])
1.7.1.1.1.weight     | nonzeros =   10239 /   12800             ( 79.99%) | total_pruned =    2561 | shape = torch.Size([32, 16, 5, 5])
1.7.1.1.1.bias       | nonzeros =      24 /      32             ( 75.00%) | total_pruned =       8 | shape = torch.Size([32])
1.7.1.2.weight       | nonzeros =      24 /      32             ( 75.00%) | total_pruned =       8 | shape = torch.Size([32])
1.7.1.2.bias         | nonzeros =       0 /      32             (  0.00%) | total_pruned =      32 | shape = torch.Size([32])
1.7.1.4.1.weight     | nonzeros =   20479 /   25600             ( 80.00%) | total_pruned =    5121 | shape = torch.Size([32, 32, 5, 5])
1.7.1.4.1.bias       | nonzeros =      24 /      32             ( 75.00%) | total_pruned =       8 | shape = torch.Size([32])
1.7.1.5.weight       | nonzeros =      24 /      32             ( 75.00%) | total_pruned =       8 | shape = torch.Size([32])
1.7.1.5.bias         | nonzeros =       0 /      32             (  0.00%) | total_pruned =      32 | shape = torch.Size([32])
1.7.1.7.1.1.1.weight | nonzeros =   40959 /   51200             ( 80.00%) | total_pruned =   10241 | shape = torch.Size([64, 32, 5, 5])
1.7.1.7.1.1.1.bias   | nonzeros =      47 /      64             ( 73.44%) | total_pruned =      17 | shape = torch.Size([64])
1.7.1.7.1.2.weight   | nonzeros =      50 /      64             ( 78.12%) | total_pruned =      14 | shape = torch.Size([64])
1.7.1.7.1.2.bias     | nonzeros =       0 /      64             (  0.00%) | total_pruned =      64 | shape = torch.Size([64])
1.7.1.7.1.4.1.weight | nonzeros =   81919 /  102400             ( 80.00%) | total_pruned =   20481 | shape = torch.Size([64, 64, 5, 5])
1.7.1.7.1.4.1.bias   | nonzeros =      50 /      64             ( 78.12%) | total_pruned =      14 | shape = torch.Size([64])
1.7.1.7.1.5.weight   | nonzeros =      50 /      64             ( 78.12%) | total_pruned =      14 | shape = torch.Size([64])
1.7.1.7.1.5.bias     | nonzeros =       0 /      64             (  0.00%) | total_pruned =      64 | shape = torch.Size([64])
1.7.1.7.1.7.1.1.1.weight | nonzeros =  163839 /  204800             ( 80.00%) | total_pruned =   40961 | shape = torch.Size([128, 64, 5, 5])
1.7.1.7.1.7.1.1.1.bias | nonzeros =     101 /     128             ( 78.91%) | total_pruned =      27 | shape = torch.Size([128])
1.7.1.7.1.7.1.2.weight | nonzeros =     101 /     128             ( 78.91%) | total_pruned =      27 | shape = torch.Size([128])
1.7.1.7.1.7.1.2.bias | nonzeros =       0 /     128             (  0.00%) | total_pruned =     128 | shape = torch.Size([128])
1.7.1.7.1.7.1.4.1.weight | nonzeros =  327679 /  409600             ( 80.00%) | total_pruned =   81921 | shape = torch.Size([128, 128, 5, 5])
1.7.1.7.1.7.1.4.1.bias | nonzeros =     101 /     128             ( 78.91%) | total_pruned =      27 | shape = torch.Size([128])
1.7.1.7.1.7.1.5.weight | nonzeros =     101 /     128             ( 78.91%) | total_pruned =      27 | shape = torch.Size([128])
1.7.1.7.1.7.1.5.bias | nonzeros =       0 /     128             (  0.00%) | total_pruned =     128 | shape = torch.Size([128])
1.7.1.7.1.7.1.7.1.1.1.weight | nonzeros =  327679 /  409600             ( 80.00%) | total_pruned =   81921 | shape = torch.Size([128, 128, 5, 5])
1.7.1.7.1.7.1.7.1.1.1.bias | nonzeros =     101 /     128             ( 78.91%) | total_pruned =      27 | shape = torch.Size([128])
1.7.1.7.1.7.1.7.1.2.weight | nonzeros =     101 /     128             ( 78.91%) | total_pruned =      27 | shape = torch.Size([128])
1.7.1.7.1.7.1.7.1.2.bias | nonzeros =       0 /     128             (  0.00%) | total_pruned =     128 | shape = torch.Size([128])
1.7.1.7.1.7.1.7.1.4.1.weight | nonzeros =  327679 /  409600             ( 80.00%) | total_pruned =   81921 | shape = torch.Size([128, 128, 5, 5])
1.7.1.7.1.7.1.7.1.4.1.bias | nonzeros =     101 /     128             ( 78.91%) | total_pruned =      27 | shape = torch.Size([128])
1.7.1.7.1.7.1.7.1.5.weight | nonzeros =     101 /     128             ( 78.91%) | total_pruned =      27 | shape = torch.Size([128])
1.7.1.7.1.7.1.7.1.5.bias | nonzeros =       0 /     128             (  0.00%) | total_pruned =     128 | shape = torch.Size([128])
1.7.1.7.1.7.1.7.1.7.1.1.1.weight | nonzeros =  327679 /  409600             ( 80.00%) | total_pruned =   81921 | shape = torch.Size([128, 128, 5, 5])
1.7.1.7.1.7.1.7.1.7.1.1.1.bias | nonzeros =     101 /     128             ( 78.91%) | total_pruned =      27 | shape = torch.Size([128])
1.7.1.7.1.7.1.7.1.7.1.2.weight | nonzeros =     101 /     128             ( 78.91%) | total_pruned =      27 | shape = torch.Size([128])
1.7.1.7.1.7.1.7.1.7.1.2.bias | nonzeros =       0 /     128             (  0.00%) | total_pruned =     128 | shape = torch.Size([128])
1.7.1.7.1.7.1.7.1.7.1.4.1.weight | nonzeros =  327679 /  409600             ( 80.00%) | total_pruned =   81921 | shape = torch.Size([128, 128, 5, 5])
1.7.1.7.1.7.1.7.1.7.1.4.1.bias | nonzeros =      97 /     128             ( 75.78%) | total_pruned =      31 | shape = torch.Size([128])
1.7.1.7.1.7.1.7.1.7.1.5.weight | nonzeros =     101 /     128             ( 78.91%) | total_pruned =      27 | shape = torch.Size([128])
1.7.1.7.1.7.1.7.1.7.1.5.bias | nonzeros =       0 /     128             (  0.00%) | total_pruned =     128 | shape = torch.Size([128])
1.7.1.7.1.7.1.7.1.7.2.weight | nonzeros =     101 /     128             ( 78.91%) | total_pruned =      27 | shape = torch.Size([128])
1.7.1.7.1.7.1.7.1.7.2.bias | nonzeros =       0 /     128             (  0.00%) | total_pruned =     128 | shape = torch.Size([128])
1.7.1.7.1.7.1.7.1.7.3.1.weight | nonzeros =  117963 /  147456             ( 80.00%) | total_pruned =   29493 | shape = torch.Size([128, 128, 3, 3])
1.7.1.7.1.7.1.7.1.7.3.1.bias | nonzeros =     100 /     128             ( 78.12%) | total_pruned =      28 | shape = torch.Size([128])
1.7.1.7.1.7.1.7.1.7.4.weight | nonzeros =     101 /     128             ( 78.91%) | total_pruned =      27 | shape = torch.Size([128])
1.7.1.7.1.7.1.7.1.7.4.bias | nonzeros =       0 /     128             (  0.00%) | total_pruned =     128 | shape = torch.Size([128])
1.7.1.7.1.7.1.7.2.weight | nonzeros =     101 /     128             ( 78.91%) | total_pruned =      27 | shape = torch.Size([128])
1.7.1.7.1.7.1.7.2.bias | nonzeros =       0 /     128             (  0.00%) | total_pruned =     128 | shape = torch.Size([128])
1.7.1.7.1.7.1.7.3.1.weight | nonzeros =  117963 /  147456             ( 80.00%) | total_pruned =   29493 | shape = torch.Size([128, 128, 3, 3])
1.7.1.7.1.7.1.7.3.1.bias | nonzeros =     101 /     128             ( 78.91%) | total_pruned =      27 | shape = torch.Size([128])
1.7.1.7.1.7.1.7.4.weight | nonzeros =     101 /     128             ( 78.91%) | total_pruned =      27 | shape = torch.Size([128])
1.7.1.7.1.7.1.7.4.bias | nonzeros =       0 /     128             (  0.00%) | total_pruned =     128 | shape = torch.Size([128])
1.7.1.7.1.7.2.weight | nonzeros =     101 /     128             ( 78.91%) | total_pruned =      27 | shape = torch.Size([128])
1.7.1.7.1.7.2.bias   | nonzeros =       0 /     128             (  0.00%) | total_pruned =     128 | shape = torch.Size([128])
1.7.1.7.1.7.3.1.weight | nonzeros =  117963 /  147456             ( 80.00%) | total_pruned =   29493 | shape = torch.Size([128, 128, 3, 3])
1.7.1.7.1.7.3.1.bias | nonzeros =     101 /     128             ( 78.91%) | total_pruned =      27 | shape = torch.Size([128])
1.7.1.7.1.7.4.weight | nonzeros =     101 /     128             ( 78.91%) | total_pruned =      27 | shape = torch.Size([128])
1.7.1.7.1.7.4.bias   | nonzeros =       0 /     128             (  0.00%) | total_pruned =     128 | shape = torch.Size([128])
1.7.1.7.2.weight     | nonzeros =     101 /     128             ( 78.91%) | total_pruned =      27 | shape = torch.Size([128])
1.7.1.7.2.bias       | nonzeros =       0 /     128             (  0.00%) | total_pruned =     128 | shape = torch.Size([128])
1.7.1.7.3.1.weight   | nonzeros =   58981 /   73728             ( 80.00%) | total_pruned =   14747 | shape = torch.Size([64, 128, 3, 3])
1.7.1.7.3.1.bias     | nonzeros =      50 /      64             ( 78.12%) | total_pruned =      14 | shape = torch.Size([64])
1.7.1.7.4.weight     | nonzeros =      50 /      64             ( 78.12%) | total_pruned =      14 | shape = torch.Size([64])
1.7.1.7.4.bias       | nonzeros =       0 /      64             (  0.00%) | total_pruned =      64 | shape = torch.Size([64])
1.7.2.weight         | nonzeros =      50 /      64             ( 78.12%) | total_pruned =      14 | shape = torch.Size([64])
1.7.2.bias           | nonzeros =       0 /      64             (  0.00%) | total_pruned =      64 | shape = torch.Size([64])
1.7.3.1.weight       | nonzeros =   14744 /   18432             ( 79.99%) | total_pruned =    3688 | shape = torch.Size([32, 64, 3, 3])
1.7.3.1.bias         | nonzeros =      23 /      32             ( 71.88%) | total_pruned =       9 | shape = torch.Size([32])
1.7.4.weight         | nonzeros =      24 /      32             ( 75.00%) | total_pruned =       8 | shape = torch.Size([32])
1.7.4.bias           | nonzeros =       0 /      32             (  0.00%) | total_pruned =      32 | shape = torch.Size([32])
2.weight             | nonzeros =      24 /      32             ( 75.00%) | total_pruned =       8 | shape = torch.Size([32])
2.bias               | nonzeros =       0 /      32             (  0.00%) | total_pruned =      32 | shape = torch.Size([32])
3.1.weight           | nonzeros =    3685 /    4608             ( 79.97%) | total_pruned =     923 | shape = torch.Size([16, 32, 3, 3])
3.1.bias             | nonzeros =      11 /      16             ( 68.75%) | total_pruned =       5 | shape = torch.Size([16])
4.weight             | nonzeros =      11 /      16             ( 68.75%) | total_pruned =       5 | shape = torch.Size([16])
4.bias               | nonzeros =       0 /      16             (  0.00%) | total_pruned =      16 | shape = torch.Size([16])
6.1.weight           | nonzeros =      37 /      48             ( 77.08%) | total_pruned =      11 | shape = torch.Size([3, 16, 1, 1])
6.1.bias             | nonzeros =       1 /       3             ( 33.33%) | total_pruned =       2 | shape = torch.Size([3])
alive: 2405322, pruned : 603545, total: 3008867, Compression rate :       1.25x  ( 20.06% pruned)
Initial PSNR of output image is:  11.129171391388176
epoch:  0 loss:  0.08287335187196732 PSNR:  11.129171391388176
epoch:  200 loss:  0.022528577595949173 PSNR:  18.54243834691627
epoch:  400 loss:  0.020728660747408867 PSNR:  19.164312833140997
epoch:  600 loss:  0.01953417807817459 PSNR:  19.62511309726591
epoch:  800 loss:  0.018723074346780777 PSNR:  19.9558678233254
epoch:  1000 loss:  0.017094850540161133 PSNR:  20.663223257933474
epoch:  1200 loss:  0.015841111540794373 PSNR:  21.271785845580666
epoch:  1400 loss:  0.0147386584430933 PSNR:  21.86275967870189
epoch:  1600 loss:  0.013869686052203178 PSNR:  22.307442396577734
epoch:  1800 loss:  0.013005314394831657 PSNR:  22.82135950807237
epoch:  2000 loss:  0.012608982622623444 PSNR:  22.99489953647642
epoch:  2200 loss:  0.012166852131485939 PSNR:  23.246467950130018
epoch:  2400 loss:  0.011728443205356598 PSNR:  23.460648241284545
epoch:  2600 loss:  0.011431096121668816 PSNR:  23.555249877451736
epoch:  2800 loss:  0.011043263599276543 PSNR:  23.787721286710944
epoch:  3000 loss:  0.010759185068309307 PSNR:  23.879552638677282
epoch:  3200 loss:  0.010569311678409576 PSNR:  23.929521205998284
epoch:  3400 loss:  0.010542541742324829 PSNR:  23.828967554072463
epoch:  3600 loss:  0.010354079306125641 PSNR:  23.865594647471138
epoch:  3800 loss:  0.010197804309427738 PSNR:  23.935223881306964
epoch:  4000 loss:  0.010137599892914295 PSNR:  23.98878511686764
epoch:  4200 loss:  0.009977973997592926 PSNR:  24.02333154187371
epoch:  4400 loss:  0.009797855280339718 PSNR:  24.04908658017955
epoch:  4600 loss:  0.009799132123589516 PSNR:  24.028894909533932
epoch:  4800 loss:  0.009731484577059746 PSNR:  23.957665126988598
epoch:  5000 loss:  0.009594432078301907 PSNR:  24.006689498874344
epoch:  5200 loss:  0.009577646851539612 PSNR:  24.00648069736259
epoch:  5400 loss:  0.009550508111715317 PSNR:  23.94323978680852
epoch:  5600 loss:  0.00945376232266426 PSNR:  24.06858504674187
epoch:  5800 loss:  0.009653706103563309 PSNR:  23.780836830564546
epoch:  6000 loss:  0.009358199313282967 PSNR:  23.941608639735037
epoch:  6200 loss:  0.009344076737761497 PSNR:  23.94794925822167
epoch:  6400 loss:  0.009202304296195507 PSNR:  23.9965282790665
epoch:  6600 loss:  0.00928837712854147 PSNR:  24.00433331194914
epoch:  6800 loss:  0.009204399771988392 PSNR:  23.91169333847927
epoch:  7000 loss:  0.00918130949139595 PSNR:  23.97461071107292
epoch:  7200 loss:  0.009171435609459877 PSNR:  23.935605715819964
epoch:  7400 loss:  0.009077243506908417 PSNR:  23.952724076590826
epoch:  7600 loss:  0.008990023285150528 PSNR:  23.97749189706456
epoch:  7800 loss:  0.009005546569824219 PSNR:  23.90763474365307
epoch:  8000 loss:  0.008965986780822277 PSNR:  23.940068702544373
epoch:  8200 loss:  0.008953986689448357 PSNR:  23.921196075120726
epoch:  8400 loss:  0.008972412906587124 PSNR:  23.926062807115443
epoch:  8600 loss:  0.009016294032335281 PSNR:  23.85934207136571
epoch:  8800 loss:  0.00890637468546629 PSNR:  23.888407291265118
epoch:  9000 loss:  0.008885528892278671 PSNR:  23.917743284032284
epoch:  9200 loss:  0.00884962361305952 PSNR:  23.785978517255945
epoch:  9400 loss:  0.008773889392614365 PSNR:  23.9220237141018
epoch:  9600 loss:  0.008741460740566254 PSNR:  23.858522794192805
epoch:  9800 loss:  0.008699243888258934 PSNR:  23.97476975770647
epoch:  10000 loss:  0.0087168850004673 PSNR:  23.913715964682233
epoch:  10200 loss:  0.008671564981341362 PSNR:  23.914438451107443
epoch:  10400 loss:  0.008720926009118557 PSNR:  23.839522018324004
epoch:  10600 loss:  0.008708730340003967 PSNR:  23.970012678084682
epoch:  10800 loss:  0.008577133528888226 PSNR:  23.946201148184862
epoch:  11000 loss:  0.008591786026954651 PSNR:  23.88930768516257
epoch:  11200 loss:  0.008650589734315872 PSNR:  23.857444980760263
epoch:  11400 loss:  0.008627877570688725 PSNR:  23.830666616067333
epoch:  11600 loss:  0.008524199947714806 PSNR:  23.92459988181022
epoch:  11800 loss:  0.008546829223632812 PSNR:  23.83633380197123
epoch:  12000 loss:  0.008564410731196404 PSNR:  23.870720511002418
epoch:  12200 loss:  0.008541613817214966 PSNR:  23.82568445231766
epoch:  12400 loss:  0.008501272648572922 PSNR:  23.81174307929028
epoch:  12600 loss:  0.008525372482836246 PSNR:  23.883298199893623
epoch:  12800 loss:  0.008531304076313972 PSNR:  23.830192161540378
epoch:  13000 loss:  0.008497274480760098 PSNR:  23.889523002532922
epoch:  13200 loss:  0.008430898189544678 PSNR:  23.910675048081785
epoch:  13400 loss:  0.008393707685172558 PSNR:  23.93336450676232
epoch:  13600 loss:  0.008431325666606426 PSNR:  23.85642235416803
epoch:  13800 loss:  0.008462107740342617 PSNR:  23.814829219866006
epoch:  14000 loss:  0.008395517244935036 PSNR:  23.838889458727728
epoch:  14200 loss:  0.008380254730582237 PSNR:  23.822148224574555
epoch:  14400 loss:  0.008431203663349152 PSNR:  23.782566247926468
epoch:  14600 loss:  0.008400782942771912 PSNR:  23.783325662054565
epoch:  14800 loss:  0.008354442194104195 PSNR:  23.8234521707561
epoch:  15000 loss:  0.008372860960662365 PSNR:  23.811358145281474
epoch:  15200 loss:  0.008371276780962944 PSNR:  23.86858262240515
epoch:  15400 loss:  0.008382415398955345 PSNR:  23.77234451731446
epoch:  15600 loss:  0.008318336680531502 PSNR:  23.851646960871165
epoch:  15800 loss:  0.008298447355628014 PSNR:  23.77801451103587
epoch:  16000 loss:  0.008407444693148136 PSNR:  23.80615524898686
epoch:  16200 loss:  0.008314995095133781 PSNR:  23.78679847023716
epoch:  16400 loss:  0.008293958380818367 PSNR:  23.84752747727376
epoch:  16600 loss:  0.008291082456707954 PSNR:  23.86357580031752
epoch:  16800 loss:  0.008284233510494232 PSNR:  23.841101830466926
epoch:  17000 loss:  0.008211316540837288 PSNR:  23.8734568808912
epoch:  17200 loss:  0.00827538501471281 PSNR:  23.775079851446343
epoch:  17400 loss:  0.008245762437582016 PSNR:  23.755961763052692
epoch:  17600 loss:  0.008326458744704723 PSNR:  23.705378213226346
epoch:  17800 loss:  0.008213970810174942 PSNR:  23.817104570230935
epoch:  18000 loss:  0.008238952606916428 PSNR:  23.793450278977186
epoch:  18200 loss:  0.008156606927514076 PSNR:  23.835884070544683
epoch:  18400 loss:  0.008227561600506306 PSNR:  23.787661823509207
epoch:  18600 loss:  0.00818792637437582 PSNR:  23.793329720196166
epoch:  18800 loss:  0.008224176242947578 PSNR:  23.779839440689766
epoch:  19000 loss:  0.008220314979553223 PSNR:  23.77808610091847
epoch:  19200 loss:  0.008266231045126915 PSNR:  23.77171872852393
epoch:  19400 loss:  0.008218484930694103 PSNR:  23.70829556787367
epoch:  19600 loss:  0.008146433159708977 PSNR:  23.78276013871584
epoch:  19800 loss:  0.008173628710210323 PSNR:  23.74529866550374
epoch:  20000 loss:  0.008267728611826897 PSNR:  23.67625973780218
epoch:  20200 loss:  0.008130650036036968 PSNR:  23.823212357960507
epoch:  20400 loss:  0.008182015269994736 PSNR:  23.752668045910003
epoch:  20600 loss:  0.008152836933732033 PSNR:  23.740819831362955
epoch:  20800 loss:  0.008115438744425774 PSNR:  23.74485290989535
epoch:  21000 loss:  0.008117537945508957 PSNR:  23.777115815169086
epoch:  21200 loss:  0.008113489486277103 PSNR:  23.786536599044446
epoch:  21400 loss:  0.008143039420247078 PSNR:  23.76245751700494
epoch:  21600 loss:  0.00807871948927641 PSNR:  23.825559525262282
epoch:  21800 loss:  0.008095039054751396 PSNR:  23.77177356712927
epoch:  22000 loss:  0.00813547894358635 PSNR:  23.71037962758239
epoch:  22200 loss:  0.008098503574728966 PSNR:  23.698164636178802
epoch:  22400 loss:  0.00810656975954771 PSNR:  23.681244495446244
epoch:  22600 loss:  0.008076145313680172 PSNR:  23.749105510306144
epoch:  22800 loss:  0.008089579641819 PSNR:  23.76693036596248
epoch:  23000 loss:  0.008238696493208408 PSNR:  23.566197406583566
epoch:  23200 loss:  0.008095729164779186 PSNR:  23.656021097279595
epoch:  23400 loss:  0.008076542988419533 PSNR:  23.735906601043325
epoch:  23600 loss:  0.008066157810389996 PSNR:  23.76549317484315
epoch:  23800 loss:  0.00806434266269207 PSNR:  23.77065049311357
epoch:  24000 loss:  0.008063888177275658 PSNR:  23.775493436537204
epoch:  24200 loss:  0.008025027811527252 PSNR:  23.669320037608628
epoch:  24400 loss:  0.008081357926130295 PSNR:  23.655386581827337
epoch:  24600 loss:  0.008014997467398643 PSNR:  23.723146631329133
epoch:  24800 loss:  0.00811006873846054 PSNR:  23.63324148618519
epoch:  25000 loss:  0.008015773259103298 PSNR:  23.693479246601605
epoch:  25200 loss:  0.007952302694320679 PSNR:  23.730621564129297
epoch:  25400 loss:  0.007982097566127777 PSNR:  23.70676091465423
epoch:  25600 loss:  0.008005754090845585 PSNR:  23.70369323414507
epoch:  25800 loss:  0.008028984069824219 PSNR:  23.754463333851668
epoch:  26000 loss:  0.008005615323781967 PSNR:  23.71384771508186
epoch:  26200 loss:  0.00797597598284483 PSNR:  23.716793006293084
epoch:  26400 loss:  0.007988511584699154 PSNR:  23.71408881170953
epoch:  26600 loss:  0.008010391145944595 PSNR:  23.65630763689422
epoch:  26800 loss:  0.008018966764211655 PSNR:  23.640984063870157
epoch:  27000 loss:  0.008011299185454845 PSNR:  23.6485096365761
epoch:  27200 loss:  0.007964440621435642 PSNR:  23.773279451176883
epoch:  27400 loss:  0.007967887446284294 PSNR:  23.719227980035434
epoch:  27600 loss:  0.00794601533561945 PSNR:  23.6847599333747
epoch:  27800 loss:  0.007931355386972427 PSNR:  23.65776208117099
epoch:  28000 loss:  0.007934726774692535 PSNR:  23.64725240674355
epoch:  28200 loss:  0.007970361039042473 PSNR:  23.682531272249577
epoch:  28400 loss:  0.007943757809698582 PSNR:  23.704690161394858
epoch:  28600 loss:  0.007994432933628559 PSNR:  23.627700904462085
epoch:  28800 loss:  0.007939590141177177 PSNR:  23.693041662835824
epoch:  29000 loss:  0.007947834208607674 PSNR:  23.673211125850063
epoch:  29200 loss:  0.007942693307995796 PSNR:  23.660191373763425
epoch:  29400 loss:  0.007997735403478146 PSNR:  23.59033381279704
epoch:  29600 loss:  0.007906796410679817 PSNR:  23.675321512239464
epoch:  29800 loss:  0.007924966514110565 PSNR:  23.68361691197334
epoch:  30000 loss:  0.007925152778625488 PSNR:  23.701260207859395
epoch:  30200 loss:  0.007946818135678768 PSNR:  23.634305385134255
epoch:  30400 loss:  0.00785633735358715 PSNR:  23.754013223197866
epoch:  30600 loss:  0.007856417447328568 PSNR:  23.66000335563639
epoch:  30800 loss:  0.007899031043052673 PSNR:  23.636125954064482
epoch:  31000 loss:  0.007880683057010174 PSNR:  23.661429442550986
epoch:  31200 loss:  0.007876304909586906 PSNR:  23.657317589467176
epoch:  31400 loss:  0.00790360476821661 PSNR:  23.70805865265084
epoch:  31600 loss:  0.007849653251469135 PSNR:  23.69882950680923
epoch:  31800 loss:  0.007846212014555931 PSNR:  23.69607969203781
epoch:  32000 loss:  0.007905799895524979 PSNR:  23.663904251350157
epoch:  32200 loss:  0.007896997034549713 PSNR:  23.67712534561937
epoch:  32400 loss:  0.007976608350872993 PSNR:  23.61859776675547
epoch:  32600 loss:  0.007906658574938774 PSNR:  23.629750427675006
epoch:  32800 loss:  0.007868682965636253 PSNR:  23.689593507014575
epoch:  33000 loss:  0.007843955419957638 PSNR:  23.669314298998422
epoch:  33200 loss:  0.007932656444609165 PSNR:  23.62124360647355
epoch:  33400 loss:  0.007868550717830658 PSNR:  23.622375057787515
epoch:  33600 loss:  0.007817517034709454 PSNR:  23.673032594379777
epoch:  33800 loss:  0.007845507934689522 PSNR:  23.67356198789805
epoch:  34000 loss:  0.007836299948394299 PSNR:  23.67784114725339
epoch:  34200 loss:  0.0079139843583107 PSNR:  23.621141449794145
epoch:  34400 loss:  0.007837551645934582 PSNR:  23.6714280551222
epoch:  34600 loss:  0.007828212343156338 PSNR:  23.698009145279556
epoch:  34800 loss:  0.007852925918996334 PSNR:  23.574939498450078
epoch:  35000 loss:  0.007821178063750267 PSNR:  23.61066896177238
epoch:  35200 loss:  0.007850277237594128 PSNR:  23.61509578531343
epoch:  35400 loss:  0.007861820980906487 PSNR:  23.649848163059804
epoch:  35600 loss:  0.007835891097784042 PSNR:  23.70829074258745
epoch:  35800 loss:  0.007864408195018768 PSNR:  23.626404699022086
epoch:  36000 loss:  0.007816038094460964 PSNR:  23.587616624089442
epoch:  36200 loss:  0.00779398437589407 PSNR:  23.675355991674056
epoch:  36400 loss:  0.007814096286892891 PSNR:  23.642196708285617
epoch:  36600 loss:  0.00780443986877799 PSNR:  23.60633148488784
epoch:  36800 loss:  0.00782382395118475 PSNR:  23.697050808798732
epoch:  37000 loss:  0.007774127181619406 PSNR:  23.645386743276738
epoch:  37200 loss:  0.0078368429094553 PSNR:  23.620748452751204
epoch:  37400 loss:  0.007754850201308727 PSNR:  23.66395822295488
epoch:  37600 loss:  0.0078124492429196835 PSNR:  23.628734546780787
epoch:  37800 loss:  0.00778178870677948 PSNR:  23.64506382987728
epoch:  38000 loss:  0.007777021266520023 PSNR:  23.599762317151573
epoch:  38200 loss:  0.007829487323760986 PSNR:  23.621862273260255
epoch:  38400 loss:  0.007776798214763403 PSNR:  23.60901277741808
epoch:  38600 loss:  0.007763247936964035 PSNR:  23.613546969611114
epoch:  38800 loss:  0.007763014640659094 PSNR:  23.633037084269173
epoch:  39000 loss:  0.007795234676450491 PSNR:  23.624134312061482
epoch:  39200 loss:  0.0077936844900250435 PSNR:  23.633585813716927
epoch:  39400 loss:  0.007765667047351599 PSNR:  23.579342212212623
epoch:  39600 loss:  0.007752286270260811 PSNR:  23.597227829144536
epoch:  39800 loss:  0.007803425192832947 PSNR:  23.555447855747072
Output directory: data/denoising/Set14/mask/7/pai/grasp_local/sparse_0.8
PSNR of output image is:  23.555447855747072
(3, 512, 512) (1, 3, 512, 512) (3, 512, 512)
Experiment done
