(3, 512, 512)
Starting random mask  training on 7 using ADAM(sigma=0.1,lr=0.01,decay=0,beta=0)
Noisy PSNR is '20.241781746849806'
1.1.1.weight         | nonzeros =   11519 /   12800             ( 89.99%) | total_pruned =    1281 | shape = torch.Size([16, 32, 5, 5])
1.1.1.bias           | nonzeros =      13 /      16             ( 81.25%) | total_pruned =       3 | shape = torch.Size([16])
1.2.weight           | nonzeros =      13 /      16             ( 81.25%) | total_pruned =       3 | shape = torch.Size([16])
1.2.bias             | nonzeros =       0 /      16             (  0.00%) | total_pruned =      16 | shape = torch.Size([16])
1.4.1.weight         | nonzeros =    5759 /    6400             ( 89.98%) | total_pruned =     641 | shape = torch.Size([16, 16, 5, 5])
1.4.1.bias           | nonzeros =      13 /      16             ( 81.25%) | total_pruned =       3 | shape = torch.Size([16])
1.5.weight           | nonzeros =      13 /      16             ( 81.25%) | total_pruned =       3 | shape = torch.Size([16])
1.5.bias             | nonzeros =       0 /      16             (  0.00%) | total_pruned =      16 | shape = torch.Size([16])
1.7.1.1.1.weight     | nonzeros =   11519 /   12800             ( 89.99%) | total_pruned =    1281 | shape = torch.Size([32, 16, 5, 5])
1.7.1.1.1.bias       | nonzeros =      27 /      32             ( 84.38%) | total_pruned =       5 | shape = torch.Size([32])
1.7.1.2.weight       | nonzeros =      27 /      32             ( 84.38%) | total_pruned =       5 | shape = torch.Size([32])
1.7.1.2.bias         | nonzeros =       0 /      32             (  0.00%) | total_pruned =      32 | shape = torch.Size([32])
1.7.1.4.1.weight     | nonzeros =   23039 /   25600             ( 90.00%) | total_pruned =    2561 | shape = torch.Size([32, 32, 5, 5])
1.7.1.4.1.bias       | nonzeros =      27 /      32             ( 84.38%) | total_pruned =       5 | shape = torch.Size([32])
1.7.1.5.weight       | nonzeros =      27 /      32             ( 84.38%) | total_pruned =       5 | shape = torch.Size([32])
1.7.1.5.bias         | nonzeros =       0 /      32             (  0.00%) | total_pruned =      32 | shape = torch.Size([32])
1.7.1.7.1.1.1.weight | nonzeros =   46079 /   51200             ( 90.00%) | total_pruned =    5121 | shape = torch.Size([64, 32, 5, 5])
1.7.1.7.1.1.1.bias   | nonzeros =      53 /      64             ( 82.81%) | total_pruned =      11 | shape = torch.Size([64])
1.7.1.7.1.2.weight   | nonzeros =      56 /      64             ( 87.50%) | total_pruned =       8 | shape = torch.Size([64])
1.7.1.7.1.2.bias     | nonzeros =       0 /      64             (  0.00%) | total_pruned =      64 | shape = torch.Size([64])
1.7.1.7.1.4.1.weight | nonzeros =   92159 /  102400             ( 90.00%) | total_pruned =   10241 | shape = torch.Size([64, 64, 5, 5])
1.7.1.7.1.4.1.bias   | nonzeros =      56 /      64             ( 87.50%) | total_pruned =       8 | shape = torch.Size([64])
1.7.1.7.1.5.weight   | nonzeros =      56 /      64             ( 87.50%) | total_pruned =       8 | shape = torch.Size([64])
1.7.1.7.1.5.bias     | nonzeros =       0 /      64             (  0.00%) | total_pruned =      64 | shape = torch.Size([64])
1.7.1.7.1.7.1.1.1.weight | nonzeros =  184319 /  204800             ( 90.00%) | total_pruned =   20481 | shape = torch.Size([128, 64, 5, 5])
1.7.1.7.1.7.1.1.1.bias | nonzeros =     105 /     128             ( 82.03%) | total_pruned =      23 | shape = torch.Size([128])
1.7.1.7.1.7.1.2.weight | nonzeros =     114 /     128             ( 89.06%) | total_pruned =      14 | shape = torch.Size([128])
1.7.1.7.1.7.1.2.bias | nonzeros =       0 /     128             (  0.00%) | total_pruned =     128 | shape = torch.Size([128])
1.7.1.7.1.7.1.4.1.weight | nonzeros =  368639 /  409600             ( 90.00%) | total_pruned =   40961 | shape = torch.Size([128, 128, 5, 5])
1.7.1.7.1.7.1.4.1.bias | nonzeros =     113 /     128             ( 88.28%) | total_pruned =      15 | shape = torch.Size([128])
1.7.1.7.1.7.1.5.weight | nonzeros =     114 /     128             ( 89.06%) | total_pruned =      14 | shape = torch.Size([128])
1.7.1.7.1.7.1.5.bias | nonzeros =       0 /     128             (  0.00%) | total_pruned =     128 | shape = torch.Size([128])
1.7.1.7.1.7.1.7.1.1.1.weight | nonzeros =  368639 /  409600             ( 90.00%) | total_pruned =   40961 | shape = torch.Size([128, 128, 5, 5])
1.7.1.7.1.7.1.7.1.1.1.bias | nonzeros =     114 /     128             ( 89.06%) | total_pruned =      14 | shape = torch.Size([128])
1.7.1.7.1.7.1.7.1.2.weight | nonzeros =     114 /     128             ( 89.06%) | total_pruned =      14 | shape = torch.Size([128])
1.7.1.7.1.7.1.7.1.2.bias | nonzeros =       0 /     128             (  0.00%) | total_pruned =     128 | shape = torch.Size([128])
1.7.1.7.1.7.1.7.1.4.1.weight | nonzeros =  368639 /  409600             ( 90.00%) | total_pruned =   40961 | shape = torch.Size([128, 128, 5, 5])
1.7.1.7.1.7.1.7.1.4.1.bias | nonzeros =     111 /     128             ( 86.72%) | total_pruned =      17 | shape = torch.Size([128])
1.7.1.7.1.7.1.7.1.5.weight | nonzeros =     114 /     128             ( 89.06%) | total_pruned =      14 | shape = torch.Size([128])
1.7.1.7.1.7.1.7.1.5.bias | nonzeros =       0 /     128             (  0.00%) | total_pruned =     128 | shape = torch.Size([128])
1.7.1.7.1.7.1.7.1.7.1.1.1.weight | nonzeros =  368639 /  409600             ( 90.00%) | total_pruned =   40961 | shape = torch.Size([128, 128, 5, 5])
1.7.1.7.1.7.1.7.1.7.1.1.1.bias | nonzeros =     108 /     128             ( 84.38%) | total_pruned =      20 | shape = torch.Size([128])
1.7.1.7.1.7.1.7.1.7.1.2.weight | nonzeros =     114 /     128             ( 89.06%) | total_pruned =      14 | shape = torch.Size([128])
1.7.1.7.1.7.1.7.1.7.1.2.bias | nonzeros =       0 /     128             (  0.00%) | total_pruned =     128 | shape = torch.Size([128])
1.7.1.7.1.7.1.7.1.7.1.4.1.weight | nonzeros =  368639 /  409600             ( 90.00%) | total_pruned =   40961 | shape = torch.Size([128, 128, 5, 5])
1.7.1.7.1.7.1.7.1.7.1.4.1.bias | nonzeros =     106 /     128             ( 82.81%) | total_pruned =      22 | shape = torch.Size([128])
1.7.1.7.1.7.1.7.1.7.1.5.weight | nonzeros =     114 /     128             ( 89.06%) | total_pruned =      14 | shape = torch.Size([128])
1.7.1.7.1.7.1.7.1.7.1.5.bias | nonzeros =       0 /     128             (  0.00%) | total_pruned =     128 | shape = torch.Size([128])
1.7.1.7.1.7.1.7.1.7.2.weight | nonzeros =     114 /     128             ( 89.06%) | total_pruned =      14 | shape = torch.Size([128])
1.7.1.7.1.7.1.7.1.7.2.bias | nonzeros =       0 /     128             (  0.00%) | total_pruned =     128 | shape = torch.Size([128])
1.7.1.7.1.7.1.7.1.7.3.1.weight | nonzeros =  132709 /  147456             ( 90.00%) | total_pruned =   14747 | shape = torch.Size([128, 128, 3, 3])
1.7.1.7.1.7.1.7.1.7.3.1.bias | nonzeros =     104 /     128             ( 81.25%) | total_pruned =      24 | shape = torch.Size([128])
1.7.1.7.1.7.1.7.1.7.4.weight | nonzeros =     114 /     128             ( 89.06%) | total_pruned =      14 | shape = torch.Size([128])
1.7.1.7.1.7.1.7.1.7.4.bias | nonzeros =       0 /     128             (  0.00%) | total_pruned =     128 | shape = torch.Size([128])
1.7.1.7.1.7.1.7.2.weight | nonzeros =     114 /     128             ( 89.06%) | total_pruned =      14 | shape = torch.Size([128])
1.7.1.7.1.7.1.7.2.bias | nonzeros =       0 /     128             (  0.00%) | total_pruned =     128 | shape = torch.Size([128])
1.7.1.7.1.7.1.7.3.1.weight | nonzeros =  132709 /  147456             ( 90.00%) | total_pruned =   14747 | shape = torch.Size([128, 128, 3, 3])
1.7.1.7.1.7.1.7.3.1.bias | nonzeros =     114 /     128             ( 89.06%) | total_pruned =      14 | shape = torch.Size([128])
1.7.1.7.1.7.1.7.4.weight | nonzeros =     114 /     128             ( 89.06%) | total_pruned =      14 | shape = torch.Size([128])
1.7.1.7.1.7.1.7.4.bias | nonzeros =       0 /     128             (  0.00%) | total_pruned =     128 | shape = torch.Size([128])
1.7.1.7.1.7.2.weight | nonzeros =     114 /     128             ( 89.06%) | total_pruned =      14 | shape = torch.Size([128])
1.7.1.7.1.7.2.bias   | nonzeros =       0 /     128             (  0.00%) | total_pruned =     128 | shape = torch.Size([128])
1.7.1.7.1.7.3.1.weight | nonzeros =  132709 /  147456             ( 90.00%) | total_pruned =   14747 | shape = torch.Size([128, 128, 3, 3])
1.7.1.7.1.7.3.1.bias | nonzeros =     114 /     128             ( 89.06%) | total_pruned =      14 | shape = torch.Size([128])
1.7.1.7.1.7.4.weight | nonzeros =     114 /     128             ( 89.06%) | total_pruned =      14 | shape = torch.Size([128])
1.7.1.7.1.7.4.bias   | nonzeros =       0 /     128             (  0.00%) | total_pruned =     128 | shape = torch.Size([128])
1.7.1.7.2.weight     | nonzeros =     114 /     128             ( 89.06%) | total_pruned =      14 | shape = torch.Size([128])
1.7.1.7.2.bias       | nonzeros =       0 /     128             (  0.00%) | total_pruned =     128 | shape = torch.Size([128])
1.7.1.7.3.1.weight   | nonzeros =   66354 /   73728             ( 90.00%) | total_pruned =    7374 | shape = torch.Size([64, 128, 3, 3])
1.7.1.7.3.1.bias     | nonzeros =      50 /      64             ( 78.12%) | total_pruned =      14 | shape = torch.Size([64])
1.7.1.7.4.weight     | nonzeros =      56 /      64             ( 87.50%) | total_pruned =       8 | shape = torch.Size([64])
1.7.1.7.4.bias       | nonzeros =       0 /      64             (  0.00%) | total_pruned =      64 | shape = torch.Size([64])
1.7.2.weight         | nonzeros =      56 /      64             ( 87.50%) | total_pruned =       8 | shape = torch.Size([64])
1.7.2.bias           | nonzeros =       0 /      64             (  0.00%) | total_pruned =      64 | shape = torch.Size([64])
1.7.3.1.weight       | nonzeros =   16587 /   18432             ( 89.99%) | total_pruned =    1845 | shape = torch.Size([32, 64, 3, 3])
1.7.3.1.bias         | nonzeros =      26 /      32             ( 81.25%) | total_pruned =       6 | shape = torch.Size([32])
1.7.4.weight         | nonzeros =      27 /      32             ( 84.38%) | total_pruned =       5 | shape = torch.Size([32])
1.7.4.bias           | nonzeros =       0 /      32             (  0.00%) | total_pruned =      32 | shape = torch.Size([32])
2.weight             | nonzeros =      27 /      32             ( 84.38%) | total_pruned =       5 | shape = torch.Size([32])
2.bias               | nonzeros =       0 /      32             (  0.00%) | total_pruned =      32 | shape = torch.Size([32])
3.1.weight           | nonzeros =    4146 /    4608             ( 89.97%) | total_pruned =     462 | shape = torch.Size([16, 32, 3, 3])
3.1.bias             | nonzeros =      13 /      16             ( 81.25%) | total_pruned =       3 | shape = torch.Size([16])
4.weight             | nonzeros =      13 /      16             ( 81.25%) | total_pruned =       3 | shape = torch.Size([16])
4.bias               | nonzeros =       0 /      16             (  0.00%) | total_pruned =      16 | shape = torch.Size([16])
6.1.weight           | nonzeros =      42 /      48             ( 87.50%) | total_pruned =       6 | shape = torch.Size([3, 16, 1, 1])
6.1.bias             | nonzeros =       1 /       3             ( 33.33%) | total_pruned =       2 | shape = torch.Size([3])
alive: 2705965, pruned : 302902, total: 3008867, Compression rate :       1.11x  ( 10.07% pruned)
Initial PSNR of output image is:  11.260663015879906
epoch:  0 loss:  0.08089039474725723 PSNR:  11.260663015879906
epoch:  200 loss:  0.02269015461206436 PSNR:  18.48477337956212
epoch:  400 loss:  0.02126145176589489 PSNR:  18.977283500797355
epoch:  600 loss:  0.02024056203663349 PSNR:  19.35467117159724
epoch:  800 loss:  0.019446900114417076 PSNR:  19.665581187708646
epoch:  1000 loss:  0.018180187791585922 PSNR:  20.19754959115992
epoch:  1200 loss:  0.016889002174139023 PSNR:  20.772590756447205
epoch:  1400 loss:  0.0154896080493927 PSNR:  21.487810379101898
epoch:  1600 loss:  0.014347745105624199 PSNR:  22.111345005933266
epoch:  1800 loss:  0.013266305439174175 PSNR:  22.724601579854244
epoch:  2000 loss:  0.012473268434405327 PSNR:  23.186364859298585
epoch:  2200 loss:  0.012013799510896206 PSNR:  23.397570502095352
epoch:  2400 loss:  0.011460509151220322 PSNR:  23.66010452173885
epoch:  2600 loss:  0.011086907237768173 PSNR:  23.846669078935207
epoch:  2800 loss:  0.010667189955711365 PSNR:  24.07651394997625
epoch:  3000 loss:  0.01052461564540863 PSNR:  24.028644519076575
epoch:  3200 loss:  0.010187458246946335 PSNR:  24.098241081196235
epoch:  3400 loss:  0.010075805708765984 PSNR:  24.137248203414895
epoch:  3600 loss:  0.009849308989942074 PSNR:  24.118135393339045
epoch:  3800 loss:  0.009625110775232315 PSNR:  24.209008816822216
epoch:  4000 loss:  0.009523464366793633 PSNR:  24.173748572234697
epoch:  4200 loss:  0.009470604360103607 PSNR:  24.095898547293494
epoch:  4400 loss:  0.009310906752943993 PSNR:  24.117932565015437
epoch:  4600 loss:  0.009183797053992748 PSNR:  24.110736833975054
epoch:  4800 loss:  0.009076779708266258 PSNR:  24.08239572095155
epoch:  5000 loss:  0.008982320316135883 PSNR:  24.02917025180576
epoch:  5200 loss:  0.009045366197824478 PSNR:  24.012585564856227
epoch:  5400 loss:  0.02332570217549801 PSNR:  18.287821910687505
epoch:  5600 loss:  0.02107049524784088 PSNR:  19.039127342838505
epoch:  5800 loss:  0.01958800107240677 PSNR:  19.603113401597646
epoch:  6000 loss:  0.019238587468862534 PSNR:  19.724636550490473
epoch:  6200 loss:  0.017774051055312157 PSNR:  20.348789582021087
epoch:  6400 loss:  0.01672155223786831 PSNR:  20.832963108037752
epoch:  6600 loss:  0.015730081126093864 PSNR:  21.337610909936195
epoch:  6800 loss:  0.015069734305143356 PSNR:  21.68769596976277
epoch:  7000 loss:  0.014317592605948448 PSNR:  22.098914625695034
epoch:  7200 loss:  0.013648083433508873 PSNR:  22.48236685771576
epoch:  7400 loss:  0.013145695440471172 PSNR:  22.79522789498253
epoch:  7600 loss:  0.01278597116470337 PSNR:  22.976897245179163
epoch:  7800 loss:  0.012404076755046844 PSNR:  23.191812295093847
epoch:  8000 loss:  0.01195584051311016 PSNR:  23.447648262149876
epoch:  8200 loss:  0.011963095515966415 PSNR:  23.30886625341659
epoch:  8400 loss:  0.01168561540544033 PSNR:  23.46437678294031
epoch:  8600 loss:  0.011221833527088165 PSNR:  23.801703959985538
epoch:  8800 loss:  0.01107795350253582 PSNR:  23.851225062617377
epoch:  9000 loss:  0.010997123084962368 PSNR:  23.789713528770456
epoch:  9200 loss:  0.010693336836993694 PSNR:  23.974119242479222
epoch:  9400 loss:  0.010583100840449333 PSNR:  23.959042615288205
epoch:  9600 loss:  0.010558909736573696 PSNR:  23.93364097353158
epoch:  9800 loss:  0.010386370122432709 PSNR:  23.995412061943576
epoch:  10000 loss:  0.010105935856699944 PSNR:  24.126199192001245
epoch:  10200 loss:  0.01005847193300724 PSNR:  24.13502507831017
epoch:  10400 loss:  0.009993523359298706 PSNR:  24.069309905934418
epoch:  10600 loss:  0.009801441803574562 PSNR:  24.16049130363524
epoch:  10800 loss:  0.009792783297598362 PSNR:  24.14892189507605
epoch:  11000 loss:  0.009789961390197277 PSNR:  23.99640143348126
epoch:  11200 loss:  0.009765921160578728 PSNR:  23.98277989760233
epoch:  11400 loss:  0.009663863107562065 PSNR:  24.066710149542207
epoch:  11600 loss:  0.009435968473553658 PSNR:  24.149943128221445
epoch:  11800 loss:  0.009473726153373718 PSNR:  24.075009441781678
epoch:  12000 loss:  0.009290067479014397 PSNR:  24.15944081980465
epoch:  12200 loss:  0.009300177916884422 PSNR:  24.079960003138048
epoch:  12400 loss:  0.009253358468413353 PSNR:  24.001115771914744
epoch:  12600 loss:  0.009066999889910221 PSNR:  24.17738073070715
epoch:  12800 loss:  0.009129630401730537 PSNR:  24.104888743082917
epoch:  13000 loss:  0.008934523910284042 PSNR:  24.156882867703423
epoch:  13200 loss:  0.008967820554971695 PSNR:  24.08775569072011
epoch:  13400 loss:  0.008953806012868881 PSNR:  24.046607915346346
epoch:  13600 loss:  0.008921356871724129 PSNR:  24.058193939478308
epoch:  13800 loss:  0.008802628144621849 PSNR:  24.051055440802482
epoch:  14000 loss:  0.008769579231739044 PSNR:  24.079613356309224
epoch:  14200 loss:  0.008764593861997128 PSNR:  24.039642829517017
epoch:  14400 loss:  0.008659882470965385 PSNR:  24.08245410029865
epoch:  14600 loss:  0.008707377128303051 PSNR:  23.964137238500726
epoch:  14800 loss:  0.008717237040400505 PSNR:  23.934255971924706
epoch:  15000 loss:  0.00852128118276596 PSNR:  23.98188252847596
epoch:  15200 loss:  0.008475443348288536 PSNR:  24.00096762935975
epoch:  15400 loss:  0.008583909831941128 PSNR:  23.81389518746634
epoch:  15600 loss:  0.008517473936080933 PSNR:  23.88767152134312
epoch:  15800 loss:  0.008354580961167812 PSNR:  23.997960447436498
epoch:  16000 loss:  0.008450467139482498 PSNR:  23.938976569006478
epoch:  16200 loss:  0.008326957002282143 PSNR:  23.985632562981696
epoch:  16400 loss:  0.008409067988395691 PSNR:  23.85234223488366
epoch:  16600 loss:  0.008438380435109138 PSNR:  23.762660284226648
epoch:  16800 loss:  0.008407538756728172 PSNR:  23.896363373389136
epoch:  17000 loss:  0.008223949931561947 PSNR:  23.854514561001746
epoch:  17200 loss:  0.008317607454955578 PSNR:  23.76499938771412
epoch:  17400 loss:  0.008262957446277142 PSNR:  23.86681961870199
epoch:  17600 loss:  0.008230796083807945 PSNR:  23.926662525699108
epoch:  17800 loss:  0.00821199081838131 PSNR:  23.715509089327238
epoch:  18000 loss:  0.008010483346879482 PSNR:  23.906999257481452
epoch:  18200 loss:  0.0081342663615942 PSNR:  23.7788648397091
epoch:  18400 loss:  0.008140327408909798 PSNR:  23.815432566207228
epoch:  18600 loss:  0.007986935786902905 PSNR:  23.900311582764743
epoch:  18800 loss:  0.008060123771429062 PSNR:  23.72637732503477
epoch:  19000 loss:  0.007946526631712914 PSNR:  23.9004522963929
epoch:  19200 loss:  0.00802662130445242 PSNR:  23.791257616482625
epoch:  19400 loss:  0.007955899462103844 PSNR:  23.728080824485495
epoch:  19600 loss:  0.008102974854409695 PSNR:  23.6440457873721
epoch:  19800 loss:  0.007936852052807808 PSNR:  23.797749771606583
epoch:  20000 loss:  0.007905125617980957 PSNR:  23.755637840024896
epoch:  20200 loss:  0.00809661764651537 PSNR:  23.63896247561328
epoch:  20400 loss:  0.00790663342922926 PSNR:  23.66648035226095
epoch:  20600 loss:  0.00786296185106039 PSNR:  23.781433509705
epoch:  20800 loss:  0.007857538759708405 PSNR:  23.739022398080877
epoch:  21000 loss:  0.0077929189428687096 PSNR:  23.7116330546949
epoch:  21200 loss:  0.00773372408002615 PSNR:  23.760950495912958
epoch:  21400 loss:  0.007806825451552868 PSNR:  23.59795880681336
epoch:  21600 loss:  0.007889932952821255 PSNR:  23.541137967560168
epoch:  21800 loss:  0.007770034484565258 PSNR:  23.744830525994818
epoch:  22000 loss:  0.007787734270095825 PSNR:  23.614056884522018
epoch:  22200 loss:  0.007700721733272076 PSNR:  23.59939524938892
epoch:  22400 loss:  0.007779959589242935 PSNR:  23.68972371239046
epoch:  22600 loss:  0.0076926215551793575 PSNR:  23.67293064806543
epoch:  22800 loss:  0.007626350037753582 PSNR:  23.64270429478976
epoch:  23000 loss:  0.007672365754842758 PSNR:  23.58813007439955
epoch:  23200 loss:  0.007723272778093815 PSNR:  23.66392383389027
epoch:  23400 loss:  0.007626054342836142 PSNR:  23.704878677719098
epoch:  23600 loss:  0.007823657244443893 PSNR:  23.533900772985447
epoch:  23800 loss:  0.0076140365563333035 PSNR:  23.59729508900271
epoch:  24000 loss:  0.007520082872360945 PSNR:  23.661594608708437
epoch:  24200 loss:  0.007517445832490921 PSNR:  23.73690900837922
epoch:  24400 loss:  0.007519538514316082 PSNR:  23.697754498834303
epoch:  24600 loss:  0.007653938140720129 PSNR:  23.6084926083236
epoch:  24800 loss:  0.007458885665982962 PSNR:  23.66490689534904
epoch:  25000 loss:  0.007487166672945023 PSNR:  23.530370061218893
epoch:  25200 loss:  0.007538464851677418 PSNR:  23.546087075427486
epoch:  25400 loss:  0.0077253831550478935 PSNR:  23.46890531108848
epoch:  25600 loss:  0.007529813796281815 PSNR:  23.50981512126213
epoch:  25800 loss:  0.007433313876390457 PSNR:  23.611154002298676
epoch:  26000 loss:  0.007466895040124655 PSNR:  23.54856165295473
epoch:  26200 loss:  0.007374749984592199 PSNR:  23.542808874497936
epoch:  26400 loss:  0.007324058562517166 PSNR:  23.612655234573232
epoch:  26600 loss:  0.007435747887939215 PSNR:  23.556143413401927
epoch:  26800 loss:  0.007503381930291653 PSNR:  23.45673528020717
epoch:  27000 loss:  0.007423238828778267 PSNR:  23.491762278970604
epoch:  27200 loss:  0.007377657573670149 PSNR:  23.552277096001646
epoch:  27400 loss:  0.007329074665904045 PSNR:  23.492454597489445
epoch:  27600 loss:  0.007399385794997215 PSNR:  23.511690302305738
epoch:  27800 loss:  0.007308205123990774 PSNR:  23.500281152488864
epoch:  28000 loss:  0.007361724507063627 PSNR:  23.43340644877468
epoch:  28200 loss:  0.007346035446971655 PSNR:  23.443618507362913
epoch:  28400 loss:  0.007325134705752134 PSNR:  23.556013890542108
epoch:  28600 loss:  0.007348281797021627 PSNR:  23.421114487593368
epoch:  28800 loss:  0.007202026899904013 PSNR:  23.544959522624186
epoch:  29000 loss:  0.007229851558804512 PSNR:  23.543956311828723
epoch:  29200 loss:  0.007259582169353962 PSNR:  23.551223327515572
epoch:  29400 loss:  0.007250658702105284 PSNR:  23.541719786322552
epoch:  29600 loss:  0.007230015005916357 PSNR:  23.51123561066059
epoch:  29800 loss:  0.007190541829913855 PSNR:  23.51679709253158
epoch:  30000 loss:  0.007277027703821659 PSNR:  23.47204043738442
epoch:  30200 loss:  0.0071906535886228085 PSNR:  23.387064036546356
epoch:  30400 loss:  0.0072673624381423 PSNR:  23.37854455998753
epoch:  30600 loss:  0.007171332836151123 PSNR:  23.476009299323273
epoch:  30800 loss:  0.00712480116635561 PSNR:  23.44519598895601
epoch:  31000 loss:  0.007263110484927893 PSNR:  23.373108982377207
epoch:  31200 loss:  0.007151002995669842 PSNR:  23.41212370457377
epoch:  31400 loss:  0.007245644461363554 PSNR:  23.446706349139703
epoch:  31600 loss:  0.007261793594807386 PSNR:  23.298773938121336
epoch:  31800 loss:  0.007196600548923016 PSNR:  23.41087449041478
epoch:  32000 loss:  0.007172479294240475 PSNR:  23.379854299041376
epoch:  32200 loss:  0.007094570901244879 PSNR:  23.44445530951649
epoch:  32400 loss:  0.007143964525312185 PSNR:  23.364989082695253
epoch:  32600 loss:  0.007088109385222197 PSNR:  23.4704093228208
epoch:  32800 loss:  0.0072261313907802105 PSNR:  23.22870947640604
epoch:  33000 loss:  0.0070815496146678925 PSNR:  23.364915517407503
epoch:  33200 loss:  0.0070937941782176495 PSNR:  23.36165091945079
epoch:  33400 loss:  0.007120562717318535 PSNR:  23.37607734752845
epoch:  33600 loss:  0.007047212682664394 PSNR:  23.40009445606066
epoch:  33800 loss:  0.007044784724712372 PSNR:  23.372777105586408
epoch:  34000 loss:  0.007106579840183258 PSNR:  23.41868572361568
epoch:  34200 loss:  0.007120904978364706 PSNR:  23.33718918894546
epoch:  34400 loss:  0.007005620282143354 PSNR:  23.433218938368633
epoch:  34600 loss:  0.006986700929701328 PSNR:  23.40604415302731
epoch:  34800 loss:  0.0070594786666333675 PSNR:  23.443743813101847
epoch:  35000 loss:  0.0070522380992770195 PSNR:  23.3767666666689
epoch:  35200 loss:  0.00698036840185523 PSNR:  23.353976641277868
epoch:  35400 loss:  0.006980166770517826 PSNR:  23.39861100043844
epoch:  35600 loss:  0.006946912035346031 PSNR:  23.38710078303596
epoch:  35800 loss:  0.00695076584815979 PSNR:  23.42184080687317
epoch:  36000 loss:  0.0069102696143090725 PSNR:  23.37956843089976
epoch:  36200 loss:  0.0072188726626336575 PSNR:  23.124419234182874
epoch:  36400 loss:  0.006965923588722944 PSNR:  23.373231823420973
epoch:  36600 loss:  0.007087768521159887 PSNR:  23.196586289335627
epoch:  36800 loss:  0.006944102700799704 PSNR:  23.267122304079123
epoch:  37000 loss:  0.0071372948586940765 PSNR:  23.170523841494774
epoch:  37200 loss:  0.007085760589689016 PSNR:  23.26710617509881
epoch:  37400 loss:  0.00693057244643569 PSNR:  23.285731402212726
epoch:  37600 loss:  0.007025559898465872 PSNR:  23.19714174568267
epoch:  37800 loss:  0.006912164390087128 PSNR:  23.37992945998666
epoch:  38000 loss:  0.007043618243187666 PSNR:  23.225350053583497
epoch:  38200 loss:  0.00688576465472579 PSNR:  23.320745733994464
epoch:  38400 loss:  0.007154455408453941 PSNR:  23.233051895698086
epoch:  38600 loss:  0.006905432790517807 PSNR:  23.25943165637345
epoch:  38800 loss:  0.006880445405840874 PSNR:  23.36680587186813
epoch:  39000 loss:  0.0068429019302129745 PSNR:  23.321787409430094
epoch:  39200 loss:  0.007150451652705669 PSNR:  23.04337664712635
epoch:  39400 loss:  0.006839189678430557 PSNR:  23.31313937072356
epoch:  39600 loss:  0.0069013070315122604 PSNR:  23.27900513807699
epoch:  39800 loss:  0.00687510147690773 PSNR:  23.353158424577536
Output directory: data/denoising/Set14/mask/7/pai/grasp_local/sparse_0.9
PSNR of output image is:  23.353158424577536
(3, 512, 512) (1, 3, 512, 512) (3, 512, 512)
Experiment done
