Starting random mask  training on 8 using ADAM(sigma=0.1,lr=0.01,decay=0,beta=0)
Noisy PSNR is '21.53202608716994'
1.1.1.weight         | nonzeros =   12715 /   12800             ( 99.34%) | total_pruned =      85 | shape = torch.Size([16, 32, 5, 5])
1.1.1.bias           | nonzeros =       0 /      16             (  0.00%) | total_pruned =      16 | shape = torch.Size([16])
1.2.weight           | nonzeros =      15 /      16             ( 93.75%) | total_pruned =       1 | shape = torch.Size([16])
1.2.bias             | nonzeros =       0 /      16             (  0.00%) | total_pruned =      16 | shape = torch.Size([16])
1.4.1.weight         | nonzeros =    6361 /    6400             ( 99.39%) | total_pruned =      39 | shape = torch.Size([16, 16, 5, 5])
1.4.1.bias           | nonzeros =       0 /      16             (  0.00%) | total_pruned =      16 | shape = torch.Size([16])
1.5.weight           | nonzeros =      16 /      16             (100.00%) | total_pruned =       0 | shape = torch.Size([16])
1.5.bias             | nonzeros =       0 /      16             (  0.00%) | total_pruned =      16 | shape = torch.Size([16])
1.7.1.1.1.weight     | nonzeros =   12668 /   12800             ( 98.97%) | total_pruned =     132 | shape = torch.Size([32, 16, 5, 5])
1.7.1.1.1.bias       | nonzeros =       0 /      32             (  0.00%) | total_pruned =      32 | shape = torch.Size([32])
1.7.1.2.weight       | nonzeros =      30 /      32             ( 93.75%) | total_pruned =       2 | shape = torch.Size([32])
1.7.1.2.bias         | nonzeros =       0 /      32             (  0.00%) | total_pruned =      32 | shape = torch.Size([32])
1.7.1.4.1.weight     | nonzeros =   25297 /   25600             ( 98.82%) | total_pruned =     303 | shape = torch.Size([32, 32, 5, 5])
1.7.1.4.1.bias       | nonzeros =       0 /      32             (  0.00%) | total_pruned =      32 | shape = torch.Size([32])
1.7.1.5.weight       | nonzeros =      31 /      32             ( 96.88%) | total_pruned =       1 | shape = torch.Size([32])
1.7.1.5.bias         | nonzeros =       0 /      32             (  0.00%) | total_pruned =      32 | shape = torch.Size([32])
1.7.1.7.1.1.1.weight | nonzeros =   50132 /   51200             ( 97.91%) | total_pruned =    1068 | shape = torch.Size([64, 32, 5, 5])
1.7.1.7.1.1.1.bias   | nonzeros =       0 /      64             (  0.00%) | total_pruned =      64 | shape = torch.Size([64])
1.7.1.7.1.2.weight   | nonzeros =      64 /      64             (100.00%) | total_pruned =       0 | shape = torch.Size([64])
1.7.1.7.1.2.bias     | nonzeros =       0 /      64             (  0.00%) | total_pruned =      64 | shape = torch.Size([64])
1.7.1.7.1.4.1.weight | nonzeros =  100226 /  102400             ( 97.88%) | total_pruned =    2174 | shape = torch.Size([64, 64, 5, 5])
1.7.1.7.1.4.1.bias   | nonzeros =       0 /      64             (  0.00%) | total_pruned =      64 | shape = torch.Size([64])
1.7.1.7.1.5.weight   | nonzeros =      63 /      64             ( 98.44%) | total_pruned =       1 | shape = torch.Size([64])
1.7.1.7.1.5.bias     | nonzeros =       0 /      64             (  0.00%) | total_pruned =      64 | shape = torch.Size([64])
1.7.1.7.1.7.1.1.1.weight | nonzeros =  197793 /  204800             ( 96.58%) | total_pruned =    7007 | shape = torch.Size([128, 64, 5, 5])
1.7.1.7.1.7.1.1.1.bias | nonzeros =       0 /     128             (  0.00%) | total_pruned =     128 | shape = torch.Size([128])
1.7.1.7.1.7.1.2.weight | nonzeros =     123 /     128             ( 96.09%) | total_pruned =       5 | shape = torch.Size([128])
1.7.1.7.1.7.1.2.bias | nonzeros =       0 /     128             (  0.00%) | total_pruned =     128 | shape = torch.Size([128])
1.7.1.7.1.7.1.4.1.weight | nonzeros =  394363 /  409600             ( 96.28%) | total_pruned =   15237 | shape = torch.Size([128, 128, 5, 5])
1.7.1.7.1.7.1.4.1.bias | nonzeros =       0 /     128             (  0.00%) | total_pruned =     128 | shape = torch.Size([128])
1.7.1.7.1.7.1.5.weight | nonzeros =     121 /     128             ( 94.53%) | total_pruned =       7 | shape = torch.Size([128])
1.7.1.7.1.7.1.5.bias | nonzeros =       0 /     128             (  0.00%) | total_pruned =     128 | shape = torch.Size([128])
1.7.1.7.1.7.1.7.1.1.1.weight | nonzeros =  392575 /  409600             ( 95.84%) | total_pruned =   17025 | shape = torch.Size([128, 128, 5, 5])
1.7.1.7.1.7.1.7.1.1.1.bias | nonzeros =       0 /     128             (  0.00%) | total_pruned =     128 | shape = torch.Size([128])
1.7.1.7.1.7.1.7.1.2.weight | nonzeros =     117 /     128             ( 91.41%) | total_pruned =      11 | shape = torch.Size([128])
1.7.1.7.1.7.1.7.1.2.bias | nonzeros =       0 /     128             (  0.00%) | total_pruned =     128 | shape = torch.Size([128])
1.7.1.7.1.7.1.7.1.4.1.weight | nonzeros =  390924 /  409600             ( 95.44%) | total_pruned =   18676 | shape = torch.Size([128, 128, 5, 5])
1.7.1.7.1.7.1.7.1.4.1.bias | nonzeros =       0 /     128             (  0.00%) | total_pruned =     128 | shape = torch.Size([128])
1.7.1.7.1.7.1.7.1.5.weight | nonzeros =     119 /     128             ( 92.97%) | total_pruned =       9 | shape = torch.Size([128])
1.7.1.7.1.7.1.7.1.5.bias | nonzeros =       0 /     128             (  0.00%) | total_pruned =     128 | shape = torch.Size([128])
1.7.1.7.1.7.1.7.1.7.1.1.1.weight | nonzeros =  387878 /  409600             ( 94.70%) | total_pruned =   21722 | shape = torch.Size([128, 128, 5, 5])
1.7.1.7.1.7.1.7.1.7.1.1.1.bias | nonzeros =       0 /     128             (  0.00%) | total_pruned =     128 | shape = torch.Size([128])
1.7.1.7.1.7.1.7.1.7.1.2.weight | nonzeros =     117 /     128             ( 91.41%) | total_pruned =      11 | shape = torch.Size([128])
1.7.1.7.1.7.1.7.1.7.1.2.bias | nonzeros =       0 /     128             (  0.00%) | total_pruned =     128 | shape = torch.Size([128])
1.7.1.7.1.7.1.7.1.7.1.4.1.weight | nonzeros =  384201 /  409600             ( 93.80%) | total_pruned =   25399 | shape = torch.Size([128, 128, 5, 5])
1.7.1.7.1.7.1.7.1.7.1.4.1.bias | nonzeros =       0 /     128             (  0.00%) | total_pruned =     128 | shape = torch.Size([128])
1.7.1.7.1.7.1.7.1.7.1.5.weight | nonzeros =       0 /     128             (  0.00%) | total_pruned =     128 | shape = torch.Size([128])
1.7.1.7.1.7.1.7.1.7.1.5.bias | nonzeros =       0 /     128             (  0.00%) | total_pruned =     128 | shape = torch.Size([128])
1.7.1.7.1.7.1.7.1.7.2.weight | nonzeros =     113 /     128             ( 88.28%) | total_pruned =      15 | shape = torch.Size([128])
1.7.1.7.1.7.1.7.1.7.2.bias | nonzeros =       0 /     128             (  0.00%) | total_pruned =     128 | shape = torch.Size([128])
1.7.1.7.1.7.1.7.1.7.3.1.weight | nonzeros =  137345 /  147456             ( 93.14%) | total_pruned =   10111 | shape = torch.Size([128, 128, 3, 3])
1.7.1.7.1.7.1.7.1.7.3.1.bias | nonzeros =       0 /     128             (  0.00%) | total_pruned =     128 | shape = torch.Size([128])
1.7.1.7.1.7.1.7.1.7.4.weight | nonzeros =       0 /     128             (  0.00%) | total_pruned =     128 | shape = torch.Size([128])
1.7.1.7.1.7.1.7.1.7.4.bias | nonzeros =       0 /     128             (  0.00%) | total_pruned =     128 | shape = torch.Size([128])
1.7.1.7.1.7.1.7.2.weight | nonzeros =     115 /     128             ( 89.84%) | total_pruned =      13 | shape = torch.Size([128])
1.7.1.7.1.7.1.7.2.bias | nonzeros =       0 /     128             (  0.00%) | total_pruned =     128 | shape = torch.Size([128])
1.7.1.7.1.7.1.7.3.1.weight | nonzeros =  136580 /  147456             ( 92.62%) | total_pruned =   10876 | shape = torch.Size([128, 128, 3, 3])
1.7.1.7.1.7.1.7.3.1.bias | nonzeros =       0 /     128             (  0.00%) | total_pruned =     128 | shape = torch.Size([128])
1.7.1.7.1.7.1.7.4.weight | nonzeros =       0 /     128             (  0.00%) | total_pruned =     128 | shape = torch.Size([128])
1.7.1.7.1.7.1.7.4.bias | nonzeros =       0 /     128             (  0.00%) | total_pruned =     128 | shape = torch.Size([128])
1.7.1.7.1.7.2.weight | nonzeros =     118 /     128             ( 92.19%) | total_pruned =      10 | shape = torch.Size([128])
1.7.1.7.1.7.2.bias   | nonzeros =       0 /     128             (  0.00%) | total_pruned =     128 | shape = torch.Size([128])
1.7.1.7.1.7.3.1.weight | nonzeros =  135514 /  147456             ( 91.90%) | total_pruned =   11942 | shape = torch.Size([128, 128, 3, 3])
1.7.1.7.1.7.3.1.bias | nonzeros =       0 /     128             (  0.00%) | total_pruned =     128 | shape = torch.Size([128])
1.7.1.7.1.7.4.weight | nonzeros =       0 /     128             (  0.00%) | total_pruned =     128 | shape = torch.Size([128])
1.7.1.7.1.7.4.bias   | nonzeros =       0 /     128             (  0.00%) | total_pruned =     128 | shape = torch.Size([128])
1.7.1.7.2.weight     | nonzeros =     110 /     128             ( 85.94%) | total_pruned =      18 | shape = torch.Size([128])
1.7.1.7.2.bias       | nonzeros =       0 /     128             (  0.00%) | total_pruned =     128 | shape = torch.Size([128])
1.7.1.7.3.1.weight   | nonzeros =   69167 /   73728             ( 93.81%) | total_pruned =    4561 | shape = torch.Size([64, 128, 3, 3])
1.7.1.7.3.1.bias     | nonzeros =       0 /      64             (  0.00%) | total_pruned =      64 | shape = torch.Size([64])
1.7.1.7.4.weight     | nonzeros =       0 /      64             (  0.00%) | total_pruned =      64 | shape = torch.Size([64])
1.7.1.7.4.bias       | nonzeros =       0 /      64             (  0.00%) | total_pruned =      64 | shape = torch.Size([64])
1.7.2.weight         | nonzeros =      53 /      64             ( 82.81%) | total_pruned =      11 | shape = torch.Size([64])
1.7.2.bias           | nonzeros =       0 /      64             (  0.00%) | total_pruned =      64 | shape = torch.Size([64])
1.7.3.1.weight       | nonzeros =   17631 /   18432             ( 95.65%) | total_pruned =     801 | shape = torch.Size([32, 64, 3, 3])
1.7.3.1.bias         | nonzeros =       0 /      32             (  0.00%) | total_pruned =      32 | shape = torch.Size([32])
1.7.4.weight         | nonzeros =       0 /      32             (  0.00%) | total_pruned =      32 | shape = torch.Size([32])
1.7.4.bias           | nonzeros =       0 /      32             (  0.00%) | total_pruned =      32 | shape = torch.Size([32])
2.weight             | nonzeros =      28 /      32             ( 87.50%) | total_pruned =       4 | shape = torch.Size([32])
2.bias               | nonzeros =       0 /      32             (  0.00%) | total_pruned =      32 | shape = torch.Size([32])
3.1.weight           | nonzeros =    4456 /    4608             ( 96.70%) | total_pruned =     152 | shape = torch.Size([16, 32, 3, 3])
3.1.bias             | nonzeros =       0 /      16             (  0.00%) | total_pruned =      16 | shape = torch.Size([16])
4.weight             | nonzeros =      16 /      16             (100.00%) | total_pruned =       0 | shape = torch.Size([16])
4.bias               | nonzeros =       0 /      16             (  0.00%) | total_pruned =      16 | shape = torch.Size([16])
6.1.weight           | nonzeros =      48 /      48             (100.00%) | total_pruned =       0 | shape = torch.Size([3, 16, 1, 1])
6.1.bias             | nonzeros =       3 /       3             (100.00%) | total_pruned =       0 | shape = torch.Size([3])
alive: 2857246, pruned : 151621, total: 3008867, Compression rate :       1.05x  (  5.04% pruned)
Initial PSNR of output image is:  7.9030841226119675
epoch:  0 loss:  0.14919427037239075 PSNR:  7.9030841226119675
epoch:  200 loss:  0.08835603296756744 PSNR:  10.302052765487089
epoch:  400 loss:  0.08835603296756744 PSNR:  10.302045827885529
epoch:  600 loss:  0.08835603296756744 PSNR:  10.302045827885529
epoch:  800 loss:  0.08835603296756744 PSNR:  10.302045827885529
epoch:  1000 loss:  0.08835603296756744 PSNR:  10.302045827885529
epoch:  1200 loss:  0.08835603296756744 PSNR:  10.302045827885529
epoch:  1400 loss:  0.08835603296756744 PSNR:  10.302045827885529
epoch:  1600 loss:  0.08835603296756744 PSNR:  10.302045827885529
epoch:  1800 loss:  0.08835603296756744 PSNR:  10.302045827885529
epoch:  2000 loss:  0.08835603296756744 PSNR:  10.302045827885529
epoch:  2200 loss:  0.08835603296756744 PSNR:  10.302045827885529
epoch:  2400 loss:  0.08835603296756744 PSNR:  10.302045827885529
epoch:  2600 loss:  0.08835603296756744 PSNR:  10.302045827885529
epoch:  2800 loss:  0.08835603296756744 PSNR:  10.302045827885529
epoch:  3000 loss:  0.08835603296756744 PSNR:  10.302045827885529
epoch:  3200 loss:  0.08835603296756744 PSNR:  10.302045827885529
epoch:  3400 loss:  0.08835603296756744 PSNR:  10.302045827885529
epoch:  3600 loss:  0.08835603296756744 PSNR:  10.302045827885529
epoch:  3800 loss:  0.08835603296756744 PSNR:  10.302045827885529
epoch:  4000 loss:  0.08835603296756744 PSNR:  10.302045827885529
epoch:  4200 loss:  0.08835603296756744 PSNR:  10.302045827885529
epoch:  4400 loss:  0.08835603296756744 PSNR:  10.302045827885529
epoch:  4600 loss:  0.08835603296756744 PSNR:  10.302045827885529
epoch:  4800 loss:  0.08835601806640625 PSNR:  10.302045827885529
epoch:  5000 loss:  0.08835603296756744 PSNR:  10.302045827885529
epoch:  5200 loss:  0.08835603296756744 PSNR:  10.302045827885529
epoch:  5400 loss:  0.08835603296756744 PSNR:  10.302045827885529
epoch:  5600 loss:  0.08835603296756744 PSNR:  10.302045827885529
epoch:  5800 loss:  0.08835603296756744 PSNR:  10.302045827885529
epoch:  6000 loss:  0.08835603296756744 PSNR:  10.302045827885529
epoch:  6200 loss:  0.08835603296756744 PSNR:  10.302045827885529
epoch:  6400 loss:  0.08835603296756744 PSNR:  10.302045827885529
epoch:  6600 loss:  0.08835603296756744 PSNR:  10.302045827885529
epoch:  6800 loss:  0.08835604041814804 PSNR:  10.302045827885529
epoch:  7000 loss:  0.08835603296756744 PSNR:  10.302045827885529
epoch:  7200 loss:  0.08835603296756744 PSNR:  10.302048256044817
epoch:  7400 loss:  0.08835604041814804 PSNR:  10.302044440366549
epoch:  7600 loss:  0.08835604041814804 PSNR:  10.302012180675192
epoch:  7800 loss:  0.08835604041814804 PSNR:  10.301878981906292
epoch:  8000 loss:  0.08835603296756744 PSNR:  10.302043399727603
epoch:  8200 loss:  0.08835603296756744 PSNR:  10.302046174765344
epoch:  8400 loss:  0.08835603296756744 PSNR:  10.302046174765344
epoch:  8600 loss:  0.08835604041814804 PSNR:  10.302059356218834
epoch:  8800 loss:  0.08835603296756744 PSNR:  10.302041665329915
epoch:  9000 loss:  0.08835604041814804 PSNR:  10.301907078181628
epoch:  9200 loss:  0.08835649490356445 PSNR:  10.303078264882362
epoch:  9400 loss:  0.0883561372756958 PSNR:  10.302543975847914
epoch:  9600 loss:  0.08835603296756744 PSNR:  10.302049643565015
epoch:  9800 loss:  0.08835604041814804 PSNR:  10.302045827885529
epoch:  10000 loss:  0.08835603296756744 PSNR:  10.302038543415822
epoch:  10200 loss:  0.08835601806640625 PSNR:  10.302019118223
epoch:  10400 loss:  0.0883561372756958 PSNR:  10.301522417807938
epoch:  10600 loss:  0.08835615962743759 PSNR:  10.302582831015943
epoch:  10800 loss:  0.08835603296756744 PSNR:  10.302040277812264
epoch:  11000 loss:  0.08835603296756744 PSNR:  10.302046868525057
epoch:  11200 loss:  0.08835603296756744 PSNR:  10.302045827885529
epoch:  11400 loss:  0.08835604041814804 PSNR:  10.301867188462161
epoch:  11600 loss:  0.08835610747337341 PSNR:  10.301604966035857
epoch:  11800 loss:  0.08835603296756744 PSNR:  10.302045827885529
epoch:  12000 loss:  0.08835603296756744 PSNR:  10.302047215404954
epoch:  12200 loss:  0.08835603296756744 PSNR:  10.302047215404954
epoch:  12400 loss:  0.08835603296756744 PSNR:  10.30202813705172
epoch:  12600 loss:  0.08835603296756744 PSNR:  10.30202813705172
epoch:  12800 loss:  0.08835604041814804 PSNR:  10.301917831125225
epoch:  13000 loss:  0.08835604041814804 PSNR:  10.301881063105638
epoch:  13200 loss:  0.08835721015930176 PSNR:  10.303669528842914
epoch:  13400 loss:  0.0883561223745346 PSNR:  10.302505467944012
epoch:  13600 loss:  0.08835604041814804 PSNR:  10.302059356218834
epoch:  13800 loss:  0.08835604041814804 PSNR:  10.302048256044817
epoch:  14000 loss:  0.08835603296756744 PSNR:  10.30204756228488
epoch:  14200 loss:  0.08835603296756744 PSNR:  10.302050337325282
epoch:  14400 loss:  0.08835604041814804 PSNR:  10.302062478147887
epoch:  14600 loss:  0.08835603296756744 PSNR:  10.302000039993192
epoch:  14800 loss:  0.08835603296756744 PSNR:  10.302070803303003
epoch:  15000 loss:  0.08835607767105103 PSNR:  10.302370172610544
epoch:  15200 loss:  0.08835606276988983 PSNR:  10.302312239743731
epoch:  15400 loss:  0.08835603296756744 PSNR:  10.302045827885529
epoch:  15600 loss:  0.08835603296756744 PSNR:  10.302046174765344
epoch:  15800 loss:  0.08835603296756744 PSNR:  10.302072537712327
epoch:  16000 loss:  0.08835607767105103 PSNR:  10.301689596940435
epoch:  16200 loss:  0.08835695683956146 PSNR:  10.30349082262034
epoch:  16400 loss:  0.08835603296756744 PSNR:  10.302121795226324
epoch:  16600 loss:  0.08835603296756744 PSNR:  10.302096819515604
epoch:  16800 loss:  0.08835603296756744 PSNR:  10.302044440366549
epoch:  17000 loss:  0.08835603296756744 PSNR:  10.302044787246253
epoch:  17200 loss:  0.08835603296756744 PSNR:  10.302048602924822
epoch:  17400 loss:  0.08835603296756744 PSNR:  10.302043399727603
epoch:  17600 loss:  0.08835603296756744 PSNR:  10.302038543415822
epoch:  17800 loss:  0.08835603296756744 PSNR:  10.302050337325282
epoch:  18000 loss:  0.08835604041814804 PSNR:  10.30202258700106
epoch:  18200 loss:  0.08835603296756744 PSNR:  10.302108613583323
epoch:  18400 loss:  0.08835603296756744 PSNR:  10.301957027564374
epoch:  18600 loss:  0.08835607022047043 PSNR:  10.301743012376683
epoch:  18800 loss:  0.08835604041814804 PSNR:  10.30211242931797
epoch:  19000 loss:  0.08835603296756744 PSNR:  10.302048949804858
epoch:  19200 loss:  0.08835603296756744 PSNR:  10.302045827885529
epoch:  19400 loss:  0.08835603296756744 PSNR:  10.30204756228488
epoch:  19600 loss:  0.08835603296756744 PSNR:  10.30205415300873
epoch:  19800 loss:  0.08835604041814804 PSNR:  10.30206976265774
epoch:  20000 loss:  0.08835603296756744 PSNR:  10.302061090623587
epoch:  20200 loss:  0.088356152176857 PSNR:  10.302573117191345
epoch:  20400 loss:  0.08835670351982117 PSNR:  10.300746263729213
epoch:  20600 loss:  0.08835603296756744 PSNR:  10.302039930932917
epoch:  20800 loss:  0.08835604041814804 PSNR:  10.302045481005743
epoch:  21000 loss:  0.08835603296756744 PSNR:  10.302039237174316
epoch:  21200 loss:  0.08835603296756744 PSNR:  10.302065600079187
epoch:  21400 loss:  0.08835603296756744 PSNR:  10.302090575610368
epoch:  21600 loss:  0.08835606276988983 PSNR:  10.302312239743731
epoch:  21800 loss:  0.08835648745298386 PSNR:  10.300984158592746
epoch:  22000 loss:  0.08835604041814804 PSNR:  10.302166890623358
epoch:  22200 loss:  0.08835604041814804 PSNR:  10.302047215404954
epoch:  22400 loss:  0.08835601806640625 PSNR:  10.302044440366549
epoch:  22600 loss:  0.08835603296756744 PSNR:  10.302046868525057
epoch:  22800 loss:  0.08835603296756744 PSNR:  10.302082944182821
epoch:  23000 loss:  0.08835603296756744 PSNR:  10.3019712493687
epoch:  23200 loss:  0.08835603296756744 PSNR:  10.30198165559649
epoch:  23400 loss:  0.08835607022047043 PSNR:  10.302349705222012
epoch:  23600 loss:  0.088356614112854 PSNR:  10.303192416970532
epoch:  23800 loss:  0.08835603296756744 PSNR:  10.302127692290092
epoch:  24000 loss:  0.08835603296756744 PSNR:  10.302049643565015
epoch:  24200 loss:  0.08835604041814804 PSNR:  10.30204305284801
epoch:  24400 loss:  0.08835604041814804 PSNR:  10.302048256044817
epoch:  24600 loss:  0.08835604041814804 PSNR:  10.302049643565015
epoch:  24800 loss:  0.08835603296756744 PSNR:  10.302050337325282
epoch:  25000 loss:  0.08835604041814804 PSNR:  10.301946274523733
epoch:  25200 loss:  0.08835610002279282 PSNR:  10.302455165340634
epoch:  25400 loss:  0.08835606276988983 PSNR:  10.301759661478126
epoch:  25600 loss:  0.08835603296756744 PSNR:  10.302040624691635
epoch:  25800 loss:  0.08835603296756744 PSNR:  10.30204756228488
epoch:  26000 loss:  0.08835603296756744 PSNR:  10.302044440366549
epoch:  26200 loss:  0.08835603296756744 PSNR:  10.302045481005743
epoch:  26400 loss:  0.08835603296756744 PSNR:  10.302026749538388
epoch:  26600 loss:  0.08835603296756744 PSNR:  10.302094738212862
epoch:  26800 loss:  0.08835604041814804 PSNR:  10.302186316477153
epoch:  27000 loss:  0.08835695683956146 PSNR:  10.300525026265237
epoch:  27200 loss:  0.08835603296756744 PSNR:  10.302053806128278
epoch:  27400 loss:  0.08835603296756744 PSNR:  10.302048256044817
epoch:  27600 loss:  0.08835603296756744 PSNR:  10.302048949804858
epoch:  27800 loss:  0.08835603296756744 PSNR:  10.302039930932917
epoch:  28000 loss:  0.08835603296756744 PSNR:  10.30203472774609
epoch:  28200 loss:  0.08835607022047043 PSNR:  10.302344154760391
epoch:  28400 loss:  0.0883563682436943 PSNR:  10.301140219152757
epoch:  28600 loss:  0.0883580669760704 PSNR:  10.304148428374674
epoch:  28800 loss:  0.08835604041814804 PSNR:  10.301985818094588
epoch:  29000 loss:  0.08835603296756744 PSNR:  10.302044093486874
epoch:  29200 loss:  0.08835604041814804 PSNR:  10.302045481005743
epoch:  29400 loss:  0.08835603296756744 PSNR:  10.302029524565492
epoch:  29600 loss:  0.08835604041814804 PSNR:  10.302202967278134
epoch:  29800 loss:  0.0883561223745346 PSNR:  10.301582768038822
epoch:  30000 loss:  0.08835689723491669 PSNR:  10.300581201481663
epoch:  30200 loss:  0.08835606276988983 PSNR:  10.301795041030616
epoch:  30400 loss:  0.08835603296756744 PSNR:  10.302042705968443
epoch:  30600 loss:  0.08835603296756744 PSNR:  10.302046174765344
epoch:  30800 loss:  0.08835603296756744 PSNR:  10.302049990445134
epoch:  31000 loss:  0.08835603296756744 PSNR:  10.302053806128278
epoch:  31200 loss:  0.08835603296756744 PSNR:  10.302025362025503
epoch:  31400 loss:  0.08835604041814804 PSNR:  10.302084331714106
epoch:  31600 loss:  0.08835604041814804 PSNR:  10.301865801000254
epoch:  31800 loss:  0.08835606276988983 PSNR:  10.301762436334572
epoch:  32000 loss:  0.08835606276988983 PSNR:  10.302278590469298
epoch:  32200 loss:  0.08835621178150177 PSNR:  10.30139547695605
epoch:  32400 loss:  0.08835603296756744 PSNR:  10.30202501514735
epoch:  32600 loss:  0.08835603296756744 PSNR:  10.302044440366549
epoch:  32800 loss:  0.08835603296756744 PSNR:  10.302045827885529
epoch:  33000 loss:  0.08835603296756744 PSNR:  10.302039930932917
epoch:  33200 loss:  0.08835603296756744 PSNR:  10.302045827885529
epoch:  33400 loss:  0.0883561298251152 PSNR:  10.30155085861686
epoch:  33600 loss:  0.08835603296756744 PSNR:  10.302038543415822
epoch:  33800 loss:  0.08835603296756744 PSNR:  10.302046174765344
epoch:  34000 loss:  0.08835603296756744 PSNR:  10.302044093486874
epoch:  34200 loss:  0.08835603296756744 PSNR:  10.302049990445134
epoch:  34400 loss:  0.08835603296756744 PSNR:  10.302070456421221
epoch:  34600 loss:  0.08835604041814804 PSNR:  10.302078781591632
epoch:  34800 loss:  0.08835603296756744 PSNR:  10.302014261938371
epoch:  35000 loss:  0.0883563756942749 PSNR:  10.302718826841664
epoch:  35200 loss:  0.08835604041814804 PSNR:  10.302223780869134
epoch:  35400 loss:  0.08835603296756744 PSNR:  10.302055887411402
epoch:  35600 loss:  0.08835603296756744 PSNR:  10.302045481005743
epoch:  35800 loss:  0.08835603296756744 PSNR:  10.302044440366549
epoch:  36000 loss:  0.08835603296756744 PSNR:  10.302052418606745
epoch:  36200 loss:  0.08835603296756744 PSNR:  10.30206074374258
epoch:  36400 loss:  0.08835603296756744 PSNR:  10.302032993351864
epoch:  36600 loss:  0.08835606276988983 PSNR:  10.302292466427165
epoch:  36800 loss:  0.0883563756942749 PSNR:  10.3011232256197
epoch:  37000 loss:  0.08835603296756744 PSNR:  10.30204756228488
epoch:  37200 loss:  0.08835603296756744 PSNR:  10.302046174765344
epoch:  37400 loss:  0.08835606276988983 PSNR:  10.301798509629705
epoch:  37600 loss:  0.08835603296756744 PSNR:  10.302069415776042
epoch:  37800 loss:  0.08835607022047043 PSNR:  10.301757233480192
epoch:  38000 loss:  0.0883563682436943 PSNR:  10.301142299998107
epoch:  38200 loss:  0.08835604041814804 PSNR:  10.30217868488137
epoch:  38400 loss:  0.08835603296756744 PSNR:  10.302044787246253
epoch:  38600 loss:  0.08835603296756744 PSNR:  10.302045827885529
epoch:  38800 loss:  0.08835604041814804 PSNR:  10.302047215404954
epoch:  39000 loss:  0.08835603296756744 PSNR:  10.302049990445134
epoch:  39200 loss:  0.08835603296756744 PSNR:  10.302045827885529
epoch:  39400 loss:  0.08835603296756744 PSNR:  10.30202362763502
epoch:  39600 loss:  0.08835603296756744 PSNR:  10.301980961847194
epoch:  39800 loss:  0.08835604041814804 PSNR:  10.301885225507325
Output directory: data/denoising/Set14/mask/8/pai/synflow/sparse_0.95
PSNR of output image is:  10.301885225507325
(3, 512, 512) (1, 3, 512, 512) (3, 512, 512)
Experiment done
Starting random mask  training on 8 using ADAM(sigma=0.1,lr=0.01,decay=0,beta=0)
Noisy PSNR is '21.520583308179276'
1.1.1.weight         | nonzeros =   12724 /   12800             ( 99.41%) | total_pruned =      76 | shape = torch.Size([16, 32, 5, 5])
1.1.1.bias           | nonzeros =       0 /      16             (  0.00%) | total_pruned =      16 | shape = torch.Size([16])
1.2.weight           | nonzeros =      16 /      16             (100.00%) | total_pruned =       0 | shape = torch.Size([16])
1.2.bias             | nonzeros =       0 /      16             (  0.00%) | total_pruned =      16 | shape = torch.Size([16])
1.4.1.weight         | nonzeros =    6344 /    6400             ( 99.12%) | total_pruned =      56 | shape = torch.Size([16, 16, 5, 5])
1.4.1.bias           | nonzeros =       0 /      16             (  0.00%) | total_pruned =      16 | shape = torch.Size([16])
1.5.weight           | nonzeros =      16 /      16             (100.00%) | total_pruned =       0 | shape = torch.Size([16])
1.5.bias             | nonzeros =       0 /      16             (  0.00%) | total_pruned =      16 | shape = torch.Size([16])
1.7.1.1.1.weight     | nonzeros =   12652 /   12800             ( 98.84%) | total_pruned =     148 | shape = torch.Size([32, 16, 5, 5])
1.7.1.1.1.bias       | nonzeros =       0 /      32             (  0.00%) | total_pruned =      32 | shape = torch.Size([32])
1.7.1.2.weight       | nonzeros =      32 /      32             (100.00%) | total_pruned =       0 | shape = torch.Size([32])
1.7.1.2.bias         | nonzeros =       0 /      32             (  0.00%) | total_pruned =      32 | shape = torch.Size([32])
1.7.1.4.1.weight     | nonzeros =   25294 /   25600             ( 98.80%) | total_pruned =     306 | shape = torch.Size([32, 32, 5, 5])
1.7.1.4.1.bias       | nonzeros =       0 /      32             (  0.00%) | total_pruned =      32 | shape = torch.Size([32])
1.7.1.5.weight       | nonzeros =      31 /      32             ( 96.88%) | total_pruned =       1 | shape = torch.Size([32])
1.7.1.5.bias         | nonzeros =       0 /      32             (  0.00%) | total_pruned =      32 | shape = torch.Size([32])
1.7.1.7.1.1.1.weight | nonzeros =   50178 /   51200             ( 98.00%) | total_pruned =    1022 | shape = torch.Size([64, 32, 5, 5])
1.7.1.7.1.1.1.bias   | nonzeros =       0 /      64             (  0.00%) | total_pruned =      64 | shape = torch.Size([64])
1.7.1.7.1.2.weight   | nonzeros =      61 /      64             ( 95.31%) | total_pruned =       3 | shape = torch.Size([64])
1.7.1.7.1.2.bias     | nonzeros =       0 /      64             (  0.00%) | total_pruned =      64 | shape = torch.Size([64])
1.7.1.7.1.4.1.weight | nonzeros =  100241 /  102400             ( 97.89%) | total_pruned =    2159 | shape = torch.Size([64, 64, 5, 5])
1.7.1.7.1.4.1.bias   | nonzeros =       0 /      64             (  0.00%) | total_pruned =      64 | shape = torch.Size([64])
1.7.1.7.1.5.weight   | nonzeros =      62 /      64             ( 96.88%) | total_pruned =       2 | shape = torch.Size([64])
1.7.1.7.1.5.bias     | nonzeros =       0 /      64             (  0.00%) | total_pruned =      64 | shape = torch.Size([64])
1.7.1.7.1.7.1.1.1.weight | nonzeros =  197783 /  204800             ( 96.57%) | total_pruned =    7017 | shape = torch.Size([128, 64, 5, 5])
1.7.1.7.1.7.1.1.1.bias | nonzeros =       0 /     128             (  0.00%) | total_pruned =     128 | shape = torch.Size([128])
1.7.1.7.1.7.1.2.weight | nonzeros =     123 /     128             ( 96.09%) | total_pruned =       5 | shape = torch.Size([128])
1.7.1.7.1.7.1.2.bias | nonzeros =       0 /     128             (  0.00%) | total_pruned =     128 | shape = torch.Size([128])
1.7.1.7.1.7.1.4.1.weight | nonzeros =  394314 /  409600             ( 96.27%) | total_pruned =   15286 | shape = torch.Size([128, 128, 5, 5])
1.7.1.7.1.7.1.4.1.bias | nonzeros =       0 /     128             (  0.00%) | total_pruned =     128 | shape = torch.Size([128])
1.7.1.7.1.7.1.5.weight | nonzeros =     118 /     128             ( 92.19%) | total_pruned =      10 | shape = torch.Size([128])
1.7.1.7.1.7.1.5.bias | nonzeros =       0 /     128             (  0.00%) | total_pruned =     128 | shape = torch.Size([128])
1.7.1.7.1.7.1.7.1.1.1.weight | nonzeros =  392614 /  409600             ( 95.85%) | total_pruned =   16986 | shape = torch.Size([128, 128, 5, 5])
1.7.1.7.1.7.1.7.1.1.1.bias | nonzeros =       0 /     128             (  0.00%) | total_pruned =     128 | shape = torch.Size([128])
1.7.1.7.1.7.1.7.1.2.weight | nonzeros =     118 /     128             ( 92.19%) | total_pruned =      10 | shape = torch.Size([128])
1.7.1.7.1.7.1.7.1.2.bias | nonzeros =       0 /     128             (  0.00%) | total_pruned =     128 | shape = torch.Size([128])
1.7.1.7.1.7.1.7.1.4.1.weight | nonzeros =  390770 /  409600             ( 95.40%) | total_pruned =   18830 | shape = torch.Size([128, 128, 5, 5])
1.7.1.7.1.7.1.7.1.4.1.bias | nonzeros =       0 /     128             (  0.00%) | total_pruned =     128 | shape = torch.Size([128])
1.7.1.7.1.7.1.7.1.5.weight | nonzeros =     120 /     128             ( 93.75%) | total_pruned =       8 | shape = torch.Size([128])
1.7.1.7.1.7.1.7.1.5.bias | nonzeros =       0 /     128             (  0.00%) | total_pruned =     128 | shape = torch.Size([128])
1.7.1.7.1.7.1.7.1.7.1.1.1.weight | nonzeros =  388200 /  409600             ( 94.78%) | total_pruned =   21400 | shape = torch.Size([128, 128, 5, 5])
1.7.1.7.1.7.1.7.1.7.1.1.1.bias | nonzeros =       0 /     128             (  0.00%) | total_pruned =     128 | shape = torch.Size([128])
1.7.1.7.1.7.1.7.1.7.1.2.weight | nonzeros =     112 /     128             ( 87.50%) | total_pruned =      16 | shape = torch.Size([128])
1.7.1.7.1.7.1.7.1.7.1.2.bias | nonzeros =       0 /     128             (  0.00%) | total_pruned =     128 | shape = torch.Size([128])
1.7.1.7.1.7.1.7.1.7.1.4.1.weight | nonzeros =  384642 /  409600             ( 93.91%) | total_pruned =   24958 | shape = torch.Size([128, 128, 5, 5])
1.7.1.7.1.7.1.7.1.7.1.4.1.bias | nonzeros =       0 /     128             (  0.00%) | total_pruned =     128 | shape = torch.Size([128])
1.7.1.7.1.7.1.7.1.7.1.5.weight | nonzeros =       0 /     128             (  0.00%) | total_pruned =     128 | shape = torch.Size([128])
1.7.1.7.1.7.1.7.1.7.1.5.bias | nonzeros =       0 /     128             (  0.00%) | total_pruned =     128 | shape = torch.Size([128])
1.7.1.7.1.7.1.7.1.7.2.weight | nonzeros =     113 /     128             ( 88.28%) | total_pruned =      15 | shape = torch.Size([128])
1.7.1.7.1.7.1.7.1.7.2.bias | nonzeros =       0 /     128             (  0.00%) | total_pruned =     128 | shape = torch.Size([128])
1.7.1.7.1.7.1.7.1.7.3.1.weight | nonzeros =  137551 /  147456             ( 93.28%) | total_pruned =    9905 | shape = torch.Size([128, 128, 3, 3])
1.7.1.7.1.7.1.7.1.7.3.1.bias | nonzeros =       0 /     128             (  0.00%) | total_pruned =     128 | shape = torch.Size([128])
1.7.1.7.1.7.1.7.1.7.4.weight | nonzeros =       0 /     128             (  0.00%) | total_pruned =     128 | shape = torch.Size([128])
1.7.1.7.1.7.1.7.1.7.4.bias | nonzeros =       0 /     128             (  0.00%) | total_pruned =     128 | shape = torch.Size([128])
1.7.1.7.1.7.1.7.2.weight | nonzeros =     108 /     128             ( 84.38%) | total_pruned =      20 | shape = torch.Size([128])
1.7.1.7.1.7.1.7.2.bias | nonzeros =       0 /     128             (  0.00%) | total_pruned =     128 | shape = torch.Size([128])
1.7.1.7.1.7.1.7.3.1.weight | nonzeros =  136144 /  147456             ( 92.33%) | total_pruned =   11312 | shape = torch.Size([128, 128, 3, 3])
1.7.1.7.1.7.1.7.3.1.bias | nonzeros =       0 /     128             (  0.00%) | total_pruned =     128 | shape = torch.Size([128])
1.7.1.7.1.7.1.7.4.weight | nonzeros =       0 /     128             (  0.00%) | total_pruned =     128 | shape = torch.Size([128])
1.7.1.7.1.7.1.7.4.bias | nonzeros =       0 /     128             (  0.00%) | total_pruned =     128 | shape = torch.Size([128])
1.7.1.7.1.7.2.weight | nonzeros =     110 /     128             ( 85.94%) | total_pruned =      18 | shape = torch.Size([128])
1.7.1.7.1.7.2.bias   | nonzeros =       0 /     128             (  0.00%) | total_pruned =     128 | shape = torch.Size([128])
1.7.1.7.1.7.3.1.weight | nonzeros =  135328 /  147456             ( 91.78%) | total_pruned =   12128 | shape = torch.Size([128, 128, 3, 3])
1.7.1.7.1.7.3.1.bias | nonzeros =       0 /     128             (  0.00%) | total_pruned =     128 | shape = torch.Size([128])
1.7.1.7.1.7.4.weight | nonzeros =       0 /     128             (  0.00%) | total_pruned =     128 | shape = torch.Size([128])
1.7.1.7.1.7.4.bias   | nonzeros =       0 /     128             (  0.00%) | total_pruned =     128 | shape = torch.Size([128])
1.7.1.7.2.weight     | nonzeros =     108 /     128             ( 84.38%) | total_pruned =      20 | shape = torch.Size([128])
1.7.1.7.2.bias       | nonzeros =       0 /     128             (  0.00%) | total_pruned =     128 | shape = torch.Size([128])
1.7.1.7.3.1.weight   | nonzeros =   69018 /   73728             ( 93.61%) | total_pruned =    4710 | shape = torch.Size([64, 128, 3, 3])
1.7.1.7.3.1.bias     | nonzeros =       0 /      64             (  0.00%) | total_pruned =      64 | shape = torch.Size([64])
1.7.1.7.4.weight     | nonzeros =       0 /      64             (  0.00%) | total_pruned =      64 | shape = torch.Size([64])
1.7.1.7.4.bias       | nonzeros =       0 /      64             (  0.00%) | total_pruned =      64 | shape = torch.Size([64])
1.7.2.weight         | nonzeros =      62 /      64             ( 96.88%) | total_pruned =       2 | shape = torch.Size([64])
1.7.2.bias           | nonzeros =       0 /      64             (  0.00%) | total_pruned =      64 | shape = torch.Size([64])
1.7.3.1.weight       | nonzeros =   17609 /   18432             ( 95.53%) | total_pruned =     823 | shape = torch.Size([32, 64, 3, 3])
1.7.3.1.bias         | nonzeros =       0 /      32             (  0.00%) | total_pruned =      32 | shape = torch.Size([32])
1.7.4.weight         | nonzeros =       0 /      32             (  0.00%) | total_pruned =      32 | shape = torch.Size([32])
1.7.4.bias           | nonzeros =       0 /      32             (  0.00%) | total_pruned =      32 | shape = torch.Size([32])
2.weight             | nonzeros =      30 /      32             ( 93.75%) | total_pruned =       2 | shape = torch.Size([32])
2.bias               | nonzeros =       0 /      32             (  0.00%) | total_pruned =      32 | shape = torch.Size([32])
3.1.weight           | nonzeros =    4455 /    4608             ( 96.68%) | total_pruned =     153 | shape = torch.Size([16, 32, 3, 3])
3.1.bias             | nonzeros =       0 /      16             (  0.00%) | total_pruned =      16 | shape = torch.Size([16])
4.weight             | nonzeros =      16 /      16             (100.00%) | total_pruned =       0 | shape = torch.Size([16])
4.bias               | nonzeros =       0 /      16             (  0.00%) | total_pruned =      16 | shape = torch.Size([16])
6.1.weight           | nonzeros =      48 /      48             (100.00%) | total_pruned =       0 | shape = torch.Size([3, 16, 1, 1])
6.1.bias             | nonzeros =       3 /       3             (100.00%) | total_pruned =       0 | shape = torch.Size([3])
alive: 2857268, pruned : 151599, total: 3008867, Compression rate :       1.05x  (  5.04% pruned)
Initial PSNR of output image is:  8.298261340249635
epoch:  0 loss:  0.13580694794654846 PSNR:  8.298261340249635
epoch:  200 loss:  0.0882800817489624 PSNR:  10.302266102145122
epoch:  400 loss:  0.0882800817489624 PSNR:  10.30226644904253
epoch:  600 loss:  0.0882800817489624 PSNR:  10.30226644904253
epoch:  800 loss:  0.0882800817489624 PSNR:  10.30226644904253
epoch:  1000 loss:  0.0882800817489624 PSNR:  10.30226644904253
epoch:  1200 loss:  0.0882800817489624 PSNR:  10.30226644904253
epoch:  1400 loss:  0.0882800817489624 PSNR:  10.30226644904253
epoch:  1600 loss:  0.0882800817489624 PSNR:  10.30226644904253
epoch:  1800 loss:  0.0882800817489624 PSNR:  10.30226644904253
epoch:  2000 loss:  0.0882800817489624 PSNR:  10.30226644904253
epoch:  2200 loss:  0.0882800817489624 PSNR:  10.30226644904253
epoch:  2400 loss:  0.0882800817489624 PSNR:  10.30226644904253
epoch:  2600 loss:  0.0882800817489624 PSNR:  10.30226644904253
epoch:  2800 loss:  0.0882800817489624 PSNR:  10.302266795939964
epoch:  3000 loss:  0.0882800817489624 PSNR:  10.30226644904253
epoch:  3200 loss:  0.0882800817489624 PSNR:  10.30226644904253
epoch:  3400 loss:  0.0882800817489624 PSNR:  10.30226644904253
epoch:  3600 loss:  0.0882800817489624 PSNR:  10.30226644904253
epoch:  3800 loss:  0.0882800817489624 PSNR:  10.30226644904253
epoch:  4000 loss:  0.0882800817489624 PSNR:  10.30226644904253
epoch:  4200 loss:  0.0882800817489624 PSNR:  10.30226644904253
epoch:  4400 loss:  0.0882800817489624 PSNR:  10.30226644904253
epoch:  4600 loss:  0.0882800817489624 PSNR:  10.30226644904253
epoch:  4800 loss:  0.0882800817489624 PSNR:  10.30226644904253
epoch:  5000 loss:  0.0882800817489624 PSNR:  10.30226644904253
epoch:  5200 loss:  0.0882800817489624 PSNR:  10.302266102145122
epoch:  5400 loss:  0.0882800817489624 PSNR:  10.302266102145122
epoch:  5600 loss:  0.0882800817489624 PSNR:  10.30226644904253
epoch:  5800 loss:  0.0882800817489624 PSNR:  10.302266102145122
epoch:  6000 loss:  0.0882800817489624 PSNR:  10.302266795939964
epoch:  6200 loss:  0.0882800817489624 PSNR:  10.30226644904253
epoch:  6400 loss:  0.0882800817489624 PSNR:  10.30226644904253
epoch:  6600 loss:  0.0882800817489624 PSNR:  10.30226644904253
epoch:  6800 loss:  0.0882800817489624 PSNR:  10.302266102145122
epoch:  7000 loss:  0.0882800742983818 PSNR:  10.302266102145122
epoch:  7200 loss:  0.0882800742983818 PSNR:  10.30226644904253
epoch:  7400 loss:  0.0882801041007042 PSNR:  10.302048949804858
epoch:  7600 loss:  0.0882800817489624 PSNR:  10.302376416917776
epoch:  7800 loss:  0.0882800817489624 PSNR:  10.302112082432863
epoch:  8000 loss:  0.08828043937683105 PSNR:  10.301330273807864
epoch:  8200 loss:  0.0882800817489624 PSNR:  10.302238350442185
epoch:  8400 loss:  0.0882800817489624 PSNR:  10.302260898687312
epoch:  8600 loss:  0.0882800817489624 PSNR:  10.302266102145122
epoch:  8800 loss:  0.0882800742983818 PSNR:  10.30226402076125
epoch:  9000 loss:  0.0882800817489624 PSNR:  10.302270264915856
epoch:  9200 loss:  0.0882800817489624 PSNR:  10.30225534833919
epoch:  9400 loss:  0.0882800817489624 PSNR:  10.302218924355646
epoch:  9600 loss:  0.08828019350767136 PSNR:  10.301739543821917
epoch:  9800 loss:  0.08828046917915344 PSNR:  10.303202132180413
epoch:  10000 loss:  0.08828012645244598 PSNR:  10.302610237995326
epoch:  10200 loss:  0.0882800817489624 PSNR:  10.302273386996525
epoch:  10400 loss:  0.0882800817489624 PSNR:  10.30226644904253
epoch:  10600 loss:  0.0882800817489624 PSNR:  10.302141220878408
epoch:  10800 loss:  0.0882800817489624 PSNR:  10.302266795939964
epoch:  11000 loss:  0.0882800817489624 PSNR:  10.302264714555761
epoch:  11200 loss:  0.0882800817489624 PSNR:  10.302284487745974
epoch:  11400 loss:  0.0882800742983818 PSNR:  10.302248410414009
epoch:  11600 loss:  0.0882800742983818 PSNR:  10.302251185582751
epoch:  11800 loss:  0.0882801041007042 PSNR:  10.302012527552318
epoch:  12000 loss:  0.0882800817489624 PSNR:  10.30229003813134
epoch:  12200 loss:  0.0882800742983818 PSNR:  10.30226644904253
epoch:  12400 loss:  0.0882800817489624 PSNR:  10.302263673864033
epoch:  12600 loss:  0.0882800817489624 PSNR:  10.302224821551302
epoch:  12800 loss:  0.0882800817489624 PSNR:  10.302275121486757
epoch:  13000 loss:  0.0882800817489624 PSNR:  10.302267836632442
epoch:  13200 loss:  0.0882800817489624 PSNR:  10.302266102145122
epoch:  13400 loss:  0.0882800817489624 PSNR:  10.302266795939964
epoch:  13600 loss:  0.0882800742983818 PSNR:  10.302261939378374
epoch:  13800 loss:  0.0882800742983818 PSNR:  10.30231085213963
epoch:  14000 loss:  0.0882808268070221 PSNR:  10.300910985461334
epoch:  14200 loss:  0.08828017115592957 PSNR:  10.30179608161005
epoch:  14400 loss:  0.08828105032444 PSNR:  10.300720602379727
epoch:  14600 loss:  0.08828096836805344 PSNR:  10.300780941469414
epoch:  14800 loss:  0.0882800817489624 PSNR:  10.302264714555761
epoch:  15000 loss:  0.0882800817489624 PSNR:  10.302266102145122
epoch:  15200 loss:  0.0882800817489624 PSNR:  10.302218230568448
epoch:  15400 loss:  0.08828020095825195 PSNR:  10.301710408071244
epoch:  15600 loss:  0.0882800817489624 PSNR:  10.302267836632442
epoch:  15800 loss:  0.0882800817489624 PSNR:  10.302266102145122
epoch:  16000 loss:  0.0882800742983818 PSNR:  10.302252920064117
epoch:  16200 loss:  0.0882800966501236 PSNR:  10.302062478147887
epoch:  16400 loss:  0.0882800817489624 PSNR:  10.302090228727005
epoch:  16600 loss:  0.08828011155128479 PSNR:  10.302549179644899
epoch:  16800 loss:  0.0882800817489624 PSNR:  10.302267836632442
epoch:  17000 loss:  0.0882800817489624 PSNR:  10.302267489734922
epoch:  17200 loss:  0.0882800817489624 PSNR:  10.302263673864033
epoch:  17400 loss:  0.0882800817489624 PSNR:  10.302267836632442
epoch:  17600 loss:  0.0882800817489624 PSNR:  10.30229593542356
epoch:  17800 loss:  0.0882800817489624 PSNR:  10.302227249810665
epoch:  18000 loss:  0.0882800742983818 PSNR:  10.302263673864033
epoch:  18200 loss:  0.0882800742983818 PSNR:  10.302269224222798
epoch:  18400 loss:  0.0882800817489624 PSNR:  10.302208170666534
epoch:  18600 loss:  0.0882800817489624 PSNR:  10.302248757310007
epoch:  18800 loss:  0.0882800817489624 PSNR:  10.302427412429552
epoch:  19000 loss:  0.08828018605709076 PSNR:  10.30175445862707
epoch:  19200 loss:  0.0882800742983818 PSNR:  10.302265408350387
epoch:  19400 loss:  0.0882800817489624 PSNR:  10.302270264915856
epoch:  19600 loss:  0.0882800817489624 PSNR:  10.302166543733904
epoch:  19800 loss:  0.0882800742983818 PSNR:  10.302267836632442
epoch:  20000 loss:  0.0882800817489624 PSNR:  10.302266102145122
epoch:  20200 loss:  0.0882800742983818 PSNR:  10.302262633172557
epoch:  20400 loss:  0.0882800817489624 PSNR:  10.302401047328292
epoch:  20600 loss:  0.0882800817489624 PSNR:  10.302362193786594
epoch:  20800 loss:  0.0882800817489624 PSNR:  10.302263673864033
epoch:  21000 loss:  0.0882800817489624 PSNR:  10.30226644904253
epoch:  21200 loss:  0.0882800817489624 PSNR:  10.302273040098564
epoch:  21400 loss:  0.0882800817489624 PSNR:  10.302134630022426
epoch:  21600 loss:  0.0882800817489624 PSNR:  10.30228830363515
epoch:  21800 loss:  0.0882800817489624 PSNR:  10.302269571120457
epoch:  22000 loss:  0.0882800817489624 PSNR:  10.30226644904253
epoch:  22200 loss:  0.0882800817489624 PSNR:  10.302259164202763
epoch:  22400 loss:  0.0882800817489624 PSNR:  10.302268877325167
epoch:  22600 loss:  0.0882800817489624 PSNR:  10.302266795939964
epoch:  22800 loss:  0.0882800742983818 PSNR:  10.302259164202763
epoch:  23000 loss:  0.0882800817489624 PSNR:  10.30225534833919
epoch:  23200 loss:  0.0882800817489624 PSNR:  10.30228587534165
epoch:  23400 loss:  0.0882800742983818 PSNR:  10.30226644904253
epoch:  23600 loss:  0.0882800817489624 PSNR:  10.302272346302722
epoch:  23800 loss:  0.08828060328960419 PSNR:  10.303347862936626
epoch:  24000 loss:  0.0882800817489624 PSNR:  10.302266795939964
epoch:  24200 loss:  0.0882800742983818 PSNR:  10.302261939378374
epoch:  24400 loss:  0.0882801041007042 PSNR:  10.302465225814698
epoch:  24600 loss:  0.08828014135360718 PSNR:  10.301858863697353
epoch:  24800 loss:  0.0882800817489624 PSNR:  10.302175909758958
epoch:  25000 loss:  0.0882800817489624 PSNR:  10.30229593542356
epoch:  25200 loss:  0.0882800817489624 PSNR:  10.302270611813597
epoch:  25400 loss:  0.0882800817489624 PSNR:  10.30226506145306
epoch:  25600 loss:  0.0882800817489624 PSNR:  10.302264714555761
epoch:  25800 loss:  0.0882800817489624 PSNR:  10.30222586223372
epoch:  26000 loss:  0.0882800817489624 PSNR:  10.302266795939964
epoch:  26200 loss:  0.0882800742983818 PSNR:  10.30226644904253
epoch:  26400 loss:  0.0882800817489624 PSNR:  10.302373294763038
epoch:  26600 loss:  0.0882800817489624 PSNR:  10.302150239960694
epoch:  26800 loss:  0.08828018605709076 PSNR:  10.302739642905077
epoch:  27000 loss:  0.08828060328960419 PSNR:  10.303340923265917
epoch:  27200 loss:  0.0882800817489624 PSNR:  10.302264714555761
epoch:  27400 loss:  0.0882800742983818 PSNR:  10.302264714555761
epoch:  27600 loss:  0.0882800817489624 PSNR:  10.30235352116849
epoch:  27800 loss:  0.08828012645244598 PSNR:  10.301912628084677
epoch:  28000 loss:  0.0882800817489624 PSNR:  10.302269224222798
epoch:  28200 loss:  0.0882800817489624 PSNR:  10.302262633172557
epoch:  28400 loss:  0.0882800817489624 PSNR:  10.302269224222798
epoch:  28600 loss:  0.08828043937683105 PSNR:  10.301317788210312
epoch:  28800 loss:  0.08828125894069672 PSNR:  10.303862123393216
epoch:  29000 loss:  0.0882800817489624 PSNR:  10.302395843708798
epoch:  29200 loss:  0.0882800966501236 PSNR:  10.302421514958793
epoch:  29400 loss:  0.0882800817489624 PSNR:  10.302305648628208
epoch:  29600 loss:  0.0882800817489624 PSNR:  10.30226644904253
epoch:  29800 loss:  0.0882800817489624 PSNR:  10.30226506145306
epoch:  30000 loss:  0.0882800817489624 PSNR:  10.302278590469298
epoch:  30200 loss:  0.0882800742983818 PSNR:  10.302313280447098
epoch:  30400 loss:  0.08828070759773254 PSNR:  10.301029935775787
epoch:  30600 loss:  0.0882800742983818 PSNR:  10.302260551790347
epoch:  30800 loss:  0.0882800817489624 PSNR:  10.30226644904253
epoch:  31000 loss:  0.0882800742983818 PSNR:  10.302273386996525
epoch:  31200 loss:  0.0882817953824997 PSNR:  10.304183480341951
epoch:  31400 loss:  0.08828012645244598 PSNR:  10.302545016606814
epoch:  31600 loss:  0.0882800742983818 PSNR:  10.302262633172557
epoch:  31800 loss:  0.0882800817489624 PSNR:  10.302263326966848
epoch:  32000 loss:  0.0882800817489624 PSNR:  10.302269571120457
epoch:  32200 loss:  0.0882800817489624 PSNR:  10.302268877325167
epoch:  32400 loss:  0.0882800742983818 PSNR:  10.302261245584305
epoch:  32600 loss:  0.0882800817489624 PSNR:  10.302263673864033
epoch:  32800 loss:  0.0882800817489624 PSNR:  10.302222046399407
epoch:  33000 loss:  0.0882800817489624 PSNR:  10.302351092838524
epoch:  33200 loss:  0.0882800742983818 PSNR:  10.302262633172557
epoch:  33400 loss:  0.0882800817489624 PSNR:  10.30226644904253
epoch:  33600 loss:  0.0882800817489624 PSNR:  10.30229524162406
epoch:  33800 loss:  0.08828019350767136 PSNR:  10.302780234515708
epoch:  34000 loss:  0.0882800817489624 PSNR:  10.302246675934445
epoch:  34200 loss:  0.0882800817489624 PSNR:  10.30226644904253
epoch:  34400 loss:  0.0882800817489624 PSNR:  10.302240084918424
epoch:  34600 loss:  0.0882800817489624 PSNR:  10.302334441469622
epoch:  34800 loss:  0.0882800742983818 PSNR:  10.302270958711366
epoch:  35000 loss:  0.0882800817489624 PSNR:  10.302265408350387
epoch:  35200 loss:  0.0882800817489624 PSNR:  10.302257082822216
epoch:  35400 loss:  0.0882800817489624 PSNR:  10.302241472499913
epoch:  35600 loss:  0.0882800817489624 PSNR:  10.302262286275452
epoch:  35800 loss:  0.0882800817489624 PSNR:  10.302256735925555
epoch:  36000 loss:  0.0882800817489624 PSNR:  10.302221699505548
epoch:  36200 loss:  0.0882800817489624 PSNR:  10.30231917777088
epoch:  36400 loss:  0.0882800742983818 PSNR:  10.302230718754968
epoch:  36600 loss:  0.0882800817489624 PSNR:  10.302312586644826
epoch:  36800 loss:  0.0882800817489624 PSNR:  10.302328544125112
epoch:  37000 loss:  0.08828024566173553 PSNR:  10.301642425413139
epoch:  37200 loss:  0.0882800817489624 PSNR:  10.302265408350387
epoch:  37400 loss:  0.0882800817489624 PSNR:  10.302266102145122
epoch:  37600 loss:  0.0882800817489624 PSNR:  10.302266102145122
epoch:  37800 loss:  0.0882800817489624 PSNR:  10.30226402076125
epoch:  38000 loss:  0.0882800817489624 PSNR:  10.302278590469298
epoch:  38200 loss:  0.0882800817489624 PSNR:  10.302278937367703
epoch:  38400 loss:  0.0882800817489624 PSNR:  10.302272346302722
epoch:  38600 loss:  0.0882800742983818 PSNR:  10.30225534833919
epoch:  38800 loss:  0.0882800817489624 PSNR:  10.302308423833523
epoch:  39000 loss:  0.0882800742983818 PSNR:  10.30222447465722
epoch:  39200 loss:  0.0882800817489624 PSNR:  10.302266102145122
epoch:  39400 loss:  0.0882800742983818 PSNR:  10.302269224222798
epoch:  39600 loss:  0.0882800742983818 PSNR:  10.302293160226224
epoch:  39800 loss:  0.0882800817489624 PSNR:  10.302230371860412
Output directory: data/denoising/Set14/mask/8/pai/synflow/sparse_0.95
PSNR of output image is:  10.302230371860412
(3, 512, 512) (1, 3, 512, 512) (3, 512, 512)
Experiment done
Starting random mask  training on 8 using ADAM(sigma=0.1,lr=0.01,decay=0,beta=0)
Noisy PSNR is '21.521174323410804'
1.1.1.weight         | nonzeros =   12714 /   12800             ( 99.33%) | total_pruned =      86 | shape = torch.Size([16, 32, 5, 5])
1.1.1.bias           | nonzeros =       0 /      16             (  0.00%) | total_pruned =      16 | shape = torch.Size([16])
1.2.weight           | nonzeros =      15 /      16             ( 93.75%) | total_pruned =       1 | shape = torch.Size([16])
1.2.bias             | nonzeros =       0 /      16             (  0.00%) | total_pruned =      16 | shape = torch.Size([16])
1.4.1.weight         | nonzeros =    6364 /    6400             ( 99.44%) | total_pruned =      36 | shape = torch.Size([16, 16, 5, 5])
1.4.1.bias           | nonzeros =       0 /      16             (  0.00%) | total_pruned =      16 | shape = torch.Size([16])
1.5.weight           | nonzeros =      16 /      16             (100.00%) | total_pruned =       0 | shape = torch.Size([16])
1.5.bias             | nonzeros =       0 /      16             (  0.00%) | total_pruned =      16 | shape = torch.Size([16])
1.7.1.1.1.weight     | nonzeros =   12657 /   12800             ( 98.88%) | total_pruned =     143 | shape = torch.Size([32, 16, 5, 5])
1.7.1.1.1.bias       | nonzeros =       0 /      32             (  0.00%) | total_pruned =      32 | shape = torch.Size([32])
1.7.1.2.weight       | nonzeros =      31 /      32             ( 96.88%) | total_pruned =       1 | shape = torch.Size([32])
1.7.1.2.bias         | nonzeros =       0 /      32             (  0.00%) | total_pruned =      32 | shape = torch.Size([32])
1.7.1.4.1.weight     | nonzeros =   25277 /   25600             ( 98.74%) | total_pruned =     323 | shape = torch.Size([32, 32, 5, 5])
1.7.1.4.1.bias       | nonzeros =       0 /      32             (  0.00%) | total_pruned =      32 | shape = torch.Size([32])
1.7.1.5.weight       | nonzeros =      32 /      32             (100.00%) | total_pruned =       0 | shape = torch.Size([32])
1.7.1.5.bias         | nonzeros =       0 /      32             (  0.00%) | total_pruned =      32 | shape = torch.Size([32])
1.7.1.7.1.1.1.weight | nonzeros =   50188 /   51200             ( 98.02%) | total_pruned =    1012 | shape = torch.Size([64, 32, 5, 5])
1.7.1.7.1.1.1.bias   | nonzeros =       0 /      64             (  0.00%) | total_pruned =      64 | shape = torch.Size([64])
1.7.1.7.1.2.weight   | nonzeros =      59 /      64             ( 92.19%) | total_pruned =       5 | shape = torch.Size([64])
1.7.1.7.1.2.bias     | nonzeros =       0 /      64             (  0.00%) | total_pruned =      64 | shape = torch.Size([64])
1.7.1.7.1.4.1.weight | nonzeros =  100177 /  102400             ( 97.83%) | total_pruned =    2223 | shape = torch.Size([64, 64, 5, 5])
1.7.1.7.1.4.1.bias   | nonzeros =       0 /      64             (  0.00%) | total_pruned =      64 | shape = torch.Size([64])
1.7.1.7.1.5.weight   | nonzeros =      62 /      64             ( 96.88%) | total_pruned =       2 | shape = torch.Size([64])
1.7.1.7.1.5.bias     | nonzeros =       0 /      64             (  0.00%) | total_pruned =      64 | shape = torch.Size([64])
1.7.1.7.1.7.1.1.1.weight | nonzeros =  197766 /  204800             ( 96.57%) | total_pruned =    7034 | shape = torch.Size([128, 64, 5, 5])
1.7.1.7.1.7.1.1.1.bias | nonzeros =       0 /     128             (  0.00%) | total_pruned =     128 | shape = torch.Size([128])
1.7.1.7.1.7.1.2.weight | nonzeros =     119 /     128             ( 92.97%) | total_pruned =       9 | shape = torch.Size([128])
1.7.1.7.1.7.1.2.bias | nonzeros =       0 /     128             (  0.00%) | total_pruned =     128 | shape = torch.Size([128])
1.7.1.7.1.7.1.4.1.weight | nonzeros =  394410 /  409600             ( 96.29%) | total_pruned =   15190 | shape = torch.Size([128, 128, 5, 5])
1.7.1.7.1.7.1.4.1.bias | nonzeros =       0 /     128             (  0.00%) | total_pruned =     128 | shape = torch.Size([128])
1.7.1.7.1.7.1.5.weight | nonzeros =     121 /     128             ( 94.53%) | total_pruned =       7 | shape = torch.Size([128])
1.7.1.7.1.7.1.5.bias | nonzeros =       0 /     128             (  0.00%) | total_pruned =     128 | shape = torch.Size([128])
1.7.1.7.1.7.1.7.1.1.1.weight | nonzeros =  392866 /  409600             ( 95.91%) | total_pruned =   16734 | shape = torch.Size([128, 128, 5, 5])
1.7.1.7.1.7.1.7.1.1.1.bias | nonzeros =       0 /     128             (  0.00%) | total_pruned =     128 | shape = torch.Size([128])
1.7.1.7.1.7.1.7.1.2.weight | nonzeros =     119 /     128             ( 92.97%) | total_pruned =       9 | shape = torch.Size([128])
1.7.1.7.1.7.1.7.1.2.bias | nonzeros =       0 /     128             (  0.00%) | total_pruned =     128 | shape = torch.Size([128])
1.7.1.7.1.7.1.7.1.4.1.weight | nonzeros =  391422 /  409600             ( 95.56%) | total_pruned =   18178 | shape = torch.Size([128, 128, 5, 5])
1.7.1.7.1.7.1.7.1.4.1.bias | nonzeros =       0 /     128             (  0.00%) | total_pruned =     128 | shape = torch.Size([128])
1.7.1.7.1.7.1.7.1.5.weight | nonzeros =     117 /     128             ( 91.41%) | total_pruned =      11 | shape = torch.Size([128])
1.7.1.7.1.7.1.7.1.5.bias | nonzeros =       0 /     128             (  0.00%) | total_pruned =     128 | shape = torch.Size([128])
1.7.1.7.1.7.1.7.1.7.1.1.1.weight | nonzeros =  388576 /  409600             ( 94.87%) | total_pruned =   21024 | shape = torch.Size([128, 128, 5, 5])
1.7.1.7.1.7.1.7.1.7.1.1.1.bias | nonzeros =       0 /     128             (  0.00%) | total_pruned =     128 | shape = torch.Size([128])
1.7.1.7.1.7.1.7.1.7.1.2.weight | nonzeros =     118 /     128             ( 92.19%) | total_pruned =      10 | shape = torch.Size([128])
1.7.1.7.1.7.1.7.1.7.1.2.bias | nonzeros =       0 /     128             (  0.00%) | total_pruned =     128 | shape = torch.Size([128])
1.7.1.7.1.7.1.7.1.7.1.4.1.weight | nonzeros =  383798 /  409600             ( 93.70%) | total_pruned =   25802 | shape = torch.Size([128, 128, 5, 5])
1.7.1.7.1.7.1.7.1.7.1.4.1.bias | nonzeros =       0 /     128             (  0.00%) | total_pruned =     128 | shape = torch.Size([128])
1.7.1.7.1.7.1.7.1.7.1.5.weight | nonzeros =       0 /     128             (  0.00%) | total_pruned =     128 | shape = torch.Size([128])
1.7.1.7.1.7.1.7.1.7.1.5.bias | nonzeros =       0 /     128             (  0.00%) | total_pruned =     128 | shape = torch.Size([128])
1.7.1.7.1.7.1.7.1.7.2.weight | nonzeros =     115 /     128             ( 89.84%) | total_pruned =      13 | shape = torch.Size([128])
1.7.1.7.1.7.1.7.1.7.2.bias | nonzeros =       0 /     128             (  0.00%) | total_pruned =     128 | shape = torch.Size([128])
1.7.1.7.1.7.1.7.1.7.3.1.weight | nonzeros =  137221 /  147456             ( 93.06%) | total_pruned =   10235 | shape = torch.Size([128, 128, 3, 3])
1.7.1.7.1.7.1.7.1.7.3.1.bias | nonzeros =       0 /     128             (  0.00%) | total_pruned =     128 | shape = torch.Size([128])
1.7.1.7.1.7.1.7.1.7.4.weight | nonzeros =       0 /     128             (  0.00%) | total_pruned =     128 | shape = torch.Size([128])
1.7.1.7.1.7.1.7.1.7.4.bias | nonzeros =       0 /     128             (  0.00%) | total_pruned =     128 | shape = torch.Size([128])
1.7.1.7.1.7.1.7.2.weight | nonzeros =     112 /     128             ( 87.50%) | total_pruned =      16 | shape = torch.Size([128])
1.7.1.7.1.7.1.7.2.bias | nonzeros =       0 /     128             (  0.00%) | total_pruned =     128 | shape = torch.Size([128])
1.7.1.7.1.7.1.7.3.1.weight | nonzeros =  136465 /  147456             ( 92.55%) | total_pruned =   10991 | shape = torch.Size([128, 128, 3, 3])
1.7.1.7.1.7.1.7.3.1.bias | nonzeros =       0 /     128             (  0.00%) | total_pruned =     128 | shape = torch.Size([128])
1.7.1.7.1.7.1.7.4.weight | nonzeros =       0 /     128             (  0.00%) | total_pruned =     128 | shape = torch.Size([128])
1.7.1.7.1.7.1.7.4.bias | nonzeros =       0 /     128             (  0.00%) | total_pruned =     128 | shape = torch.Size([128])
1.7.1.7.1.7.2.weight | nonzeros =     114 /     128             ( 89.06%) | total_pruned =      14 | shape = torch.Size([128])
1.7.1.7.1.7.2.bias   | nonzeros =       0 /     128             (  0.00%) | total_pruned =     128 | shape = torch.Size([128])
1.7.1.7.1.7.3.1.weight | nonzeros =  134926 /  147456             ( 91.50%) | total_pruned =   12530 | shape = torch.Size([128, 128, 3, 3])
1.7.1.7.1.7.3.1.bias | nonzeros =       0 /     128             (  0.00%) | total_pruned =     128 | shape = torch.Size([128])
1.7.1.7.1.7.4.weight | nonzeros =       0 /     128             (  0.00%) | total_pruned =     128 | shape = torch.Size([128])
1.7.1.7.1.7.4.bias   | nonzeros =       0 /     128             (  0.00%) | total_pruned =     128 | shape = torch.Size([128])
1.7.1.7.2.weight     | nonzeros =     117 /     128             ( 91.41%) | total_pruned =      11 | shape = torch.Size([128])
1.7.1.7.2.bias       | nonzeros =       0 /     128             (  0.00%) | total_pruned =     128 | shape = torch.Size([128])
1.7.1.7.3.1.weight   | nonzeros =   68966 /   73728             ( 93.54%) | total_pruned =    4762 | shape = torch.Size([64, 128, 3, 3])
1.7.1.7.3.1.bias     | nonzeros =       0 /      64             (  0.00%) | total_pruned =      64 | shape = torch.Size([64])
1.7.1.7.4.weight     | nonzeros =       0 /      64             (  0.00%) | total_pruned =      64 | shape = torch.Size([64])
1.7.1.7.4.bias       | nonzeros =       0 /      64             (  0.00%) | total_pruned =      64 | shape = torch.Size([64])
1.7.2.weight         | nonzeros =      52 /      64             ( 81.25%) | total_pruned =      12 | shape = torch.Size([64])
1.7.2.bias           | nonzeros =       0 /      64             (  0.00%) | total_pruned =      64 | shape = torch.Size([64])
1.7.3.1.weight       | nonzeros =   17613 /   18432             ( 95.56%) | total_pruned =     819 | shape = torch.Size([32, 64, 3, 3])
1.7.3.1.bias         | nonzeros =       0 /      32             (  0.00%) | total_pruned =      32 | shape = torch.Size([32])
1.7.4.weight         | nonzeros =       0 /      32             (  0.00%) | total_pruned =      32 | shape = torch.Size([32])
1.7.4.bias           | nonzeros =       0 /      32             (  0.00%) | total_pruned =      32 | shape = torch.Size([32])
2.weight             | nonzeros =      31 /      32             ( 96.88%) | total_pruned =       1 | shape = torch.Size([32])
2.bias               | nonzeros =       0 /      32             (  0.00%) | total_pruned =      32 | shape = torch.Size([32])
3.1.weight           | nonzeros =    4431 /    4608             ( 96.16%) | total_pruned =     177 | shape = torch.Size([16, 32, 3, 3])
3.1.bias             | nonzeros =       0 /      16             (  0.00%) | total_pruned =      16 | shape = torch.Size([16])
4.weight             | nonzeros =      16 /      16             (100.00%) | total_pruned =       0 | shape = torch.Size([16])
4.bias               | nonzeros =       0 /      16             (  0.00%) | total_pruned =      16 | shape = torch.Size([16])
6.1.weight           | nonzeros =      48 /      48             (100.00%) | total_pruned =       0 | shape = torch.Size([3, 16, 1, 1])
6.1.bias             | nonzeros =       3 /       3             (100.00%) | total_pruned =       0 | shape = torch.Size([3])
alive: 2857254, pruned : 151613, total: 3008867, Compression rate :       1.05x  (  5.04% pruned)
Initial PSNR of output image is:  8.111018218069361
epoch:  0 loss:  0.14204367995262146 PSNR:  8.111018218069361
epoch:  200 loss:  0.08836634457111359 PSNR:  10.30209820705132
epoch:  400 loss:  0.08836634457111359 PSNR:  10.302098900819345
epoch:  600 loss:  0.08836634457111359 PSNR:  10.30209855393532
epoch:  800 loss:  0.08836634457111359 PSNR:  10.30209855393532
epoch:  1000 loss:  0.08836632966995239 PSNR:  10.302098900819345
epoch:  1200 loss:  0.08836634457111359 PSNR:  10.30209855393532
epoch:  1400 loss:  0.08836634457111359 PSNR:  10.30209855393532
epoch:  1600 loss:  0.08836634457111359 PSNR:  10.30209855393532
epoch:  1800 loss:  0.08836634457111359 PSNR:  10.30209855393532
epoch:  2000 loss:  0.08836634457111359 PSNR:  10.30209855393532
epoch:  2200 loss:  0.08836632966995239 PSNR:  10.302098900819345
epoch:  2400 loss:  0.08836634457111359 PSNR:  10.302098900819345
epoch:  2600 loss:  0.08836634457111359 PSNR:  10.30209855393532
epoch:  2800 loss:  0.08836634457111359 PSNR:  10.30209855393532
epoch:  3000 loss:  0.08836634457111359 PSNR:  10.30209855393532
epoch:  3200 loss:  0.08836634457111359 PSNR:  10.30209855393532
epoch:  3400 loss:  0.08836632966995239 PSNR:  10.302098900819345
epoch:  3600 loss:  0.08836634457111359 PSNR:  10.302098900819345
epoch:  3800 loss:  0.08836634457111359 PSNR:  10.30209855393532
epoch:  4000 loss:  0.08836634457111359 PSNR:  10.30209855393532
epoch:  4200 loss:  0.08836634457111359 PSNR:  10.30209855393532
epoch:  4400 loss:  0.08836634457111359 PSNR:  10.30209855393532
epoch:  4600 loss:  0.08836634457111359 PSNR:  10.302098900819345
epoch:  4800 loss:  0.08836634457111359 PSNR:  10.30209855393532
epoch:  5000 loss:  0.08836634457111359 PSNR:  10.30209855393532
epoch:  5200 loss:  0.08836632966995239 PSNR:  10.302098900819345
epoch:  5400 loss:  0.08836634457111359 PSNR:  10.302098900819345
epoch:  5600 loss:  0.08836634457111359 PSNR:  10.30209855393532
epoch:  5800 loss:  0.08836632966995239 PSNR:  10.30209855393532
epoch:  6000 loss:  0.08836632966995239 PSNR:  10.302098900819345
epoch:  6200 loss:  0.08836634457111359 PSNR:  10.302098900819345
epoch:  6400 loss:  0.08836634457111359 PSNR:  10.30209855393532
epoch:  6600 loss:  0.08836634457111359 PSNR:  10.30209820705132
epoch:  6800 loss:  0.08836634457111359 PSNR:  10.30209855393532
epoch:  7000 loss:  0.08836635202169418 PSNR:  10.302098900819345
epoch:  7200 loss:  0.08836634457111359 PSNR:  10.30209855393532
epoch:  7400 loss:  0.08836632966995239 PSNR:  10.302121101454642
epoch:  7600 loss:  0.08836635202169418 PSNR:  10.302041665329915
epoch:  7800 loss:  0.08836635202169418 PSNR:  10.30208363794841
epoch:  8000 loss:  0.08836634457111359 PSNR:  10.302110694892717
epoch:  8200 loss:  0.08836634457111359 PSNR:  10.302062825029033
epoch:  8400 loss:  0.08836685121059418 PSNR:  10.300990054111976
epoch:  8600 loss:  0.08836647123098373 PSNR:  10.302634175878318
epoch:  8800 loss:  0.08836634457111359 PSNR:  10.302096125747912
epoch:  9000 loss:  0.08836632966995239 PSNR:  10.302096125747912
epoch:  9200 loss:  0.08836634457111359 PSNR:  10.302097166399491
epoch:  9400 loss:  0.08836634457111359 PSNR:  10.30211242931797
epoch:  9600 loss:  0.08836634457111359 PSNR:  10.302158565284047
epoch:  9800 loss:  0.08836638927459717 PSNR:  10.301752030632043
epoch:  10000 loss:  0.08836641162633896 PSNR:  10.301684047322395
epoch:  10200 loss:  0.08836668729782104 PSNR:  10.30299221909095
epoch:  10400 loss:  0.08836634457111359 PSNR:  10.302044440366549
epoch:  10600 loss:  0.08836634457111359 PSNR:  10.302096125747912
epoch:  10800 loss:  0.08836634457111359 PSNR:  10.30210167589255
epoch:  11000 loss:  0.08836634457111359 PSNR:  10.30209855393532
epoch:  11200 loss:  0.08836634457111359 PSNR:  10.302094738212862
epoch:  11400 loss:  0.08836634457111359 PSNR:  10.30209959458748
epoch:  11600 loss:  0.08836635202169418 PSNR:  10.301952518221508
epoch:  11800 loss:  0.08836637437343597 PSNR:  10.30234831760594
epoch:  12000 loss:  0.08836638927459717 PSNR:  10.301743706087972
epoch:  12200 loss:  0.08836634457111359 PSNR:  10.302095778864107
epoch:  12400 loss:  0.08836632966995239 PSNR:  10.302096819515604
epoch:  12600 loss:  0.08836634457111359 PSNR:  10.302095778864107
epoch:  12800 loss:  0.08836634457111359 PSNR:  10.30210271654546
epoch:  13000 loss:  0.08836634457111359 PSNR:  10.302114163743921
epoch:  13200 loss:  0.08836634457111359 PSNR:  10.30218146000556
epoch:  13400 loss:  0.08836635947227478 PSNR:  10.302297323022895
epoch:  13600 loss:  0.08836637437343597 PSNR:  10.302379885981228
epoch:  13800 loss:  0.08836634457111359 PSNR:  10.30210271654546
epoch:  14000 loss:  0.08836634457111359 PSNR:  10.302099941471589
epoch:  14200 loss:  0.08836634457111359 PSNR:  10.302091269377172
epoch:  14400 loss:  0.08836634457111359 PSNR:  10.302091269377172
epoch:  14600 loss:  0.08836634457111359 PSNR:  10.302121101454642
epoch:  14800 loss:  0.08836634457111359 PSNR:  10.30213185492816
epoch:  15000 loss:  0.08836674690246582 PSNR:  10.301093747199667
epoch:  15200 loss:  0.08836635947227478 PSNR:  10.302335482178309
epoch:  15400 loss:  0.08836634457111359 PSNR:  10.302099941471589
epoch:  15600 loss:  0.08836632966995239 PSNR:  10.30210271654546
epoch:  15800 loss:  0.08836634457111359 PSNR:  10.30210167589255
epoch:  16000 loss:  0.08836632966995239 PSNR:  10.30210271654546
epoch:  16200 loss:  0.08836634457111359 PSNR:  10.30210514473655
epoch:  16400 loss:  0.08836632966995239 PSNR:  10.302112082432863
epoch:  16600 loss:  0.08836635202169418 PSNR:  10.302266795939964
epoch:  16800 loss:  0.08836730569601059 PSNR:  10.303564039232027
epoch:  17000 loss:  0.08836667239665985 PSNR:  10.302958564547621
epoch:  17200 loss:  0.08836635202169418 PSNR:  10.302085025479911
epoch:  17400 loss:  0.08836632966995239 PSNR:  10.30209855393532
epoch:  17600 loss:  0.08836632966995239 PSNR:  10.302097166399491
epoch:  17800 loss:  0.08836634457111359 PSNR:  10.302106879159592
epoch:  18000 loss:  0.08836634457111359 PSNR:  10.302027443295
epoch:  18200 loss:  0.08836652338504791 PSNR:  10.301444726791402
epoch:  18400 loss:  0.08836634457111359 PSNR:  10.302112082432863
epoch:  18600 loss:  0.08836634457111359 PSNR:  10.302099941471589
epoch:  18800 loss:  0.08836634457111359 PSNR:  10.302101329008302
epoch:  19000 loss:  0.08836634457111359 PSNR:  10.302095778864107
epoch:  19200 loss:  0.08836634457111359 PSNR:  10.30209959458748
epoch:  19400 loss:  0.08836634457111359 PSNR:  10.302113816858675
epoch:  19600 loss:  0.08836632966995239 PSNR:  10.30213636445724
epoch:  19800 loss:  0.08836635202169418 PSNR:  10.301925115392462
epoch:  20000 loss:  0.08836665749549866 PSNR:  10.301218598349502
epoch:  20200 loss:  0.08836634457111359 PSNR:  10.302096125747912
epoch:  20400 loss:  0.08836634457111359 PSNR:  10.302096125747912
epoch:  20600 loss:  0.08836634457111359 PSNR:  10.30210375719862
epoch:  20800 loss:  0.08836634457111359 PSNR:  10.302055540530814
epoch:  21000 loss:  0.08836635202169418 PSNR:  10.30229281332668
epoch:  21200 loss:  0.08836637437343597 PSNR:  10.301872738314234
epoch:  21400 loss:  0.08836634457111359 PSNR:  10.30210375719862
epoch:  21600 loss:  0.08836634457111359 PSNR:  10.30209855393532
epoch:  21800 loss:  0.08836634457111359 PSNR:  10.302095431980332
epoch:  22000 loss:  0.08836634457111359 PSNR:  10.302113816858675
epoch:  22200 loss:  0.08836632966995239 PSNR:  10.30204305284801
epoch:  22400 loss:  0.08836635202169418 PSNR:  10.30228552844269
epoch:  22600 loss:  0.08836748450994492 PSNR:  10.303686185331495
epoch:  22800 loss:  0.08836632966995239 PSNR:  10.302095778864107
epoch:  23000 loss:  0.08836634457111359 PSNR:  10.30209855393532
epoch:  23200 loss:  0.08836634457111359 PSNR:  10.302084331714106
epoch:  23400 loss:  0.08836635947227478 PSNR:  10.301888000443999
epoch:  23600 loss:  0.08836643397808075 PSNR:  10.30255126116544
epoch:  23800 loss:  0.0883665680885315 PSNR:  10.30135628558472
epoch:  24000 loss:  0.08836670964956284 PSNR:  10.301144034036662
epoch:  24200 loss:  0.08836634457111359 PSNR:  10.302084331714106
epoch:  24400 loss:  0.08836634457111359 PSNR:  10.302095431980332
epoch:  24600 loss:  0.08836634457111359 PSNR:  10.302097513283407
epoch:  24800 loss:  0.08836634457111359 PSNR:  10.302107919813746
epoch:  25000 loss:  0.08836634457111359 PSNR:  10.302089881843672
epoch:  25200 loss:  0.08836635202169418 PSNR:  10.302216842994385
epoch:  25400 loss:  0.08836635202169418 PSNR:  10.301992755600285
epoch:  25600 loss:  0.08836643397808075 PSNR:  10.302543628928337
epoch:  25800 loss:  0.08836861699819565 PSNR:  10.299674164623038
epoch:  26000 loss:  0.08836634457111359 PSNR:  10.302067681367966
epoch:  26200 loss:  0.08836632966995239 PSNR:  10.302063865672633
epoch:  26400 loss:  0.08836634457111359 PSNR:  10.302103063429817
epoch:  26600 loss:  0.08836634457111359 PSNR:  10.302098900819345
epoch:  26800 loss:  0.08836634457111359 PSNR:  10.302100982124083
epoch:  27000 loss:  0.08836634457111359 PSNR:  10.30210375719862
epoch:  27200 loss:  0.08836634457111359 PSNR:  10.302174522198415
epoch:  27400 loss:  0.08836638927459717 PSNR:  10.301754111770553
epoch:  27600 loss:  0.08836643397808075 PSNR:  10.302542588169771
epoch:  27800 loss:  0.08836634457111359 PSNR:  10.302090575610368
epoch:  28000 loss:  0.08836634457111359 PSNR:  10.30209855393532
epoch:  28200 loss:  0.08836634457111359 PSNR:  10.302096819515604
epoch:  28400 loss:  0.08836634457111359 PSNR:  10.302090575610368
epoch:  28600 loss:  0.08836634457111359 PSNR:  10.302164809287035
epoch:  28800 loss:  0.08836650848388672 PSNR:  10.301478716440124
epoch:  29000 loss:  0.08836634457111359 PSNR:  10.30209820705132
epoch:  29200 loss:  0.08836634457111359 PSNR:  10.302101329008302
epoch:  29400 loss:  0.08836634457111359 PSNR:  10.30210375719862
epoch:  29600 loss:  0.08836634457111359 PSNR:  10.302105838505684
epoch:  29800 loss:  0.08836634457111359 PSNR:  10.302134976909333
epoch:  30000 loss:  0.08836635202169418 PSNR:  10.301946274523733
epoch:  30200 loss:  0.08836637437343597 PSNR:  10.302356990213653
epoch:  30400 loss:  0.08836766332387924 PSNR:  10.303801741479964
epoch:  30600 loss:  0.08836634457111359 PSNR:  10.302103063429817
epoch:  30800 loss:  0.08836634457111359 PSNR:  10.302095778864107
epoch:  31000 loss:  0.08836634457111359 PSNR:  10.30209855393532
epoch:  31200 loss:  0.08836634457111359 PSNR:  10.302096819515604
epoch:  31400 loss:  0.08836632966995239 PSNR:  10.30209196314409
epoch:  31600 loss:  0.08836635202169418 PSNR:  10.301951130732338
epoch:  31800 loss:  0.08836634457111359 PSNR:  10.302228984282472
epoch:  32000 loss:  0.08836635202169418 PSNR:  10.302008711905444
epoch:  32200 loss:  0.08836632966995239 PSNR:  10.302083291065603
epoch:  32400 loss:  0.08836634457111359 PSNR:  10.30209959458748
epoch:  32600 loss:  0.08836634457111359 PSNR:  10.302101329008302
epoch:  32800 loss:  0.08836634457111359 PSNR:  10.30209855393532
epoch:  33000 loss:  0.08836634457111359 PSNR:  10.302126304744956
epoch:  33200 loss:  0.08836635202169418 PSNR:  10.30198200247118
epoch:  33400 loss:  0.08836641162633896 PSNR:  10.301685087875237
epoch:  33600 loss:  0.08836670219898224 PSNR:  10.302981116532365
epoch:  33800 loss:  0.08836635947227478 PSNR:  10.301893203455041
epoch:  34000 loss:  0.08836634457111359 PSNR:  10.30209820705132
epoch:  34200 loss:  0.08836632966995239 PSNR:  10.302096819515604
epoch:  34400 loss:  0.08836634457111359 PSNR:  10.302099941471589
epoch:  34600 loss:  0.08836632966995239 PSNR:  10.30209855393532
epoch:  34800 loss:  0.08836632966995239 PSNR:  10.302114857514493
epoch:  35000 loss:  0.08836634457111359 PSNR:  10.302104450967528
epoch:  35200 loss:  0.08836634457111359 PSNR:  10.302090575610368
epoch:  35400 loss:  0.08836634457111359 PSNR:  10.302132895588302
epoch:  35600 loss:  0.08836635202169418 PSNR:  10.302241472499913
epoch:  35800 loss:  0.08836635202169418 PSNR:  10.301960149419871
epoch:  36000 loss:  0.08836638182401657 PSNR:  10.301782554096825
epoch:  36200 loss:  0.08836665004491806 PSNR:  10.301271314357106
epoch:  36400 loss:  0.08836634457111359 PSNR:  10.302095778864107
epoch:  36600 loss:  0.08836634457111359 PSNR:  10.30209959458748
epoch:  36800 loss:  0.08836634457111359 PSNR:  10.30210410408306
epoch:  37000 loss:  0.08836635202169418 PSNR:  10.30202362763502
epoch:  37200 loss:  0.08836659044027328 PSNR:  10.301321950072174
epoch:  37400 loss:  0.08836634457111359 PSNR:  10.302064212553887
epoch:  37600 loss:  0.08836634457111359 PSNR:  10.302097513283407
epoch:  37800 loss:  0.08836634457111359 PSNR:  10.302099941471589
epoch:  38000 loss:  0.08836634457111359 PSNR:  10.302097513283407
epoch:  38200 loss:  0.08836634457111359 PSNR:  10.30205449988921
epoch:  38400 loss:  0.0883665680885315 PSNR:  10.301363222084861
epoch:  38600 loss:  0.08836638927459717 PSNR:  10.30242498405827
epoch:  38800 loss:  0.08836634457111359 PSNR:  10.302100288355724
epoch:  39000 loss:  0.08836634457111359 PSNR:  10.30209855393532
epoch:  39200 loss:  0.08836634457111359 PSNR:  10.302102369661128
epoch:  39400 loss:  0.08836634457111359 PSNR:  10.302137405118462
epoch:  39600 loss:  0.08836634457111359 PSNR:  10.302106532274928
epoch:  39800 loss:  0.08836634457111359 PSNR:  10.302103063429817
Output directory: data/denoising/Set14/mask/8/pai/synflow/sparse_0.95
PSNR of output image is:  10.302103063429817
(3, 512, 512) (1, 3, 512, 512) (3, 512, 512)
Experiment done
Starting random mask  training on 8 using ADAM(sigma=0.1,lr=0.01,decay=0,beta=0)
Noisy PSNR is '21.515354935636466'
1.1.1.weight         | nonzeros =   12730 /   12800             ( 99.45%) | total_pruned =      70 | shape = torch.Size([16, 32, 5, 5])
1.1.1.bias           | nonzeros =       0 /      16             (  0.00%) | total_pruned =      16 | shape = torch.Size([16])
1.2.weight           | nonzeros =      16 /      16             (100.00%) | total_pruned =       0 | shape = torch.Size([16])
1.2.bias             | nonzeros =       0 /      16             (  0.00%) | total_pruned =      16 | shape = torch.Size([16])
1.4.1.weight         | nonzeros =    6356 /    6400             ( 99.31%) | total_pruned =      44 | shape = torch.Size([16, 16, 5, 5])
1.4.1.bias           | nonzeros =       0 /      16             (  0.00%) | total_pruned =      16 | shape = torch.Size([16])
1.5.weight           | nonzeros =      16 /      16             (100.00%) | total_pruned =       0 | shape = torch.Size([16])
1.5.bias             | nonzeros =       0 /      16             (  0.00%) | total_pruned =      16 | shape = torch.Size([16])
1.7.1.1.1.weight     | nonzeros =   12644 /   12800             ( 98.78%) | total_pruned =     156 | shape = torch.Size([32, 16, 5, 5])
1.7.1.1.1.bias       | nonzeros =       0 /      32             (  0.00%) | total_pruned =      32 | shape = torch.Size([32])
1.7.1.2.weight       | nonzeros =      32 /      32             (100.00%) | total_pruned =       0 | shape = torch.Size([32])
1.7.1.2.bias         | nonzeros =       0 /      32             (  0.00%) | total_pruned =      32 | shape = torch.Size([32])
1.7.1.4.1.weight     | nonzeros =   25274 /   25600             ( 98.73%) | total_pruned =     326 | shape = torch.Size([32, 32, 5, 5])
1.7.1.4.1.bias       | nonzeros =       0 /      32             (  0.00%) | total_pruned =      32 | shape = torch.Size([32])
1.7.1.5.weight       | nonzeros =      31 /      32             ( 96.88%) | total_pruned =       1 | shape = torch.Size([32])
1.7.1.5.bias         | nonzeros =       0 /      32             (  0.00%) | total_pruned =      32 | shape = torch.Size([32])
1.7.1.7.1.1.1.weight | nonzeros =   50242 /   51200             ( 98.13%) | total_pruned =     958 | shape = torch.Size([64, 32, 5, 5])
1.7.1.7.1.1.1.bias   | nonzeros =       0 /      64             (  0.00%) | total_pruned =      64 | shape = torch.Size([64])
1.7.1.7.1.2.weight   | nonzeros =      61 /      64             ( 95.31%) | total_pruned =       3 | shape = torch.Size([64])
1.7.1.7.1.2.bias     | nonzeros =       0 /      64             (  0.00%) | total_pruned =      64 | shape = torch.Size([64])
1.7.1.7.1.4.1.weight | nonzeros =  100170 /  102400             ( 97.82%) | total_pruned =    2230 | shape = torch.Size([64, 64, 5, 5])
1.7.1.7.1.4.1.bias   | nonzeros =       0 /      64             (  0.00%) | total_pruned =      64 | shape = torch.Size([64])
1.7.1.7.1.5.weight   | nonzeros =      60 /      64             ( 93.75%) | total_pruned =       4 | shape = torch.Size([64])
1.7.1.7.1.5.bias     | nonzeros =       0 /      64             (  0.00%) | total_pruned =      64 | shape = torch.Size([64])
1.7.1.7.1.7.1.1.1.weight | nonzeros =  197916 /  204800             ( 96.64%) | total_pruned =    6884 | shape = torch.Size([128, 64, 5, 5])
1.7.1.7.1.7.1.1.1.bias | nonzeros =       0 /     128             (  0.00%) | total_pruned =     128 | shape = torch.Size([128])
1.7.1.7.1.7.1.2.weight | nonzeros =     123 /     128             ( 96.09%) | total_pruned =       5 | shape = torch.Size([128])
1.7.1.7.1.7.1.2.bias | nonzeros =       0 /     128             (  0.00%) | total_pruned =     128 | shape = torch.Size([128])
1.7.1.7.1.7.1.4.1.weight | nonzeros =  394419 /  409600             ( 96.29%) | total_pruned =   15181 | shape = torch.Size([128, 128, 5, 5])
1.7.1.7.1.7.1.4.1.bias | nonzeros =       0 /     128             (  0.00%) | total_pruned =     128 | shape = torch.Size([128])
1.7.1.7.1.7.1.5.weight | nonzeros =     116 /     128             ( 90.62%) | total_pruned =      12 | shape = torch.Size([128])
1.7.1.7.1.7.1.5.bias | nonzeros =       0 /     128             (  0.00%) | total_pruned =     128 | shape = torch.Size([128])
1.7.1.7.1.7.1.7.1.1.1.weight | nonzeros =  392283 /  409600             ( 95.77%) | total_pruned =   17317 | shape = torch.Size([128, 128, 5, 5])
1.7.1.7.1.7.1.7.1.1.1.bias | nonzeros =       0 /     128             (  0.00%) | total_pruned =     128 | shape = torch.Size([128])
1.7.1.7.1.7.1.7.1.2.weight | nonzeros =     113 /     128             ( 88.28%) | total_pruned =      15 | shape = torch.Size([128])
1.7.1.7.1.7.1.7.1.2.bias | nonzeros =       0 /     128             (  0.00%) | total_pruned =     128 | shape = torch.Size([128])
1.7.1.7.1.7.1.7.1.4.1.weight | nonzeros =  390273 /  409600             ( 95.28%) | total_pruned =   19327 | shape = torch.Size([128, 128, 5, 5])
1.7.1.7.1.7.1.7.1.4.1.bias | nonzeros =       0 /     128             (  0.00%) | total_pruned =     128 | shape = torch.Size([128])
1.7.1.7.1.7.1.7.1.5.weight | nonzeros =     117 /     128             ( 91.41%) | total_pruned =      11 | shape = torch.Size([128])
1.7.1.7.1.7.1.7.1.5.bias | nonzeros =       0 /     128             (  0.00%) | total_pruned =     128 | shape = torch.Size([128])
1.7.1.7.1.7.1.7.1.7.1.1.1.weight | nonzeros =  388264 /  409600             ( 94.79%) | total_pruned =   21336 | shape = torch.Size([128, 128, 5, 5])
1.7.1.7.1.7.1.7.1.7.1.1.1.bias | nonzeros =       0 /     128             (  0.00%) | total_pruned =     128 | shape = torch.Size([128])
1.7.1.7.1.7.1.7.1.7.1.2.weight | nonzeros =     112 /     128             ( 87.50%) | total_pruned =      16 | shape = torch.Size([128])
1.7.1.7.1.7.1.7.1.7.1.2.bias | nonzeros =       0 /     128             (  0.00%) | total_pruned =     128 | shape = torch.Size([128])
1.7.1.7.1.7.1.7.1.7.1.4.1.weight | nonzeros =  383996 /  409600             ( 93.75%) | total_pruned =   25604 | shape = torch.Size([128, 128, 5, 5])
1.7.1.7.1.7.1.7.1.7.1.4.1.bias | nonzeros =       0 /     128             (  0.00%) | total_pruned =     128 | shape = torch.Size([128])
1.7.1.7.1.7.1.7.1.7.1.5.weight | nonzeros =       0 /     128             (  0.00%) | total_pruned =     128 | shape = torch.Size([128])
1.7.1.7.1.7.1.7.1.7.1.5.bias | nonzeros =       0 /     128             (  0.00%) | total_pruned =     128 | shape = torch.Size([128])
1.7.1.7.1.7.1.7.1.7.2.weight | nonzeros =     114 /     128             ( 89.06%) | total_pruned =      14 | shape = torch.Size([128])
1.7.1.7.1.7.1.7.1.7.2.bias | nonzeros =       0 /     128             (  0.00%) | total_pruned =     128 | shape = torch.Size([128])
1.7.1.7.1.7.1.7.1.7.3.1.weight | nonzeros =  137588 /  147456             ( 93.31%) | total_pruned =    9868 | shape = torch.Size([128, 128, 3, 3])
1.7.1.7.1.7.1.7.1.7.3.1.bias | nonzeros =       0 /     128             (  0.00%) | total_pruned =     128 | shape = torch.Size([128])
1.7.1.7.1.7.1.7.1.7.4.weight | nonzeros =       0 /     128             (  0.00%) | total_pruned =     128 | shape = torch.Size([128])
1.7.1.7.1.7.1.7.1.7.4.bias | nonzeros =       0 /     128             (  0.00%) | total_pruned =     128 | shape = torch.Size([128])
1.7.1.7.1.7.1.7.2.weight | nonzeros =     111 /     128             ( 86.72%) | total_pruned =      17 | shape = torch.Size([128])
1.7.1.7.1.7.1.7.2.bias | nonzeros =       0 /     128             (  0.00%) | total_pruned =     128 | shape = torch.Size([128])
1.7.1.7.1.7.1.7.3.1.weight | nonzeros =  136607 /  147456             ( 92.64%) | total_pruned =   10849 | shape = torch.Size([128, 128, 3, 3])
1.7.1.7.1.7.1.7.3.1.bias | nonzeros =       0 /     128             (  0.00%) | total_pruned =     128 | shape = torch.Size([128])
1.7.1.7.1.7.1.7.4.weight | nonzeros =       0 /     128             (  0.00%) | total_pruned =     128 | shape = torch.Size([128])
1.7.1.7.1.7.1.7.4.bias | nonzeros =       0 /     128             (  0.00%) | total_pruned =     128 | shape = torch.Size([128])
1.7.1.7.1.7.2.weight | nonzeros =     110 /     128             ( 85.94%) | total_pruned =      18 | shape = torch.Size([128])
1.7.1.7.1.7.2.bias   | nonzeros =       0 /     128             (  0.00%) | total_pruned =     128 | shape = torch.Size([128])
1.7.1.7.1.7.3.1.weight | nonzeros =  135694 /  147456             ( 92.02%) | total_pruned =   11762 | shape = torch.Size([128, 128, 3, 3])
1.7.1.7.1.7.3.1.bias | nonzeros =       0 /     128             (  0.00%) | total_pruned =     128 | shape = torch.Size([128])
1.7.1.7.1.7.4.weight | nonzeros =       0 /     128             (  0.00%) | total_pruned =     128 | shape = torch.Size([128])
1.7.1.7.1.7.4.bias   | nonzeros =       0 /     128             (  0.00%) | total_pruned =     128 | shape = torch.Size([128])
1.7.1.7.2.weight     | nonzeros =     110 /     128             ( 85.94%) | total_pruned =      18 | shape = torch.Size([128])
1.7.1.7.2.bias       | nonzeros =       0 /     128             (  0.00%) | total_pruned =     128 | shape = torch.Size([128])
1.7.1.7.3.1.weight   | nonzeros =   69349 /   73728             ( 94.06%) | total_pruned =    4379 | shape = torch.Size([64, 128, 3, 3])
1.7.1.7.3.1.bias     | nonzeros =       0 /      64             (  0.00%) | total_pruned =      64 | shape = torch.Size([64])
1.7.1.7.4.weight     | nonzeros =       0 /      64             (  0.00%) | total_pruned =      64 | shape = torch.Size([64])
1.7.1.7.4.bias       | nonzeros =       0 /      64             (  0.00%) | total_pruned =      64 | shape = torch.Size([64])
1.7.2.weight         | nonzeros =      59 /      64             ( 92.19%) | total_pruned =       5 | shape = torch.Size([64])
1.7.2.bias           | nonzeros =       0 /      64             (  0.00%) | total_pruned =      64 | shape = torch.Size([64])
1.7.3.1.weight       | nonzeros =   17579 /   18432             ( 95.37%) | total_pruned =     853 | shape = torch.Size([32, 64, 3, 3])
1.7.3.1.bias         | nonzeros =       0 /      32             (  0.00%) | total_pruned =      32 | shape = torch.Size([32])
1.7.4.weight         | nonzeros =       0 /      32             (  0.00%) | total_pruned =      32 | shape = torch.Size([32])
1.7.4.bias           | nonzeros =       0 /      32             (  0.00%) | total_pruned =      32 | shape = torch.Size([32])
2.weight             | nonzeros =      31 /      32             ( 96.88%) | total_pruned =       1 | shape = torch.Size([32])
2.bias               | nonzeros =       0 /      32             (  0.00%) | total_pruned =      32 | shape = torch.Size([32])
3.1.weight           | nonzeros =    4464 /    4608             ( 96.88%) | total_pruned =     144 | shape = torch.Size([16, 32, 3, 3])
3.1.bias             | nonzeros =       0 /      16             (  0.00%) | total_pruned =      16 | shape = torch.Size([16])
4.weight             | nonzeros =      16 /      16             (100.00%) | total_pruned =       0 | shape = torch.Size([16])
4.bias               | nonzeros =       0 /      16             (  0.00%) | total_pruned =      16 | shape = torch.Size([16])
6.1.weight           | nonzeros =      48 /      48             (100.00%) | total_pruned =       0 | shape = torch.Size([3, 16, 1, 1])
6.1.bias             | nonzeros =       3 /       3             (100.00%) | total_pruned =       0 | shape = torch.Size([3])
alive: 2857247, pruned : 151620, total: 3008867, Compression rate :       1.05x  (  5.04% pruned)
Initial PSNR of output image is:  7.610136862735837
epoch:  0 loss:  0.1597251445055008 PSNR:  7.610136862735837
epoch:  200 loss:  0.08835812658071518 PSNR:  10.302114857514493
epoch:  400 loss:  0.08835812658071518 PSNR:  10.302121795226324
epoch:  600 loss:  0.08835812658071518 PSNR:  10.302121795226324
epoch:  800 loss:  0.08835812658071518 PSNR:  10.302122142112204
epoch:  1000 loss:  0.08835812658071518 PSNR:  10.302121795226324
epoch:  1200 loss:  0.08835812658071518 PSNR:  10.302121795226324
epoch:  1400 loss:  0.08835812658071518 PSNR:  10.302121795226324
epoch:  1600 loss:  0.08835812658071518 PSNR:  10.302121101454642
epoch:  1800 loss:  0.08835812658071518 PSNR:  10.302121795226324
epoch:  2000 loss:  0.08835812658071518 PSNR:  10.302122142112204
epoch:  2200 loss:  0.08835812658071518 PSNR:  10.302121795226324
epoch:  2400 loss:  0.08835812658071518 PSNR:  10.302121101454642
epoch:  2600 loss:  0.08835812658071518 PSNR:  10.302121795226324
epoch:  2800 loss:  0.08835812658071518 PSNR:  10.302121795226324
epoch:  3000 loss:  0.08835812658071518 PSNR:  10.302121795226324
epoch:  3200 loss:  0.08835812658071518 PSNR:  10.302121795226324
epoch:  3400 loss:  0.08835812658071518 PSNR:  10.302121795226324
epoch:  3600 loss:  0.08835812658071518 PSNR:  10.302121101454642
epoch:  3800 loss:  0.08835812658071518 PSNR:  10.302121795226324
epoch:  4000 loss:  0.08835812658071518 PSNR:  10.302121795226324
epoch:  4200 loss:  0.08835812658071518 PSNR:  10.302122142112204
epoch:  4400 loss:  0.08835812658071518 PSNR:  10.302121795226324
epoch:  4600 loss:  0.08835812658071518 PSNR:  10.302121795226324
epoch:  4800 loss:  0.08835812658071518 PSNR:  10.302121101454642
epoch:  5000 loss:  0.08835812658071518 PSNR:  10.302121795226324
epoch:  5200 loss:  0.08835812658071518 PSNR:  10.302122142112204
epoch:  5400 loss:  0.08835812658071518 PSNR:  10.302121101454642
epoch:  5600 loss:  0.08835812658071518 PSNR:  10.302121795226324
epoch:  5800 loss:  0.08835812658071518 PSNR:  10.302121795226324
epoch:  6000 loss:  0.08835812658071518 PSNR:  10.302121795226324
epoch:  6200 loss:  0.08835812658071518 PSNR:  10.302121795226324
epoch:  6400 loss:  0.08835812658071518 PSNR:  10.302121795226324
epoch:  6600 loss:  0.08835812658071518 PSNR:  10.302122142112204
epoch:  6800 loss:  0.08835812658071518 PSNR:  10.302121795226324
epoch:  7000 loss:  0.08835812658071518 PSNR:  10.302122488998116
epoch:  7200 loss:  0.08835812658071518 PSNR:  10.302121795226324
epoch:  7400 loss:  0.08835812658071518 PSNR:  10.302122488998116
epoch:  7600 loss:  0.08835812658071518 PSNR:  10.302131508041503
epoch:  7800 loss:  0.08835812658071518 PSNR:  10.302119367025924
epoch:  8000 loss:  0.08835812658071518 PSNR:  10.302126304744956
epoch:  8200 loss:  0.08835812658071518 PSNR:  10.30213324247507
epoch:  8400 loss:  0.08835812658071518 PSNR:  10.302131508041503
epoch:  8600 loss:  0.08835812658071518 PSNR:  10.302126651631198
epoch:  8800 loss:  0.08835812658071518 PSNR:  10.302112776203105
epoch:  9000 loss:  0.08835814893245697 PSNR:  10.302361153071507
epoch:  9200 loss:  0.08835851401090622 PSNR:  10.303060222881617
epoch:  9400 loss:  0.08835812658071518 PSNR:  10.302130120495148
epoch:  9600 loss:  0.08835812658071518 PSNR:  10.302123529656013
epoch:  9800 loss:  0.08835812658071518 PSNR:  10.302126651631198
epoch:  10000 loss:  0.08835812658071518 PSNR:  10.302125957858742
epoch:  10200 loss:  0.08835812658071518 PSNR:  10.302127345403767
epoch:  10400 loss:  0.08835812658071518 PSNR:  10.302129426722136
epoch:  10600 loss:  0.08835812658071518 PSNR:  10.302105838505684
epoch:  10800 loss:  0.08835812658071518 PSNR:  10.302166543733904
epoch:  11000 loss:  0.08835814893245697 PSNR:  10.301905343838381
epoch:  11200 loss:  0.0883583351969719 PSNR:  10.301413512042213
epoch:  11400 loss:  0.08836011588573456 PSNR:  10.304199791749912
epoch:  11600 loss:  0.08835812658071518 PSNR:  10.302124917200262
epoch:  11800 loss:  0.08835812658071518 PSNR:  10.302118326369023
epoch:  12000 loss:  0.08835812658071518 PSNR:  10.302117979483445
epoch:  12200 loss:  0.08835812658071518 PSNR:  10.302120754568842
epoch:  12400 loss:  0.08835821598768234 PSNR:  10.30258317793865
epoch:  12600 loss:  0.08835812658071518 PSNR:  10.302126651631198
epoch:  12800 loss:  0.08835812658071518 PSNR:  10.302122488998116
epoch:  13000 loss:  0.08835812658071518 PSNR:  10.302119367025924
epoch:  13200 loss:  0.08835812658071518 PSNR:  10.302123876542034
epoch:  13400 loss:  0.08835812658071518 PSNR:  10.302053112367457
epoch:  13600 loss:  0.08835816383361816 PSNR:  10.3024138829497
epoch:  13800 loss:  0.0883592888712883 PSNR:  10.303734420106705
epoch:  14000 loss:  0.08835812658071518 PSNR:  10.302104450967528
epoch:  14200 loss:  0.08835812658071518 PSNR:  10.30214954618447
epoch:  14400 loss:  0.08835812658071518 PSNR:  10.302101329008302
epoch:  14600 loss:  0.08835812658071518 PSNR:  10.302121101454642
epoch:  14800 loss:  0.08835812658071518 PSNR:  10.302121795226324
epoch:  15000 loss:  0.08835812658071518 PSNR:  10.30213081426827
epoch:  15200 loss:  0.08835985511541367 PSNR:  10.304068955160108
epoch:  15400 loss:  0.08835812658071518 PSNR:  10.302123876542034
epoch:  15600 loss:  0.08835812658071518 PSNR:  10.30212040768307
epoch:  15800 loss:  0.08835812658071518 PSNR:  10.302100288355724
epoch:  16000 loss:  0.08835812658071518 PSNR:  10.302112082432863
epoch:  16200 loss:  0.08835814893245697 PSNR:  10.302376416917776
epoch:  16400 loss:  0.08836008608341217 PSNR:  10.299877676669587
epoch:  16600 loss:  0.08835812658071518 PSNR:  10.302130467381696
epoch:  16800 loss:  0.08835812658071518 PSNR:  10.302120754568842
epoch:  17000 loss:  0.08835812658071518 PSNR:  10.302126304744956
epoch:  17200 loss:  0.08835812658071518 PSNR:  10.302117632597895
epoch:  17400 loss:  0.08835812658071518 PSNR:  10.30211902014026
epoch:  17600 loss:  0.08835811913013458 PSNR:  10.302120754568842
epoch:  17800 loss:  0.08835812658071518 PSNR:  10.30211902014026
epoch:  18000 loss:  0.08835812658071518 PSNR:  10.30212318277002
epoch:  18200 loss:  0.08835812658071518 PSNR:  10.302130120495148
epoch:  18400 loss:  0.08835815638303757 PSNR:  10.30187343204624
epoch:  18600 loss:  0.08835824579000473 PSNR:  10.302629665832303
epoch:  18800 loss:  0.08835812658071518 PSNR:  10.30210410408306
epoch:  19000 loss:  0.08835812658071518 PSNR:  10.302127692290092
epoch:  19200 loss:  0.08835812658071518 PSNR:  10.302121101454642
epoch:  19400 loss:  0.08835812658071518 PSNR:  10.302123876542034
epoch:  19600 loss:  0.08835818618535995 PSNR:  10.30172844446528
epoch:  19800 loss:  0.08835812658071518 PSNR:  10.302115551285178
epoch:  20000 loss:  0.08835812658071518 PSNR:  10.302121101454642
epoch:  20200 loss:  0.08835812658071518 PSNR:  10.302130467381696
epoch:  20400 loss:  0.08835812658071518 PSNR:  10.302190132280074
epoch:  20600 loss:  0.08835813403129578 PSNR:  10.30195841505543
epoch:  20800 loss:  0.08835813403129578 PSNR:  10.302273386996525
epoch:  21000 loss:  0.08835822343826294 PSNR:  10.302616482647736
epoch:  21200 loss:  0.08835812658071518 PSNR:  10.302117632597895
epoch:  21400 loss:  0.08835812658071518 PSNR:  10.30212457031416
epoch:  21600 loss:  0.08835812658071518 PSNR:  10.302121101454642
epoch:  21800 loss:  0.08835812658071518 PSNR:  10.30211902014026
epoch:  22000 loss:  0.08835814893245697 PSNR:  10.302366703554853
epoch:  22200 loss:  0.08835812658071518 PSNR:  10.302124917200262
epoch:  22400 loss:  0.08835812658071518 PSNR:  10.302121795226324
epoch:  22600 loss:  0.08835812658071518 PSNR:  10.30212457031416
epoch:  22800 loss:  0.08835812658071518 PSNR:  10.30212457031416
epoch:  23000 loss:  0.08835812658071518 PSNR:  10.302121101454642
epoch:  23200 loss:  0.08835812658071518 PSNR:  10.302126651631198
epoch:  23400 loss:  0.08835812658071518 PSNR:  10.302121101454642
epoch:  23600 loss:  0.08835812658071518 PSNR:  10.302121101454642
epoch:  23800 loss:  0.08835812658071518 PSNR:  10.302089188077089
epoch:  24000 loss:  0.08835816383361816 PSNR:  10.302438860483882
epoch:  24200 loss:  0.08835812658071518 PSNR:  10.302117632597895
epoch:  24400 loss:  0.08835812658071518 PSNR:  10.302121101454642
epoch:  24600 loss:  0.08835812658071518 PSNR:  10.302124917200262
epoch:  24800 loss:  0.08835816383361816 PSNR:  10.30180475311505
epoch:  25000 loss:  0.08835872262716293 PSNR:  10.300907864359921
epoch:  25200 loss:  0.08836057782173157 PSNR:  10.30441948114953
epoch:  25400 loss:  0.08835812658071518 PSNR:  10.302123529656013
epoch:  25600 loss:  0.08835812658071518 PSNR:  10.302121101454642
epoch:  25800 loss:  0.08835816383361816 PSNR:  10.301810302887336
epoch:  26000 loss:  0.08835874497890472 PSNR:  10.303294427758216
epoch:  26200 loss:  0.08835812658071518 PSNR:  10.302109307353009
epoch:  26400 loss:  0.08835812658071518 PSNR:  10.302127345403767
epoch:  26600 loss:  0.08835812658071518 PSNR:  10.302121795226324
epoch:  26800 loss:  0.08835812658071518 PSNR:  10.302121795226324
epoch:  27000 loss:  0.08835812658071518 PSNR:  10.302095431980332
epoch:  27200 loss:  0.08835812658071518 PSNR:  10.302152668178358
epoch:  27400 loss:  0.08835812658071518 PSNR:  10.302171053299
epoch:  27600 loss:  0.08835812658071518 PSNR:  10.302064212553887
epoch:  27800 loss:  0.08835814893245697 PSNR:  10.301870657118876
epoch:  28000 loss:  0.08835838735103607 PSNR:  10.301332354744279
epoch:  28200 loss:  0.08835925161838531 PSNR:  10.303704229932883
epoch:  28400 loss:  0.08835812658071518 PSNR:  10.30212318277002
epoch:  28600 loss:  0.08835812658071518 PSNR:  10.302123876542034
epoch:  28800 loss:  0.08835812658071518 PSNR:  10.302066987604928
epoch:  29000 loss:  0.08835812658071518 PSNR:  10.302026749538388
epoch:  29200 loss:  0.08835812658071518 PSNR:  10.302030565201113
epoch:  29400 loss:  0.08835819363594055 PSNR:  10.302530446004933
epoch:  29600 loss:  0.08835954964160919 PSNR:  10.303891273582844
epoch:  29800 loss:  0.08835812658071518 PSNR:  10.302074619004433
epoch:  30000 loss:  0.08835812658071518 PSNR:  10.302123529656013
epoch:  30200 loss:  0.08835812658071518 PSNR:  10.302118326369023
epoch:  30400 loss:  0.08835812658071518 PSNR:  10.302164115508482
epoch:  30600 loss:  0.08835815638303757 PSNR:  10.301831114596569
epoch:  30800 loss:  0.08835819363594055 PSNR:  10.30172844446528
epoch:  31000 loss:  0.08835848420858383 PSNR:  10.303028302602373
epoch:  31200 loss:  0.08835818618535995 PSNR:  10.30249957036726
epoch:  31400 loss:  0.08835884928703308 PSNR:  10.303398522868735
epoch:  31600 loss:  0.08835886418819427 PSNR:  10.300773312342812
epoch:  31800 loss:  0.08835812658071518 PSNR:  10.30201564944771
epoch:  32000 loss:  0.08835812658071518 PSNR:  10.302117632597895
epoch:  32200 loss:  0.08835812658071518 PSNR:  10.302118326369023
epoch:  32400 loss:  0.08835812658071518 PSNR:  10.302123876542034
epoch:  32600 loss:  0.08835812658071518 PSNR:  10.302122488998116
epoch:  32800 loss:  0.08835812658071518 PSNR:  10.302126304744956
epoch:  33000 loss:  0.08835812658071518 PSNR:  10.302126651631198
epoch:  33200 loss:  0.08835812658071518 PSNR:  10.302131508041503
epoch:  33400 loss:  0.08835812658071518 PSNR:  10.302128039176445
epoch:  33600 loss:  0.08835812658071518 PSNR:  10.302137752005592
epoch:  33800 loss:  0.08835812658071518 PSNR:  10.302148852408354
epoch:  34000 loss:  0.08835812658071518 PSNR:  10.302146077305004
epoch:  34200 loss:  0.08835812658071518 PSNR:  10.302162381062585
epoch:  34400 loss:  0.08835813403129578 PSNR:  10.302277896672567
epoch:  34600 loss:  0.08835812658071518 PSNR:  10.30209820705132
epoch:  34800 loss:  0.08835812658071518 PSNR:  10.302049643565015
epoch:  35000 loss:  0.08835812658071518 PSNR:  10.30203750277829
epoch:  35200 loss:  0.08835812658071518 PSNR:  10.302100288355724
epoch:  35400 loss:  0.08835812658071518 PSNR:  10.302114857514493
epoch:  35600 loss:  0.08835812658071518 PSNR:  10.30213081426827
epoch:  35800 loss:  0.08835812658071518 PSNR:  10.302111388662736
epoch:  36000 loss:  0.08835812658071518 PSNR:  10.302127692290092
epoch:  36200 loss:  0.08835812658071518 PSNR:  10.302121795226324
epoch:  36400 loss:  0.08835812658071518 PSNR:  10.302126651631198
epoch:  36600 loss:  0.08835812658071518 PSNR:  10.302127692290092
epoch:  36800 loss:  0.08835812658071518 PSNR:  10.302114857514493
epoch:  37000 loss:  0.08835812658071518 PSNR:  10.302009405659172
epoch:  37200 loss:  0.08835812658071518 PSNR:  10.302011486921021
epoch:  37400 loss:  0.08835814893245697 PSNR:  10.30191020000122
epoch:  37600 loss:  0.08835814893245697 PSNR:  10.301884878640365
epoch:  37800 loss:  0.08835812658071518 PSNR:  10.30202605578189
epoch:  38000 loss:  0.08835818618535995 PSNR:  10.301745093510874
epoch:  38200 loss:  0.08835812658071518 PSNR:  10.302159605950589
epoch:  38400 loss:  0.08835812658071518 PSNR:  10.302121101454642
epoch:  38600 loss:  0.08835812658071518 PSNR:  10.302123876542034
epoch:  38800 loss:  0.08835812658071518 PSNR:  10.302134976909333
epoch:  39000 loss:  0.08835812658071518 PSNR:  10.30208190353465
epoch:  39200 loss:  0.08835812658071518 PSNR:  10.302130120495148
epoch:  39400 loss:  0.08835812658071518 PSNR:  10.302121795226324
epoch:  39600 loss:  0.08835812658071518 PSNR:  10.302125957858742
epoch:  39800 loss:  0.08835812658071518 PSNR:  10.30211902014026
Output directory: data/denoising/Set14/mask/8/pai/synflow/sparse_0.95
PSNR of output image is:  10.30211902014026
(3, 512, 512) (1, 3, 512, 512) (3, 512, 512)
Experiment done
