Processing image: monarch
(3, 512, 512)
(3, 512, 512)
Starting optimization with optimizer 'SAM'
Output directory where image taken from: data/denoising/Set14/mask/2/SAM(sigma=0.1,lr=0.01,decay=0,beta=0)/det/-1.3/1e-09
Output directory where results stored: data/inpainting/Set14/transfer/0.5/11/2
1.1.1.weight         | nonzeros =     966 /   12800             (  7.55%) | total_pruned =   11834 | shape = torch.Size([16, 32, 5, 5])
1.1.1.bias           | nonzeros =       0 /      16             (  0.00%) | total_pruned =      16 | shape = torch.Size([16])
1.2.weight           | nonzeros =       8 /      16             ( 50.00%) | total_pruned =       8 | shape = torch.Size([16])
1.2.bias             | nonzeros =       0 /      16             (  0.00%) | total_pruned =      16 | shape = torch.Size([16])
1.4.1.weight         | nonzeros =     100 /    6400             (  1.56%) | total_pruned =    6300 | shape = torch.Size([16, 16, 5, 5])
1.4.1.bias           | nonzeros =       0 /      16             (  0.00%) | total_pruned =      16 | shape = torch.Size([16])
1.5.weight           | nonzeros =       7 /      16             ( 43.75%) | total_pruned =       9 | shape = torch.Size([16])
1.5.bias             | nonzeros =       0 /      16             (  0.00%) | total_pruned =      16 | shape = torch.Size([16])
1.7.1.1.1.weight     | nonzeros =      80 /   12800             (  0.62%) | total_pruned =   12720 | shape = torch.Size([32, 16, 5, 5])
1.7.1.1.1.bias       | nonzeros =       0 /      32             (  0.00%) | total_pruned =      32 | shape = torch.Size([32])
1.7.1.2.weight       | nonzeros =      13 /      32             ( 40.62%) | total_pruned =      19 | shape = torch.Size([32])
1.7.1.2.bias         | nonzeros =       0 /      32             (  0.00%) | total_pruned =      32 | shape = torch.Size([32])
1.7.1.4.1.weight     | nonzeros =     148 /   25600             (  0.58%) | total_pruned =   25452 | shape = torch.Size([32, 32, 5, 5])
1.7.1.4.1.bias       | nonzeros =       0 /      32             (  0.00%) | total_pruned =      32 | shape = torch.Size([32])
1.7.1.5.weight       | nonzeros =      16 /      32             ( 50.00%) | total_pruned =      16 | shape = torch.Size([32])
1.7.1.5.bias         | nonzeros =       0 /      32             (  0.00%) | total_pruned =      32 | shape = torch.Size([32])
1.7.1.7.1.1.1.weight | nonzeros =      75 /   51200             (  0.15%) | total_pruned =   51125 | shape = torch.Size([64, 32, 5, 5])
1.7.1.7.1.1.1.bias   | nonzeros =       0 /      64             (  0.00%) | total_pruned =      64 | shape = torch.Size([64])
1.7.1.7.1.2.weight   | nonzeros =      25 /      64             ( 39.06%) | total_pruned =      39 | shape = torch.Size([64])
1.7.1.7.1.2.bias     | nonzeros =       0 /      64             (  0.00%) | total_pruned =      64 | shape = torch.Size([64])
1.7.1.7.1.4.1.weight | nonzeros =     135 /  102400             (  0.13%) | total_pruned =  102265 | shape = torch.Size([64, 64, 5, 5])
1.7.1.7.1.4.1.bias   | nonzeros =       0 /      64             (  0.00%) | total_pruned =      64 | shape = torch.Size([64])
1.7.1.7.1.5.weight   | nonzeros =      24 /      64             ( 37.50%) | total_pruned =      40 | shape = torch.Size([64])
1.7.1.7.1.5.bias     | nonzeros =       0 /      64             (  0.00%) | total_pruned =      64 | shape = torch.Size([64])
1.7.1.7.1.7.1.1.1.weight | nonzeros =      19 /  204800             (  0.01%) | total_pruned =  204781 | shape = torch.Size([128, 64, 5, 5])
1.7.1.7.1.7.1.1.1.bias | nonzeros =       0 /     128             (  0.00%) | total_pruned =     128 | shape = torch.Size([128])
1.7.1.7.1.7.1.2.weight | nonzeros =      60 /     128             ( 46.88%) | total_pruned =      68 | shape = torch.Size([128])
1.7.1.7.1.7.1.2.bias | nonzeros =       0 /     128             (  0.00%) | total_pruned =     128 | shape = torch.Size([128])
1.7.1.7.1.7.1.4.1.weight | nonzeros =      70 /  409600             (  0.02%) | total_pruned =  409530 | shape = torch.Size([128, 128, 5, 5])
1.7.1.7.1.7.1.4.1.bias | nonzeros =       0 /     128             (  0.00%) | total_pruned =     128 | shape = torch.Size([128])
1.7.1.7.1.7.1.5.weight | nonzeros =      68 /     128             ( 53.12%) | total_pruned =      60 | shape = torch.Size([128])
1.7.1.7.1.7.1.5.bias | nonzeros =       0 /     128             (  0.00%) | total_pruned =     128 | shape = torch.Size([128])
1.7.1.7.1.7.1.7.1.1.1.weight | nonzeros =      99 /  409600             (  0.02%) | total_pruned =  409501 | shape = torch.Size([128, 128, 5, 5])
1.7.1.7.1.7.1.7.1.1.1.bias | nonzeros =       0 /     128             (  0.00%) | total_pruned =     128 | shape = torch.Size([128])
1.7.1.7.1.7.1.7.1.2.weight | nonzeros =      74 /     128             ( 57.81%) | total_pruned =      54 | shape = torch.Size([128])
1.7.1.7.1.7.1.7.1.2.bias | nonzeros =       0 /     128             (  0.00%) | total_pruned =     128 | shape = torch.Size([128])
1.7.1.7.1.7.1.7.1.4.1.weight | nonzeros =    2061 /  409600             (  0.50%) | total_pruned =  407539 | shape = torch.Size([128, 128, 5, 5])
1.7.1.7.1.7.1.7.1.4.1.bias | nonzeros =       0 /     128             (  0.00%) | total_pruned =     128 | shape = torch.Size([128])
1.7.1.7.1.7.1.7.1.5.weight | nonzeros =     100 /     128             ( 78.12%) | total_pruned =      28 | shape = torch.Size([128])
1.7.1.7.1.7.1.7.1.5.bias | nonzeros =       0 /     128             (  0.00%) | total_pruned =     128 | shape = torch.Size([128])
1.7.1.7.1.7.1.7.1.7.1.1.1.weight | nonzeros =    8020 /  409600             (  1.96%) | total_pruned =  401580 | shape = torch.Size([128, 128, 5, 5])
1.7.1.7.1.7.1.7.1.7.1.1.1.bias | nonzeros =       0 /     128             (  0.00%) | total_pruned =     128 | shape = torch.Size([128])
1.7.1.7.1.7.1.7.1.7.1.2.weight | nonzeros =     110 /     128             ( 85.94%) | total_pruned =      18 | shape = torch.Size([128])
1.7.1.7.1.7.1.7.1.7.1.2.bias | nonzeros =       0 /     128             (  0.00%) | total_pruned =     128 | shape = torch.Size([128])
1.7.1.7.1.7.1.7.1.7.1.4.1.weight | nonzeros =   33033 /  409600             (  8.06%) | total_pruned =  376567 | shape = torch.Size([128, 128, 5, 5])
1.7.1.7.1.7.1.7.1.7.1.4.1.bias | nonzeros =       0 /     128             (  0.00%) | total_pruned =     128 | shape = torch.Size([128])
1.7.1.7.1.7.1.7.1.7.1.5.weight | nonzeros =      92 /     128             ( 71.88%) | total_pruned =      36 | shape = torch.Size([128])
1.7.1.7.1.7.1.7.1.7.1.5.bias | nonzeros =       0 /     128             (  0.00%) | total_pruned =     128 | shape = torch.Size([128])
1.7.1.7.1.7.1.7.1.7.2.weight | nonzeros =      92 /     128             ( 71.88%) | total_pruned =      36 | shape = torch.Size([128])
1.7.1.7.1.7.1.7.1.7.2.bias | nonzeros =       0 /     128             (  0.00%) | total_pruned =     128 | shape = torch.Size([128])
1.7.1.7.1.7.1.7.1.7.3.1.weight | nonzeros =   29848 /  147456             ( 20.24%) | total_pruned =  117608 | shape = torch.Size([128, 128, 3, 3])
1.7.1.7.1.7.1.7.1.7.3.1.bias | nonzeros =       0 /     128             (  0.00%) | total_pruned =     128 | shape = torch.Size([128])
1.7.1.7.1.7.1.7.1.7.4.weight | nonzeros =      85 /     128             ( 66.41%) | total_pruned =      43 | shape = torch.Size([128])
1.7.1.7.1.7.1.7.1.7.4.bias | nonzeros =       0 /     128             (  0.00%) | total_pruned =     128 | shape = torch.Size([128])
1.7.1.7.1.7.1.7.2.weight | nonzeros =      85 /     128             ( 66.41%) | total_pruned =      43 | shape = torch.Size([128])
1.7.1.7.1.7.1.7.2.bias | nonzeros =       0 /     128             (  0.00%) | total_pruned =     128 | shape = torch.Size([128])
1.7.1.7.1.7.1.7.3.1.weight | nonzeros =   29948 /  147456             ( 20.31%) | total_pruned =  117508 | shape = torch.Size([128, 128, 3, 3])
1.7.1.7.1.7.1.7.3.1.bias | nonzeros =       0 /     128             (  0.00%) | total_pruned =     128 | shape = torch.Size([128])
1.7.1.7.1.7.1.7.4.weight | nonzeros =      89 /     128             ( 69.53%) | total_pruned =      39 | shape = torch.Size([128])
1.7.1.7.1.7.1.7.4.bias | nonzeros =       0 /     128             (  0.00%) | total_pruned =     128 | shape = torch.Size([128])
1.7.1.7.1.7.2.weight | nonzeros =      89 /     128             ( 69.53%) | total_pruned =      39 | shape = torch.Size([128])
1.7.1.7.1.7.2.bias   | nonzeros =       0 /     128             (  0.00%) | total_pruned =     128 | shape = torch.Size([128])
1.7.1.7.1.7.3.1.weight | nonzeros =   27010 /  147456             ( 18.32%) | total_pruned =  120446 | shape = torch.Size([128, 128, 3, 3])
1.7.1.7.1.7.3.1.bias | nonzeros =       0 /     128             (  0.00%) | total_pruned =     128 | shape = torch.Size([128])
1.7.1.7.1.7.4.weight | nonzeros =      79 /     128             ( 61.72%) | total_pruned =      49 | shape = torch.Size([128])
1.7.1.7.1.7.4.bias   | nonzeros =       0 /     128             (  0.00%) | total_pruned =     128 | shape = torch.Size([128])
1.7.1.7.2.weight     | nonzeros =      79 /     128             ( 61.72%) | total_pruned =      49 | shape = torch.Size([128])
1.7.1.7.2.bias       | nonzeros =       0 /     128             (  0.00%) | total_pruned =     128 | shape = torch.Size([128])
1.7.1.7.3.1.weight   | nonzeros =   12697 /   73728             ( 17.22%) | total_pruned =   61031 | shape = torch.Size([64, 128, 3, 3])
1.7.1.7.3.1.bias     | nonzeros =       0 /      64             (  0.00%) | total_pruned =      64 | shape = torch.Size([64])
1.7.1.7.4.weight     | nonzeros =      40 /      64             ( 62.50%) | total_pruned =      24 | shape = torch.Size([64])
1.7.1.7.4.bias       | nonzeros =       0 /      64             (  0.00%) | total_pruned =      64 | shape = torch.Size([64])
1.7.2.weight         | nonzeros =      40 /      64             ( 62.50%) | total_pruned =      24 | shape = torch.Size([64])
1.7.2.bias           | nonzeros =       0 /      64             (  0.00%) | total_pruned =      64 | shape = torch.Size([64])
1.7.3.1.weight       | nonzeros =    2471 /   18432             ( 13.41%) | total_pruned =   15961 | shape = torch.Size([32, 64, 3, 3])
1.7.3.1.bias         | nonzeros =       0 /      32             (  0.00%) | total_pruned =      32 | shape = torch.Size([32])
1.7.4.weight         | nonzeros =      14 /      32             ( 43.75%) | total_pruned =      18 | shape = torch.Size([32])
1.7.4.bias           | nonzeros =       0 /      32             (  0.00%) | total_pruned =      32 | shape = torch.Size([32])
2.weight             | nonzeros =      14 /      32             ( 43.75%) | total_pruned =      18 | shape = torch.Size([32])
2.bias               | nonzeros =       0 /      32             (  0.00%) | total_pruned =      32 | shape = torch.Size([32])
3.1.weight           | nonzeros =     977 /    4608             ( 21.20%) | total_pruned =    3631 | shape = torch.Size([16, 32, 3, 3])
3.1.bias             | nonzeros =       0 /      16             (  0.00%) | total_pruned =      16 | shape = torch.Size([16])
4.weight             | nonzeros =      16 /      16             (100.00%) | total_pruned =       0 | shape = torch.Size([16])
4.bias               | nonzeros =       0 /      16             (  0.00%) | total_pruned =      16 | shape = torch.Size([16])
6.1.weight           | nonzeros =      27 /      48             ( 56.25%) | total_pruned =      21 | shape = torch.Size([3, 16, 1, 1])
6.1.bias             | nonzeros =       2 /       3             ( 66.67%) | total_pruned =       1 | shape = torch.Size([3])
alive: 149105, pruned : 2859762, total: 3008867, Compression rate :      20.18x  ( 95.04% pruned)
Initial PSNR of output image is:  11.763997448956598
epoch:  0 loss:  0.03337348997592926 PSNR:  11.763997448956598
epoch:  200 loss:  0.0027040038257837296 PSNR:  22.454817966584205
epoch:  400 loss:  0.0011540711857378483 PSNR:  25.83912953287752
epoch:  600 loss:  0.0006958036683499813 PSNR:  27.680000927582835
epoch:  800 loss:  0.0005426431307569146 PSNR:  28.458421399101724
epoch:  1000 loss:  0.0007356269052252173 PSNR:  27.47318928043965
epoch:  1200 loss:  0.00045160597073845565 PSNR:  29.08904021627147
epoch:  1400 loss:  0.0003197686455678195 PSNR:  30.034252420702256
epoch:  1600 loss:  0.00028013746486976743 PSNR:  30.335265931992588
epoch:  1800 loss:  0.000547168543562293 PSNR:  28.416593403466308
epoch:  2000 loss:  0.0002872972108889371 PSNR:  30.1970531498798
epoch:  2200 loss:  0.0002245982614113018 PSNR:  30.764261903633937
epoch:  2400 loss:  0.000209075486054644 PSNR:  30.88396972192305
epoch:  2600 loss:  0.00027914857491850853 PSNR:  30.212467470688015
epoch:  2800 loss:  0.0002871085307560861 PSNR:  30.089628324659348
epoch:  3000 loss:  0.00017870726878754795 PSNR:  31.14428319639254
epoch:  3200 loss:  0.0001856093731475994 PSNR:  30.96207292036071
epoch:  3400 loss:  0.00018542858015280217 PSNR:  30.9356829182944
epoch:  3600 loss:  0.0002949526533484459 PSNR:  29.97347152141961
epoch:  3800 loss:  0.00016413477715104818 PSNR:  31.153778900717086
epoch:  4000 loss:  0.0001459059858461842 PSNR:  31.34456227211141
epoch:  4200 loss:  0.0001452081196475774 PSNR:  31.309907331503165
epoch:  4400 loss:  0.00014880544040352106 PSNR:  31.23393282514483
epoch:  4600 loss:  0.0001565799757372588 PSNR:  31.15793368273369
epoch:  4800 loss:  0.00012320360110606998 PSNR:  31.503142349125206
epoch:  5000 loss:  0.00011698854359565303 PSNR:  31.554570655161758
epoch:  5200 loss:  0.00015729920414742082 PSNR:  31.122193978255083
epoch:  5400 loss:  0.0001211529306601733 PSNR:  31.466081718337687
epoch:  5600 loss:  0.00011614632967393845 PSNR:  31.502772877782643
epoch:  5800 loss:  0.00013684199075214565 PSNR:  31.278314964016268
epoch:  6000 loss:  0.00012147812958573923 PSNR:  31.420078933176462
epoch:  6200 loss:  0.0001131576718762517 PSNR:  31.506231916538788
epoch:  6400 loss:  0.00010033186117652804 PSNR:  31.61307805958606
epoch:  6600 loss:  0.0001222686842083931 PSNR:  31.3465316787035
epoch:  6800 loss:  0.00010133656905964017 PSNR:  31.596104638863377
epoch:  7000 loss:  0.0001090108635253273 PSNR:  31.451664005356882
epoch:  7200 loss:  0.00019058596808463335 PSNR:  30.615558411148164
epoch:  7400 loss:  0.00010376957652624696 PSNR:  31.535389999464194
epoch:  7600 loss:  0.00013836454309057444 PSNR:  31.08134460746953
epoch:  7800 loss:  0.00010253042273689061 PSNR:  31.48707049283624
epoch:  8000 loss:  9.715405030874535e-05 PSNR:  31.535714732320656
epoch:  8200 loss:  0.00010372541146352887 PSNR:  31.497482595313656
epoch:  8400 loss:  0.00012595902080647647 PSNR:  31.166186081414644
epoch:  8600 loss:  8.92953758011572e-05 PSNR:  31.629345841374914
epoch:  8800 loss:  0.00011914630886167288 PSNR:  31.37509989555115
epoch:  9000 loss:  0.00010355419362895191 PSNR:  31.487176587386656
epoch:  9200 loss:  9.973078704206273e-05 PSNR:  31.48890472695006
epoch:  9400 loss:  9.119605965679511e-05 PSNR:  31.570183397686492
epoch:  9600 loss:  8.748752588871866e-05 PSNR:  31.604100434117335
epoch:  9800 loss:  0.00011183483729837462 PSNR:  31.27931332716184
epoch:  10000 loss:  8.74945180839859e-05 PSNR:  31.591133055748458
epoch:  10200 loss:  0.00011990823259111494 PSNR:  31.19632236086328
epoch:  10400 loss:  8.576000982429832e-05 PSNR:  31.594148309866238
epoch:  10600 loss:  9.181526547763497e-05 PSNR:  31.55324127656129
epoch:  10800 loss:  0.00011019808880519122 PSNR:  31.35970432642326
epoch:  11000 loss:  7.865674706408754e-05 PSNR:  31.648258897772944
epoch:  11200 loss:  7.79870679252781e-05 PSNR:  31.651675710017134
epoch:  11400 loss:  8.700667967787012e-05 PSNR:  31.565065944076565
epoch:  11600 loss:  9.278045035898685e-05 PSNR:  31.464412926017292
epoch:  11800 loss:  8.577599510317668e-05 PSNR:  31.568115379997685
epoch:  12000 loss:  8.157058618962765e-05 PSNR:  31.58455025683662
epoch:  12200 loss:  8.27645999379456e-05 PSNR:  31.594076789161527
epoch:  12400 loss:  0.00010834910062840208 PSNR:  31.305628219775304
epoch:  12600 loss:  8.570001227781177e-05 PSNR:  31.577905438692735
epoch:  12800 loss:  7.630637264810503e-05 PSNR:  31.61902563731222
epoch:  13000 loss:  7.668544276384637e-05 PSNR:  31.631847736914246
epoch:  13200 loss:  8.620414155302569e-05 PSNR:  31.51711741325268
epoch:  13400 loss:  9.241962106898427e-05 PSNR:  31.451266402616064
epoch:  13600 loss:  7.960858783917502e-05 PSNR:  31.615605802585076
epoch:  13800 loss:  7.585495768580586e-05 PSNR:  31.578675853248434
epoch:  14000 loss:  0.00012308309669606388 PSNR:  31.13155321319065
epoch:  14200 loss:  8.257315494120121e-05 PSNR:  31.551518426062614
epoch:  14400 loss:  0.00011799350613728166 PSNR:  31.083163785971944
epoch:  14600 loss:  7.536976045230404e-05 PSNR:  31.62095906088095
epoch:  14800 loss:  8.151720976457e-05 PSNR:  31.510437444678878
epoch:  15000 loss:  8.055118814809248e-05 PSNR:  31.52634684115784
epoch:  15200 loss:  9.662904631113634e-05 PSNR:  31.301272817910878
epoch:  15400 loss:  7.565874693682417e-05 PSNR:  31.600400704254795
epoch:  15600 loss:  9.045245678862557e-05 PSNR:  31.352049047452184
epoch:  15800 loss:  7.990686572156847e-05 PSNR:  31.50471491916106
epoch:  16000 loss:  6.796819798182696e-05 PSNR:  31.64782478105686
epoch:  16200 loss:  7.245234883157536e-05 PSNR:  31.61173871391917
epoch:  16400 loss:  7.601346442243084e-05 PSNR:  31.55334863851447
epoch:  16600 loss:  0.000104522354376968 PSNR:  31.256984827860116
epoch:  16800 loss:  6.893056706758216e-05 PSNR:  31.635506579662508
epoch:  17000 loss:  7.484707020921633e-05 PSNR:  31.580839489205456
epoch:  17200 loss:  7.689702761126682e-05 PSNR:  31.52277662608922
epoch:  17400 loss:  6.637354090344161e-05 PSNR:  31.633600547758665
epoch:  17600 loss:  7.964282121974975e-05 PSNR:  31.52758571859183
epoch:  17800 loss:  7.555077172582969e-05 PSNR:  31.50898588943267
epoch:  18000 loss:  8.570696081733331e-05 PSNR:  31.479690824464377
epoch:  18200 loss:  6.586872041225433e-05 PSNR:  31.62743368568998
epoch:  18400 loss:  8.223949407692999e-05 PSNR:  31.41819328640458
epoch:  18600 loss:  6.816154927946627e-05 PSNR:  31.59586004953991
epoch:  18800 loss:  7.749332871753722e-05 PSNR:  31.494803668375436
epoch:  19000 loss:  7.519010978285223e-05 PSNR:  31.50772297302467
epoch:  19200 loss:  6.902364839334041e-05 PSNR:  31.591352581378263
epoch:  19400 loss:  7.986515993252397e-05 PSNR:  31.405884516417988
epoch:  19600 loss:  6.86163330101408e-05 PSNR:  31.597899323627576
epoch:  19800 loss:  7.906458631623536e-05 PSNR:  31.417740222296203
epoch:  20000 loss:  7.273996016010642e-05 PSNR:  31.512001200784354
epoch:  20200 loss:  7.0285597757902e-05 PSNR:  31.57686365129817
epoch:  20400 loss:  7.02893448760733e-05 PSNR:  31.56319202043058
epoch:  20600 loss:  7.759464642731473e-05 PSNR:  31.492594413778974
epoch:  20800 loss:  6.343149289023131e-05 PSNR:  31.611402751370257
epoch:  21000 loss:  7.57411980885081e-05 PSNR:  31.511529293812572
epoch:  21200 loss:  6.248665158636868e-05 PSNR:  31.61807557614094
epoch:  21400 loss:  6.207764818100259e-05 PSNR:  31.611308964939138
epoch:  21600 loss:  7.523478416260332e-05 PSNR:  31.513185848743905
epoch:  21800 loss:  6.179318734211847e-05 PSNR:  31.63246469277498
epoch:  22000 loss:  6.681938248220831e-05 PSNR:  31.573338840245047
epoch:  22200 loss:  6.910131924087182e-05 PSNR:  31.510808284617447
epoch:  22400 loss:  7.503706001443788e-05 PSNR:  31.49316658702265
epoch:  22600 loss:  6.825860327808186e-05 PSNR:  31.543049647031015
epoch:  22800 loss:  6.314832717180252e-05 PSNR:  31.590232460425923
epoch:  23000 loss:  7.614055357407779e-05 PSNR:  31.419777104560698
epoch:  23200 loss:  6.367891910485923e-05 PSNR:  31.598541792888533
epoch:  23400 loss:  6.524261698359624e-05 PSNR:  31.58386980911702
epoch:  23600 loss:  6.922680040588602e-05 PSNR:  31.527652559034397
epoch:  23800 loss:  6.672957533737645e-05 PSNR:  31.518895167017916
epoch:  24000 loss:  7.246474706334993e-05 PSNR:  31.51310275527807
epoch:  24200 loss:  7.300877769012004e-05 PSNR:  31.462189338583947
epoch:  24400 loss:  7.14773777872324e-05 PSNR:  31.49619947245011
epoch:  24600 loss:  5.997230618959293e-05 PSNR:  31.597012295168653
epoch:  24800 loss:  6.249149009818211e-05 PSNR:  31.55747414261389
epoch:  25000 loss:  7.350917439907789e-05 PSNR:  31.482436903945107
epoch:  25200 loss:  6.181311619002372e-05 PSNR:  31.575597558133936
epoch:  25400 loss:  9.76784504018724e-05 PSNR:  31.219398332427772
epoch:  25600 loss:  6.85675477143377e-05 PSNR:  31.519697151330504
epoch:  25800 loss:  6.284736446104944e-05 PSNR:  31.554881637356686
epoch:  26000 loss:  6.164941441966221e-05 PSNR:  31.57176083238552
epoch:  26200 loss:  6.157981988508254e-05 PSNR:  31.567738889061246
epoch:  26400 loss:  6.133181159384549e-05 PSNR:  31.552483311620534
epoch:  26600 loss:  6.281444075284526e-05 PSNR:  31.55110904689174
epoch:  26800 loss:  5.9944326494587585e-05 PSNR:  31.554214499422773
epoch:  27000 loss:  6.342765846056864e-05 PSNR:  31.4931277267653
epoch:  27200 loss:  6.19017519056797e-05 PSNR:  31.527946166065416
epoch:  27400 loss:  8.150249777827412e-05 PSNR:  31.307992722572337
epoch:  27600 loss:  6.380778359016404e-05 PSNR:  31.549187684515942
epoch:  27800 loss:  6.606346869375557e-05 PSNR:  31.497658536872123
epoch:  28000 loss:  6.271752499742433e-05 PSNR:  31.501424609782156
epoch:  28200 loss:  6.830310303485021e-05 PSNR:  31.501212440378275
epoch:  28400 loss:  6.138587923487648e-05 PSNR:  31.540907274714133
epoch:  28600 loss:  8.755994349485263e-05 PSNR:  31.27879511342924
epoch:  28800 loss:  5.800668441224843e-05 PSNR:  31.565324754763452
epoch:  29000 loss:  7.291010115295649e-05 PSNR:  31.37673506018615
epoch:  29200 loss:  6.727986328769475e-05 PSNR:  31.498340600832183
epoch:  29400 loss:  8.573441300541162e-05 PSNR:  31.241389932576173
epoch:  29600 loss:  6.305877468548715e-05 PSNR:  31.49296515918349
epoch:  29800 loss:  5.81836502533406e-05 PSNR:  31.54431710787691
epoch:  30000 loss:  6.200415373314172e-05 PSNR:  31.546850613144812
epoch:  30200 loss:  7.317586278077215e-05 PSNR:  31.409310223773467
epoch:  30400 loss:  6.391320494003594e-05 PSNR:  31.49391676508752
epoch:  30600 loss:  5.81927306484431e-05 PSNR:  31.546099897755667
epoch:  30800 loss:  5.745614180341363e-05 PSNR:  31.563914894596152
epoch:  31000 loss:  6.050859155948274e-05 PSNR:  31.539103915197124
epoch:  31200 loss:  5.669639358529821e-05 PSNR:  31.567820132898618
epoch:  31400 loss:  7.88276520324871e-05 PSNR:  31.305874070826537
epoch:  31600 loss:  6.829084304627031e-05 PSNR:  31.417612335722787
epoch:  31800 loss:  6.14892051089555e-05 PSNR:  31.537824286932246
epoch:  32000 loss:  5.8623962104320526e-05 PSNR:  31.549336118201413
epoch:  32200 loss:  6.438593118218705e-05 PSNR:  31.48879930249344
epoch:  32400 loss:  5.869222150067799e-05 PSNR:  31.528425970581118
epoch:  32600 loss:  6.95864946465008e-05 PSNR:  31.3907974593377
epoch:  32800 loss:  5.5427663028240204e-05 PSNR:  31.56704837780005
epoch:  33000 loss:  9.295963536715135e-05 PSNR:  31.19064139138866
epoch:  33200 loss:  5.4948104661889374e-05 PSNR:  31.575951111301343
epoch:  33400 loss:  6.165044032968581e-05 PSNR:  31.50793868032997
epoch:  33600 loss:  5.7295281294500455e-05 PSNR:  31.523265193702613
epoch:  33800 loss:  5.9470195992616937e-05 PSNR:  31.528913736319666
epoch:  34000 loss:  6.779568502679467e-05 PSNR:  31.45696166748287
epoch:  34200 loss:  7.337795977946371e-05 PSNR:  31.40458729832591
epoch:  34400 loss:  5.916494410485029e-05 PSNR:  31.53074487426467
epoch:  34600 loss:  6.925190973561257e-05 PSNR:  31.41745397181535
epoch:  34800 loss:  5.644400880555622e-05 PSNR:  31.56613390950163
epoch:  35000 loss:  6.929371738806367e-05 PSNR:  31.405340497099967
epoch:  35200 loss:  7.882865611463785e-05 PSNR:  31.31114887833946
epoch:  35400 loss:  5.675982538377866e-05 PSNR:  31.522821136953997
epoch:  35600 loss:  6.759139796486124e-05 PSNR:  31.468092134333485
epoch:  35800 loss:  5.847122156410478e-05 PSNR:  31.550823985688808
epoch:  36000 loss:  6.529975507874042e-05 PSNR:  31.428484569796563
epoch:  36200 loss:  5.488903843797743e-05 PSNR:  31.553556863201116
epoch:  36400 loss:  5.542275539482944e-05 PSNR:  31.548958001512467
epoch:  36600 loss:  6.371170456986874e-05 PSNR:  31.448683930352495
epoch:  36800 loss:  6.243053212529048e-05 PSNR:  31.491556851375794
epoch:  37000 loss:  6.593778380192816e-05 PSNR:  31.42299067569965
epoch:  37200 loss:  6.281321111600846e-05 PSNR:  31.426271222569817
epoch:  37400 loss:  7.379773887805641e-05 PSNR:  31.378196193844317
epoch:  37600 loss:  5.915555448154919e-05 PSNR:  31.474270602952256
epoch:  37800 loss:  6.132567068561912e-05 PSNR:  31.47530475336624
epoch:  38000 loss:  6.943868356756866e-05 PSNR:  31.410612701411328
epoch:  38200 loss:  6.198319897521287e-05 PSNR:  31.426387427722325
epoch:  38400 loss:  5.550882997340523e-05 PSNR:  31.55010653802034
epoch:  38600 loss:  5.8642552176024765e-05 PSNR:  31.50748223772128
epoch:  38800 loss:  5.587407940765843e-05 PSNR:  31.529133734077362
epoch:  39000 loss:  5.912889901082963e-05 PSNR:  31.502583509104515
epoch:  39200 loss:  5.9398120356490836e-05 PSNR:  31.465839028792647
epoch:  39400 loss:  6.448708154493943e-05 PSNR:  31.476715258584633
epoch:  39600 loss:  5.583361416938715e-05 PSNR:  31.534669337670607
epoch:  39800 loss:  5.8535526477498934e-05 PSNR:  31.523196625791844
PSNR of output image is:  31.523196625791844
(3, 512, 512) (1, 3, 512, 512)
Experiment done
