Processing image: flowers
(3, 512, 512)
(3, 512, 512)
Starting optimization with optimizer 'SAM'
Output directory where image taken from: data/denoising/Set14/mask/2/SAM(sigma=0.1,lr=0.01,decay=0,beta=0)/det/-1.3/1e-09
Output directory where results stored: data/inpainting/Set14/transfer/0.5/8/2
1.1.1.weight         | nonzeros =     966 /   12800             (  7.55%) | total_pruned =   11834 | shape = torch.Size([16, 32, 5, 5])
1.1.1.bias           | nonzeros =       0 /      16             (  0.00%) | total_pruned =      16 | shape = torch.Size([16])
1.2.weight           | nonzeros =       8 /      16             ( 50.00%) | total_pruned =       8 | shape = torch.Size([16])
1.2.bias             | nonzeros =       0 /      16             (  0.00%) | total_pruned =      16 | shape = torch.Size([16])
1.4.1.weight         | nonzeros =     100 /    6400             (  1.56%) | total_pruned =    6300 | shape = torch.Size([16, 16, 5, 5])
1.4.1.bias           | nonzeros =       0 /      16             (  0.00%) | total_pruned =      16 | shape = torch.Size([16])
1.5.weight           | nonzeros =       7 /      16             ( 43.75%) | total_pruned =       9 | shape = torch.Size([16])
1.5.bias             | nonzeros =       0 /      16             (  0.00%) | total_pruned =      16 | shape = torch.Size([16])
1.7.1.1.1.weight     | nonzeros =      80 /   12800             (  0.62%) | total_pruned =   12720 | shape = torch.Size([32, 16, 5, 5])
1.7.1.1.1.bias       | nonzeros =       0 /      32             (  0.00%) | total_pruned =      32 | shape = torch.Size([32])
1.7.1.2.weight       | nonzeros =      13 /      32             ( 40.62%) | total_pruned =      19 | shape = torch.Size([32])
1.7.1.2.bias         | nonzeros =       0 /      32             (  0.00%) | total_pruned =      32 | shape = torch.Size([32])
1.7.1.4.1.weight     | nonzeros =     148 /   25600             (  0.58%) | total_pruned =   25452 | shape = torch.Size([32, 32, 5, 5])
1.7.1.4.1.bias       | nonzeros =       0 /      32             (  0.00%) | total_pruned =      32 | shape = torch.Size([32])
1.7.1.5.weight       | nonzeros =      16 /      32             ( 50.00%) | total_pruned =      16 | shape = torch.Size([32])
1.7.1.5.bias         | nonzeros =       0 /      32             (  0.00%) | total_pruned =      32 | shape = torch.Size([32])
1.7.1.7.1.1.1.weight | nonzeros =      75 /   51200             (  0.15%) | total_pruned =   51125 | shape = torch.Size([64, 32, 5, 5])
1.7.1.7.1.1.1.bias   | nonzeros =       0 /      64             (  0.00%) | total_pruned =      64 | shape = torch.Size([64])
1.7.1.7.1.2.weight   | nonzeros =      25 /      64             ( 39.06%) | total_pruned =      39 | shape = torch.Size([64])
1.7.1.7.1.2.bias     | nonzeros =       0 /      64             (  0.00%) | total_pruned =      64 | shape = torch.Size([64])
1.7.1.7.1.4.1.weight | nonzeros =     135 /  102400             (  0.13%) | total_pruned =  102265 | shape = torch.Size([64, 64, 5, 5])
1.7.1.7.1.4.1.bias   | nonzeros =       0 /      64             (  0.00%) | total_pruned =      64 | shape = torch.Size([64])
1.7.1.7.1.5.weight   | nonzeros =      24 /      64             ( 37.50%) | total_pruned =      40 | shape = torch.Size([64])
1.7.1.7.1.5.bias     | nonzeros =       0 /      64             (  0.00%) | total_pruned =      64 | shape = torch.Size([64])
1.7.1.7.1.7.1.1.1.weight | nonzeros =      19 /  204800             (  0.01%) | total_pruned =  204781 | shape = torch.Size([128, 64, 5, 5])
1.7.1.7.1.7.1.1.1.bias | nonzeros =       0 /     128             (  0.00%) | total_pruned =     128 | shape = torch.Size([128])
1.7.1.7.1.7.1.2.weight | nonzeros =      60 /     128             ( 46.88%) | total_pruned =      68 | shape = torch.Size([128])
1.7.1.7.1.7.1.2.bias | nonzeros =       0 /     128             (  0.00%) | total_pruned =     128 | shape = torch.Size([128])
1.7.1.7.1.7.1.4.1.weight | nonzeros =      70 /  409600             (  0.02%) | total_pruned =  409530 | shape = torch.Size([128, 128, 5, 5])
1.7.1.7.1.7.1.4.1.bias | nonzeros =       0 /     128             (  0.00%) | total_pruned =     128 | shape = torch.Size([128])
1.7.1.7.1.7.1.5.weight | nonzeros =      68 /     128             ( 53.12%) | total_pruned =      60 | shape = torch.Size([128])
1.7.1.7.1.7.1.5.bias | nonzeros =       0 /     128             (  0.00%) | total_pruned =     128 | shape = torch.Size([128])
1.7.1.7.1.7.1.7.1.1.1.weight | nonzeros =      99 /  409600             (  0.02%) | total_pruned =  409501 | shape = torch.Size([128, 128, 5, 5])
1.7.1.7.1.7.1.7.1.1.1.bias | nonzeros =       0 /     128             (  0.00%) | total_pruned =     128 | shape = torch.Size([128])
1.7.1.7.1.7.1.7.1.2.weight | nonzeros =      74 /     128             ( 57.81%) | total_pruned =      54 | shape = torch.Size([128])
1.7.1.7.1.7.1.7.1.2.bias | nonzeros =       0 /     128             (  0.00%) | total_pruned =     128 | shape = torch.Size([128])
1.7.1.7.1.7.1.7.1.4.1.weight | nonzeros =    2061 /  409600             (  0.50%) | total_pruned =  407539 | shape = torch.Size([128, 128, 5, 5])
1.7.1.7.1.7.1.7.1.4.1.bias | nonzeros =       0 /     128             (  0.00%) | total_pruned =     128 | shape = torch.Size([128])
1.7.1.7.1.7.1.7.1.5.weight | nonzeros =     100 /     128             ( 78.12%) | total_pruned =      28 | shape = torch.Size([128])
1.7.1.7.1.7.1.7.1.5.bias | nonzeros =       0 /     128             (  0.00%) | total_pruned =     128 | shape = torch.Size([128])
1.7.1.7.1.7.1.7.1.7.1.1.1.weight | nonzeros =    8020 /  409600             (  1.96%) | total_pruned =  401580 | shape = torch.Size([128, 128, 5, 5])
1.7.1.7.1.7.1.7.1.7.1.1.1.bias | nonzeros =       0 /     128             (  0.00%) | total_pruned =     128 | shape = torch.Size([128])
1.7.1.7.1.7.1.7.1.7.1.2.weight | nonzeros =     110 /     128             ( 85.94%) | total_pruned =      18 | shape = torch.Size([128])
1.7.1.7.1.7.1.7.1.7.1.2.bias | nonzeros =       0 /     128             (  0.00%) | total_pruned =     128 | shape = torch.Size([128])
1.7.1.7.1.7.1.7.1.7.1.4.1.weight | nonzeros =   33033 /  409600             (  8.06%) | total_pruned =  376567 | shape = torch.Size([128, 128, 5, 5])
1.7.1.7.1.7.1.7.1.7.1.4.1.bias | nonzeros =       0 /     128             (  0.00%) | total_pruned =     128 | shape = torch.Size([128])
1.7.1.7.1.7.1.7.1.7.1.5.weight | nonzeros =      92 /     128             ( 71.88%) | total_pruned =      36 | shape = torch.Size([128])
1.7.1.7.1.7.1.7.1.7.1.5.bias | nonzeros =       0 /     128             (  0.00%) | total_pruned =     128 | shape = torch.Size([128])
1.7.1.7.1.7.1.7.1.7.2.weight | nonzeros =      92 /     128             ( 71.88%) | total_pruned =      36 | shape = torch.Size([128])
1.7.1.7.1.7.1.7.1.7.2.bias | nonzeros =       0 /     128             (  0.00%) | total_pruned =     128 | shape = torch.Size([128])
1.7.1.7.1.7.1.7.1.7.3.1.weight | nonzeros =   29848 /  147456             ( 20.24%) | total_pruned =  117608 | shape = torch.Size([128, 128, 3, 3])
1.7.1.7.1.7.1.7.1.7.3.1.bias | nonzeros =       0 /     128             (  0.00%) | total_pruned =     128 | shape = torch.Size([128])
1.7.1.7.1.7.1.7.1.7.4.weight | nonzeros =      85 /     128             ( 66.41%) | total_pruned =      43 | shape = torch.Size([128])
1.7.1.7.1.7.1.7.1.7.4.bias | nonzeros =       0 /     128             (  0.00%) | total_pruned =     128 | shape = torch.Size([128])
1.7.1.7.1.7.1.7.2.weight | nonzeros =      85 /     128             ( 66.41%) | total_pruned =      43 | shape = torch.Size([128])
1.7.1.7.1.7.1.7.2.bias | nonzeros =       0 /     128             (  0.00%) | total_pruned =     128 | shape = torch.Size([128])
1.7.1.7.1.7.1.7.3.1.weight | nonzeros =   29948 /  147456             ( 20.31%) | total_pruned =  117508 | shape = torch.Size([128, 128, 3, 3])
1.7.1.7.1.7.1.7.3.1.bias | nonzeros =       0 /     128             (  0.00%) | total_pruned =     128 | shape = torch.Size([128])
1.7.1.7.1.7.1.7.4.weight | nonzeros =      89 /     128             ( 69.53%) | total_pruned =      39 | shape = torch.Size([128])
1.7.1.7.1.7.1.7.4.bias | nonzeros =       0 /     128             (  0.00%) | total_pruned =     128 | shape = torch.Size([128])
1.7.1.7.1.7.2.weight | nonzeros =      89 /     128             ( 69.53%) | total_pruned =      39 | shape = torch.Size([128])
1.7.1.7.1.7.2.bias   | nonzeros =       0 /     128             (  0.00%) | total_pruned =     128 | shape = torch.Size([128])
1.7.1.7.1.7.3.1.weight | nonzeros =   27010 /  147456             ( 18.32%) | total_pruned =  120446 | shape = torch.Size([128, 128, 3, 3])
1.7.1.7.1.7.3.1.bias | nonzeros =       0 /     128             (  0.00%) | total_pruned =     128 | shape = torch.Size([128])
1.7.1.7.1.7.4.weight | nonzeros =      79 /     128             ( 61.72%) | total_pruned =      49 | shape = torch.Size([128])
1.7.1.7.1.7.4.bias   | nonzeros =       0 /     128             (  0.00%) | total_pruned =     128 | shape = torch.Size([128])
1.7.1.7.2.weight     | nonzeros =      79 /     128             ( 61.72%) | total_pruned =      49 | shape = torch.Size([128])
1.7.1.7.2.bias       | nonzeros =       0 /     128             (  0.00%) | total_pruned =     128 | shape = torch.Size([128])
1.7.1.7.3.1.weight   | nonzeros =   12697 /   73728             ( 17.22%) | total_pruned =   61031 | shape = torch.Size([64, 128, 3, 3])
1.7.1.7.3.1.bias     | nonzeros =       0 /      64             (  0.00%) | total_pruned =      64 | shape = torch.Size([64])
1.7.1.7.4.weight     | nonzeros =      40 /      64             ( 62.50%) | total_pruned =      24 | shape = torch.Size([64])
1.7.1.7.4.bias       | nonzeros =       0 /      64             (  0.00%) | total_pruned =      64 | shape = torch.Size([64])
1.7.2.weight         | nonzeros =      40 /      64             ( 62.50%) | total_pruned =      24 | shape = torch.Size([64])
1.7.2.bias           | nonzeros =       0 /      64             (  0.00%) | total_pruned =      64 | shape = torch.Size([64])
1.7.3.1.weight       | nonzeros =    2471 /   18432             ( 13.41%) | total_pruned =   15961 | shape = torch.Size([32, 64, 3, 3])
1.7.3.1.bias         | nonzeros =       0 /      32             (  0.00%) | total_pruned =      32 | shape = torch.Size([32])
1.7.4.weight         | nonzeros =      14 /      32             ( 43.75%) | total_pruned =      18 | shape = torch.Size([32])
1.7.4.bias           | nonzeros =       0 /      32             (  0.00%) | total_pruned =      32 | shape = torch.Size([32])
2.weight             | nonzeros =      14 /      32             ( 43.75%) | total_pruned =      18 | shape = torch.Size([32])
2.bias               | nonzeros =       0 /      32             (  0.00%) | total_pruned =      32 | shape = torch.Size([32])
3.1.weight           | nonzeros =     977 /    4608             ( 21.20%) | total_pruned =    3631 | shape = torch.Size([16, 32, 3, 3])
3.1.bias             | nonzeros =       0 /      16             (  0.00%) | total_pruned =      16 | shape = torch.Size([16])
4.weight             | nonzeros =      16 /      16             (100.00%) | total_pruned =       0 | shape = torch.Size([16])
4.bias               | nonzeros =       0 /      16             (  0.00%) | total_pruned =      16 | shape = torch.Size([16])
6.1.weight           | nonzeros =      27 /      48             ( 56.25%) | total_pruned =      21 | shape = torch.Size([3, 16, 1, 1])
6.1.bias             | nonzeros =       2 /       3             ( 66.67%) | total_pruned =       1 | shape = torch.Size([3])
alive: 149105, pruned : 2859762, total: 3008867, Compression rate :      20.18x  ( 95.04% pruned)
Initial PSNR of output image is:  14.878737930035948
epoch:  0 loss:  0.016283024102449417 PSNR:  14.878737930035948
epoch:  200 loss:  0.004401342011988163 PSNR:  20.521270432911063
epoch:  400 loss:  0.0023723847698420286 PSNR:  23.07492966392146
epoch:  600 loss:  0.0017911733593791723 PSNR:  24.17404168584785
epoch:  800 loss:  0.0012528542429208755 PSNR:  25.561323435710793
epoch:  1000 loss:  0.0010785881895571947 PSNR:  26.08945235617417
epoch:  1200 loss:  0.0009326666477136314 PSNR:  26.626681355484074
epoch:  1400 loss:  0.0007699275156483054 PSNR:  27.283219604842568
epoch:  1600 loss:  0.0006875656545162201 PSNR:  27.645606715962163
epoch:  1800 loss:  0.000631568836979568 PSNR:  27.921544382281198
epoch:  2000 loss:  0.0005872291512787342 PSNR:  28.169369237122538
epoch:  2200 loss:  0.000539855333045125 PSNR:  28.399439020347824
epoch:  2400 loss:  0.0005532042123377323 PSNR:  28.284972827139157
epoch:  2600 loss:  0.00047663244185969234 PSNR:  28.785971130097128
epoch:  2800 loss:  0.00048202983452938497 PSNR:  28.7052333973913
epoch:  3000 loss:  0.0005145148606970906 PSNR:  28.571035403961393
epoch:  3200 loss:  0.00045663979835808277 PSNR:  28.906045874380354
epoch:  3400 loss:  0.0004119738005101681 PSNR:  29.172738773065063
epoch:  3600 loss:  0.0003643804229795933 PSNR:  29.486149892408058
epoch:  3800 loss:  0.00044211390195414424 PSNR:  28.980457944436257
epoch:  4000 loss:  0.00043070068932138383 PSNR:  29.064009841360956
epoch:  4200 loss:  0.00034207827411592007 PSNR:  29.678878463274188
epoch:  4400 loss:  0.0003418544656597078 PSNR:  29.679433507423543
epoch:  4600 loss:  0.00043458910658955574 PSNR:  28.962133550995148
epoch:  4800 loss:  0.0003113580751232803 PSNR:  29.89687059402833
epoch:  5000 loss:  0.00030486821196973324 PSNR:  29.963726301386835
epoch:  5200 loss:  0.0003761744301300496 PSNR:  29.432443856071732
epoch:  5400 loss:  0.00029069522861391306 PSNR:  30.06271427777525
epoch:  5600 loss:  0.0002896895748563111 PSNR:  30.060495869522835
epoch:  5800 loss:  0.00035928338184021413 PSNR:  29.49594427096201
epoch:  6000 loss:  0.0002994014648720622 PSNR:  29.942513658855937
epoch:  6200 loss:  0.00027456358657218516 PSNR:  30.183674170859348
epoch:  6400 loss:  0.00029564774013124406 PSNR:  30.04729349839172
epoch:  6600 loss:  0.00026371024432592094 PSNR:  30.26429743505108
epoch:  6800 loss:  0.00033361208625137806 PSNR:  29.71857150682231
epoch:  7000 loss:  0.0003316812217235565 PSNR:  29.748607077922024
epoch:  7200 loss:  0.0002918806276284158 PSNR:  29.993209028084923
epoch:  7400 loss:  0.00025698880199342966 PSNR:  30.308594009879734
epoch:  7600 loss:  0.0002474340726621449 PSNR:  30.413608441576457
epoch:  7800 loss:  0.00032217460102401674 PSNR:  29.725449840931375
epoch:  8000 loss:  0.00026887067360803485 PSNR:  30.2268927425515
epoch:  8200 loss:  0.00028381781885400414 PSNR:  30.06320262333986
epoch:  8400 loss:  0.00025413878029212356 PSNR:  30.30613899745041
epoch:  8600 loss:  0.000231260055443272 PSNR:  30.510324640219363
epoch:  8800 loss:  0.0002786292461678386 PSNR:  30.160396726877057
epoch:  9000 loss:  0.00023989018518477678 PSNR:  30.420031452571116
epoch:  9200 loss:  0.00029994844226166606 PSNR:  29.869339786853715
epoch:  9400 loss:  0.00028683996060863137 PSNR:  30.09687874385721
epoch:  9600 loss:  0.00022746184549760073 PSNR:  30.553865239567777
epoch:  9800 loss:  0.00023839451023377478 PSNR:  30.454737607427575
epoch:  10000 loss:  0.00022024332429282367 PSNR:  30.632208470964347
epoch:  10200 loss:  0.000251797609962523 PSNR:  30.38566979349593
epoch:  10400 loss:  0.0002481627743691206 PSNR:  30.361249857797166
epoch:  10600 loss:  0.00026033809990622103 PSNR:  30.306163410503103
epoch:  10800 loss:  0.00028792687226086855 PSNR:  30.066332005457035
epoch:  11000 loss:  0.00026254510157741606 PSNR:  30.26606796074264
epoch:  11200 loss:  0.0002273613354191184 PSNR:  30.493750429786925
epoch:  11400 loss:  0.00022273596550803632 PSNR:  30.601738780760982
epoch:  11600 loss:  0.0004936348996125162 PSNR:  28.667443134160315
epoch:  11800 loss:  0.00034465218777768314 PSNR:  29.567767332502743
epoch:  12000 loss:  0.00030155485728755593 PSNR:  29.927336099744508
epoch:  12200 loss:  0.00031787704210728407 PSNR:  29.79575545607943
epoch:  12400 loss:  0.00026145903393626213 PSNR:  30.269754818557825
epoch:  12600 loss:  0.0002476561057846993 PSNR:  30.370561835211593
epoch:  12800 loss:  0.000258639978710562 PSNR:  30.28980869906332
epoch:  13000 loss:  0.0002235023712273687 PSNR:  30.577730847316786
epoch:  13200 loss:  0.0002761869691312313 PSNR:  30.175403039702733
epoch:  13400 loss:  0.00022405837080441415 PSNR:  30.571855662609195
epoch:  13600 loss:  0.0002128002670360729 PSNR:  30.635559851763674
epoch:  13800 loss:  0.00021495571127161384 PSNR:  30.629055147170327
epoch:  14000 loss:  0.00020835731993429363 PSNR:  30.683240625767812
epoch:  14200 loss:  0.00023171711654867977 PSNR:  30.523502054767718
epoch:  14400 loss:  0.00021943141473457217 PSNR:  30.52347781478098
epoch:  14600 loss:  0.00021204628865234554 PSNR:  30.621401176779337
epoch:  14800 loss:  0.0002116285904776305 PSNR:  30.660521184049188
epoch:  15000 loss:  0.00020686087373178452 PSNR:  30.694772332796987
epoch:  15200 loss:  0.00022981785878073424 PSNR:  30.501817515023454
epoch:  15400 loss:  0.00026004569372162223 PSNR:  30.263465760198592
epoch:  15600 loss:  0.00019106821855530143 PSNR:  30.8223800809475
epoch:  15800 loss:  0.000198807887500152 PSNR:  30.774696471350005
epoch:  16000 loss:  0.00021630781702697277 PSNR:  30.611158428493084
epoch:  16200 loss:  0.00022435186838265508 PSNR:  30.476889091240835
epoch:  16400 loss:  0.0001944597315741703 PSNR:  30.781805114228536
epoch:  16600 loss:  0.00020830135326832533 PSNR:  30.651149040066873
epoch:  16800 loss:  0.0001857092574937269 PSNR:  30.87022701698021
epoch:  17000 loss:  0.00018295457994099706 PSNR:  30.852971272271944
epoch:  17200 loss:  0.00018555395945440978 PSNR:  30.85269439312301
epoch:  17400 loss:  0.00017987345927394927 PSNR:  30.923158559059985
epoch:  17600 loss:  0.00021318257495295256 PSNR:  30.61657249770711
epoch:  17800 loss:  0.00019521659123711288 PSNR:  30.789652728584205
epoch:  18000 loss:  0.00018313205509912223 PSNR:  30.854152821678646
epoch:  18200 loss:  0.00019145080295857042 PSNR:  30.768424274509254
epoch:  18400 loss:  0.0001736458216328174 PSNR:  30.95333314601565
epoch:  18600 loss:  0.00020519531972240657 PSNR:  30.614901609845337
epoch:  18800 loss:  0.00020083293202333152 PSNR:  30.635135850033166
epoch:  19000 loss:  0.00021446030586957932 PSNR:  30.56750547417451
epoch:  19200 loss:  0.00017687783110886812 PSNR:  30.894449638437678
epoch:  19400 loss:  0.00018735519552137703 PSNR:  30.814871427038995
epoch:  19600 loss:  0.00019509100820869207 PSNR:  30.712599456398223
epoch:  19800 loss:  0.00017498969100415707 PSNR:  30.94158013110581
epoch:  20000 loss:  0.0001716239785309881 PSNR:  30.976329804294615
epoch:  20200 loss:  0.00018549858941696584 PSNR:  30.764913951939292
epoch:  20400 loss:  0.00017633670358918607 PSNR:  30.894402426627757
epoch:  20600 loss:  0.00018501424347050488 PSNR:  30.821398334697612
epoch:  20800 loss:  0.0001765657652867958 PSNR:  30.910770604685524
epoch:  21000 loss:  0.00018888755585066974 PSNR:  30.806656095613448
epoch:  21200 loss:  0.00016651861369609833 PSNR:  30.9849932884755
epoch:  21400 loss:  0.00018087078933604062 PSNR:  30.897906191426188
epoch:  21600 loss:  0.0001623122370801866 PSNR:  31.03733226445097
epoch:  21800 loss:  0.000165208475664258 PSNR:  30.991997149943543
epoch:  22000 loss:  0.00018784594431053847 PSNR:  30.837489481495094
epoch:  22200 loss:  0.0001638813118916005 PSNR:  30.98788506708867
epoch:  22400 loss:  0.0001964092080015689 PSNR:  30.71562894060877
epoch:  22600 loss:  0.00017360917991027236 PSNR:  30.927083662126186
epoch:  22800 loss:  0.00017504549759905785 PSNR:  30.87749172572768
epoch:  23000 loss:  0.00020705586939584464 PSNR:  30.60885438710587
epoch:  23200 loss:  0.00020937886438332498 PSNR:  30.488659803223108
epoch:  23400 loss:  0.00018398204701952636 PSNR:  30.76629102098817
epoch:  23600 loss:  0.0001937817723955959 PSNR:  30.712041584753457
epoch:  23800 loss:  0.00020138180116191506 PSNR:  30.534839512369302
epoch:  24000 loss:  0.00016964177484624088 PSNR:  30.893751142390546
epoch:  24200 loss:  0.00016629316087346524 PSNR:  30.95045326287579
epoch:  24400 loss:  0.00016678660176694393 PSNR:  30.98375785045548
epoch:  24600 loss:  0.00017338359612040222 PSNR:  30.93843221827325
epoch:  24800 loss:  0.00016870230319909751 PSNR:  30.911855094107263
epoch:  25000 loss:  0.0001665674935793504 PSNR:  30.953248453346795
epoch:  25200 loss:  0.00015657579933758825 PSNR:  31.063201392206867
epoch:  25400 loss:  0.0001553722540847957 PSNR:  31.045124974931966
epoch:  25600 loss:  0.00017905820277519524 PSNR:  30.809467436205566
epoch:  25800 loss:  0.00016190865426324308 PSNR:  31.011876390281277
epoch:  26000 loss:  0.0001548056461615488 PSNR:  31.076373242049602
epoch:  26200 loss:  0.00015290282317437232 PSNR:  31.100934392478223
epoch:  26400 loss:  0.00016355098341591656 PSNR:  30.933690332609252
epoch:  26600 loss:  0.00017217264394275844 PSNR:  30.84147657204059
epoch:  26800 loss:  0.00016512756701558828 PSNR:  30.963135271244695
epoch:  27000 loss:  0.00015836609236430377 PSNR:  31.040353553032705
epoch:  27200 loss:  0.00015664768579881638 PSNR:  31.048377919436348
epoch:  27400 loss:  0.00015522792818956077 PSNR:  31.060320678388283
epoch:  27600 loss:  0.00015405465092044324 PSNR:  31.08782986601525
epoch:  27800 loss:  0.00015299745427910239 PSNR:  31.070096519867757
epoch:  28000 loss:  0.0001583768316777423 PSNR:  31.037121376139147
epoch:  28200 loss:  0.00015056226402521133 PSNR:  31.092223339726388
epoch:  28400 loss:  0.0001701664150459692 PSNR:  30.881884264819192
epoch:  28600 loss:  0.0001814353745430708 PSNR:  30.845136875443558
epoch:  28800 loss:  0.00016134505858644843 PSNR:  30.95788252967443
epoch:  29000 loss:  0.00016190149472095072 PSNR:  30.974254579794128
epoch:  29200 loss:  0.00016030055121518672 PSNR:  31.01648850636162
epoch:  29400 loss:  0.00016021721239667386 PSNR:  31.00760581194252
epoch:  29600 loss:  0.0001574353955220431 PSNR:  31.015769147286093
epoch:  29800 loss:  0.00017567809845786542 PSNR:  30.888247235824938
epoch:  30000 loss:  0.00019365176558494568 PSNR:  30.711029378140147
epoch:  30200 loss:  0.0001480741484556347 PSNR:  31.105961035737796
epoch:  30400 loss:  0.00016517173207830638 PSNR:  30.924388134843444
epoch:  30600 loss:  0.00017661570745985955 PSNR:  30.87520589654362
epoch:  30800 loss:  0.0001521228114143014 PSNR:  31.08304311085081
epoch:  31000 loss:  0.00015679062926210463 PSNR:  31.062102983452405
epoch:  31200 loss:  0.00017150136409327388 PSNR:  30.91914172431505
epoch:  31400 loss:  0.00014725384244229645 PSNR:  31.12081647096754
epoch:  31600 loss:  0.00017092365305870771 PSNR:  30.906905066342254
epoch:  31800 loss:  0.00014683241897728294 PSNR:  31.08832546083526
epoch:  32000 loss:  0.0001501861261203885 PSNR:  31.09187097010785
epoch:  32200 loss:  0.00018015682871919125 PSNR:  30.707315805873385
epoch:  32400 loss:  0.00020977816893719137 PSNR:  30.414380381248534
epoch:  32600 loss:  0.00018501437443774194 PSNR:  30.67987975593852
epoch:  32800 loss:  0.00016926505486480892 PSNR:  30.8302227697001
epoch:  33000 loss:  0.000146999882417731 PSNR:  31.121930486783924
epoch:  33200 loss:  0.00015558188897557557 PSNR:  31.032355848921203
epoch:  33400 loss:  0.0001615889195818454 PSNR:  30.949562931449215
epoch:  33600 loss:  0.0001609077153261751 PSNR:  30.982225457072747
epoch:  33800 loss:  0.00015416879614349455 PSNR:  31.0193390039691
epoch:  34000 loss:  0.00015848851762712002 PSNR:  30.98390433423721
epoch:  34200 loss:  0.0001458734186599031 PSNR:  31.11370711878006
epoch:  34400 loss:  0.0001668240875005722 PSNR:  30.924177969047484
epoch:  34600 loss:  0.0001725300680845976 PSNR:  30.849301596201997
epoch:  34800 loss:  0.00014564653974957764 PSNR:  31.079908679015876
epoch:  35000 loss:  0.00015111707034520805 PSNR:  31.079946281383926
epoch:  35200 loss:  0.00015369121683761477 PSNR:  31.05172927523332
epoch:  35400 loss:  0.00014208255743142217 PSNR:  31.14222547473635
epoch:  35600 loss:  0.00014771625865250826 PSNR:  31.087679185224097
epoch:  35800 loss:  0.00014226362691260874 PSNR:  31.136422007996714
epoch:  36000 loss:  0.00014711897529195994 PSNR:  31.047998519646814
epoch:  36200 loss:  0.00020850528380833566 PSNR:  30.403291924041365
epoch:  36400 loss:  0.0001500713697168976 PSNR:  31.073908143126623
epoch:  36600 loss:  0.00014780655328650028 PSNR:  31.070425455946094
epoch:  36800 loss:  0.00017691779066808522 PSNR:  30.713363556008602
epoch:  37000 loss:  0.00015335986972786486 PSNR:  31.034028561255276
epoch:  37200 loss:  0.00018870968779083341 PSNR:  30.669687667333672
epoch:  37400 loss:  0.00015573023119941354 PSNR:  30.993745273652706
epoch:  37600 loss:  0.00015356388757936656 PSNR:  31.043956221410475
epoch:  37800 loss:  0.00014520419063046575 PSNR:  31.11088641781243
epoch:  38000 loss:  0.00015623850049450994 PSNR:  31.011178534006984
epoch:  38200 loss:  0.0001492059964220971 PSNR:  31.09524696179776
epoch:  38400 loss:  0.0001447036920581013 PSNR:  31.11189273768683
epoch:  38600 loss:  0.00014647317584604025 PSNR:  31.047580542475302
epoch:  38800 loss:  0.00014696692232973874 PSNR:  31.104710594156405
epoch:  39000 loss:  0.000147609316627495 PSNR:  31.099157572553576
epoch:  39200 loss:  0.00017265044152736664 PSNR:  30.78766267415181
epoch:  39400 loss:  0.00015597599849570543 PSNR:  30.936004338139043
epoch:  39600 loss:  0.0001441205822629854 PSNR:  31.115824582828587
epoch:  39800 loss:  0.00014411157462745905 PSNR:  31.102145625893826
PSNR of output image is:  31.102145625893826
(3, 512, 512) (1, 3, 512, 512)
Experiment done
