Processing image: pepper
(3, 512, 512)
(3, 512, 512)
Starting optimization with optimizer 'SAM'
Output directory where image taken from: data/denoising/Set14/mask/10/SAM(sigma=0.1,lr=0.01,decay=0,beta=0)/det/-1.3/1e-09
Output directory where results stored: data/inpainting/Set14/transfer/0.8/5
1.1.1.weight         | nonzeros =    1251 /   12800             (  9.77%) | total_pruned =   11549 | shape = torch.Size([16, 32, 5, 5])
1.1.1.bias           | nonzeros =       0 /      16             (  0.00%) | total_pruned =      16 | shape = torch.Size([16])
1.2.weight           | nonzeros =       7 /      16             ( 43.75%) | total_pruned =       9 | shape = torch.Size([16])
1.2.bias             | nonzeros =       0 /      16             (  0.00%) | total_pruned =      16 | shape = torch.Size([16])
1.4.1.weight         | nonzeros =     124 /    6400             (  1.94%) | total_pruned =    6276 | shape = torch.Size([16, 16, 5, 5])
1.4.1.bias           | nonzeros =       0 /      16             (  0.00%) | total_pruned =      16 | shape = torch.Size([16])
1.5.weight           | nonzeros =       6 /      16             ( 37.50%) | total_pruned =      10 | shape = torch.Size([16])
1.5.bias             | nonzeros =       0 /      16             (  0.00%) | total_pruned =      16 | shape = torch.Size([16])
1.7.1.1.1.weight     | nonzeros =     107 /   12800             (  0.84%) | total_pruned =   12693 | shape = torch.Size([32, 16, 5, 5])
1.7.1.1.1.bias       | nonzeros =       0 /      32             (  0.00%) | total_pruned =      32 | shape = torch.Size([32])
1.7.1.2.weight       | nonzeros =      14 /      32             ( 43.75%) | total_pruned =      18 | shape = torch.Size([32])
1.7.1.2.bias         | nonzeros =       0 /      32             (  0.00%) | total_pruned =      32 | shape = torch.Size([32])
1.7.1.4.1.weight     | nonzeros =     179 /   25600             (  0.70%) | total_pruned =   25421 | shape = torch.Size([32, 32, 5, 5])
1.7.1.4.1.bias       | nonzeros =       0 /      32             (  0.00%) | total_pruned =      32 | shape = torch.Size([32])
1.7.1.5.weight       | nonzeros =      15 /      32             ( 46.88%) | total_pruned =      17 | shape = torch.Size([32])
1.7.1.5.bias         | nonzeros =       0 /      32             (  0.00%) | total_pruned =      32 | shape = torch.Size([32])
1.7.1.7.1.1.1.weight | nonzeros =     118 /   51200             (  0.23%) | total_pruned =   51082 | shape = torch.Size([64, 32, 5, 5])
1.7.1.7.1.1.1.bias   | nonzeros =       0 /      64             (  0.00%) | total_pruned =      64 | shape = torch.Size([64])
1.7.1.7.1.2.weight   | nonzeros =      27 /      64             ( 42.19%) | total_pruned =      37 | shape = torch.Size([64])
1.7.1.7.1.2.bias     | nonzeros =       0 /      64             (  0.00%) | total_pruned =      64 | shape = torch.Size([64])
1.7.1.7.1.4.1.weight | nonzeros =     180 /  102400             (  0.18%) | total_pruned =  102220 | shape = torch.Size([64, 64, 5, 5])
1.7.1.7.1.4.1.bias   | nonzeros =       0 /      64             (  0.00%) | total_pruned =      64 | shape = torch.Size([64])
1.7.1.7.1.5.weight   | nonzeros =      31 /      64             ( 48.44%) | total_pruned =      33 | shape = torch.Size([64])
1.7.1.7.1.5.bias     | nonzeros =       0 /      64             (  0.00%) | total_pruned =      64 | shape = torch.Size([64])
1.7.1.7.1.7.1.1.1.weight | nonzeros =      25 /  204800             (  0.01%) | total_pruned =  204775 | shape = torch.Size([128, 64, 5, 5])
1.7.1.7.1.7.1.1.1.bias | nonzeros =       0 /     128             (  0.00%) | total_pruned =     128 | shape = torch.Size([128])
1.7.1.7.1.7.1.2.weight | nonzeros =      60 /     128             ( 46.88%) | total_pruned =      68 | shape = torch.Size([128])
1.7.1.7.1.7.1.2.bias | nonzeros =       0 /     128             (  0.00%) | total_pruned =     128 | shape = torch.Size([128])
1.7.1.7.1.7.1.4.1.weight | nonzeros =     296 /  409600             (  0.07%) | total_pruned =  409304 | shape = torch.Size([128, 128, 5, 5])
1.7.1.7.1.7.1.4.1.bias | nonzeros =       0 /     128             (  0.00%) | total_pruned =     128 | shape = torch.Size([128])
1.7.1.7.1.7.1.5.weight | nonzeros =      68 /     128             ( 53.12%) | total_pruned =      60 | shape = torch.Size([128])
1.7.1.7.1.7.1.5.bias | nonzeros =       0 /     128             (  0.00%) | total_pruned =     128 | shape = torch.Size([128])
1.7.1.7.1.7.1.7.1.1.1.weight | nonzeros =     400 /  409600             (  0.10%) | total_pruned =  409200 | shape = torch.Size([128, 128, 5, 5])
1.7.1.7.1.7.1.7.1.1.1.bias | nonzeros =       0 /     128             (  0.00%) | total_pruned =     128 | shape = torch.Size([128])
1.7.1.7.1.7.1.7.1.2.weight | nonzeros =      70 /     128             ( 54.69%) | total_pruned =      58 | shape = torch.Size([128])
1.7.1.7.1.7.1.7.1.2.bias | nonzeros =       0 /     128             (  0.00%) | total_pruned =     128 | shape = torch.Size([128])
1.7.1.7.1.7.1.7.1.4.1.weight | nonzeros =    3045 /  409600             (  0.74%) | total_pruned =  406555 | shape = torch.Size([128, 128, 5, 5])
1.7.1.7.1.7.1.7.1.4.1.bias | nonzeros =       0 /     128             (  0.00%) | total_pruned =     128 | shape = torch.Size([128])
1.7.1.7.1.7.1.7.1.5.weight | nonzeros =      95 /     128             ( 74.22%) | total_pruned =      33 | shape = torch.Size([128])
1.7.1.7.1.7.1.7.1.5.bias | nonzeros =       0 /     128             (  0.00%) | total_pruned =     128 | shape = torch.Size([128])
1.7.1.7.1.7.1.7.1.7.1.1.1.weight | nonzeros =   10429 /  409600             (  2.55%) | total_pruned =  399171 | shape = torch.Size([128, 128, 5, 5])
1.7.1.7.1.7.1.7.1.7.1.1.1.bias | nonzeros =       0 /     128             (  0.00%) | total_pruned =     128 | shape = torch.Size([128])
1.7.1.7.1.7.1.7.1.7.1.2.weight | nonzeros =     102 /     128             ( 79.69%) | total_pruned =      26 | shape = torch.Size([128])
1.7.1.7.1.7.1.7.1.7.1.2.bias | nonzeros =       0 /     128             (  0.00%) | total_pruned =     128 | shape = torch.Size([128])
1.7.1.7.1.7.1.7.1.7.1.4.1.weight | nonzeros =   38256 /  409600             (  9.34%) | total_pruned =  371344 | shape = torch.Size([128, 128, 5, 5])
1.7.1.7.1.7.1.7.1.7.1.4.1.bias | nonzeros =       0 /     128             (  0.00%) | total_pruned =     128 | shape = torch.Size([128])
1.7.1.7.1.7.1.7.1.7.1.5.weight | nonzeros =      90 /     128             ( 70.31%) | total_pruned =      38 | shape = torch.Size([128])
1.7.1.7.1.7.1.7.1.7.1.5.bias | nonzeros =       0 /     128             (  0.00%) | total_pruned =     128 | shape = torch.Size([128])
1.7.1.7.1.7.1.7.1.7.2.weight | nonzeros =      90 /     128             ( 70.31%) | total_pruned =      38 | shape = torch.Size([128])
1.7.1.7.1.7.1.7.1.7.2.bias | nonzeros =       0 /     128             (  0.00%) | total_pruned =     128 | shape = torch.Size([128])
1.7.1.7.1.7.1.7.1.7.3.1.weight | nonzeros =   28593 /  147456             ( 19.39%) | total_pruned =  118863 | shape = torch.Size([128, 128, 3, 3])
1.7.1.7.1.7.1.7.1.7.3.1.bias | nonzeros =       0 /     128             (  0.00%) | total_pruned =     128 | shape = torch.Size([128])
1.7.1.7.1.7.1.7.1.7.4.weight | nonzeros =      79 /     128             ( 61.72%) | total_pruned =      49 | shape = torch.Size([128])
1.7.1.7.1.7.1.7.1.7.4.bias | nonzeros =       0 /     128             (  0.00%) | total_pruned =     128 | shape = torch.Size([128])
1.7.1.7.1.7.1.7.2.weight | nonzeros =      79 /     128             ( 61.72%) | total_pruned =      49 | shape = torch.Size([128])
1.7.1.7.1.7.1.7.2.bias | nonzeros =       0 /     128             (  0.00%) | total_pruned =     128 | shape = torch.Size([128])
1.7.1.7.1.7.1.7.3.1.weight | nonzeros =   29072 /  147456             ( 19.72%) | total_pruned =  118384 | shape = torch.Size([128, 128, 3, 3])
1.7.1.7.1.7.1.7.3.1.bias | nonzeros =       0 /     128             (  0.00%) | total_pruned =     128 | shape = torch.Size([128])
1.7.1.7.1.7.1.7.4.weight | nonzeros =      90 /     128             ( 70.31%) | total_pruned =      38 | shape = torch.Size([128])
1.7.1.7.1.7.1.7.4.bias | nonzeros =       0 /     128             (  0.00%) | total_pruned =     128 | shape = torch.Size([128])
1.7.1.7.1.7.2.weight | nonzeros =      90 /     128             ( 70.31%) | total_pruned =      38 | shape = torch.Size([128])
1.7.1.7.1.7.2.bias   | nonzeros =       0 /     128             (  0.00%) | total_pruned =     128 | shape = torch.Size([128])
1.7.1.7.1.7.3.1.weight | nonzeros =   26181 /  147456             ( 17.76%) | total_pruned =  121275 | shape = torch.Size([128, 128, 3, 3])
1.7.1.7.1.7.3.1.bias | nonzeros =       0 /     128             (  0.00%) | total_pruned =     128 | shape = torch.Size([128])
1.7.1.7.1.7.4.weight | nonzeros =      73 /     128             ( 57.03%) | total_pruned =      55 | shape = torch.Size([128])
1.7.1.7.1.7.4.bias   | nonzeros =       0 /     128             (  0.00%) | total_pruned =     128 | shape = torch.Size([128])
1.7.1.7.2.weight     | nonzeros =      73 /     128             ( 57.03%) | total_pruned =      55 | shape = torch.Size([128])
1.7.1.7.2.bias       | nonzeros =       0 /     128             (  0.00%) | total_pruned =     128 | shape = torch.Size([128])
1.7.1.7.3.1.weight   | nonzeros =   11768 /   73728             ( 15.96%) | total_pruned =   61960 | shape = torch.Size([64, 128, 3, 3])
1.7.1.7.3.1.bias     | nonzeros =       0 /      64             (  0.00%) | total_pruned =      64 | shape = torch.Size([64])
1.7.1.7.4.weight     | nonzeros =      40 /      64             ( 62.50%) | total_pruned =      24 | shape = torch.Size([64])
1.7.1.7.4.bias       | nonzeros =       0 /      64             (  0.00%) | total_pruned =      64 | shape = torch.Size([64])
1.7.2.weight         | nonzeros =      40 /      64             ( 62.50%) | total_pruned =      24 | shape = torch.Size([64])
1.7.2.bias           | nonzeros =       0 /      64             (  0.00%) | total_pruned =      64 | shape = torch.Size([64])
1.7.3.1.weight       | nonzeros =    3731 /   18432             ( 20.24%) | total_pruned =   14701 | shape = torch.Size([32, 64, 3, 3])
1.7.3.1.bias         | nonzeros =       0 /      32             (  0.00%) | total_pruned =      32 | shape = torch.Size([32])
1.7.4.weight         | nonzeros =      23 /      32             ( 71.88%) | total_pruned =       9 | shape = torch.Size([32])
1.7.4.bias           | nonzeros =       0 /      32             (  0.00%) | total_pruned =      32 | shape = torch.Size([32])
2.weight             | nonzeros =      23 /      32             ( 71.88%) | total_pruned =       9 | shape = torch.Size([32])
2.bias               | nonzeros =       0 /      32             (  0.00%) | total_pruned =      32 | shape = torch.Size([32])
3.1.weight           | nonzeros =    1469 /    4608             ( 31.88%) | total_pruned =    3139 | shape = torch.Size([16, 32, 3, 3])
3.1.bias             | nonzeros =       0 /      16             (  0.00%) | total_pruned =      16 | shape = torch.Size([16])
4.weight             | nonzeros =      16 /      16             (100.00%) | total_pruned =       0 | shape = torch.Size([16])
4.bias               | nonzeros =       0 /      16             (  0.00%) | total_pruned =      16 | shape = torch.Size([16])
6.1.weight           | nonzeros =      33 /      48             ( 68.75%) | total_pruned =      15 | shape = torch.Size([3, 16, 1, 1])
6.1.bias             | nonzeros =       1 /       3             ( 33.33%) | total_pruned =       2 | shape = torch.Size([3])
alive: 156559, pruned : 2852308, total: 3008867, Compression rate :      19.22x  ( 94.80% pruned)
Initial PSNR of output image is:  9.663062384857586
epoch:  0 loss:  0.0186482984572649 PSNR:  9.663062384857586
epoch:  200 loss:  0.0008993583614937961 PSNR:  22.634583347134782
epoch:  400 loss:  0.00046727695735171437 PSNR:  25.061023364212957
epoch:  600 loss:  0.0002938695251941681 PSNR:  26.602383768251343
epoch:  800 loss:  0.00022217194782570004 PSNR:  27.35162038292237
epoch:  1000 loss:  0.00018407459720037878 PSNR:  27.701116205895552
epoch:  1200 loss:  0.0001551085151731968 PSNR:  27.992031346351514
epoch:  1400 loss:  0.0001748625945765525 PSNR:  27.69138618372473
epoch:  1600 loss:  0.00014026420831214637 PSNR:  27.990739149869718
epoch:  1800 loss:  0.0001171008771052584 PSNR:  28.20254625961759
epoch:  2000 loss:  0.00010943521920125932 PSNR:  28.17670861355453
epoch:  2200 loss:  0.00010480442142579705 PSNR:  28.198165323499893
epoch:  2400 loss:  0.00010647914314176887 PSNR:  28.101031347637033
epoch:  2600 loss:  9.035761468112469e-05 PSNR:  28.181554257108633
epoch:  2800 loss:  0.00010070751159219071 PSNR:  27.887471395381553
epoch:  3000 loss:  8.722799248062074e-05 PSNR:  28.02266694588274
epoch:  3200 loss:  0.00011103899305453524 PSNR:  27.633376285776947
epoch:  3400 loss:  8.360267383977771e-05 PSNR:  27.949606994861274
epoch:  3600 loss:  8.25249808258377e-05 PSNR:  27.8991390981697
epoch:  3800 loss:  7.197894592536613e-05 PSNR:  27.8637646803666
epoch:  4000 loss:  7.189631287474185e-05 PSNR:  27.82554136114679
epoch:  4200 loss:  8.253670239355415e-05 PSNR:  27.5128130384115
epoch:  4400 loss:  6.492833199445158e-05 PSNR:  27.76617298021757
epoch:  4600 loss:  6.352302443701774e-05 PSNR:  27.742807018351673
epoch:  4800 loss:  6.390188354998827e-05 PSNR:  27.608006839009587
epoch:  5000 loss:  6.16245306446217e-05 PSNR:  27.568379982611933
epoch:  5200 loss:  5.969057383481413e-05 PSNR:  27.569028357737334
epoch:  5400 loss:  6.802306597819552e-05 PSNR:  27.470259673239404
epoch:  5600 loss:  5.352708831196651e-05 PSNR:  27.506496676797024
epoch:  5800 loss:  5.57429957552813e-05 PSNR:  27.466484406231203
epoch:  6000 loss:  5.4713786084903404e-05 PSNR:  27.423232267904318
epoch:  6200 loss:  7.727125921519473e-05 PSNR:  27.225004477758574
epoch:  6400 loss:  5.325717938831076e-05 PSNR:  27.376602432624626
epoch:  6600 loss:  5.686400618287735e-05 PSNR:  27.319894551758868
epoch:  6800 loss:  5.7664448831928894e-05 PSNR:  27.264847881919657
epoch:  7000 loss:  4.9358903197571635e-05 PSNR:  27.290570235103786
epoch:  7200 loss:  5.1651630201376975e-05 PSNR:  27.252655918000734
epoch:  7400 loss:  4.83525509480387e-05 PSNR:  27.163254075191922
epoch:  7600 loss:  4.84987540403381e-05 PSNR:  27.207105102151164
epoch:  7800 loss:  5.006830542697571e-05 PSNR:  27.112682420353934
epoch:  8000 loss:  6.909831427037716e-05 PSNR:  26.900635392394655
epoch:  8200 loss:  4.8195564886555076e-05 PSNR:  27.070448668662515
epoch:  8400 loss:  5.237583536654711e-05 PSNR:  26.990996422897034
epoch:  8600 loss:  4.911578434985131e-05 PSNR:  27.033022161896003
epoch:  8800 loss:  4.247658944223076e-05 PSNR:  26.99265363100926
epoch:  9000 loss:  4.1392602724954486e-05 PSNR:  27.014515551663372
epoch:  9200 loss:  4.312226519687101e-05 PSNR:  26.966231351780046
epoch:  9400 loss:  4.632869968190789e-05 PSNR:  26.90584027546391
epoch:  9600 loss:  4.101102240383625e-05 PSNR:  26.928281402959506
epoch:  9800 loss:  5.2169063565088436e-05 PSNR:  26.86365242150815
epoch:  10000 loss:  3.848256164928898e-05 PSNR:  26.85992940645235
epoch:  10200 loss:  4.017083119833842e-05 PSNR:  26.890816674463167
epoch:  10400 loss:  4.6500055759679526e-05 PSNR:  26.82669984840278
epoch:  10600 loss:  5.1281349442433566e-05 PSNR:  26.843816801395644
epoch:  10800 loss:  4.167277802480385e-05 PSNR:  26.735883832594304
epoch:  11000 loss:  3.896054477081634e-05 PSNR:  26.826609651095474
epoch:  11200 loss:  4.026916576549411e-05 PSNR:  26.736973485322274
epoch:  11400 loss:  3.944330819649622e-05 PSNR:  26.740183019928438
epoch:  11600 loss:  3.785771696129814e-05 PSNR:  26.725021314625977
epoch:  11800 loss:  3.747499067685567e-05 PSNR:  26.707632494021315
epoch:  12000 loss:  4.205070945317857e-05 PSNR:  26.631088634045316
epoch:  12200 loss:  3.785700391745195e-05 PSNR:  26.66297854016706
epoch:  12400 loss:  4.512289524427615e-05 PSNR:  26.580574489422357
epoch:  12600 loss:  3.660906440927647e-05 PSNR:  26.663424269702123
epoch:  12800 loss:  3.888720675604418e-05 PSNR:  26.568372258008605
epoch:  13000 loss:  4.665537198889069e-05 PSNR:  26.589171109021258
epoch:  13200 loss:  3.535694122547284e-05 PSNR:  26.617307666206678
epoch:  13400 loss:  4.6051696699578315e-05 PSNR:  26.55529508289506
epoch:  13600 loss:  3.44611398759298e-05 PSNR:  26.587832709303637
epoch:  13800 loss:  3.716573701240122e-05 PSNR:  26.586479786592516
epoch:  14000 loss:  4.232924766256474e-05 PSNR:  26.533209551531193
epoch:  14200 loss:  4.47113998234272e-05 PSNR:  26.41924269565603
epoch:  14400 loss:  4.294885366107337e-05 PSNR:  26.430723954012976
epoch:  14600 loss:  4.3287982407491654e-05 PSNR:  26.47642159104847
epoch:  14800 loss:  3.4381340810796246e-05 PSNR:  26.464201098289543
epoch:  15000 loss:  3.867741907015443e-05 PSNR:  26.454067658083975
epoch:  15200 loss:  3.388681943761185e-05 PSNR:  26.404416512522552
epoch:  15400 loss:  3.5074215702479705e-05 PSNR:  26.424995976641952
epoch:  15600 loss:  3.6955560062779114e-05 PSNR:  26.46631929695632
epoch:  15800 loss:  3.7385292671388015e-05 PSNR:  26.419345347679076
epoch:  16000 loss:  3.2448471756652e-05 PSNR:  26.407106326382028
epoch:  16200 loss:  3.473857213975862e-05 PSNR:  26.376284011927705
epoch:  16400 loss:  4.520624497672543e-05 PSNR:  26.31429537401708
epoch:  16600 loss:  3.319172901683487e-05 PSNR:  26.340962640573096
epoch:  16800 loss:  3.245604966650717e-05 PSNR:  26.35127384651898
epoch:  17000 loss:  4.085922773811035e-05 PSNR:  26.266741743237887
epoch:  17200 loss:  3.308556551928632e-05 PSNR:  26.353876838749226
epoch:  17400 loss:  3.1234463676810265e-05 PSNR:  26.321219699934247
epoch:  17600 loss:  4.2463576392037794e-05 PSNR:  26.341933618170273
epoch:  17800 loss:  3.288119478384033e-05 PSNR:  26.326253656438872
epoch:  18000 loss:  3.0128168873488903e-05 PSNR:  26.250058136907946
epoch:  18200 loss:  3.493092299322598e-05 PSNR:  26.323026051359367
epoch:  18400 loss:  3.356964225531556e-05 PSNR:  26.258300924709648
epoch:  18600 loss:  2.9754599381703883e-05 PSNR:  26.265356918355067
epoch:  18800 loss:  3.417906918912195e-05 PSNR:  26.190507321091406
epoch:  19000 loss:  5.3466435929294676e-05 PSNR:  26.244100978604415
epoch:  19200 loss:  3.117451706202701e-05 PSNR:  26.225993634645942
epoch:  19400 loss:  3.9121456211432815e-05 PSNR:  26.175961558714718
epoch:  19600 loss:  4.1447532566962764e-05 PSNR:  26.309845768991536
epoch:  19800 loss:  2.9722203180426732e-05 PSNR:  26.225700076602525
epoch:  20000 loss:  3.0969611543696374e-05 PSNR:  26.24959216190044
epoch:  20200 loss:  3.326252044644207e-05 PSNR:  26.230313882803152
epoch:  20400 loss:  2.9380220439634286e-05 PSNR:  26.20906599897554
epoch:  20600 loss:  3.126330557279289e-05 PSNR:  26.140075749018486
epoch:  20800 loss:  3.2720970921218395e-05 PSNR:  26.22166002449069
epoch:  21000 loss:  3.935011773137376e-05 PSNR:  26.088875336536518
epoch:  21200 loss:  3.221450242563151e-05 PSNR:  26.15095904915983
epoch:  21400 loss:  3.4057284210575745e-05 PSNR:  26.187024308722627
epoch:  21600 loss:  2.8433518309611827e-05 PSNR:  26.10496000127337
epoch:  21800 loss:  2.7402402338339016e-05 PSNR:  26.157723278448024
epoch:  22000 loss:  2.7852531275129877e-05 PSNR:  26.157466191978255
epoch:  22200 loss:  2.9782895580865443e-05 PSNR:  26.215582987004858
epoch:  22400 loss:  2.856981154764071e-05 PSNR:  26.131807193763112
epoch:  22600 loss:  2.9410846764221787e-05 PSNR:  26.14167395842187
epoch:  22800 loss:  3.197525074938312e-05 PSNR:  26.13816252246067
epoch:  23000 loss:  2.7288004275760613e-05 PSNR:  26.104221012022254
epoch:  23200 loss:  2.8650698368437588e-05 PSNR:  26.051063336927257
epoch:  23400 loss:  4.0986062231240794e-05 PSNR:  26.05814402545221
epoch:  23600 loss:  2.679657882254105e-05 PSNR:  26.096278614936725
epoch:  23800 loss:  2.8757500331266783e-05 PSNR:  26.032901977147553
epoch:  24000 loss:  2.731306267378386e-05 PSNR:  26.0896255154462
epoch:  24200 loss:  3.274633490946144e-05 PSNR:  26.041913874782203
epoch:  24400 loss:  2.7606725780060515e-05 PSNR:  26.079969199548607
epoch:  24600 loss:  3.106438089162111e-05 PSNR:  26.032447459297316
epoch:  24800 loss:  2.9873761377530172e-05 PSNR:  26.06768324698499
epoch:  25000 loss:  2.746853351709433e-05 PSNR:  26.055030762612574
epoch:  25200 loss:  3.100011235801503e-05 PSNR:  26.039411306129317
epoch:  25400 loss:  3.289794403826818e-05 PSNR:  26.01972057177614
epoch:  25600 loss:  2.6211968361167237e-05 PSNR:  26.006668199071225
epoch:  25800 loss:  2.9733255360042676e-05 PSNR:  26.016078528619335
epoch:  26000 loss:  2.9939057640149258e-05 PSNR:  26.021234815902435
epoch:  26200 loss:  2.8765531169483438e-05 PSNR:  25.95404552598272
epoch:  26400 loss:  3.0034134397283196e-05 PSNR:  25.93732485436936
epoch:  26600 loss:  2.7643405701383017e-05 PSNR:  25.985061105989438
epoch:  26800 loss:  2.6233630705974065e-05 PSNR:  26.019518337945943
epoch:  27000 loss:  3.170200943714008e-05 PSNR:  26.034828571553227
epoch:  27200 loss:  3.280191958765499e-05 PSNR:  26.016026608420066
epoch:  27400 loss:  2.6745121431304142e-05 PSNR:  25.978710579585318
epoch:  27600 loss:  4.10856373491697e-05 PSNR:  25.859275417567467
epoch:  27800 loss:  2.561815745139029e-05 PSNR:  25.97120069862911
epoch:  28000 loss:  2.835959821823053e-05 PSNR:  25.942800502040384
epoch:  28200 loss:  2.8362617740640417e-05 PSNR:  25.949435864703556
epoch:  28400 loss:  3.156139064230956e-05 PSNR:  25.925584218954416
epoch:  28600 loss:  2.7344880436430685e-05 PSNR:  25.94464979910295
epoch:  28800 loss:  3.0887487810105085e-05 PSNR:  26.02707760885904
epoch:  29000 loss:  2.6080522729898803e-05 PSNR:  25.913635842465336
epoch:  29200 loss:  4.0009595977608114e-05 PSNR:  25.853468293146054
epoch:  29400 loss:  3.2042269594967365e-05 PSNR:  25.856945322993067
epoch:  29600 loss:  2.6308764063287526e-05 PSNR:  25.94148991009685
epoch:  29800 loss:  2.5302475478383712e-05 PSNR:  25.91320231538083
epoch:  30000 loss:  2.6332954803365283e-05 PSNR:  25.93300868153923
epoch:  30200 loss:  2.9174592782510445e-05 PSNR:  25.971253937481723
epoch:  30400 loss:  4.289246862754226e-05 PSNR:  25.911483251540535
epoch:  30600 loss:  2.8006714273942634e-05 PSNR:  25.85355795598877
epoch:  30800 loss:  2.818333996401634e-05 PSNR:  25.872408372874432
epoch:  31000 loss:  2.814914842019789e-05 PSNR:  25.88684547551462
epoch:  31200 loss:  2.553455124143511e-05 PSNR:  25.857710607204037
epoch:  31400 loss:  2.9591043130494654e-05 PSNR:  25.92333320854332
epoch:  31600 loss:  2.614266486489214e-05 PSNR:  25.90286029979978
epoch:  31800 loss:  2.5667424779385328e-05 PSNR:  25.837171428186156
epoch:  32000 loss:  2.736033457040321e-05 PSNR:  25.8569656145876
epoch:  32200 loss:  2.507878525648266e-05 PSNR:  25.86549015195675
epoch:  32400 loss:  2.7197476811124943e-05 PSNR:  25.772193797654275
epoch:  32600 loss:  2.459458846715279e-05 PSNR:  25.87026435473372
epoch:  32800 loss:  2.6594261726131663e-05 PSNR:  25.794635855406938
epoch:  33000 loss:  3.217365519958548e-05 PSNR:  25.841370437154275
epoch:  33200 loss:  2.5341352738905698e-05 PSNR:  25.87659902696249
epoch:  33400 loss:  2.7078247512690723e-05 PSNR:  25.79111995099579
epoch:  33600 loss:  2.4587512598372996e-05 PSNR:  25.846544615951792
epoch:  33800 loss:  2.9274422558955848e-05 PSNR:  25.774211623419042
epoch:  34000 loss:  2.5656408979557455e-05 PSNR:  25.76326064271722
epoch:  34200 loss:  2.5227052901755087e-05 PSNR:  25.837313723839735
epoch:  34400 loss:  2.985660648846533e-05 PSNR:  25.787572719631797
epoch:  34600 loss:  2.4653496438986622e-05 PSNR:  25.805062105163405
epoch:  34800 loss:  2.5633355107856914e-05 PSNR:  25.852187082690214
epoch:  35000 loss:  2.9719767553615384e-05 PSNR:  25.87480111415687
epoch:  35200 loss:  2.5649304006947204e-05 PSNR:  25.76998154778268
epoch:  35400 loss:  2.7930427677347325e-05 PSNR:  25.861005981110168
epoch:  35600 loss:  2.7313988539390266e-05 PSNR:  25.74813013157754
epoch:  35800 loss:  2.7854544896399602e-05 PSNR:  25.840493025233346
epoch:  36000 loss:  2.5377701604156755e-05 PSNR:  25.826882397306683
epoch:  36200 loss:  2.4132115868269466e-05 PSNR:  25.777266241754035
epoch:  36400 loss:  2.407533429504838e-05 PSNR:  25.773243286208057
epoch:  36600 loss:  3.361301787663251e-05 PSNR:  25.667142849171825
epoch:  36800 loss:  2.3543587303720415e-05 PSNR:  25.780988946379164
epoch:  37000 loss:  2.4062421289272606e-05 PSNR:  25.748093191434975
epoch:  37200 loss:  2.3100234102457762e-05 PSNR:  25.76623911665699
epoch:  37400 loss:  2.3281023459276184e-05 PSNR:  25.75569011954229
epoch:  37600 loss:  2.5931043637683615e-05 PSNR:  25.776845672697885
epoch:  37800 loss:  2.6480967790121213e-05 PSNR:  25.694730982404643
epoch:  38000 loss:  2.3233977117342874e-05 PSNR:  25.738582331972143
epoch:  38200 loss:  2.910536204581149e-05 PSNR:  25.703282136557423
epoch:  38400 loss:  2.3326920199906453e-05 PSNR:  25.760258191272463
epoch:  38600 loss:  2.4871897039702162e-05 PSNR:  25.827025699717964
epoch:  38800 loss:  2.592863529571332e-05 PSNR:  25.71581967665238
epoch:  39000 loss:  3.107785596512258e-05 PSNR:  25.67661560024028
epoch:  39200 loss:  2.403949292784091e-05 PSNR:  25.71733898278086
epoch:  39400 loss:  2.979217970278114e-05 PSNR:  25.706407032141165
epoch:  39600 loss:  2.4031853172346018e-05 PSNR:  25.724074859316065
epoch:  39800 loss:  3.7318306567613035e-05 PSNR:  25.572552202047913
PSNR of output image is:  25.572552202047913
(3, 512, 512) (1, 3, 512, 512)
Experiment done
Processing image: pepper
(3, 512, 512)
(3, 512, 512)
Starting optimization with optimizer 'SAM'
Output directory where image taken from: data/denoising/Set14/mask/10/SAM(sigma=0.1,lr=0.01,decay=0,beta=0)/det/-1.3/1e-09
Output directory where results stored: data/inpainting/Set14/transfer/0.8/5/10
1.1.1.weight         | nonzeros =    1251 /   12800             (  9.77%) | total_pruned =   11549 | shape = torch.Size([16, 32, 5, 5])
1.1.1.bias           | nonzeros =       0 /      16             (  0.00%) | total_pruned =      16 | shape = torch.Size([16])
1.2.weight           | nonzeros =       7 /      16             ( 43.75%) | total_pruned =       9 | shape = torch.Size([16])
1.2.bias             | nonzeros =       0 /      16             (  0.00%) | total_pruned =      16 | shape = torch.Size([16])
1.4.1.weight         | nonzeros =     124 /    6400             (  1.94%) | total_pruned =    6276 | shape = torch.Size([16, 16, 5, 5])
1.4.1.bias           | nonzeros =       0 /      16             (  0.00%) | total_pruned =      16 | shape = torch.Size([16])
1.5.weight           | nonzeros =       6 /      16             ( 37.50%) | total_pruned =      10 | shape = torch.Size([16])
1.5.bias             | nonzeros =       0 /      16             (  0.00%) | total_pruned =      16 | shape = torch.Size([16])
1.7.1.1.1.weight     | nonzeros =     107 /   12800             (  0.84%) | total_pruned =   12693 | shape = torch.Size([32, 16, 5, 5])
1.7.1.1.1.bias       | nonzeros =       0 /      32             (  0.00%) | total_pruned =      32 | shape = torch.Size([32])
1.7.1.2.weight       | nonzeros =      14 /      32             ( 43.75%) | total_pruned =      18 | shape = torch.Size([32])
1.7.1.2.bias         | nonzeros =       0 /      32             (  0.00%) | total_pruned =      32 | shape = torch.Size([32])
1.7.1.4.1.weight     | nonzeros =     179 /   25600             (  0.70%) | total_pruned =   25421 | shape = torch.Size([32, 32, 5, 5])
1.7.1.4.1.bias       | nonzeros =       0 /      32             (  0.00%) | total_pruned =      32 | shape = torch.Size([32])
1.7.1.5.weight       | nonzeros =      15 /      32             ( 46.88%) | total_pruned =      17 | shape = torch.Size([32])
1.7.1.5.bias         | nonzeros =       0 /      32             (  0.00%) | total_pruned =      32 | shape = torch.Size([32])
1.7.1.7.1.1.1.weight | nonzeros =     118 /   51200             (  0.23%) | total_pruned =   51082 | shape = torch.Size([64, 32, 5, 5])
1.7.1.7.1.1.1.bias   | nonzeros =       0 /      64             (  0.00%) | total_pruned =      64 | shape = torch.Size([64])
1.7.1.7.1.2.weight   | nonzeros =      27 /      64             ( 42.19%) | total_pruned =      37 | shape = torch.Size([64])
1.7.1.7.1.2.bias     | nonzeros =       0 /      64             (  0.00%) | total_pruned =      64 | shape = torch.Size([64])
1.7.1.7.1.4.1.weight | nonzeros =     180 /  102400             (  0.18%) | total_pruned =  102220 | shape = torch.Size([64, 64, 5, 5])
1.7.1.7.1.4.1.bias   | nonzeros =       0 /      64             (  0.00%) | total_pruned =      64 | shape = torch.Size([64])
1.7.1.7.1.5.weight   | nonzeros =      31 /      64             ( 48.44%) | total_pruned =      33 | shape = torch.Size([64])
1.7.1.7.1.5.bias     | nonzeros =       0 /      64             (  0.00%) | total_pruned =      64 | shape = torch.Size([64])
1.7.1.7.1.7.1.1.1.weight | nonzeros =      25 /  204800             (  0.01%) | total_pruned =  204775 | shape = torch.Size([128, 64, 5, 5])
1.7.1.7.1.7.1.1.1.bias | nonzeros =       0 /     128             (  0.00%) | total_pruned =     128 | shape = torch.Size([128])
1.7.1.7.1.7.1.2.weight | nonzeros =      60 /     128             ( 46.88%) | total_pruned =      68 | shape = torch.Size([128])
1.7.1.7.1.7.1.2.bias | nonzeros =       0 /     128             (  0.00%) | total_pruned =     128 | shape = torch.Size([128])
1.7.1.7.1.7.1.4.1.weight | nonzeros =     296 /  409600             (  0.07%) | total_pruned =  409304 | shape = torch.Size([128, 128, 5, 5])
1.7.1.7.1.7.1.4.1.bias | nonzeros =       0 /     128             (  0.00%) | total_pruned =     128 | shape = torch.Size([128])
1.7.1.7.1.7.1.5.weight | nonzeros =      68 /     128             ( 53.12%) | total_pruned =      60 | shape = torch.Size([128])
1.7.1.7.1.7.1.5.bias | nonzeros =       0 /     128             (  0.00%) | total_pruned =     128 | shape = torch.Size([128])
1.7.1.7.1.7.1.7.1.1.1.weight | nonzeros =     400 /  409600             (  0.10%) | total_pruned =  409200 | shape = torch.Size([128, 128, 5, 5])
1.7.1.7.1.7.1.7.1.1.1.bias | nonzeros =       0 /     128             (  0.00%) | total_pruned =     128 | shape = torch.Size([128])
1.7.1.7.1.7.1.7.1.2.weight | nonzeros =      70 /     128             ( 54.69%) | total_pruned =      58 | shape = torch.Size([128])
1.7.1.7.1.7.1.7.1.2.bias | nonzeros =       0 /     128             (  0.00%) | total_pruned =     128 | shape = torch.Size([128])
1.7.1.7.1.7.1.7.1.4.1.weight | nonzeros =    3045 /  409600             (  0.74%) | total_pruned =  406555 | shape = torch.Size([128, 128, 5, 5])
1.7.1.7.1.7.1.7.1.4.1.bias | nonzeros =       0 /     128             (  0.00%) | total_pruned =     128 | shape = torch.Size([128])
1.7.1.7.1.7.1.7.1.5.weight | nonzeros =      95 /     128             ( 74.22%) | total_pruned =      33 | shape = torch.Size([128])
1.7.1.7.1.7.1.7.1.5.bias | nonzeros =       0 /     128             (  0.00%) | total_pruned =     128 | shape = torch.Size([128])
1.7.1.7.1.7.1.7.1.7.1.1.1.weight | nonzeros =   10429 /  409600             (  2.55%) | total_pruned =  399171 | shape = torch.Size([128, 128, 5, 5])
1.7.1.7.1.7.1.7.1.7.1.1.1.bias | nonzeros =       0 /     128             (  0.00%) | total_pruned =     128 | shape = torch.Size([128])
1.7.1.7.1.7.1.7.1.7.1.2.weight | nonzeros =     102 /     128             ( 79.69%) | total_pruned =      26 | shape = torch.Size([128])
1.7.1.7.1.7.1.7.1.7.1.2.bias | nonzeros =       0 /     128             (  0.00%) | total_pruned =     128 | shape = torch.Size([128])
1.7.1.7.1.7.1.7.1.7.1.4.1.weight | nonzeros =   38256 /  409600             (  9.34%) | total_pruned =  371344 | shape = torch.Size([128, 128, 5, 5])
1.7.1.7.1.7.1.7.1.7.1.4.1.bias | nonzeros =       0 /     128             (  0.00%) | total_pruned =     128 | shape = torch.Size([128])
1.7.1.7.1.7.1.7.1.7.1.5.weight | nonzeros =      90 /     128             ( 70.31%) | total_pruned =      38 | shape = torch.Size([128])
1.7.1.7.1.7.1.7.1.7.1.5.bias | nonzeros =       0 /     128             (  0.00%) | total_pruned =     128 | shape = torch.Size([128])
1.7.1.7.1.7.1.7.1.7.2.weight | nonzeros =      90 /     128             ( 70.31%) | total_pruned =      38 | shape = torch.Size([128])
1.7.1.7.1.7.1.7.1.7.2.bias | nonzeros =       0 /     128             (  0.00%) | total_pruned =     128 | shape = torch.Size([128])
1.7.1.7.1.7.1.7.1.7.3.1.weight | nonzeros =   28593 /  147456             ( 19.39%) | total_pruned =  118863 | shape = torch.Size([128, 128, 3, 3])
1.7.1.7.1.7.1.7.1.7.3.1.bias | nonzeros =       0 /     128             (  0.00%) | total_pruned =     128 | shape = torch.Size([128])
1.7.1.7.1.7.1.7.1.7.4.weight | nonzeros =      79 /     128             ( 61.72%) | total_pruned =      49 | shape = torch.Size([128])
1.7.1.7.1.7.1.7.1.7.4.bias | nonzeros =       0 /     128             (  0.00%) | total_pruned =     128 | shape = torch.Size([128])
1.7.1.7.1.7.1.7.2.weight | nonzeros =      79 /     128             ( 61.72%) | total_pruned =      49 | shape = torch.Size([128])
1.7.1.7.1.7.1.7.2.bias | nonzeros =       0 /     128             (  0.00%) | total_pruned =     128 | shape = torch.Size([128])
1.7.1.7.1.7.1.7.3.1.weight | nonzeros =   29072 /  147456             ( 19.72%) | total_pruned =  118384 | shape = torch.Size([128, 128, 3, 3])
1.7.1.7.1.7.1.7.3.1.bias | nonzeros =       0 /     128             (  0.00%) | total_pruned =     128 | shape = torch.Size([128])
1.7.1.7.1.7.1.7.4.weight | nonzeros =      90 /     128             ( 70.31%) | total_pruned =      38 | shape = torch.Size([128])
1.7.1.7.1.7.1.7.4.bias | nonzeros =       0 /     128             (  0.00%) | total_pruned =     128 | shape = torch.Size([128])
1.7.1.7.1.7.2.weight | nonzeros =      90 /     128             ( 70.31%) | total_pruned =      38 | shape = torch.Size([128])
1.7.1.7.1.7.2.bias   | nonzeros =       0 /     128             (  0.00%) | total_pruned =     128 | shape = torch.Size([128])
1.7.1.7.1.7.3.1.weight | nonzeros =   26181 /  147456             ( 17.76%) | total_pruned =  121275 | shape = torch.Size([128, 128, 3, 3])
1.7.1.7.1.7.3.1.bias | nonzeros =       0 /     128             (  0.00%) | total_pruned =     128 | shape = torch.Size([128])
1.7.1.7.1.7.4.weight | nonzeros =      73 /     128             ( 57.03%) | total_pruned =      55 | shape = torch.Size([128])
1.7.1.7.1.7.4.bias   | nonzeros =       0 /     128             (  0.00%) | total_pruned =     128 | shape = torch.Size([128])
1.7.1.7.2.weight     | nonzeros =      73 /     128             ( 57.03%) | total_pruned =      55 | shape = torch.Size([128])
1.7.1.7.2.bias       | nonzeros =       0 /     128             (  0.00%) | total_pruned =     128 | shape = torch.Size([128])
1.7.1.7.3.1.weight   | nonzeros =   11768 /   73728             ( 15.96%) | total_pruned =   61960 | shape = torch.Size([64, 128, 3, 3])
1.7.1.7.3.1.bias     | nonzeros =       0 /      64             (  0.00%) | total_pruned =      64 | shape = torch.Size([64])
1.7.1.7.4.weight     | nonzeros =      40 /      64             ( 62.50%) | total_pruned =      24 | shape = torch.Size([64])
1.7.1.7.4.bias       | nonzeros =       0 /      64             (  0.00%) | total_pruned =      64 | shape = torch.Size([64])
1.7.2.weight         | nonzeros =      40 /      64             ( 62.50%) | total_pruned =      24 | shape = torch.Size([64])
1.7.2.bias           | nonzeros =       0 /      64             (  0.00%) | total_pruned =      64 | shape = torch.Size([64])
1.7.3.1.weight       | nonzeros =    3731 /   18432             ( 20.24%) | total_pruned =   14701 | shape = torch.Size([32, 64, 3, 3])
1.7.3.1.bias         | nonzeros =       0 /      32             (  0.00%) | total_pruned =      32 | shape = torch.Size([32])
1.7.4.weight         | nonzeros =      23 /      32             ( 71.88%) | total_pruned =       9 | shape = torch.Size([32])
1.7.4.bias           | nonzeros =       0 /      32             (  0.00%) | total_pruned =      32 | shape = torch.Size([32])
2.weight             | nonzeros =      23 /      32             ( 71.88%) | total_pruned =       9 | shape = torch.Size([32])
2.bias               | nonzeros =       0 /      32             (  0.00%) | total_pruned =      32 | shape = torch.Size([32])
3.1.weight           | nonzeros =    1469 /    4608             ( 31.88%) | total_pruned =    3139 | shape = torch.Size([16, 32, 3, 3])
3.1.bias             | nonzeros =       0 /      16             (  0.00%) | total_pruned =      16 | shape = torch.Size([16])
4.weight             | nonzeros =      16 /      16             (100.00%) | total_pruned =       0 | shape = torch.Size([16])
4.bias               | nonzeros =       0 /      16             (  0.00%) | total_pruned =      16 | shape = torch.Size([16])
6.1.weight           | nonzeros =      33 /      48             ( 68.75%) | total_pruned =      15 | shape = torch.Size([3, 16, 1, 1])
6.1.bias             | nonzeros =       1 /       3             ( 33.33%) | total_pruned =       2 | shape = torch.Size([3])
alive: 156559, pruned : 2852308, total: 3008867, Compression rate :      19.22x  ( 94.80% pruned)
Initial PSNR of output image is:  9.663067584288964
epoch:  0 loss:  0.018665708601474762 PSNR:  9.663067584288964
epoch:  200 loss:  0.0008542351424694061 PSNR:  22.81840273268777
epoch:  400 loss:  0.0004554362967610359 PSNR:  25.10303312106544
epoch:  600 loss:  0.0004439621407072991 PSNR:  25.139722897407584
epoch:  800 loss:  0.00022891342814546078 PSNR:  27.2987668616437
epoch:  1000 loss:  0.00019111039000563323 PSNR:  27.70617612087618
epoch:  1200 loss:  0.00022083742078393698 PSNR:  27.22972398516918
epoch:  1400 loss:  0.00013946833496447653 PSNR:  28.15062574982527
epoch:  1600 loss:  0.00013630598550662398 PSNR:  28.017362318921755
epoch:  1800 loss:  0.00018240665667690337 PSNR:  27.348565954097708
epoch:  2000 loss:  0.00011654134141281247 PSNR:  28.091562801042386
epoch:  2200 loss:  0.00010905000090133399 PSNR:  28.011125117393405
epoch:  2400 loss:  0.00011665983765851706 PSNR:  27.87907442920889
epoch:  2600 loss:  9.852302900981158e-05 PSNR:  27.97132515567107
epoch:  2800 loss:  8.485910802846774e-05 PSNR:  28.009357181352538
epoch:  3000 loss:  0.00010807026410475373 PSNR:  27.756756123559676
epoch:  3200 loss:  8.76529302331619e-05 PSNR:  27.836543917005862
epoch:  3400 loss:  8.623824396636337e-05 PSNR:  27.797489903556674
epoch:  3600 loss:  8.643096953164786e-05 PSNR:  27.58453557543977
epoch:  3800 loss:  8.880870882421732e-05 PSNR:  27.447996008111705
epoch:  4000 loss:  6.947643123567104e-05 PSNR:  27.73601916507234
epoch:  4200 loss:  7.173889025580138e-05 PSNR:  27.503965190916855
epoch:  4400 loss:  6.809657497797161e-05 PSNR:  27.592206278831306
epoch:  4600 loss:  7.806880603311583e-05 PSNR:  27.252095371804053
epoch:  4800 loss:  7.291435031220317e-05 PSNR:  27.374658407589642
epoch:  5000 loss:  5.859872908331454e-05 PSNR:  27.56372616030979
epoch:  5200 loss:  6.192323053255677e-05 PSNR:  27.464975087252892
epoch:  5400 loss:  7.061733049340546e-05 PSNR:  27.415779785550285
epoch:  5600 loss:  6.982644845265895e-05 PSNR:  27.226687926261235
epoch:  5800 loss:  8.132262155413628e-05 PSNR:  27.151168968506965
epoch:  6000 loss:  5.532535578822717e-05 PSNR:  27.317773111671208
epoch:  6200 loss:  5.740055348724127e-05 PSNR:  27.29436979579685
epoch:  6400 loss:  6.463249155785888e-05 PSNR:  27.130616235391862
epoch:  6600 loss:  5.90381896472536e-05 PSNR:  27.15769141219804
epoch:  6800 loss:  5.477597005665302e-05 PSNR:  27.220576799763187
epoch:  7000 loss:  4.827655357075855e-05 PSNR:  27.179269223506935
epoch:  7200 loss:  5.293090362101793e-05 PSNR:  27.15070397492677
epoch:  7400 loss:  5.0262529839528725e-05 PSNR:  27.158058282799512
epoch:  7600 loss:  4.649864786188118e-05 PSNR:  27.07751441307164
epoch:  7800 loss:  5.363924356061034e-05 PSNR:  27.051826163212105
epoch:  8000 loss:  6.05514069320634e-05 PSNR:  27.06219738568216
epoch:  8200 loss:  4.5635646529262885e-05 PSNR:  27.017016871562916
epoch:  8400 loss:  4.95736239827238e-05 PSNR:  27.037488065237266
epoch:  8600 loss:  5.700785186490975e-05 PSNR:  26.974030945701536
epoch:  8800 loss:  4.6619818022008985e-05 PSNR:  26.80809577589775
epoch:  9000 loss:  4.709799395641312e-05 PSNR:  26.89755951854547
epoch:  9200 loss:  4.537343556876294e-05 PSNR:  26.94434554112949
epoch:  9400 loss:  4.19133975810837e-05 PSNR:  26.884562435000262
epoch:  9600 loss:  4.643334978027269e-05 PSNR:  26.839269670723368
epoch:  9800 loss:  4.128564614802599e-05 PSNR:  26.719875101775415
epoch:  10000 loss:  4.482861186261289e-05 PSNR:  26.838477655341908
epoch:  10200 loss:  4.460149648366496e-05 PSNR:  26.843887264645527
epoch:  10400 loss:  3.8111855246825144e-05 PSNR:  26.762346478751944
epoch:  10600 loss:  4.4153242924949154e-05 PSNR:  26.81212096824424
epoch:  10800 loss:  4.853336577070877e-05 PSNR:  26.76835974510318
epoch:  11000 loss:  5.2608054829761386e-05 PSNR:  26.711808535527155
epoch:  11200 loss:  3.968727105529979e-05 PSNR:  26.657510269890818
epoch:  11400 loss:  4.707339030574076e-05 PSNR:  26.575044808305734
epoch:  11600 loss:  6.22698717052117e-05 PSNR:  26.535132112071018
epoch:  11800 loss:  4.291970617487095e-05 PSNR:  26.681497149216185
epoch:  12000 loss:  4.4731670641340315e-05 PSNR:  26.419284782692017
epoch:  12200 loss:  4.297526174923405e-05 PSNR:  26.51507832285247
epoch:  12400 loss:  3.743700290215202e-05 PSNR:  26.656124628947392
epoch:  12600 loss:  3.614037996158004e-05 PSNR:  26.62295654197001
epoch:  12800 loss:  3.583644502214156e-05 PSNR:  26.542994053040392
epoch:  13000 loss:  3.612700675148517e-05 PSNR:  26.48666472665177
epoch:  13200 loss:  3.9726204704493284e-05 PSNR:  26.49170168828443
epoch:  13400 loss:  3.750992982531898e-05 PSNR:  26.479880821991586
epoch:  13600 loss:  3.6001671105623245e-05 PSNR:  26.48034979131626
epoch:  13800 loss:  3.6979086871724576e-05 PSNR:  26.560459245774886
epoch:  14000 loss:  3.564803409972228e-05 PSNR:  26.495783735617835
epoch:  14200 loss:  3.903651304426603e-05 PSNR:  26.524805186462196
epoch:  14400 loss:  3.5072338505415246e-05 PSNR:  26.447432594023073
epoch:  14600 loss:  3.5731252864934504e-05 PSNR:  26.461324886522792
epoch:  14800 loss:  3.279325756011531e-05 PSNR:  26.46312566567262
epoch:  15000 loss:  3.373417348484509e-05 PSNR:  26.500151198883994
epoch:  15200 loss:  3.3459829865023494e-05 PSNR:  26.40524727587199
epoch:  15400 loss:  3.2326635846402496e-05 PSNR:  26.393268773025753
epoch:  15600 loss:  4.391742550069466e-05 PSNR:  26.351201086240312
epoch:  15800 loss:  3.7941754271741956e-05 PSNR:  26.279223587409987
epoch:  16000 loss:  3.9173668483272195e-05 PSNR:  26.33500239033962
epoch:  16200 loss:  3.2034862670116127e-05 PSNR:  26.396459675251705
epoch:  16400 loss:  3.31574265146628e-05 PSNR:  26.355847557899708
epoch:  16600 loss:  3.190969437127933e-05 PSNR:  26.33797494436431
epoch:  16800 loss:  4.177157097728923e-05 PSNR:  26.38995836847254
epoch:  17000 loss:  3.2140702387550846e-05 PSNR:  26.29510494971634
epoch:  17200 loss:  3.135359293082729e-05 PSNR:  26.27561012879607
epoch:  17400 loss:  3.8505499105667695e-05 PSNR:  26.178661113444743
epoch:  17600 loss:  3.5373632272239774e-05 PSNR:  26.22521511113119
epoch:  17800 loss:  4.1529514419380575e-05 PSNR:  26.33349196651949
epoch:  18000 loss:  3.224966349080205e-05 PSNR:  26.303571695289726
epoch:  18200 loss:  3.0105846235528588e-05 PSNR:  26.249287133305156
epoch:  18400 loss:  3.892496170010418e-05 PSNR:  26.368443435789928
epoch:  18600 loss:  3.804948573815636e-05 PSNR:  26.358684090524918
epoch:  18800 loss:  4.2437393858563155e-05 PSNR:  26.335628658088645
epoch:  19000 loss:  3.553760325303301e-05 PSNR:  26.242287237308517
epoch:  19200 loss:  3.01435575238429e-05 PSNR:  26.286893639149692
epoch:  19400 loss:  3.589144762372598e-05 PSNR:  26.196575677653406
epoch:  19600 loss:  3.127812306047417e-05 PSNR:  26.227811387257688
epoch:  19800 loss:  3.152415229124017e-05 PSNR:  26.243731268780657
epoch:  20000 loss:  3.111488331342116e-05 PSNR:  26.22323065480049
epoch:  20200 loss:  3.3526699553476647e-05 PSNR:  26.15476673660727
epoch:  20400 loss:  3.4669617889449e-05 PSNR:  26.322977858849658
epoch:  20600 loss:  2.985154787893407e-05 PSNR:  26.151050726542234
epoch:  20800 loss:  3.203236701665446e-05 PSNR:  26.169964079891418
epoch:  21000 loss:  3.5449047572910786e-05 PSNR:  26.09218575703471
epoch:  21200 loss:  2.851766475941986e-05 PSNR:  26.132620080123964
epoch:  21400 loss:  3.391245991224423e-05 PSNR:  26.159601631190725
epoch:  21600 loss:  3.1315208616433665e-05 PSNR:  26.16041731932448
epoch:  21800 loss:  4.372503826743923e-05 PSNR:  26.15663366486819
epoch:  22000 loss:  2.8735454179695807e-05 PSNR:  26.12226620004649
epoch:  22200 loss:  3.199700950062834e-05 PSNR:  26.076917101671327
epoch:  22400 loss:  3.361142807989381e-05 PSNR:  26.183523669581028
epoch:  22600 loss:  3.247297354391776e-05 PSNR:  26.183599994077976
epoch:  22800 loss:  3.0107989005045965e-05 PSNR:  26.048118181606377
epoch:  23000 loss:  2.9811515560140833e-05 PSNR:  26.109176267619688
epoch:  23200 loss:  2.813193350448273e-05 PSNR:  26.14159066370636
epoch:  23400 loss:  2.9532258849940263e-05 PSNR:  26.057177324771857
epoch:  23600 loss:  2.7512962333275937e-05 PSNR:  26.09313980917378
epoch:  23800 loss:  3.788826506934129e-05 PSNR:  26.09190205740735
epoch:  24000 loss:  3.0131395760690793e-05 PSNR:  25.99885686794049
epoch:  24200 loss:  2.8702936106128618e-05 PSNR:  26.08977014314679
epoch:  24400 loss:  3.042173557332717e-05 PSNR:  26.10853260075345
epoch:  24600 loss:  3.638903581304476e-05 PSNR:  25.961501755538144
epoch:  24800 loss:  2.8860118618467823e-05 PSNR:  25.970283703962338
epoch:  25000 loss:  2.8112801373936236e-05 PSNR:  26.09998284612328
epoch:  25200 loss:  4.005742084700614e-05 PSNR:  25.847248230005853
epoch:  25400 loss:  4.053495649714023e-05 PSNR:  25.891774589179718
epoch:  25600 loss:  3.106191797996871e-05 PSNR:  26.010779789614343
epoch:  25800 loss:  3.1872095860308036e-05 PSNR:  26.086359354100672
epoch:  26000 loss:  3.557691161404364e-05 PSNR:  26.123881363583358
epoch:  26200 loss:  3.195013414369896e-05 PSNR:  26.082217412389785
epoch:  26400 loss:  2.935091106337495e-05 PSNR:  25.95106311274016
epoch:  26600 loss:  2.9330538382055238e-05 PSNR:  26.03658260011336
epoch:  26800 loss:  3.195476529072039e-05 PSNR:  25.98307150692486
epoch:  27000 loss:  3.122583439107984e-05 PSNR:  25.952817279655086
epoch:  27200 loss:  2.6717410946730524e-05 PSNR:  25.97035729709487
epoch:  27400 loss:  2.6239320504828356e-05 PSNR:  26.032438068934177
epoch:  27600 loss:  2.6281657483195886e-05 PSNR:  26.003570617760975
epoch:  27800 loss:  2.862689689209219e-05 PSNR:  26.002143646414112
epoch:  28000 loss:  2.6506211725063622e-05 PSNR:  26.010579840324755
epoch:  28200 loss:  2.6204143068753183e-05 PSNR:  25.963982926151772
epoch:  28400 loss:  2.5839468435151502e-05 PSNR:  26.005380654545974
epoch:  28600 loss:  2.7899859560420737e-05 PSNR:  25.933558467050055
epoch:  28800 loss:  2.9693203032366e-05 PSNR:  25.9512806167661
epoch:  29000 loss:  2.849847442121245e-05 PSNR:  26.01101198527133
epoch:  29200 loss:  2.979859709739685e-05 PSNR:  25.981379787992452
epoch:  29400 loss:  2.9487113351933658e-05 PSNR:  25.84100920770763
epoch:  29600 loss:  2.6192243240075186e-05 PSNR:  25.976619129889094
epoch:  29800 loss:  2.928058529505506e-05 PSNR:  25.881311095989382
epoch:  30000 loss:  2.8876791475340724e-05 PSNR:  26.055892186936124
epoch:  30200 loss:  3.1215175113175064e-05 PSNR:  25.958201270262087
epoch:  30400 loss:  2.5027211449923925e-05 PSNR:  25.952743522163615
epoch:  30600 loss:  2.728149775066413e-05 PSNR:  25.90285528692819
epoch:  30800 loss:  3.1926072551868856e-05 PSNR:  25.801566691838605
epoch:  31000 loss:  2.4875611416064203e-05 PSNR:  25.92635344803425
epoch:  31200 loss:  2.814616891555488e-05 PSNR:  25.994006285232352
epoch:  31400 loss:  2.5231114705093205e-05 PSNR:  25.930761159073125
epoch:  31600 loss:  2.7235360903432593e-05 PSNR:  25.88221901830998
epoch:  31800 loss:  3.731193282874301e-05 PSNR:  25.977771133976383
epoch:  32000 loss:  2.97392689390108e-05 PSNR:  25.872291168760455
epoch:  32200 loss:  2.4647728423587978e-05 PSNR:  25.894293549234163
epoch:  32400 loss:  2.4742024834267795e-05 PSNR:  25.894384968577675
epoch:  32600 loss:  2.74760077445535e-05 PSNR:  25.9283305198743
epoch:  32800 loss:  2.6000814614235424e-05 PSNR:  25.90936869521122
epoch:  33000 loss:  3.0354782211361453e-05 PSNR:  25.85065544208672
epoch:  33200 loss:  3.0022934879525565e-05 PSNR:  25.92384879987314
epoch:  33400 loss:  2.8512722565210424e-05 PSNR:  25.7820596209109
epoch:  33600 loss:  2.6392688596388325e-05 PSNR:  25.86200040816323
epoch:  33800 loss:  2.6962839910993353e-05 PSNR:  25.84752538806278
epoch:  34000 loss:  2.5245104552595876e-05 PSNR:  25.860239664776195
epoch:  34200 loss:  2.5970757633331232e-05 PSNR:  25.909139588798
epoch:  34400 loss:  2.8616250347113237e-05 PSNR:  25.805226968578808
epoch:  34600 loss:  2.435874193906784e-05 PSNR:  25.865581418807054
epoch:  34800 loss:  2.6150131816393696e-05 PSNR:  25.907495123814247
epoch:  35000 loss:  2.8077392926206812e-05 PSNR:  25.818234794041842
epoch:  35200 loss:  2.482014497218188e-05 PSNR:  25.832826249847876
epoch:  35400 loss:  2.6323481506551616e-05 PSNR:  25.81760557365154
epoch:  35600 loss:  2.4755592676228844e-05 PSNR:  25.75492762617616
epoch:  35800 loss:  2.832052814483177e-05 PSNR:  25.874366466115593
epoch:  36000 loss:  2.5714978619362228e-05 PSNR:  25.82546172017098
epoch:  36200 loss:  2.6368512408225797e-05 PSNR:  25.860053747391476
epoch:  36400 loss:  2.4006591047509573e-05 PSNR:  25.807854042482955
epoch:  36600 loss:  2.6123516363441013e-05 PSNR:  25.85737597606684
epoch:  36800 loss:  2.5902008928824216e-05 PSNR:  25.89785031616953
epoch:  37000 loss:  2.3380765924230218e-05 PSNR:  25.80613650332036
epoch:  37200 loss:  2.8768217816832475e-05 PSNR:  25.785362382148605
epoch:  37400 loss:  2.4760372980381362e-05 PSNR:  25.75928811002369
epoch:  37600 loss:  2.3685081032454036e-05 PSNR:  25.787004721435803
epoch:  37800 loss:  3.167846443830058e-05 PSNR:  25.673439438153643
epoch:  38000 loss:  2.5323233785456978e-05 PSNR:  25.847256328529376
epoch:  38200 loss:  2.5927412934834138e-05 PSNR:  25.78626998397647
epoch:  38400 loss:  2.6957633963320404e-05 PSNR:  25.687190416369905
epoch:  38600 loss:  2.5541490686009638e-05 PSNR:  25.750002176845946
epoch:  38800 loss:  2.3747341401758604e-05 PSNR:  25.819267306258343
epoch:  39000 loss:  2.3637850972590968e-05 PSNR:  25.800654107491855
epoch:  39200 loss:  2.3249047444551252e-05 PSNR:  25.789324663178007
epoch:  39400 loss:  3.240572914364748e-05 PSNR:  25.553017314488457
epoch:  39600 loss:  2.8315786039456725e-05 PSNR:  25.783596961276896
epoch:  39800 loss:  2.757850961643271e-05 PSNR:  25.818468540463165
PSNR of output image is:  25.818468540463165
(3, 512, 512) (1, 3, 512, 512)
Experiment done
