Processing image: bridge
(3, 512, 512)
(3, 512, 512)
Starting optimization with optimizer 'SAM'
Output directory where image taken from: data/denoising/Set14/mask/10/SAM(sigma=0.1,lr=0.01,decay=0,beta=0)/det/-1.3/1e-09
Output directory where results stored: data/inpainting/Set14/transfer/0.5/9/10
1.1.1.weight         | nonzeros =    1251 /   12800             (  9.77%) | total_pruned =   11549 | shape = torch.Size([16, 32, 5, 5])
1.1.1.bias           | nonzeros =       0 /      16             (  0.00%) | total_pruned =      16 | shape = torch.Size([16])
1.2.weight           | nonzeros =       7 /      16             ( 43.75%) | total_pruned =       9 | shape = torch.Size([16])
1.2.bias             | nonzeros =       0 /      16             (  0.00%) | total_pruned =      16 | shape = torch.Size([16])
1.4.1.weight         | nonzeros =     124 /    6400             (  1.94%) | total_pruned =    6276 | shape = torch.Size([16, 16, 5, 5])
1.4.1.bias           | nonzeros =       0 /      16             (  0.00%) | total_pruned =      16 | shape = torch.Size([16])
1.5.weight           | nonzeros =       6 /      16             ( 37.50%) | total_pruned =      10 | shape = torch.Size([16])
1.5.bias             | nonzeros =       0 /      16             (  0.00%) | total_pruned =      16 | shape = torch.Size([16])
1.7.1.1.1.weight     | nonzeros =     107 /   12800             (  0.84%) | total_pruned =   12693 | shape = torch.Size([32, 16, 5, 5])
1.7.1.1.1.bias       | nonzeros =       0 /      32             (  0.00%) | total_pruned =      32 | shape = torch.Size([32])
1.7.1.2.weight       | nonzeros =      14 /      32             ( 43.75%) | total_pruned =      18 | shape = torch.Size([32])
1.7.1.2.bias         | nonzeros =       0 /      32             (  0.00%) | total_pruned =      32 | shape = torch.Size([32])
1.7.1.4.1.weight     | nonzeros =     179 /   25600             (  0.70%) | total_pruned =   25421 | shape = torch.Size([32, 32, 5, 5])
1.7.1.4.1.bias       | nonzeros =       0 /      32             (  0.00%) | total_pruned =      32 | shape = torch.Size([32])
1.7.1.5.weight       | nonzeros =      15 /      32             ( 46.88%) | total_pruned =      17 | shape = torch.Size([32])
1.7.1.5.bias         | nonzeros =       0 /      32             (  0.00%) | total_pruned =      32 | shape = torch.Size([32])
1.7.1.7.1.1.1.weight | nonzeros =     118 /   51200             (  0.23%) | total_pruned =   51082 | shape = torch.Size([64, 32, 5, 5])
1.7.1.7.1.1.1.bias   | nonzeros =       0 /      64             (  0.00%) | total_pruned =      64 | shape = torch.Size([64])
1.7.1.7.1.2.weight   | nonzeros =      27 /      64             ( 42.19%) | total_pruned =      37 | shape = torch.Size([64])
1.7.1.7.1.2.bias     | nonzeros =       0 /      64             (  0.00%) | total_pruned =      64 | shape = torch.Size([64])
1.7.1.7.1.4.1.weight | nonzeros =     180 /  102400             (  0.18%) | total_pruned =  102220 | shape = torch.Size([64, 64, 5, 5])
1.7.1.7.1.4.1.bias   | nonzeros =       0 /      64             (  0.00%) | total_pruned =      64 | shape = torch.Size([64])
1.7.1.7.1.5.weight   | nonzeros =      31 /      64             ( 48.44%) | total_pruned =      33 | shape = torch.Size([64])
1.7.1.7.1.5.bias     | nonzeros =       0 /      64             (  0.00%) | total_pruned =      64 | shape = torch.Size([64])
1.7.1.7.1.7.1.1.1.weight | nonzeros =      25 /  204800             (  0.01%) | total_pruned =  204775 | shape = torch.Size([128, 64, 5, 5])
1.7.1.7.1.7.1.1.1.bias | nonzeros =       0 /     128             (  0.00%) | total_pruned =     128 | shape = torch.Size([128])
1.7.1.7.1.7.1.2.weight | nonzeros =      60 /     128             ( 46.88%) | total_pruned =      68 | shape = torch.Size([128])
1.7.1.7.1.7.1.2.bias | nonzeros =       0 /     128             (  0.00%) | total_pruned =     128 | shape = torch.Size([128])
1.7.1.7.1.7.1.4.1.weight | nonzeros =     296 /  409600             (  0.07%) | total_pruned =  409304 | shape = torch.Size([128, 128, 5, 5])
1.7.1.7.1.7.1.4.1.bias | nonzeros =       0 /     128             (  0.00%) | total_pruned =     128 | shape = torch.Size([128])
1.7.1.7.1.7.1.5.weight | nonzeros =      68 /     128             ( 53.12%) | total_pruned =      60 | shape = torch.Size([128])
1.7.1.7.1.7.1.5.bias | nonzeros =       0 /     128             (  0.00%) | total_pruned =     128 | shape = torch.Size([128])
1.7.1.7.1.7.1.7.1.1.1.weight | nonzeros =     400 /  409600             (  0.10%) | total_pruned =  409200 | shape = torch.Size([128, 128, 5, 5])
1.7.1.7.1.7.1.7.1.1.1.bias | nonzeros =       0 /     128             (  0.00%) | total_pruned =     128 | shape = torch.Size([128])
1.7.1.7.1.7.1.7.1.2.weight | nonzeros =      70 /     128             ( 54.69%) | total_pruned =      58 | shape = torch.Size([128])
1.7.1.7.1.7.1.7.1.2.bias | nonzeros =       0 /     128             (  0.00%) | total_pruned =     128 | shape = torch.Size([128])
1.7.1.7.1.7.1.7.1.4.1.weight | nonzeros =    3045 /  409600             (  0.74%) | total_pruned =  406555 | shape = torch.Size([128, 128, 5, 5])
1.7.1.7.1.7.1.7.1.4.1.bias | nonzeros =       0 /     128             (  0.00%) | total_pruned =     128 | shape = torch.Size([128])
1.7.1.7.1.7.1.7.1.5.weight | nonzeros =      95 /     128             ( 74.22%) | total_pruned =      33 | shape = torch.Size([128])
1.7.1.7.1.7.1.7.1.5.bias | nonzeros =       0 /     128             (  0.00%) | total_pruned =     128 | shape = torch.Size([128])
1.7.1.7.1.7.1.7.1.7.1.1.1.weight | nonzeros =   10429 /  409600             (  2.55%) | total_pruned =  399171 | shape = torch.Size([128, 128, 5, 5])
1.7.1.7.1.7.1.7.1.7.1.1.1.bias | nonzeros =       0 /     128             (  0.00%) | total_pruned =     128 | shape = torch.Size([128])
1.7.1.7.1.7.1.7.1.7.1.2.weight | nonzeros =     102 /     128             ( 79.69%) | total_pruned =      26 | shape = torch.Size([128])
1.7.1.7.1.7.1.7.1.7.1.2.bias | nonzeros =       0 /     128             (  0.00%) | total_pruned =     128 | shape = torch.Size([128])
1.7.1.7.1.7.1.7.1.7.1.4.1.weight | nonzeros =   38256 /  409600             (  9.34%) | total_pruned =  371344 | shape = torch.Size([128, 128, 5, 5])
1.7.1.7.1.7.1.7.1.7.1.4.1.bias | nonzeros =       0 /     128             (  0.00%) | total_pruned =     128 | shape = torch.Size([128])
1.7.1.7.1.7.1.7.1.7.1.5.weight | nonzeros =      90 /     128             ( 70.31%) | total_pruned =      38 | shape = torch.Size([128])
1.7.1.7.1.7.1.7.1.7.1.5.bias | nonzeros =       0 /     128             (  0.00%) | total_pruned =     128 | shape = torch.Size([128])
1.7.1.7.1.7.1.7.1.7.2.weight | nonzeros =      90 /     128             ( 70.31%) | total_pruned =      38 | shape = torch.Size([128])
1.7.1.7.1.7.1.7.1.7.2.bias | nonzeros =       0 /     128             (  0.00%) | total_pruned =     128 | shape = torch.Size([128])
1.7.1.7.1.7.1.7.1.7.3.1.weight | nonzeros =   28593 /  147456             ( 19.39%) | total_pruned =  118863 | shape = torch.Size([128, 128, 3, 3])
1.7.1.7.1.7.1.7.1.7.3.1.bias | nonzeros =       0 /     128             (  0.00%) | total_pruned =     128 | shape = torch.Size([128])
1.7.1.7.1.7.1.7.1.7.4.weight | nonzeros =      79 /     128             ( 61.72%) | total_pruned =      49 | shape = torch.Size([128])
1.7.1.7.1.7.1.7.1.7.4.bias | nonzeros =       0 /     128             (  0.00%) | total_pruned =     128 | shape = torch.Size([128])
1.7.1.7.1.7.1.7.2.weight | nonzeros =      79 /     128             ( 61.72%) | total_pruned =      49 | shape = torch.Size([128])
1.7.1.7.1.7.1.7.2.bias | nonzeros =       0 /     128             (  0.00%) | total_pruned =     128 | shape = torch.Size([128])
1.7.1.7.1.7.1.7.3.1.weight | nonzeros =   29072 /  147456             ( 19.72%) | total_pruned =  118384 | shape = torch.Size([128, 128, 3, 3])
1.7.1.7.1.7.1.7.3.1.bias | nonzeros =       0 /     128             (  0.00%) | total_pruned =     128 | shape = torch.Size([128])
1.7.1.7.1.7.1.7.4.weight | nonzeros =      90 /     128             ( 70.31%) | total_pruned =      38 | shape = torch.Size([128])
1.7.1.7.1.7.1.7.4.bias | nonzeros =       0 /     128             (  0.00%) | total_pruned =     128 | shape = torch.Size([128])
1.7.1.7.1.7.2.weight | nonzeros =      90 /     128             ( 70.31%) | total_pruned =      38 | shape = torch.Size([128])
1.7.1.7.1.7.2.bias   | nonzeros =       0 /     128             (  0.00%) | total_pruned =     128 | shape = torch.Size([128])
1.7.1.7.1.7.3.1.weight | nonzeros =   26181 /  147456             ( 17.76%) | total_pruned =  121275 | shape = torch.Size([128, 128, 3, 3])
1.7.1.7.1.7.3.1.bias | nonzeros =       0 /     128             (  0.00%) | total_pruned =     128 | shape = torch.Size([128])
1.7.1.7.1.7.4.weight | nonzeros =      73 /     128             ( 57.03%) | total_pruned =      55 | shape = torch.Size([128])
1.7.1.7.1.7.4.bias   | nonzeros =       0 /     128             (  0.00%) | total_pruned =     128 | shape = torch.Size([128])
1.7.1.7.2.weight     | nonzeros =      73 /     128             ( 57.03%) | total_pruned =      55 | shape = torch.Size([128])
1.7.1.7.2.bias       | nonzeros =       0 /     128             (  0.00%) | total_pruned =     128 | shape = torch.Size([128])
1.7.1.7.3.1.weight   | nonzeros =   11768 /   73728             ( 15.96%) | total_pruned =   61960 | shape = torch.Size([64, 128, 3, 3])
1.7.1.7.3.1.bias     | nonzeros =       0 /      64             (  0.00%) | total_pruned =      64 | shape = torch.Size([64])
1.7.1.7.4.weight     | nonzeros =      40 /      64             ( 62.50%) | total_pruned =      24 | shape = torch.Size([64])
1.7.1.7.4.bias       | nonzeros =       0 /      64             (  0.00%) | total_pruned =      64 | shape = torch.Size([64])
1.7.2.weight         | nonzeros =      40 /      64             ( 62.50%) | total_pruned =      24 | shape = torch.Size([64])
1.7.2.bias           | nonzeros =       0 /      64             (  0.00%) | total_pruned =      64 | shape = torch.Size([64])
1.7.3.1.weight       | nonzeros =    3731 /   18432             ( 20.24%) | total_pruned =   14701 | shape = torch.Size([32, 64, 3, 3])
1.7.3.1.bias         | nonzeros =       0 /      32             (  0.00%) | total_pruned =      32 | shape = torch.Size([32])
1.7.4.weight         | nonzeros =      23 /      32             ( 71.88%) | total_pruned =       9 | shape = torch.Size([32])
1.7.4.bias           | nonzeros =       0 /      32             (  0.00%) | total_pruned =      32 | shape = torch.Size([32])
2.weight             | nonzeros =      23 /      32             ( 71.88%) | total_pruned =       9 | shape = torch.Size([32])
2.bias               | nonzeros =       0 /      32             (  0.00%) | total_pruned =      32 | shape = torch.Size([32])
3.1.weight           | nonzeros =    1469 /    4608             ( 31.88%) | total_pruned =    3139 | shape = torch.Size([16, 32, 3, 3])
3.1.bias             | nonzeros =       0 /      16             (  0.00%) | total_pruned =      16 | shape = torch.Size([16])
4.weight             | nonzeros =      16 /      16             (100.00%) | total_pruned =       0 | shape = torch.Size([16])
4.bias               | nonzeros =       0 /      16             (  0.00%) | total_pruned =      16 | shape = torch.Size([16])
6.1.weight           | nonzeros =      33 /      48             ( 68.75%) | total_pruned =      15 | shape = torch.Size([3, 16, 1, 1])
6.1.bias             | nonzeros =       1 /       3             ( 33.33%) | total_pruned =       2 | shape = torch.Size([3])
alive: 156559, pruned : 2852308, total: 3008867, Compression rate :      19.22x  ( 94.80% pruned)
Initial PSNR of output image is:  20.592105711124308
epoch:  0 loss:  0.004358190111815929 PSNR:  20.592105711124308
epoch:  200 loss:  0.004463047720491886 PSNR:  20.421366554023695
epoch:  400 loss:  0.0028559379279613495 PSNR:  22.186122476734532
epoch:  600 loss:  0.0022628875449299812 PSNR:  23.012354834038522
epoch:  800 loss:  0.001871771179139614 PSNR:  23.615204535905967
epoch:  1000 loss:  0.0015141505282372236 PSNR:  24.19288627531457
epoch:  1200 loss:  0.001277788425795734 PSNR:  24.59074533577393
epoch:  1400 loss:  0.0011442929971963167 PSNR:  24.72776881815108
epoch:  1600 loss:  0.0010219347896054387 PSNR:  24.963205496303594
epoch:  1800 loss:  0.0009329449385404587 PSNR:  25.05914701443444
epoch:  2000 loss:  0.0008041839464567602 PSNR:  25.234255896658837
epoch:  2200 loss:  0.0007770519587211311 PSNR:  25.17383961393755
epoch:  2400 loss:  0.0006792218773625791 PSNR:  25.344570704175496
epoch:  2600 loss:  0.0007158012012951076 PSNR:  25.236594598451617
epoch:  2800 loss:  0.0006308217998594046 PSNR:  25.318905954530997
epoch:  3000 loss:  0.0005465539288707078 PSNR:  25.433795328272804
epoch:  3200 loss:  0.0005589114734902978 PSNR:  25.396906612289584
epoch:  3400 loss:  0.0005146715557202697 PSNR:  25.404116004307124
epoch:  3600 loss:  0.0004965665866620839 PSNR:  25.315702652877675
epoch:  3800 loss:  0.0004954084870405495 PSNR:  25.307400965700513
epoch:  4000 loss:  0.0005063200369477272 PSNR:  25.268387900019682
epoch:  4200 loss:  0.00046858255518600345 PSNR:  25.305070827043146
epoch:  4400 loss:  0.00042597641004249454 PSNR:  25.35935522237361
epoch:  4600 loss:  0.0004514159809332341 PSNR:  25.29102250083656
epoch:  4800 loss:  0.0004030698910355568 PSNR:  25.35498782985841
epoch:  5000 loss:  0.0003916309215128422 PSNR:  25.309630023847735
epoch:  5200 loss:  0.00035989610478281975 PSNR:  25.35025427551276
epoch:  5400 loss:  0.0004278428968973458 PSNR:  25.21316364193538
epoch:  5600 loss:  0.0003935704880859703 PSNR:  25.230417053705914
epoch:  5800 loss:  0.00036697438918054104 PSNR:  25.265931392226932
epoch:  6000 loss:  0.000326690380461514 PSNR:  25.354499288359506
epoch:  6200 loss:  0.00035285012563690543 PSNR:  25.21831690404159
epoch:  6400 loss:  0.00033377879299223423 PSNR:  25.2774158638822
epoch:  6600 loss:  0.00033524067839607596 PSNR:  25.221821656946236
epoch:  6800 loss:  0.00032995035871863365 PSNR:  25.139107730929457
epoch:  7000 loss:  0.00032716739224269986 PSNR:  25.206206448022893
epoch:  7200 loss:  0.00030631301342509687 PSNR:  25.14647772188626
epoch:  7400 loss:  0.00030509234056808054 PSNR:  25.21462381206826
epoch:  7600 loss:  0.00027679832419380546 PSNR:  25.19411930285586
epoch:  7800 loss:  0.0002936303208116442 PSNR:  25.23024947680085
epoch:  8000 loss:  0.0002886911097448319 PSNR:  25.186987550585954
epoch:  8200 loss:  0.00030544912442564964 PSNR:  25.162212841735588
epoch:  8400 loss:  0.0002733790606725961 PSNR:  25.20534780678879
epoch:  8600 loss:  0.0003172758733853698 PSNR:  25.02196000381508
epoch:  8800 loss:  0.0002639558515511453 PSNR:  25.13938243954792
epoch:  9000 loss:  0.00031715663499198854 PSNR:  25.066547384571795
epoch:  9200 loss:  0.0002513063373044133 PSNR:  25.184343767332436
epoch:  9400 loss:  0.0002500345290172845 PSNR:  25.16558057522952
epoch:  9600 loss:  0.0003170720301568508 PSNR:  25.093390781240714
epoch:  9800 loss:  0.0002462964039295912 PSNR:  25.12244577033346
epoch:  10000 loss:  0.00025817786809057 PSNR:  25.075814070083272
epoch:  10200 loss:  0.0002521694987080991 PSNR:  25.08304116244986
epoch:  10400 loss:  0.00023862642410676926 PSNR:  25.08073156234785
epoch:  10600 loss:  0.00025179365184158087 PSNR:  25.091156653923893
epoch:  10800 loss:  0.00022874916612636298 PSNR:  25.098464295626293
epoch:  11000 loss:  0.000263765687122941 PSNR:  25.090259406994555
epoch:  11200 loss:  0.0002330419229110703 PSNR:  25.08305582946747
epoch:  11400 loss:  0.00025183017714880407 PSNR:  24.9618093770958
epoch:  11600 loss:  0.00024018250405788422 PSNR:  25.03088556904103
epoch:  11800 loss:  0.00022825246560387313 PSNR:  25.024038873425894
epoch:  12000 loss:  0.0002237524022348225 PSNR:  25.03951714732549
epoch:  12200 loss:  0.0002469108148943633 PSNR:  25.077281181571813
epoch:  12400 loss:  0.00023646994668524712 PSNR:  25.085761926862524
epoch:  12600 loss:  0.00024386878067161888 PSNR:  25.054406714656878
epoch:  12800 loss:  0.0002627024077810347 PSNR:  25.031568352523905
epoch:  13000 loss:  0.0002300060587003827 PSNR:  25.010932964203214
epoch:  13200 loss:  0.00023131170019041747 PSNR:  24.89831190787033
epoch:  13400 loss:  0.0002240069443359971 PSNR:  25.001147493276456
epoch:  13600 loss:  0.00023370908456854522 PSNR:  24.960221694342778
epoch:  13800 loss:  0.00022921603522263467 PSNR:  24.937663365317576
epoch:  14000 loss:  0.00023281881294678897 PSNR:  24.930071083854383
epoch:  14200 loss:  0.00021498066780623049 PSNR:  25.005484833898134
epoch:  14400 loss:  0.0002116327959811315 PSNR:  24.938693887233416
epoch:  14600 loss:  0.0002124312741216272 PSNR:  25.005560713505226
epoch:  14800 loss:  0.00023043654800858349 PSNR:  24.98312618200481
epoch:  15000 loss:  0.00020691558893304318 PSNR:  24.987932125770442
epoch:  15200 loss:  0.00019792851526290178 PSNR:  24.944208448498483
epoch:  15400 loss:  0.0002130263892468065 PSNR:  24.89253365455756
epoch:  15600 loss:  0.00019601458916440606 PSNR:  24.958552559747375
epoch:  15800 loss:  0.000226211006520316 PSNR:  24.90683645608797
epoch:  16000 loss:  0.00019437464652583003 PSNR:  24.93694160968691
epoch:  16200 loss:  0.00019608333241194487 PSNR:  24.9222187899614
epoch:  16400 loss:  0.00021162843040656298 PSNR:  24.851183510579503
epoch:  16600 loss:  0.00020054505148436874 PSNR:  24.94403198768389
epoch:  16800 loss:  0.00019845704082399607 PSNR:  24.933963509146693
epoch:  17000 loss:  0.00019329585484229028 PSNR:  24.970048656607467
epoch:  17200 loss:  0.00020031204621773213 PSNR:  24.84905355488612
epoch:  17400 loss:  0.00021941230806987733 PSNR:  24.783273125309435
epoch:  17600 loss:  0.00019048628746531904 PSNR:  24.92067502559302
epoch:  17800 loss:  0.00017648062203079462 PSNR:  24.940782476390805
epoch:  18000 loss:  0.00018570855900179595 PSNR:  24.90272529982424
epoch:  18200 loss:  0.0002155275287805125 PSNR:  24.874595242825002
epoch:  18400 loss:  0.00019558430358301848 PSNR:  24.91625246025798
epoch:  18600 loss:  0.00019531135330908 PSNR:  24.80135860662036
epoch:  18800 loss:  0.00019398714357521385 PSNR:  24.892598539570372
epoch:  19000 loss:  0.00018213671864941716 PSNR:  24.882476041812378
epoch:  19200 loss:  0.00019775747205130756 PSNR:  24.84170481454193
epoch:  19400 loss:  0.0001807257067412138 PSNR:  24.905720221714557
epoch:  19600 loss:  0.00022140737564768642 PSNR:  24.88415292523448
epoch:  19800 loss:  0.0001806768705137074 PSNR:  24.86166252187392
epoch:  20000 loss:  0.0001814090646803379 PSNR:  24.890936790555166
epoch:  20200 loss:  0.00019541480287443846 PSNR:  24.84951714447807
epoch:  20400 loss:  0.00017190197831951082 PSNR:  24.84305544510113
epoch:  20600 loss:  0.00019119837088510394 PSNR:  24.850206597734143
epoch:  20800 loss:  0.0001771233364706859 PSNR:  24.82822002408654
epoch:  21000 loss:  0.00018871526117436588 PSNR:  24.823228918198588
epoch:  21200 loss:  0.00019408999651204795 PSNR:  24.840623379486708
epoch:  21400 loss:  0.00020210111688356847 PSNR:  24.71940632660953
epoch:  21600 loss:  0.00016838949522934854 PSNR:  24.853491961672496
epoch:  21800 loss:  0.00017936975928023458 PSNR:  24.795179797852178
epoch:  22000 loss:  0.00017940570251084864 PSNR:  24.83053720969146
epoch:  22200 loss:  0.00020368080004118383 PSNR:  24.77155129852655
epoch:  22400 loss:  0.00018204189836978912 PSNR:  24.784802886072185
epoch:  22600 loss:  0.00018639565678313375 PSNR:  24.790029677380115
epoch:  22800 loss:  0.0001662437862250954 PSNR:  24.852632291911007
epoch:  23000 loss:  0.00016118409985210747 PSNR:  24.824020759728356
epoch:  23200 loss:  0.00018312004976905882 PSNR:  24.843246664190207
epoch:  23400 loss:  0.00019127977429889143 PSNR:  24.760210494489982
epoch:  23600 loss:  0.00017632092931307852 PSNR:  24.800007443231443
epoch:  23800 loss:  0.0001758951402734965 PSNR:  24.787281219572993
epoch:  24000 loss:  0.000163417833391577 PSNR:  24.815619375427804
epoch:  24200 loss:  0.0001801348407752812 PSNR:  24.772255792073686
epoch:  24400 loss:  0.00017158131231553853 PSNR:  24.773669978463797
epoch:  24600 loss:  0.0001776731660356745 PSNR:  24.698585340197976
epoch:  24800 loss:  0.000187381447176449 PSNR:  24.804630138194227
epoch:  25000 loss:  0.00018859012925531715 PSNR:  24.766563344285117
epoch:  25200 loss:  0.00017956318333745003 PSNR:  24.78791457511396
epoch:  25400 loss:  0.00016430146933998913 PSNR:  24.77420755077012
epoch:  25600 loss:  0.0001631425111554563 PSNR:  24.764171002091917
epoch:  25800 loss:  0.00016556073387619108 PSNR:  24.7766658719048
epoch:  26000 loss:  0.00017015100456774235 PSNR:  24.78899697428222
epoch:  26200 loss:  0.00015124763012863696 PSNR:  24.767183987152283
epoch:  26400 loss:  0.00016719388077035546 PSNR:  24.719718981354283
epoch:  26600 loss:  0.00018516152340453118 PSNR:  24.6195142019658
epoch:  26800 loss:  0.0001823513739509508 PSNR:  24.673099872139808
epoch:  27000 loss:  0.0001557232899358496 PSNR:  24.72897391655081
epoch:  27200 loss:  0.0001790337119018659 PSNR:  24.694509809565453
epoch:  27400 loss:  0.00017672742251306772 PSNR:  24.715557691429858
epoch:  27600 loss:  0.00017498699889983982 PSNR:  24.66000745562257
epoch:  27800 loss:  0.00015082562458701432 PSNR:  24.71417098138054
epoch:  28000 loss:  0.00016530246648471802 PSNR:  24.695777263132523
epoch:  28200 loss:  0.0002048670285148546 PSNR:  24.582824159520275
epoch:  28400 loss:  0.00015753254410810769 PSNR:  24.720843885252762
epoch:  28600 loss:  0.00015872865333221853 PSNR:  24.701585988409263
epoch:  28800 loss:  0.00016445896471850574 PSNR:  24.7974556121562
epoch:  29000 loss:  0.00015087489737197757 PSNR:  24.706941572808763
epoch:  29200 loss:  0.0001643252035137266 PSNR:  24.74772539756208
epoch:  29400 loss:  0.00016045148367993534 PSNR:  24.704676539690812
epoch:  29600 loss:  0.0001565431448398158 PSNR:  24.72975777043174
epoch:  29800 loss:  0.00018600460316520184 PSNR:  24.618675308254943
epoch:  30000 loss:  0.00015441216237377375 PSNR:  24.695683652076642
epoch:  30200 loss:  0.00015519591397605836 PSNR:  24.67617852113982
epoch:  30400 loss:  0.0001552494941279292 PSNR:  24.69656737312659
epoch:  30600 loss:  0.00016782013699412346 PSNR:  24.73426985851897
epoch:  30800 loss:  0.00017880524683278054 PSNR:  24.649309554367733
epoch:  31000 loss:  0.0001513913448434323 PSNR:  24.743435921564743
epoch:  31200 loss:  0.00014988938346505165 PSNR:  24.70631154791143
epoch:  31400 loss:  0.00014957146777305752 PSNR:  24.712070649116104
epoch:  31600 loss:  0.00015519534645136446 PSNR:  24.639110206561607
epoch:  31800 loss:  0.00014947888848837465 PSNR:  24.7256060667373
epoch:  32000 loss:  0.00016377742576878518 PSNR:  24.706641193751416
epoch:  32200 loss:  0.0001543438556836918 PSNR:  24.633804064347053
epoch:  32400 loss:  0.00014826659753452986 PSNR:  24.751086898785793
epoch:  32600 loss:  0.00014653365360572934 PSNR:  24.700236857707765
epoch:  32800 loss:  0.00015138756134547293 PSNR:  24.72120522351556
epoch:  33000 loss:  0.00016148926806636155 PSNR:  24.63056381098084
epoch:  33200 loss:  0.00015740285743959248 PSNR:  24.687567438852767
epoch:  33400 loss:  0.00016068552213255316 PSNR:  24.66569300495437
epoch:  33600 loss:  0.00014709052629768848 PSNR:  24.682934450339715
epoch:  33800 loss:  0.00015743658877909184 PSNR:  24.73924824200987
epoch:  34000 loss:  0.00014852068852633238 PSNR:  24.676427531096902
epoch:  34200 loss:  0.00017157031106762588 PSNR:  24.721359963450887
epoch:  34400 loss:  0.00016023844364099205 PSNR:  24.645151798290613
epoch:  34600 loss:  0.00015208929835353047 PSNR:  24.61659868901854
epoch:  34800 loss:  0.00015373366477433592 PSNR:  24.622528409089295
epoch:  35000 loss:  0.00016664799477439374 PSNR:  24.62046928520484
epoch:  35200 loss:  0.0001486091932747513 PSNR:  24.698667677414832
epoch:  35400 loss:  0.0001914858294185251 PSNR:  24.524837371904205
epoch:  35600 loss:  0.0001519457873655483 PSNR:  24.63489752325808
epoch:  35800 loss:  0.000138021947350353 PSNR:  24.669396933755845
epoch:  36000 loss:  0.00014132828800939023 PSNR:  24.665780346351276
epoch:  36200 loss:  0.0001564246922498569 PSNR:  24.623421703073156
epoch:  36400 loss:  0.00015572560369037092 PSNR:  24.677275281086413
epoch:  36600 loss:  0.0001489463320467621 PSNR:  24.634167638277074
epoch:  36800 loss:  0.0001449749688617885 PSNR:  24.667863144763174
epoch:  37000 loss:  0.00015162826457526535 PSNR:  24.601498723049357
epoch:  37200 loss:  0.00014494563220068812 PSNR:  24.69002214730579
epoch:  37400 loss:  0.00014319925685413182 PSNR:  24.60731699869967
epoch:  37600 loss:  0.00014950367040000856 PSNR:  24.620031268503517
epoch:  37800 loss:  0.0007519387872889638 PSNR:  25.11269091922237
epoch:  38000 loss:  0.00038248783675953746 PSNR:  25.226880765839056
epoch:  38200 loss:  0.0003111815021838993 PSNR:  25.1232878459569
epoch:  38400 loss:  0.00028415716951712966 PSNR:  25.093656078535915
epoch:  38600 loss:  0.0002574007958173752 PSNR:  25.046525343891844
epoch:  38800 loss:  0.00025400330196134746 PSNR:  24.981539285483233
epoch:  39000 loss:  0.0002305126254213974 PSNR:  25.00246161422563
epoch:  39200 loss:  0.00024447732721455395 PSNR:  24.831574302423135
epoch:  39400 loss:  0.00023785463417880237 PSNR:  24.95493961924695
epoch:  39600 loss:  0.00020093738567084074 PSNR:  24.92633335922815
epoch:  39800 loss:  0.0002000007953029126 PSNR:  24.900145849191784
PSNR of output image is:  24.900145849191784
(3, 512, 512) (1, 3, 512, 512)
Experiment done
