Processing image: zebra
(3, 512, 512)
(3, 512, 512)
Starting optimization with optimizer 'SAM'
Output directory where image taken from: data/denoising/Set14/mask/10/SAM(sigma=0.1,lr=0.01,decay=0,beta=0)/det/-1.3/1e-09
Output directory where results stored: data/inpainting/Set14/transfer/0.5/4
1.1.1.weight         | nonzeros =    1251 /   12800             (  9.77%) | total_pruned =   11549 | shape = torch.Size([16, 32, 5, 5])
1.1.1.bias           | nonzeros =       0 /      16             (  0.00%) | total_pruned =      16 | shape = torch.Size([16])
1.2.weight           | nonzeros =       7 /      16             ( 43.75%) | total_pruned =       9 | shape = torch.Size([16])
1.2.bias             | nonzeros =       0 /      16             (  0.00%) | total_pruned =      16 | shape = torch.Size([16])
1.4.1.weight         | nonzeros =     124 /    6400             (  1.94%) | total_pruned =    6276 | shape = torch.Size([16, 16, 5, 5])
1.4.1.bias           | nonzeros =       0 /      16             (  0.00%) | total_pruned =      16 | shape = torch.Size([16])
1.5.weight           | nonzeros =       6 /      16             ( 37.50%) | total_pruned =      10 | shape = torch.Size([16])
1.5.bias             | nonzeros =       0 /      16             (  0.00%) | total_pruned =      16 | shape = torch.Size([16])
1.7.1.1.1.weight     | nonzeros =     107 /   12800             (  0.84%) | total_pruned =   12693 | shape = torch.Size([32, 16, 5, 5])
1.7.1.1.1.bias       | nonzeros =       0 /      32             (  0.00%) | total_pruned =      32 | shape = torch.Size([32])
1.7.1.2.weight       | nonzeros =      14 /      32             ( 43.75%) | total_pruned =      18 | shape = torch.Size([32])
1.7.1.2.bias         | nonzeros =       0 /      32             (  0.00%) | total_pruned =      32 | shape = torch.Size([32])
1.7.1.4.1.weight     | nonzeros =     179 /   25600             (  0.70%) | total_pruned =   25421 | shape = torch.Size([32, 32, 5, 5])
1.7.1.4.1.bias       | nonzeros =       0 /      32             (  0.00%) | total_pruned =      32 | shape = torch.Size([32])
1.7.1.5.weight       | nonzeros =      15 /      32             ( 46.88%) | total_pruned =      17 | shape = torch.Size([32])
1.7.1.5.bias         | nonzeros =       0 /      32             (  0.00%) | total_pruned =      32 | shape = torch.Size([32])
1.7.1.7.1.1.1.weight | nonzeros =     118 /   51200             (  0.23%) | total_pruned =   51082 | shape = torch.Size([64, 32, 5, 5])
1.7.1.7.1.1.1.bias   | nonzeros =       0 /      64             (  0.00%) | total_pruned =      64 | shape = torch.Size([64])
1.7.1.7.1.2.weight   | nonzeros =      27 /      64             ( 42.19%) | total_pruned =      37 | shape = torch.Size([64])
1.7.1.7.1.2.bias     | nonzeros =       0 /      64             (  0.00%) | total_pruned =      64 | shape = torch.Size([64])
1.7.1.7.1.4.1.weight | nonzeros =     180 /  102400             (  0.18%) | total_pruned =  102220 | shape = torch.Size([64, 64, 5, 5])
1.7.1.7.1.4.1.bias   | nonzeros =       0 /      64             (  0.00%) | total_pruned =      64 | shape = torch.Size([64])
1.7.1.7.1.5.weight   | nonzeros =      31 /      64             ( 48.44%) | total_pruned =      33 | shape = torch.Size([64])
1.7.1.7.1.5.bias     | nonzeros =       0 /      64             (  0.00%) | total_pruned =      64 | shape = torch.Size([64])
1.7.1.7.1.7.1.1.1.weight | nonzeros =      25 /  204800             (  0.01%) | total_pruned =  204775 | shape = torch.Size([128, 64, 5, 5])
1.7.1.7.1.7.1.1.1.bias | nonzeros =       0 /     128             (  0.00%) | total_pruned =     128 | shape = torch.Size([128])
1.7.1.7.1.7.1.2.weight | nonzeros =      60 /     128             ( 46.88%) | total_pruned =      68 | shape = torch.Size([128])
1.7.1.7.1.7.1.2.bias | nonzeros =       0 /     128             (  0.00%) | total_pruned =     128 | shape = torch.Size([128])
1.7.1.7.1.7.1.4.1.weight | nonzeros =     296 /  409600             (  0.07%) | total_pruned =  409304 | shape = torch.Size([128, 128, 5, 5])
1.7.1.7.1.7.1.4.1.bias | nonzeros =       0 /     128             (  0.00%) | total_pruned =     128 | shape = torch.Size([128])
1.7.1.7.1.7.1.5.weight | nonzeros =      68 /     128             ( 53.12%) | total_pruned =      60 | shape = torch.Size([128])
1.7.1.7.1.7.1.5.bias | nonzeros =       0 /     128             (  0.00%) | total_pruned =     128 | shape = torch.Size([128])
1.7.1.7.1.7.1.7.1.1.1.weight | nonzeros =     400 /  409600             (  0.10%) | total_pruned =  409200 | shape = torch.Size([128, 128, 5, 5])
1.7.1.7.1.7.1.7.1.1.1.bias | nonzeros =       0 /     128             (  0.00%) | total_pruned =     128 | shape = torch.Size([128])
1.7.1.7.1.7.1.7.1.2.weight | nonzeros =      70 /     128             ( 54.69%) | total_pruned =      58 | shape = torch.Size([128])
1.7.1.7.1.7.1.7.1.2.bias | nonzeros =       0 /     128             (  0.00%) | total_pruned =     128 | shape = torch.Size([128])
1.7.1.7.1.7.1.7.1.4.1.weight | nonzeros =    3045 /  409600             (  0.74%) | total_pruned =  406555 | shape = torch.Size([128, 128, 5, 5])
1.7.1.7.1.7.1.7.1.4.1.bias | nonzeros =       0 /     128             (  0.00%) | total_pruned =     128 | shape = torch.Size([128])
1.7.1.7.1.7.1.7.1.5.weight | nonzeros =      95 /     128             ( 74.22%) | total_pruned =      33 | shape = torch.Size([128])
1.7.1.7.1.7.1.7.1.5.bias | nonzeros =       0 /     128             (  0.00%) | total_pruned =     128 | shape = torch.Size([128])
1.7.1.7.1.7.1.7.1.7.1.1.1.weight | nonzeros =   10429 /  409600             (  2.55%) | total_pruned =  399171 | shape = torch.Size([128, 128, 5, 5])
1.7.1.7.1.7.1.7.1.7.1.1.1.bias | nonzeros =       0 /     128             (  0.00%) | total_pruned =     128 | shape = torch.Size([128])
1.7.1.7.1.7.1.7.1.7.1.2.weight | nonzeros =     102 /     128             ( 79.69%) | total_pruned =      26 | shape = torch.Size([128])
1.7.1.7.1.7.1.7.1.7.1.2.bias | nonzeros =       0 /     128             (  0.00%) | total_pruned =     128 | shape = torch.Size([128])
1.7.1.7.1.7.1.7.1.7.1.4.1.weight | nonzeros =   38256 /  409600             (  9.34%) | total_pruned =  371344 | shape = torch.Size([128, 128, 5, 5])
1.7.1.7.1.7.1.7.1.7.1.4.1.bias | nonzeros =       0 /     128             (  0.00%) | total_pruned =     128 | shape = torch.Size([128])
1.7.1.7.1.7.1.7.1.7.1.5.weight | nonzeros =      90 /     128             ( 70.31%) | total_pruned =      38 | shape = torch.Size([128])
1.7.1.7.1.7.1.7.1.7.1.5.bias | nonzeros =       0 /     128             (  0.00%) | total_pruned =     128 | shape = torch.Size([128])
1.7.1.7.1.7.1.7.1.7.2.weight | nonzeros =      90 /     128             ( 70.31%) | total_pruned =      38 | shape = torch.Size([128])
1.7.1.7.1.7.1.7.1.7.2.bias | nonzeros =       0 /     128             (  0.00%) | total_pruned =     128 | shape = torch.Size([128])
1.7.1.7.1.7.1.7.1.7.3.1.weight | nonzeros =   28593 /  147456             ( 19.39%) | total_pruned =  118863 | shape = torch.Size([128, 128, 3, 3])
1.7.1.7.1.7.1.7.1.7.3.1.bias | nonzeros =       0 /     128             (  0.00%) | total_pruned =     128 | shape = torch.Size([128])
1.7.1.7.1.7.1.7.1.7.4.weight | nonzeros =      79 /     128             ( 61.72%) | total_pruned =      49 | shape = torch.Size([128])
1.7.1.7.1.7.1.7.1.7.4.bias | nonzeros =       0 /     128             (  0.00%) | total_pruned =     128 | shape = torch.Size([128])
1.7.1.7.1.7.1.7.2.weight | nonzeros =      79 /     128             ( 61.72%) | total_pruned =      49 | shape = torch.Size([128])
1.7.1.7.1.7.1.7.2.bias | nonzeros =       0 /     128             (  0.00%) | total_pruned =     128 | shape = torch.Size([128])
1.7.1.7.1.7.1.7.3.1.weight | nonzeros =   29072 /  147456             ( 19.72%) | total_pruned =  118384 | shape = torch.Size([128, 128, 3, 3])
1.7.1.7.1.7.1.7.3.1.bias | nonzeros =       0 /     128             (  0.00%) | total_pruned =     128 | shape = torch.Size([128])
1.7.1.7.1.7.1.7.4.weight | nonzeros =      90 /     128             ( 70.31%) | total_pruned =      38 | shape = torch.Size([128])
1.7.1.7.1.7.1.7.4.bias | nonzeros =       0 /     128             (  0.00%) | total_pruned =     128 | shape = torch.Size([128])
1.7.1.7.1.7.2.weight | nonzeros =      90 /     128             ( 70.31%) | total_pruned =      38 | shape = torch.Size([128])
1.7.1.7.1.7.2.bias   | nonzeros =       0 /     128             (  0.00%) | total_pruned =     128 | shape = torch.Size([128])
1.7.1.7.1.7.3.1.weight | nonzeros =   26181 /  147456             ( 17.76%) | total_pruned =  121275 | shape = torch.Size([128, 128, 3, 3])
1.7.1.7.1.7.3.1.bias | nonzeros =       0 /     128             (  0.00%) | total_pruned =     128 | shape = torch.Size([128])
1.7.1.7.1.7.4.weight | nonzeros =      73 /     128             ( 57.03%) | total_pruned =      55 | shape = torch.Size([128])
1.7.1.7.1.7.4.bias   | nonzeros =       0 /     128             (  0.00%) | total_pruned =     128 | shape = torch.Size([128])
1.7.1.7.2.weight     | nonzeros =      73 /     128             ( 57.03%) | total_pruned =      55 | shape = torch.Size([128])
1.7.1.7.2.bias       | nonzeros =       0 /     128             (  0.00%) | total_pruned =     128 | shape = torch.Size([128])
1.7.1.7.3.1.weight   | nonzeros =   11768 /   73728             ( 15.96%) | total_pruned =   61960 | shape = torch.Size([64, 128, 3, 3])
1.7.1.7.3.1.bias     | nonzeros =       0 /      64             (  0.00%) | total_pruned =      64 | shape = torch.Size([64])
1.7.1.7.4.weight     | nonzeros =      40 /      64             ( 62.50%) | total_pruned =      24 | shape = torch.Size([64])
1.7.1.7.4.bias       | nonzeros =       0 /      64             (  0.00%) | total_pruned =      64 | shape = torch.Size([64])
1.7.2.weight         | nonzeros =      40 /      64             ( 62.50%) | total_pruned =      24 | shape = torch.Size([64])
1.7.2.bias           | nonzeros =       0 /      64             (  0.00%) | total_pruned =      64 | shape = torch.Size([64])
1.7.3.1.weight       | nonzeros =    3731 /   18432             ( 20.24%) | total_pruned =   14701 | shape = torch.Size([32, 64, 3, 3])
1.7.3.1.bias         | nonzeros =       0 /      32             (  0.00%) | total_pruned =      32 | shape = torch.Size([32])
1.7.4.weight         | nonzeros =      23 /      32             ( 71.88%) | total_pruned =       9 | shape = torch.Size([32])
1.7.4.bias           | nonzeros =       0 /      32             (  0.00%) | total_pruned =      32 | shape = torch.Size([32])
2.weight             | nonzeros =      23 /      32             ( 71.88%) | total_pruned =       9 | shape = torch.Size([32])
2.bias               | nonzeros =       0 /      32             (  0.00%) | total_pruned =      32 | shape = torch.Size([32])
3.1.weight           | nonzeros =    1469 /    4608             ( 31.88%) | total_pruned =    3139 | shape = torch.Size([16, 32, 3, 3])
3.1.bias             | nonzeros =       0 /      16             (  0.00%) | total_pruned =      16 | shape = torch.Size([16])
4.weight             | nonzeros =      16 /      16             (100.00%) | total_pruned =       0 | shape = torch.Size([16])
4.bias               | nonzeros =       0 /      16             (  0.00%) | total_pruned =      16 | shape = torch.Size([16])
6.1.weight           | nonzeros =      33 /      48             ( 68.75%) | total_pruned =      15 | shape = torch.Size([3, 16, 1, 1])
6.1.bias             | nonzeros =       1 /       3             ( 33.33%) | total_pruned =       2 | shape = torch.Size([3])
alive: 156559, pruned : 2852308, total: 3008867, Compression rate :      19.22x  ( 94.80% pruned)
Initial PSNR of output image is:  10.971547949800204
epoch:  0 loss:  0.039967697113752365 PSNR:  10.971547949800204
epoch:  200 loss:  0.005581642501056194 PSNR:  19.43342718078885
epoch:  400 loss:  0.002117229625582695 PSNR:  23.409548225969022
epoch:  600 loss:  0.0015147447120398283 PSNR:  24.759866470472755
epoch:  800 loss:  0.00098027428612113 PSNR:  26.395947109525313
epoch:  1000 loss:  0.0008159372373484075 PSNR:  27.0639065273353
epoch:  1200 loss:  0.0006836941465735435 PSNR:  27.66145868104782
epoch:  1400 loss:  0.0005942946299910545 PSNR:  28.15903913036896
epoch:  1600 loss:  0.000740210700314492 PSNR:  27.43170817640245
epoch:  1800 loss:  0.0005070532206445932 PSNR:  28.638935954823026
epoch:  2000 loss:  0.00042591182864271104 PSNR:  29.147091475186095
epoch:  2200 loss:  0.00043180849752388895 PSNR:  29.10531248955182
epoch:  2400 loss:  0.0003942848998121917 PSNR:  29.377288081995285
epoch:  2600 loss:  0.00036590275703929365 PSNR:  29.593058161658007
epoch:  2800 loss:  0.0003321263357065618 PSNR:  29.79740784849468
epoch:  3000 loss:  0.0003231701848562807 PSNR:  29.89337300276652
epoch:  3200 loss:  0.00031981372740119696 PSNR:  29.927871116134
epoch:  3400 loss:  0.00030005929875187576 PSNR:  30.080889272314888
epoch:  3600 loss:  0.0003186862450093031 PSNR:  29.884329939034124
epoch:  3800 loss:  0.00030652014538645744 PSNR:  29.983423497140294
epoch:  4000 loss:  0.00025929888943210244 PSNR:  30.385247675676254
epoch:  4200 loss:  0.00033447955502197146 PSNR:  29.725090099335517
epoch:  4400 loss:  0.0003427287738304585 PSNR:  29.719090890297764
epoch:  4600 loss:  0.00025555791216902435 PSNR:  30.393378168507926
epoch:  4800 loss:  0.0002789729624055326 PSNR:  30.205935780974876
epoch:  5000 loss:  0.00024616692098788917 PSNR:  30.49315200568431
epoch:  5200 loss:  0.00025333347730338573 PSNR:  30.35230815929383
epoch:  5400 loss:  0.00021577444567810744 PSNR:  30.764049700058052
epoch:  5600 loss:  0.00020956172375008464 PSNR:  30.8146509421276
epoch:  5800 loss:  0.00026733370032161474 PSNR:  30.295019567369316
epoch:  6000 loss:  0.00021341726824175566 PSNR:  30.748478053585085
epoch:  6200 loss:  0.00022202206309884787 PSNR:  30.621985156610513
epoch:  6400 loss:  0.00020088930614292622 PSNR:  30.855391639844125
epoch:  6600 loss:  0.000238531079958193 PSNR:  30.575057749394237
epoch:  6800 loss:  0.00019081193022429943 PSNR:  30.960808345404537
epoch:  7000 loss:  0.0001931902952492237 PSNR:  30.91346299408899
epoch:  7200 loss:  0.00018084011389873922 PSNR:  31.04171637340624
epoch:  7400 loss:  0.00018767581786960363 PSNR:  30.96371751316167
epoch:  7600 loss:  0.00017420557560399175 PSNR:  31.107804911851375
epoch:  7800 loss:  0.00020581542048603296 PSNR:  30.757385035193224
epoch:  8000 loss:  0.00020306810620240867 PSNR:  30.809108038550114
epoch:  8200 loss:  0.00024335936177521944 PSNR:  30.398582146512304
epoch:  8400 loss:  0.00020414238679222763 PSNR:  30.75758306873624
epoch:  8600 loss:  0.0001764671760611236 PSNR:  31.042500461982087
epoch:  8800 loss:  0.00016519715427421033 PSNR:  31.163150020955985
epoch:  9000 loss:  0.00017183474847115576 PSNR:  31.07104943560243
epoch:  9200 loss:  0.00019017132581211627 PSNR:  30.886579502561936
epoch:  9400 loss:  0.0002353637246415019 PSNR:  30.445560369044635
epoch:  9600 loss:  0.00017988063336815685 PSNR:  30.9997171390045
epoch:  9800 loss:  0.00017843357636593282 PSNR:  31.01109621542093
epoch:  10000 loss:  0.00018397979147266597 PSNR:  30.9434667076441
epoch:  10200 loss:  0.00015889406495261937 PSNR:  31.201278353364195
epoch:  10400 loss:  0.00017685629427433014 PSNR:  31.04628310672197
epoch:  10600 loss:  0.00017140971613116562 PSNR:  31.109751730672727
epoch:  10800 loss:  0.00018565042410045862 PSNR:  30.870299603947537
epoch:  11000 loss:  0.00015663803787901998 PSNR:  31.20404365313149
epoch:  11200 loss:  0.00014592183288186789 PSNR:  31.30768218647743
epoch:  11400 loss:  0.0001474006421631202 PSNR:  31.313063169313903
epoch:  11600 loss:  0.00014361290959641337 PSNR:  31.328286785357847
epoch:  11800 loss:  0.000151044616359286 PSNR:  31.27536126198256
epoch:  12000 loss:  0.00016020896146073937 PSNR:  31.161233289169253
epoch:  12200 loss:  0.0001803658960852772 PSNR:  30.997131046919048
epoch:  12400 loss:  0.0001709966454654932 PSNR:  31.01465903825806
epoch:  12600 loss:  0.00017984937585424632 PSNR:  30.96774990492459
epoch:  12800 loss:  0.00017881083476822823 PSNR:  31.017992453954314
epoch:  13000 loss:  0.00014125560119282454 PSNR:  31.34785511154819
epoch:  13200 loss:  0.0001434003934264183 PSNR:  31.34399384313521
epoch:  13400 loss:  0.00014743887004442513 PSNR:  31.28873475328833
epoch:  13600 loss:  0.0001403670758008957 PSNR:  31.3433397251333
epoch:  13800 loss:  0.00014023773837834597 PSNR:  31.342880971287343
epoch:  14000 loss:  0.00014608752098865807 PSNR:  31.300922514255774
epoch:  14200 loss:  0.00014399676001630723 PSNR:  31.313257107590246
epoch:  14400 loss:  0.00013587516150437295 PSNR:  31.38251338386308
epoch:  14600 loss:  0.00013455891166813672 PSNR:  31.403964505800364
epoch:  14800 loss:  0.00013259676052257419 PSNR:  31.416837738912164
epoch:  15000 loss:  0.00014489630120806396 PSNR:  31.259434134706883
epoch:  15200 loss:  0.00014199229190126061 PSNR:  31.305843338684014
epoch:  15400 loss:  0.00016228861932177097 PSNR:  31.07899627307433
epoch:  15600 loss:  0.00012753669579979032 PSNR:  31.43577625782052
epoch:  15800 loss:  0.00014531647320836782 PSNR:  31.26855382956719
epoch:  16000 loss:  0.00015865570458117872 PSNR:  31.100483279714084
epoch:  16200 loss:  0.00013587634020950645 PSNR:  31.3727814603476
epoch:  16400 loss:  0.00013437836605589837 PSNR:  31.38536004620677
epoch:  16600 loss:  0.00014072979683987796 PSNR:  31.314778814564903
epoch:  16800 loss:  0.0001255701936315745 PSNR:  31.46256139149859
epoch:  17000 loss:  0.0001314631663262844 PSNR:  31.372469724526262
epoch:  17200 loss:  0.00015519584121648222 PSNR:  31.096637858306266
epoch:  17400 loss:  0.0001576618815306574 PSNR:  31.17243610281701
epoch:  17600 loss:  0.0001272481749765575 PSNR:  31.4242140987068
epoch:  17800 loss:  0.00014403226668946445 PSNR:  31.285059902622795
epoch:  18000 loss:  0.00015899326535873115 PSNR:  31.078004350398515
epoch:  18200 loss:  0.00015140468894969672 PSNR:  31.17186757733171
epoch:  18400 loss:  0.00013071956345811486 PSNR:  31.389843462210834
epoch:  18600 loss:  0.00015685777179896832 PSNR:  31.127172879428556
epoch:  18800 loss:  0.00013783697795588523 PSNR:  31.32557469311104
epoch:  19000 loss:  0.0001226397871505469 PSNR:  31.47096673530022
epoch:  19200 loss:  0.00016810039232950658 PSNR:  31.019162551144753
epoch:  19400 loss:  0.0001518485223641619 PSNR:  31.1702574349812
epoch:  19600 loss:  0.00012997438898310065 PSNR:  31.390789102248675
epoch:  19800 loss:  0.00013618104276247323 PSNR:  31.28975184467381
epoch:  20000 loss:  0.00013263343134894967 PSNR:  31.334684270024425
epoch:  20200 loss:  0.0001309165236307308 PSNR:  31.380721444422196
epoch:  20400 loss:  0.0001295363181270659 PSNR:  31.391775001489847
epoch:  20600 loss:  0.000127545150462538 PSNR:  31.394875547523814
epoch:  20800 loss:  0.0001392377889715135 PSNR:  31.277877276881906
epoch:  21000 loss:  0.0001187400339404121 PSNR:  31.493504578970708
epoch:  21200 loss:  0.00012330166646279395 PSNR:  31.441020393609325
epoch:  21400 loss:  0.00012323948612902313 PSNR:  31.421099556732525
epoch:  21600 loss:  0.0001432183780707419 PSNR:  31.18345541790116
epoch:  21800 loss:  0.00011891995382029563 PSNR:  31.472357381744658
epoch:  22000 loss:  0.0001226349122589454 PSNR:  31.444278635245322
epoch:  22200 loss:  0.00013207405572757125 PSNR:  31.34081408039975
epoch:  22400 loss:  0.0001200397964566946 PSNR:  31.44459521598382
epoch:  22600 loss:  0.00011997763067483902 PSNR:  31.467896119470794
epoch:  22800 loss:  0.0001265207538381219 PSNR:  31.405842236302327
epoch:  23000 loss:  0.00012994467397220433 PSNR:  31.40858675498819
epoch:  23200 loss:  0.00012359155516605824 PSNR:  31.427459751285593
epoch:  23400 loss:  0.00011652937246253714 PSNR:  31.505070613387602
epoch:  23600 loss:  0.0001308009959757328 PSNR:  31.35723030828894
epoch:  23800 loss:  0.00012431730283424258 PSNR:  31.403805940251974
epoch:  24000 loss:  0.00012503007019404322 PSNR:  31.405400590940474
epoch:  24200 loss:  0.00012072183744749054 PSNR:  31.46621245745053
epoch:  24400 loss:  0.00011473083577584475 PSNR:  31.49217237291806
epoch:  24600 loss:  0.0001137095969170332 PSNR:  31.52012259310832
epoch:  24800 loss:  0.0001174819772131741 PSNR:  31.46368730236905
epoch:  25000 loss:  0.00011828052811324596 PSNR:  31.45540593755922
epoch:  25200 loss:  0.00012128330126870424 PSNR:  31.435380458707293
epoch:  25400 loss:  0.0001159828607342206 PSNR:  31.478486851477854
epoch:  25600 loss:  0.0001443978981114924 PSNR:  31.182028808507845
epoch:  25800 loss:  0.0001213342766277492 PSNR:  31.41946267824214
epoch:  26000 loss:  0.00011826014088001102 PSNR:  31.45642712073827
epoch:  26200 loss:  0.00014538777759298682 PSNR:  31.161454585215683
epoch:  26400 loss:  0.0001152848926722072 PSNR:  31.49189008469294
epoch:  26600 loss:  0.00013733199739363045 PSNR:  31.238147556353397
epoch:  26800 loss:  0.00013348738139029592 PSNR:  31.294795237051613
epoch:  27000 loss:  0.00011252837430220097 PSNR:  31.50974667864658
epoch:  27200 loss:  0.00011835292389150709 PSNR:  31.471592825846457
epoch:  27400 loss:  0.00011696162982843816 PSNR:  31.487893327529427
epoch:  27600 loss:  0.00014097070379648358 PSNR:  31.250249942541362
epoch:  27800 loss:  0.00013335669063962996 PSNR:  31.305640511997332
epoch:  28000 loss:  0.00011199300934094936 PSNR:  31.513847071514512
epoch:  28200 loss:  0.000118492309411522 PSNR:  31.46339163398961
epoch:  28400 loss:  0.00012856182001996785 PSNR:  31.34535544098549
epoch:  28600 loss:  0.00012414006050676107 PSNR:  31.400992190216886
epoch:  28800 loss:  0.00011417685891501606 PSNR:  31.501072785703617
epoch:  29000 loss:  0.00011297174205537885 PSNR:  31.501068499697674
epoch:  29200 loss:  0.00011313897266518325 PSNR:  31.489035442583386
epoch:  29400 loss:  0.00012468319619074464 PSNR:  31.357929720109375
epoch:  29600 loss:  0.00011186675692442805 PSNR:  31.52259284412317
epoch:  29800 loss:  0.0001276166149182245 PSNR:  31.310813160786907
epoch:  30000 loss:  0.00011178517888765782 PSNR:  31.53087685532387
epoch:  30200 loss:  0.00011265320790698752 PSNR:  31.517434329358487
epoch:  30400 loss:  0.000123903329949826 PSNR:  31.346037778594788
epoch:  30600 loss:  0.00011047034058719873 PSNR:  31.512410132815035
epoch:  30800 loss:  0.0001139566011261195 PSNR:  31.51392014889766
epoch:  31000 loss:  0.00010693351941881701 PSNR:  31.532023856893762
epoch:  31200 loss:  0.00010746643965831026 PSNR:  31.557160442060127
epoch:  31400 loss:  0.00012518055154941976 PSNR:  31.391148471599063
epoch:  31600 loss:  0.00010822904005181044 PSNR:  31.546893566651903
epoch:  31800 loss:  0.00011907770385732874 PSNR:  31.4360535145939
epoch:  32000 loss:  0.00012246727419551462 PSNR:  31.38188645107556
epoch:  32200 loss:  0.00010908195690717548 PSNR:  31.52470608819244
epoch:  32400 loss:  0.00011457927757874131 PSNR:  31.434684291615675
epoch:  32600 loss:  0.00012645541573874652 PSNR:  31.36349135589424
epoch:  32800 loss:  0.00011197934509254992 PSNR:  31.455287893097253
epoch:  33000 loss:  0.00010771157394628972 PSNR:  31.515963589475703
epoch:  33200 loss:  0.00010433606075821444 PSNR:  31.554299829507748
epoch:  33400 loss:  0.00010758772259578109 PSNR:  31.533429157865353
epoch:  33600 loss:  0.00010600944369798526 PSNR:  31.53342196110551
epoch:  33800 loss:  0.00010348997602704912 PSNR:  31.572533788524233
epoch:  34000 loss:  0.00010563045361777768 PSNR:  31.532322796057358
epoch:  34200 loss:  0.000110537264845334 PSNR:  31.497798438695405
epoch:  34400 loss:  0.0001233714137924835 PSNR:  31.378715294079356
epoch:  34600 loss:  0.00011537773389136419 PSNR:  31.433095731889132
epoch:  34800 loss:  0.00011140800779685378 PSNR:  31.49801044137376
epoch:  35000 loss:  0.00010743681923486292 PSNR:  31.549858746272772
epoch:  35200 loss:  0.00010793974797707051 PSNR:  31.513255333293664
epoch:  35400 loss:  0.00010242317512165755 PSNR:  31.586391167386626
epoch:  35600 loss:  0.00010684998414944857 PSNR:  31.536796390259312
epoch:  35800 loss:  0.00011121285933768377 PSNR:  31.47118771899372
epoch:  36000 loss:  0.00012578842870425433 PSNR:  31.312291264518567
epoch:  36200 loss:  0.00011943829304073006 PSNR:  31.375606827905678
epoch:  36400 loss:  0.00010339306754758582 PSNR:  31.564421159320197
epoch:  36600 loss:  0.00010682821448426694 PSNR:  31.51902571251202
epoch:  36800 loss:  0.00011244640336371958 PSNR:  31.462343678265135
epoch:  37000 loss:  0.000105609382444527 PSNR:  31.54771951165887
epoch:  37200 loss:  0.00010666608432075009 PSNR:  31.51635389815852
epoch:  37400 loss:  0.00010655909863999113 PSNR:  31.536869134581977
epoch:  37600 loss:  0.0001261538127437234 PSNR:  31.359097270012548
epoch:  37800 loss:  0.00011613041715463623 PSNR:  31.42600547201928
epoch:  38000 loss:  0.00010958927305182442 PSNR:  31.51509098757949
epoch:  38200 loss:  0.00010714221571106464 PSNR:  31.530388869065643
epoch:  38400 loss:  0.00010408995149191469 PSNR:  31.560450540412376
epoch:  38600 loss:  0.00012123399937991053 PSNR:  31.415225227044967
epoch:  38800 loss:  0.00012637017061933875 PSNR:  31.28144282669698
epoch:  39000 loss:  0.00010183903214056045 PSNR:  31.58088241640541
epoch:  39200 loss:  0.00011991546489298344 PSNR:  31.41361996456184
epoch:  39400 loss:  0.00010521667718421668 PSNR:  31.535743174603134
epoch:  39600 loss:  0.00010515262692933902 PSNR:  31.558111382704297
epoch:  39800 loss:  0.00011048986198147759 PSNR:  31.50709022186323
PSNR of output image is:  31.50709022186323
(3, 512, 512) (1, 3, 512, 512)
Experiment done
Processing image: zebra
(3, 512, 512)
(3, 512, 512)
Starting optimization with optimizer 'SAM'
Output directory where image taken from: data/denoising/Set14/mask/10/SAM(sigma=0.1,lr=0.01,decay=0,beta=0)/det/-1.3/1e-09
Output directory where results stored: data/inpainting/Set14/transfer/0.5/4/10
1.1.1.weight         | nonzeros =    1251 /   12800             (  9.77%) | total_pruned =   11549 | shape = torch.Size([16, 32, 5, 5])
1.1.1.bias           | nonzeros =       0 /      16             (  0.00%) | total_pruned =      16 | shape = torch.Size([16])
1.2.weight           | nonzeros =       7 /      16             ( 43.75%) | total_pruned =       9 | shape = torch.Size([16])
1.2.bias             | nonzeros =       0 /      16             (  0.00%) | total_pruned =      16 | shape = torch.Size([16])
1.4.1.weight         | nonzeros =     124 /    6400             (  1.94%) | total_pruned =    6276 | shape = torch.Size([16, 16, 5, 5])
1.4.1.bias           | nonzeros =       0 /      16             (  0.00%) | total_pruned =      16 | shape = torch.Size([16])
1.5.weight           | nonzeros =       6 /      16             ( 37.50%) | total_pruned =      10 | shape = torch.Size([16])
1.5.bias             | nonzeros =       0 /      16             (  0.00%) | total_pruned =      16 | shape = torch.Size([16])
1.7.1.1.1.weight     | nonzeros =     107 /   12800             (  0.84%) | total_pruned =   12693 | shape = torch.Size([32, 16, 5, 5])
1.7.1.1.1.bias       | nonzeros =       0 /      32             (  0.00%) | total_pruned =      32 | shape = torch.Size([32])
1.7.1.2.weight       | nonzeros =      14 /      32             ( 43.75%) | total_pruned =      18 | shape = torch.Size([32])
1.7.1.2.bias         | nonzeros =       0 /      32             (  0.00%) | total_pruned =      32 | shape = torch.Size([32])
1.7.1.4.1.weight     | nonzeros =     179 /   25600             (  0.70%) | total_pruned =   25421 | shape = torch.Size([32, 32, 5, 5])
1.7.1.4.1.bias       | nonzeros =       0 /      32             (  0.00%) | total_pruned =      32 | shape = torch.Size([32])
1.7.1.5.weight       | nonzeros =      15 /      32             ( 46.88%) | total_pruned =      17 | shape = torch.Size([32])
1.7.1.5.bias         | nonzeros =       0 /      32             (  0.00%) | total_pruned =      32 | shape = torch.Size([32])
1.7.1.7.1.1.1.weight | nonzeros =     118 /   51200             (  0.23%) | total_pruned =   51082 | shape = torch.Size([64, 32, 5, 5])
1.7.1.7.1.1.1.bias   | nonzeros =       0 /      64             (  0.00%) | total_pruned =      64 | shape = torch.Size([64])
1.7.1.7.1.2.weight   | nonzeros =      27 /      64             ( 42.19%) | total_pruned =      37 | shape = torch.Size([64])
1.7.1.7.1.2.bias     | nonzeros =       0 /      64             (  0.00%) | total_pruned =      64 | shape = torch.Size([64])
1.7.1.7.1.4.1.weight | nonzeros =     180 /  102400             (  0.18%) | total_pruned =  102220 | shape = torch.Size([64, 64, 5, 5])
1.7.1.7.1.4.1.bias   | nonzeros =       0 /      64             (  0.00%) | total_pruned =      64 | shape = torch.Size([64])
1.7.1.7.1.5.weight   | nonzeros =      31 /      64             ( 48.44%) | total_pruned =      33 | shape = torch.Size([64])
1.7.1.7.1.5.bias     | nonzeros =       0 /      64             (  0.00%) | total_pruned =      64 | shape = torch.Size([64])
1.7.1.7.1.7.1.1.1.weight | nonzeros =      25 /  204800             (  0.01%) | total_pruned =  204775 | shape = torch.Size([128, 64, 5, 5])
1.7.1.7.1.7.1.1.1.bias | nonzeros =       0 /     128             (  0.00%) | total_pruned =     128 | shape = torch.Size([128])
1.7.1.7.1.7.1.2.weight | nonzeros =      60 /     128             ( 46.88%) | total_pruned =      68 | shape = torch.Size([128])
1.7.1.7.1.7.1.2.bias | nonzeros =       0 /     128             (  0.00%) | total_pruned =     128 | shape = torch.Size([128])
1.7.1.7.1.7.1.4.1.weight | nonzeros =     296 /  409600             (  0.07%) | total_pruned =  409304 | shape = torch.Size([128, 128, 5, 5])
1.7.1.7.1.7.1.4.1.bias | nonzeros =       0 /     128             (  0.00%) | total_pruned =     128 | shape = torch.Size([128])
1.7.1.7.1.7.1.5.weight | nonzeros =      68 /     128             ( 53.12%) | total_pruned =      60 | shape = torch.Size([128])
1.7.1.7.1.7.1.5.bias | nonzeros =       0 /     128             (  0.00%) | total_pruned =     128 | shape = torch.Size([128])
1.7.1.7.1.7.1.7.1.1.1.weight | nonzeros =     400 /  409600             (  0.10%) | total_pruned =  409200 | shape = torch.Size([128, 128, 5, 5])
1.7.1.7.1.7.1.7.1.1.1.bias | nonzeros =       0 /     128             (  0.00%) | total_pruned =     128 | shape = torch.Size([128])
1.7.1.7.1.7.1.7.1.2.weight | nonzeros =      70 /     128             ( 54.69%) | total_pruned =      58 | shape = torch.Size([128])
1.7.1.7.1.7.1.7.1.2.bias | nonzeros =       0 /     128             (  0.00%) | total_pruned =     128 | shape = torch.Size([128])
1.7.1.7.1.7.1.7.1.4.1.weight | nonzeros =    3045 /  409600             (  0.74%) | total_pruned =  406555 | shape = torch.Size([128, 128, 5, 5])
1.7.1.7.1.7.1.7.1.4.1.bias | nonzeros =       0 /     128             (  0.00%) | total_pruned =     128 | shape = torch.Size([128])
1.7.1.7.1.7.1.7.1.5.weight | nonzeros =      95 /     128             ( 74.22%) | total_pruned =      33 | shape = torch.Size([128])
1.7.1.7.1.7.1.7.1.5.bias | nonzeros =       0 /     128             (  0.00%) | total_pruned =     128 | shape = torch.Size([128])
1.7.1.7.1.7.1.7.1.7.1.1.1.weight | nonzeros =   10429 /  409600             (  2.55%) | total_pruned =  399171 | shape = torch.Size([128, 128, 5, 5])
1.7.1.7.1.7.1.7.1.7.1.1.1.bias | nonzeros =       0 /     128             (  0.00%) | total_pruned =     128 | shape = torch.Size([128])
1.7.1.7.1.7.1.7.1.7.1.2.weight | nonzeros =     102 /     128             ( 79.69%) | total_pruned =      26 | shape = torch.Size([128])
1.7.1.7.1.7.1.7.1.7.1.2.bias | nonzeros =       0 /     128             (  0.00%) | total_pruned =     128 | shape = torch.Size([128])
1.7.1.7.1.7.1.7.1.7.1.4.1.weight | nonzeros =   38256 /  409600             (  9.34%) | total_pruned =  371344 | shape = torch.Size([128, 128, 5, 5])
1.7.1.7.1.7.1.7.1.7.1.4.1.bias | nonzeros =       0 /     128             (  0.00%) | total_pruned =     128 | shape = torch.Size([128])
1.7.1.7.1.7.1.7.1.7.1.5.weight | nonzeros =      90 /     128             ( 70.31%) | total_pruned =      38 | shape = torch.Size([128])
1.7.1.7.1.7.1.7.1.7.1.5.bias | nonzeros =       0 /     128             (  0.00%) | total_pruned =     128 | shape = torch.Size([128])
1.7.1.7.1.7.1.7.1.7.2.weight | nonzeros =      90 /     128             ( 70.31%) | total_pruned =      38 | shape = torch.Size([128])
1.7.1.7.1.7.1.7.1.7.2.bias | nonzeros =       0 /     128             (  0.00%) | total_pruned =     128 | shape = torch.Size([128])
1.7.1.7.1.7.1.7.1.7.3.1.weight | nonzeros =   28593 /  147456             ( 19.39%) | total_pruned =  118863 | shape = torch.Size([128, 128, 3, 3])
1.7.1.7.1.7.1.7.1.7.3.1.bias | nonzeros =       0 /     128             (  0.00%) | total_pruned =     128 | shape = torch.Size([128])
1.7.1.7.1.7.1.7.1.7.4.weight | nonzeros =      79 /     128             ( 61.72%) | total_pruned =      49 | shape = torch.Size([128])
1.7.1.7.1.7.1.7.1.7.4.bias | nonzeros =       0 /     128             (  0.00%) | total_pruned =     128 | shape = torch.Size([128])
1.7.1.7.1.7.1.7.2.weight | nonzeros =      79 /     128             ( 61.72%) | total_pruned =      49 | shape = torch.Size([128])
1.7.1.7.1.7.1.7.2.bias | nonzeros =       0 /     128             (  0.00%) | total_pruned =     128 | shape = torch.Size([128])
1.7.1.7.1.7.1.7.3.1.weight | nonzeros =   29072 /  147456             ( 19.72%) | total_pruned =  118384 | shape = torch.Size([128, 128, 3, 3])
1.7.1.7.1.7.1.7.3.1.bias | nonzeros =       0 /     128             (  0.00%) | total_pruned =     128 | shape = torch.Size([128])
1.7.1.7.1.7.1.7.4.weight | nonzeros =      90 /     128             ( 70.31%) | total_pruned =      38 | shape = torch.Size([128])
1.7.1.7.1.7.1.7.4.bias | nonzeros =       0 /     128             (  0.00%) | total_pruned =     128 | shape = torch.Size([128])
1.7.1.7.1.7.2.weight | nonzeros =      90 /     128             ( 70.31%) | total_pruned =      38 | shape = torch.Size([128])
1.7.1.7.1.7.2.bias   | nonzeros =       0 /     128             (  0.00%) | total_pruned =     128 | shape = torch.Size([128])
1.7.1.7.1.7.3.1.weight | nonzeros =   26181 /  147456             ( 17.76%) | total_pruned =  121275 | shape = torch.Size([128, 128, 3, 3])
1.7.1.7.1.7.3.1.bias | nonzeros =       0 /     128             (  0.00%) | total_pruned =     128 | shape = torch.Size([128])
1.7.1.7.1.7.4.weight | nonzeros =      73 /     128             ( 57.03%) | total_pruned =      55 | shape = torch.Size([128])
1.7.1.7.1.7.4.bias   | nonzeros =       0 /     128             (  0.00%) | total_pruned =     128 | shape = torch.Size([128])
1.7.1.7.2.weight     | nonzeros =      73 /     128             ( 57.03%) | total_pruned =      55 | shape = torch.Size([128])
1.7.1.7.2.bias       | nonzeros =       0 /     128             (  0.00%) | total_pruned =     128 | shape = torch.Size([128])
1.7.1.7.3.1.weight   | nonzeros =   11768 /   73728             ( 15.96%) | total_pruned =   61960 | shape = torch.Size([64, 128, 3, 3])
1.7.1.7.3.1.bias     | nonzeros =       0 /      64             (  0.00%) | total_pruned =      64 | shape = torch.Size([64])
1.7.1.7.4.weight     | nonzeros =      40 /      64             ( 62.50%) | total_pruned =      24 | shape = torch.Size([64])
1.7.1.7.4.bias       | nonzeros =       0 /      64             (  0.00%) | total_pruned =      64 | shape = torch.Size([64])
1.7.2.weight         | nonzeros =      40 /      64             ( 62.50%) | total_pruned =      24 | shape = torch.Size([64])
1.7.2.bias           | nonzeros =       0 /      64             (  0.00%) | total_pruned =      64 | shape = torch.Size([64])
1.7.3.1.weight       | nonzeros =    3731 /   18432             ( 20.24%) | total_pruned =   14701 | shape = torch.Size([32, 64, 3, 3])
1.7.3.1.bias         | nonzeros =       0 /      32             (  0.00%) | total_pruned =      32 | shape = torch.Size([32])
1.7.4.weight         | nonzeros =      23 /      32             ( 71.88%) | total_pruned =       9 | shape = torch.Size([32])
1.7.4.bias           | nonzeros =       0 /      32             (  0.00%) | total_pruned =      32 | shape = torch.Size([32])
2.weight             | nonzeros =      23 /      32             ( 71.88%) | total_pruned =       9 | shape = torch.Size([32])
2.bias               | nonzeros =       0 /      32             (  0.00%) | total_pruned =      32 | shape = torch.Size([32])
3.1.weight           | nonzeros =    1469 /    4608             ( 31.88%) | total_pruned =    3139 | shape = torch.Size([16, 32, 3, 3])
3.1.bias             | nonzeros =       0 /      16             (  0.00%) | total_pruned =      16 | shape = torch.Size([16])
4.weight             | nonzeros =      16 /      16             (100.00%) | total_pruned =       0 | shape = torch.Size([16])
4.bias               | nonzeros =       0 /      16             (  0.00%) | total_pruned =      16 | shape = torch.Size([16])
6.1.weight           | nonzeros =      33 /      48             ( 68.75%) | total_pruned =      15 | shape = torch.Size([3, 16, 1, 1])
6.1.bias             | nonzeros =       1 /       3             ( 33.33%) | total_pruned =       2 | shape = torch.Size([3])
alive: 156559, pruned : 2852308, total: 3008867, Compression rate :      19.22x  ( 94.80% pruned)
Initial PSNR of output image is:  10.971568994058284
epoch:  0 loss:  0.04003758728504181 PSNR:  10.971568994058284
epoch:  200 loss:  0.006301830522716045 PSNR:  18.904666249911866
epoch:  400 loss:  0.0023441831581294537 PSNR:  23.03062880985156
epoch:  600 loss:  0.0016067171236500144 PSNR:  24.4849988873858
epoch:  800 loss:  0.001032380503602326 PSNR:  26.195333236790166
epoch:  1000 loss:  0.0008131618378683925 PSNR:  27.059878868233397
epoch:  1200 loss:  0.0007515153847634792 PSNR:  27.290181085718366
epoch:  1400 loss:  0.0006316795479506254 PSNR:  27.886748054419307
epoch:  1600 loss:  0.0005635654088109732 PSNR:  28.24990079904392
epoch:  1800 loss:  0.00048344884999096394 PSNR:  28.750040142792148
epoch:  2000 loss:  0.00045467884046956897 PSNR:  28.926153335385102
epoch:  2200 loss:  0.0004414203576743603 PSNR:  28.99459137566737
epoch:  2400 loss:  0.00045438643428497016 PSNR:  28.93987360078912
epoch:  2600 loss:  0.0003758783859666437 PSNR:  29.472743159272824
epoch:  2800 loss:  0.00037406495539471507 PSNR:  29.486762601675238
epoch:  3000 loss:  0.0003464294131845236 PSNR:  29.682644951927596
epoch:  3200 loss:  0.00032719678711146116 PSNR:  29.83134166954986
epoch:  3400 loss:  0.00029067916329950094 PSNR:  30.128495574712844
epoch:  3600 loss:  0.000328447058564052 PSNR:  29.82679494514307
epoch:  3800 loss:  0.00028474730788730085 PSNR:  30.172709116661764
epoch:  4000 loss:  0.0003312273183837533 PSNR:  29.764375424665182
epoch:  4200 loss:  0.0003482341708149761 PSNR:  29.626044739882204
epoch:  4400 loss:  0.00030412228079512715 PSNR:  29.993119680224694
epoch:  4600 loss:  0.0002815641928464174 PSNR:  30.1213908275938
epoch:  4800 loss:  0.0002629225782584399 PSNR:  30.324638900184752
epoch:  5000 loss:  0.0002993945381604135 PSNR:  30.059023710019442
epoch:  5200 loss:  0.0002349498972762376 PSNR:  30.61430489513811
epoch:  5400 loss:  0.0002275433944305405 PSNR:  30.701165948688068
epoch:  5600 loss:  0.00029109243769198656 PSNR:  30.1016811353167
epoch:  5800 loss:  0.00025339797139167786 PSNR:  30.39640974104787
epoch:  6000 loss:  0.0002507604658603668 PSNR:  30.411054733043862
epoch:  6200 loss:  0.00020367768593132496 PSNR:  30.8641229347717
epoch:  6400 loss:  0.00019594241166487336 PSNR:  30.92718599747975
epoch:  6600 loss:  0.00019569187134038657 PSNR:  30.922518266800093
epoch:  6800 loss:  0.00019320083083584905 PSNR:  30.967609650875968
epoch:  7000 loss:  0.00022480671759694815 PSNR:  30.655843167926374
epoch:  7200 loss:  0.0001927754346979782 PSNR:  30.971239392487078
epoch:  7400 loss:  0.00021142663899809122 PSNR:  30.757911740077745
epoch:  7600 loss:  0.0002237944572698325 PSNR:  30.601469334078608
epoch:  7800 loss:  0.0002231955004390329 PSNR:  30.67590058981169
epoch:  8000 loss:  0.00017706112703308463 PSNR:  31.087115477595134
epoch:  8200 loss:  0.00020769151160493493 PSNR:  30.761607091401032
epoch:  8400 loss:  0.00018765863205771893 PSNR:  30.973855344148976
epoch:  8600 loss:  0.00017014198238030076 PSNR:  31.145034362955354
epoch:  8800 loss:  0.00017754340660758317 PSNR:  31.049810219049622
epoch:  9000 loss:  0.00017557491082698107 PSNR:  31.081302129075294
epoch:  9200 loss:  0.00019752599473576993 PSNR:  30.88791475443344
epoch:  9400 loss:  0.00018279452342540026 PSNR:  30.998096078199005
epoch:  9600 loss:  0.00021351416944526136 PSNR:  30.695004021207573
epoch:  9800 loss:  0.00017413502791896462 PSNR:  31.08369064351813
epoch:  10000 loss:  0.0001645179436309263 PSNR:  31.18204307891974
epoch:  10200 loss:  0.0002058674581348896 PSNR:  30.76647317536338
epoch:  10400 loss:  0.00017902613035403192 PSNR:  31.034405459423073
epoch:  10600 loss:  0.00018192832067143172 PSNR:  30.954216692934278
epoch:  10800 loss:  0.00016382389003410935 PSNR:  31.170226323799998
epoch:  11000 loss:  0.00016265056910924613 PSNR:  31.183226358754617
epoch:  11200 loss:  0.00018777046352624893 PSNR:  30.92419454425422
epoch:  11400 loss:  0.0001829032989917323 PSNR:  30.91823155399524
epoch:  11600 loss:  0.0001511743466835469 PSNR:  31.28327850350173
epoch:  11800 loss:  0.00020465135457925498 PSNR:  30.691293450057003
epoch:  12000 loss:  0.0002059984690276906 PSNR:  30.661890860887326
epoch:  12200 loss:  0.00020447440329007804 PSNR:  30.747861200330707
epoch:  12400 loss:  0.00020194528042338789 PSNR:  30.711045159486638
epoch:  12600 loss:  0.00016691772907506675 PSNR:  31.087954246555345
epoch:  12800 loss:  0.00015468464698642492 PSNR:  31.246534405023297
epoch:  13000 loss:  0.0001674136583460495 PSNR:  31.099098965513143
epoch:  13200 loss:  0.00014888131408952177 PSNR:  31.264703541330455
epoch:  13400 loss:  0.00017480642418377101 PSNR:  31.027224681754305
epoch:  13600 loss:  0.0001625641598366201 PSNR:  31.11257855322038
epoch:  13800 loss:  0.00014420213119592518 PSNR:  31.295962287667884
epoch:  14000 loss:  0.00015092550893314183 PSNR:  31.26074649387551
epoch:  14200 loss:  0.0001841914199758321 PSNR:  30.892999041494345
epoch:  14400 loss:  0.0001548828004160896 PSNR:  31.181534682935016
epoch:  14600 loss:  0.00014353611913975328 PSNR:  31.337855762309886
epoch:  14800 loss:  0.000142607357702218 PSNR:  31.356882026627567
epoch:  15000 loss:  0.00015399427502416074 PSNR:  31.19842553486276
epoch:  15200 loss:  0.00015590574184898287 PSNR:  31.166257174126592
epoch:  15400 loss:  0.00015838906983844936 PSNR:  31.197441595567273
epoch:  15600 loss:  0.00016151051386259496 PSNR:  31.071035201785783
epoch:  15800 loss:  0.00013643005513586104 PSNR:  31.394393892634113
epoch:  16000 loss:  0.0001440026971977204 PSNR:  31.298851627060426
epoch:  16200 loss:  0.00015734569751657546 PSNR:  31.205802183059138
epoch:  16400 loss:  0.00013667628809344023 PSNR:  31.36630375904971
epoch:  16600 loss:  0.00014318444300442934 PSNR:  31.306631516133912
epoch:  16800 loss:  0.00015308993170037866 PSNR:  31.16453870978355
epoch:  17000 loss:  0.00014835887122899294 PSNR:  31.228327588915057
epoch:  17200 loss:  0.0001344826741842553 PSNR:  31.396594884666968
epoch:  17400 loss:  0.0001759865990607068 PSNR:  30.95500781831695
epoch:  17600 loss:  0.0001362227922072634 PSNR:  31.36593501416449
epoch:  17800 loss:  0.00016427587252110243 PSNR:  31.00955925025243
epoch:  18000 loss:  0.00013330363435670733 PSNR:  31.404521277387705
epoch:  18200 loss:  0.00012785138096660376 PSNR:  31.439287607496638
epoch:  18400 loss:  0.0001514183240942657 PSNR:  31.180357503469157
epoch:  18600 loss:  0.00014675619604531676 PSNR:  31.266837055102368
epoch:  18800 loss:  0.00012896645057480782 PSNR:  31.43573403752979
epoch:  19000 loss:  0.00013122915697749704 PSNR:  31.420127662410934
epoch:  19200 loss:  0.00013751498772762716 PSNR:  31.37148923759133
epoch:  19400 loss:  0.00013280459097586572 PSNR:  31.401546137327664
epoch:  19600 loss:  0.00014758776524104178 PSNR:  31.233853563007127
epoch:  19800 loss:  0.00014174854732118547 PSNR:  31.25225932822554
epoch:  20000 loss:  0.00013657337694894522 PSNR:  31.331966119804093
epoch:  20200 loss:  0.00013318739365786314 PSNR:  31.351715674914363
epoch:  20400 loss:  0.0001341910392511636 PSNR:  31.334220930220305
epoch:  20600 loss:  0.00014695938443765044 PSNR:  31.188544974068027
epoch:  20800 loss:  0.00012426174362190068 PSNR:  31.464156518061046
epoch:  21000 loss:  0.0001253736554645002 PSNR:  31.473511743625178
epoch:  21200 loss:  0.0001229768240591511 PSNR:  31.48635531230216
epoch:  21400 loss:  0.00013565318658947945 PSNR:  31.348092330984198
epoch:  21600 loss:  0.0001320578739978373 PSNR:  31.392756247417218
epoch:  21800 loss:  0.00013238737301435322 PSNR:  31.38715946772532
epoch:  22000 loss:  0.00017555698286741972 PSNR:  30.93155987937139
epoch:  22200 loss:  0.00013198165106587112 PSNR:  31.378082659788117
epoch:  22400 loss:  0.0001242448197444901 PSNR:  31.439369300580182
epoch:  22600 loss:  0.00013840703468304127 PSNR:  31.294302077003753
epoch:  22800 loss:  0.00012030431389575824 PSNR:  31.50105421304174
epoch:  23000 loss:  0.00012345207505859435 PSNR:  31.434373356618927
epoch:  23200 loss:  0.00012143828644184396 PSNR:  31.4799140296834
epoch:  23400 loss:  0.00012036013504257426 PSNR:  31.486102232820294
epoch:  23600 loss:  0.0001289143692702055 PSNR:  31.402359558858798
epoch:  23800 loss:  0.00011849112343043089 PSNR:  31.503030861230815
epoch:  24000 loss:  0.0001331643434241414 PSNR:  31.375603010945436
epoch:  24200 loss:  0.00012442620936781168 PSNR:  31.47409596127661
epoch:  24400 loss:  0.00013403120101429522 PSNR:  31.337373854377933
epoch:  24600 loss:  0.00011582282604649663 PSNR:  31.533709121078694
epoch:  24800 loss:  0.00012520930613391101 PSNR:  31.41692987050671
epoch:  25000 loss:  0.00011538875696714967 PSNR:  31.54898075258871
epoch:  25200 loss:  0.00012183106446173042 PSNR:  31.457162139475855
epoch:  25400 loss:  0.00012718519428744912 PSNR:  31.3988800208538
epoch:  25600 loss:  0.00011874899792019278 PSNR:  31.499756823458064
epoch:  25800 loss:  0.0001255905081052333 PSNR:  31.40089132150448
epoch:  26000 loss:  0.00013434648280963302 PSNR:  31.315104915125758
epoch:  26200 loss:  0.00013818166917189956 PSNR:  31.27000644201848
epoch:  26400 loss:  0.00011601546430028975 PSNR:  31.49936907455423
epoch:  26600 loss:  0.00013229837350081652 PSNR:  31.330962449446645
epoch:  26800 loss:  0.00011819286009995267 PSNR:  31.50844955230307
epoch:  27000 loss:  0.00013181542453821748 PSNR:  31.39289838448548
epoch:  27200 loss:  0.00012785775470547378 PSNR:  31.362934629512537
epoch:  27400 loss:  0.00012258521746844053 PSNR:  31.44820615072566
epoch:  27600 loss:  0.000114426038635429 PSNR:  31.507459345311467
epoch:  27800 loss:  0.00013999575458001345 PSNR:  31.266035088262388
epoch:  28000 loss:  0.00013463254435919225 PSNR:  31.315405373621765
epoch:  28200 loss:  0.00012140606850152835 PSNR:  31.43723838859167
epoch:  28400 loss:  0.00011731334234355018 PSNR:  31.501255659230996
epoch:  28600 loss:  0.00011602477025007829 PSNR:  31.518104087884772
epoch:  28800 loss:  0.00014566245954483747 PSNR:  31.15170777792364
epoch:  29000 loss:  0.00011859307414852083 PSNR:  31.498068262082196
epoch:  29200 loss:  0.00011212409299332649 PSNR:  31.524939879169306
epoch:  29400 loss:  0.00013459495676215738 PSNR:  31.297850126176638
epoch:  29600 loss:  0.00013553575263358653 PSNR:  31.274356009813083
epoch:  29800 loss:  0.00012957426952198148 PSNR:  31.35665676407867
epoch:  30000 loss:  0.00012427715410012752 PSNR:  31.41295492603758
epoch:  30200 loss:  0.00013972021406516433 PSNR:  31.2277852383216
epoch:  30400 loss:  0.00011946266749873757 PSNR:  31.44813452359889
epoch:  30600 loss:  0.00012848523329012096 PSNR:  31.371249003517875
epoch:  30800 loss:  0.0001179854734800756 PSNR:  31.48359430418075
epoch:  31000 loss:  0.00013657566159963608 PSNR:  31.281145048123044
epoch:  31200 loss:  0.00011109803745057434 PSNR:  31.539875765197436
epoch:  31400 loss:  0.0001347204961348325 PSNR:  31.274218038889856
epoch:  31600 loss:  0.00012007223995169625 PSNR:  31.421798459335193
epoch:  31800 loss:  0.00012092480028513819 PSNR:  31.42110236193712
epoch:  32000 loss:  0.00011962115240748972 PSNR:  31.45847480558272
epoch:  32200 loss:  0.00011386500409571454 PSNR:  31.507426079993543
epoch:  32400 loss:  0.00012569542741402984 PSNR:  31.345826862795597
epoch:  32600 loss:  0.00012262273230589926 PSNR:  31.43500474678932
epoch:  32800 loss:  0.00012016243999823928 PSNR:  31.435338242264166
epoch:  33000 loss:  0.00011610052024479955 PSNR:  31.497233148809684
epoch:  33200 loss:  0.00011139123671455309 PSNR:  31.54655933460369
epoch:  33400 loss:  0.00011107938917120919 PSNR:  31.549301447105456
epoch:  33600 loss:  0.0001194647338707 PSNR:  31.44445243450871
epoch:  33800 loss:  0.0001234780647791922 PSNR:  31.37239794870212
epoch:  34000 loss:  0.00011425232514739037 PSNR:  31.50703585749435
epoch:  34200 loss:  0.00012031343067064881 PSNR:  31.424679068773365
epoch:  34400 loss:  0.0001184582943096757 PSNR:  31.455106591534303
epoch:  34600 loss:  0.00012071861419826746 PSNR:  31.424217607728416
epoch:  34800 loss:  0.00010752441448858008 PSNR:  31.565709011962007
epoch:  35000 loss:  0.0001186301524285227 PSNR:  31.432596459657294
epoch:  35200 loss:  0.00011028935841750354 PSNR:  31.538172977082063
epoch:  35400 loss:  0.0001352946273982525 PSNR:  31.27450381645129
epoch:  35600 loss:  0.0001105531700886786 PSNR:  31.52371180909735
epoch:  35800 loss:  0.0001269649073947221 PSNR:  31.352121523129377
epoch:  36000 loss:  0.00010724015010055155 PSNR:  31.587073103227056
epoch:  36200 loss:  0.00011493271449580789 PSNR:  31.508482109906893
epoch:  36400 loss:  0.00011433415784267709 PSNR:  31.485568002340525
epoch:  36600 loss:  0.00011141943832626566 PSNR:  31.5039367832253
epoch:  36800 loss:  0.00012450315989553928 PSNR:  31.37933412873838
epoch:  37000 loss:  0.00010822276817634702 PSNR:  31.575404260658516
epoch:  37200 loss:  0.00011327999527566135 PSNR:  31.518380913331253
epoch:  37400 loss:  0.00011827425623778254 PSNR:  31.468885854566384
epoch:  37600 loss:  0.00011027627624571323 PSNR:  31.55120407145082
epoch:  37800 loss:  0.00010809458035510033 PSNR:  31.564453051987424
epoch:  38000 loss:  0.00012356204388197511 PSNR:  31.38138747170075
epoch:  38200 loss:  0.00012766235158778727 PSNR:  31.320777779946596
epoch:  38400 loss:  0.00010844708594959229 PSNR:  31.568618869751674
epoch:  38600 loss:  0.00010464608203619719 PSNR:  31.585073134473728
epoch:  38800 loss:  0.00012238608906045556 PSNR:  31.404012705286224
epoch:  39000 loss:  0.00010866301454370841 PSNR:  31.53743132363454
epoch:  39200 loss:  0.00011202660243725404 PSNR:  31.516477198550177
epoch:  39400 loss:  0.00011489610187709332 PSNR:  31.483952186105043
epoch:  39600 loss:  0.00012166608212282881 PSNR:  31.404450367127524
epoch:  39800 loss:  0.0001266533217858523 PSNR:  31.344153684734284
PSNR of output image is:  31.344153684734284
(3, 512, 512) (1, 3, 512, 512)
Experiment done
