Processing image: barbara
(3, 512, 512)
(3, 512, 512)
Starting optimization with optimizer 'SAM'
Output directory where image taken from: data/denoising/Set14/mask/10/SAM(sigma=0.1,lr=0.01,decay=0,beta=0)/det/-1.3/1e-09
Output directory where results stored: data/inpainting/Set14/transfer/0.5/12/10
1.1.1.weight         | nonzeros =    1251 /   12800             (  9.77%) | total_pruned =   11549 | shape = torch.Size([16, 32, 5, 5])
1.1.1.bias           | nonzeros =       0 /      16             (  0.00%) | total_pruned =      16 | shape = torch.Size([16])
1.2.weight           | nonzeros =       7 /      16             ( 43.75%) | total_pruned =       9 | shape = torch.Size([16])
1.2.bias             | nonzeros =       0 /      16             (  0.00%) | total_pruned =      16 | shape = torch.Size([16])
1.4.1.weight         | nonzeros =     124 /    6400             (  1.94%) | total_pruned =    6276 | shape = torch.Size([16, 16, 5, 5])
1.4.1.bias           | nonzeros =       0 /      16             (  0.00%) | total_pruned =      16 | shape = torch.Size([16])
1.5.weight           | nonzeros =       6 /      16             ( 37.50%) | total_pruned =      10 | shape = torch.Size([16])
1.5.bias             | nonzeros =       0 /      16             (  0.00%) | total_pruned =      16 | shape = torch.Size([16])
1.7.1.1.1.weight     | nonzeros =     107 /   12800             (  0.84%) | total_pruned =   12693 | shape = torch.Size([32, 16, 5, 5])
1.7.1.1.1.bias       | nonzeros =       0 /      32             (  0.00%) | total_pruned =      32 | shape = torch.Size([32])
1.7.1.2.weight       | nonzeros =      14 /      32             ( 43.75%) | total_pruned =      18 | shape = torch.Size([32])
1.7.1.2.bias         | nonzeros =       0 /      32             (  0.00%) | total_pruned =      32 | shape = torch.Size([32])
1.7.1.4.1.weight     | nonzeros =     179 /   25600             (  0.70%) | total_pruned =   25421 | shape = torch.Size([32, 32, 5, 5])
1.7.1.4.1.bias       | nonzeros =       0 /      32             (  0.00%) | total_pruned =      32 | shape = torch.Size([32])
1.7.1.5.weight       | nonzeros =      15 /      32             ( 46.88%) | total_pruned =      17 | shape = torch.Size([32])
1.7.1.5.bias         | nonzeros =       0 /      32             (  0.00%) | total_pruned =      32 | shape = torch.Size([32])
1.7.1.7.1.1.1.weight | nonzeros =     118 /   51200             (  0.23%) | total_pruned =   51082 | shape = torch.Size([64, 32, 5, 5])
1.7.1.7.1.1.1.bias   | nonzeros =       0 /      64             (  0.00%) | total_pruned =      64 | shape = torch.Size([64])
1.7.1.7.1.2.weight   | nonzeros =      27 /      64             ( 42.19%) | total_pruned =      37 | shape = torch.Size([64])
1.7.1.7.1.2.bias     | nonzeros =       0 /      64             (  0.00%) | total_pruned =      64 | shape = torch.Size([64])
1.7.1.7.1.4.1.weight | nonzeros =     180 /  102400             (  0.18%) | total_pruned =  102220 | shape = torch.Size([64, 64, 5, 5])
1.7.1.7.1.4.1.bias   | nonzeros =       0 /      64             (  0.00%) | total_pruned =      64 | shape = torch.Size([64])
1.7.1.7.1.5.weight   | nonzeros =      31 /      64             ( 48.44%) | total_pruned =      33 | shape = torch.Size([64])
1.7.1.7.1.5.bias     | nonzeros =       0 /      64             (  0.00%) | total_pruned =      64 | shape = torch.Size([64])
1.7.1.7.1.7.1.1.1.weight | nonzeros =      25 /  204800             (  0.01%) | total_pruned =  204775 | shape = torch.Size([128, 64, 5, 5])
1.7.1.7.1.7.1.1.1.bias | nonzeros =       0 /     128             (  0.00%) | total_pruned =     128 | shape = torch.Size([128])
1.7.1.7.1.7.1.2.weight | nonzeros =      60 /     128             ( 46.88%) | total_pruned =      68 | shape = torch.Size([128])
1.7.1.7.1.7.1.2.bias | nonzeros =       0 /     128             (  0.00%) | total_pruned =     128 | shape = torch.Size([128])
1.7.1.7.1.7.1.4.1.weight | nonzeros =     296 /  409600             (  0.07%) | total_pruned =  409304 | shape = torch.Size([128, 128, 5, 5])
1.7.1.7.1.7.1.4.1.bias | nonzeros =       0 /     128             (  0.00%) | total_pruned =     128 | shape = torch.Size([128])
1.7.1.7.1.7.1.5.weight | nonzeros =      68 /     128             ( 53.12%) | total_pruned =      60 | shape = torch.Size([128])
1.7.1.7.1.7.1.5.bias | nonzeros =       0 /     128             (  0.00%) | total_pruned =     128 | shape = torch.Size([128])
1.7.1.7.1.7.1.7.1.1.1.weight | nonzeros =     400 /  409600             (  0.10%) | total_pruned =  409200 | shape = torch.Size([128, 128, 5, 5])
1.7.1.7.1.7.1.7.1.1.1.bias | nonzeros =       0 /     128             (  0.00%) | total_pruned =     128 | shape = torch.Size([128])
1.7.1.7.1.7.1.7.1.2.weight | nonzeros =      70 /     128             ( 54.69%) | total_pruned =      58 | shape = torch.Size([128])
1.7.1.7.1.7.1.7.1.2.bias | nonzeros =       0 /     128             (  0.00%) | total_pruned =     128 | shape = torch.Size([128])
1.7.1.7.1.7.1.7.1.4.1.weight | nonzeros =    3045 /  409600             (  0.74%) | total_pruned =  406555 | shape = torch.Size([128, 128, 5, 5])
1.7.1.7.1.7.1.7.1.4.1.bias | nonzeros =       0 /     128             (  0.00%) | total_pruned =     128 | shape = torch.Size([128])
1.7.1.7.1.7.1.7.1.5.weight | nonzeros =      95 /     128             ( 74.22%) | total_pruned =      33 | shape = torch.Size([128])
1.7.1.7.1.7.1.7.1.5.bias | nonzeros =       0 /     128             (  0.00%) | total_pruned =     128 | shape = torch.Size([128])
1.7.1.7.1.7.1.7.1.7.1.1.1.weight | nonzeros =   10429 /  409600             (  2.55%) | total_pruned =  399171 | shape = torch.Size([128, 128, 5, 5])
1.7.1.7.1.7.1.7.1.7.1.1.1.bias | nonzeros =       0 /     128             (  0.00%) | total_pruned =     128 | shape = torch.Size([128])
1.7.1.7.1.7.1.7.1.7.1.2.weight | nonzeros =     102 /     128             ( 79.69%) | total_pruned =      26 | shape = torch.Size([128])
1.7.1.7.1.7.1.7.1.7.1.2.bias | nonzeros =       0 /     128             (  0.00%) | total_pruned =     128 | shape = torch.Size([128])
1.7.1.7.1.7.1.7.1.7.1.4.1.weight | nonzeros =   38256 /  409600             (  9.34%) | total_pruned =  371344 | shape = torch.Size([128, 128, 5, 5])
1.7.1.7.1.7.1.7.1.7.1.4.1.bias | nonzeros =       0 /     128             (  0.00%) | total_pruned =     128 | shape = torch.Size([128])
1.7.1.7.1.7.1.7.1.7.1.5.weight | nonzeros =      90 /     128             ( 70.31%) | total_pruned =      38 | shape = torch.Size([128])
1.7.1.7.1.7.1.7.1.7.1.5.bias | nonzeros =       0 /     128             (  0.00%) | total_pruned =     128 | shape = torch.Size([128])
1.7.1.7.1.7.1.7.1.7.2.weight | nonzeros =      90 /     128             ( 70.31%) | total_pruned =      38 | shape = torch.Size([128])
1.7.1.7.1.7.1.7.1.7.2.bias | nonzeros =       0 /     128             (  0.00%) | total_pruned =     128 | shape = torch.Size([128])
1.7.1.7.1.7.1.7.1.7.3.1.weight | nonzeros =   28593 /  147456             ( 19.39%) | total_pruned =  118863 | shape = torch.Size([128, 128, 3, 3])
1.7.1.7.1.7.1.7.1.7.3.1.bias | nonzeros =       0 /     128             (  0.00%) | total_pruned =     128 | shape = torch.Size([128])
1.7.1.7.1.7.1.7.1.7.4.weight | nonzeros =      79 /     128             ( 61.72%) | total_pruned =      49 | shape = torch.Size([128])
1.7.1.7.1.7.1.7.1.7.4.bias | nonzeros =       0 /     128             (  0.00%) | total_pruned =     128 | shape = torch.Size([128])
1.7.1.7.1.7.1.7.2.weight | nonzeros =      79 /     128             ( 61.72%) | total_pruned =      49 | shape = torch.Size([128])
1.7.1.7.1.7.1.7.2.bias | nonzeros =       0 /     128             (  0.00%) | total_pruned =     128 | shape = torch.Size([128])
1.7.1.7.1.7.1.7.3.1.weight | nonzeros =   29072 /  147456             ( 19.72%) | total_pruned =  118384 | shape = torch.Size([128, 128, 3, 3])
1.7.1.7.1.7.1.7.3.1.bias | nonzeros =       0 /     128             (  0.00%) | total_pruned =     128 | shape = torch.Size([128])
1.7.1.7.1.7.1.7.4.weight | nonzeros =      90 /     128             ( 70.31%) | total_pruned =      38 | shape = torch.Size([128])
1.7.1.7.1.7.1.7.4.bias | nonzeros =       0 /     128             (  0.00%) | total_pruned =     128 | shape = torch.Size([128])
1.7.1.7.1.7.2.weight | nonzeros =      90 /     128             ( 70.31%) | total_pruned =      38 | shape = torch.Size([128])
1.7.1.7.1.7.2.bias   | nonzeros =       0 /     128             (  0.00%) | total_pruned =     128 | shape = torch.Size([128])
1.7.1.7.1.7.3.1.weight | nonzeros =   26181 /  147456             ( 17.76%) | total_pruned =  121275 | shape = torch.Size([128, 128, 3, 3])
1.7.1.7.1.7.3.1.bias | nonzeros =       0 /     128             (  0.00%) | total_pruned =     128 | shape = torch.Size([128])
1.7.1.7.1.7.4.weight | nonzeros =      73 /     128             ( 57.03%) | total_pruned =      55 | shape = torch.Size([128])
1.7.1.7.1.7.4.bias   | nonzeros =       0 /     128             (  0.00%) | total_pruned =     128 | shape = torch.Size([128])
1.7.1.7.2.weight     | nonzeros =      73 /     128             ( 57.03%) | total_pruned =      55 | shape = torch.Size([128])
1.7.1.7.2.bias       | nonzeros =       0 /     128             (  0.00%) | total_pruned =     128 | shape = torch.Size([128])
1.7.1.7.3.1.weight   | nonzeros =   11768 /   73728             ( 15.96%) | total_pruned =   61960 | shape = torch.Size([64, 128, 3, 3])
1.7.1.7.3.1.bias     | nonzeros =       0 /      64             (  0.00%) | total_pruned =      64 | shape = torch.Size([64])
1.7.1.7.4.weight     | nonzeros =      40 /      64             ( 62.50%) | total_pruned =      24 | shape = torch.Size([64])
1.7.1.7.4.bias       | nonzeros =       0 /      64             (  0.00%) | total_pruned =      64 | shape = torch.Size([64])
1.7.2.weight         | nonzeros =      40 /      64             ( 62.50%) | total_pruned =      24 | shape = torch.Size([64])
1.7.2.bias           | nonzeros =       0 /      64             (  0.00%) | total_pruned =      64 | shape = torch.Size([64])
1.7.3.1.weight       | nonzeros =    3731 /   18432             ( 20.24%) | total_pruned =   14701 | shape = torch.Size([32, 64, 3, 3])
1.7.3.1.bias         | nonzeros =       0 /      32             (  0.00%) | total_pruned =      32 | shape = torch.Size([32])
1.7.4.weight         | nonzeros =      23 /      32             ( 71.88%) | total_pruned =       9 | shape = torch.Size([32])
1.7.4.bias           | nonzeros =       0 /      32             (  0.00%) | total_pruned =      32 | shape = torch.Size([32])
2.weight             | nonzeros =      23 /      32             ( 71.88%) | total_pruned =       9 | shape = torch.Size([32])
2.bias               | nonzeros =       0 /      32             (  0.00%) | total_pruned =      32 | shape = torch.Size([32])
3.1.weight           | nonzeros =    1469 /    4608             ( 31.88%) | total_pruned =    3139 | shape = torch.Size([16, 32, 3, 3])
3.1.bias             | nonzeros =       0 /      16             (  0.00%) | total_pruned =      16 | shape = torch.Size([16])
4.weight             | nonzeros =      16 /      16             (100.00%) | total_pruned =       0 | shape = torch.Size([16])
4.bias               | nonzeros =       0 /      16             (  0.00%) | total_pruned =      16 | shape = torch.Size([16])
6.1.weight           | nonzeros =      33 /      48             ( 68.75%) | total_pruned =      15 | shape = torch.Size([3, 16, 1, 1])
6.1.bias             | nonzeros =       1 /       3             ( 33.33%) | total_pruned =       2 | shape = torch.Size([3])
alive: 156559, pruned : 2852308, total: 3008867, Compression rate :      19.22x  ( 94.80% pruned)
Initial PSNR of output image is:  11.385052910963836
epoch:  0 loss:  0.03543941676616669 PSNR:  11.385052910963836
epoch:  200 loss:  0.0036670872941613197 PSNR:  21.197857963044772
epoch:  400 loss:  0.0024913055822253227 PSNR:  22.78619560148315
epoch:  600 loss:  0.0020470446906983852 PSNR:  23.52747789857078
epoch:  800 loss:  0.0018205929081887007 PSNR:  23.91288019963721
epoch:  1000 loss:  0.0014854955952614546 PSNR:  24.586600891979696
epoch:  1200 loss:  0.0011700165923684835 PSNR:  25.326140706778272
epoch:  1400 loss:  0.0010856922017410398 PSNR:  25.437501778103208
epoch:  1600 loss:  0.0009006364271044731 PSNR:  25.87927309271138
epoch:  1800 loss:  0.0008363737724721432 PSNR:  25.952445730501097
epoch:  2000 loss:  0.0007449969998560846 PSNR:  26.18732088069261
epoch:  2200 loss:  0.0007142669055610895 PSNR:  26.232120932513894
epoch:  2400 loss:  0.0005977977998554707 PSNR:  26.4867186647003
epoch:  2600 loss:  0.0006092473631724715 PSNR:  26.471579263892284
epoch:  2800 loss:  0.000501320930197835 PSNR:  26.741358812065013
epoch:  3000 loss:  0.0004731569206342101 PSNR:  26.841494998296156
epoch:  3200 loss:  0.00047559873200953007 PSNR:  26.763622128970773
epoch:  3400 loss:  0.0004647706518881023 PSNR:  26.790669240666762
epoch:  3600 loss:  0.0004118437063880265 PSNR:  26.9085935841411
epoch:  3800 loss:  0.0004321610031183809 PSNR:  26.822337795901056
epoch:  4000 loss:  0.000374395604012534 PSNR:  26.998679630941538
epoch:  4200 loss:  0.0003531167167238891 PSNR:  27.039738136872558
epoch:  4400 loss:  0.0003493858966976404 PSNR:  27.038861561698543
epoch:  4600 loss:  0.00031312351347878575 PSNR:  27.142814927864585
epoch:  4800 loss:  0.0003133104182779789 PSNR:  27.14968007593757
epoch:  5000 loss:  0.00034007540671154857 PSNR:  27.001812292807912
epoch:  5200 loss:  0.0003876484406646341 PSNR:  26.90859510849013
epoch:  5400 loss:  0.0002831101883202791 PSNR:  27.208819338253825
epoch:  5600 loss:  0.00028913223650306463 PSNR:  27.216602366024336
epoch:  5800 loss:  0.00028036764706484973 PSNR:  27.150334337998466
epoch:  6000 loss:  0.0002984275051858276 PSNR:  27.161094909670354
epoch:  6200 loss:  0.00028574641328305006 PSNR:  27.12543378188446
epoch:  6400 loss:  0.0002748779079411179 PSNR:  27.169618570079905
epoch:  6600 loss:  0.00029324484057724476 PSNR:  27.09577356245303
epoch:  6800 loss:  0.00024518760619685054 PSNR:  27.24773873666812
epoch:  7000 loss:  0.0002755445020738989 PSNR:  27.194170210387224
epoch:  7200 loss:  0.00024171909899450839 PSNR:  27.280759262809795
epoch:  7400 loss:  0.0002461092662997544 PSNR:  27.205440220071743
epoch:  7600 loss:  0.0002453738125041127 PSNR:  27.164532117144354
epoch:  7800 loss:  0.00023036313359625638 PSNR:  27.284626626816078
epoch:  8000 loss:  0.00023133752983994782 PSNR:  27.314786200944987
epoch:  8200 loss:  0.0002443147823214531 PSNR:  27.300699494008004
epoch:  8400 loss:  0.0002219722227891907 PSNR:  27.306653850669957
epoch:  8600 loss:  0.00021883044973947108 PSNR:  27.29898557196442
epoch:  8800 loss:  0.00021562352776527405 PSNR:  27.325119694512363
epoch:  9000 loss:  0.00023007408890407532 PSNR:  27.19881208643786
epoch:  9200 loss:  0.00023679048172198236 PSNR:  27.262233451086306
epoch:  9400 loss:  0.00022250802430789918 PSNR:  27.309638969309354
epoch:  9600 loss:  0.00020955328363925219 PSNR:  27.295001267705597
epoch:  9800 loss:  0.00022224713757168502 PSNR:  27.190203072151906
epoch:  10000 loss:  0.00020928645972162485 PSNR:  27.30081489181326
epoch:  10200 loss:  0.0002312111755600199 PSNR:  27.18784100003557
epoch:  10400 loss:  0.00022078954498283565 PSNR:  27.231850747600788
epoch:  10600 loss:  0.00028883619233965874 PSNR:  26.946740284906703
epoch:  10800 loss:  0.00023428010172210634 PSNR:  27.17163522412178
epoch:  11000 loss:  0.00020428176503628492 PSNR:  27.236819418760806
epoch:  11200 loss:  0.00022790697403252125 PSNR:  27.184908084656882
epoch:  11400 loss:  0.0002191079402109608 PSNR:  27.23980077493295
epoch:  11600 loss:  0.0002010107273235917 PSNR:  27.243123325847357
epoch:  11800 loss:  0.00023290564422495663 PSNR:  27.097830777739222
epoch:  12000 loss:  0.00019039004109799862 PSNR:  27.34485835227751
epoch:  12200 loss:  0.000190577789908275 PSNR:  27.278875011709374
epoch:  12400 loss:  0.0001894404413178563 PSNR:  27.300691152116826
epoch:  12600 loss:  0.00023281089670490474 PSNR:  27.072496934991158
epoch:  12800 loss:  0.00018510819063521922 PSNR:  27.3165409769361
epoch:  13000 loss:  0.00018695651669986546 PSNR:  27.33690226667482
epoch:  13200 loss:  0.00020442891400307417 PSNR:  27.255093548248063
epoch:  13400 loss:  0.00018894484674092382 PSNR:  27.259585082577328
epoch:  13600 loss:  0.0002065054577542469 PSNR:  27.217368806816474
epoch:  13800 loss:  0.00021015337551943958 PSNR:  27.19639972227684
epoch:  14000 loss:  0.00018492687377147377 PSNR:  27.323900393813453
epoch:  14200 loss:  0.00018638760957401246 PSNR:  27.257396410680023
epoch:  14400 loss:  0.00020086007134523243 PSNR:  27.201267100074883
epoch:  14600 loss:  0.00023052084725350142 PSNR:  27.10049753395272
epoch:  14800 loss:  0.00020324478100519627 PSNR:  27.199916344817055
epoch:  15000 loss:  0.00017570931231603026 PSNR:  27.296736120298334
epoch:  15200 loss:  0.00018148815433960408 PSNR:  27.294127437786344
epoch:  15400 loss:  0.00019394568516872823 PSNR:  27.262692368208672
epoch:  15600 loss:  0.0001886937825474888 PSNR:  27.284799777842608
epoch:  15800 loss:  0.0001871455169748515 PSNR:  27.244927614329253
epoch:  16000 loss:  0.00017167264013551176 PSNR:  27.294333176003317
epoch:  16200 loss:  0.00018863128207158297 PSNR:  27.221970294226484
epoch:  16400 loss:  0.000181042734766379 PSNR:  27.243065153174605
epoch:  16600 loss:  0.00020124021102674305 PSNR:  27.230895674793025
epoch:  16800 loss:  0.00016596788191236556 PSNR:  27.30855130956542
epoch:  17000 loss:  0.00019465746299829334 PSNR:  27.162791354153942
epoch:  17200 loss:  0.00018006347818300128 PSNR:  27.224940650893267
epoch:  17400 loss:  0.00018367676238995045 PSNR:  27.25945838049926
epoch:  17600 loss:  0.0001793055416783318 PSNR:  27.200241563718745
epoch:  17800 loss:  0.0001815985597204417 PSNR:  27.257137907410012
epoch:  18000 loss:  0.00016984768444672227 PSNR:  27.285432599670933
epoch:  18200 loss:  0.00017603382002562284 PSNR:  27.217248513031883
epoch:  18400 loss:  0.00018129392992705107 PSNR:  27.202081397321546
epoch:  18600 loss:  0.0001699632703093812 PSNR:  27.287458304839753
epoch:  18800 loss:  0.00017476826906204224 PSNR:  27.24352122586898
epoch:  19000 loss:  0.00016715144738554955 PSNR:  27.281835277002116
epoch:  19200 loss:  0.00018024808377958834 PSNR:  27.16065252642722
epoch:  19400 loss:  0.00017293925338890404 PSNR:  27.226012215147026
epoch:  19600 loss:  0.00016857124865055084 PSNR:  27.248981900444306
epoch:  19800 loss:  0.00018844296573661268 PSNR:  27.2304992033949
epoch:  20000 loss:  0.0001659768749959767 PSNR:  27.25010421286925
epoch:  20200 loss:  0.0001797166041797027 PSNR:  27.222274775686806
epoch:  20400 loss:  0.0001713126403046772 PSNR:  27.263396686698727
epoch:  20600 loss:  0.00015958068252075464 PSNR:  27.26967802687026
epoch:  20800 loss:  0.00015877244004514068 PSNR:  27.283043376982743
epoch:  21000 loss:  0.00020473601762205362 PSNR:  27.14917010995554
epoch:  21200 loss:  0.00017929027671925724 PSNR:  27.147690768683535
epoch:  21400 loss:  0.00016775743279140443 PSNR:  27.23358437185443
epoch:  21600 loss:  0.00016796791169326752 PSNR:  27.22255469900147
epoch:  21800 loss:  0.000153553846757859 PSNR:  27.274458017219672
epoch:  22000 loss:  0.00016681442502886057 PSNR:  27.24087354412785
epoch:  22200 loss:  0.00015788817836437374 PSNR:  27.252300761164378
epoch:  22400 loss:  0.00015807687304913998 PSNR:  27.282141769752357
epoch:  22600 loss:  0.0001808887318475172 PSNR:  27.192802673426577
epoch:  22800 loss:  0.0001616817171452567 PSNR:  27.26628958740125
epoch:  23000 loss:  0.00019145893747918308 PSNR:  27.14944589770891
epoch:  23200 loss:  0.00016379838052671403 PSNR:  27.228286578202376
epoch:  23400 loss:  0.00016036552551668137 PSNR:  27.258338605013993
epoch:  23600 loss:  0.00016802357276901603 PSNR:  27.218859525993064
epoch:  23800 loss:  0.0001677467953413725 PSNR:  27.206370664377808
epoch:  24000 loss:  0.00019053486175835133 PSNR:  27.14338394986255
epoch:  24200 loss:  0.00020342535572126508 PSNR:  27.044903782541052
epoch:  24400 loss:  0.00015312005416490138 PSNR:  27.275939157861686
epoch:  24600 loss:  0.00016091763973236084 PSNR:  27.187648914587964
epoch:  24800 loss:  0.0001678741245996207 PSNR:  27.23446198694868
epoch:  25000 loss:  0.00017058108642231673 PSNR:  27.13753210790156
epoch:  25200 loss:  0.00016766710905358195 PSNR:  27.23343761796432
epoch:  25400 loss:  0.00016533551388420165 PSNR:  27.215195849043567
epoch:  25600 loss:  0.00015725339471828192 PSNR:  27.23896511998342
epoch:  25800 loss:  0.00015412190987262875 PSNR:  27.23964585956153
epoch:  26000 loss:  0.00016500361380167305 PSNR:  27.242866493883415
epoch:  26200 loss:  0.00015899204299785197 PSNR:  27.235063139249466
epoch:  26400 loss:  0.00016089860582724214 PSNR:  27.22324024594887
epoch:  26600 loss:  0.0001521703670732677 PSNR:  27.254209828748838
epoch:  26800 loss:  0.00016951216093730181 PSNR:  27.189703504399017
epoch:  27000 loss:  0.00015930371591821313 PSNR:  27.249763146512255
epoch:  27200 loss:  0.00015992844419088215 PSNR:  27.250778729152273
epoch:  27400 loss:  0.0001526029664091766 PSNR:  27.23848375921875
epoch:  27600 loss:  0.00017225227202288806 PSNR:  27.11979355956693
epoch:  27800 loss:  0.00017125517479144037 PSNR:  27.105340424216728
epoch:  28000 loss:  0.00017948471941053867 PSNR:  27.176608672646843
epoch:  28200 loss:  0.00015965636703185737 PSNR:  27.221453134283486
epoch:  28400 loss:  0.00014893819752614945 PSNR:  27.255032188314186
epoch:  28600 loss:  0.0001499866775702685 PSNR:  27.235142294886344
epoch:  28800 loss:  0.00015272806922439486 PSNR:  27.240464643021394
epoch:  29000 loss:  0.00015067067579366267 PSNR:  27.232386665535252
epoch:  29200 loss:  0.0001487845293013379 PSNR:  27.219957430612354
epoch:  29400 loss:  0.00015385536244139075 PSNR:  27.225746280759978
epoch:  29600 loss:  0.000146304679219611 PSNR:  27.244154648142697
epoch:  29800 loss:  0.0001470724819228053 PSNR:  27.199003308132173
epoch:  30000 loss:  0.00018420640844851732 PSNR:  27.10654268434698
epoch:  30200 loss:  0.0001548023137729615 PSNR:  27.17636141864375
epoch:  30400 loss:  0.00015158706810325384 PSNR:  27.225734528639656
epoch:  30600 loss:  0.00014484842540696263 PSNR:  27.227541995740356
epoch:  30800 loss:  0.0001566658611409366 PSNR:  27.1935334559125
epoch:  31000 loss:  0.00015257943596225232 PSNR:  27.17423561510467
epoch:  31200 loss:  0.00015045834879856557 PSNR:  27.188925941101232
epoch:  31400 loss:  0.00015449398779310286 PSNR:  27.1783698525943
epoch:  31600 loss:  0.00015104099293239415 PSNR:  27.218499076448857
epoch:  31800 loss:  0.00015312893083319068 PSNR:  27.200854030338604
epoch:  32000 loss:  0.00015178612375166267 PSNR:  27.184653047949745
epoch:  32200 loss:  0.00015477501437999308 PSNR:  27.19715717543498
epoch:  32400 loss:  0.00014849539729766548 PSNR:  27.2093758372471
epoch:  32600 loss:  0.00015449969214387238 PSNR:  27.21407134494042
epoch:  32800 loss:  0.0001454484008718282 PSNR:  27.22132126016077
epoch:  33000 loss:  0.00014992040814831853 PSNR:  27.189548468468402
epoch:  33200 loss:  0.0001450702256988734 PSNR:  27.17810168334148
epoch:  33400 loss:  0.0001466459216317162 PSNR:  27.217215780605954
epoch:  33600 loss:  0.00015237215848173946 PSNR:  27.148446216855984
epoch:  33800 loss:  0.00016171463357750326 PSNR:  27.13241379269474
epoch:  34000 loss:  0.00015545508358627558 PSNR:  27.161091947733734
epoch:  34200 loss:  0.00015141203766688704 PSNR:  27.161716691813844
epoch:  34400 loss:  0.00014724588254466653 PSNR:  27.203587542870345
epoch:  34600 loss:  0.00016337369743268937 PSNR:  27.10442286799603
epoch:  34800 loss:  0.00014205129991751164 PSNR:  27.22352979230257
epoch:  35000 loss:  0.00015026862092781812 PSNR:  27.182867398367875
epoch:  35200 loss:  0.0001391705882269889 PSNR:  27.20670697926023
epoch:  35400 loss:  0.00014561074203811586 PSNR:  27.20338796215808
epoch:  35600 loss:  0.0001440606138203293 PSNR:  27.219284136277224
epoch:  35800 loss:  0.00014631224621552974 PSNR:  27.182572973392812
epoch:  36000 loss:  0.00014665249909739941 PSNR:  27.20636767140111
epoch:  36200 loss:  0.00015723130491096526 PSNR:  27.18143686413614
epoch:  36400 loss:  0.00015822685963939875 PSNR:  27.143618874183602
epoch:  36600 loss:  0.00014404088142327964 PSNR:  27.199144013562545
epoch:  36800 loss:  0.00014089321484789252 PSNR:  27.173552898873695
epoch:  37000 loss:  0.0001416119048371911 PSNR:  27.207247423257
epoch:  37200 loss:  0.00013641989789903164 PSNR:  27.214703484868696
epoch:  37400 loss:  0.00014578254194930196 PSNR:  27.190720048389913
epoch:  37600 loss:  0.00014054830535314977 PSNR:  27.20694861962283
epoch:  37800 loss:  0.0001507193228462711 PSNR:  27.167048983415945
epoch:  38000 loss:  0.00014981196727603674 PSNR:  27.181555358434764
epoch:  38200 loss:  0.00016535322356503457 PSNR:  27.049577963254585
epoch:  38400 loss:  0.00014594489766750485 PSNR:  27.167895454778822
epoch:  38600 loss:  0.00014088090392760932 PSNR:  27.206738816241693
epoch:  38800 loss:  0.000147085971548222 PSNR:  27.16501208799474
epoch:  39000 loss:  0.00014592280786018819 PSNR:  27.176157681115072
epoch:  39200 loss:  0.0001488656853325665 PSNR:  27.127399825843682
epoch:  39400 loss:  0.00014606828335672617 PSNR:  27.194364212516238
epoch:  39600 loss:  0.00013537400809582323 PSNR:  27.188560379981705
epoch:  39800 loss:  0.00015267885464709252 PSNR:  27.13021233473395
PSNR of output image is:  27.13021233473395
(3, 512, 512) (1, 3, 512, 512)
Experiment done
