Processing image: bridge
(3, 512, 512)
(3, 512, 512)
Starting optimization with optimizer 'SAM'
Output directory where image taken from: data/denoising/Set14/mask/8/SAM(sigma=0.1,lr=0.01,decay=0,beta=0)/det/-1.3/1e-09
Output directory where results stored: data/inpainting/Set14/transfer/0.5/9/8
1.1.1.weight         | nonzeros =     901 /   12800             (  7.04%) | total_pruned =   11899 | shape = torch.Size([16, 32, 5, 5])
1.1.1.bias           | nonzeros =       0 /      16             (  0.00%) | total_pruned =      16 | shape = torch.Size([16])
1.2.weight           | nonzeros =       6 /      16             ( 37.50%) | total_pruned =      10 | shape = torch.Size([16])
1.2.bias             | nonzeros =       0 /      16             (  0.00%) | total_pruned =      16 | shape = torch.Size([16])
1.4.1.weight         | nonzeros =     109 /    6400             (  1.70%) | total_pruned =    6291 | shape = torch.Size([16, 16, 5, 5])
1.4.1.bias           | nonzeros =       0 /      16             (  0.00%) | total_pruned =      16 | shape = torch.Size([16])
1.5.weight           | nonzeros =       6 /      16             ( 37.50%) | total_pruned =      10 | shape = torch.Size([16])
1.5.bias             | nonzeros =       0 /      16             (  0.00%) | total_pruned =      16 | shape = torch.Size([16])
1.7.1.1.1.weight     | nonzeros =      72 /   12800             (  0.56%) | total_pruned =   12728 | shape = torch.Size([32, 16, 5, 5])
1.7.1.1.1.bias       | nonzeros =       0 /      32             (  0.00%) | total_pruned =      32 | shape = torch.Size([32])
1.7.1.2.weight       | nonzeros =       9 /      32             ( 28.12%) | total_pruned =      23 | shape = torch.Size([32])
1.7.1.2.bias         | nonzeros =       0 /      32             (  0.00%) | total_pruned =      32 | shape = torch.Size([32])
1.7.1.4.1.weight     | nonzeros =     146 /   25600             (  0.57%) | total_pruned =   25454 | shape = torch.Size([32, 32, 5, 5])
1.7.1.4.1.bias       | nonzeros =       0 /      32             (  0.00%) | total_pruned =      32 | shape = torch.Size([32])
1.7.1.5.weight       | nonzeros =      12 /      32             ( 37.50%) | total_pruned =      20 | shape = torch.Size([32])
1.7.1.5.bias         | nonzeros =       0 /      32             (  0.00%) | total_pruned =      32 | shape = torch.Size([32])
1.7.1.7.1.1.1.weight | nonzeros =      94 /   51200             (  0.18%) | total_pruned =   51106 | shape = torch.Size([64, 32, 5, 5])
1.7.1.7.1.1.1.bias   | nonzeros =       0 /      64             (  0.00%) | total_pruned =      64 | shape = torch.Size([64])
1.7.1.7.1.2.weight   | nonzeros =      23 /      64             ( 35.94%) | total_pruned =      41 | shape = torch.Size([64])
1.7.1.7.1.2.bias     | nonzeros =       0 /      64             (  0.00%) | total_pruned =      64 | shape = torch.Size([64])
1.7.1.7.1.4.1.weight | nonzeros =     150 /  102400             (  0.15%) | total_pruned =  102250 | shape = torch.Size([64, 64, 5, 5])
1.7.1.7.1.4.1.bias   | nonzeros =       0 /      64             (  0.00%) | total_pruned =      64 | shape = torch.Size([64])
1.7.1.7.1.5.weight   | nonzeros =      30 /      64             ( 46.88%) | total_pruned =      34 | shape = torch.Size([64])
1.7.1.7.1.5.bias     | nonzeros =       0 /      64             (  0.00%) | total_pruned =      64 | shape = torch.Size([64])
1.7.1.7.1.7.1.1.1.weight | nonzeros =      25 /  204800             (  0.01%) | total_pruned =  204775 | shape = torch.Size([128, 64, 5, 5])
1.7.1.7.1.7.1.1.1.bias | nonzeros =       0 /     128             (  0.00%) | total_pruned =     128 | shape = torch.Size([128])
1.7.1.7.1.7.1.2.weight | nonzeros =      65 /     128             ( 50.78%) | total_pruned =      63 | shape = torch.Size([128])
1.7.1.7.1.7.1.2.bias | nonzeros =       0 /     128             (  0.00%) | total_pruned =     128 | shape = torch.Size([128])
1.7.1.7.1.7.1.4.1.weight | nonzeros =     113 /  409600             (  0.03%) | total_pruned =  409487 | shape = torch.Size([128, 128, 5, 5])
1.7.1.7.1.7.1.4.1.bias | nonzeros =       0 /     128             (  0.00%) | total_pruned =     128 | shape = torch.Size([128])
1.7.1.7.1.7.1.5.weight | nonzeros =      76 /     128             ( 59.38%) | total_pruned =      52 | shape = torch.Size([128])
1.7.1.7.1.7.1.5.bias | nonzeros =       0 /     128             (  0.00%) | total_pruned =     128 | shape = torch.Size([128])
1.7.1.7.1.7.1.7.1.1.1.weight | nonzeros =     112 /  409600             (  0.03%) | total_pruned =  409488 | shape = torch.Size([128, 128, 5, 5])
1.7.1.7.1.7.1.7.1.1.1.bias | nonzeros =       0 /     128             (  0.00%) | total_pruned =     128 | shape = torch.Size([128])
1.7.1.7.1.7.1.7.1.2.weight | nonzeros =      91 /     128             ( 71.09%) | total_pruned =      37 | shape = torch.Size([128])
1.7.1.7.1.7.1.7.1.2.bias | nonzeros =       0 /     128             (  0.00%) | total_pruned =     128 | shape = torch.Size([128])
1.7.1.7.1.7.1.7.1.4.1.weight | nonzeros =    2023 /  409600             (  0.49%) | total_pruned =  407577 | shape = torch.Size([128, 128, 5, 5])
1.7.1.7.1.7.1.7.1.4.1.bias | nonzeros =       0 /     128             (  0.00%) | total_pruned =     128 | shape = torch.Size([128])
1.7.1.7.1.7.1.7.1.5.weight | nonzeros =      99 /     128             ( 77.34%) | total_pruned =      29 | shape = torch.Size([128])
1.7.1.7.1.7.1.7.1.5.bias | nonzeros =       0 /     128             (  0.00%) | total_pruned =     128 | shape = torch.Size([128])
1.7.1.7.1.7.1.7.1.7.1.1.1.weight | nonzeros =    7833 /  409600             (  1.91%) | total_pruned =  401767 | shape = torch.Size([128, 128, 5, 5])
1.7.1.7.1.7.1.7.1.7.1.1.1.bias | nonzeros =       0 /     128             (  0.00%) | total_pruned =     128 | shape = torch.Size([128])
1.7.1.7.1.7.1.7.1.7.1.2.weight | nonzeros =     105 /     128             ( 82.03%) | total_pruned =      23 | shape = torch.Size([128])
1.7.1.7.1.7.1.7.1.7.1.2.bias | nonzeros =       0 /     128             (  0.00%) | total_pruned =     128 | shape = torch.Size([128])
1.7.1.7.1.7.1.7.1.7.1.4.1.weight | nonzeros =   32112 /  409600             (  7.84%) | total_pruned =  377488 | shape = torch.Size([128, 128, 5, 5])
1.7.1.7.1.7.1.7.1.7.1.4.1.bias | nonzeros =       0 /     128             (  0.00%) | total_pruned =     128 | shape = torch.Size([128])
1.7.1.7.1.7.1.7.1.7.1.5.weight | nonzeros =      87 /     128             ( 67.97%) | total_pruned =      41 | shape = torch.Size([128])
1.7.1.7.1.7.1.7.1.7.1.5.bias | nonzeros =       0 /     128             (  0.00%) | total_pruned =     128 | shape = torch.Size([128])
1.7.1.7.1.7.1.7.1.7.2.weight | nonzeros =      87 /     128             ( 67.97%) | total_pruned =      41 | shape = torch.Size([128])
1.7.1.7.1.7.1.7.1.7.2.bias | nonzeros =       0 /     128             (  0.00%) | total_pruned =     128 | shape = torch.Size([128])
1.7.1.7.1.7.1.7.1.7.3.1.weight | nonzeros =   30402 /  147456             ( 20.62%) | total_pruned =  117054 | shape = torch.Size([128, 128, 3, 3])
1.7.1.7.1.7.1.7.1.7.3.1.bias | nonzeros =       0 /     128             (  0.00%) | total_pruned =     128 | shape = torch.Size([128])
1.7.1.7.1.7.1.7.1.7.4.weight | nonzeros =      91 /     128             ( 71.09%) | total_pruned =      37 | shape = torch.Size([128])
1.7.1.7.1.7.1.7.1.7.4.bias | nonzeros =       0 /     128             (  0.00%) | total_pruned =     128 | shape = torch.Size([128])
1.7.1.7.1.7.1.7.2.weight | nonzeros =      91 /     128             ( 71.09%) | total_pruned =      37 | shape = torch.Size([128])
1.7.1.7.1.7.1.7.2.bias | nonzeros =       0 /     128             (  0.00%) | total_pruned =     128 | shape = torch.Size([128])
1.7.1.7.1.7.1.7.3.1.weight | nonzeros =   31997 /  147456             ( 21.70%) | total_pruned =  115459 | shape = torch.Size([128, 128, 3, 3])
1.7.1.7.1.7.1.7.3.1.bias | nonzeros =       0 /     128             (  0.00%) | total_pruned =     128 | shape = torch.Size([128])
1.7.1.7.1.7.1.7.4.weight | nonzeros =      89 /     128             ( 69.53%) | total_pruned =      39 | shape = torch.Size([128])
1.7.1.7.1.7.1.7.4.bias | nonzeros =       0 /     128             (  0.00%) | total_pruned =     128 | shape = torch.Size([128])
1.7.1.7.1.7.2.weight | nonzeros =      89 /     128             ( 69.53%) | total_pruned =      39 | shape = torch.Size([128])
1.7.1.7.1.7.2.bias   | nonzeros =       0 /     128             (  0.00%) | total_pruned =     128 | shape = torch.Size([128])
1.7.1.7.1.7.3.1.weight | nonzeros =   18716 /  147456             ( 12.69%) | total_pruned =  128740 | shape = torch.Size([128, 128, 3, 3])
1.7.1.7.1.7.3.1.bias | nonzeros =       0 /     128             (  0.00%) | total_pruned =     128 | shape = torch.Size([128])
1.7.1.7.1.7.4.weight | nonzeros =      52 /     128             ( 40.62%) | total_pruned =      76 | shape = torch.Size([128])
1.7.1.7.1.7.4.bias   | nonzeros =       0 /     128             (  0.00%) | total_pruned =     128 | shape = torch.Size([128])
1.7.1.7.2.weight     | nonzeros =      52 /     128             ( 40.62%) | total_pruned =      76 | shape = torch.Size([128])
1.7.1.7.2.bias       | nonzeros =       0 /     128             (  0.00%) | total_pruned =     128 | shape = torch.Size([128])
1.7.1.7.3.1.weight   | nonzeros =    6205 /   73728             (  8.42%) | total_pruned =   67523 | shape = torch.Size([64, 128, 3, 3])
1.7.1.7.3.1.bias     | nonzeros =       0 /      64             (  0.00%) | total_pruned =      64 | shape = torch.Size([64])
1.7.1.7.4.weight     | nonzeros =      28 /      64             ( 43.75%) | total_pruned =      36 | shape = torch.Size([64])
1.7.1.7.4.bias       | nonzeros =       0 /      64             (  0.00%) | total_pruned =      64 | shape = torch.Size([64])
1.7.2.weight         | nonzeros =      28 /      64             ( 43.75%) | total_pruned =      36 | shape = torch.Size([64])
1.7.2.bias           | nonzeros =       0 /      64             (  0.00%) | total_pruned =      64 | shape = torch.Size([64])
1.7.3.1.weight       | nonzeros =    1823 /   18432             (  9.89%) | total_pruned =   16609 | shape = torch.Size([32, 64, 3, 3])
1.7.3.1.bias         | nonzeros =       0 /      32             (  0.00%) | total_pruned =      32 | shape = torch.Size([32])
1.7.4.weight         | nonzeros =      15 /      32             ( 46.88%) | total_pruned =      17 | shape = torch.Size([32])
1.7.4.bias           | nonzeros =       0 /      32             (  0.00%) | total_pruned =      32 | shape = torch.Size([32])
2.weight             | nonzeros =      15 /      32             ( 46.88%) | total_pruned =      17 | shape = torch.Size([32])
2.bias               | nonzeros =       0 /      32             (  0.00%) | total_pruned =      32 | shape = torch.Size([32])
3.1.weight           | nonzeros =    1015 /    4608             ( 22.03%) | total_pruned =    3593 | shape = torch.Size([16, 32, 3, 3])
3.1.bias             | nonzeros =       0 /      16             (  0.00%) | total_pruned =      16 | shape = torch.Size([16])
4.weight             | nonzeros =      16 /      16             (100.00%) | total_pruned =       0 | shape = torch.Size([16])
4.bias               | nonzeros =       0 /      16             (  0.00%) | total_pruned =      16 | shape = torch.Size([16])
6.1.weight           | nonzeros =      30 /      48             ( 62.50%) | total_pruned =      18 | shape = torch.Size([3, 16, 1, 1])
6.1.bias             | nonzeros =       0 /       3             (  0.00%) | total_pruned =       3 | shape = torch.Size([3])
alive: 135140, pruned : 2873727, total: 3008867, Compression rate :      22.26x  ( 95.51% pruned)
Initial PSNR of output image is:  10.938540406585828
epoch:  0 loss:  0.04033577814698219 PSNR:  10.938540406585828
epoch:  200 loss:  0.004500402603298426 PSNR:  20.400793398062614
epoch:  400 loss:  0.002960324054583907 PSNR:  22.09389452987029
epoch:  600 loss:  0.0023676068522036076 PSNR:  22.89840696560645
epoch:  800 loss:  0.001955759944394231 PSNR:  23.50312828691485
epoch:  1000 loss:  0.0017663112375885248 PSNR:  23.810112494374668
epoch:  1200 loss:  0.001507570850662887 PSNR:  24.273206354092956
epoch:  1400 loss:  0.0014007090358063579 PSNR:  24.41555157228153
epoch:  1600 loss:  0.0012639531632885337 PSNR:  24.689429401776295
epoch:  1800 loss:  0.0012120067840442061 PSNR:  24.71969619846491
epoch:  2000 loss:  0.0010708034969866276 PSNR:  24.947424510988427
epoch:  2200 loss:  0.001088820630684495 PSNR:  24.87727985572104
epoch:  2400 loss:  0.0009952302789315581 PSNR:  24.930566375555053
epoch:  2600 loss:  0.000904982618521899 PSNR:  25.076305113223892
epoch:  2800 loss:  0.0008160636643879116 PSNR:  25.258138529576115
epoch:  3000 loss:  0.0008167894557118416 PSNR:  25.139583199143072
epoch:  3200 loss:  0.0007734200335107744 PSNR:  25.225890703345137
epoch:  3400 loss:  0.0007432114216499031 PSNR:  25.232017283607256
epoch:  3600 loss:  0.0007162208203226328 PSNR:  25.20177994453117
epoch:  3800 loss:  0.000674667302519083 PSNR:  25.288005405988546
epoch:  4000 loss:  0.0007348090293817222 PSNR:  25.197790306989045
epoch:  4200 loss:  0.0006133841816335917 PSNR:  25.396676431554972
epoch:  4400 loss:  0.0006168227992020547 PSNR:  25.341655599759996
epoch:  4600 loss:  0.0006019402062520385 PSNR:  25.249942323387323
epoch:  4800 loss:  0.0006218061898835003 PSNR:  25.29603077967916
epoch:  5000 loss:  0.0005808506975881755 PSNR:  25.347056871001186
epoch:  5200 loss:  0.000589001108892262 PSNR:  25.194771052505732
epoch:  5400 loss:  0.0005331085994839668 PSNR:  25.337112092460096
epoch:  5600 loss:  0.0005901846452616155 PSNR:  25.12400538374354
epoch:  5800 loss:  0.000509917619638145 PSNR:  25.289133794037436
epoch:  6000 loss:  0.0005408350261859596 PSNR:  25.2428472197153
epoch:  6200 loss:  0.00048595451517030597 PSNR:  25.33039285217544
epoch:  6400 loss:  0.0004790624079760164 PSNR:  25.344919997391845
epoch:  6600 loss:  0.0004825429932679981 PSNR:  25.294133735037462
epoch:  6800 loss:  0.00047099863877519965 PSNR:  25.309647536765333
epoch:  7000 loss:  0.0005381018854677677 PSNR:  25.203462476314037
epoch:  7200 loss:  0.0004504630924202502 PSNR:  25.276869853064213
epoch:  7400 loss:  0.0004449870903044939 PSNR:  25.258641803718568
epoch:  7600 loss:  0.0005185106419958174 PSNR:  25.183643210951363
epoch:  7800 loss:  0.0004913635784760118 PSNR:  25.16499563348484
epoch:  8000 loss:  0.0004292366502340883 PSNR:  25.287544156713608
epoch:  8200 loss:  0.00045220073661766946 PSNR:  25.18054610463899
epoch:  8400 loss:  0.0004748772771563381 PSNR:  25.109667594237965
epoch:  8600 loss:  0.0004273343365639448 PSNR:  25.221553124925222
epoch:  8800 loss:  0.00041285561746917665 PSNR:  25.230441330976884
epoch:  9000 loss:  0.00040866591734811664 PSNR:  25.204865419444758
epoch:  9200 loss:  0.00041199056431651115 PSNR:  25.203949064592877
epoch:  9400 loss:  0.00040880669257603586 PSNR:  25.156176587165234
epoch:  9600 loss:  0.00041285197949036956 PSNR:  25.206820106682557
epoch:  9800 loss:  0.0004180504474788904 PSNR:  25.136920587355984
epoch:  10000 loss:  0.0003936725843232125 PSNR:  25.153311656700623
epoch:  10200 loss:  0.00040914182318374515 PSNR:  25.137124533350928
epoch:  10400 loss:  0.00046541925985366106 PSNR:  24.96334120121127
epoch:  10600 loss:  0.0003832548391073942 PSNR:  25.203447732065705
epoch:  10800 loss:  0.00039398620720021427 PSNR:  25.186956838487113
epoch:  11000 loss:  0.0003672842285595834 PSNR:  25.149490715421116
epoch:  11200 loss:  0.00037480061291716993 PSNR:  25.186436101177314
epoch:  11400 loss:  0.00037495739525184035 PSNR:  25.1042802987979
epoch:  11600 loss:  0.0003623679222073406 PSNR:  25.176440709355468
epoch:  11800 loss:  0.0003593368164729327 PSNR:  25.128207052878953
epoch:  12000 loss:  0.00042752455919981003 PSNR:  25.068217301064433
epoch:  12200 loss:  0.00036832562182098627 PSNR:  25.069590868023308
epoch:  12400 loss:  0.00035985588328912854 PSNR:  25.092090993380822
epoch:  12600 loss:  0.0004208053869660944 PSNR:  25.028618016740186
epoch:  12800 loss:  0.0003708882140927017 PSNR:  25.085367644609697
epoch:  13000 loss:  0.0003546424559317529 PSNR:  25.075187086424066
epoch:  13200 loss:  0.0003680297522805631 PSNR:  25.081446664171317
epoch:  13400 loss:  0.0003536835720296949 PSNR:  25.123540829472546
epoch:  13600 loss:  0.0003663254901766777 PSNR:  25.11366404033456
epoch:  13800 loss:  0.0004192198975943029 PSNR:  25.025680298531896
epoch:  14000 loss:  0.000346083048498258 PSNR:  25.082601500853237
epoch:  14200 loss:  0.0003593067522160709 PSNR:  24.9974286520437
epoch:  14400 loss:  0.00033683478250168264 PSNR:  25.04803755634557
epoch:  14600 loss:  0.00043907767394557595 PSNR:  25.266873161346584
epoch:  14800 loss:  0.0003737075603567064 PSNR:  25.1085678307972
epoch:  15000 loss:  0.00035892101004719734 PSNR:  25.072602670000887
epoch:  15200 loss:  0.00032752181869000196 PSNR:  25.060765122878593
epoch:  15400 loss:  0.0003200450446456671 PSNR:  25.059452045468067
epoch:  15600 loss:  0.000320312799885869 PSNR:  25.057666573030744
epoch:  15800 loss:  0.00031886855140328407 PSNR:  25.04275583375316
epoch:  16000 loss:  0.0003214052994735539 PSNR:  25.041993477613694
epoch:  16200 loss:  0.0003608045808505267 PSNR:  24.965440728538546
epoch:  16400 loss:  0.0003389598277863115 PSNR:  24.968431611491035
epoch:  16600 loss:  0.00032742199255153537 PSNR:  24.91775731525636
epoch:  16800 loss:  0.0003170247364323586 PSNR:  25.023254720207152
epoch:  17000 loss:  0.0003193428856320679 PSNR:  25.02830580992753
epoch:  17200 loss:  0.0003381804272066802 PSNR:  24.97700567067531
epoch:  17400 loss:  0.00034990321728400886 PSNR:  24.991914761073986
epoch:  17600 loss:  0.00033208142849616706 PSNR:  24.979533167515513
epoch:  17800 loss:  0.0003277870127931237 PSNR:  25.000193821008196
epoch:  18000 loss:  0.00033060877467505634 PSNR:  24.96882367296807
epoch:  18200 loss:  0.0003788041649386287 PSNR:  24.930050946123835
epoch:  18400 loss:  0.0003064719494432211 PSNR:  24.9841573545115
epoch:  18600 loss:  0.0003088300582021475 PSNR:  24.938441987317212
epoch:  18800 loss:  0.0003217667108401656 PSNR:  24.873775180429604
epoch:  19000 loss:  0.0003094683343078941 PSNR:  24.950351163156782
epoch:  19200 loss:  0.0003056489222217351 PSNR:  24.992948022669207
epoch:  19400 loss:  0.0002902764827013016 PSNR:  24.952651269222706
epoch:  19600 loss:  0.00029205414466559887 PSNR:  24.936597478491805
epoch:  19800 loss:  0.00031500597833655775 PSNR:  24.8679109686082
epoch:  20000 loss:  0.0003511301474645734 PSNR:  24.78141975781932
epoch:  20200 loss:  0.00035356052103452384 PSNR:  24.760609015479837
epoch:  20400 loss:  0.0003108005621470511 PSNR:  24.913352450448272
epoch:  20600 loss:  0.00030581525061279535 PSNR:  24.94986656976076
epoch:  20800 loss:  0.00030778799555264413 PSNR:  24.956758694055928
epoch:  21000 loss:  0.00030653091380372643 PSNR:  24.953383865590887
epoch:  21200 loss:  0.0003892005770467222 PSNR:  24.82516625323385
epoch:  21400 loss:  0.0002910328039433807 PSNR:  24.95061260683687
epoch:  21600 loss:  0.0003027517523150891 PSNR:  24.887334775289474
epoch:  21800 loss:  0.0003016168484464288 PSNR:  24.887269657303808
epoch:  22000 loss:  0.00030315344338305295 PSNR:  24.94699741820036
epoch:  22200 loss:  0.00029068635194562376 PSNR:  24.897702535945662
epoch:  22400 loss:  0.00029179122066125274 PSNR:  24.93436160511522
epoch:  22600 loss:  0.0002981581201311201 PSNR:  24.941498561031477
epoch:  22800 loss:  0.0003183174121659249 PSNR:  24.899622768927664
epoch:  23000 loss:  0.0003315177164040506 PSNR:  24.904776324756007
epoch:  23200 loss:  0.00029100917163304985 PSNR:  24.927044549726283
epoch:  23400 loss:  0.0002902606502175331 PSNR:  24.891583262607185
epoch:  23600 loss:  0.0003088343364652246 PSNR:  24.79526337685237
epoch:  23800 loss:  0.00028292799834161997 PSNR:  24.894952524497484
epoch:  24000 loss:  0.0002769999555312097 PSNR:  24.921174898972755
epoch:  24200 loss:  0.0003048999351449311 PSNR:  24.849655520581585
epoch:  24400 loss:  0.0002811570593621582 PSNR:  24.901077800604124
epoch:  24600 loss:  0.000296140176942572 PSNR:  24.88891317246374
epoch:  24800 loss:  0.0002722164208535105 PSNR:  24.88368064289157
epoch:  25000 loss:  0.00030799428350292146 PSNR:  24.861863544735144
epoch:  25200 loss:  0.00027026570751331747 PSNR:  24.897924910871364
epoch:  25400 loss:  0.0002899686514865607 PSNR:  24.802592246231722
epoch:  25600 loss:  0.0002677427837625146 PSNR:  24.87451540418954
epoch:  25800 loss:  0.0002801005030050874 PSNR:  24.87663084708001
epoch:  26000 loss:  0.0002972905058413744 PSNR:  24.758096251868796
epoch:  26200 loss:  0.0002845348499249667 PSNR:  24.854195341997038
epoch:  26400 loss:  0.0002747151884250343 PSNR:  24.85115817356811
epoch:  26600 loss:  0.0002915805671364069 PSNR:  24.837236543584126
epoch:  26800 loss:  0.0002719763433560729 PSNR:  24.84117022889393
epoch:  27000 loss:  0.00028128473786637187 PSNR:  24.774873917104074
epoch:  27200 loss:  0.00027787184808403254 PSNR:  24.845261144458544
epoch:  27400 loss:  0.00031130225397646427 PSNR:  24.77286359301486
epoch:  27600 loss:  0.0002698987373150885 PSNR:  24.815182985661753
epoch:  27800 loss:  0.0002726083912421018 PSNR:  24.84858908836192
epoch:  28000 loss:  0.00027567544020712376 PSNR:  24.828571964821027
epoch:  28200 loss:  0.00029968610033392906 PSNR:  24.745040360275894
epoch:  28400 loss:  0.0003037585993297398 PSNR:  24.818468325015456
epoch:  28600 loss:  0.00029185914900153875 PSNR:  24.809202675562318
epoch:  28800 loss:  0.00026491418248042464 PSNR:  24.827054366455975
epoch:  29000 loss:  0.0002933547366410494 PSNR:  24.72951349569219
epoch:  29200 loss:  0.00025629031006246805 PSNR:  24.847842772464055
epoch:  29400 loss:  0.00026475766208022833 PSNR:  24.802066424835935
epoch:  29600 loss:  0.0002742063661571592 PSNR:  24.833399965794225
epoch:  29800 loss:  0.0002923024585470557 PSNR:  24.8322827557441
epoch:  30000 loss:  0.0002688172389753163 PSNR:  24.836566083372183
epoch:  30200 loss:  0.0002661490289028734 PSNR:  24.790757895916002
epoch:  30400 loss:  0.0002638502628542483 PSNR:  24.79527740852103
epoch:  30600 loss:  0.0002613490796647966 PSNR:  24.818039008246476
epoch:  30800 loss:  0.0002685021609067917 PSNR:  24.791712382253902
epoch:  31000 loss:  0.0002661068574525416 PSNR:  24.834415580934
epoch:  31200 loss:  0.0002632281684782356 PSNR:  24.80750675776589
epoch:  31400 loss:  0.0002662902697920799 PSNR:  24.797250529454466
epoch:  31600 loss:  0.00025745894527062774 PSNR:  24.818703240583034
epoch:  31800 loss:  0.00025722928694449365 PSNR:  24.800251745441855
epoch:  32000 loss:  0.00031301798298954964 PSNR:  25.08101856629184
epoch:  32200 loss:  0.00026471330784261227 PSNR:  24.8221904399255
epoch:  32400 loss:  0.000258495332673192 PSNR:  24.86696967052012
epoch:  32600 loss:  0.00025967994588427246 PSNR:  24.787684668553695
epoch:  32800 loss:  0.0002895361103583127 PSNR:  24.770160850805496
epoch:  33000 loss:  0.00026434415485709906 PSNR:  24.7812646874403
epoch:  33200 loss:  0.00027577229775488377 PSNR:  24.7986435733102
epoch:  33400 loss:  0.0002615358680486679 PSNR:  24.769248687162655
epoch:  33600 loss:  0.0002884980058297515 PSNR:  24.669058547022527
epoch:  33800 loss:  0.0020534477662295103 PSNR:  22.80455814042854
epoch:  34000 loss:  0.00028611038578674197 PSNR:  24.927465282220457
epoch:  34200 loss:  0.00026921488461084664 PSNR:  24.823102740426496
epoch:  34400 loss:  0.00027411291375756264 PSNR:  24.878659632146807
epoch:  34600 loss:  0.0002827680727932602 PSNR:  24.79886093333201
epoch:  34800 loss:  0.00025971134891733527 PSNR:  24.823813190560866
epoch:  35000 loss:  0.00026669944054447114 PSNR:  24.714102720327745
epoch:  35200 loss:  0.0002510249032638967 PSNR:  24.755073242560847
epoch:  35400 loss:  0.0002488353638909757 PSNR:  24.788402443652604
epoch:  35600 loss:  0.0002538376720622182 PSNR:  24.798080380608884
epoch:  35800 loss:  0.0002478832029737532 PSNR:  24.780578491463206
epoch:  36000 loss:  0.00024532520910725 PSNR:  24.757678304860594
epoch:  36200 loss:  0.00025117804761976004 PSNR:  24.747090032122323
epoch:  36400 loss:  0.0002484722645021975 PSNR:  24.738366632501673
epoch:  36600 loss:  0.0003148902324028313 PSNR:  24.705729423983843
epoch:  36800 loss:  0.0002836150233633816 PSNR:  24.610668868576724
epoch:  37000 loss:  0.00025432356051169336 PSNR:  24.74114244088986
epoch:  37200 loss:  0.00024553501862101257 PSNR:  24.763237385860933
epoch:  37400 loss:  0.0002453684573993087 PSNR:  24.786372150420334
epoch:  37600 loss:  0.0002559322165325284 PSNR:  24.75082692875069
epoch:  37800 loss:  0.0002476785739418119 PSNR:  24.718207176158348
epoch:  38000 loss:  0.00028989798738621175 PSNR:  24.737874117133373
epoch:  38200 loss:  0.00023724586935713887 PSNR:  24.76350112800395
epoch:  38400 loss:  0.00023897078062873334 PSNR:  24.75042054916457
epoch:  38600 loss:  0.00029236351838335395 PSNR:  24.69459624219993
epoch:  38800 loss:  0.0002449026214890182 PSNR:  24.727657396479298
epoch:  39000 loss:  0.00025590742006897926 PSNR:  24.656490557374525
epoch:  39200 loss:  0.00024943461176007986 PSNR:  24.676685163099815
epoch:  39400 loss:  0.0002532806829549372 PSNR:  24.703241036727444
epoch:  39600 loss:  0.00027109048096463084 PSNR:  24.72686221105551
epoch:  39800 loss:  0.0002553978411015123 PSNR:  24.74161755085848
PSNR of output image is:  24.74161755085848
(3, 512, 512) (1, 3, 512, 512)
Experiment done
