Processing image: flowers
(3, 512, 512)
(3, 512, 512)
Starting optimization with optimizer 'SAM'
Output directory where image taken from: data/denoising/Set14/mask/4/SAM(sigma=0.1,lr=0.01,decay=0,beta=0)/det/-1.3/1e-09
Output directory where results stored: data/inpainting/Set14/transfer/0.5/8/4
1.1.1.weight         | nonzeros =     988 /   12800             (  7.72%) | total_pruned =   11812 | shape = torch.Size([16, 32, 5, 5])
1.1.1.bias           | nonzeros =       0 /      16             (  0.00%) | total_pruned =      16 | shape = torch.Size([16])
1.2.weight           | nonzeros =       7 /      16             ( 43.75%) | total_pruned =       9 | shape = torch.Size([16])
1.2.bias             | nonzeros =       0 /      16             (  0.00%) | total_pruned =      16 | shape = torch.Size([16])
1.4.1.weight         | nonzeros =     108 /    6400             (  1.69%) | total_pruned =    6292 | shape = torch.Size([16, 16, 5, 5])
1.4.1.bias           | nonzeros =       0 /      16             (  0.00%) | total_pruned =      16 | shape = torch.Size([16])
1.5.weight           | nonzeros =       3 /      16             ( 18.75%) | total_pruned =      13 | shape = torch.Size([16])
1.5.bias             | nonzeros =       0 /      16             (  0.00%) | total_pruned =      16 | shape = torch.Size([16])
1.7.1.1.1.weight     | nonzeros =      71 /   12800             (  0.55%) | total_pruned =   12729 | shape = torch.Size([32, 16, 5, 5])
1.7.1.1.1.bias       | nonzeros =       0 /      32             (  0.00%) | total_pruned =      32 | shape = torch.Size([32])
1.7.1.2.weight       | nonzeros =      15 /      32             ( 46.88%) | total_pruned =      17 | shape = torch.Size([32])
1.7.1.2.bias         | nonzeros =       0 /      32             (  0.00%) | total_pruned =      32 | shape = torch.Size([32])
1.7.1.4.1.weight     | nonzeros =      64 /   25600             (  0.25%) | total_pruned =   25536 | shape = torch.Size([32, 32, 5, 5])
1.7.1.4.1.bias       | nonzeros =       0 /      32             (  0.00%) | total_pruned =      32 | shape = torch.Size([32])
1.7.1.5.weight       | nonzeros =      16 /      32             ( 50.00%) | total_pruned =      16 | shape = torch.Size([32])
1.7.1.5.bias         | nonzeros =       0 /      32             (  0.00%) | total_pruned =      32 | shape = torch.Size([32])
1.7.1.7.1.1.1.weight | nonzeros =      17 /   51200             (  0.03%) | total_pruned =   51183 | shape = torch.Size([64, 32, 5, 5])
1.7.1.7.1.1.1.bias   | nonzeros =       0 /      64             (  0.00%) | total_pruned =      64 | shape = torch.Size([64])
1.7.1.7.1.2.weight   | nonzeros =      27 /      64             ( 42.19%) | total_pruned =      37 | shape = torch.Size([64])
1.7.1.7.1.2.bias     | nonzeros =       0 /      64             (  0.00%) | total_pruned =      64 | shape = torch.Size([64])
1.7.1.7.1.4.1.weight | nonzeros =     102 /  102400             (  0.10%) | total_pruned =  102298 | shape = torch.Size([64, 64, 5, 5])
1.7.1.7.1.4.1.bias   | nonzeros =       0 /      64             (  0.00%) | total_pruned =      64 | shape = torch.Size([64])
1.7.1.7.1.5.weight   | nonzeros =      26 /      64             ( 40.62%) | total_pruned =      38 | shape = torch.Size([64])
1.7.1.7.1.5.bias     | nonzeros =       0 /      64             (  0.00%) | total_pruned =      64 | shape = torch.Size([64])
1.7.1.7.1.7.1.1.1.weight | nonzeros =       7 /  204800             (  0.00%) | total_pruned =  204793 | shape = torch.Size([128, 64, 5, 5])
1.7.1.7.1.7.1.1.1.bias | nonzeros =       0 /     128             (  0.00%) | total_pruned =     128 | shape = torch.Size([128])
1.7.1.7.1.7.1.2.weight | nonzeros =      54 /     128             ( 42.19%) | total_pruned =      74 | shape = torch.Size([128])
1.7.1.7.1.7.1.2.bias | nonzeros =       0 /     128             (  0.00%) | total_pruned =     128 | shape = torch.Size([128])
1.7.1.7.1.7.1.4.1.weight | nonzeros =     113 /  409600             (  0.03%) | total_pruned =  409487 | shape = torch.Size([128, 128, 5, 5])
1.7.1.7.1.7.1.4.1.bias | nonzeros =       0 /     128             (  0.00%) | total_pruned =     128 | shape = torch.Size([128])
1.7.1.7.1.7.1.5.weight | nonzeros =      67 /     128             ( 52.34%) | total_pruned =      61 | shape = torch.Size([128])
1.7.1.7.1.7.1.5.bias | nonzeros =       0 /     128             (  0.00%) | total_pruned =     128 | shape = torch.Size([128])
1.7.1.7.1.7.1.7.1.1.1.weight | nonzeros =     190 /  409600             (  0.05%) | total_pruned =  409410 | shape = torch.Size([128, 128, 5, 5])
1.7.1.7.1.7.1.7.1.1.1.bias | nonzeros =       0 /     128             (  0.00%) | total_pruned =     128 | shape = torch.Size([128])
1.7.1.7.1.7.1.7.1.2.weight | nonzeros =      72 /     128             ( 56.25%) | total_pruned =      56 | shape = torch.Size([128])
1.7.1.7.1.7.1.7.1.2.bias | nonzeros =       0 /     128             (  0.00%) | total_pruned =     128 | shape = torch.Size([128])
1.7.1.7.1.7.1.7.1.4.1.weight | nonzeros =    1714 /  409600             (  0.42%) | total_pruned =  407886 | shape = torch.Size([128, 128, 5, 5])
1.7.1.7.1.7.1.7.1.4.1.bias | nonzeros =       0 /     128             (  0.00%) | total_pruned =     128 | shape = torch.Size([128])
1.7.1.7.1.7.1.7.1.5.weight | nonzeros =      90 /     128             ( 70.31%) | total_pruned =      38 | shape = torch.Size([128])
1.7.1.7.1.7.1.7.1.5.bias | nonzeros =       0 /     128             (  0.00%) | total_pruned =     128 | shape = torch.Size([128])
1.7.1.7.1.7.1.7.1.7.1.1.1.weight | nonzeros =    6176 /  409600             (  1.51%) | total_pruned =  403424 | shape = torch.Size([128, 128, 5, 5])
1.7.1.7.1.7.1.7.1.7.1.1.1.bias | nonzeros =       0 /     128             (  0.00%) | total_pruned =     128 | shape = torch.Size([128])
1.7.1.7.1.7.1.7.1.7.1.2.weight | nonzeros =     101 /     128             ( 78.91%) | total_pruned =      27 | shape = torch.Size([128])
1.7.1.7.1.7.1.7.1.7.1.2.bias | nonzeros =       0 /     128             (  0.00%) | total_pruned =     128 | shape = torch.Size([128])
1.7.1.7.1.7.1.7.1.7.1.4.1.weight | nonzeros =   25282 /  409600             (  6.17%) | total_pruned =  384318 | shape = torch.Size([128, 128, 5, 5])
1.7.1.7.1.7.1.7.1.7.1.4.1.bias | nonzeros =       0 /     128             (  0.00%) | total_pruned =     128 | shape = torch.Size([128])
1.7.1.7.1.7.1.7.1.7.1.5.weight | nonzeros =      83 /     128             ( 64.84%) | total_pruned =      45 | shape = torch.Size([128])
1.7.1.7.1.7.1.7.1.7.1.5.bias | nonzeros =       0 /     128             (  0.00%) | total_pruned =     128 | shape = torch.Size([128])
1.7.1.7.1.7.1.7.1.7.2.weight | nonzeros =      83 /     128             ( 64.84%) | total_pruned =      45 | shape = torch.Size([128])
1.7.1.7.1.7.1.7.1.7.2.bias | nonzeros =       0 /     128             (  0.00%) | total_pruned =     128 | shape = torch.Size([128])
1.7.1.7.1.7.1.7.1.7.3.1.weight | nonzeros =   24218 /  147456             ( 16.42%) | total_pruned =  123238 | shape = torch.Size([128, 128, 3, 3])
1.7.1.7.1.7.1.7.1.7.3.1.bias | nonzeros =       0 /     128             (  0.00%) | total_pruned =     128 | shape = torch.Size([128])
1.7.1.7.1.7.1.7.1.7.4.weight | nonzeros =      80 /     128             ( 62.50%) | total_pruned =      48 | shape = torch.Size([128])
1.7.1.7.1.7.1.7.1.7.4.bias | nonzeros =       0 /     128             (  0.00%) | total_pruned =     128 | shape = torch.Size([128])
1.7.1.7.1.7.1.7.2.weight | nonzeros =      80 /     128             ( 62.50%) | total_pruned =      48 | shape = torch.Size([128])
1.7.1.7.1.7.1.7.2.bias | nonzeros =       0 /     128             (  0.00%) | total_pruned =     128 | shape = torch.Size([128])
1.7.1.7.1.7.1.7.3.1.weight | nonzeros =   21555 /  147456             ( 14.62%) | total_pruned =  125901 | shape = torch.Size([128, 128, 3, 3])
1.7.1.7.1.7.1.7.3.1.bias | nonzeros =       0 /     128             (  0.00%) | total_pruned =     128 | shape = torch.Size([128])
1.7.1.7.1.7.1.7.4.weight | nonzeros =      70 /     128             ( 54.69%) | total_pruned =      58 | shape = torch.Size([128])
1.7.1.7.1.7.1.7.4.bias | nonzeros =       0 /     128             (  0.00%) | total_pruned =     128 | shape = torch.Size([128])
1.7.1.7.1.7.2.weight | nonzeros =      70 /     128             ( 54.69%) | total_pruned =      58 | shape = torch.Size([128])
1.7.1.7.1.7.2.bias   | nonzeros =       0 /     128             (  0.00%) | total_pruned =     128 | shape = torch.Size([128])
1.7.1.7.1.7.3.1.weight | nonzeros =   19209 /  147456             ( 13.03%) | total_pruned =  128247 | shape = torch.Size([128, 128, 3, 3])
1.7.1.7.1.7.3.1.bias | nonzeros =       0 /     128             (  0.00%) | total_pruned =     128 | shape = torch.Size([128])
1.7.1.7.1.7.4.weight | nonzeros =      73 /     128             ( 57.03%) | total_pruned =      55 | shape = torch.Size([128])
1.7.1.7.1.7.4.bias   | nonzeros =       0 /     128             (  0.00%) | total_pruned =     128 | shape = torch.Size([128])
1.7.1.7.2.weight     | nonzeros =      73 /     128             ( 57.03%) | total_pruned =      55 | shape = torch.Size([128])
1.7.1.7.2.bias       | nonzeros =       0 /     128             (  0.00%) | total_pruned =     128 | shape = torch.Size([128])
1.7.1.7.3.1.weight   | nonzeros =   11959 /   73728             ( 16.22%) | total_pruned =   61769 | shape = torch.Size([64, 128, 3, 3])
1.7.1.7.3.1.bias     | nonzeros =       0 /      64             (  0.00%) | total_pruned =      64 | shape = torch.Size([64])
1.7.1.7.4.weight     | nonzeros =      42 /      64             ( 65.62%) | total_pruned =      22 | shape = torch.Size([64])
1.7.1.7.4.bias       | nonzeros =       0 /      64             (  0.00%) | total_pruned =      64 | shape = torch.Size([64])
1.7.2.weight         | nonzeros =      42 /      64             ( 65.62%) | total_pruned =      22 | shape = torch.Size([64])
1.7.2.bias           | nonzeros =       0 /      64             (  0.00%) | total_pruned =      64 | shape = torch.Size([64])
1.7.3.1.weight       | nonzeros =    3997 /   18432             ( 21.69%) | total_pruned =   14435 | shape = torch.Size([32, 64, 3, 3])
1.7.3.1.bias         | nonzeros =       0 /      32             (  0.00%) | total_pruned =      32 | shape = torch.Size([32])
1.7.4.weight         | nonzeros =      23 /      32             ( 71.88%) | total_pruned =       9 | shape = torch.Size([32])
1.7.4.bias           | nonzeros =       0 /      32             (  0.00%) | total_pruned =      32 | shape = torch.Size([32])
2.weight             | nonzeros =      23 /      32             ( 71.88%) | total_pruned =       9 | shape = torch.Size([32])
2.bias               | nonzeros =       0 /      32             (  0.00%) | total_pruned =      32 | shape = torch.Size([32])
3.1.weight           | nonzeros =    1383 /    4608             ( 30.01%) | total_pruned =    3225 | shape = torch.Size([16, 32, 3, 3])
3.1.bias             | nonzeros =       0 /      16             (  0.00%) | total_pruned =      16 | shape = torch.Size([16])
4.weight             | nonzeros =      15 /      16             ( 93.75%) | total_pruned =       1 | shape = torch.Size([16])
4.bias               | nonzeros =       0 /      16             (  0.00%) | total_pruned =      16 | shape = torch.Size([16])
6.1.weight           | nonzeros =      33 /      48             ( 68.75%) | total_pruned =      15 | shape = torch.Size([3, 16, 1, 1])
6.1.bias             | nonzeros =       1 /       3             ( 33.33%) | total_pruned =       2 | shape = torch.Size([3])
alive: 118422, pruned : 2890445, total: 3008867, Compression rate :      25.41x  ( 96.06% pruned)
Initial PSNR of output image is:  10.199989671045891
epoch:  0 loss:  0.0478612445294857 PSNR:  10.199989671045891
epoch:  200 loss:  0.0034773671068251133 PSNR:  21.50214384831326
epoch:  400 loss:  0.00216035358607769 PSNR:  23.451355217290804
epoch:  600 loss:  0.001579622970893979 PSNR:  24.67352132556496
epoch:  800 loss:  0.0012464565224945545 PSNR:  25.49232985509859
epoch:  1000 loss:  0.0010722542647272348 PSNR:  26.049109705654022
epoch:  1200 loss:  0.0008976288954727352 PSNR:  26.64300568902556
epoch:  1400 loss:  0.0007705767638981342 PSNR:  27.19104699889823
epoch:  1600 loss:  0.0007248264737427235 PSNR:  27.355804708976162
epoch:  1800 loss:  0.0005987280746921897 PSNR:  27.98716854058013
epoch:  2000 loss:  0.0005517275421880186 PSNR:  28.230102309901397
epoch:  2200 loss:  0.0005462662084028125 PSNR:  28.24726701372456
epoch:  2400 loss:  0.0005881232209503651 PSNR:  27.983626778375363
epoch:  2600 loss:  0.0004737112612929195 PSNR:  28.629497610462906
epoch:  2800 loss:  0.0004329170915298164 PSNR:  28.887721779569247
epoch:  3000 loss:  0.0004202418203931302 PSNR:  28.934452287964806
epoch:  3200 loss:  0.0003899912117049098 PSNR:  29.135336448819547
epoch:  3400 loss:  0.0003841631696559489 PSNR:  29.18150588294057
epoch:  3600 loss:  0.0003916036803275347 PSNR:  29.1327933144486
epoch:  3800 loss:  0.0003598876064643264 PSNR:  29.332655369116218
epoch:  4000 loss:  0.00039829089655540884 PSNR:  29.062467079451114
epoch:  4200 loss:  0.0003329337923787534 PSNR:  29.507138976147402
epoch:  4400 loss:  0.0003471147210802883 PSNR:  29.417814818460407
epoch:  4600 loss:  0.00033218026510439813 PSNR:  29.47859516192841
epoch:  4800 loss:  0.00034564227098599076 PSNR:  29.38456843207028
epoch:  5000 loss:  0.0003366130404174328 PSNR:  29.397974663202543
epoch:  5200 loss:  0.0003006862534675747 PSNR:  29.69210186447618
epoch:  5400 loss:  0.0003213573363609612 PSNR:  29.502920952165674
epoch:  5600 loss:  0.0003155108424834907 PSNR:  29.514924424982105
epoch:  5800 loss:  0.003623776137828827 PSNR:  21.323995432749875
epoch:  6000 loss:  0.0017089134780690074 PSNR:  24.31934012508435
epoch:  6200 loss:  0.0013310447102412581 PSNR:  25.243967654616366
epoch:  6400 loss:  0.0010868919780477881 PSNR:  25.99443104317457
epoch:  6600 loss:  0.0008679358288645744 PSNR:  26.737651566308493
epoch:  6800 loss:  0.0007882674690335989 PSNR:  27.06937953704683
epoch:  7000 loss:  0.0007294554961845279 PSNR:  27.341080563126074
epoch:  7200 loss:  0.0006675648037344217 PSNR:  27.60699108066625
epoch:  7400 loss:  0.0006515886634588242 PSNR:  27.700501640527953
epoch:  7600 loss:  0.0005842357641085982 PSNR:  28.016943940059154
epoch:  7800 loss:  0.0005513289361260831 PSNR:  28.16617690672426
epoch:  8000 loss:  0.0005306790117174387 PSNR:  28.267880642912825
epoch:  8200 loss:  0.0005139427958056331 PSNR:  28.345283170457556
epoch:  8400 loss:  0.0005065760342404246 PSNR:  28.38568443660194
epoch:  8600 loss:  0.0004634931683540344 PSNR:  28.64720909806629
epoch:  8800 loss:  0.00044641405111178756 PSNR:  28.73562458500668
epoch:  9000 loss:  0.0004647470195777714 PSNR:  28.62812456400027
epoch:  9200 loss:  0.0004147317376919091 PSNR:  28.91840776584346
epoch:  9400 loss:  0.00045934144873172045 PSNR:  28.6436027112423
epoch:  9600 loss:  0.00044183566933497787 PSNR:  28.780120320094472
epoch:  9800 loss:  0.0004053711600136012 PSNR:  28.98911579119424
epoch:  10000 loss:  0.0004028849652968347 PSNR:  28.998909768288105
epoch:  10200 loss:  0.00038320431485772133 PSNR:  29.103442814625815
epoch:  10400 loss:  0.0003759898245334625 PSNR:  29.177712075924326
epoch:  10600 loss:  0.00034659303491935134 PSNR:  29.362318597428935
epoch:  10800 loss:  0.00038821593625470996 PSNR:  29.041477143407384
epoch:  11000 loss:  0.0003517557343002409 PSNR:  29.29091469951075
epoch:  11200 loss:  0.00035439906059764326 PSNR:  29.28646171318619
epoch:  11400 loss:  0.0003400799760129303 PSNR:  29.36664033290878
epoch:  11600 loss:  0.00032845011446624994 PSNR:  29.462930762741845
epoch:  11800 loss:  0.00035457321791909635 PSNR:  29.29437551472368
epoch:  12000 loss:  0.0003639043716248125 PSNR:  29.173222723727203
epoch:  12200 loss:  0.0003151416021864861 PSNR:  29.534208158264455
epoch:  12400 loss:  0.0003149078111164272 PSNR:  29.576446932379273
epoch:  12600 loss:  0.00030365714337676764 PSNR:  29.648533901740368
epoch:  12800 loss:  0.00036549114156514406 PSNR:  29.181716933317247
epoch:  13000 loss:  0.0002952460781671107 PSNR:  29.707001015112546
epoch:  13200 loss:  0.00029531202744692564 PSNR:  29.68505462447264
epoch:  13400 loss:  0.0003537588636390865 PSNR:  29.292014592658173
epoch:  13600 loss:  0.0002866734575945884 PSNR:  29.77020354310885
epoch:  13800 loss:  0.00031237074290402234 PSNR:  29.586722667841364
epoch:  14000 loss:  0.00029573129722848535 PSNR:  29.697132042133987
epoch:  14200 loss:  0.0003235650947317481 PSNR:  29.51292545771368
epoch:  14400 loss:  0.0003142414498142898 PSNR:  29.570710817179673
epoch:  14600 loss:  0.0002786405966617167 PSNR:  29.780106067240347
epoch:  14800 loss:  0.0002684058854356408 PSNR:  29.889925054305692
epoch:  15000 loss:  0.0002789554710034281 PSNR:  29.794619650180444
epoch:  15200 loss:  0.00029633179656229913 PSNR:  29.67992052082481
epoch:  15400 loss:  0.0002922690473496914 PSNR:  29.661489243452678
epoch:  15600 loss:  0.000265694921836257 PSNR:  29.902010306422277
epoch:  15800 loss:  0.000272296805633232 PSNR:  29.854229101761543
epoch:  16000 loss:  0.00027779009542427957 PSNR:  29.805815109175725
epoch:  16200 loss:  0.0002620411978568882 PSNR:  29.962500098806597
epoch:  16400 loss:  0.0002576358092483133 PSNR:  29.96142557629618
epoch:  16600 loss:  0.00027268927078694105 PSNR:  29.829937383459754
epoch:  16800 loss:  0.00029717679717577994 PSNR:  29.706079541097846
epoch:  17000 loss:  0.00030298647470772266 PSNR:  29.621334810767543
epoch:  17200 loss:  0.0002484354190528393 PSNR:  30.03655841159177
epoch:  17400 loss:  0.0002462330739945173 PSNR:  30.0464446092245
epoch:  17600 loss:  0.00025353016098961234 PSNR:  29.975575020078914
epoch:  17800 loss:  0.0002633189724292606 PSNR:  29.9155808960423
epoch:  18000 loss:  0.0002541735884733498 PSNR:  29.98065375107305
epoch:  18200 loss:  0.0002512687351554632 PSNR:  29.98336456940923
epoch:  18400 loss:  0.00029626156901940703 PSNR:  29.643893154570613
epoch:  18600 loss:  0.0002511403290554881 PSNR:  29.962964270507477
epoch:  18800 loss:  0.0002500551054254174 PSNR:  30.004202228930275
epoch:  19000 loss:  0.0002351253351662308 PSNR:  30.113795255630386
epoch:  19200 loss:  0.00026163479196839035 PSNR:  29.890827213452546
epoch:  19400 loss:  0.00025941466446965933 PSNR:  29.856514807680405
epoch:  19600 loss:  0.0002466496080160141 PSNR:  29.995587265300085
epoch:  19800 loss:  0.00023842351220082492 PSNR:  30.082947030443847
epoch:  20000 loss:  0.00024227889662142843 PSNR:  29.99914442764242
epoch:  20200 loss:  0.00025799707509577274 PSNR:  29.86664820278167
epoch:  20400 loss:  0.00025336473481729627 PSNR:  29.943824065422497
epoch:  20600 loss:  0.0002670111716724932 PSNR:  29.881479488746887
epoch:  20800 loss:  0.00022617762442678213 PSNR:  30.171156357576724
epoch:  21000 loss:  0.000278319523204118 PSNR:  29.782864761253727
epoch:  21200 loss:  0.00024298641073983163 PSNR:  30.011505458112048
epoch:  21400 loss:  0.0002435508358757943 PSNR:  30.034041965713342
epoch:  21600 loss:  0.00023774930741637945 PSNR:  30.102315195320895
epoch:  21800 loss:  0.00024369741731788963 PSNR:  30.021310845986683
epoch:  22000 loss:  0.0002511384664103389 PSNR:  29.953795297453162
epoch:  22200 loss:  0.00022286290186457336 PSNR:  30.162516919130915
epoch:  22400 loss:  0.00025335722602903843 PSNR:  29.928322152339284
epoch:  22600 loss:  0.0002521765127312392 PSNR:  29.968588899805354
epoch:  22800 loss:  0.00022885421640239656 PSNR:  30.106769940698083
epoch:  23000 loss:  0.0002294369915034622 PSNR:  30.120783607662176
epoch:  23200 loss:  0.00024612253764644265 PSNR:  30.027971189912243
epoch:  23400 loss:  0.0002346101391594857 PSNR:  30.06609021649407
epoch:  23600 loss:  0.00023013411555439234 PSNR:  30.13688803787194
epoch:  23800 loss:  0.0002200031012762338 PSNR:  30.21344051772879
epoch:  24000 loss:  0.00024328019935637712 PSNR:  30.036664463608854
epoch:  24200 loss:  0.00022823724430054426 PSNR:  30.112475878441934
epoch:  24400 loss:  0.0002429442829452455 PSNR:  30.015219775731573
epoch:  24600 loss:  0.00022053319844417274 PSNR:  30.17451558140385
epoch:  24800 loss:  0.0002137312840204686 PSNR:  30.242679235707264
epoch:  25000 loss:  0.00022963760420680046 PSNR:  30.131613748715637
epoch:  25200 loss:  0.0002160352742066607 PSNR:  30.229554667345383
epoch:  25400 loss:  0.00022170529700815678 PSNR:  30.149329826936704
epoch:  25600 loss:  0.000239969915128313 PSNR:  30.018806771470103
epoch:  25800 loss:  0.00022278590768110007 PSNR:  30.19239997085444
epoch:  26000 loss:  0.00021376826043706387 PSNR:  30.21470673451464
epoch:  26200 loss:  0.00025635914062149823 PSNR:  29.86669380064611
epoch:  26400 loss:  0.0002144568570656702 PSNR:  30.184375440884846
epoch:  26600 loss:  0.00021636269229929894 PSNR:  30.181073682533377
epoch:  26800 loss:  0.0002255383151350543 PSNR:  30.072444341185786
epoch:  27000 loss:  0.00022983833332546055 PSNR:  30.03852181342179
epoch:  27200 loss:  0.00022850194363854825 PSNR:  30.096291999593046
epoch:  27400 loss:  0.00021414246293716133 PSNR:  30.21262224094334
epoch:  27600 loss:  0.00021067506168037653 PSNR:  30.244738359504737
epoch:  27800 loss:  0.000233251994359307 PSNR:  30.073575485782587
epoch:  28000 loss:  0.0002182396565331146 PSNR:  30.18321375201118
epoch:  28200 loss:  0.00021575675054918975 PSNR:  30.16277620930523
epoch:  28400 loss:  0.00020752630371134728 PSNR:  30.275342154508515
epoch:  28600 loss:  0.00024068064521998167 PSNR:  30.0024019881066
epoch:  28800 loss:  0.0002485971781425178 PSNR:  29.923368792702224
epoch:  29000 loss:  0.0012700684601441026 PSNR:  25.385109195760215
epoch:  29200 loss:  0.0009419067646376789 PSNR:  26.423621499666634
epoch:  29400 loss:  0.000717423390597105 PSNR:  27.308255857586925
epoch:  29600 loss:  0.0006358829559758306 PSNR:  27.67835623953075
epoch:  29800 loss:  0.0005682305782102048 PSNR:  28.02380430238843
epoch:  30000 loss:  0.0005375341279432178 PSNR:  28.169561621140524
epoch:  30200 loss:  0.0004997285432182252 PSNR:  28.397086994027042
epoch:  30400 loss:  0.0004801049071829766 PSNR:  28.496865017341815
epoch:  30600 loss:  0.00045470561599358916 PSNR:  28.650945220680853
epoch:  30800 loss:  0.00042475032387301326 PSNR:  28.861367697286244
epoch:  31000 loss:  0.0004083349776919931 PSNR:  28.96486268581789
epoch:  31200 loss:  0.00039591186214238405 PSNR:  29.00280887751805
epoch:  31400 loss:  0.0004149323212914169 PSNR:  28.885403251554003
epoch:  31600 loss:  0.0004120793309994042 PSNR:  28.91017990510132
epoch:  31800 loss:  0.00039151019882410765 PSNR:  29.033231948042364
epoch:  32000 loss:  0.0004060944193042815 PSNR:  28.960168505178714
epoch:  32200 loss:  0.0003423734742682427 PSNR:  29.355724396511505
epoch:  32400 loss:  0.0003397808177396655 PSNR:  29.374681593248976
epoch:  32600 loss:  0.0003575062146410346 PSNR:  29.273438871518564
epoch:  32800 loss:  0.00034476391738280654 PSNR:  29.359481126648106
epoch:  33000 loss:  0.00033284089295193553 PSNR:  29.432423891943277
epoch:  33200 loss:  0.00032416079193353653 PSNR:  29.48735068621863
epoch:  33400 loss:  0.000318140781018883 PSNR:  29.536186959065876
epoch:  33600 loss:  0.00031937967287376523 PSNR:  29.511690915437754
epoch:  33800 loss:  0.0003050196683034301 PSNR:  29.615447516490747
epoch:  34000 loss:  0.0003384500741958618 PSNR:  29.390287364229955
epoch:  34200 loss:  0.00031703643617220223 PSNR:  29.527228686006886
epoch:  34400 loss:  0.0003012075321748853 PSNR:  29.623687977781334
epoch:  34600 loss:  0.0002923749852925539 PSNR:  29.69077295559724
epoch:  34800 loss:  0.0002966399770230055 PSNR:  29.672261905010387
epoch:  35000 loss:  0.00030223169596865773 PSNR:  29.602771623602496
epoch:  35200 loss:  0.00028267569723539054 PSNR:  29.777939956486534
epoch:  35400 loss:  0.00028369444771669805 PSNR:  29.7732750527082
epoch:  35600 loss:  0.0002752137079369277 PSNR:  29.82769283033523
epoch:  35800 loss:  0.0002754617889877409 PSNR:  29.830959433138162
epoch:  36000 loss:  0.0002802162489388138 PSNR:  29.772289515282743
epoch:  36200 loss:  0.00027305836556479335 PSNR:  29.84168648951352
epoch:  36400 loss:  0.00027018223772756755 PSNR:  29.859276472809107
epoch:  36600 loss:  0.0002743086079135537 PSNR:  29.855122897428647
epoch:  36800 loss:  0.0002606955240480602 PSNR:  29.935884354142864
epoch:  37000 loss:  0.00026520085521042347 PSNR:  29.91283969676829
epoch:  37200 loss:  0.00028019712772220373 PSNR:  29.80430643902347
epoch:  37400 loss:  0.00026400326169095933 PSNR:  29.92550481398443
epoch:  37600 loss:  0.0002829583245329559 PSNR:  29.749275139662274
epoch:  37800 loss:  0.00025723621365614235 PSNR:  29.953155544144625
epoch:  38000 loss:  0.0002792623999994248 PSNR:  29.825184270081202
epoch:  38200 loss:  0.0002740771451499313 PSNR:  29.807493099054298
epoch:  38400 loss:  0.0002642154577188194 PSNR:  29.930533752960848
epoch:  38600 loss:  0.00025835284031927586 PSNR:  29.9501391193349
epoch:  38800 loss:  0.0002831068995874375 PSNR:  29.735470977452447
epoch:  39000 loss:  0.000252579222433269 PSNR:  30.01711111913235
epoch:  39200 loss:  0.0002510198100935668 PSNR:  30.00880691302838
epoch:  39400 loss:  0.0002525766030885279 PSNR:  29.993682047099306
epoch:  39600 loss:  0.0002549501368775964 PSNR:  29.96667391224349
epoch:  39800 loss:  0.0002448362356517464 PSNR:  30.042380826453105
PSNR of output image is:  30.042380826453105
(3, 512, 512) (1, 3, 512, 512)
Experiment done
