Processing image: barbara
(3, 512, 512)
(3, 512, 512)
Starting optimization with optimizer 'SAM'
Output directory where image taken from: data/denoising/Set14/mask/4/SAM(sigma=0.1,lr=0.01,decay=0,beta=0)/det/-1.3/1e-09
Output directory where results stored: data/inpainting/Set14/transfer/0.5/12/4
1.1.1.weight         | nonzeros =     988 /   12800             (  7.72%) | total_pruned =   11812 | shape = torch.Size([16, 32, 5, 5])
1.1.1.bias           | nonzeros =       0 /      16             (  0.00%) | total_pruned =      16 | shape = torch.Size([16])
1.2.weight           | nonzeros =       7 /      16             ( 43.75%) | total_pruned =       9 | shape = torch.Size([16])
1.2.bias             | nonzeros =       0 /      16             (  0.00%) | total_pruned =      16 | shape = torch.Size([16])
1.4.1.weight         | nonzeros =     108 /    6400             (  1.69%) | total_pruned =    6292 | shape = torch.Size([16, 16, 5, 5])
1.4.1.bias           | nonzeros =       0 /      16             (  0.00%) | total_pruned =      16 | shape = torch.Size([16])
1.5.weight           | nonzeros =       3 /      16             ( 18.75%) | total_pruned =      13 | shape = torch.Size([16])
1.5.bias             | nonzeros =       0 /      16             (  0.00%) | total_pruned =      16 | shape = torch.Size([16])
1.7.1.1.1.weight     | nonzeros =      71 /   12800             (  0.55%) | total_pruned =   12729 | shape = torch.Size([32, 16, 5, 5])
1.7.1.1.1.bias       | nonzeros =       0 /      32             (  0.00%) | total_pruned =      32 | shape = torch.Size([32])
1.7.1.2.weight       | nonzeros =      15 /      32             ( 46.88%) | total_pruned =      17 | shape = torch.Size([32])
1.7.1.2.bias         | nonzeros =       0 /      32             (  0.00%) | total_pruned =      32 | shape = torch.Size([32])
1.7.1.4.1.weight     | nonzeros =      64 /   25600             (  0.25%) | total_pruned =   25536 | shape = torch.Size([32, 32, 5, 5])
1.7.1.4.1.bias       | nonzeros =       0 /      32             (  0.00%) | total_pruned =      32 | shape = torch.Size([32])
1.7.1.5.weight       | nonzeros =      16 /      32             ( 50.00%) | total_pruned =      16 | shape = torch.Size([32])
1.7.1.5.bias         | nonzeros =       0 /      32             (  0.00%) | total_pruned =      32 | shape = torch.Size([32])
1.7.1.7.1.1.1.weight | nonzeros =      17 /   51200             (  0.03%) | total_pruned =   51183 | shape = torch.Size([64, 32, 5, 5])
1.7.1.7.1.1.1.bias   | nonzeros =       0 /      64             (  0.00%) | total_pruned =      64 | shape = torch.Size([64])
1.7.1.7.1.2.weight   | nonzeros =      27 /      64             ( 42.19%) | total_pruned =      37 | shape = torch.Size([64])
1.7.1.7.1.2.bias     | nonzeros =       0 /      64             (  0.00%) | total_pruned =      64 | shape = torch.Size([64])
1.7.1.7.1.4.1.weight | nonzeros =     102 /  102400             (  0.10%) | total_pruned =  102298 | shape = torch.Size([64, 64, 5, 5])
1.7.1.7.1.4.1.bias   | nonzeros =       0 /      64             (  0.00%) | total_pruned =      64 | shape = torch.Size([64])
1.7.1.7.1.5.weight   | nonzeros =      26 /      64             ( 40.62%) | total_pruned =      38 | shape = torch.Size([64])
1.7.1.7.1.5.bias     | nonzeros =       0 /      64             (  0.00%) | total_pruned =      64 | shape = torch.Size([64])
1.7.1.7.1.7.1.1.1.weight | nonzeros =       7 /  204800             (  0.00%) | total_pruned =  204793 | shape = torch.Size([128, 64, 5, 5])
1.7.1.7.1.7.1.1.1.bias | nonzeros =       0 /     128             (  0.00%) | total_pruned =     128 | shape = torch.Size([128])
1.7.1.7.1.7.1.2.weight | nonzeros =      54 /     128             ( 42.19%) | total_pruned =      74 | shape = torch.Size([128])
1.7.1.7.1.7.1.2.bias | nonzeros =       0 /     128             (  0.00%) | total_pruned =     128 | shape = torch.Size([128])
1.7.1.7.1.7.1.4.1.weight | nonzeros =     113 /  409600             (  0.03%) | total_pruned =  409487 | shape = torch.Size([128, 128, 5, 5])
1.7.1.7.1.7.1.4.1.bias | nonzeros =       0 /     128             (  0.00%) | total_pruned =     128 | shape = torch.Size([128])
1.7.1.7.1.7.1.5.weight | nonzeros =      67 /     128             ( 52.34%) | total_pruned =      61 | shape = torch.Size([128])
1.7.1.7.1.7.1.5.bias | nonzeros =       0 /     128             (  0.00%) | total_pruned =     128 | shape = torch.Size([128])
1.7.1.7.1.7.1.7.1.1.1.weight | nonzeros =     190 /  409600             (  0.05%) | total_pruned =  409410 | shape = torch.Size([128, 128, 5, 5])
1.7.1.7.1.7.1.7.1.1.1.bias | nonzeros =       0 /     128             (  0.00%) | total_pruned =     128 | shape = torch.Size([128])
1.7.1.7.1.7.1.7.1.2.weight | nonzeros =      72 /     128             ( 56.25%) | total_pruned =      56 | shape = torch.Size([128])
1.7.1.7.1.7.1.7.1.2.bias | nonzeros =       0 /     128             (  0.00%) | total_pruned =     128 | shape = torch.Size([128])
1.7.1.7.1.7.1.7.1.4.1.weight | nonzeros =    1714 /  409600             (  0.42%) | total_pruned =  407886 | shape = torch.Size([128, 128, 5, 5])
1.7.1.7.1.7.1.7.1.4.1.bias | nonzeros =       0 /     128             (  0.00%) | total_pruned =     128 | shape = torch.Size([128])
1.7.1.7.1.7.1.7.1.5.weight | nonzeros =      90 /     128             ( 70.31%) | total_pruned =      38 | shape = torch.Size([128])
1.7.1.7.1.7.1.7.1.5.bias | nonzeros =       0 /     128             (  0.00%) | total_pruned =     128 | shape = torch.Size([128])
1.7.1.7.1.7.1.7.1.7.1.1.1.weight | nonzeros =    6176 /  409600             (  1.51%) | total_pruned =  403424 | shape = torch.Size([128, 128, 5, 5])
1.7.1.7.1.7.1.7.1.7.1.1.1.bias | nonzeros =       0 /     128             (  0.00%) | total_pruned =     128 | shape = torch.Size([128])
1.7.1.7.1.7.1.7.1.7.1.2.weight | nonzeros =     101 /     128             ( 78.91%) | total_pruned =      27 | shape = torch.Size([128])
1.7.1.7.1.7.1.7.1.7.1.2.bias | nonzeros =       0 /     128             (  0.00%) | total_pruned =     128 | shape = torch.Size([128])
1.7.1.7.1.7.1.7.1.7.1.4.1.weight | nonzeros =   25282 /  409600             (  6.17%) | total_pruned =  384318 | shape = torch.Size([128, 128, 5, 5])
1.7.1.7.1.7.1.7.1.7.1.4.1.bias | nonzeros =       0 /     128             (  0.00%) | total_pruned =     128 | shape = torch.Size([128])
1.7.1.7.1.7.1.7.1.7.1.5.weight | nonzeros =      83 /     128             ( 64.84%) | total_pruned =      45 | shape = torch.Size([128])
1.7.1.7.1.7.1.7.1.7.1.5.bias | nonzeros =       0 /     128             (  0.00%) | total_pruned =     128 | shape = torch.Size([128])
1.7.1.7.1.7.1.7.1.7.2.weight | nonzeros =      83 /     128             ( 64.84%) | total_pruned =      45 | shape = torch.Size([128])
1.7.1.7.1.7.1.7.1.7.2.bias | nonzeros =       0 /     128             (  0.00%) | total_pruned =     128 | shape = torch.Size([128])
1.7.1.7.1.7.1.7.1.7.3.1.weight | nonzeros =   24218 /  147456             ( 16.42%) | total_pruned =  123238 | shape = torch.Size([128, 128, 3, 3])
1.7.1.7.1.7.1.7.1.7.3.1.bias | nonzeros =       0 /     128             (  0.00%) | total_pruned =     128 | shape = torch.Size([128])
1.7.1.7.1.7.1.7.1.7.4.weight | nonzeros =      80 /     128             ( 62.50%) | total_pruned =      48 | shape = torch.Size([128])
1.7.1.7.1.7.1.7.1.7.4.bias | nonzeros =       0 /     128             (  0.00%) | total_pruned =     128 | shape = torch.Size([128])
1.7.1.7.1.7.1.7.2.weight | nonzeros =      80 /     128             ( 62.50%) | total_pruned =      48 | shape = torch.Size([128])
1.7.1.7.1.7.1.7.2.bias | nonzeros =       0 /     128             (  0.00%) | total_pruned =     128 | shape = torch.Size([128])
1.7.1.7.1.7.1.7.3.1.weight | nonzeros =   21555 /  147456             ( 14.62%) | total_pruned =  125901 | shape = torch.Size([128, 128, 3, 3])
1.7.1.7.1.7.1.7.3.1.bias | nonzeros =       0 /     128             (  0.00%) | total_pruned =     128 | shape = torch.Size([128])
1.7.1.7.1.7.1.7.4.weight | nonzeros =      70 /     128             ( 54.69%) | total_pruned =      58 | shape = torch.Size([128])
1.7.1.7.1.7.1.7.4.bias | nonzeros =       0 /     128             (  0.00%) | total_pruned =     128 | shape = torch.Size([128])
1.7.1.7.1.7.2.weight | nonzeros =      70 /     128             ( 54.69%) | total_pruned =      58 | shape = torch.Size([128])
1.7.1.7.1.7.2.bias   | nonzeros =       0 /     128             (  0.00%) | total_pruned =     128 | shape = torch.Size([128])
1.7.1.7.1.7.3.1.weight | nonzeros =   19209 /  147456             ( 13.03%) | total_pruned =  128247 | shape = torch.Size([128, 128, 3, 3])
1.7.1.7.1.7.3.1.bias | nonzeros =       0 /     128             (  0.00%) | total_pruned =     128 | shape = torch.Size([128])
1.7.1.7.1.7.4.weight | nonzeros =      73 /     128             ( 57.03%) | total_pruned =      55 | shape = torch.Size([128])
1.7.1.7.1.7.4.bias   | nonzeros =       0 /     128             (  0.00%) | total_pruned =     128 | shape = torch.Size([128])
1.7.1.7.2.weight     | nonzeros =      73 /     128             ( 57.03%) | total_pruned =      55 | shape = torch.Size([128])
1.7.1.7.2.bias       | nonzeros =       0 /     128             (  0.00%) | total_pruned =     128 | shape = torch.Size([128])
1.7.1.7.3.1.weight   | nonzeros =   11959 /   73728             ( 16.22%) | total_pruned =   61769 | shape = torch.Size([64, 128, 3, 3])
1.7.1.7.3.1.bias     | nonzeros =       0 /      64             (  0.00%) | total_pruned =      64 | shape = torch.Size([64])
1.7.1.7.4.weight     | nonzeros =      42 /      64             ( 65.62%) | total_pruned =      22 | shape = torch.Size([64])
1.7.1.7.4.bias       | nonzeros =       0 /      64             (  0.00%) | total_pruned =      64 | shape = torch.Size([64])
1.7.2.weight         | nonzeros =      42 /      64             ( 65.62%) | total_pruned =      22 | shape = torch.Size([64])
1.7.2.bias           | nonzeros =       0 /      64             (  0.00%) | total_pruned =      64 | shape = torch.Size([64])
1.7.3.1.weight       | nonzeros =    3997 /   18432             ( 21.69%) | total_pruned =   14435 | shape = torch.Size([32, 64, 3, 3])
1.7.3.1.bias         | nonzeros =       0 /      32             (  0.00%) | total_pruned =      32 | shape = torch.Size([32])
1.7.4.weight         | nonzeros =      23 /      32             ( 71.88%) | total_pruned =       9 | shape = torch.Size([32])
1.7.4.bias           | nonzeros =       0 /      32             (  0.00%) | total_pruned =      32 | shape = torch.Size([32])
2.weight             | nonzeros =      23 /      32             ( 71.88%) | total_pruned =       9 | shape = torch.Size([32])
2.bias               | nonzeros =       0 /      32             (  0.00%) | total_pruned =      32 | shape = torch.Size([32])
3.1.weight           | nonzeros =    1383 /    4608             ( 30.01%) | total_pruned =    3225 | shape = torch.Size([16, 32, 3, 3])
3.1.bias             | nonzeros =       0 /      16             (  0.00%) | total_pruned =      16 | shape = torch.Size([16])
4.weight             | nonzeros =      15 /      16             ( 93.75%) | total_pruned =       1 | shape = torch.Size([16])
4.bias               | nonzeros =       0 /      16             (  0.00%) | total_pruned =      16 | shape = torch.Size([16])
6.1.weight           | nonzeros =      33 /      48             ( 68.75%) | total_pruned =      15 | shape = torch.Size([3, 16, 1, 1])
6.1.bias             | nonzeros =       1 /       3             ( 33.33%) | total_pruned =       2 | shape = torch.Size([3])
alive: 118422, pruned : 2890445, total: 3008867, Compression rate :      25.41x  ( 96.06% pruned)
Initial PSNR of output image is:  12.035202251122875
epoch:  0 loss:  0.030562516301870346 PSNR:  12.035202251122875
epoch:  200 loss:  0.0030005727894604206 PSNR:  22.03065963486399
epoch:  400 loss:  0.0023040245287120342 PSNR:  23.07384651239819
epoch:  600 loss:  0.0017753355205059052 PSNR:  24.03377889113527
epoch:  800 loss:  0.0015288377180695534 PSNR:  24.52514070253434
epoch:  1000 loss:  0.001223143539391458 PSNR:  25.136398543475956
epoch:  1200 loss:  0.0010487532708793879 PSNR:  25.51061329273937
epoch:  1400 loss:  0.0009584747022017837 PSNR:  25.64447338040076
epoch:  1600 loss:  0.000773791573010385 PSNR:  26.091905938694016
epoch:  1800 loss:  0.0007090966100804508 PSNR:  26.262647547118206
epoch:  2000 loss:  0.0006277825450524688 PSNR:  26.401110102758203
epoch:  2200 loss:  0.0005777008482255042 PSNR:  26.52615158955892
epoch:  2400 loss:  0.0005955909145995975 PSNR:  26.493657915626592
epoch:  2600 loss:  0.0005853070179000497 PSNR:  26.438553134647943
epoch:  2800 loss:  0.0005113444058224559 PSNR:  26.589916628817562
epoch:  3000 loss:  0.000513256061822176 PSNR:  26.578166615236626
epoch:  3200 loss:  0.00047480425564572215 PSNR:  26.69987646472187
epoch:  3400 loss:  0.0004637172678485513 PSNR:  26.792080787191132
epoch:  3600 loss:  0.00043913800618611276 PSNR:  26.80381575266971
epoch:  3800 loss:  0.00043855764670297503 PSNR:  26.766064263756924
epoch:  4000 loss:  0.00039275200106203556 PSNR:  26.895057650471102
epoch:  4200 loss:  0.0004024030640721321 PSNR:  26.886016300260977
epoch:  4400 loss:  0.00040807583718560636 PSNR:  26.7948245751137
epoch:  4600 loss:  0.00042050943011417985 PSNR:  26.75602137273026
epoch:  4800 loss:  0.00036021447158418596 PSNR:  26.95175639885516
epoch:  5000 loss:  0.0003501501341816038 PSNR:  26.976036514188007
epoch:  5200 loss:  0.0003887945204041898 PSNR:  26.82400035403582
epoch:  5400 loss:  0.00037383753806352615 PSNR:  26.87686460085551
epoch:  5600 loss:  0.00039512160583399236 PSNR:  26.804437290334167
epoch:  5800 loss:  0.00036418833769857883 PSNR:  26.797605758727165
epoch:  6000 loss:  0.0003322222619317472 PSNR:  26.94090723901939
epoch:  6200 loss:  0.00033850589534267783 PSNR:  26.89434450768899
epoch:  6400 loss:  0.0003316369547974318 PSNR:  26.90432851882197
epoch:  6600 loss:  0.0003654771426226944 PSNR:  26.72491623850684
epoch:  6800 loss:  0.00030600803438574076 PSNR:  26.99222656619966
epoch:  7000 loss:  0.0003118031600024551 PSNR:  26.972106366854327
epoch:  7200 loss:  0.0003065090859308839 PSNR:  26.95173073936104
epoch:  7400 loss:  0.00030166126089170575 PSNR:  26.992216465289886
epoch:  7600 loss:  0.0002867823641281575 PSNR:  27.00645745011592
epoch:  7800 loss:  0.00028417835710570216 PSNR:  27.02623475565174
epoch:  8000 loss:  0.0002866062568500638 PSNR:  26.96805356646213
epoch:  8200 loss:  0.0002992984955199063 PSNR:  26.87689032622678
epoch:  8400 loss:  0.0003399108536541462 PSNR:  26.69820700803173
epoch:  8600 loss:  0.00029861691291444004 PSNR:  26.892057973070692
epoch:  8800 loss:  0.00031402878812514246 PSNR:  26.89761792655588
epoch:  9000 loss:  0.00028152012964710593 PSNR:  26.953213593675507
epoch:  9200 loss:  0.0003344909637235105 PSNR:  26.796750962974613
epoch:  9400 loss:  0.00027645291993394494 PSNR:  26.94579361773187
epoch:  9600 loss:  0.00031136421603150666 PSNR:  26.793595717791767
epoch:  9800 loss:  0.0002717862371355295 PSNR:  26.98000018053177
epoch:  10000 loss:  0.0002931521157734096 PSNR:  26.907801503137648
epoch:  10200 loss:  0.00027826306177303195 PSNR:  26.912477836918992
epoch:  10400 loss:  0.00025747166364453733 PSNR:  26.98346961384173
epoch:  10600 loss:  0.00029220618307590485 PSNR:  26.87992749519774
epoch:  10800 loss:  0.00028267974266782403 PSNR:  26.876507487912555
epoch:  11000 loss:  0.0002618829603306949 PSNR:  26.962617809146067
epoch:  11200 loss:  0.00028659601230174303 PSNR:  26.902052450891667
epoch:  11400 loss:  0.0003031556261703372 PSNR:  26.812525881949618
epoch:  11600 loss:  0.0002751685678958893 PSNR:  26.837781664359888
epoch:  11800 loss:  0.000251459568971768 PSNR:  26.945666010273925
epoch:  12000 loss:  0.00026043649995699525 PSNR:  26.900104150748916
epoch:  12200 loss:  0.00028204123373143375 PSNR:  26.78644278595811
epoch:  12400 loss:  0.00025433453265577555 PSNR:  26.942118589341266
epoch:  12600 loss:  0.0002504322037566453 PSNR:  26.927077993108114
epoch:  12800 loss:  0.0002587762428447604 PSNR:  26.91193268312385
epoch:  13000 loss:  0.0002553159138187766 PSNR:  26.869269169698526
epoch:  13200 loss:  0.0002503911964595318 PSNR:  26.89863880969428
epoch:  13400 loss:  0.00025225180434063077 PSNR:  26.877810991288825
epoch:  13600 loss:  0.00024910675710998476 PSNR:  26.93188139566349
epoch:  13800 loss:  0.0002585024631116539 PSNR:  26.907539370876343
epoch:  14000 loss:  0.0002695459988899529 PSNR:  26.828738422973647
epoch:  14200 loss:  0.00023547610908281058 PSNR:  26.975948267365204
epoch:  14400 loss:  0.00024666887475177646 PSNR:  26.87502689216778
epoch:  14600 loss:  0.00024071030202321708 PSNR:  26.951652735429867
epoch:  14800 loss:  0.0002541849098633975 PSNR:  26.860594358495597
epoch:  15000 loss:  0.0002307820541318506 PSNR:  26.94942097965783
epoch:  15200 loss:  0.00023834654712118208 PSNR:  26.96377862316506
epoch:  15400 loss:  0.0002592452219687402 PSNR:  26.846394954113183
epoch:  15600 loss:  0.00023801313363946974 PSNR:  26.919862967816538
epoch:  15800 loss:  0.00024793558986857533 PSNR:  26.906410757252335
epoch:  16000 loss:  0.0002590593066997826 PSNR:  26.92413516485241
epoch:  16200 loss:  0.0002459883107803762 PSNR:  26.895449726289918
epoch:  16400 loss:  0.0002342318039154634 PSNR:  26.91795452877195
epoch:  16600 loss:  0.00022721753339283168 PSNR:  26.959313041105986
epoch:  16800 loss:  0.0002471653278917074 PSNR:  26.832610793688346
epoch:  17000 loss:  0.000234014296438545 PSNR:  26.882750095661336
epoch:  17200 loss:  0.00026106403674930334 PSNR:  26.818558679101443
epoch:  17400 loss:  0.0002328597183804959 PSNR:  26.931294981521354
epoch:  17600 loss:  0.0002281463675899431 PSNR:  26.940742918700522
epoch:  17800 loss:  0.00022947540855966508 PSNR:  26.9333242706428
epoch:  18000 loss:  0.00022848443768452853 PSNR:  26.91334249352913
epoch:  18200 loss:  0.0002417628129478544 PSNR:  26.817730600591652
epoch:  18400 loss:  0.0002454544883221388 PSNR:  26.86053556272503
epoch:  18600 loss:  0.00024018174735829234 PSNR:  26.824952737989456
epoch:  18800 loss:  0.00022035333677195013 PSNR:  26.900690932827946
epoch:  19000 loss:  0.0002446575090289116 PSNR:  26.88620535449738
epoch:  19200 loss:  0.00023033772595226765 PSNR:  26.87652261922116
epoch:  19400 loss:  0.00021876086248084903 PSNR:  26.90528903733027
epoch:  19600 loss:  0.00022783791064284742 PSNR:  26.861776473109632
epoch:  19800 loss:  0.0002488152531441301 PSNR:  26.82307109640396
epoch:  20000 loss:  0.0002555912942625582 PSNR:  26.81865473448454
epoch:  20200 loss:  0.00023143980070017278 PSNR:  26.90794171991196
epoch:  20400 loss:  0.00023205384786706418 PSNR:  26.88551185891278
epoch:  20600 loss:  0.00023454840993508697 PSNR:  26.847904400965085
epoch:  20800 loss:  0.00021020096028223634 PSNR:  26.921567367185787
epoch:  21000 loss:  0.00021574014681391418 PSNR:  26.901185980920918
epoch:  21200 loss:  0.00022158682986628264 PSNR:  26.870037130205876
epoch:  21400 loss:  0.00020875126938335598 PSNR:  26.924164231406905
epoch:  21600 loss:  0.00022222664847504348 PSNR:  26.8612547349014
epoch:  21800 loss:  0.00021742812532465905 PSNR:  26.84071005745837
epoch:  22000 loss:  0.00022089050617069006 PSNR:  26.862024295582604
epoch:  22200 loss:  0.0002261633489979431 PSNR:  26.83401606170731
epoch:  22400 loss:  0.00023503933334723115 PSNR:  26.826883064894496
epoch:  22600 loss:  0.00023435986076947302 PSNR:  26.787046031100132
epoch:  22800 loss:  0.00023306117509491742 PSNR:  26.81954222744973
epoch:  23000 loss:  0.00022186952992342412 PSNR:  26.856140195332987
epoch:  23200 loss:  0.00022022612392902374 PSNR:  26.871161870879455
epoch:  23400 loss:  0.0002091617789119482 PSNR:  26.86724844581871
epoch:  23600 loss:  0.0002269171818625182 PSNR:  26.88077256811722
epoch:  23800 loss:  0.00022226307191886008 PSNR:  26.87156539788821
epoch:  24000 loss:  0.00025092874420806766 PSNR:  26.67295500987459
epoch:  24200 loss:  0.00022029230603948236 PSNR:  26.894760831080742
epoch:  24400 loss:  0.0002258282620459795 PSNR:  26.84531767120561
epoch:  24600 loss:  0.00021765734709333628 PSNR:  26.891309389536207
epoch:  24800 loss:  0.0002239614841528237 PSNR:  26.800698493636705
epoch:  25000 loss:  0.00022430489480029792 PSNR:  26.840456445333277
epoch:  25200 loss:  0.00020880851661786437 PSNR:  26.860651647447952
epoch:  25400 loss:  0.0002148092316929251 PSNR:  26.867954635802327
epoch:  25600 loss:  0.00021542519971262664 PSNR:  26.833602524115218
epoch:  25800 loss:  0.00021428508625831455 PSNR:  26.852517149892844
epoch:  26000 loss:  0.00021489050413947552 PSNR:  26.82774131885767
epoch:  26200 loss:  0.00021236890461295843 PSNR:  26.84090565404503
epoch:  26400 loss:  0.00022772580268792808 PSNR:  26.78109727971147
epoch:  26600 loss:  0.00021162809571251273 PSNR:  26.832131488560105
epoch:  26800 loss:  0.00021520785230677575 PSNR:  26.90070919179629
epoch:  27000 loss:  0.00020443825633265078 PSNR:  26.87007288774137
epoch:  27200 loss:  0.0002224343770649284 PSNR:  26.776508959465936
epoch:  27400 loss:  0.00021271656441967934 PSNR:  26.840834117698748
epoch:  27600 loss:  0.0002098913973895833 PSNR:  26.827079037056638
epoch:  27800 loss:  0.0002082775317830965 PSNR:  26.88867645353925
epoch:  28000 loss:  0.00021563393238466233 PSNR:  26.762461514976245
epoch:  28200 loss:  0.00022111236467026174 PSNR:  26.87233225290511
epoch:  28400 loss:  0.00021980248857289553 PSNR:  26.775728283574995
epoch:  28600 loss:  0.0002087183966068551 PSNR:  26.84387019573839
epoch:  28800 loss:  0.00020103756105527282 PSNR:  26.872677936168937
epoch:  29000 loss:  0.00020213860261719674 PSNR:  26.891065457124682
epoch:  29200 loss:  0.00019939977210015059 PSNR:  26.86841273917546
epoch:  29400 loss:  0.00022555189207196236 PSNR:  26.80892263672544
epoch:  29600 loss:  0.00019874513964168727 PSNR:  26.86348185829558
epoch:  29800 loss:  0.0002056822704616934 PSNR:  26.8788938422514
epoch:  30000 loss:  0.0002121721627190709 PSNR:  26.873644584391485
epoch:  30200 loss:  0.0002072087663691491 PSNR:  26.83364647310034
epoch:  30400 loss:  0.000204326439416036 PSNR:  26.82707853838852
epoch:  30600 loss:  0.00019986483675893396 PSNR:  26.874520700699524
epoch:  30800 loss:  0.0002017916413024068 PSNR:  26.838261593504896
epoch:  31000 loss:  0.00021360824757721275 PSNR:  26.840741072186226
epoch:  31200 loss:  0.0002199747832491994 PSNR:  26.746431405898687
epoch:  31400 loss:  0.0002123662707163021 PSNR:  26.79047144318677
epoch:  31600 loss:  0.00021277180348988622 PSNR:  26.791725631732678
epoch:  31800 loss:  0.00019773750682361424 PSNR:  26.834440128463616
epoch:  32000 loss:  0.00020204822067171335 PSNR:  26.8603476226092
epoch:  32200 loss:  0.0001930069411173463 PSNR:  26.879122960890843
epoch:  32400 loss:  0.0001971991005120799 PSNR:  26.85147194629229
epoch:  32600 loss:  0.00020012992899864912 PSNR:  26.858353646790214
epoch:  32800 loss:  0.0002020502433879301 PSNR:  26.869290318267865
epoch:  33000 loss:  0.00022651010658591986 PSNR:  26.79988867990067
epoch:  33200 loss:  0.00020003940153401345 PSNR:  26.854099476921824
epoch:  33400 loss:  0.00021782318071927875 PSNR:  26.775482872798683
epoch:  33600 loss:  0.00020965053408872336 PSNR:  26.84111176535129
epoch:  33800 loss:  0.000208748722798191 PSNR:  26.84808027838223
epoch:  34000 loss:  0.0002017200895352289 PSNR:  26.827636583838
epoch:  34200 loss:  0.0002051234187092632 PSNR:  26.807775174061238
epoch:  34400 loss:  0.00020464221597649157 PSNR:  26.83778766314688
epoch:  34600 loss:  0.00019270641496405005 PSNR:  26.861530172696106
epoch:  34800 loss:  0.00019914789299946278 PSNR:  26.852363663741656
epoch:  35000 loss:  0.00020686534116975963 PSNR:  26.776746541470317
epoch:  35200 loss:  0.0002016793005168438 PSNR:  26.802475260370638
epoch:  35400 loss:  0.00020099672838114202 PSNR:  26.83824909467747
epoch:  35600 loss:  0.0002136306429747492 PSNR:  26.753528983297304
epoch:  35800 loss:  0.0001963767863344401 PSNR:  26.82103340492519
epoch:  36000 loss:  0.0001969578443095088 PSNR:  26.81746389738138
epoch:  36200 loss:  0.0001967456191778183 PSNR:  26.862059987205157
epoch:  36400 loss:  0.00019923143554478884 PSNR:  26.827715882977813
epoch:  36600 loss:  0.0002022046537604183 PSNR:  26.798568719757867
epoch:  36800 loss:  0.00019812355458270758 PSNR:  26.86957079832013
epoch:  37000 loss:  0.00019695761147886515 PSNR:  26.8359888982637
epoch:  37200 loss:  0.00020338324247859418 PSNR:  26.79643355269771
epoch:  37400 loss:  0.00019826352945528924 PSNR:  26.844224634922227
epoch:  37600 loss:  0.0002032388438237831 PSNR:  26.80656597425555
epoch:  37800 loss:  0.00019507401157170534 PSNR:  26.832154454057587
epoch:  38000 loss:  0.00020053403568454087 PSNR:  26.80945997789959
epoch:  38200 loss:  0.0002015788049902767 PSNR:  26.804319226057256
epoch:  38400 loss:  0.00020088470773771405 PSNR:  26.837656191631144
epoch:  38600 loss:  0.00019082785001955926 PSNR:  26.84599626318192
epoch:  38800 loss:  0.00019660030375234783 PSNR:  26.79528789954464
epoch:  39000 loss:  0.00021271489094942808 PSNR:  26.763859007023214
epoch:  39200 loss:  0.00020156502432655543 PSNR:  26.763497306315415
epoch:  39400 loss:  0.00018620461924001575 PSNR:  26.848164461546794
epoch:  39600 loss:  0.00019370188238099217 PSNR:  26.85156371753267
epoch:  39800 loss:  0.0002005512360483408 PSNR:  26.827947305098302
PSNR of output image is:  26.827947305098302
(3, 512, 512) (1, 3, 512, 512)
Experiment done
