Processing image: comic
(3, 256, 256)
(3, 256, 256)
Starting optimization with optimizer 'SAM'
Output directory where image taken from: data/denoising/Set14/mask/3/SAM(sigma=0.1,lr=0.01,decay=0,beta=0)/det/-1.3/1e-09
Output directory where results stored: data/inpainting/Set14/transfer/0.5/7/3
1.1.1.weight         | nonzeros =     227 /   12800             (  1.77%) | total_pruned =   12573 | shape = torch.Size([16, 32, 5, 5])
1.1.1.bias           | nonzeros =       0 /      16             (  0.00%) | total_pruned =      16 | shape = torch.Size([16])
1.2.weight           | nonzeros =       6 /      16             ( 37.50%) | total_pruned =      10 | shape = torch.Size([16])
1.2.bias             | nonzeros =       0 /      16             (  0.00%) | total_pruned =      16 | shape = torch.Size([16])
1.4.1.weight         | nonzeros =      33 /    6400             (  0.52%) | total_pruned =    6367 | shape = torch.Size([16, 16, 5, 5])
1.4.1.bias           | nonzeros =       0 /      16             (  0.00%) | total_pruned =      16 | shape = torch.Size([16])
1.5.weight           | nonzeros =       5 /      16             ( 31.25%) | total_pruned =      11 | shape = torch.Size([16])
1.5.bias             | nonzeros =       0 /      16             (  0.00%) | total_pruned =      16 | shape = torch.Size([16])
1.7.1.1.1.weight     | nonzeros =      19 /   12800             (  0.15%) | total_pruned =   12781 | shape = torch.Size([32, 16, 5, 5])
1.7.1.1.1.bias       | nonzeros =       0 /      32             (  0.00%) | total_pruned =      32 | shape = torch.Size([32])
1.7.1.2.weight       | nonzeros =      10 /      32             ( 31.25%) | total_pruned =      22 | shape = torch.Size([32])
1.7.1.2.bias         | nonzeros =       0 /      32             (  0.00%) | total_pruned =      32 | shape = torch.Size([32])
1.7.1.4.1.weight     | nonzeros =      35 /   25600             (  0.14%) | total_pruned =   25565 | shape = torch.Size([32, 32, 5, 5])
1.7.1.4.1.bias       | nonzeros =       0 /      32             (  0.00%) | total_pruned =      32 | shape = torch.Size([32])
1.7.1.5.weight       | nonzeros =      10 /      32             ( 31.25%) | total_pruned =      22 | shape = torch.Size([32])
1.7.1.5.bias         | nonzeros =       0 /      32             (  0.00%) | total_pruned =      32 | shape = torch.Size([32])
1.7.1.7.1.1.1.weight | nonzeros =      23 /   51200             (  0.04%) | total_pruned =   51177 | shape = torch.Size([64, 32, 5, 5])
1.7.1.7.1.1.1.bias   | nonzeros =       0 /      64             (  0.00%) | total_pruned =      64 | shape = torch.Size([64])
1.7.1.7.1.2.weight   | nonzeros =      14 /      64             ( 21.88%) | total_pruned =      50 | shape = torch.Size([64])
1.7.1.7.1.2.bias     | nonzeros =       0 /      64             (  0.00%) | total_pruned =      64 | shape = torch.Size([64])
1.7.1.7.1.4.1.weight | nonzeros =      27 /  102400             (  0.03%) | total_pruned =  102373 | shape = torch.Size([64, 64, 5, 5])
1.7.1.7.1.4.1.bias   | nonzeros =       0 /      64             (  0.00%) | total_pruned =      64 | shape = torch.Size([64])
1.7.1.7.1.5.weight   | nonzeros =      25 /      64             ( 39.06%) | total_pruned =      39 | shape = torch.Size([64])
1.7.1.7.1.5.bias     | nonzeros =       0 /      64             (  0.00%) | total_pruned =      64 | shape = torch.Size([64])
1.7.1.7.1.7.1.1.1.weight | nonzeros =       3 /  204800             (  0.00%) | total_pruned =  204797 | shape = torch.Size([128, 64, 5, 5])
1.7.1.7.1.7.1.1.1.bias | nonzeros =       0 /     128             (  0.00%) | total_pruned =     128 | shape = torch.Size([128])
1.7.1.7.1.7.1.2.weight | nonzeros =      39 /     128             ( 30.47%) | total_pruned =      89 | shape = torch.Size([128])
1.7.1.7.1.7.1.2.bias | nonzeros =       0 /     128             (  0.00%) | total_pruned =     128 | shape = torch.Size([128])
1.7.1.7.1.7.1.4.1.weight | nonzeros =      11 /  409600             (  0.00%) | total_pruned =  409589 | shape = torch.Size([128, 128, 5, 5])
1.7.1.7.1.7.1.4.1.bias | nonzeros =       0 /     128             (  0.00%) | total_pruned =     128 | shape = torch.Size([128])
1.7.1.7.1.7.1.5.weight | nonzeros =      42 /     128             ( 32.81%) | total_pruned =      86 | shape = torch.Size([128])
1.7.1.7.1.7.1.5.bias | nonzeros =       0 /     128             (  0.00%) | total_pruned =     128 | shape = torch.Size([128])
1.7.1.7.1.7.1.7.1.1.1.weight | nonzeros =      22 /  409600             (  0.01%) | total_pruned =  409578 | shape = torch.Size([128, 128, 5, 5])
1.7.1.7.1.7.1.7.1.1.1.bias | nonzeros =       0 /     128             (  0.00%) | total_pruned =     128 | shape = torch.Size([128])
1.7.1.7.1.7.1.7.1.2.weight | nonzeros =      59 /     128             ( 46.09%) | total_pruned =      69 | shape = torch.Size([128])
1.7.1.7.1.7.1.7.1.2.bias | nonzeros =       0 /     128             (  0.00%) | total_pruned =     128 | shape = torch.Size([128])
1.7.1.7.1.7.1.7.1.4.1.weight | nonzeros =     378 /  409600             (  0.09%) | total_pruned =  409222 | shape = torch.Size([128, 128, 5, 5])
1.7.1.7.1.7.1.7.1.4.1.bias | nonzeros =       0 /     128             (  0.00%) | total_pruned =     128 | shape = torch.Size([128])
1.7.1.7.1.7.1.7.1.5.weight | nonzeros =      75 /     128             ( 58.59%) | total_pruned =      53 | shape = torch.Size([128])
1.7.1.7.1.7.1.7.1.5.bias | nonzeros =       0 /     128             (  0.00%) | total_pruned =     128 | shape = torch.Size([128])
1.7.1.7.1.7.1.7.1.7.1.1.1.weight | nonzeros =    2707 /  409600             (  0.66%) | total_pruned =  406893 | shape = torch.Size([128, 128, 5, 5])
1.7.1.7.1.7.1.7.1.7.1.1.1.bias | nonzeros =       0 /     128             (  0.00%) | total_pruned =     128 | shape = torch.Size([128])
1.7.1.7.1.7.1.7.1.7.1.2.weight | nonzeros =      84 /     128             ( 65.62%) | total_pruned =      44 | shape = torch.Size([128])
1.7.1.7.1.7.1.7.1.7.1.2.bias | nonzeros =       0 /     128             (  0.00%) | total_pruned =     128 | shape = torch.Size([128])
1.7.1.7.1.7.1.7.1.7.1.4.1.weight | nonzeros =   16711 /  409600             (  4.08%) | total_pruned =  392889 | shape = torch.Size([128, 128, 5, 5])
1.7.1.7.1.7.1.7.1.7.1.4.1.bias | nonzeros =       0 /     128             (  0.00%) | total_pruned =     128 | shape = torch.Size([128])
1.7.1.7.1.7.1.7.1.7.1.5.weight | nonzeros =      70 /     128             ( 54.69%) | total_pruned =      58 | shape = torch.Size([128])
1.7.1.7.1.7.1.7.1.7.1.5.bias | nonzeros =       0 /     128             (  0.00%) | total_pruned =     128 | shape = torch.Size([128])
1.7.1.7.1.7.1.7.1.7.2.weight | nonzeros =      70 /     128             ( 54.69%) | total_pruned =      58 | shape = torch.Size([128])
1.7.1.7.1.7.1.7.1.7.2.bias | nonzeros =       0 /     128             (  0.00%) | total_pruned =     128 | shape = torch.Size([128])
1.7.1.7.1.7.1.7.1.7.3.1.weight | nonzeros =   19293 /  147456             ( 13.08%) | total_pruned =  128163 | shape = torch.Size([128, 128, 3, 3])
1.7.1.7.1.7.1.7.1.7.3.1.bias | nonzeros =       0 /     128             (  0.00%) | total_pruned =     128 | shape = torch.Size([128])
1.7.1.7.1.7.1.7.1.7.4.weight | nonzeros =      67 /     128             ( 52.34%) | total_pruned =      61 | shape = torch.Size([128])
1.7.1.7.1.7.1.7.1.7.4.bias | nonzeros =       0 /     128             (  0.00%) | total_pruned =     128 | shape = torch.Size([128])
1.7.1.7.1.7.1.7.2.weight | nonzeros =      67 /     128             ( 52.34%) | total_pruned =      61 | shape = torch.Size([128])
1.7.1.7.1.7.1.7.2.bias | nonzeros =       0 /     128             (  0.00%) | total_pruned =     128 | shape = torch.Size([128])
1.7.1.7.1.7.1.7.3.1.weight | nonzeros =   25341 /  147456             ( 17.19%) | total_pruned =  122115 | shape = torch.Size([128, 128, 3, 3])
1.7.1.7.1.7.1.7.3.1.bias | nonzeros =       0 /     128             (  0.00%) | total_pruned =     128 | shape = torch.Size([128])
1.7.1.7.1.7.1.7.4.weight | nonzeros =      89 /     128             ( 69.53%) | total_pruned =      39 | shape = torch.Size([128])
1.7.1.7.1.7.1.7.4.bias | nonzeros =       0 /     128             (  0.00%) | total_pruned =     128 | shape = torch.Size([128])
1.7.1.7.1.7.2.weight | nonzeros =      89 /     128             ( 69.53%) | total_pruned =      39 | shape = torch.Size([128])
1.7.1.7.1.7.2.bias   | nonzeros =       0 /     128             (  0.00%) | total_pruned =     128 | shape = torch.Size([128])
1.7.1.7.1.7.3.1.weight | nonzeros =   24013 /  147456             ( 16.28%) | total_pruned =  123443 | shape = torch.Size([128, 128, 3, 3])
1.7.1.7.1.7.3.1.bias | nonzeros =       0 /     128             (  0.00%) | total_pruned =     128 | shape = torch.Size([128])
1.7.1.7.1.7.4.weight | nonzeros =      64 /     128             ( 50.00%) | total_pruned =      64 | shape = torch.Size([128])
1.7.1.7.1.7.4.bias   | nonzeros =       0 /     128             (  0.00%) | total_pruned =     128 | shape = torch.Size([128])
1.7.1.7.2.weight     | nonzeros =      64 /     128             ( 50.00%) | total_pruned =      64 | shape = torch.Size([128])
1.7.1.7.2.bias       | nonzeros =       0 /     128             (  0.00%) | total_pruned =     128 | shape = torch.Size([128])
1.7.1.7.3.1.weight   | nonzeros =    9958 /   73728             ( 13.51%) | total_pruned =   63770 | shape = torch.Size([64, 128, 3, 3])
1.7.1.7.3.1.bias     | nonzeros =       0 /      64             (  0.00%) | total_pruned =      64 | shape = torch.Size([64])
1.7.1.7.4.weight     | nonzeros =      36 /      64             ( 56.25%) | total_pruned =      28 | shape = torch.Size([64])
1.7.1.7.4.bias       | nonzeros =       0 /      64             (  0.00%) | total_pruned =      64 | shape = torch.Size([64])
1.7.2.weight         | nonzeros =      36 /      64             ( 56.25%) | total_pruned =      28 | shape = torch.Size([64])
1.7.2.bias           | nonzeros =       0 /      64             (  0.00%) | total_pruned =      64 | shape = torch.Size([64])
1.7.3.1.weight       | nonzeros =    2320 /   18432             ( 12.59%) | total_pruned =   16112 | shape = torch.Size([32, 64, 3, 3])
1.7.3.1.bias         | nonzeros =       0 /      32             (  0.00%) | total_pruned =      32 | shape = torch.Size([32])
1.7.4.weight         | nonzeros =      15 /      32             ( 46.88%) | total_pruned =      17 | shape = torch.Size([32])
1.7.4.bias           | nonzeros =       0 /      32             (  0.00%) | total_pruned =      32 | shape = torch.Size([32])
2.weight             | nonzeros =      15 /      32             ( 46.88%) | total_pruned =      17 | shape = torch.Size([32])
2.bias               | nonzeros =       0 /      32             (  0.00%) | total_pruned =      32 | shape = torch.Size([32])
3.1.weight           | nonzeros =     944 /    4608             ( 20.49%) | total_pruned =    3664 | shape = torch.Size([16, 32, 3, 3])
3.1.bias             | nonzeros =       0 /      16             (  0.00%) | total_pruned =      16 | shape = torch.Size([16])
4.weight             | nonzeros =      16 /      16             (100.00%) | total_pruned =       0 | shape = torch.Size([16])
4.bias               | nonzeros =       0 /      16             (  0.00%) | total_pruned =      16 | shape = torch.Size([16])
6.1.weight           | nonzeros =      30 /      48             ( 62.50%) | total_pruned =      18 | shape = torch.Size([3, 16, 1, 1])
6.1.bias             | nonzeros =       1 /       3             ( 33.33%) | total_pruned =       2 | shape = torch.Size([3])
alive: 103163, pruned : 2905704, total: 3008867, Compression rate :      29.17x  ( 96.57% pruned)
Initial PSNR of output image is:  17.2193860507599
epoch:  0 loss:  0.009429504163563251 PSNR:  17.2193860507599
epoch:  200 loss:  0.008033009245991707 PSNR:  17.720383633512384
epoch:  400 loss:  0.004814160987734795 PSNR:  19.623340739412185
epoch:  600 loss:  0.0032700374722480774 PSNR:  20.83259882634737
epoch:  800 loss:  0.0022812094539403915 PSNR:  21.744753641277676
epoch:  1000 loss:  0.0019151474116370082 PSNR:  22.074087844511006
epoch:  1200 loss:  0.0013409903040155768 PSNR:  22.62919960670922
epoch:  1400 loss:  0.0011110797058790922 PSNR:  22.79458936693365
epoch:  1600 loss:  0.000897875230293721 PSNR:  23.069511964522682
epoch:  1800 loss:  0.0008331774733960629 PSNR:  23.055520433816717
epoch:  2000 loss:  0.000737789727281779 PSNR:  23.144385871266824
epoch:  2200 loss:  0.000781236682087183 PSNR:  22.941015721856125
epoch:  2400 loss:  0.0006832471117377281 PSNR:  23.02324491902949
epoch:  2600 loss:  0.000568946183193475 PSNR:  23.16163631462667
epoch:  2800 loss:  0.0005688576493412256 PSNR:  23.14854142881761
epoch:  3000 loss:  0.0006114427815191448 PSNR:  22.986938221709785
epoch:  3200 loss:  0.0005682718474417925 PSNR:  23.048209603435094
epoch:  3400 loss:  0.0004652340430766344 PSNR:  23.146783898582676
epoch:  3600 loss:  0.0004349724331405014 PSNR:  23.179693984720416
epoch:  3800 loss:  0.00052345369476825 PSNR:  23.064948783638503
epoch:  4000 loss:  0.00045412135659717023 PSNR:  23.060507413729162
epoch:  4200 loss:  0.00040844251634553075 PSNR:  23.088189966797298
epoch:  4400 loss:  0.0005200660671107471 PSNR:  22.824544833735267
epoch:  4600 loss:  0.0004925496177747846 PSNR:  22.922926675681808
epoch:  4800 loss:  0.00034286914160475135 PSNR:  23.115735972425483
epoch:  5000 loss:  0.0003224538522772491 PSNR:  23.040585615443952
epoch:  5200 loss:  0.00037688971497118473 PSNR:  23.061710544052136
epoch:  5400 loss:  0.0003121124755125493 PSNR:  23.056954805073644
epoch:  5600 loss:  0.0003270446031820029 PSNR:  23.012937583067238
epoch:  5800 loss:  0.0003975523868575692 PSNR:  22.892474267050847
epoch:  6000 loss:  0.0003116106672678143 PSNR:  23.026977927538987
epoch:  6200 loss:  0.00036915019154548645 PSNR:  22.78199163702757
epoch:  6400 loss:  0.0002786917320918292 PSNR:  23.00966953346103
epoch:  6600 loss:  0.00026865192921832204 PSNR:  22.990779455548783
epoch:  6800 loss:  0.0003503970510791987 PSNR:  22.982598384541163
epoch:  7000 loss:  0.0003120927431154996 PSNR:  22.96879710503952
epoch:  7200 loss:  0.00032571167685091496 PSNR:  22.818133181538172
epoch:  7400 loss:  0.00035483608371578157 PSNR:  22.79754000813355
epoch:  7600 loss:  0.0002574815007392317 PSNR:  22.954591093440833
epoch:  7800 loss:  0.00031797654810361564 PSNR:  22.894077868574115
epoch:  8000 loss:  0.0002679938916116953 PSNR:  22.963357270233303
epoch:  8200 loss:  0.0002770229475572705 PSNR:  22.886824451451332
epoch:  8400 loss:  0.005360135342925787 PSNR:  19.117643853450183
epoch:  8600 loss:  0.0018950148951262236 PSNR:  21.99450138021929
epoch:  8800 loss:  0.0012419867562130094 PSNR:  22.695043307473743
epoch:  9000 loss:  0.0010578871006146073 PSNR:  22.798457101803464
epoch:  9200 loss:  0.0008259816095232964 PSNR:  22.98535184672485
epoch:  9400 loss:  0.0007338969735428691 PSNR:  23.046436327258796
epoch:  9600 loss:  0.0006780490512028337 PSNR:  23.016918149838098
epoch:  9800 loss:  0.0006783236749470234 PSNR:  22.907775302132585
epoch:  10000 loss:  0.0006410459172911942 PSNR:  22.84678174173376
epoch:  10200 loss:  0.004695552866905928 PSNR:  19.484616791078174
epoch:  10400 loss:  0.0024931994266808033 PSNR:  21.274320211530828
epoch:  10600 loss:  0.00195318297483027 PSNR:  21.736128561529753
epoch:  10800 loss:  0.0014632015954703093 PSNR:  22.21198611817701
epoch:  11000 loss:  0.0012577781453728676 PSNR:  22.368131210388185
epoch:  11200 loss:  0.001112211961299181 PSNR:  22.471394957164613
epoch:  11400 loss:  0.0010821179021149874 PSNR:  22.42623893371626
epoch:  11600 loss:  0.0009290571324527264 PSNR:  22.571880071620747
epoch:  11800 loss:  0.0008569150231778622 PSNR:  22.633287273918107
epoch:  12000 loss:  0.0008076636004261672 PSNR:  22.65530619608752
epoch:  12200 loss:  0.0007783532491885126 PSNR:  22.644144853262272
epoch:  12400 loss:  0.0006940474268049002 PSNR:  22.716454814994048
epoch:  12600 loss:  0.0007262604194693267 PSNR:  22.652317993655174
epoch:  12800 loss:  0.0006487566279247403 PSNR:  22.71084427954395
epoch:  13000 loss:  0.0007553418399766088 PSNR:  22.534577133629554
epoch:  13200 loss:  0.0005944286822341383 PSNR:  22.7604245420415
epoch:  13400 loss:  0.0006359738181345165 PSNR:  22.670561635383095
epoch:  13600 loss:  0.0006289201555773616 PSNR:  22.593694536441053
epoch:  13800 loss:  0.0005685882642865181 PSNR:  22.667781959399413
epoch:  14000 loss:  0.0005270339315757155 PSNR:  22.696532732844666
epoch:  14200 loss:  0.0004854446742683649 PSNR:  22.727621122449584
epoch:  14400 loss:  0.0005291543784551322 PSNR:  22.674940409163305
epoch:  14600 loss:  0.00046925898641347885 PSNR:  22.719717863565347
epoch:  14800 loss:  0.00047186133451759815 PSNR:  22.689224436106088
epoch:  15000 loss:  0.00044885260285809636 PSNR:  22.70565498403034
epoch:  15200 loss:  0.00044150068424642086 PSNR:  22.686263865193016
epoch:  15400 loss:  0.0005017273942939937 PSNR:  22.607707501884846
epoch:  15600 loss:  0.0004762618918903172 PSNR:  22.580598135368014
epoch:  15800 loss:  0.0005621289601549506 PSNR:  22.408551125281008
epoch:  16000 loss:  0.00041874111047945917 PSNR:  22.634902198857993
epoch:  16200 loss:  0.00043449350050650537 PSNR:  22.62345565256506
epoch:  16400 loss:  0.0004874906735494733 PSNR:  22.49405545210774
epoch:  16600 loss:  0.00039762730011716485 PSNR:  22.639279683639323
epoch:  16800 loss:  0.00041658623376861215 PSNR:  22.580655655091242
epoch:  17000 loss:  0.0003873027744702995 PSNR:  22.605875651547098
epoch:  17200 loss:  0.0004392105038277805 PSNR:  22.523109265663454
epoch:  17400 loss:  0.0003992936108261347 PSNR:  22.585860862086594
epoch:  17600 loss:  0.0003835806855931878 PSNR:  22.54804615161413
epoch:  17800 loss:  0.00037052150582894683 PSNR:  22.590144373898305
epoch:  18000 loss:  0.0003873004752676934 PSNR:  22.538935161084297
epoch:  18200 loss:  0.00046348816249519587 PSNR:  22.47439918959564
epoch:  18400 loss:  0.0003639177302829921 PSNR:  22.543999023894173
epoch:  18600 loss:  0.0004343674227129668 PSNR:  22.413385815870587
epoch:  18800 loss:  0.0003624467644840479 PSNR:  22.52072262337258
epoch:  19000 loss:  0.00039775806362740695 PSNR:  22.472460817956346
epoch:  19200 loss:  0.0003163303481414914 PSNR:  22.52972664695447
epoch:  19400 loss:  0.00042281876085326076 PSNR:  22.433655432798044
epoch:  19600 loss:  0.0003808049368672073 PSNR:  22.40838632908924
epoch:  19800 loss:  0.0004085271793883294 PSNR:  22.408135625508443
epoch:  20000 loss:  0.0003058119327761233 PSNR:  22.512110107301154
epoch:  20200 loss:  0.00032252026721835136 PSNR:  22.495791866811917
epoch:  20400 loss:  0.00032579642720520496 PSNR:  22.515624815749057
epoch:  20600 loss:  0.0004050797433592379 PSNR:  22.376803080966837
epoch:  20800 loss:  0.00032569648465141654 PSNR:  22.436227517151885
epoch:  21000 loss:  0.0004482563817873597 PSNR:  22.34145230931133
epoch:  21200 loss:  0.00030936903203837574 PSNR:  22.461709515656857
epoch:  21400 loss:  0.00033320876536890864 PSNR:  22.451453104270627
epoch:  21600 loss:  0.00029996372177265584 PSNR:  22.454576668501414
epoch:  21800 loss:  0.0003499993763398379 PSNR:  22.401677956040285
epoch:  22000 loss:  0.00029367394745349884 PSNR:  22.44821806626988
epoch:  22200 loss:  0.0002813683822751045 PSNR:  22.45286945831696
epoch:  22400 loss:  0.0003156879101879895 PSNR:  22.402661432299315
epoch:  22600 loss:  0.0002987552434206009 PSNR:  22.46937114912282
epoch:  22800 loss:  0.00027516420232132077 PSNR:  22.455291348379323
epoch:  23000 loss:  0.0003467638453003019 PSNR:  22.33345076315228
epoch:  23200 loss:  0.00026500935200601816 PSNR:  22.436181092765533
epoch:  23400 loss:  0.00026475160848349333 PSNR:  22.439810070206228
epoch:  23600 loss:  0.0002821309317369014 PSNR:  22.424356922176965
epoch:  23800 loss:  0.0003213557356502861 PSNR:  22.38057448611542
epoch:  24000 loss:  0.000305040564853698 PSNR:  22.422032752699607
epoch:  24200 loss:  0.0002685320214368403 PSNR:  22.382430965381552
epoch:  24400 loss:  0.00030215614242479205 PSNR:  22.371015255634667
epoch:  24600 loss:  0.0002605642075650394 PSNR:  22.41554240955611
epoch:  24800 loss:  0.00025441707111895084 PSNR:  22.393965551774834
epoch:  25000 loss:  0.00024802767438814044 PSNR:  22.37570836419909
epoch:  25200 loss:  0.00027733121532946825 PSNR:  22.363191534506957
epoch:  25400 loss:  0.0002775925677269697 PSNR:  22.379550525110954
epoch:  25600 loss:  0.0003006925689987838 PSNR:  22.313645520501943
epoch:  25800 loss:  0.00034129768027924 PSNR:  22.267847437560498
epoch:  26000 loss:  0.00026033929316326976 PSNR:  22.36416040747222
epoch:  26200 loss:  0.0002889998140744865 PSNR:  22.348122746849185
epoch:  26400 loss:  0.004274930339306593 PSNR:  19.80429744948091
epoch:  26600 loss:  0.0024843483697623014 PSNR:  21.194897776908448
epoch:  26800 loss:  0.0018679506611078978 PSNR:  21.71990012724891
epoch:  27000 loss:  0.0015425458550453186 PSNR:  22.017306848900944
epoch:  27200 loss:  0.0014452476752921939 PSNR:  22.001222889453636
epoch:  27400 loss:  0.0011395481415092945 PSNR:  22.33650615557149
epoch:  27600 loss:  0.0011321951169520617 PSNR:  22.225497491833032
epoch:  27800 loss:  0.001022067037411034 PSNR:  22.33194134450772
epoch:  28000 loss:  0.0008939072722569108 PSNR:  22.410940668386008
epoch:  28200 loss:  0.000896339537575841 PSNR:  22.356393897314955
epoch:  28400 loss:  0.0008673507254570723 PSNR:  22.36490010275698
epoch:  28600 loss:  0.0007610797183588147 PSNR:  22.43357786879305
epoch:  28800 loss:  0.0007553169270977378 PSNR:  22.3909234896767
epoch:  29000 loss:  0.0006924771587364376 PSNR:  22.436586879953552
epoch:  29200 loss:  0.0006658363854512572 PSNR:  22.418400240861438
epoch:  29400 loss:  0.0006528883241117001 PSNR:  22.429602709455494
epoch:  29600 loss:  0.0006677871569991112 PSNR:  22.332142708416516
epoch:  29800 loss:  0.0007762066088616848 PSNR:  22.193829414147608
epoch:  30000 loss:  0.0006409602938219905 PSNR:  22.348642293190686
epoch:  30200 loss:  0.0005908580496907234 PSNR:  22.396232257375264
epoch:  30400 loss:  0.0006590929115191102 PSNR:  22.259076515316586
epoch:  30600 loss:  0.0005622054450213909 PSNR:  22.359605100870482
epoch:  30800 loss:  0.000555787468329072 PSNR:  22.3170138556911
epoch:  31000 loss:  0.0005182197201065719 PSNR:  22.317363487766194
epoch:  31200 loss:  0.0005268126260489225 PSNR:  22.310520782117344
epoch:  31400 loss:  0.0005059041432105005 PSNR:  22.334992212603098
epoch:  31600 loss:  0.0005776616744697094 PSNR:  22.214977081910003
epoch:  31800 loss:  0.0005339800263755023 PSNR:  22.211426467125722
epoch:  32000 loss:  0.0005680635804310441 PSNR:  22.14830730531355
epoch:  32200 loss:  0.0004862740752287209 PSNR:  22.25670649683363
epoch:  32400 loss:  0.00046796404058113694 PSNR:  22.266086996496696
epoch:  32600 loss:  0.000455603061709553 PSNR:  22.22597961334314
epoch:  32800 loss:  0.000428525498136878 PSNR:  22.286863695286193
epoch:  33000 loss:  0.0004887917311862111 PSNR:  22.162602872206207
epoch:  33200 loss:  0.0004440498014446348 PSNR:  22.245640868135858
epoch:  33400 loss:  0.0004767498467117548 PSNR:  22.181563890456843
epoch:  33600 loss:  0.0004433074500411749 PSNR:  22.2347227875801
epoch:  33800 loss:  0.00039974061655811965 PSNR:  22.244789293601336
epoch:  34000 loss:  0.0004356489225756377 PSNR:  22.21496832552066
epoch:  34200 loss:  0.0004404042265377939 PSNR:  22.204477391600324
epoch:  34400 loss:  0.00038410277920775115 PSNR:  22.23044887411042
epoch:  34600 loss:  0.00040613795863464475 PSNR:  22.170142815820142
epoch:  34800 loss:  0.0005038815434090793 PSNR:  22.100344345581135
epoch:  35000 loss:  0.0003799786791205406 PSNR:  22.18615057939165
epoch:  35200 loss:  0.00043614901369437575 PSNR:  22.156231773846518
epoch:  35400 loss:  0.00039977754931896925 PSNR:  22.15529756015488
epoch:  35600 loss:  0.00046958084567449987 PSNR:  22.078284301987598
epoch:  35800 loss:  0.00038231792859733105 PSNR:  22.15206026425455
epoch:  36000 loss:  0.0004331447998993099 PSNR:  22.073140166339897
epoch:  36200 loss:  0.0004027141258120537 PSNR:  22.10570867479128
epoch:  36400 loss:  0.0003938415029551834 PSNR:  22.11313033465941
epoch:  36600 loss:  0.00037177660851739347 PSNR:  22.07619649382355
epoch:  36800 loss:  0.00036818848457187414 PSNR:  22.117558009327432
epoch:  37000 loss:  0.00033855540095828474 PSNR:  22.137007643485653
epoch:  37200 loss:  0.0003977889136876911 PSNR:  22.048893734906613
epoch:  37400 loss:  0.0003469004004728049 PSNR:  22.084066819503864
epoch:  37600 loss:  0.00041816927841864526 PSNR:  21.961382231469514
epoch:  37800 loss:  0.0004582653637044132 PSNR:  21.98322784717124
epoch:  38000 loss:  0.0058172522112727165 PSNR:  18.79201312377092
epoch:  38200 loss:  0.0028360045980662107 PSNR:  20.931017327574125
epoch:  38400 loss:  0.0020049884915351868 PSNR:  21.67676254452269
epoch:  38600 loss:  0.0016007301164790988 PSNR:  22.052526039157748
epoch:  38800 loss:  0.001466310815885663 PSNR:  22.13210377301662
epoch:  39000 loss:  0.0012573497369885445 PSNR:  22.312968928824745
epoch:  39200 loss:  0.0010970712173730135 PSNR:  22.467967610314197
epoch:  39400 loss:  0.0010252890642732382 PSNR:  22.4946875789971
epoch:  39600 loss:  0.0009879178833216429 PSNR:  22.47677838900116
epoch:  39800 loss:  0.0008975735399872065 PSNR:  22.55187758667411
PSNR of output image is:  22.55187758667411
(3, 256, 256) (1, 3, 256, 256)
Experiment done
