Processing image: pepper
(3, 512, 512)
(3, 512, 512)
Starting optimization with optimizer 'SAM'
Output directory where image taken from: data/denoising/Set14/mask/8/SAM(sigma=0.1,lr=0.01,decay=0,beta=0)/det/-1.3/1e-09
Output directory where results stored: data/inpainting/Set14/transfer/0.5/5
1.1.1.weight         | nonzeros =     901 /   12800             (  7.04%) | total_pruned =   11899 | shape = torch.Size([16, 32, 5, 5])
1.1.1.bias           | nonzeros =       0 /      16             (  0.00%) | total_pruned =      16 | shape = torch.Size([16])
1.2.weight           | nonzeros =       6 /      16             ( 37.50%) | total_pruned =      10 | shape = torch.Size([16])
1.2.bias             | nonzeros =       0 /      16             (  0.00%) | total_pruned =      16 | shape = torch.Size([16])
1.4.1.weight         | nonzeros =     109 /    6400             (  1.70%) | total_pruned =    6291 | shape = torch.Size([16, 16, 5, 5])
1.4.1.bias           | nonzeros =       0 /      16             (  0.00%) | total_pruned =      16 | shape = torch.Size([16])
1.5.weight           | nonzeros =       6 /      16             ( 37.50%) | total_pruned =      10 | shape = torch.Size([16])
1.5.bias             | nonzeros =       0 /      16             (  0.00%) | total_pruned =      16 | shape = torch.Size([16])
1.7.1.1.1.weight     | nonzeros =      72 /   12800             (  0.56%) | total_pruned =   12728 | shape = torch.Size([32, 16, 5, 5])
1.7.1.1.1.bias       | nonzeros =       0 /      32             (  0.00%) | total_pruned =      32 | shape = torch.Size([32])
1.7.1.2.weight       | nonzeros =       9 /      32             ( 28.12%) | total_pruned =      23 | shape = torch.Size([32])
1.7.1.2.bias         | nonzeros =       0 /      32             (  0.00%) | total_pruned =      32 | shape = torch.Size([32])
1.7.1.4.1.weight     | nonzeros =     146 /   25600             (  0.57%) | total_pruned =   25454 | shape = torch.Size([32, 32, 5, 5])
1.7.1.4.1.bias       | nonzeros =       0 /      32             (  0.00%) | total_pruned =      32 | shape = torch.Size([32])
1.7.1.5.weight       | nonzeros =      12 /      32             ( 37.50%) | total_pruned =      20 | shape = torch.Size([32])
1.7.1.5.bias         | nonzeros =       0 /      32             (  0.00%) | total_pruned =      32 | shape = torch.Size([32])
1.7.1.7.1.1.1.weight | nonzeros =      94 /   51200             (  0.18%) | total_pruned =   51106 | shape = torch.Size([64, 32, 5, 5])
1.7.1.7.1.1.1.bias   | nonzeros =       0 /      64             (  0.00%) | total_pruned =      64 | shape = torch.Size([64])
1.7.1.7.1.2.weight   | nonzeros =      23 /      64             ( 35.94%) | total_pruned =      41 | shape = torch.Size([64])
1.7.1.7.1.2.bias     | nonzeros =       0 /      64             (  0.00%) | total_pruned =      64 | shape = torch.Size([64])
1.7.1.7.1.4.1.weight | nonzeros =     150 /  102400             (  0.15%) | total_pruned =  102250 | shape = torch.Size([64, 64, 5, 5])
1.7.1.7.1.4.1.bias   | nonzeros =       0 /      64             (  0.00%) | total_pruned =      64 | shape = torch.Size([64])
1.7.1.7.1.5.weight   | nonzeros =      30 /      64             ( 46.88%) | total_pruned =      34 | shape = torch.Size([64])
1.7.1.7.1.5.bias     | nonzeros =       0 /      64             (  0.00%) | total_pruned =      64 | shape = torch.Size([64])
1.7.1.7.1.7.1.1.1.weight | nonzeros =      25 /  204800             (  0.01%) | total_pruned =  204775 | shape = torch.Size([128, 64, 5, 5])
1.7.1.7.1.7.1.1.1.bias | nonzeros =       0 /     128             (  0.00%) | total_pruned =     128 | shape = torch.Size([128])
1.7.1.7.1.7.1.2.weight | nonzeros =      65 /     128             ( 50.78%) | total_pruned =      63 | shape = torch.Size([128])
1.7.1.7.1.7.1.2.bias | nonzeros =       0 /     128             (  0.00%) | total_pruned =     128 | shape = torch.Size([128])
1.7.1.7.1.7.1.4.1.weight | nonzeros =     113 /  409600             (  0.03%) | total_pruned =  409487 | shape = torch.Size([128, 128, 5, 5])
1.7.1.7.1.7.1.4.1.bias | nonzeros =       0 /     128             (  0.00%) | total_pruned =     128 | shape = torch.Size([128])
1.7.1.7.1.7.1.5.weight | nonzeros =      76 /     128             ( 59.38%) | total_pruned =      52 | shape = torch.Size([128])
1.7.1.7.1.7.1.5.bias | nonzeros =       0 /     128             (  0.00%) | total_pruned =     128 | shape = torch.Size([128])
1.7.1.7.1.7.1.7.1.1.1.weight | nonzeros =     112 /  409600             (  0.03%) | total_pruned =  409488 | shape = torch.Size([128, 128, 5, 5])
1.7.1.7.1.7.1.7.1.1.1.bias | nonzeros =       0 /     128             (  0.00%) | total_pruned =     128 | shape = torch.Size([128])
1.7.1.7.1.7.1.7.1.2.weight | nonzeros =      91 /     128             ( 71.09%) | total_pruned =      37 | shape = torch.Size([128])
1.7.1.7.1.7.1.7.1.2.bias | nonzeros =       0 /     128             (  0.00%) | total_pruned =     128 | shape = torch.Size([128])
1.7.1.7.1.7.1.7.1.4.1.weight | nonzeros =    2023 /  409600             (  0.49%) | total_pruned =  407577 | shape = torch.Size([128, 128, 5, 5])
1.7.1.7.1.7.1.7.1.4.1.bias | nonzeros =       0 /     128             (  0.00%) | total_pruned =     128 | shape = torch.Size([128])
1.7.1.7.1.7.1.7.1.5.weight | nonzeros =      99 /     128             ( 77.34%) | total_pruned =      29 | shape = torch.Size([128])
1.7.1.7.1.7.1.7.1.5.bias | nonzeros =       0 /     128             (  0.00%) | total_pruned =     128 | shape = torch.Size([128])
1.7.1.7.1.7.1.7.1.7.1.1.1.weight | nonzeros =    7833 /  409600             (  1.91%) | total_pruned =  401767 | shape = torch.Size([128, 128, 5, 5])
1.7.1.7.1.7.1.7.1.7.1.1.1.bias | nonzeros =       0 /     128             (  0.00%) | total_pruned =     128 | shape = torch.Size([128])
1.7.1.7.1.7.1.7.1.7.1.2.weight | nonzeros =     105 /     128             ( 82.03%) | total_pruned =      23 | shape = torch.Size([128])
1.7.1.7.1.7.1.7.1.7.1.2.bias | nonzeros =       0 /     128             (  0.00%) | total_pruned =     128 | shape = torch.Size([128])
1.7.1.7.1.7.1.7.1.7.1.4.1.weight | nonzeros =   32112 /  409600             (  7.84%) | total_pruned =  377488 | shape = torch.Size([128, 128, 5, 5])
1.7.1.7.1.7.1.7.1.7.1.4.1.bias | nonzeros =       0 /     128             (  0.00%) | total_pruned =     128 | shape = torch.Size([128])
1.7.1.7.1.7.1.7.1.7.1.5.weight | nonzeros =      87 /     128             ( 67.97%) | total_pruned =      41 | shape = torch.Size([128])
1.7.1.7.1.7.1.7.1.7.1.5.bias | nonzeros =       0 /     128             (  0.00%) | total_pruned =     128 | shape = torch.Size([128])
1.7.1.7.1.7.1.7.1.7.2.weight | nonzeros =      87 /     128             ( 67.97%) | total_pruned =      41 | shape = torch.Size([128])
1.7.1.7.1.7.1.7.1.7.2.bias | nonzeros =       0 /     128             (  0.00%) | total_pruned =     128 | shape = torch.Size([128])
1.7.1.7.1.7.1.7.1.7.3.1.weight | nonzeros =   30402 /  147456             ( 20.62%) | total_pruned =  117054 | shape = torch.Size([128, 128, 3, 3])
1.7.1.7.1.7.1.7.1.7.3.1.bias | nonzeros =       0 /     128             (  0.00%) | total_pruned =     128 | shape = torch.Size([128])
1.7.1.7.1.7.1.7.1.7.4.weight | nonzeros =      91 /     128             ( 71.09%) | total_pruned =      37 | shape = torch.Size([128])
1.7.1.7.1.7.1.7.1.7.4.bias | nonzeros =       0 /     128             (  0.00%) | total_pruned =     128 | shape = torch.Size([128])
1.7.1.7.1.7.1.7.2.weight | nonzeros =      91 /     128             ( 71.09%) | total_pruned =      37 | shape = torch.Size([128])
1.7.1.7.1.7.1.7.2.bias | nonzeros =       0 /     128             (  0.00%) | total_pruned =     128 | shape = torch.Size([128])
1.7.1.7.1.7.1.7.3.1.weight | nonzeros =   31997 /  147456             ( 21.70%) | total_pruned =  115459 | shape = torch.Size([128, 128, 3, 3])
1.7.1.7.1.7.1.7.3.1.bias | nonzeros =       0 /     128             (  0.00%) | total_pruned =     128 | shape = torch.Size([128])
1.7.1.7.1.7.1.7.4.weight | nonzeros =      89 /     128             ( 69.53%) | total_pruned =      39 | shape = torch.Size([128])
1.7.1.7.1.7.1.7.4.bias | nonzeros =       0 /     128             (  0.00%) | total_pruned =     128 | shape = torch.Size([128])
1.7.1.7.1.7.2.weight | nonzeros =      89 /     128             ( 69.53%) | total_pruned =      39 | shape = torch.Size([128])
1.7.1.7.1.7.2.bias   | nonzeros =       0 /     128             (  0.00%) | total_pruned =     128 | shape = torch.Size([128])
1.7.1.7.1.7.3.1.weight | nonzeros =   18716 /  147456             ( 12.69%) | total_pruned =  128740 | shape = torch.Size([128, 128, 3, 3])
1.7.1.7.1.7.3.1.bias | nonzeros =       0 /     128             (  0.00%) | total_pruned =     128 | shape = torch.Size([128])
1.7.1.7.1.7.4.weight | nonzeros =      52 /     128             ( 40.62%) | total_pruned =      76 | shape = torch.Size([128])
1.7.1.7.1.7.4.bias   | nonzeros =       0 /     128             (  0.00%) | total_pruned =     128 | shape = torch.Size([128])
1.7.1.7.2.weight     | nonzeros =      52 /     128             ( 40.62%) | total_pruned =      76 | shape = torch.Size([128])
1.7.1.7.2.bias       | nonzeros =       0 /     128             (  0.00%) | total_pruned =     128 | shape = torch.Size([128])
1.7.1.7.3.1.weight   | nonzeros =    6205 /   73728             (  8.42%) | total_pruned =   67523 | shape = torch.Size([64, 128, 3, 3])
1.7.1.7.3.1.bias     | nonzeros =       0 /      64             (  0.00%) | total_pruned =      64 | shape = torch.Size([64])
1.7.1.7.4.weight     | nonzeros =      28 /      64             ( 43.75%) | total_pruned =      36 | shape = torch.Size([64])
1.7.1.7.4.bias       | nonzeros =       0 /      64             (  0.00%) | total_pruned =      64 | shape = torch.Size([64])
1.7.2.weight         | nonzeros =      28 /      64             ( 43.75%) | total_pruned =      36 | shape = torch.Size([64])
1.7.2.bias           | nonzeros =       0 /      64             (  0.00%) | total_pruned =      64 | shape = torch.Size([64])
1.7.3.1.weight       | nonzeros =    1823 /   18432             (  9.89%) | total_pruned =   16609 | shape = torch.Size([32, 64, 3, 3])
1.7.3.1.bias         | nonzeros =       0 /      32             (  0.00%) | total_pruned =      32 | shape = torch.Size([32])
1.7.4.weight         | nonzeros =      15 /      32             ( 46.88%) | total_pruned =      17 | shape = torch.Size([32])
1.7.4.bias           | nonzeros =       0 /      32             (  0.00%) | total_pruned =      32 | shape = torch.Size([32])
2.weight             | nonzeros =      15 /      32             ( 46.88%) | total_pruned =      17 | shape = torch.Size([32])
2.bias               | nonzeros =       0 /      32             (  0.00%) | total_pruned =      32 | shape = torch.Size([32])
3.1.weight           | nonzeros =    1015 /    4608             ( 22.03%) | total_pruned =    3593 | shape = torch.Size([16, 32, 3, 3])
3.1.bias             | nonzeros =       0 /      16             (  0.00%) | total_pruned =      16 | shape = torch.Size([16])
4.weight             | nonzeros =      16 /      16             (100.00%) | total_pruned =       0 | shape = torch.Size([16])
4.bias               | nonzeros =       0 /      16             (  0.00%) | total_pruned =      16 | shape = torch.Size([16])
6.1.weight           | nonzeros =      30 /      48             ( 62.50%) | total_pruned =      18 | shape = torch.Size([3, 16, 1, 1])
6.1.bias             | nonzeros =       0 /       3             (  0.00%) | total_pruned =       3 | shape = torch.Size([3])
alive: 135140, pruned : 2873727, total: 3008867, Compression rate :      22.26x  ( 95.51% pruned)
Initial PSNR of output image is:  9.25337065697126
epoch:  0 loss:  0.05134095251560211 PSNR:  9.25337065697126
epoch:  200 loss:  0.0020343801006674767 PSNR:  23.2177717329975
epoch:  400 loss:  0.0012053701793774962 PSNR:  25.427850025041764
epoch:  600 loss:  0.0008338153129443526 PSNR:  26.91506475455485
epoch:  800 loss:  0.0006391489878296852 PSNR:  27.975389393659125
epoch:  1000 loss:  0.000592682627029717 PSNR:  28.256877726396105
epoch:  1200 loss:  0.0005190094234421849 PSNR:  28.756775126347375
epoch:  1400 loss:  0.00046639732317999005 PSNR:  29.149992607907173
epoch:  1600 loss:  0.00044944052933715284 PSNR:  29.269936457787473
epoch:  1800 loss:  0.00043366089812479913 PSNR:  29.363735946002162
epoch:  2000 loss:  0.00041066910489462316 PSNR:  29.53547827269101
epoch:  2200 loss:  0.0003760415129363537 PSNR:  29.838592659856108
epoch:  2400 loss:  0.0004247811157256365 PSNR:  29.40007123076721
epoch:  2600 loss:  0.00038539100205525756 PSNR:  29.69396346296743
epoch:  2800 loss:  0.0003592204302549362 PSNR:  29.93502598083176
epoch:  3000 loss:  0.00036001423723064363 PSNR:  29.92520132146246
epoch:  3200 loss:  0.0003317659138701856 PSNR:  30.158857891869406
epoch:  3400 loss:  0.00032066847779788077 PSNR:  30.253662582659196
epoch:  3600 loss:  0.00031963858054950833 PSNR:  30.246201543430015
epoch:  3800 loss:  0.0003164635272696614 PSNR:  30.27966553781061
epoch:  4000 loss:  0.00032873390591703355 PSNR:  30.12487793408916
epoch:  4200 loss:  0.0003096280270256102 PSNR:  30.30043613197978
epoch:  4400 loss:  0.0003052344254683703 PSNR:  30.345916582170194
epoch:  4600 loss:  0.0003072356921620667 PSNR:  30.31369985828315
epoch:  4800 loss:  0.00030294779571704566 PSNR:  30.3288867958784
epoch:  5000 loss:  0.00030682419310323894 PSNR:  30.277762053354387
epoch:  5200 loss:  0.00028183445101603866 PSNR:  30.508750222671537
epoch:  5400 loss:  0.00029409927083179355 PSNR:  30.381201359146385
epoch:  5600 loss:  0.00029080116655677557 PSNR:  30.38671236226704
epoch:  5800 loss:  0.00028700835537165403 PSNR:  30.41056000390858
epoch:  6000 loss:  0.00026891063316725194 PSNR:  30.604496664077804
epoch:  6200 loss:  0.0002763479424174875 PSNR:  30.49961536572898
epoch:  6400 loss:  0.0002665173087734729 PSNR:  30.596442046744727
epoch:  6600 loss:  0.000267302239080891 PSNR:  30.576411555390642
epoch:  6800 loss:  0.0002961995778605342 PSNR:  30.264232374278546
epoch:  7000 loss:  0.00030099903233349323 PSNR:  30.17962645246731
epoch:  7200 loss:  0.00026144934236072004 PSNR:  30.598356474963666
epoch:  7400 loss:  0.0002550929202698171 PSNR:  30.660004354201472
epoch:  7600 loss:  0.0002601402811706066 PSNR:  30.604944375558226
epoch:  7800 loss:  0.00025655332137830555 PSNR:  30.62320831417194
epoch:  8000 loss:  0.00025406567147001624 PSNR:  30.63592373330802
epoch:  8200 loss:  0.00027104205219075084 PSNR:  30.45900240081587
epoch:  8400 loss:  0.0002679567551240325 PSNR:  30.470883304646588
epoch:  8600 loss:  0.00026462157256901264 PSNR:  30.51543316486239
epoch:  8800 loss:  0.00026060803793370724 PSNR:  30.53449260716851
epoch:  9000 loss:  0.00025015760911628604 PSNR:  30.644947153397226
epoch:  9200 loss:  0.00025786232436075807 PSNR:  30.51841542233033
epoch:  9400 loss:  0.00026172809884883463 PSNR:  30.49697147803219
epoch:  9600 loss:  0.00024668872356414795 PSNR:  30.658908179464337
epoch:  9800 loss:  0.00023981579579412937 PSNR:  30.712035701739605
epoch:  10000 loss:  0.00024178190506063402 PSNR:  30.69039944065953
epoch:  10200 loss:  0.0002471977786626667 PSNR:  30.609896161279536
epoch:  10400 loss:  0.0002459329552948475 PSNR:  30.625789252633695
epoch:  10600 loss:  0.00024913583183661103 PSNR:  30.597761672728474
epoch:  10800 loss:  0.0002377136843279004 PSNR:  30.699620078343372
epoch:  11000 loss:  0.0002450042520649731 PSNR:  30.632873592255226
epoch:  11200 loss:  0.00024284863320644945 PSNR:  30.612637688071306
epoch:  11400 loss:  0.00023511191830039024 PSNR:  30.703545679871507
epoch:  11600 loss:  0.00023303487978409976 PSNR:  30.73319610261613
epoch:  11800 loss:  0.0002269645337946713 PSNR:  30.78481585124843
epoch:  12000 loss:  0.00023806262470316142 PSNR:  30.670546240968545
epoch:  12200 loss:  0.0002342002553632483 PSNR:  30.699129498641035
epoch:  12400 loss:  0.00022684040595777333 PSNR:  30.76967714406758
epoch:  12600 loss:  0.0002345167304156348 PSNR:  30.686288613242326
epoch:  12800 loss:  0.0002356262266403064 PSNR:  30.68886376897629
epoch:  13000 loss:  0.000242015506955795 PSNR:  30.601771698836032
epoch:  13200 loss:  0.0002363678941037506 PSNR:  30.6604390855615
epoch:  13400 loss:  0.00024023459991440177 PSNR:  30.60645738311436
epoch:  13600 loss:  0.0002311060088686645 PSNR:  30.70068599959331
epoch:  13800 loss:  0.00022118152992334217 PSNR:  30.79202766231549
epoch:  14000 loss:  0.0002455253852531314 PSNR:  30.555783815868157
epoch:  14200 loss:  0.00023508703452534974 PSNR:  30.623560999252106
epoch:  14400 loss:  0.00023949923343025148 PSNR:  30.59674757332345
epoch:  14600 loss:  0.0002230257960036397 PSNR:  30.74888736007054
epoch:  14800 loss:  0.0002204586344305426 PSNR:  30.763741149813406
epoch:  15000 loss:  0.00023260076704900712 PSNR:  30.649610684737624
epoch:  15200 loss:  0.0002555676910560578 PSNR:  30.3607041613161
epoch:  15400 loss:  0.00022038647148292512 PSNR:  30.780260254636044
epoch:  15600 loss:  0.00022455898579210043 PSNR:  30.7147051783593
epoch:  15800 loss:  0.00022271391935646534 PSNR:  30.723860071251444
epoch:  16000 loss:  0.00021532000391744077 PSNR:  30.815361606732715
epoch:  16200 loss:  0.000244580878643319 PSNR:  30.48427601846764
epoch:  16400 loss:  0.00021683782688342035 PSNR:  30.796737309441976
epoch:  16600 loss:  0.00023245028569363058 PSNR:  30.617373912402623
epoch:  16800 loss:  0.0002196507848566398 PSNR:  30.76430015096185
epoch:  17000 loss:  0.0002236750442534685 PSNR:  30.689829974813563
epoch:  17200 loss:  0.00021517081768251956 PSNR:  30.77954931187027
epoch:  17400 loss:  0.00022123467351775616 PSNR:  30.71319848132252
epoch:  17600 loss:  0.00021516359993256629 PSNR:  30.79807878717733
epoch:  17800 loss:  0.0002187565842177719 PSNR:  30.754279760173453
epoch:  18000 loss:  0.00023055814381223172 PSNR:  30.592540247716535
epoch:  18200 loss:  0.000214985542697832 PSNR:  30.766086854923728
epoch:  18400 loss:  0.00021281999943312258 PSNR:  30.799998717760534
epoch:  18600 loss:  0.00021385413128882647 PSNR:  30.789951530335863
epoch:  18800 loss:  0.0002273044956382364 PSNR:  30.628799581409307
epoch:  19000 loss:  0.000213649618672207 PSNR:  30.78372452585157
epoch:  19200 loss:  0.00022466585505753756 PSNR:  30.647041709163133
epoch:  19400 loss:  0.00022052308486308903 PSNR:  30.686643373590663
epoch:  19600 loss:  0.00021423882571980357 PSNR:  30.75881932402818
epoch:  19800 loss:  0.00021067584748379886 PSNR:  30.805226016166767
epoch:  20000 loss:  0.00020785207743756473 PSNR:  30.828079765786857
epoch:  20200 loss:  0.00021160829055588692 PSNR:  30.78604843564568
epoch:  20400 loss:  0.00021046592155471444 PSNR:  30.792061377365535
epoch:  20600 loss:  0.0002123995654983446 PSNR:  30.778061961817237
epoch:  20800 loss:  0.00022678897948935628 PSNR:  30.615657795737032
epoch:  21000 loss:  0.00021157255105208606 PSNR:  30.77513986445488
epoch:  21200 loss:  0.0002128257037838921 PSNR:  30.772418308601104
epoch:  21400 loss:  0.00022208073642104864 PSNR:  30.66498729399438
epoch:  21600 loss:  0.00020935203065164387 PSNR:  30.810662768519403
epoch:  21800 loss:  0.0002159118594136089 PSNR:  30.724687822155442
epoch:  22000 loss:  0.00021898193517699838 PSNR:  30.7171339648446
epoch:  22200 loss:  0.00021141255274415016 PSNR:  30.764639355273342
epoch:  22400 loss:  0.00021136415307410061 PSNR:  30.74426020521672
epoch:  22600 loss:  0.0002669129753485322 PSNR:  30.17217662814027
epoch:  22800 loss:  0.0002317593025509268 PSNR:  30.571615950153
epoch:  23000 loss:  0.00021151802502572536 PSNR:  30.763483307739996
epoch:  23200 loss:  0.00020685190975200385 PSNR:  30.800800992199555
epoch:  23400 loss:  0.0002066605957224965 PSNR:  30.802716493855947
epoch:  23600 loss:  0.00021119590383023024 PSNR:  30.748667602952985
epoch:  23800 loss:  0.00020464695990085602 PSNR:  30.80966401640683
epoch:  24000 loss:  0.00020705629140138626 PSNR:  30.79340422178872
epoch:  24200 loss:  0.00021331143216229975 PSNR:  30.73174636066211
epoch:  24400 loss:  0.0002132414374500513 PSNR:  30.705221839816453
epoch:  24600 loss:  0.0002040756808128208 PSNR:  30.822381037826485
epoch:  24800 loss:  0.0002046112495008856 PSNR:  30.807612216924447
epoch:  25000 loss:  0.0002039956016233191 PSNR:  30.808900295304106
epoch:  25200 loss:  0.00020627104095183313 PSNR:  30.78283603263898
epoch:  25400 loss:  0.00020937032240908593 PSNR:  30.739692799210545
epoch:  25600 loss:  0.00020394191960804164 PSNR:  30.80977262662155
epoch:  25800 loss:  0.00021481930161826313 PSNR:  30.692884351752426
epoch:  26000 loss:  0.00020615357789210975 PSNR:  30.779871848327826
epoch:  26200 loss:  0.00020675788982771337 PSNR:  30.76929282732278
epoch:  26400 loss:  0.00020378854242153466 PSNR:  30.810791861295574
epoch:  26600 loss:  0.00021819461835548282 PSNR:  30.668315049835574
epoch:  26800 loss:  0.00021360916434787214 PSNR:  30.68876019843048
epoch:  27000 loss:  0.00020425305410753936 PSNR:  30.7910381017054
epoch:  27200 loss:  0.000204605094040744 PSNR:  30.805569841390348
epoch:  27400 loss:  0.00021132343681529164 PSNR:  30.702556808028806
epoch:  27600 loss:  0.00020789487462025136 PSNR:  30.741926256350997
epoch:  27800 loss:  0.00020049826707690954 PSNR:  30.82524769257659
epoch:  28000 loss:  0.00020966364536434412 PSNR:  30.713915545973766
epoch:  28200 loss:  0.0002036496007349342 PSNR:  30.794433326038583
epoch:  28400 loss:  0.00021167649538256228 PSNR:  30.732901265230193
epoch:  28600 loss:  0.00019886286463588476 PSNR:  30.826363308954498
epoch:  28800 loss:  0.00020113935170229524 PSNR:  30.8133720524758
epoch:  29000 loss:  0.0002157034759875387 PSNR:  30.67036865967618
epoch:  29200 loss:  0.00021040986757725477 PSNR:  30.71138892828225
epoch:  29400 loss:  0.0002060016558971256 PSNR:  30.744751393629087
epoch:  29600 loss:  0.00020689735538326204 PSNR:  30.746982588422856
epoch:  29800 loss:  0.0001995608618017286 PSNR:  30.819334969748144
epoch:  30000 loss:  0.00020939778187312186 PSNR:  30.69952622103711
epoch:  30200 loss:  0.0002021539694396779 PSNR:  30.767244992589433
epoch:  30400 loss:  0.00021309089788701385 PSNR:  30.68182042922368
epoch:  30600 loss:  0.0002035149809671566 PSNR:  30.75844084575179
epoch:  30800 loss:  0.0002191043458878994 PSNR:  30.58908434413098
epoch:  31000 loss:  0.00020094872161280364 PSNR:  30.786981434806147
epoch:  31200 loss:  0.00020144744485151023 PSNR:  30.785288154482547
epoch:  31400 loss:  0.0002076946257147938 PSNR:  30.725715642242335
epoch:  31600 loss:  0.00021107349311932921 PSNR:  30.677326053534813
epoch:  31800 loss:  0.0002066611050395295 PSNR:  30.704672800376663
epoch:  32000 loss:  0.0001984295668080449 PSNR:  30.81677525236205
epoch:  32200 loss:  0.0002065690205199644 PSNR:  30.722089615083913
epoch:  32400 loss:  0.0001986967254197225 PSNR:  30.808930615927103
epoch:  32600 loss:  0.00019967998377978802 PSNR:  30.810425755707445
epoch:  32800 loss:  0.00020297756418585777 PSNR:  30.753000120728323
epoch:  33000 loss:  0.00020017148926854134 PSNR:  30.789156872874138
epoch:  33200 loss:  0.0001948162680491805 PSNR:  30.837666221780857
epoch:  33400 loss:  0.00020573451183736324 PSNR:  30.734802642403505
epoch:  33600 loss:  0.00019558507483452559 PSNR:  30.835879277063523
epoch:  33800 loss:  0.000214202213101089 PSNR:  30.644693891997193
epoch:  34000 loss:  0.00019966937543358654 PSNR:  30.790493202210317
epoch:  34200 loss:  0.00019509074627421796 PSNR:  30.81989869890039
epoch:  34400 loss:  0.00019674711802508682 PSNR:  30.822256551209005
epoch:  34600 loss:  0.00019609705486800522 PSNR:  30.83144170919749
epoch:  34800 loss:  0.00020984052389394492 PSNR:  30.650773185969932
epoch:  35000 loss:  0.0001997114159166813 PSNR:  30.76862629310505
epoch:  35200 loss:  0.00019621895626187325 PSNR:  30.809812121918526
epoch:  35400 loss:  0.00019695880473591387 PSNR:  30.791661730380532
epoch:  35600 loss:  0.00020189478527754545 PSNR:  30.7379366891298
epoch:  35800 loss:  0.00019716646056622267 PSNR:  30.792798959577958
epoch:  36000 loss:  0.0002002636610995978 PSNR:  30.777577492601456
epoch:  36200 loss:  0.0002096117241308093 PSNR:  30.661706391804593
epoch:  36400 loss:  0.00019434530986472964 PSNR:  30.822209516001106
epoch:  36600 loss:  0.0001950111472979188 PSNR:  30.817786239956924
epoch:  36800 loss:  0.0001960729423444718 PSNR:  30.802247571917576
epoch:  37000 loss:  0.00019760038412641734 PSNR:  30.78219404732014
epoch:  37200 loss:  0.00019625117420218885 PSNR:  30.782051786126313
epoch:  37400 loss:  0.00019864365458488464 PSNR:  30.77649428333978
epoch:  37600 loss:  0.00019733973022084683 PSNR:  30.769494065303874
epoch:  37800 loss:  0.00019579680520109832 PSNR:  30.782455455652283
epoch:  38000 loss:  0.00019162404350936413 PSNR:  30.829275809249577
epoch:  38200 loss:  0.00019649052410386503 PSNR:  30.786559455848188
epoch:  38400 loss:  0.00019303573935758322 PSNR:  30.81467702096881
epoch:  38600 loss:  0.00020518315432127565 PSNR:  30.672709217454894
epoch:  38800 loss:  0.00019674183567985892 PSNR:  30.77423248965776
epoch:  39000 loss:  0.00020464265253394842 PSNR:  30.6855308599372
epoch:  39200 loss:  0.00019490940030664206 PSNR:  30.77883008230411
epoch:  39400 loss:  0.00020814931485801935 PSNR:  30.641419119930315
epoch:  39600 loss:  0.00019626386347226799 PSNR:  30.76292371401179
epoch:  39800 loss:  0.00019951502326875925 PSNR:  30.734840421953
PSNR of output image is:  30.734840421953
(3, 512, 512) (1, 3, 512, 512)
Experiment done
Processing image: pepper
(3, 512, 512)
(3, 512, 512)
Starting optimization with optimizer 'SAM'
Output directory where image taken from: data/denoising/Set14/mask/8/SAM(sigma=0.1,lr=0.01,decay=0,beta=0)/det/-1.3/1e-09
Output directory where results stored: data/inpainting/Set14/transfer/0.5/5/8
1.1.1.weight         | nonzeros =     901 /   12800             (  7.04%) | total_pruned =   11899 | shape = torch.Size([16, 32, 5, 5])
1.1.1.bias           | nonzeros =       0 /      16             (  0.00%) | total_pruned =      16 | shape = torch.Size([16])
1.2.weight           | nonzeros =       6 /      16             ( 37.50%) | total_pruned =      10 | shape = torch.Size([16])
1.2.bias             | nonzeros =       0 /      16             (  0.00%) | total_pruned =      16 | shape = torch.Size([16])
1.4.1.weight         | nonzeros =     109 /    6400             (  1.70%) | total_pruned =    6291 | shape = torch.Size([16, 16, 5, 5])
1.4.1.bias           | nonzeros =       0 /      16             (  0.00%) | total_pruned =      16 | shape = torch.Size([16])
1.5.weight           | nonzeros =       6 /      16             ( 37.50%) | total_pruned =      10 | shape = torch.Size([16])
1.5.bias             | nonzeros =       0 /      16             (  0.00%) | total_pruned =      16 | shape = torch.Size([16])
1.7.1.1.1.weight     | nonzeros =      72 /   12800             (  0.56%) | total_pruned =   12728 | shape = torch.Size([32, 16, 5, 5])
1.7.1.1.1.bias       | nonzeros =       0 /      32             (  0.00%) | total_pruned =      32 | shape = torch.Size([32])
1.7.1.2.weight       | nonzeros =       9 /      32             ( 28.12%) | total_pruned =      23 | shape = torch.Size([32])
1.7.1.2.bias         | nonzeros =       0 /      32             (  0.00%) | total_pruned =      32 | shape = torch.Size([32])
1.7.1.4.1.weight     | nonzeros =     146 /   25600             (  0.57%) | total_pruned =   25454 | shape = torch.Size([32, 32, 5, 5])
1.7.1.4.1.bias       | nonzeros =       0 /      32             (  0.00%) | total_pruned =      32 | shape = torch.Size([32])
1.7.1.5.weight       | nonzeros =      12 /      32             ( 37.50%) | total_pruned =      20 | shape = torch.Size([32])
1.7.1.5.bias         | nonzeros =       0 /      32             (  0.00%) | total_pruned =      32 | shape = torch.Size([32])
1.7.1.7.1.1.1.weight | nonzeros =      94 /   51200             (  0.18%) | total_pruned =   51106 | shape = torch.Size([64, 32, 5, 5])
1.7.1.7.1.1.1.bias   | nonzeros =       0 /      64             (  0.00%) | total_pruned =      64 | shape = torch.Size([64])
1.7.1.7.1.2.weight   | nonzeros =      23 /      64             ( 35.94%) | total_pruned =      41 | shape = torch.Size([64])
1.7.1.7.1.2.bias     | nonzeros =       0 /      64             (  0.00%) | total_pruned =      64 | shape = torch.Size([64])
1.7.1.7.1.4.1.weight | nonzeros =     150 /  102400             (  0.15%) | total_pruned =  102250 | shape = torch.Size([64, 64, 5, 5])
1.7.1.7.1.4.1.bias   | nonzeros =       0 /      64             (  0.00%) | total_pruned =      64 | shape = torch.Size([64])
1.7.1.7.1.5.weight   | nonzeros =      30 /      64             ( 46.88%) | total_pruned =      34 | shape = torch.Size([64])
1.7.1.7.1.5.bias     | nonzeros =       0 /      64             (  0.00%) | total_pruned =      64 | shape = torch.Size([64])
1.7.1.7.1.7.1.1.1.weight | nonzeros =      25 /  204800             (  0.01%) | total_pruned =  204775 | shape = torch.Size([128, 64, 5, 5])
1.7.1.7.1.7.1.1.1.bias | nonzeros =       0 /     128             (  0.00%) | total_pruned =     128 | shape = torch.Size([128])
1.7.1.7.1.7.1.2.weight | nonzeros =      65 /     128             ( 50.78%) | total_pruned =      63 | shape = torch.Size([128])
1.7.1.7.1.7.1.2.bias | nonzeros =       0 /     128             (  0.00%) | total_pruned =     128 | shape = torch.Size([128])
1.7.1.7.1.7.1.4.1.weight | nonzeros =     113 /  409600             (  0.03%) | total_pruned =  409487 | shape = torch.Size([128, 128, 5, 5])
1.7.1.7.1.7.1.4.1.bias | nonzeros =       0 /     128             (  0.00%) | total_pruned =     128 | shape = torch.Size([128])
1.7.1.7.1.7.1.5.weight | nonzeros =      76 /     128             ( 59.38%) | total_pruned =      52 | shape = torch.Size([128])
1.7.1.7.1.7.1.5.bias | nonzeros =       0 /     128             (  0.00%) | total_pruned =     128 | shape = torch.Size([128])
1.7.1.7.1.7.1.7.1.1.1.weight | nonzeros =     112 /  409600             (  0.03%) | total_pruned =  409488 | shape = torch.Size([128, 128, 5, 5])
1.7.1.7.1.7.1.7.1.1.1.bias | nonzeros =       0 /     128             (  0.00%) | total_pruned =     128 | shape = torch.Size([128])
1.7.1.7.1.7.1.7.1.2.weight | nonzeros =      91 /     128             ( 71.09%) | total_pruned =      37 | shape = torch.Size([128])
1.7.1.7.1.7.1.7.1.2.bias | nonzeros =       0 /     128             (  0.00%) | total_pruned =     128 | shape = torch.Size([128])
1.7.1.7.1.7.1.7.1.4.1.weight | nonzeros =    2023 /  409600             (  0.49%) | total_pruned =  407577 | shape = torch.Size([128, 128, 5, 5])
1.7.1.7.1.7.1.7.1.4.1.bias | nonzeros =       0 /     128             (  0.00%) | total_pruned =     128 | shape = torch.Size([128])
1.7.1.7.1.7.1.7.1.5.weight | nonzeros =      99 /     128             ( 77.34%) | total_pruned =      29 | shape = torch.Size([128])
1.7.1.7.1.7.1.7.1.5.bias | nonzeros =       0 /     128             (  0.00%) | total_pruned =     128 | shape = torch.Size([128])
1.7.1.7.1.7.1.7.1.7.1.1.1.weight | nonzeros =    7833 /  409600             (  1.91%) | total_pruned =  401767 | shape = torch.Size([128, 128, 5, 5])
1.7.1.7.1.7.1.7.1.7.1.1.1.bias | nonzeros =       0 /     128             (  0.00%) | total_pruned =     128 | shape = torch.Size([128])
1.7.1.7.1.7.1.7.1.7.1.2.weight | nonzeros =     105 /     128             ( 82.03%) | total_pruned =      23 | shape = torch.Size([128])
1.7.1.7.1.7.1.7.1.7.1.2.bias | nonzeros =       0 /     128             (  0.00%) | total_pruned =     128 | shape = torch.Size([128])
1.7.1.7.1.7.1.7.1.7.1.4.1.weight | nonzeros =   32112 /  409600             (  7.84%) | total_pruned =  377488 | shape = torch.Size([128, 128, 5, 5])
1.7.1.7.1.7.1.7.1.7.1.4.1.bias | nonzeros =       0 /     128             (  0.00%) | total_pruned =     128 | shape = torch.Size([128])
1.7.1.7.1.7.1.7.1.7.1.5.weight | nonzeros =      87 /     128             ( 67.97%) | total_pruned =      41 | shape = torch.Size([128])
1.7.1.7.1.7.1.7.1.7.1.5.bias | nonzeros =       0 /     128             (  0.00%) | total_pruned =     128 | shape = torch.Size([128])
1.7.1.7.1.7.1.7.1.7.2.weight | nonzeros =      87 /     128             ( 67.97%) | total_pruned =      41 | shape = torch.Size([128])
1.7.1.7.1.7.1.7.1.7.2.bias | nonzeros =       0 /     128             (  0.00%) | total_pruned =     128 | shape = torch.Size([128])
1.7.1.7.1.7.1.7.1.7.3.1.weight | nonzeros =   30402 /  147456             ( 20.62%) | total_pruned =  117054 | shape = torch.Size([128, 128, 3, 3])
1.7.1.7.1.7.1.7.1.7.3.1.bias | nonzeros =       0 /     128             (  0.00%) | total_pruned =     128 | shape = torch.Size([128])
1.7.1.7.1.7.1.7.1.7.4.weight | nonzeros =      91 /     128             ( 71.09%) | total_pruned =      37 | shape = torch.Size([128])
1.7.1.7.1.7.1.7.1.7.4.bias | nonzeros =       0 /     128             (  0.00%) | total_pruned =     128 | shape = torch.Size([128])
1.7.1.7.1.7.1.7.2.weight | nonzeros =      91 /     128             ( 71.09%) | total_pruned =      37 | shape = torch.Size([128])
1.7.1.7.1.7.1.7.2.bias | nonzeros =       0 /     128             (  0.00%) | total_pruned =     128 | shape = torch.Size([128])
1.7.1.7.1.7.1.7.3.1.weight | nonzeros =   31997 /  147456             ( 21.70%) | total_pruned =  115459 | shape = torch.Size([128, 128, 3, 3])
1.7.1.7.1.7.1.7.3.1.bias | nonzeros =       0 /     128             (  0.00%) | total_pruned =     128 | shape = torch.Size([128])
1.7.1.7.1.7.1.7.4.weight | nonzeros =      89 /     128             ( 69.53%) | total_pruned =      39 | shape = torch.Size([128])
1.7.1.7.1.7.1.7.4.bias | nonzeros =       0 /     128             (  0.00%) | total_pruned =     128 | shape = torch.Size([128])
1.7.1.7.1.7.2.weight | nonzeros =      89 /     128             ( 69.53%) | total_pruned =      39 | shape = torch.Size([128])
1.7.1.7.1.7.2.bias   | nonzeros =       0 /     128             (  0.00%) | total_pruned =     128 | shape = torch.Size([128])
1.7.1.7.1.7.3.1.weight | nonzeros =   18716 /  147456             ( 12.69%) | total_pruned =  128740 | shape = torch.Size([128, 128, 3, 3])
1.7.1.7.1.7.3.1.bias | nonzeros =       0 /     128             (  0.00%) | total_pruned =     128 | shape = torch.Size([128])
1.7.1.7.1.7.4.weight | nonzeros =      52 /     128             ( 40.62%) | total_pruned =      76 | shape = torch.Size([128])
1.7.1.7.1.7.4.bias   | nonzeros =       0 /     128             (  0.00%) | total_pruned =     128 | shape = torch.Size([128])
1.7.1.7.2.weight     | nonzeros =      52 /     128             ( 40.62%) | total_pruned =      76 | shape = torch.Size([128])
1.7.1.7.2.bias       | nonzeros =       0 /     128             (  0.00%) | total_pruned =     128 | shape = torch.Size([128])
1.7.1.7.3.1.weight   | nonzeros =    6205 /   73728             (  8.42%) | total_pruned =   67523 | shape = torch.Size([64, 128, 3, 3])
1.7.1.7.3.1.bias     | nonzeros =       0 /      64             (  0.00%) | total_pruned =      64 | shape = torch.Size([64])
1.7.1.7.4.weight     | nonzeros =      28 /      64             ( 43.75%) | total_pruned =      36 | shape = torch.Size([64])
1.7.1.7.4.bias       | nonzeros =       0 /      64             (  0.00%) | total_pruned =      64 | shape = torch.Size([64])
1.7.2.weight         | nonzeros =      28 /      64             ( 43.75%) | total_pruned =      36 | shape = torch.Size([64])
1.7.2.bias           | nonzeros =       0 /      64             (  0.00%) | total_pruned =      64 | shape = torch.Size([64])
1.7.3.1.weight       | nonzeros =    1823 /   18432             (  9.89%) | total_pruned =   16609 | shape = torch.Size([32, 64, 3, 3])
1.7.3.1.bias         | nonzeros =       0 /      32             (  0.00%) | total_pruned =      32 | shape = torch.Size([32])
1.7.4.weight         | nonzeros =      15 /      32             ( 46.88%) | total_pruned =      17 | shape = torch.Size([32])
1.7.4.bias           | nonzeros =       0 /      32             (  0.00%) | total_pruned =      32 | shape = torch.Size([32])
2.weight             | nonzeros =      15 /      32             ( 46.88%) | total_pruned =      17 | shape = torch.Size([32])
2.bias               | nonzeros =       0 /      32             (  0.00%) | total_pruned =      32 | shape = torch.Size([32])
3.1.weight           | nonzeros =    1015 /    4608             ( 22.03%) | total_pruned =    3593 | shape = torch.Size([16, 32, 3, 3])
3.1.bias             | nonzeros =       0 /      16             (  0.00%) | total_pruned =      16 | shape = torch.Size([16])
4.weight             | nonzeros =      16 /      16             (100.00%) | total_pruned =       0 | shape = torch.Size([16])
4.bias               | nonzeros =       0 /      16             (  0.00%) | total_pruned =      16 | shape = torch.Size([16])
6.1.weight           | nonzeros =      30 /      48             ( 62.50%) | total_pruned =      18 | shape = torch.Size([3, 16, 1, 1])
6.1.bias             | nonzeros =       0 /       3             (  0.00%) | total_pruned =       3 | shape = torch.Size([3])
alive: 135140, pruned : 2873727, total: 3008867, Compression rate :      22.26x  ( 95.51% pruned)
Initial PSNR of output image is:  9.253377911736404
epoch:  0 loss:  0.051218003034591675 PSNR:  9.253377911736404
epoch:  200 loss:  0.0018769549205899239 PSNR:  23.49061265943905
epoch:  400 loss:  0.0012670692522078753 PSNR:  25.125456766660413
epoch:  600 loss:  0.0007666860474273562 PSNR:  27.227864069940303
epoch:  800 loss:  0.0006370370974764228 PSNR:  27.946809874758777
epoch:  1000 loss:  0.0005360734066925943 PSNR:  28.62260010018087
epoch:  1200 loss:  0.0005065143923275173 PSNR:  28.815100521062348
epoch:  1400 loss:  0.0004761382006108761 PSNR:  28.99796354291041
epoch:  1600 loss:  0.000419805379351601 PSNR:  29.450459284592355
epoch:  1800 loss:  0.0003994630533270538 PSNR:  29.61546260044896
epoch:  2000 loss:  0.0004121531674172729 PSNR:  29.464838461732008
epoch:  2200 loss:  0.00037011096719652414 PSNR:  29.831470791248588
epoch:  2400 loss:  0.0003690633166115731 PSNR:  29.83806427476308
epoch:  2600 loss:  0.00034630316076800227 PSNR:  30.025508703021814
epoch:  2800 loss:  0.0003504898340906948 PSNR:  29.958341907276637
epoch:  3000 loss:  0.0003920193703379482 PSNR:  29.558298163057252
epoch:  3200 loss:  0.0003751358890440315 PSNR:  29.68843369143724
epoch:  3400 loss:  0.0003260551893617958 PSNR:  30.17021192694773
epoch:  3600 loss:  0.0003378952096682042 PSNR:  30.021021528748957
epoch:  3800 loss:  0.0003063647891394794 PSNR:  30.302786343825137
epoch:  4000 loss:  0.0003313663764856756 PSNR:  30.04571671015695
epoch:  4200 loss:  0.00031329135526902974 PSNR:  30.21236123740277
epoch:  4400 loss:  0.00030965599580667913 PSNR:  30.22806421139539
epoch:  4600 loss:  0.00029558094684034586 PSNR:  30.35839931857401
epoch:  4800 loss:  0.0002884017303586006 PSNR:  30.400771190973185
epoch:  5000 loss:  0.00030909382621757686 PSNR:  30.184878198633992
epoch:  5200 loss:  0.00026492838514968753 PSNR:  30.642525139816218
epoch:  5400 loss:  0.0002932328497990966 PSNR:  30.309667363233647
epoch:  5600 loss:  0.0002915522491093725 PSNR:  30.329378010127584
epoch:  5800 loss:  0.0002884677378460765 PSNR:  30.346159661091082
epoch:  6000 loss:  0.00026700488524511456 PSNR:  30.54510110949906
epoch:  6200 loss:  0.00025751671637408435 PSNR:  30.640989680152803
epoch:  6400 loss:  0.0002600458392407745 PSNR:  30.590356140184085
epoch:  6600 loss:  0.00025321071734651923 PSNR:  30.67316367509509
epoch:  6800 loss:  0.0002801744849421084 PSNR:  30.378780238654333
epoch:  7000 loss:  0.0002570251526776701 PSNR:  30.618403975482742
epoch:  7200 loss:  0.0002517622197046876 PSNR:  30.688666232588847
epoch:  7400 loss:  0.00025756072136573493 PSNR:  30.597388913304798
epoch:  7600 loss:  0.00027322646928951144 PSNR:  30.417382088951136
epoch:  7800 loss:  0.00024584049242548645 PSNR:  30.70112447862716
epoch:  8000 loss:  0.00027011457132175565 PSNR:  30.424011624778583
epoch:  8200 loss:  0.00023631856311112642 PSNR:  30.7781942901181
epoch:  8400 loss:  0.0002617038262542337 PSNR:  30.502551622177428
epoch:  8600 loss:  0.00024107683566398919 PSNR:  30.715676460948636
epoch:  8800 loss:  0.0002561561996117234 PSNR:  30.534721980059047
epoch:  9000 loss:  0.00024363386910408735 PSNR:  30.67462646312396
epoch:  9200 loss:  0.0002360805228818208 PSNR:  30.736189609907232
epoch:  9400 loss:  0.0002482869604136795 PSNR:  30.61194456312886
epoch:  9600 loss:  0.0002536280080676079 PSNR:  30.555110679033618
epoch:  9800 loss:  0.00024555280106142163 PSNR:  30.62487402326722
epoch:  10000 loss:  0.00023508744197897613 PSNR:  30.73815035403178
epoch:  10200 loss:  0.0002237069420516491 PSNR:  30.836350425423355
epoch:  10400 loss:  0.00023700969177298248 PSNR:  30.68792623690449
epoch:  10600 loss:  0.000227099604671821 PSNR:  30.77721277614814
epoch:  10800 loss:  0.0002319990162504837 PSNR:  30.71870038628212
epoch:  11000 loss:  0.00023277293075807393 PSNR:  30.70021868126528
epoch:  11200 loss:  0.0002303265209775418 PSNR:  30.72635106185393
epoch:  11400 loss:  0.0002225214702775702 PSNR:  30.804275002106426
epoch:  11600 loss:  0.00023973138013388962 PSNR:  30.602857915750384
epoch:  11800 loss:  0.0002281578490510583 PSNR:  30.755086168446304
epoch:  12000 loss:  0.0002226433134637773 PSNR:  30.775249713743953
epoch:  12200 loss:  0.00031016566208563745 PSNR:  30.258909627855974
epoch:  12400 loss:  0.00028797349659726024 PSNR:  30.328418363094315
epoch:  12600 loss:  0.0002493566134944558 PSNR:  30.69625795170337
epoch:  12800 loss:  0.00025346799520775676 PSNR:  30.592989411967526
epoch:  13000 loss:  0.000258784246398136 PSNR:  30.502623904080902
epoch:  13200 loss:  0.00023774824512656778 PSNR:  30.73461929494576
epoch:  13400 loss:  0.00023596954997628927 PSNR:  30.717228548656333
epoch:  13600 loss:  0.0002289705880684778 PSNR:  30.786177500275194
epoch:  13800 loss:  0.00022652404732070863 PSNR:  30.802554900173146
epoch:  14000 loss:  0.00023248644720297307 PSNR:  30.715043291167436
epoch:  14200 loss:  0.0002167453058063984 PSNR:  30.86730998802173
epoch:  14400 loss:  0.0002217548608314246 PSNR:  30.78198591306333
epoch:  14600 loss:  0.00022736910614185035 PSNR:  30.72462281345196
epoch:  14800 loss:  0.00022643557167612016 PSNR:  30.702349359316155
epoch:  15000 loss:  0.00022104548406787217 PSNR:  30.74115803963704
epoch:  15200 loss:  0.00021378153178375214 PSNR:  30.84899649324658
epoch:  15400 loss:  0.00021032581571489573 PSNR:  30.867496522429285
epoch:  15600 loss:  0.00023030699230730534 PSNR:  30.64190559827276
epoch:  15800 loss:  0.00021080172155052423 PSNR:  30.849844885008824
epoch:  16000 loss:  0.00022489891853183508 PSNR:  30.672913204964487
epoch:  16200 loss:  0.0002077533572446555 PSNR:  30.875340359071586
epoch:  16400 loss:  0.00022505542438011616 PSNR:  30.67617967665436
epoch:  16600 loss:  0.00021386734442785382 PSNR:  30.776089767846486
epoch:  16800 loss:  0.00020306544320192188 PSNR:  30.89559226851364
epoch:  17000 loss:  0.00020935022621415555 PSNR:  30.8294274189725
epoch:  17200 loss:  0.00020722465706057847 PSNR:  30.82893683188931
epoch:  17400 loss:  0.00020851513545494527 PSNR:  30.822748860043472
epoch:  17600 loss:  0.00020591405336745083 PSNR:  30.856513945473584
epoch:  17800 loss:  0.00020306451187934726 PSNR:  30.84756556356996
epoch:  18000 loss:  0.00020987269817851484 PSNR:  30.79538886508825
epoch:  18200 loss:  0.00021651531278621405 PSNR:  30.682788151435275
epoch:  18400 loss:  0.00020851241424679756 PSNR:  30.799565973347647
epoch:  18600 loss:  0.00020637887064367533 PSNR:  30.815275100770062
epoch:  18800 loss:  0.00019749770581256598 PSNR:  30.903271950057277
epoch:  19000 loss:  0.00020476183271966875 PSNR:  30.842150658620252
epoch:  19200 loss:  0.00020224950276315212 PSNR:  30.847787180945478
epoch:  19400 loss:  0.00020791860879398882 PSNR:  30.76875169712883
epoch:  19600 loss:  0.00020398921333253384 PSNR:  30.82265725525136
epoch:  19800 loss:  0.0002008786832448095 PSNR:  30.86405871545322
epoch:  20000 loss:  0.00019907303794752806 PSNR:  30.867631604070873
epoch:  20200 loss:  0.00021504086907953024 PSNR:  30.656184610022553
epoch:  20400 loss:  0.00020999388652853668 PSNR:  30.739475588680087
epoch:  20600 loss:  0.00021032481163274497 PSNR:  30.701761469783744
epoch:  20800 loss:  0.00020317817688919604 PSNR:  30.823954049715525
epoch:  21000 loss:  0.00019704665464814752 PSNR:  30.86513934527698
epoch:  21200 loss:  0.00019817915745079517 PSNR:  30.841536788869035
epoch:  21400 loss:  0.00019853629055432975 PSNR:  30.8306985984047
epoch:  21600 loss:  0.00019723782315850258 PSNR:  30.868998023099167
epoch:  21800 loss:  0.00020060737733729184 PSNR:  30.818897114021627
epoch:  22000 loss:  0.00020581255375873297 PSNR:  30.73237400314939
epoch:  22200 loss:  0.0001978460932150483 PSNR:  30.84468023411747
epoch:  22400 loss:  0.00019670819165185094 PSNR:  30.83590801281156
epoch:  22600 loss:  0.0001959448418347165 PSNR:  30.85918422579935
epoch:  22800 loss:  0.00019978439377155155 PSNR:  30.80620507372391
epoch:  23000 loss:  0.00019283626170363277 PSNR:  30.858064069891824
epoch:  23200 loss:  0.000203600968234241 PSNR:  30.767430071846036
epoch:  23400 loss:  0.000204061419935897 PSNR:  30.743822212054116
epoch:  23600 loss:  0.00020018743816763163 PSNR:  30.791982709322568
epoch:  23800 loss:  0.0001952629245352 PSNR:  30.843335658418482
epoch:  24000 loss:  0.0001942626986419782 PSNR:  30.853160682468005
epoch:  24200 loss:  0.0002067272289423272 PSNR:  30.692171437316112
epoch:  24400 loss:  0.00020438057254068553 PSNR:  30.712433949727536
epoch:  24600 loss:  0.00019192641775589436 PSNR:  30.86226409279704
epoch:  24800 loss:  0.00019914381846319884 PSNR:  30.800103568018184
epoch:  25000 loss:  0.00019632754265330732 PSNR:  30.810734015970564
epoch:  25200 loss:  0.00019189220620319247 PSNR:  30.846843873645675
epoch:  25400 loss:  0.0001925717224366963 PSNR:  30.81925191865936
epoch:  25600 loss:  0.00020216677512507886 PSNR:  30.697064652239902
epoch:  25800 loss:  0.00019450490071903914 PSNR:  30.801089565737403
epoch:  26000 loss:  0.00019071364658884704 PSNR:  30.861055362823542
epoch:  26200 loss:  0.00020534530631266534 PSNR:  30.705115812999697
epoch:  26400 loss:  0.00019291939679533243 PSNR:  30.851359875750333
epoch:  26600 loss:  0.00019049059483222663 PSNR:  30.85576688898335
epoch:  26800 loss:  0.0001934484753292054 PSNR:  30.849154842383783
epoch:  27000 loss:  0.0001887148682726547 PSNR:  30.851777872695465
epoch:  27200 loss:  0.0001915618049679324 PSNR:  30.825484100035936
epoch:  27400 loss:  0.00020634580869227648 PSNR:  30.69870256407077
epoch:  27600 loss:  0.00018916800036095083 PSNR:  30.86016767625056
epoch:  27800 loss:  0.00019425383652560413 PSNR:  30.784596722796984
epoch:  28000 loss:  0.0001890563580673188 PSNR:  30.854283136893503
epoch:  28200 loss:  0.00020897439389955252 PSNR:  30.62185628226169
epoch:  28400 loss:  0.00019041975610889494 PSNR:  30.81231339943356
epoch:  28600 loss:  0.00019388188957236707 PSNR:  30.79054445917238
epoch:  28800 loss:  0.00018678046762943268 PSNR:  30.878229658196442
epoch:  29000 loss:  0.00020306336227804422 PSNR:  30.680538341084077
epoch:  29200 loss:  0.0001949553843587637 PSNR:  30.796869504831626
epoch:  29400 loss:  0.00018876038666348904 PSNR:  30.83220550586349
epoch:  29600 loss:  0.0001880484924186021 PSNR:  30.845492939259813
epoch:  29800 loss:  0.00018651050049811602 PSNR:  30.860267567608524
epoch:  30000 loss:  0.00018649757839739323 PSNR:  30.83205698917013
epoch:  30200 loss:  0.00018896475376095623 PSNR:  30.817107276840822
epoch:  30400 loss:  0.0001894980960059911 PSNR:  30.824050635009254
epoch:  30600 loss:  0.00018731405725702643 PSNR:  30.844765550347116
epoch:  30800 loss:  0.00018765614368021488 PSNR:  30.841745665364556
epoch:  31000 loss:  0.00018831007764674723 PSNR:  30.82903246545587
epoch:  31200 loss:  0.00018648363766260445 PSNR:  30.83261209186424
epoch:  31400 loss:  0.00018582567281555384 PSNR:  30.854101087919787
epoch:  31600 loss:  0.00019557133782655 PSNR:  30.73678980737946
epoch:  31800 loss:  0.00019865890499204397 PSNR:  30.694014545482933
epoch:  32000 loss:  0.00018687853298615664 PSNR:  30.83769142026144
epoch:  32200 loss:  0.00019625182903837413 PSNR:  30.699018807870495
epoch:  32400 loss:  0.00019371171947568655 PSNR:  30.752153036970164
epoch:  32600 loss:  0.0001866276579676196 PSNR:  30.844154865275648
epoch:  32800 loss:  0.0001870538981165737 PSNR:  30.82379166389847
epoch:  33000 loss:  0.0001910028950078413 PSNR:  30.76270882685346
epoch:  33200 loss:  0.0001873347646323964 PSNR:  30.835033608827757
epoch:  33400 loss:  0.00018629917758516967 PSNR:  30.820806827814415
epoch:  33600 loss:  0.0001843408535933122 PSNR:  30.829793358635598
epoch:  33800 loss:  0.00018990979879163206 PSNR:  30.779281775373157
epoch:  34000 loss:  0.0001868174585979432 PSNR:  30.80177482875511
epoch:  34200 loss:  0.0001894430461106822 PSNR:  30.77574791864359
epoch:  34400 loss:  0.00019149416766595095 PSNR:  30.751966867740865
epoch:  34600 loss:  0.0001932440063683316 PSNR:  30.73845040447246
epoch:  34800 loss:  0.00019187833822797984 PSNR:  30.736866441682107
epoch:  35000 loss:  0.00018568671657703817 PSNR:  30.820949303572462
epoch:  35200 loss:  0.00018784473650157452 PSNR:  30.79392945962079
epoch:  35400 loss:  0.00018680623907130212 PSNR:  30.793604823523356
epoch:  35600 loss:  0.00018894222739618272 PSNR:  30.77316025482842
epoch:  35800 loss:  0.00018275842012371868 PSNR:  30.846891887733243
epoch:  36000 loss:  0.00019003544002771378 PSNR:  30.751715986880118
epoch:  36200 loss:  0.00018387276213616133 PSNR:  30.82682209731923
epoch:  36400 loss:  0.00018557230941951275 PSNR:  30.790500925823427
epoch:  36600 loss:  0.00018512443057261407 PSNR:  30.80859992103356
epoch:  36800 loss:  0.0001826779916882515 PSNR:  30.850158447566738
epoch:  37000 loss:  0.00018234334129374474 PSNR:  30.83272765856398
epoch:  37200 loss:  0.00018358392117079347 PSNR:  30.831975466652676
epoch:  37400 loss:  0.00018750735034700483 PSNR:  30.800038124271868
epoch:  37600 loss:  0.00019018141028936952 PSNR:  30.768496002509206
epoch:  37800 loss:  0.00019496725872159004 PSNR:  30.693836688694873
epoch:  38000 loss:  0.00018563802586868405 PSNR:  30.784424232657187
epoch:  38200 loss:  0.0001812725531635806 PSNR:  30.84035405536909
epoch:  38400 loss:  0.00018209859263151884 PSNR:  30.839595925684993
epoch:  38600 loss:  0.0001827521191444248 PSNR:  30.82471263818736
epoch:  38800 loss:  0.00018277598428539932 PSNR:  30.807759547536698
epoch:  39000 loss:  0.00018073174578603357 PSNR:  30.8372045121255
epoch:  39200 loss:  0.00018373268540017307 PSNR:  30.798428026158575
epoch:  39400 loss:  0.00018779165111482143 PSNR:  30.75414467705714
epoch:  39600 loss:  0.00017906473658513278 PSNR:  30.847591886711314
epoch:  39800 loss:  0.00018564693164080381 PSNR:  30.778801721748636
PSNR of output image is:  30.778801721748636
(3, 512, 512) (1, 3, 512, 512)
Experiment done
