Processing image: coastguard
(3, 256, 256)
(3, 256, 256)
Starting optimization with optimizer 'SAM'
Output directory where image taken from: data/denoising/Set14/mask/12/SAM(sigma=0.1,lr=0.01,decay=0,beta=0)/det/-1.3/1e-09
Output directory where results stored: data/inpainting/Set14/transfer/0.8/2
1.1.1.weight         | nonzeros =      79 /   12800             (  0.62%) | total_pruned =   12721 | shape = torch.Size([16, 32, 5, 5])
1.1.1.bias           | nonzeros =       0 /      16             (  0.00%) | total_pruned =      16 | shape = torch.Size([16])
1.2.weight           | nonzeros =       4 /      16             ( 25.00%) | total_pruned =      12 | shape = torch.Size([16])
1.2.bias             | nonzeros =       0 /      16             (  0.00%) | total_pruned =      16 | shape = torch.Size([16])
1.4.1.weight         | nonzeros =      11 /    6400             (  0.17%) | total_pruned =    6389 | shape = torch.Size([16, 16, 5, 5])
1.4.1.bias           | nonzeros =       0 /      16             (  0.00%) | total_pruned =      16 | shape = torch.Size([16])
1.5.weight           | nonzeros =       4 /      16             ( 25.00%) | total_pruned =      12 | shape = torch.Size([16])
1.5.bias             | nonzeros =       0 /      16             (  0.00%) | total_pruned =      16 | shape = torch.Size([16])
1.7.1.1.1.weight     | nonzeros =      13 /   12800             (  0.10%) | total_pruned =   12787 | shape = torch.Size([32, 16, 5, 5])
1.7.1.1.1.bias       | nonzeros =       0 /      32             (  0.00%) | total_pruned =      32 | shape = torch.Size([32])
1.7.1.2.weight       | nonzeros =       7 /      32             ( 21.88%) | total_pruned =      25 | shape = torch.Size([32])
1.7.1.2.bias         | nonzeros =       0 /      32             (  0.00%) | total_pruned =      32 | shape = torch.Size([32])
1.7.1.4.1.weight     | nonzeros =      12 /   25600             (  0.05%) | total_pruned =   25588 | shape = torch.Size([32, 32, 5, 5])
1.7.1.4.1.bias       | nonzeros =       0 /      32             (  0.00%) | total_pruned =      32 | shape = torch.Size([32])
1.7.1.5.weight       | nonzeros =       7 /      32             ( 21.88%) | total_pruned =      25 | shape = torch.Size([32])
1.7.1.5.bias         | nonzeros =       0 /      32             (  0.00%) | total_pruned =      32 | shape = torch.Size([32])
1.7.1.7.1.1.1.weight | nonzeros =       3 /   51200             (  0.01%) | total_pruned =   51197 | shape = torch.Size([64, 32, 5, 5])
1.7.1.7.1.1.1.bias   | nonzeros =       0 /      64             (  0.00%) | total_pruned =      64 | shape = torch.Size([64])
1.7.1.7.1.2.weight   | nonzeros =      14 /      64             ( 21.88%) | total_pruned =      50 | shape = torch.Size([64])
1.7.1.7.1.2.bias     | nonzeros =       0 /      64             (  0.00%) | total_pruned =      64 | shape = torch.Size([64])
1.7.1.7.1.4.1.weight | nonzeros =       4 /  102400             (  0.00%) | total_pruned =  102396 | shape = torch.Size([64, 64, 5, 5])
1.7.1.7.1.4.1.bias   | nonzeros =       0 /      64             (  0.00%) | total_pruned =      64 | shape = torch.Size([64])
1.7.1.7.1.5.weight   | nonzeros =      18 /      64             ( 28.12%) | total_pruned =      46 | shape = torch.Size([64])
1.7.1.7.1.5.bias     | nonzeros =       0 /      64             (  0.00%) | total_pruned =      64 | shape = torch.Size([64])
1.7.1.7.1.7.1.1.1.weight | nonzeros =       0 /  204800             (  0.00%) | total_pruned =  204800 | shape = torch.Size([128, 64, 5, 5])
1.7.1.7.1.7.1.1.1.bias | nonzeros =       0 /     128             (  0.00%) | total_pruned =     128 | shape = torch.Size([128])
1.7.1.7.1.7.1.2.weight | nonzeros =      35 /     128             ( 27.34%) | total_pruned =      93 | shape = torch.Size([128])
1.7.1.7.1.7.1.2.bias | nonzeros =       0 /     128             (  0.00%) | total_pruned =     128 | shape = torch.Size([128])
1.7.1.7.1.7.1.4.1.weight | nonzeros =       1 /  409600             (  0.00%) | total_pruned =  409599 | shape = torch.Size([128, 128, 5, 5])
1.7.1.7.1.7.1.4.1.bias | nonzeros =       0 /     128             (  0.00%) | total_pruned =     128 | shape = torch.Size([128])
1.7.1.7.1.7.1.5.weight | nonzeros =      42 /     128             ( 32.81%) | total_pruned =      86 | shape = torch.Size([128])
1.7.1.7.1.7.1.5.bias | nonzeros =       0 /     128             (  0.00%) | total_pruned =     128 | shape = torch.Size([128])
1.7.1.7.1.7.1.7.1.1.1.weight | nonzeros =       1 /  409600             (  0.00%) | total_pruned =  409599 | shape = torch.Size([128, 128, 5, 5])
1.7.1.7.1.7.1.7.1.1.1.bias | nonzeros =       0 /     128             (  0.00%) | total_pruned =     128 | shape = torch.Size([128])
1.7.1.7.1.7.1.7.1.2.weight | nonzeros =      45 /     128             ( 35.16%) | total_pruned =      83 | shape = torch.Size([128])
1.7.1.7.1.7.1.7.1.2.bias | nonzeros =       0 /     128             (  0.00%) | total_pruned =     128 | shape = torch.Size([128])
1.7.1.7.1.7.1.7.1.4.1.weight | nonzeros =      99 /  409600             (  0.02%) | total_pruned =  409501 | shape = torch.Size([128, 128, 5, 5])
1.7.1.7.1.7.1.7.1.4.1.bias | nonzeros =       0 /     128             (  0.00%) | total_pruned =     128 | shape = torch.Size([128])
1.7.1.7.1.7.1.7.1.5.weight | nonzeros =      70 /     128             ( 54.69%) | total_pruned =      58 | shape = torch.Size([128])
1.7.1.7.1.7.1.7.1.5.bias | nonzeros =       0 /     128             (  0.00%) | total_pruned =     128 | shape = torch.Size([128])
1.7.1.7.1.7.1.7.1.7.1.1.1.weight | nonzeros =     634 /  409600             (  0.15%) | total_pruned =  408966 | shape = torch.Size([128, 128, 5, 5])
1.7.1.7.1.7.1.7.1.7.1.1.1.bias | nonzeros =       0 /     128             (  0.00%) | total_pruned =     128 | shape = torch.Size([128])
1.7.1.7.1.7.1.7.1.7.1.2.weight | nonzeros =      84 /     128             ( 65.62%) | total_pruned =      44 | shape = torch.Size([128])
1.7.1.7.1.7.1.7.1.7.1.2.bias | nonzeros =       0 /     128             (  0.00%) | total_pruned =     128 | shape = torch.Size([128])
1.7.1.7.1.7.1.7.1.7.1.4.1.weight | nonzeros =    6848 /  409600             (  1.67%) | total_pruned =  402752 | shape = torch.Size([128, 128, 5, 5])
1.7.1.7.1.7.1.7.1.7.1.4.1.bias | nonzeros =       0 /     128             (  0.00%) | total_pruned =     128 | shape = torch.Size([128])
1.7.1.7.1.7.1.7.1.7.1.5.weight | nonzeros =      78 /     128             ( 60.94%) | total_pruned =      50 | shape = torch.Size([128])
1.7.1.7.1.7.1.7.1.7.1.5.bias | nonzeros =       0 /     128             (  0.00%) | total_pruned =     128 | shape = torch.Size([128])
1.7.1.7.1.7.1.7.1.7.2.weight | nonzeros =      78 /     128             ( 60.94%) | total_pruned =      50 | shape = torch.Size([128])
1.7.1.7.1.7.1.7.1.7.2.bias | nonzeros =       0 /     128             (  0.00%) | total_pruned =     128 | shape = torch.Size([128])
1.7.1.7.1.7.1.7.1.7.3.1.weight | nonzeros =   16066 /  147456             ( 10.90%) | total_pruned =  131390 | shape = torch.Size([128, 128, 3, 3])
1.7.1.7.1.7.1.7.1.7.3.1.bias | nonzeros =       0 /     128             (  0.00%) | total_pruned =     128 | shape = torch.Size([128])
1.7.1.7.1.7.1.7.1.7.4.weight | nonzeros =      79 /     128             ( 61.72%) | total_pruned =      49 | shape = torch.Size([128])
1.7.1.7.1.7.1.7.1.7.4.bias | nonzeros =       0 /     128             (  0.00%) | total_pruned =     128 | shape = torch.Size([128])
1.7.1.7.1.7.1.7.2.weight | nonzeros =      79 /     128             ( 61.72%) | total_pruned =      49 | shape = torch.Size([128])
1.7.1.7.1.7.1.7.2.bias | nonzeros =       0 /     128             (  0.00%) | total_pruned =     128 | shape = torch.Size([128])
1.7.1.7.1.7.1.7.3.1.weight | nonzeros =   20902 /  147456             ( 14.18%) | total_pruned =  126554 | shape = torch.Size([128, 128, 3, 3])
1.7.1.7.1.7.1.7.3.1.bias | nonzeros =       0 /     128             (  0.00%) | total_pruned =     128 | shape = torch.Size([128])
1.7.1.7.1.7.1.7.4.weight | nonzeros =      82 /     128             ( 64.06%) | total_pruned =      46 | shape = torch.Size([128])
1.7.1.7.1.7.1.7.4.bias | nonzeros =       0 /     128             (  0.00%) | total_pruned =     128 | shape = torch.Size([128])
1.7.1.7.1.7.2.weight | nonzeros =      82 /     128             ( 64.06%) | total_pruned =      46 | shape = torch.Size([128])
1.7.1.7.1.7.2.bias   | nonzeros =       0 /     128             (  0.00%) | total_pruned =     128 | shape = torch.Size([128])
1.7.1.7.1.7.3.1.weight | nonzeros =   20804 /  147456             ( 14.11%) | total_pruned =  126652 | shape = torch.Size([128, 128, 3, 3])
1.7.1.7.1.7.3.1.bias | nonzeros =       0 /     128             (  0.00%) | total_pruned =     128 | shape = torch.Size([128])
1.7.1.7.1.7.4.weight | nonzeros =      76 /     128             ( 59.38%) | total_pruned =      52 | shape = torch.Size([128])
1.7.1.7.1.7.4.bias   | nonzeros =       0 /     128             (  0.00%) | total_pruned =     128 | shape = torch.Size([128])
1.7.1.7.2.weight     | nonzeros =      76 /     128             ( 59.38%) | total_pruned =      52 | shape = torch.Size([128])
1.7.1.7.2.bias       | nonzeros =       0 /     128             (  0.00%) | total_pruned =     128 | shape = torch.Size([128])
1.7.1.7.3.1.weight   | nonzeros =   11971 /   73728             ( 16.24%) | total_pruned =   61757 | shape = torch.Size([64, 128, 3, 3])
1.7.1.7.3.1.bias     | nonzeros =       0 /      64             (  0.00%) | total_pruned =      64 | shape = torch.Size([64])
1.7.1.7.4.weight     | nonzeros =      43 /      64             ( 67.19%) | total_pruned =      21 | shape = torch.Size([64])
1.7.1.7.4.bias       | nonzeros =       0 /      64             (  0.00%) | total_pruned =      64 | shape = torch.Size([64])
1.7.2.weight         | nonzeros =      43 /      64             ( 67.19%) | total_pruned =      21 | shape = torch.Size([64])
1.7.2.bias           | nonzeros =       0 /      64             (  0.00%) | total_pruned =      64 | shape = torch.Size([64])
1.7.3.1.weight       | nonzeros =    3140 /   18432             ( 17.04%) | total_pruned =   15292 | shape = torch.Size([32, 64, 3, 3])
1.7.3.1.bias         | nonzeros =       0 /      32             (  0.00%) | total_pruned =      32 | shape = torch.Size([32])
1.7.4.weight         | nonzeros =      17 /      32             ( 53.12%) | total_pruned =      15 | shape = torch.Size([32])
1.7.4.bias           | nonzeros =       0 /      32             (  0.00%) | total_pruned =      32 | shape = torch.Size([32])
2.weight             | nonzeros =      17 /      32             ( 53.12%) | total_pruned =      15 | shape = torch.Size([32])
2.bias               | nonzeros =       0 /      32             (  0.00%) | total_pruned =      32 | shape = torch.Size([32])
3.1.weight           | nonzeros =    1156 /    4608             ( 25.09%) | total_pruned =    3452 | shape = torch.Size([16, 32, 3, 3])
3.1.bias             | nonzeros =       0 /      16             (  0.00%) | total_pruned =      16 | shape = torch.Size([16])
4.weight             | nonzeros =      16 /      16             (100.00%) | total_pruned =       0 | shape = torch.Size([16])
4.bias               | nonzeros =       0 /      16             (  0.00%) | total_pruned =      16 | shape = torch.Size([16])
6.1.weight           | nonzeros =      34 /      48             ( 70.83%) | total_pruned =      14 | shape = torch.Size([3, 16, 1, 1])
6.1.bias             | nonzeros =       2 /       3             ( 66.67%) | total_pruned =       1 | shape = torch.Size([3])
alive: 82876, pruned : 2925991, total: 3008867, Compression rate :      36.31x  ( 97.25% pruned)
Initial PSNR of output image is:  13.190034636571264
epoch:  0 loss:  0.009697762317955494 PSNR:  13.190034636571264
epoch:  200 loss:  0.009626343846321106 PSNR:  13.221889137591468
epoch:  400 loss:  0.009626343846321106 PSNR:  13.221889137591468
epoch:  600 loss:  0.009626343846321106 PSNR:  13.221889137591468
epoch:  800 loss:  0.009626343846321106 PSNR:  13.221889137591468
epoch:  1000 loss:  0.009626343846321106 PSNR:  13.221889137591468
epoch:  1200 loss:  0.009626343846321106 PSNR:  13.221889137591468
epoch:  1400 loss:  0.009626343846321106 PSNR:  13.221889137591468
epoch:  1600 loss:  0.009626343846321106 PSNR:  13.221889137591468
epoch:  1800 loss:  0.009626343846321106 PSNR:  13.221889137591468
epoch:  2000 loss:  0.009626343846321106 PSNR:  13.221889137591468
epoch:  2200 loss:  0.009626343846321106 PSNR:  13.221889137591468
epoch:  2400 loss:  0.009626343846321106 PSNR:  13.221889137591468
epoch:  2600 loss:  0.009626343846321106 PSNR:  13.221889137591468
epoch:  2800 loss:  0.009626342914998531 PSNR:  13.221889137591468
epoch:  3000 loss:  0.009626343846321106 PSNR:  13.221889137591468
epoch:  3200 loss:  0.009626343846321106 PSNR:  13.221889137591468
epoch:  3400 loss:  0.009626343846321106 PSNR:  13.221889137591468
epoch:  3600 loss:  0.009626343846321106 PSNR:  13.221889137591468
epoch:  3800 loss:  0.009626343846321106 PSNR:  13.221889137591468
epoch:  4000 loss:  0.009626343846321106 PSNR:  13.221889137591468
epoch:  4200 loss:  0.009626343846321106 PSNR:  13.221889137591468
epoch:  4400 loss:  0.009626343846321106 PSNR:  13.221889137591468
epoch:  4600 loss:  0.009626343846321106 PSNR:  13.221889137591468
epoch:  4800 loss:  0.009626343846321106 PSNR:  13.221889137591468
epoch:  5000 loss:  0.009626343846321106 PSNR:  13.221889137591468
epoch:  5200 loss:  0.009626342914998531 PSNR:  13.221889137591468
epoch:  5400 loss:  0.009626342914998531 PSNR:  13.221889137591468
epoch:  5600 loss:  0.009626343846321106 PSNR:  13.221889137591468
epoch:  5800 loss:  0.009626343846321106 PSNR:  13.221889137591468
epoch:  6000 loss:  0.009626343846321106 PSNR:  13.221889137591468
epoch:  6200 loss:  0.009626343846321106 PSNR:  13.221889137591468
epoch:  6400 loss:  0.009626343846321106 PSNR:  13.221889137591468
epoch:  6600 loss:  0.009626343846321106 PSNR:  13.221889137591468
epoch:  6800 loss:  0.009626343846321106 PSNR:  13.221889137591468
epoch:  7000 loss:  0.009626343846321106 PSNR:  13.221889137591468
epoch:  7200 loss:  0.009626348502933979 PSNR:  13.221883022463551
epoch:  7400 loss:  0.009626343846321106 PSNR:  13.221889137591468
epoch:  7600 loss:  0.009626343846321106 PSNR:  13.221889137591468
epoch:  7800 loss:  0.009626343846321106 PSNR:  13.221889137591468
epoch:  8000 loss:  0.009626343846321106 PSNR:  13.221889137591468
epoch:  8200 loss:  0.009626343846321106 PSNR:  13.221889137591468
epoch:  8400 loss:  0.009626343846321106 PSNR:  13.221889137591468
epoch:  8600 loss:  0.00962634477764368 PSNR:  13.221888458132385
epoch:  8800 loss:  0.009626347571611404 PSNR:  13.221885740297118
epoch:  9000 loss:  0.009626352228224277 PSNR:  13.221882003276404
epoch:  9200 loss:  0.009626343846321106 PSNR:  13.221889137591468
epoch:  9400 loss:  0.009626343846321106 PSNR:  13.221888458132385
epoch:  9600 loss:  0.00962634477764368 PSNR:  13.221889137591468
epoch:  9800 loss:  0.009626343846321106 PSNR:  13.221889137591468
epoch:  10000 loss:  0.00962634477764368 PSNR:  13.22189015678029
epoch:  10200 loss:  0.009626343846321106 PSNR:  13.221888458132385
epoch:  10400 loss:  0.009626343846321106 PSNR:  13.221889137591468
epoch:  10600 loss:  0.009626343846321106 PSNR:  13.221889137591468
epoch:  10800 loss:  0.009626343846321106 PSNR:  13.22189015678029
epoch:  11000 loss:  0.009626343846321106 PSNR:  13.221888458132385
epoch:  11200 loss:  0.009626343846321106 PSNR:  13.221889137591468
epoch:  11400 loss:  0.009626343846321106 PSNR:  13.221889137591468
epoch:  11600 loss:  0.009626343846321106 PSNR:  13.221889137591468
epoch:  11800 loss:  0.009626343846321106 PSNR:  13.221889137591468
epoch:  12000 loss:  0.009626343846321106 PSNR:  13.221889137591468
epoch:  12200 loss:  0.009626343846321106 PSNR:  13.221889137591468
epoch:  12400 loss:  0.009626343846321106 PSNR:  13.221889137591468
epoch:  12600 loss:  0.009626343846321106 PSNR:  13.221889137591468
epoch:  12800 loss:  0.009626349434256554 PSNR:  13.221891175969349
epoch:  13000 loss:  0.00962634477764368 PSNR:  13.221888458132385
epoch:  13200 loss:  0.009626343846321106 PSNR:  13.221889137591468
epoch:  13400 loss:  0.00962634664028883 PSNR:  13.221885740297118
epoch:  13600 loss:  0.009626349434256554 PSNR:  13.221889137591468
epoch:  13800 loss:  0.00962634477764368 PSNR:  13.22189015678029
epoch:  14000 loss:  0.009626343846321106 PSNR:  13.221889137591468
epoch:  14200 loss:  0.009626343846321106 PSNR:  13.221889137591468
epoch:  14400 loss:  0.009626343846321106 PSNR:  13.221889137591468
epoch:  14600 loss:  0.009626343846321106 PSNR:  13.221889137591468
epoch:  14800 loss:  0.009626342914998531 PSNR:  13.221889137591468
epoch:  15000 loss:  0.009626343846321106 PSNR:  13.221888458132385
epoch:  15200 loss:  0.009626343846321106 PSNR:  13.22189015678029
epoch:  15400 loss:  0.009626343846321106 PSNR:  13.221889137591468
epoch:  15600 loss:  0.009626347571611404 PSNR:  13.221883701921783
epoch:  15800 loss:  0.009626342914998531 PSNR:  13.221889137591468
epoch:  16000 loss:  0.009626343846321106 PSNR:  13.221889137591468
epoch:  16200 loss:  0.009626343846321106 PSNR:  13.221889137591468
epoch:  16400 loss:  0.009626343846321106 PSNR:  13.221888458132385
epoch:  16600 loss:  0.009626343846321106 PSNR:  13.221889137591468
epoch:  16800 loss:  0.00962634664028883 PSNR:  13.221889137591468
epoch:  17000 loss:  0.009626343846321106 PSNR:  13.221889137591468
epoch:  17200 loss:  0.009626343846321106 PSNR:  13.221889137591468
epoch:  17400 loss:  0.009626343846321106 PSNR:  13.22189015678029
epoch:  17600 loss:  0.009626343846321106 PSNR:  13.22189015678029
epoch:  17800 loss:  0.009626343846321106 PSNR:  13.221889137591468
epoch:  18000 loss:  0.009626343846321106 PSNR:  13.221889137591468
epoch:  18200 loss:  0.009626343846321106 PSNR:  13.221889137591468
epoch:  18400 loss:  0.009626343846321106 PSNR:  13.221889137591468
epoch:  18600 loss:  0.009626343846321106 PSNR:  13.22189015678029
epoch:  18800 loss:  0.009626343846321106 PSNR:  13.22189015678029
epoch:  19000 loss:  0.009626343846321106 PSNR:  13.221888458132385
epoch:  19200 loss:  0.009626343846321106 PSNR:  13.221889137591468
epoch:  19400 loss:  0.009626343846321106 PSNR:  13.221889137591468
epoch:  19600 loss:  0.009626343846321106 PSNR:  13.221889137591468
epoch:  19800 loss:  0.009626349434256554 PSNR:  13.221883701921783
epoch:  20000 loss:  0.009626343846321106 PSNR:  13.221889137591468
epoch:  20200 loss:  0.009626343846321106 PSNR:  13.221889137591468
epoch:  20400 loss:  0.009626343846321106 PSNR:  13.221888458132385
epoch:  20600 loss:  0.009626343846321106 PSNR:  13.221889137591468
epoch:  20800 loss:  0.00962634477764368 PSNR:  13.22189015678029
epoch:  21000 loss:  0.009626343846321106 PSNR:  13.221889137591468
epoch:  21200 loss:  0.009626343846321106 PSNR:  13.221889137591468
epoch:  21400 loss:  0.009626343846321106 PSNR:  13.221889137591468
epoch:  21600 loss:  0.009626343846321106 PSNR:  13.221889137591468
epoch:  21800 loss:  0.009626348502933979 PSNR:  13.221891175969349
epoch:  22000 loss:  0.00962634664028883 PSNR:  13.221886419755775
epoch:  22200 loss:  0.00962634664028883 PSNR:  13.221884721109332
epoch:  22400 loss:  0.009626343846321106 PSNR:  13.221889137591468
epoch:  22600 loss:  0.009626343846321106 PSNR:  13.221889137591468
epoch:  22800 loss:  0.009626343846321106 PSNR:  13.221889137591468
epoch:  23000 loss:  0.009626343846321106 PSNR:  13.221889137591468
epoch:  23200 loss:  0.009626351296901703 PSNR:  13.221884721109332
epoch:  23400 loss:  0.009626343846321106 PSNR:  13.221889137591468
epoch:  23600 loss:  0.009626343846321106 PSNR:  13.22188743894396
epoch:  23800 loss:  0.009626343846321106 PSNR:  13.22189015678029
epoch:  24000 loss:  0.009626343846321106 PSNR:  13.221889137591468
epoch:  24200 loss:  0.009626343846321106 PSNR:  13.221889137591468
epoch:  24400 loss:  0.009626347571611404 PSNR:  13.221885740297118
epoch:  24600 loss:  0.009626347571611404 PSNR:  13.221891175969349
epoch:  24800 loss:  0.009626343846321106 PSNR:  13.22188743894396
epoch:  25000 loss:  0.009626343846321106 PSNR:  13.221889137591468
epoch:  25200 loss:  0.009626343846321106 PSNR:  13.221889137591468
epoch:  25400 loss:  0.009626343846321106 PSNR:  13.221889137591468
epoch:  25600 loss:  0.009626343846321106 PSNR:  13.221889137591468
epoch:  25800 loss:  0.009626343846321106 PSNR:  13.221889137591468
epoch:  26000 loss:  0.009626343846321106 PSNR:  13.22189015678029
epoch:  26200 loss:  0.009626343846321106 PSNR:  13.221889137591468
epoch:  26400 loss:  0.009626343846321106 PSNR:  13.22188743894396
epoch:  26600 loss:  0.009626343846321106 PSNR:  13.221889137591468
epoch:  26800 loss:  0.009626342914998531 PSNR:  13.22189015678029
epoch:  27000 loss:  0.009626343846321106 PSNR:  13.221889137591468
epoch:  27200 loss:  0.009626343846321106 PSNR:  13.22189015678029
epoch:  27400 loss:  0.009626343846321106 PSNR:  13.221889137591468
epoch:  27600 loss:  0.009626343846321106 PSNR:  13.221889137591468
epoch:  27800 loss:  0.009626343846321106 PSNR:  13.221889137591468
epoch:  28000 loss:  0.009626343846321106 PSNR:  13.221889137591468
epoch:  28200 loss:  0.009626343846321106 PSNR:  13.221889137591468
epoch:  28400 loss:  0.009626342914998531 PSNR:  13.221889137591468
epoch:  28600 loss:  0.009626343846321106 PSNR:  13.221889137591468
epoch:  28800 loss:  0.009626343846321106 PSNR:  13.221889137591468
epoch:  29000 loss:  0.009626343846321106 PSNR:  13.221889137591468
epoch:  29200 loss:  0.009626351296901703 PSNR:  13.22189015678029
epoch:  29400 loss:  0.009626343846321106 PSNR:  13.22189015678029
epoch:  29600 loss:  0.009626343846321106 PSNR:  13.221889137591468
epoch:  29800 loss:  0.009626343846321106 PSNR:  13.22189015678029
epoch:  30000 loss:  0.009626343846321106 PSNR:  13.221889137591468
epoch:  30200 loss:  0.009626343846321106 PSNR:  13.22189015678029
epoch:  30400 loss:  0.009626343846321106 PSNR:  13.221888458132385
epoch:  30600 loss:  0.009626343846321106 PSNR:  13.221889137591468
epoch:  30800 loss:  0.009626343846321106 PSNR:  13.221889137591468
epoch:  31000 loss:  0.009626343846321106 PSNR:  13.221889137591468
epoch:  31200 loss:  0.009626343846321106 PSNR:  13.221889137591468
epoch:  31400 loss:  0.009626347571611404 PSNR:  13.221883022463551
epoch:  31600 loss:  0.009626343846321106 PSNR:  13.221889137591468
epoch:  31800 loss:  0.009626345708966255 PSNR:  13.221886419755775
epoch:  32000 loss:  0.009626343846321106 PSNR:  13.221889137591468
epoch:  32200 loss:  0.009626343846321106 PSNR:  13.221889137591468
epoch:  32400 loss:  0.009626343846321106 PSNR:  13.221889137591468
epoch:  32600 loss:  0.009626343846321106 PSNR:  13.221889137591468
epoch:  32800 loss:  0.009626343846321106 PSNR:  13.221889137591468
epoch:  33000 loss:  0.009626343846321106 PSNR:  13.221889137591468
epoch:  33200 loss:  0.009626345708966255 PSNR:  13.221886419755775
epoch:  33400 loss:  0.009626343846321106 PSNR:  13.221889137591468
epoch:  33600 loss:  0.009626343846321106 PSNR:  13.22189015678029
epoch:  33800 loss:  0.009626343846321106 PSNR:  13.221889137591468
epoch:  34000 loss:  0.009626343846321106 PSNR:  13.221889137591468
epoch:  34200 loss:  0.009626343846321106 PSNR:  13.221889137591468
epoch:  34400 loss:  0.00962634477764368 PSNR:  13.22189015678029
epoch:  34600 loss:  0.009626343846321106 PSNR:  13.221889137591468
epoch:  34800 loss:  0.009626343846321106 PSNR:  13.221889137591468
epoch:  35000 loss:  0.009626343846321106 PSNR:  13.221889137591468
epoch:  35200 loss:  0.009626343846321106 PSNR:  13.221889137591468
epoch:  35400 loss:  0.009626343846321106 PSNR:  13.22189015678029
epoch:  35600 loss:  0.009626343846321106 PSNR:  13.221888458132385
epoch:  35800 loss:  0.009626343846321106 PSNR:  13.221888458132385
epoch:  36000 loss:  0.009626343846321106 PSNR:  13.221889137591468
epoch:  36200 loss:  0.009626343846321106 PSNR:  13.221889137591468
epoch:  36400 loss:  0.00962634664028883 PSNR:  13.221891175969349
epoch:  36600 loss:  0.009626343846321106 PSNR:  13.221889137591468
epoch:  36800 loss:  0.009626343846321106 PSNR:  13.221889137591468
epoch:  37000 loss:  0.009626343846321106 PSNR:  13.22189015678029
epoch:  37200 loss:  0.00962634477764368 PSNR:  13.22188743894396
epoch:  37400 loss:  0.00962634477764368 PSNR:  13.22188743894396
epoch:  37600 loss:  0.009626342914998531 PSNR:  13.221889137591468
epoch:  37800 loss:  0.009626343846321106 PSNR:  13.221889137591468
epoch:  38000 loss:  0.009626343846321106 PSNR:  13.221888458132385
epoch:  38200 loss:  0.009626345708966255 PSNR:  13.221891175969349
epoch:  38400 loss:  0.00962634477764368 PSNR:  13.22188743894396
epoch:  38600 loss:  0.009626345708966255 PSNR:  13.221886419755775
epoch:  38800 loss:  0.00962634477764368 PSNR:  13.22189015678029
epoch:  39000 loss:  0.009626343846321106 PSNR:  13.221889137591468
epoch:  39200 loss:  0.009626343846321106 PSNR:  13.221889137591468
epoch:  39400 loss:  0.009626343846321106 PSNR:  13.221888458132385
epoch:  39600 loss:  0.009626343846321106 PSNR:  13.221889137591468
epoch:  39800 loss:  0.009626343846321106 PSNR:  13.221889137591468
PSNR of output image is:  13.221889137591468
(3, 256, 256) (1, 3, 256, 256)
Experiment done
Processing image: coastguard
(3, 256, 256)
(3, 256, 256)
Starting optimization with optimizer 'SAM'
Output directory where image taken from: data/denoising/Set14/mask/12/SAM(sigma=0.1,lr=0.01,decay=0,beta=0)/det/-1.3/1e-09
Output directory where results stored: data/inpainting/Set14/transfer/0.8/2/12
1.1.1.weight         | nonzeros =      79 /   12800             (  0.62%) | total_pruned =   12721 | shape = torch.Size([16, 32, 5, 5])
1.1.1.bias           | nonzeros =       0 /      16             (  0.00%) | total_pruned =      16 | shape = torch.Size([16])
1.2.weight           | nonzeros =       4 /      16             ( 25.00%) | total_pruned =      12 | shape = torch.Size([16])
1.2.bias             | nonzeros =       0 /      16             (  0.00%) | total_pruned =      16 | shape = torch.Size([16])
1.4.1.weight         | nonzeros =      11 /    6400             (  0.17%) | total_pruned =    6389 | shape = torch.Size([16, 16, 5, 5])
1.4.1.bias           | nonzeros =       0 /      16             (  0.00%) | total_pruned =      16 | shape = torch.Size([16])
1.5.weight           | nonzeros =       4 /      16             ( 25.00%) | total_pruned =      12 | shape = torch.Size([16])
1.5.bias             | nonzeros =       0 /      16             (  0.00%) | total_pruned =      16 | shape = torch.Size([16])
1.7.1.1.1.weight     | nonzeros =      13 /   12800             (  0.10%) | total_pruned =   12787 | shape = torch.Size([32, 16, 5, 5])
1.7.1.1.1.bias       | nonzeros =       0 /      32             (  0.00%) | total_pruned =      32 | shape = torch.Size([32])
1.7.1.2.weight       | nonzeros =       7 /      32             ( 21.88%) | total_pruned =      25 | shape = torch.Size([32])
1.7.1.2.bias         | nonzeros =       0 /      32             (  0.00%) | total_pruned =      32 | shape = torch.Size([32])
1.7.1.4.1.weight     | nonzeros =      12 /   25600             (  0.05%) | total_pruned =   25588 | shape = torch.Size([32, 32, 5, 5])
1.7.1.4.1.bias       | nonzeros =       0 /      32             (  0.00%) | total_pruned =      32 | shape = torch.Size([32])
1.7.1.5.weight       | nonzeros =       7 /      32             ( 21.88%) | total_pruned =      25 | shape = torch.Size([32])
1.7.1.5.bias         | nonzeros =       0 /      32             (  0.00%) | total_pruned =      32 | shape = torch.Size([32])
1.7.1.7.1.1.1.weight | nonzeros =       3 /   51200             (  0.01%) | total_pruned =   51197 | shape = torch.Size([64, 32, 5, 5])
1.7.1.7.1.1.1.bias   | nonzeros =       0 /      64             (  0.00%) | total_pruned =      64 | shape = torch.Size([64])
1.7.1.7.1.2.weight   | nonzeros =      14 /      64             ( 21.88%) | total_pruned =      50 | shape = torch.Size([64])
1.7.1.7.1.2.bias     | nonzeros =       0 /      64             (  0.00%) | total_pruned =      64 | shape = torch.Size([64])
1.7.1.7.1.4.1.weight | nonzeros =       4 /  102400             (  0.00%) | total_pruned =  102396 | shape = torch.Size([64, 64, 5, 5])
1.7.1.7.1.4.1.bias   | nonzeros =       0 /      64             (  0.00%) | total_pruned =      64 | shape = torch.Size([64])
1.7.1.7.1.5.weight   | nonzeros =      18 /      64             ( 28.12%) | total_pruned =      46 | shape = torch.Size([64])
1.7.1.7.1.5.bias     | nonzeros =       0 /      64             (  0.00%) | total_pruned =      64 | shape = torch.Size([64])
1.7.1.7.1.7.1.1.1.weight | nonzeros =       0 /  204800             (  0.00%) | total_pruned =  204800 | shape = torch.Size([128, 64, 5, 5])
1.7.1.7.1.7.1.1.1.bias | nonzeros =       0 /     128             (  0.00%) | total_pruned =     128 | shape = torch.Size([128])
1.7.1.7.1.7.1.2.weight | nonzeros =      35 /     128             ( 27.34%) | total_pruned =      93 | shape = torch.Size([128])
1.7.1.7.1.7.1.2.bias | nonzeros =       0 /     128             (  0.00%) | total_pruned =     128 | shape = torch.Size([128])
1.7.1.7.1.7.1.4.1.weight | nonzeros =       1 /  409600             (  0.00%) | total_pruned =  409599 | shape = torch.Size([128, 128, 5, 5])
1.7.1.7.1.7.1.4.1.bias | nonzeros =       0 /     128             (  0.00%) | total_pruned =     128 | shape = torch.Size([128])
1.7.1.7.1.7.1.5.weight | nonzeros =      42 /     128             ( 32.81%) | total_pruned =      86 | shape = torch.Size([128])
1.7.1.7.1.7.1.5.bias | nonzeros =       0 /     128             (  0.00%) | total_pruned =     128 | shape = torch.Size([128])
1.7.1.7.1.7.1.7.1.1.1.weight | nonzeros =       1 /  409600             (  0.00%) | total_pruned =  409599 | shape = torch.Size([128, 128, 5, 5])
1.7.1.7.1.7.1.7.1.1.1.bias | nonzeros =       0 /     128             (  0.00%) | total_pruned =     128 | shape = torch.Size([128])
1.7.1.7.1.7.1.7.1.2.weight | nonzeros =      45 /     128             ( 35.16%) | total_pruned =      83 | shape = torch.Size([128])
1.7.1.7.1.7.1.7.1.2.bias | nonzeros =       0 /     128             (  0.00%) | total_pruned =     128 | shape = torch.Size([128])
1.7.1.7.1.7.1.7.1.4.1.weight | nonzeros =      99 /  409600             (  0.02%) | total_pruned =  409501 | shape = torch.Size([128, 128, 5, 5])
1.7.1.7.1.7.1.7.1.4.1.bias | nonzeros =       0 /     128             (  0.00%) | total_pruned =     128 | shape = torch.Size([128])
1.7.1.7.1.7.1.7.1.5.weight | nonzeros =      70 /     128             ( 54.69%) | total_pruned =      58 | shape = torch.Size([128])
1.7.1.7.1.7.1.7.1.5.bias | nonzeros =       0 /     128             (  0.00%) | total_pruned =     128 | shape = torch.Size([128])
1.7.1.7.1.7.1.7.1.7.1.1.1.weight | nonzeros =     634 /  409600             (  0.15%) | total_pruned =  408966 | shape = torch.Size([128, 128, 5, 5])
1.7.1.7.1.7.1.7.1.7.1.1.1.bias | nonzeros =       0 /     128             (  0.00%) | total_pruned =     128 | shape = torch.Size([128])
1.7.1.7.1.7.1.7.1.7.1.2.weight | nonzeros =      84 /     128             ( 65.62%) | total_pruned =      44 | shape = torch.Size([128])
1.7.1.7.1.7.1.7.1.7.1.2.bias | nonzeros =       0 /     128             (  0.00%) | total_pruned =     128 | shape = torch.Size([128])
1.7.1.7.1.7.1.7.1.7.1.4.1.weight | nonzeros =    6848 /  409600             (  1.67%) | total_pruned =  402752 | shape = torch.Size([128, 128, 5, 5])
1.7.1.7.1.7.1.7.1.7.1.4.1.bias | nonzeros =       0 /     128             (  0.00%) | total_pruned =     128 | shape = torch.Size([128])
1.7.1.7.1.7.1.7.1.7.1.5.weight | nonzeros =      78 /     128             ( 60.94%) | total_pruned =      50 | shape = torch.Size([128])
1.7.1.7.1.7.1.7.1.7.1.5.bias | nonzeros =       0 /     128             (  0.00%) | total_pruned =     128 | shape = torch.Size([128])
1.7.1.7.1.7.1.7.1.7.2.weight | nonzeros =      78 /     128             ( 60.94%) | total_pruned =      50 | shape = torch.Size([128])
1.7.1.7.1.7.1.7.1.7.2.bias | nonzeros =       0 /     128             (  0.00%) | total_pruned =     128 | shape = torch.Size([128])
1.7.1.7.1.7.1.7.1.7.3.1.weight | nonzeros =   16066 /  147456             ( 10.90%) | total_pruned =  131390 | shape = torch.Size([128, 128, 3, 3])
1.7.1.7.1.7.1.7.1.7.3.1.bias | nonzeros =       0 /     128             (  0.00%) | total_pruned =     128 | shape = torch.Size([128])
1.7.1.7.1.7.1.7.1.7.4.weight | nonzeros =      79 /     128             ( 61.72%) | total_pruned =      49 | shape = torch.Size([128])
1.7.1.7.1.7.1.7.1.7.4.bias | nonzeros =       0 /     128             (  0.00%) | total_pruned =     128 | shape = torch.Size([128])
1.7.1.7.1.7.1.7.2.weight | nonzeros =      79 /     128             ( 61.72%) | total_pruned =      49 | shape = torch.Size([128])
1.7.1.7.1.7.1.7.2.bias | nonzeros =       0 /     128             (  0.00%) | total_pruned =     128 | shape = torch.Size([128])
1.7.1.7.1.7.1.7.3.1.weight | nonzeros =   20902 /  147456             ( 14.18%) | total_pruned =  126554 | shape = torch.Size([128, 128, 3, 3])
1.7.1.7.1.7.1.7.3.1.bias | nonzeros =       0 /     128             (  0.00%) | total_pruned =     128 | shape = torch.Size([128])
1.7.1.7.1.7.1.7.4.weight | nonzeros =      82 /     128             ( 64.06%) | total_pruned =      46 | shape = torch.Size([128])
1.7.1.7.1.7.1.7.4.bias | nonzeros =       0 /     128             (  0.00%) | total_pruned =     128 | shape = torch.Size([128])
1.7.1.7.1.7.2.weight | nonzeros =      82 /     128             ( 64.06%) | total_pruned =      46 | shape = torch.Size([128])
1.7.1.7.1.7.2.bias   | nonzeros =       0 /     128             (  0.00%) | total_pruned =     128 | shape = torch.Size([128])
1.7.1.7.1.7.3.1.weight | nonzeros =   20804 /  147456             ( 14.11%) | total_pruned =  126652 | shape = torch.Size([128, 128, 3, 3])
1.7.1.7.1.7.3.1.bias | nonzeros =       0 /     128             (  0.00%) | total_pruned =     128 | shape = torch.Size([128])
1.7.1.7.1.7.4.weight | nonzeros =      76 /     128             ( 59.38%) | total_pruned =      52 | shape = torch.Size([128])
1.7.1.7.1.7.4.bias   | nonzeros =       0 /     128             (  0.00%) | total_pruned =     128 | shape = torch.Size([128])
1.7.1.7.2.weight     | nonzeros =      76 /     128             ( 59.38%) | total_pruned =      52 | shape = torch.Size([128])
1.7.1.7.2.bias       | nonzeros =       0 /     128             (  0.00%) | total_pruned =     128 | shape = torch.Size([128])
1.7.1.7.3.1.weight   | nonzeros =   11971 /   73728             ( 16.24%) | total_pruned =   61757 | shape = torch.Size([64, 128, 3, 3])
1.7.1.7.3.1.bias     | nonzeros =       0 /      64             (  0.00%) | total_pruned =      64 | shape = torch.Size([64])
1.7.1.7.4.weight     | nonzeros =      43 /      64             ( 67.19%) | total_pruned =      21 | shape = torch.Size([64])
1.7.1.7.4.bias       | nonzeros =       0 /      64             (  0.00%) | total_pruned =      64 | shape = torch.Size([64])
1.7.2.weight         | nonzeros =      43 /      64             ( 67.19%) | total_pruned =      21 | shape = torch.Size([64])
1.7.2.bias           | nonzeros =       0 /      64             (  0.00%) | total_pruned =      64 | shape = torch.Size([64])
1.7.3.1.weight       | nonzeros =    3140 /   18432             ( 17.04%) | total_pruned =   15292 | shape = torch.Size([32, 64, 3, 3])
1.7.3.1.bias         | nonzeros =       0 /      32             (  0.00%) | total_pruned =      32 | shape = torch.Size([32])
1.7.4.weight         | nonzeros =      17 /      32             ( 53.12%) | total_pruned =      15 | shape = torch.Size([32])
1.7.4.bias           | nonzeros =       0 /      32             (  0.00%) | total_pruned =      32 | shape = torch.Size([32])
2.weight             | nonzeros =      17 /      32             ( 53.12%) | total_pruned =      15 | shape = torch.Size([32])
2.bias               | nonzeros =       0 /      32             (  0.00%) | total_pruned =      32 | shape = torch.Size([32])
3.1.weight           | nonzeros =    1156 /    4608             ( 25.09%) | total_pruned =    3452 | shape = torch.Size([16, 32, 3, 3])
3.1.bias             | nonzeros =       0 /      16             (  0.00%) | total_pruned =      16 | shape = torch.Size([16])
4.weight             | nonzeros =      16 /      16             (100.00%) | total_pruned =       0 | shape = torch.Size([16])
4.bias               | nonzeros =       0 /      16             (  0.00%) | total_pruned =      16 | shape = torch.Size([16])
6.1.weight           | nonzeros =      34 /      48             ( 70.83%) | total_pruned =      14 | shape = torch.Size([3, 16, 1, 1])
6.1.bias             | nonzeros =       2 /       3             ( 66.67%) | total_pruned =       1 | shape = torch.Size([3])
alive: 82876, pruned : 2925991, total: 3008867, Compression rate :      36.31x  ( 97.25% pruned)
Initial PSNR of output image is:  13.190034636571264
epoch:  0 loss:  0.009712083265185356 PSNR:  13.190034636571264
epoch:  200 loss:  0.009621821343898773 PSNR:  13.221322165953698
epoch:  400 loss:  0.009621822275221348 PSNR:  13.221322165953698
epoch:  600 loss:  0.009621821343898773 PSNR:  13.221322165953698
epoch:  800 loss:  0.009621822275221348 PSNR:  13.221322165953698
epoch:  1000 loss:  0.009621821343898773 PSNR:  13.221323185009473
epoch:  1200 loss:  0.009621822275221348 PSNR:  13.221322165953698
epoch:  1400 loss:  0.009621821343898773 PSNR:  13.221322165953698
epoch:  1600 loss:  0.009621822275221348 PSNR:  13.221322165953698
epoch:  1800 loss:  0.009621822275221348 PSNR:  13.221322165953698
epoch:  2000 loss:  0.009621822275221348 PSNR:  13.221322165953698
epoch:  2200 loss:  0.009621822275221348 PSNR:  13.221322165953698
epoch:  2400 loss:  0.009621821343898773 PSNR:  13.221322165953698
epoch:  2600 loss:  0.009621822275221348 PSNR:  13.221322165953698
epoch:  2800 loss:  0.009621822275221348 PSNR:  13.221322165953698
epoch:  3000 loss:  0.009621822275221348 PSNR:  13.221322165953698
epoch:  3200 loss:  0.009621821343898773 PSNR:  13.221323185009473
epoch:  3400 loss:  0.009621821343898773 PSNR:  13.221323185009473
epoch:  3600 loss:  0.009621822275221348 PSNR:  13.221322165953698
epoch:  3800 loss:  0.009621822275221348 PSNR:  13.221322165953698
epoch:  4000 loss:  0.009621822275221348 PSNR:  13.221322165953698
epoch:  4200 loss:  0.009621821343898773 PSNR:  13.221323185009473
epoch:  4400 loss:  0.009621822275221348 PSNR:  13.221322165953698
epoch:  4600 loss:  0.009621822275221348 PSNR:  13.221322165953698
epoch:  4800 loss:  0.009621822275221348 PSNR:  13.221322165953698
epoch:  5000 loss:  0.009621822275221348 PSNR:  13.221323185009473
epoch:  5200 loss:  0.009621823206543922 PSNR:  13.221322165953698
epoch:  5400 loss:  0.009621823206543922 PSNR:  13.221322165953698
epoch:  5600 loss:  0.009621821343898773 PSNR:  13.221323185009473
epoch:  5800 loss:  0.009621823206543922 PSNR:  13.221322165953698
epoch:  6000 loss:  0.009621822275221348 PSNR:  13.221323185009473
epoch:  6200 loss:  0.009621823206543922 PSNR:  13.221322165953698
epoch:  6400 loss:  0.009621822275221348 PSNR:  13.221323185009473
epoch:  6600 loss:  0.009621822275221348 PSNR:  13.221322165953698
epoch:  6800 loss:  0.009621821343898773 PSNR:  13.2213248834363
epoch:  7000 loss:  0.009621823206543922 PSNR:  13.221322165953698
epoch:  7200 loss:  0.009621823206543922 PSNR:  13.221321146898159
epoch:  7400 loss:  0.009621823206543922 PSNR:  13.221343905862117
epoch:  7600 loss:  0.009621823206543922 PSNR:  13.22131299446247
epoch:  7800 loss:  0.009621823206543922 PSNR:  13.221323864380123
epoch:  8000 loss:  0.009621826931834221 PSNR:  13.221365645879363
epoch:  8200 loss:  0.009621823206543922 PSNR:  13.221346623358322
epoch:  8400 loss:  0.009621824137866497 PSNR:  13.22129227375731
epoch:  8600 loss:  0.009621823206543922 PSNR:  13.221345604297046
epoch:  8800 loss:  0.009621822275221348 PSNR:  13.221317750048096
epoch:  9000 loss:  0.009621823206543922 PSNR:  13.221322165953698
epoch:  9200 loss:  0.009621822275221348 PSNR:  13.221328619977651
epoch:  9400 loss:  0.009621823206543922 PSNR:  13.221296010270606
epoch:  9600 loss:  0.009621823206543922 PSNR:  13.221323864380123
epoch:  9800 loss:  0.009621822275221348 PSNR:  13.2213248834363
epoch:  10000 loss:  0.009621821343898773 PSNR:  13.221322165953698
epoch:  10200 loss:  0.009621823206543922 PSNR:  13.221326581863785
epoch:  10400 loss:  0.009621823206543922 PSNR:  13.221306880145749
epoch:  10600 loss:  0.009621823206543922 PSNR:  13.221325902492712
epoch:  10800 loss:  0.009621823206543922 PSNR:  13.221323185009473
epoch:  11000 loss:  0.009621823206543922 PSNR:  13.221322165953698
epoch:  11200 loss:  0.009621822275221348 PSNR:  13.221321146898159
epoch:  11400 loss:  0.009621823206543922 PSNR:  13.22133133746429
epoch:  11600 loss:  0.009621821343898773 PSNR:  13.221309597618784
epoch:  11800 loss:  0.009621823206543922 PSNR:  13.221308578566198
epoch:  12000 loss:  0.009621821343898773 PSNR:  13.2213248834363
epoch:  12200 loss:  0.009621821343898773 PSNR:  13.221318429417897
epoch:  12400 loss:  0.009621823206543922 PSNR:  13.221339489934412
epoch:  12600 loss:  0.009621821343898773 PSNR:  13.221323864380123
epoch:  12800 loss:  0.009621826931834221 PSNR:  13.221368363389171
epoch:  13000 loss:  0.009621824137866497 PSNR:  13.221297708686803
epoch:  13200 loss:  0.009621822275221348 PSNR:  13.22132929934915
epoch:  13400 loss:  0.009621823206543922 PSNR:  13.221341188367614
epoch:  13600 loss:  0.009621822275221348 PSNR:  13.221325902492712
epoch:  13800 loss:  0.009621823206543922 PSNR:  13.221323185009473
epoch:  14000 loss:  0.009621823206543922 PSNR:  13.221341188367614
epoch:  14200 loss:  0.009621823206543922 PSNR:  13.221342207427853
epoch:  14400 loss:  0.009621823206543922 PSNR:  13.221326581863785
epoch:  14600 loss:  0.009621821343898773 PSNR:  13.221322165953698
epoch:  14800 loss:  0.009621822275221348 PSNR:  13.221322165953698
epoch:  15000 loss:  0.009621822275221348 PSNR:  13.221323185009473
epoch:  15200 loss:  0.009621823206543922 PSNR:  13.221345604297046
epoch:  15400 loss:  0.009621822275221348 PSNR:  13.22132929934915
epoch:  15600 loss:  0.009621827863156796 PSNR:  13.22127155315101
epoch:  15800 loss:  0.009621822275221348 PSNR:  13.221335753383707
epoch:  16000 loss:  0.009621823206543922 PSNR:  13.221335753383707
epoch:  16200 loss:  0.009621822275221348 PSNR:  13.221323864380123
epoch:  16400 loss:  0.009621823206543922 PSNR:  13.22133473432498
epoch:  16600 loss:  0.009621824137866497 PSNR:  13.221280384872752
epoch:  16800 loss:  0.009621823206543922 PSNR:  13.221342207427853
epoch:  17000 loss:  0.009621823206543922 PSNR:  13.221320467527935
epoch:  17200 loss:  0.009621822275221348 PSNR:  13.221322165953698
epoch:  17400 loss:  0.009621822275221348 PSNR:  13.221318429417897
epoch:  17600 loss:  0.009621822275221348 PSNR:  13.221318429417897
epoch:  17800 loss:  0.009621821343898773 PSNR:  13.22131299446247
epoch:  18000 loss:  0.009621823206543922 PSNR:  13.221300426154102
epoch:  18200 loss:  0.009621822275221348 PSNR:  13.221325902492712
epoch:  18400 loss:  0.009621822275221348 PSNR:  13.221318429417897
epoch:  18600 loss:  0.009621823206543922 PSNR:  13.221323864380123
epoch:  18800 loss:  0.009621822275221348 PSNR:  13.221321146898159
epoch:  19000 loss:  0.009621822275221348 PSNR:  13.221323185009473
epoch:  19200 loss:  0.009621822275221348 PSNR:  13.221323185009473
epoch:  19400 loss:  0.009621823206543922 PSNR:  13.221300426154102
epoch:  19600 loss:  0.009621823206543922 PSNR:  13.221337451815447
epoch:  19800 loss:  0.009621822275221348 PSNR:  13.221323864380123
epoch:  20000 loss:  0.009621822275221348 PSNR:  13.221322165953698
epoch:  20200 loss:  0.009621822275221348 PSNR:  13.221321146898159
epoch:  20400 loss:  0.009621822275221348 PSNR:  13.221321146898159
epoch:  20600 loss:  0.009621823206543922 PSNR:  13.221343905862117
epoch:  20800 loss:  0.009621824137866497 PSNR:  13.221296689637006
epoch:  21000 loss:  0.009621822275221348 PSNR:  13.221326581863785
epoch:  21200 loss:  0.009621822275221348 PSNR:  13.221323185009473
epoch:  21400 loss:  0.009621822275221348 PSNR:  13.221323864380123
epoch:  21600 loss:  0.009621822275221348 PSNR:  13.221323864380123
epoch:  21800 loss:  0.009621825069189072 PSNR:  13.221354775857137
epoch:  22000 loss:  0.009621823206543922 PSNR:  13.22134288680148
epoch:  22200 loss:  0.009621823206543922 PSNR:  13.2213276009206
epoch:  22400 loss:  0.009621823206543922 PSNR:  13.221321146898159
epoch:  22600 loss:  0.009621826931834221 PSNR:  13.221274949964938
epoch:  22800 loss:  0.009621821343898773 PSNR:  13.221322165953698
epoch:  23000 loss:  0.009621822275221348 PSNR:  13.221314013516096
epoch:  23200 loss:  0.009621824137866497 PSNR:  13.221354775857137
epoch:  23400 loss:  0.009621823206543922 PSNR:  13.221334054952631
epoch:  23600 loss:  0.009621821343898773 PSNR:  13.22131299446247
epoch:  23800 loss:  0.009621821343898773 PSNR:  13.221322165953698
epoch:  24000 loss:  0.009621822275221348 PSNR:  13.221323185009473
epoch:  24200 loss:  0.009621825069189072 PSNR:  13.221277667417993
epoch:  24400 loss:  0.009621823206543922 PSNR:  13.221354775857137
epoch:  24600 loss:  0.009621821343898773 PSNR:  13.221318429417897
epoch:  24800 loss:  0.009621823206543922 PSNR:  13.221320467527935
epoch:  25000 loss:  0.009621823206543922 PSNR:  13.221323185009473
epoch:  25200 loss:  0.009621822275221348 PSNR:  13.221323185009473
epoch:  25400 loss:  0.009621823206543922 PSNR:  13.221323185009473
epoch:  25600 loss:  0.009621823206543922 PSNR:  13.22134288680148
epoch:  25800 loss:  0.009621823206543922 PSNR:  13.221315032569958
epoch:  26000 loss:  0.009621824137866497 PSNR:  13.221348321794313
epoch:  26200 loss:  0.009621823206543922 PSNR:  13.22131027698731
epoch:  26400 loss:  0.009621823206543922 PSNR:  13.221325902492712
epoch:  26600 loss:  0.009621822275221348 PSNR:  13.221323185009473
epoch:  26800 loss:  0.009621822275221348 PSNR:  13.221322165953698
epoch:  27000 loss:  0.009621822275221348 PSNR:  13.22131299446247
epoch:  27200 loss:  0.009621826931834221 PSNR:  13.221351039293282
epoch:  27400 loss:  0.009621823206543922 PSNR:  13.221319448472798
epoch:  27600 loss:  0.009621822275221348 PSNR:  13.221322165953698
epoch:  27800 loss:  0.009621822275221348 PSNR:  13.221320467527935
epoch:  28000 loss:  0.009621823206543922 PSNR:  13.221323864380123
epoch:  28200 loss:  0.009621822275221348 PSNR:  13.221322165953698
epoch:  28400 loss:  0.009621822275221348 PSNR:  13.221321146898159
epoch:  28600 loss:  0.009621823206543922 PSNR:  13.221322165953698
epoch:  28800 loss:  0.009621822275221348 PSNR:  13.221322165953698
epoch:  29000 loss:  0.009621823206543922 PSNR:  13.22131231509352
epoch:  29200 loss:  0.009621821343898773 PSNR:  13.221315032569958
epoch:  29400 loss:  0.009621822275221348 PSNR:  13.221320467527935
epoch:  29600 loss:  0.009621821343898773 PSNR:  13.221322165953698
epoch:  29800 loss:  0.009621823206543922 PSNR:  13.221294991221207
epoch:  30000 loss:  0.009621822275221348 PSNR:  13.221315032569958
epoch:  30200 loss:  0.009621823206543922 PSNR:  13.221321146898159
epoch:  30400 loss:  0.009621826931834221 PSNR:  13.221274949964938
epoch:  30600 loss:  0.009621823206543922 PSNR:  13.221341188367614
epoch:  30800 loss:  0.009621823206543922 PSNR:  13.2213303184066
epoch:  31000 loss:  0.009621823206543922 PSNR:  13.22133133746429
epoch:  31200 loss:  0.009621823206543922 PSNR:  13.22133473432498
epoch:  31400 loss:  0.009621823206543922 PSNR:  13.2213276009206
epoch:  31600 loss:  0.009621821343898773 PSNR:  13.2213248834363
epoch:  31800 loss:  0.009621822275221348 PSNR:  13.221323864380123
epoch:  32000 loss:  0.009621823206543922 PSNR:  13.221302124572027
epoch:  32200 loss:  0.009621826931834221 PSNR:  13.221381950963718
epoch:  32400 loss:  0.009621821343898773 PSNR:  13.221323864380123
epoch:  32600 loss:  0.009621822275221348 PSNR:  13.221340169307613
epoch:  32800 loss:  0.009621822275221348 PSNR:  13.221320467527935
epoch:  33000 loss:  0.009621821343898773 PSNR:  13.221319448472798
epoch:  33200 loss:  0.009621823206543922 PSNR:  13.2213276009206
epoch:  33400 loss:  0.009621822275221348 PSNR:  13.2213276009206
epoch:  33600 loss:  0.009621823206543922 PSNR:  13.221323864380123
epoch:  33800 loss:  0.009621823206543922 PSNR:  13.221322165953698
epoch:  34000 loss:  0.009621823206543922 PSNR:  13.2213248834363
epoch:  34200 loss:  0.009621825069189072 PSNR:  13.221353077418623
epoch:  34400 loss:  0.009621823206543922 PSNR:  13.221328619977651
epoch:  34600 loss:  0.009621822275221348 PSNR:  13.221319448472798
epoch:  34800 loss:  0.009621821343898773 PSNR:  13.221316730993596
epoch:  35000 loss:  0.009621823206543922 PSNR:  13.221321146898159
epoch:  35200 loss:  0.009621822275221348 PSNR:  13.221322165953698
epoch:  35400 loss:  0.009621821343898773 PSNR:  13.221322165953698
epoch:  35600 loss:  0.009621823206543922 PSNR:  13.221323864380123
epoch:  35800 loss:  0.009621823206543922 PSNR:  13.221340169307613
epoch:  36000 loss:  0.009621822275221348 PSNR:  13.22133133746429
epoch:  36200 loss:  0.009621823206543922 PSNR:  13.221323185009473
epoch:  36400 loss:  0.009621822275221348 PSNR:  13.221322165953698
epoch:  36600 loss:  0.009621823206543922 PSNR:  13.221322165953698
epoch:  36800 loss:  0.009621826931834221 PSNR:  13.221370061833664
epoch:  37000 loss:  0.009621823206543922 PSNR:  13.221326581863785
epoch:  37200 loss:  0.009621821343898773 PSNR:  13.2213248834363
epoch:  37400 loss:  0.009621822275221348 PSNR:  13.221323864380123
epoch:  37600 loss:  0.009621822275221348 PSNR:  13.221316730993596
epoch:  37800 loss:  0.009621822275221348 PSNR:  13.221320467527935
epoch:  38000 loss:  0.009621823206543922 PSNR:  13.221318429417897
epoch:  38200 loss:  0.009621823206543922 PSNR:  13.22133473432498
epoch:  38400 loss:  0.009621822275221348 PSNR:  13.221315032569958
epoch:  38600 loss:  0.009621825069189072 PSNR:  13.221297708686803
epoch:  38800 loss:  0.009621823206543922 PSNR:  13.221328619977651
epoch:  39000 loss:  0.009621823206543922 PSNR:  13.221328619977651
epoch:  39200 loss:  0.009621822275221348 PSNR:  13.221322165953698
epoch:  39400 loss:  0.009621823206543922 PSNR:  13.221322165953698
epoch:  39600 loss:  0.009621825069189072 PSNR:  13.221283102329211
epoch:  39800 loss:  0.009621822275221348 PSNR:  13.221328619977651
PSNR of output image is:  13.221328619977651
(3, 256, 256) (1, 3, 256, 256)
Experiment done
