Processing image: monarch
(3, 512, 512)
(3, 512, 512)
Starting optimization with optimizer 'SAM'
Output directory where image taken from: data/denoising/Set14/mask/6/SAM(sigma=0.1,lr=0.01,decay=0,beta=0)/det/-1.3/1e-09
Output directory where results stored: data/inpainting/Set14/transfer/0.8/11/6
1.1.1.weight         | nonzeros =    1154 /   12800             (  9.02%) | total_pruned =   11646 | shape = torch.Size([16, 32, 5, 5])
1.1.1.bias           | nonzeros =       0 /      16             (  0.00%) | total_pruned =      16 | shape = torch.Size([16])
1.2.weight           | nonzeros =       8 /      16             ( 50.00%) | total_pruned =       8 | shape = torch.Size([16])
1.2.bias             | nonzeros =       0 /      16             (  0.00%) | total_pruned =      16 | shape = torch.Size([16])
1.4.1.weight         | nonzeros =     197 /    6400             (  3.08%) | total_pruned =    6203 | shape = torch.Size([16, 16, 5, 5])
1.4.1.bias           | nonzeros =       0 /      16             (  0.00%) | total_pruned =      16 | shape = torch.Size([16])
1.5.weight           | nonzeros =       8 /      16             ( 50.00%) | total_pruned =       8 | shape = torch.Size([16])
1.5.bias             | nonzeros =       0 /      16             (  0.00%) | total_pruned =      16 | shape = torch.Size([16])
1.7.1.1.1.weight     | nonzeros =      87 /   12800             (  0.68%) | total_pruned =   12713 | shape = torch.Size([32, 16, 5, 5])
1.7.1.1.1.bias       | nonzeros =       0 /      32             (  0.00%) | total_pruned =      32 | shape = torch.Size([32])
1.7.1.2.weight       | nonzeros =      17 /      32             ( 53.12%) | total_pruned =      15 | shape = torch.Size([32])
1.7.1.2.bias         | nonzeros =       0 /      32             (  0.00%) | total_pruned =      32 | shape = torch.Size([32])
1.7.1.4.1.weight     | nonzeros =     137 /   25600             (  0.54%) | total_pruned =   25463 | shape = torch.Size([32, 32, 5, 5])
1.7.1.4.1.bias       | nonzeros =       0 /      32             (  0.00%) | total_pruned =      32 | shape = torch.Size([32])
1.7.1.5.weight       | nonzeros =       9 /      32             ( 28.12%) | total_pruned =      23 | shape = torch.Size([32])
1.7.1.5.bias         | nonzeros =       0 /      32             (  0.00%) | total_pruned =      32 | shape = torch.Size([32])
1.7.1.7.1.1.1.weight | nonzeros =     123 /   51200             (  0.24%) | total_pruned =   51077 | shape = torch.Size([64, 32, 5, 5])
1.7.1.7.1.1.1.bias   | nonzeros =       0 /      64             (  0.00%) | total_pruned =      64 | shape = torch.Size([64])
1.7.1.7.1.2.weight   | nonzeros =      25 /      64             ( 39.06%) | total_pruned =      39 | shape = torch.Size([64])
1.7.1.7.1.2.bias     | nonzeros =       0 /      64             (  0.00%) | total_pruned =      64 | shape = torch.Size([64])
1.7.1.7.1.4.1.weight | nonzeros =     196 /  102400             (  0.19%) | total_pruned =  102204 | shape = torch.Size([64, 64, 5, 5])
1.7.1.7.1.4.1.bias   | nonzeros =       0 /      64             (  0.00%) | total_pruned =      64 | shape = torch.Size([64])
1.7.1.7.1.5.weight   | nonzeros =      19 /      64             ( 29.69%) | total_pruned =      45 | shape = torch.Size([64])
1.7.1.7.1.5.bias     | nonzeros =       0 /      64             (  0.00%) | total_pruned =      64 | shape = torch.Size([64])
1.7.1.7.1.7.1.1.1.weight | nonzeros =      43 /  204800             (  0.02%) | total_pruned =  204757 | shape = torch.Size([128, 64, 5, 5])
1.7.1.7.1.7.1.1.1.bias | nonzeros =       0 /     128             (  0.00%) | total_pruned =     128 | shape = torch.Size([128])
1.7.1.7.1.7.1.2.weight | nonzeros =      57 /     128             ( 44.53%) | total_pruned =      71 | shape = torch.Size([128])
1.7.1.7.1.7.1.2.bias | nonzeros =       0 /     128             (  0.00%) | total_pruned =     128 | shape = torch.Size([128])
1.7.1.7.1.7.1.4.1.weight | nonzeros =     198 /  409600             (  0.05%) | total_pruned =  409402 | shape = torch.Size([128, 128, 5, 5])
1.7.1.7.1.7.1.4.1.bias | nonzeros =       0 /     128             (  0.00%) | total_pruned =     128 | shape = torch.Size([128])
1.7.1.7.1.7.1.5.weight | nonzeros =      62 /     128             ( 48.44%) | total_pruned =      66 | shape = torch.Size([128])
1.7.1.7.1.7.1.5.bias | nonzeros =       0 /     128             (  0.00%) | total_pruned =     128 | shape = torch.Size([128])
1.7.1.7.1.7.1.7.1.1.1.weight | nonzeros =     372 /  409600             (  0.09%) | total_pruned =  409228 | shape = torch.Size([128, 128, 5, 5])
1.7.1.7.1.7.1.7.1.1.1.bias | nonzeros =       0 /     128             (  0.00%) | total_pruned =     128 | shape = torch.Size([128])
1.7.1.7.1.7.1.7.1.2.weight | nonzeros =      74 /     128             ( 57.81%) | total_pruned =      54 | shape = torch.Size([128])
1.7.1.7.1.7.1.7.1.2.bias | nonzeros =       0 /     128             (  0.00%) | total_pruned =     128 | shape = torch.Size([128])
1.7.1.7.1.7.1.7.1.4.1.weight | nonzeros =    3066 /  409600             (  0.75%) | total_pruned =  406534 | shape = torch.Size([128, 128, 5, 5])
1.7.1.7.1.7.1.7.1.4.1.bias | nonzeros =       0 /     128             (  0.00%) | total_pruned =     128 | shape = torch.Size([128])
1.7.1.7.1.7.1.7.1.5.weight | nonzeros =     102 /     128             ( 79.69%) | total_pruned =      26 | shape = torch.Size([128])
1.7.1.7.1.7.1.7.1.5.bias | nonzeros =       0 /     128             (  0.00%) | total_pruned =     128 | shape = torch.Size([128])
1.7.1.7.1.7.1.7.1.7.1.1.1.weight | nonzeros =   10525 /  409600             (  2.57%) | total_pruned =  399075 | shape = torch.Size([128, 128, 5, 5])
1.7.1.7.1.7.1.7.1.7.1.1.1.bias | nonzeros =       0 /     128             (  0.00%) | total_pruned =     128 | shape = torch.Size([128])
1.7.1.7.1.7.1.7.1.7.1.2.weight | nonzeros =      96 /     128             ( 75.00%) | total_pruned =      32 | shape = torch.Size([128])
1.7.1.7.1.7.1.7.1.7.1.2.bias | nonzeros =       0 /     128             (  0.00%) | total_pruned =     128 | shape = torch.Size([128])
1.7.1.7.1.7.1.7.1.7.1.4.1.weight | nonzeros =   40315 /  409600             (  9.84%) | total_pruned =  369285 | shape = torch.Size([128, 128, 5, 5])
1.7.1.7.1.7.1.7.1.7.1.4.1.bias | nonzeros =       0 /     128             (  0.00%) | total_pruned =     128 | shape = torch.Size([128])
1.7.1.7.1.7.1.7.1.7.1.5.weight | nonzeros =      90 /     128             ( 70.31%) | total_pruned =      38 | shape = torch.Size([128])
1.7.1.7.1.7.1.7.1.7.1.5.bias | nonzeros =       0 /     128             (  0.00%) | total_pruned =     128 | shape = torch.Size([128])
1.7.1.7.1.7.1.7.1.7.2.weight | nonzeros =      90 /     128             ( 70.31%) | total_pruned =      38 | shape = torch.Size([128])
1.7.1.7.1.7.1.7.1.7.2.bias | nonzeros =       0 /     128             (  0.00%) | total_pruned =     128 | shape = torch.Size([128])
1.7.1.7.1.7.1.7.1.7.3.1.weight | nonzeros =   31573 /  147456             ( 21.41%) | total_pruned =  115883 | shape = torch.Size([128, 128, 3, 3])
1.7.1.7.1.7.1.7.1.7.3.1.bias | nonzeros =       0 /     128             (  0.00%) | total_pruned =     128 | shape = torch.Size([128])
1.7.1.7.1.7.1.7.1.7.4.weight | nonzeros =      88 /     128             ( 68.75%) | total_pruned =      40 | shape = torch.Size([128])
1.7.1.7.1.7.1.7.1.7.4.bias | nonzeros =       0 /     128             (  0.00%) | total_pruned =     128 | shape = torch.Size([128])
1.7.1.7.1.7.1.7.2.weight | nonzeros =      88 /     128             ( 68.75%) | total_pruned =      40 | shape = torch.Size([128])
1.7.1.7.1.7.1.7.2.bias | nonzeros =       0 /     128             (  0.00%) | total_pruned =     128 | shape = torch.Size([128])
1.7.1.7.1.7.1.7.3.1.weight | nonzeros =   21930 /  147456             ( 14.87%) | total_pruned =  125526 | shape = torch.Size([128, 128, 3, 3])
1.7.1.7.1.7.1.7.3.1.bias | nonzeros =       0 /     128             (  0.00%) | total_pruned =     128 | shape = torch.Size([128])
1.7.1.7.1.7.1.7.4.weight | nonzeros =      60 /     128             ( 46.88%) | total_pruned =      68 | shape = torch.Size([128])
1.7.1.7.1.7.1.7.4.bias | nonzeros =       0 /     128             (  0.00%) | total_pruned =     128 | shape = torch.Size([128])
1.7.1.7.1.7.2.weight | nonzeros =      60 /     128             ( 46.88%) | total_pruned =      68 | shape = torch.Size([128])
1.7.1.7.1.7.2.bias   | nonzeros =       0 /     128             (  0.00%) | total_pruned =     128 | shape = torch.Size([128])
1.7.1.7.1.7.3.1.weight | nonzeros =   14987 /  147456             ( 10.16%) | total_pruned =  132469 | shape = torch.Size([128, 128, 3, 3])
1.7.1.7.1.7.3.1.bias | nonzeros =       0 /     128             (  0.00%) | total_pruned =     128 | shape = torch.Size([128])
1.7.1.7.1.7.4.weight | nonzeros =      61 /     128             ( 47.66%) | total_pruned =      67 | shape = torch.Size([128])
1.7.1.7.1.7.4.bias   | nonzeros =       0 /     128             (  0.00%) | total_pruned =     128 | shape = torch.Size([128])
1.7.1.7.2.weight     | nonzeros =      61 /     128             ( 47.66%) | total_pruned =      67 | shape = torch.Size([128])
1.7.1.7.2.bias       | nonzeros =       0 /     128             (  0.00%) | total_pruned =     128 | shape = torch.Size([128])
1.7.1.7.3.1.weight   | nonzeros =    8413 /   73728             ( 11.41%) | total_pruned =   65315 | shape = torch.Size([64, 128, 3, 3])
1.7.1.7.3.1.bias     | nonzeros =       0 /      64             (  0.00%) | total_pruned =      64 | shape = torch.Size([64])
1.7.1.7.4.weight     | nonzeros =      34 /      64             ( 53.12%) | total_pruned =      30 | shape = torch.Size([64])
1.7.1.7.4.bias       | nonzeros =       0 /      64             (  0.00%) | total_pruned =      64 | shape = torch.Size([64])
1.7.2.weight         | nonzeros =      34 /      64             ( 53.12%) | total_pruned =      30 | shape = torch.Size([64])
1.7.2.bias           | nonzeros =       0 /      64             (  0.00%) | total_pruned =      64 | shape = torch.Size([64])
1.7.3.1.weight       | nonzeros =    2507 /   18432             ( 13.60%) | total_pruned =   15925 | shape = torch.Size([32, 64, 3, 3])
1.7.3.1.bias         | nonzeros =       0 /      32             (  0.00%) | total_pruned =      32 | shape = torch.Size([32])
1.7.4.weight         | nonzeros =      17 /      32             ( 53.12%) | total_pruned =      15 | shape = torch.Size([32])
1.7.4.bias           | nonzeros =       0 /      32             (  0.00%) | total_pruned =      32 | shape = torch.Size([32])
2.weight             | nonzeros =      17 /      32             ( 53.12%) | total_pruned =      15 | shape = torch.Size([32])
2.bias               | nonzeros =       0 /      32             (  0.00%) | total_pruned =      32 | shape = torch.Size([32])
3.1.weight           | nonzeros =    1033 /    4608             ( 22.42%) | total_pruned =    3575 | shape = torch.Size([16, 32, 3, 3])
3.1.bias             | nonzeros =       0 /      16             (  0.00%) | total_pruned =      16 | shape = torch.Size([16])
4.weight             | nonzeros =      15 /      16             ( 93.75%) | total_pruned =       1 | shape = torch.Size([16])
4.bias               | nonzeros =       0 /      16             (  0.00%) | total_pruned =      16 | shape = torch.Size([16])
6.1.weight           | nonzeros =      28 /      48             ( 58.33%) | total_pruned =      20 | shape = torch.Size([3, 16, 1, 1])
6.1.bias             | nonzeros =       2 /       3             ( 66.67%) | total_pruned =       1 | shape = torch.Size([3])
alive: 138078, pruned : 2870789, total: 3008867, Compression rate :      21.79x  ( 95.41% pruned)
Initial PSNR of output image is:  13.819998738839557
epoch:  0 loss:  0.008268831297755241 PSNR:  13.819998738839557
epoch:  200 loss:  0.0015042400918900967 PSNR:  20.71322049680038
epoch:  400 loss:  0.0004612454795278609 PSNR:  24.164280913104236
epoch:  600 loss:  0.00027688092086464167 PSNR:  25.01424567629602
epoch:  800 loss:  0.00018199210171587765 PSNR:  25.387395288362946
epoch:  1000 loss:  0.00013049328117631376 PSNR:  25.556147797374145
epoch:  1200 loss:  0.00010920333443209529 PSNR:  25.60586238589506
epoch:  1400 loss:  0.00011049419117625803 PSNR:  25.538834375838157
epoch:  1600 loss:  0.0001204229993163608 PSNR:  25.232390361881492
epoch:  1800 loss:  7.201900007203221e-05 PSNR:  25.57804306165704
epoch:  2000 loss:  6.603131623705849e-05 PSNR:  25.532633772132918
epoch:  2200 loss:  7.453624857589602e-05 PSNR:  25.485787558513433
epoch:  2400 loss:  6.78830110700801e-05 PSNR:  25.44228859959549
epoch:  2600 loss:  4.917960905004293e-05 PSNR:  25.49133039077151
epoch:  2800 loss:  5.153871461516246e-05 PSNR:  25.452079296278978
epoch:  3000 loss:  4.350492235971615e-05 PSNR:  25.43218294235365
epoch:  3200 loss:  6.013541133143008e-05 PSNR:  25.34414702047762
epoch:  3400 loss:  4.0021404856815934e-05 PSNR:  25.36815123586827
epoch:  3600 loss:  3.663324605440721e-05 PSNR:  25.402691411154827
epoch:  3800 loss:  3.542782360455021e-05 PSNR:  25.399608732018105
epoch:  4000 loss:  3.969223325839266e-05 PSNR:  25.33981943806113
epoch:  4200 loss:  4.417045784066431e-05 PSNR:  25.329512410923808
epoch:  4400 loss:  3.546288644429296e-05 PSNR:  25.34393900137281
epoch:  4600 loss:  3.960049070883542e-05 PSNR:  25.328264849836074
epoch:  4800 loss:  6.032150122337043e-05 PSNR:  25.27864753733325
epoch:  5000 loss:  5.121453432366252e-05 PSNR:  25.287895385045978
epoch:  5200 loss:  5.181448068469763e-05 PSNR:  25.220462678658112
epoch:  5400 loss:  3.1057010346557945e-05 PSNR:  25.280756476863694
epoch:  5600 loss:  4.203706339467317e-05 PSNR:  25.247071073677887
epoch:  5800 loss:  3.152472709189169e-05 PSNR:  25.296259452960715
epoch:  6000 loss:  3.930436650989577e-05 PSNR:  25.15025099360766
epoch:  6200 loss:  3.800611739279702e-05 PSNR:  25.24104829709951
epoch:  6400 loss:  2.854982994904276e-05 PSNR:  25.247963057084533
epoch:  6600 loss:  3.206061592209153e-05 PSNR:  25.258456165806624
epoch:  6800 loss:  3.8163503631949425e-05 PSNR:  25.165873906171985
epoch:  7000 loss:  2.388187567703426e-05 PSNR:  25.24021146548713
epoch:  7200 loss:  3.107964585069567e-05 PSNR:  25.256250159616165
epoch:  7400 loss:  2.954093724838458e-05 PSNR:  25.247796494469608
epoch:  7600 loss:  3.2220184948528185e-05 PSNR:  25.224674236050344
epoch:  7800 loss:  2.991735345858615e-05 PSNR:  25.147397245726474
epoch:  8000 loss:  2.241374022560194e-05 PSNR:  25.170704257560264
epoch:  8200 loss:  3.6278295738156885e-05 PSNR:  25.12459667659676
epoch:  8400 loss:  2.582912566140294e-05 PSNR:  25.17276374264008
epoch:  8600 loss:  2.185502671636641e-05 PSNR:  25.183329665180487
epoch:  8800 loss:  2.3549662728328258e-05 PSNR:  25.126178459841636
epoch:  9000 loss:  2.3815457097953185e-05 PSNR:  25.18151488005251
epoch:  9200 loss:  2.3623962988494895e-05 PSNR:  25.1862071300474
epoch:  9400 loss:  2.5367728085257113e-05 PSNR:  25.164738230934415
epoch:  9600 loss:  2.919930557254702e-05 PSNR:  25.07653942772862
epoch:  9800 loss:  2.3403967134072445e-05 PSNR:  25.13444100067445
epoch:  10000 loss:  2.194291664636694e-05 PSNR:  25.14550581823828
epoch:  10200 loss:  2.1620286133838817e-05 PSNR:  25.15547525669931
epoch:  10400 loss:  2.1262900190777145e-05 PSNR:  25.123033232434793
epoch:  10600 loss:  2.4814424250507727e-05 PSNR:  25.08497111560233
epoch:  10800 loss:  2.2204068955034018e-05 PSNR:  25.102881311495565
epoch:  11000 loss:  2.555539322202094e-05 PSNR:  25.092768441705985
epoch:  11200 loss:  6.194167508510873e-05 PSNR:  24.890624659773508
epoch:  11400 loss:  2.9419525162666105e-05 PSNR:  25.06246914892713
epoch:  11600 loss:  2.3717249860055745e-05 PSNR:  25.095219766819483
epoch:  11800 loss:  2.091587521135807e-05 PSNR:  25.075566454408673
epoch:  12000 loss:  2.8502092391136102e-05 PSNR:  25.085001114886293
epoch:  12200 loss:  2.3092827177606523e-05 PSNR:  25.065176727273762
epoch:  12400 loss:  1.8776221622829325e-05 PSNR:  25.080786290353775
epoch:  12600 loss:  3.1765521271154284e-05 PSNR:  24.996171961272896
epoch:  12800 loss:  1.9530769350240007e-05 PSNR:  25.10356306502288
epoch:  13000 loss:  2.5511555577395484e-05 PSNR:  25.024303826398672
epoch:  13200 loss:  2.0899335140711628e-05 PSNR:  25.065033583139915
epoch:  13400 loss:  1.805208739824593e-05 PSNR:  25.071831480973493
epoch:  13600 loss:  1.9781615264946595e-05 PSNR:  25.086078291690907
epoch:  13800 loss:  2.2010004613548517e-05 PSNR:  25.03608096443279
epoch:  14000 loss:  1.767541834851727e-05 PSNR:  25.055262579283642
epoch:  14200 loss:  1.7427231796318665e-05 PSNR:  25.048897664068043
epoch:  14400 loss:  1.7161481082439423e-05 PSNR:  25.0564137127678
epoch:  14600 loss:  2.699477772694081e-05 PSNR:  25.013914932927158
epoch:  14800 loss:  2.77033141173888e-05 PSNR:  24.969303718697606
epoch:  15000 loss:  1.6416639482486062e-05 PSNR:  25.0451160790869
epoch:  15200 loss:  1.76200319401687e-05 PSNR:  25.048232844053715
epoch:  15400 loss:  1.7606265828362666e-05 PSNR:  25.055717943391983
epoch:  15600 loss:  2.5604484108043835e-05 PSNR:  25.046394448166858
epoch:  15800 loss:  1.909021921164822e-05 PSNR:  25.073766865597168
epoch:  16000 loss:  1.7871101590571925e-05 PSNR:  24.996407423315468
epoch:  16200 loss:  2.610530464153271e-05 PSNR:  24.986868177113287
epoch:  16400 loss:  1.610129766049795e-05 PSNR:  25.01367916132549
epoch:  16600 loss:  1.7840655345935374e-05 PSNR:  25.01988855339006
epoch:  16800 loss:  1.9644754502223805e-05 PSNR:  25.011607167278058
epoch:  17000 loss:  1.6693167708581313e-05 PSNR:  24.991184571821595
epoch:  17200 loss:  2.1658901459886692e-05 PSNR:  25.020313880002046
epoch:  17400 loss:  1.835336661315523e-05 PSNR:  24.99475019518815
epoch:  17600 loss:  1.5357081792899407e-05 PSNR:  25.002286289808517
epoch:  17800 loss:  2.3619417333975434e-05 PSNR:  25.01465440852357
epoch:  18000 loss:  1.577679540787358e-05 PSNR:  25.02159139523693
epoch:  18200 loss:  2.007121656788513e-05 PSNR:  25.018293628366646
epoch:  18400 loss:  3.280439705122262e-05 PSNR:  25.099385813581687
epoch:  18600 loss:  1.8167733287555166e-05 PSNR:  24.98261689796348
epoch:  18800 loss:  1.7103273421525955e-05 PSNR:  24.996134901924204
epoch:  19000 loss:  1.612602500244975e-05 PSNR:  25.01704469011869
epoch:  19200 loss:  1.588014856679365e-05 PSNR:  24.984566450917267
epoch:  19400 loss:  1.9612321921158582e-05 PSNR:  24.97536727441094
epoch:  19600 loss:  1.7005539120873436e-05 PSNR:  24.99534171599773
epoch:  19800 loss:  2.2995129256742075e-05 PSNR:  24.954302632587154
epoch:  20000 loss:  1.5573936252621934e-05 PSNR:  24.98949711721547
epoch:  20200 loss:  1.734798206598498e-05 PSNR:  24.97034527018192
epoch:  20400 loss:  1.4677374565508217e-05 PSNR:  24.9896081264112
epoch:  20600 loss:  2.020794272539206e-05 PSNR:  25.02786071263134
epoch:  20800 loss:  1.582188269821927e-05 PSNR:  25.023868463186535
epoch:  21000 loss:  1.6603973563178442e-05 PSNR:  24.971642478035324
epoch:  21200 loss:  1.5044941392261535e-05 PSNR:  24.97767017327112
epoch:  21400 loss:  1.530748704681173e-05 PSNR:  24.98481849132911
epoch:  21600 loss:  1.8668186385184526e-05 PSNR:  24.973790837984122
epoch:  21800 loss:  1.571029133629054e-05 PSNR:  24.978904973919036
epoch:  22000 loss:  1.5728295693406835e-05 PSNR:  24.957617693855507
epoch:  22200 loss:  1.5255637663358357e-05 PSNR:  24.97200496506084
epoch:  22400 loss:  1.393017555528786e-05 PSNR:  24.969026860451145
epoch:  22600 loss:  1.4791279681958258e-05 PSNR:  24.946826529670926
epoch:  22800 loss:  1.5658062693546526e-05 PSNR:  24.98010033826462
epoch:  23000 loss:  1.572899054735899e-05 PSNR:  24.95332249483138
epoch:  23200 loss:  1.5009975868451875e-05 PSNR:  24.95256428951942
epoch:  23400 loss:  2.3255959604284726e-05 PSNR:  24.98616624762855
epoch:  23600 loss:  1.4502064004773274e-05 PSNR:  24.955459593660624
epoch:  23800 loss:  1.528829670860432e-05 PSNR:  24.94698320355612
epoch:  24000 loss:  2.9392289434326813e-05 PSNR:  24.906777930366527
epoch:  24200 loss:  1.7834365280577913e-05 PSNR:  24.91087193778157
epoch:  24400 loss:  1.4429793736780994e-05 PSNR:  24.970269050627106
epoch:  24600 loss:  2.0815137759200297e-05 PSNR:  24.955956523308068
epoch:  24800 loss:  1.4118862964096479e-05 PSNR:  24.968819863293554
epoch:  25000 loss:  1.8736212950898334e-05 PSNR:  24.96923545499059
epoch:  25200 loss:  1.3764666618953925e-05 PSNR:  24.942292070238864
epoch:  25400 loss:  2.233013219665736e-05 PSNR:  24.874371884730074
epoch:  25600 loss:  1.6114971003844403e-05 PSNR:  24.93397862604857
epoch:  25800 loss:  1.6663932910887524e-05 PSNR:  24.93424601494713
epoch:  26000 loss:  1.5937590433168225e-05 PSNR:  24.963869159005377
epoch:  26200 loss:  2.0061645045643672e-05 PSNR:  24.96940214732689
epoch:  26400 loss:  1.7079280951293185e-05 PSNR:  24.962518793032174
epoch:  26600 loss:  1.503438670624746e-05 PSNR:  24.934026496585
epoch:  26800 loss:  2.1459103663801216e-05 PSNR:  24.897109175439827
epoch:  27000 loss:  1.5102043107617646e-05 PSNR:  24.944934570233173
epoch:  27200 loss:  2.802233211696148e-05 PSNR:  24.922847946530943
epoch:  27400 loss:  1.5313138646888547e-05 PSNR:  24.93394587282767
epoch:  27600 loss:  1.6541773220524192e-05 PSNR:  24.92650124250488
epoch:  27800 loss:  1.5143431483011227e-05 PSNR:  24.923075696663663
epoch:  28000 loss:  1.7336662494926713e-05 PSNR:  24.921144126210827
epoch:  28200 loss:  1.5693782188463956e-05 PSNR:  24.946729558948753
epoch:  28400 loss:  1.4846306839899626e-05 PSNR:  24.944830064365462
epoch:  28600 loss:  1.3936510185885709e-05 PSNR:  24.922384629676703
epoch:  28800 loss:  1.860103293438442e-05 PSNR:  24.893649000592642
epoch:  29000 loss:  2.1164421923458576e-05 PSNR:  24.887534497306383
epoch:  29200 loss:  1.6852483895490877e-05 PSNR:  24.906086009561847
epoch:  29400 loss:  1.491801504016621e-05 PSNR:  24.937606629090133
epoch:  29600 loss:  1.3775231309409719e-05 PSNR:  24.919882316757203
epoch:  29800 loss:  2.153442255803384e-05 PSNR:  24.852835060956615
epoch:  30000 loss:  1.3153112377040088e-05 PSNR:  24.920880996599173
epoch:  30200 loss:  1.714669997454621e-05 PSNR:  24.937624280281465
epoch:  30400 loss:  1.5469237041543238e-05 PSNR:  24.906211179287638
epoch:  30600 loss:  1.5185478332568891e-05 PSNR:  24.870544895826523
epoch:  30800 loss:  1.3882970961276442e-05 PSNR:  24.92938267815798
epoch:  31000 loss:  1.5219864508253522e-05 PSNR:  24.937673451835604
epoch:  31200 loss:  1.6194022464333102e-05 PSNR:  24.900724310581317
epoch:  31400 loss:  1.5881683793850243e-05 PSNR:  24.908589776671775
epoch:  31600 loss:  1.5929743312881328e-05 PSNR:  24.88386649869994
epoch:  31800 loss:  1.4285024917626288e-05 PSNR:  24.89935969024141
epoch:  32000 loss:  1.4819852367509156e-05 PSNR:  24.92642578854387
epoch:  32200 loss:  1.5845980669837445e-05 PSNR:  24.893208443681235
epoch:  32400 loss:  1.4318286048364826e-05 PSNR:  24.86541906709418
epoch:  32600 loss:  1.3011936971452087e-05 PSNR:  24.907404227820518
epoch:  32800 loss:  1.282199355046032e-05 PSNR:  24.89218584998083
epoch:  33000 loss:  1.2627540854737163e-05 PSNR:  24.896567102179766
epoch:  33200 loss:  1.2585122021846473e-05 PSNR:  24.88902382201394
epoch:  33400 loss:  1.3367966857913416e-05 PSNR:  24.930842680984348
epoch:  33600 loss:  1.2818221875932068e-05 PSNR:  24.90970831482814
epoch:  33800 loss:  1.360476562695112e-05 PSNR:  24.87119547888029
epoch:  34000 loss:  1.3144820513844024e-05 PSNR:  24.881249372955768
epoch:  34200 loss:  1.5543015251751058e-05 PSNR:  24.90946404058831
epoch:  34400 loss:  1.25631795526715e-05 PSNR:  24.888672558383995
epoch:  34600 loss:  1.9100856661680155e-05 PSNR:  24.880667588780177
epoch:  34800 loss:  1.7040943930624053e-05 PSNR:  24.887125715747423
epoch:  35000 loss:  1.367412187391892e-05 PSNR:  24.88320561042151
epoch:  35200 loss:  1.3785905139229726e-05 PSNR:  24.90964661862712
epoch:  35400 loss:  1.6707035683793947e-05 PSNR:  24.912356126875178
epoch:  35600 loss:  1.2946248716616537e-05 PSNR:  24.89659707681398
epoch:  35800 loss:  1.2373719073366374e-05 PSNR:  24.901401623965516
epoch:  36000 loss:  1.8376545995124616e-05 PSNR:  24.90225974760635
epoch:  36200 loss:  1.4886187273077667e-05 PSNR:  24.88793833150367
epoch:  36400 loss:  1.7427591956220567e-05 PSNR:  24.87725685279912
epoch:  36600 loss:  1.2227428669575602e-05 PSNR:  24.893782549333142
epoch:  36800 loss:  1.5346029613283463e-05 PSNR:  24.879129191870433
epoch:  37000 loss:  1.6011264960980043e-05 PSNR:  24.854408388229476
epoch:  37200 loss:  1.2941934983246028e-05 PSNR:  24.859929588927695
epoch:  37400 loss:  1.4274260138336103e-05 PSNR:  24.870069435885974
epoch:  37600 loss:  1.5016713405202609e-05 PSNR:  24.886519468827906
epoch:  37800 loss:  1.3223281712271273e-05 PSNR:  24.88028807105554
epoch:  38000 loss:  1.3915640010964125e-05 PSNR:  24.861250903168827
epoch:  38200 loss:  1.2355466424196493e-05 PSNR:  24.85421945991385
epoch:  38400 loss:  1.3388626030064188e-05 PSNR:  24.835586602966234
epoch:  38600 loss:  1.623827665753197e-05 PSNR:  24.864924949898757
epoch:  38800 loss:  1.3977645721752197e-05 PSNR:  24.86134257709576
epoch:  39000 loss:  1.6707845134078525e-05 PSNR:  24.86061419442374
epoch:  39200 loss:  1.5090549823071342e-05 PSNR:  24.861889563782498
epoch:  39400 loss:  1.9174522094544955e-05 PSNR:  24.868920415713283
epoch:  39600 loss:  1.5433397493325174e-05 PSNR:  24.836136513526952
epoch:  39800 loss:  1.4400100553757511e-05 PSNR:  24.864460952500565
PSNR of output image is:  24.864460952500565
(3, 512, 512) (1, 3, 512, 512)
Experiment done
