Processing image: man
(3, 512, 512)
(3, 512, 512)
Starting optimization with optimizer 'SAM'
Output directory where image taken from: data/denoising/Set14/mask/6/SAM(sigma=0.1,lr=0.01,decay=0,beta=0)/det/-1.3/1e-09
Output directory where results stored: data/inpainting/Set14/transfer/0.5/3
1.1.1.weight         | nonzeros =    1154 /   12800             (  9.02%) | total_pruned =   11646 | shape = torch.Size([16, 32, 5, 5])
1.1.1.bias           | nonzeros =       0 /      16             (  0.00%) | total_pruned =      16 | shape = torch.Size([16])
1.2.weight           | nonzeros =       8 /      16             ( 50.00%) | total_pruned =       8 | shape = torch.Size([16])
1.2.bias             | nonzeros =       0 /      16             (  0.00%) | total_pruned =      16 | shape = torch.Size([16])
1.4.1.weight         | nonzeros =     197 /    6400             (  3.08%) | total_pruned =    6203 | shape = torch.Size([16, 16, 5, 5])
1.4.1.bias           | nonzeros =       0 /      16             (  0.00%) | total_pruned =      16 | shape = torch.Size([16])
1.5.weight           | nonzeros =       8 /      16             ( 50.00%) | total_pruned =       8 | shape = torch.Size([16])
1.5.bias             | nonzeros =       0 /      16             (  0.00%) | total_pruned =      16 | shape = torch.Size([16])
1.7.1.1.1.weight     | nonzeros =      87 /   12800             (  0.68%) | total_pruned =   12713 | shape = torch.Size([32, 16, 5, 5])
1.7.1.1.1.bias       | nonzeros =       0 /      32             (  0.00%) | total_pruned =      32 | shape = torch.Size([32])
1.7.1.2.weight       | nonzeros =      17 /      32             ( 53.12%) | total_pruned =      15 | shape = torch.Size([32])
1.7.1.2.bias         | nonzeros =       0 /      32             (  0.00%) | total_pruned =      32 | shape = torch.Size([32])
1.7.1.4.1.weight     | nonzeros =     137 /   25600             (  0.54%) | total_pruned =   25463 | shape = torch.Size([32, 32, 5, 5])
1.7.1.4.1.bias       | nonzeros =       0 /      32             (  0.00%) | total_pruned =      32 | shape = torch.Size([32])
1.7.1.5.weight       | nonzeros =       9 /      32             ( 28.12%) | total_pruned =      23 | shape = torch.Size([32])
1.7.1.5.bias         | nonzeros =       0 /      32             (  0.00%) | total_pruned =      32 | shape = torch.Size([32])
1.7.1.7.1.1.1.weight | nonzeros =     123 /   51200             (  0.24%) | total_pruned =   51077 | shape = torch.Size([64, 32, 5, 5])
1.7.1.7.1.1.1.bias   | nonzeros =       0 /      64             (  0.00%) | total_pruned =      64 | shape = torch.Size([64])
1.7.1.7.1.2.weight   | nonzeros =      25 /      64             ( 39.06%) | total_pruned =      39 | shape = torch.Size([64])
1.7.1.7.1.2.bias     | nonzeros =       0 /      64             (  0.00%) | total_pruned =      64 | shape = torch.Size([64])
1.7.1.7.1.4.1.weight | nonzeros =     196 /  102400             (  0.19%) | total_pruned =  102204 | shape = torch.Size([64, 64, 5, 5])
1.7.1.7.1.4.1.bias   | nonzeros =       0 /      64             (  0.00%) | total_pruned =      64 | shape = torch.Size([64])
1.7.1.7.1.5.weight   | nonzeros =      19 /      64             ( 29.69%) | total_pruned =      45 | shape = torch.Size([64])
1.7.1.7.1.5.bias     | nonzeros =       0 /      64             (  0.00%) | total_pruned =      64 | shape = torch.Size([64])
1.7.1.7.1.7.1.1.1.weight | nonzeros =      43 /  204800             (  0.02%) | total_pruned =  204757 | shape = torch.Size([128, 64, 5, 5])
1.7.1.7.1.7.1.1.1.bias | nonzeros =       0 /     128             (  0.00%) | total_pruned =     128 | shape = torch.Size([128])
1.7.1.7.1.7.1.2.weight | nonzeros =      57 /     128             ( 44.53%) | total_pruned =      71 | shape = torch.Size([128])
1.7.1.7.1.7.1.2.bias | nonzeros =       0 /     128             (  0.00%) | total_pruned =     128 | shape = torch.Size([128])
1.7.1.7.1.7.1.4.1.weight | nonzeros =     198 /  409600             (  0.05%) | total_pruned =  409402 | shape = torch.Size([128, 128, 5, 5])
1.7.1.7.1.7.1.4.1.bias | nonzeros =       0 /     128             (  0.00%) | total_pruned =     128 | shape = torch.Size([128])
1.7.1.7.1.7.1.5.weight | nonzeros =      62 /     128             ( 48.44%) | total_pruned =      66 | shape = torch.Size([128])
1.7.1.7.1.7.1.5.bias | nonzeros =       0 /     128             (  0.00%) | total_pruned =     128 | shape = torch.Size([128])
1.7.1.7.1.7.1.7.1.1.1.weight | nonzeros =     372 /  409600             (  0.09%) | total_pruned =  409228 | shape = torch.Size([128, 128, 5, 5])
1.7.1.7.1.7.1.7.1.1.1.bias | nonzeros =       0 /     128             (  0.00%) | total_pruned =     128 | shape = torch.Size([128])
1.7.1.7.1.7.1.7.1.2.weight | nonzeros =      74 /     128             ( 57.81%) | total_pruned =      54 | shape = torch.Size([128])
1.7.1.7.1.7.1.7.1.2.bias | nonzeros =       0 /     128             (  0.00%) | total_pruned =     128 | shape = torch.Size([128])
1.7.1.7.1.7.1.7.1.4.1.weight | nonzeros =    3066 /  409600             (  0.75%) | total_pruned =  406534 | shape = torch.Size([128, 128, 5, 5])
1.7.1.7.1.7.1.7.1.4.1.bias | nonzeros =       0 /     128             (  0.00%) | total_pruned =     128 | shape = torch.Size([128])
1.7.1.7.1.7.1.7.1.5.weight | nonzeros =     102 /     128             ( 79.69%) | total_pruned =      26 | shape = torch.Size([128])
1.7.1.7.1.7.1.7.1.5.bias | nonzeros =       0 /     128             (  0.00%) | total_pruned =     128 | shape = torch.Size([128])
1.7.1.7.1.7.1.7.1.7.1.1.1.weight | nonzeros =   10525 /  409600             (  2.57%) | total_pruned =  399075 | shape = torch.Size([128, 128, 5, 5])
1.7.1.7.1.7.1.7.1.7.1.1.1.bias | nonzeros =       0 /     128             (  0.00%) | total_pruned =     128 | shape = torch.Size([128])
1.7.1.7.1.7.1.7.1.7.1.2.weight | nonzeros =      96 /     128             ( 75.00%) | total_pruned =      32 | shape = torch.Size([128])
1.7.1.7.1.7.1.7.1.7.1.2.bias | nonzeros =       0 /     128             (  0.00%) | total_pruned =     128 | shape = torch.Size([128])
1.7.1.7.1.7.1.7.1.7.1.4.1.weight | nonzeros =   40315 /  409600             (  9.84%) | total_pruned =  369285 | shape = torch.Size([128, 128, 5, 5])
1.7.1.7.1.7.1.7.1.7.1.4.1.bias | nonzeros =       0 /     128             (  0.00%) | total_pruned =     128 | shape = torch.Size([128])
1.7.1.7.1.7.1.7.1.7.1.5.weight | nonzeros =      90 /     128             ( 70.31%) | total_pruned =      38 | shape = torch.Size([128])
1.7.1.7.1.7.1.7.1.7.1.5.bias | nonzeros =       0 /     128             (  0.00%) | total_pruned =     128 | shape = torch.Size([128])
1.7.1.7.1.7.1.7.1.7.2.weight | nonzeros =      90 /     128             ( 70.31%) | total_pruned =      38 | shape = torch.Size([128])
1.7.1.7.1.7.1.7.1.7.2.bias | nonzeros =       0 /     128             (  0.00%) | total_pruned =     128 | shape = torch.Size([128])
1.7.1.7.1.7.1.7.1.7.3.1.weight | nonzeros =   31573 /  147456             ( 21.41%) | total_pruned =  115883 | shape = torch.Size([128, 128, 3, 3])
1.7.1.7.1.7.1.7.1.7.3.1.bias | nonzeros =       0 /     128             (  0.00%) | total_pruned =     128 | shape = torch.Size([128])
1.7.1.7.1.7.1.7.1.7.4.weight | nonzeros =      88 /     128             ( 68.75%) | total_pruned =      40 | shape = torch.Size([128])
1.7.1.7.1.7.1.7.1.7.4.bias | nonzeros =       0 /     128             (  0.00%) | total_pruned =     128 | shape = torch.Size([128])
1.7.1.7.1.7.1.7.2.weight | nonzeros =      88 /     128             ( 68.75%) | total_pruned =      40 | shape = torch.Size([128])
1.7.1.7.1.7.1.7.2.bias | nonzeros =       0 /     128             (  0.00%) | total_pruned =     128 | shape = torch.Size([128])
1.7.1.7.1.7.1.7.3.1.weight | nonzeros =   21930 /  147456             ( 14.87%) | total_pruned =  125526 | shape = torch.Size([128, 128, 3, 3])
1.7.1.7.1.7.1.7.3.1.bias | nonzeros =       0 /     128             (  0.00%) | total_pruned =     128 | shape = torch.Size([128])
1.7.1.7.1.7.1.7.4.weight | nonzeros =      60 /     128             ( 46.88%) | total_pruned =      68 | shape = torch.Size([128])
1.7.1.7.1.7.1.7.4.bias | nonzeros =       0 /     128             (  0.00%) | total_pruned =     128 | shape = torch.Size([128])
1.7.1.7.1.7.2.weight | nonzeros =      60 /     128             ( 46.88%) | total_pruned =      68 | shape = torch.Size([128])
1.7.1.7.1.7.2.bias   | nonzeros =       0 /     128             (  0.00%) | total_pruned =     128 | shape = torch.Size([128])
1.7.1.7.1.7.3.1.weight | nonzeros =   14987 /  147456             ( 10.16%) | total_pruned =  132469 | shape = torch.Size([128, 128, 3, 3])
1.7.1.7.1.7.3.1.bias | nonzeros =       0 /     128             (  0.00%) | total_pruned =     128 | shape = torch.Size([128])
1.7.1.7.1.7.4.weight | nonzeros =      61 /     128             ( 47.66%) | total_pruned =      67 | shape = torch.Size([128])
1.7.1.7.1.7.4.bias   | nonzeros =       0 /     128             (  0.00%) | total_pruned =     128 | shape = torch.Size([128])
1.7.1.7.2.weight     | nonzeros =      61 /     128             ( 47.66%) | total_pruned =      67 | shape = torch.Size([128])
1.7.1.7.2.bias       | nonzeros =       0 /     128             (  0.00%) | total_pruned =     128 | shape = torch.Size([128])
1.7.1.7.3.1.weight   | nonzeros =    8413 /   73728             ( 11.41%) | total_pruned =   65315 | shape = torch.Size([64, 128, 3, 3])
1.7.1.7.3.1.bias     | nonzeros =       0 /      64             (  0.00%) | total_pruned =      64 | shape = torch.Size([64])
1.7.1.7.4.weight     | nonzeros =      34 /      64             ( 53.12%) | total_pruned =      30 | shape = torch.Size([64])
1.7.1.7.4.bias       | nonzeros =       0 /      64             (  0.00%) | total_pruned =      64 | shape = torch.Size([64])
1.7.2.weight         | nonzeros =      34 /      64             ( 53.12%) | total_pruned =      30 | shape = torch.Size([64])
1.7.2.bias           | nonzeros =       0 /      64             (  0.00%) | total_pruned =      64 | shape = torch.Size([64])
1.7.3.1.weight       | nonzeros =    2507 /   18432             ( 13.60%) | total_pruned =   15925 | shape = torch.Size([32, 64, 3, 3])
1.7.3.1.bias         | nonzeros =       0 /      32             (  0.00%) | total_pruned =      32 | shape = torch.Size([32])
1.7.4.weight         | nonzeros =      17 /      32             ( 53.12%) | total_pruned =      15 | shape = torch.Size([32])
1.7.4.bias           | nonzeros =       0 /      32             (  0.00%) | total_pruned =      32 | shape = torch.Size([32])
2.weight             | nonzeros =      17 /      32             ( 53.12%) | total_pruned =      15 | shape = torch.Size([32])
2.bias               | nonzeros =       0 /      32             (  0.00%) | total_pruned =      32 | shape = torch.Size([32])
3.1.weight           | nonzeros =    1033 /    4608             ( 22.42%) | total_pruned =    3575 | shape = torch.Size([16, 32, 3, 3])
3.1.bias             | nonzeros =       0 /      16             (  0.00%) | total_pruned =      16 | shape = torch.Size([16])
4.weight             | nonzeros =      15 /      16             ( 93.75%) | total_pruned =       1 | shape = torch.Size([16])
4.bias               | nonzeros =       0 /      16             (  0.00%) | total_pruned =      16 | shape = torch.Size([16])
6.1.weight           | nonzeros =      28 /      48             ( 58.33%) | total_pruned =      20 | shape = torch.Size([3, 16, 1, 1])
6.1.bias             | nonzeros =       2 /       3             ( 66.67%) | total_pruned =       1 | shape = torch.Size([3])
alive: 138078, pruned : 2870789, total: 3008867, Compression rate :      21.79x  ( 95.41% pruned)
Initial PSNR of output image is:  11.16495735999443
epoch:  0 loss:  0.03837748244404793 PSNR:  11.16495735999443
epoch:  200 loss:  0.0037233782932162285 PSNR:  21.249597252428615
epoch:  400 loss:  0.0023911253083497286 PSNR:  23.05284507901781
epoch:  600 loss:  0.001864757388830185 PSNR:  23.977449264910057
epoch:  800 loss:  0.0014671275857836008 PSNR:  24.85800515922564
epoch:  1000 loss:  0.0012174956500530243 PSNR:  25.44077392318956
epoch:  1200 loss:  0.001087311189621687 PSNR:  25.730284523686194
epoch:  1400 loss:  0.0009993398562073708 PSNR:  25.901091728374016
epoch:  1600 loss:  0.0009057953720912337 PSNR:  26.160191117087884
epoch:  1800 loss:  0.0008941899286583066 PSNR:  26.143274656281545
epoch:  2000 loss:  0.0008370607392862439 PSNR:  26.247437841216808
epoch:  2200 loss:  0.000755061861127615 PSNR:  26.423570019254484
epoch:  2400 loss:  0.0007727341144345701 PSNR:  26.304515547589812
epoch:  2600 loss:  0.0006360132247209549 PSNR:  26.691075082002627
epoch:  2800 loss:  0.0005949739133939147 PSNR:  26.82194832156138
epoch:  3000 loss:  0.000564119778573513 PSNR:  26.86022920989853
epoch:  3200 loss:  0.0005689405370503664 PSNR:  26.768979036203355
epoch:  3400 loss:  0.0005098572582937777 PSNR:  26.88091381294397
epoch:  3600 loss:  0.000513158505782485 PSNR:  26.847817616461278
epoch:  3800 loss:  0.0004907014081254601 PSNR:  26.808406847087298
epoch:  4000 loss:  0.0004890172276645899 PSNR:  26.86315006741141
epoch:  4200 loss:  0.0004588607116602361 PSNR:  26.80614773337904
epoch:  4400 loss:  0.0004087837878614664 PSNR:  27.001228313224924
epoch:  4600 loss:  0.0004873449797742069 PSNR:  26.65930868030695
epoch:  4800 loss:  0.00042045279406011105 PSNR:  26.864820993768888
epoch:  5000 loss:  0.0004043311346322298 PSNR:  26.8914147651238
epoch:  5200 loss:  0.00038888887502253056 PSNR:  26.851916261872297
epoch:  5400 loss:  0.00039026429294608533 PSNR:  26.915821661878173
epoch:  5600 loss:  0.0003839634300675243 PSNR:  26.87632567902726
epoch:  5800 loss:  0.00039652769919484854 PSNR:  26.764032854355847
epoch:  6000 loss:  0.00035021197982132435 PSNR:  26.884491582671103
epoch:  6200 loss:  0.000333994219545275 PSNR:  26.969462474079616
epoch:  6400 loss:  0.0003873622918035835 PSNR:  26.797634266385828
epoch:  6600 loss:  0.00037459805025719106 PSNR:  26.744935499678654
epoch:  6800 loss:  0.00036422809353098273 PSNR:  26.80633481704963
epoch:  7000 loss:  0.0003140375774819404 PSNR:  26.904652243887202
epoch:  7200 loss:  0.00035929062869399786 PSNR:  26.67047684455577
epoch:  7400 loss:  0.00033539830474182963 PSNR:  26.794465167073955
epoch:  7600 loss:  0.0003513963602017611 PSNR:  26.68455284490655
epoch:  7800 loss:  0.00034477049484848976 PSNR:  26.686429419090594
epoch:  8000 loss:  0.00028442894108593464 PSNR:  26.829080843692175
epoch:  8200 loss:  0.0002982954611070454 PSNR:  26.7401454931098
epoch:  8400 loss:  0.00036129329237155616 PSNR:  26.640849170679786
epoch:  8600 loss:  0.0003226786502636969 PSNR:  26.77980930535101
epoch:  8800 loss:  0.0002975203387904912 PSNR:  26.747307861290377
epoch:  9000 loss:  0.0002784582902677357 PSNR:  26.819668055640513
epoch:  9200 loss:  0.0003405237221159041 PSNR:  26.565431151733257
epoch:  9400 loss:  0.00027023162692785263 PSNR:  26.846707946634428
epoch:  9600 loss:  0.0002824309922289103 PSNR:  26.68613522274637
epoch:  9800 loss:  0.00026720872847363353 PSNR:  26.80413006839472
epoch:  10000 loss:  0.00026470026932656765 PSNR:  26.761234483141692
epoch:  10200 loss:  0.0002834597835317254 PSNR:  26.68931397584714
epoch:  10400 loss:  0.0002994371752720326 PSNR:  26.633693808255707
epoch:  10600 loss:  0.00029495079070329666 PSNR:  26.5541755459753
epoch:  10800 loss:  0.00026077564689330757 PSNR:  26.68123299841051
epoch:  11000 loss:  0.000274520309176296 PSNR:  26.654210109244147
epoch:  11200 loss:  0.0002457505324855447 PSNR:  26.769071779878114
epoch:  11400 loss:  0.0002734420995693654 PSNR:  26.62199021670685
epoch:  11600 loss:  0.0002761494542937726 PSNR:  26.558379647345504
epoch:  11800 loss:  0.0002864303532987833 PSNR:  26.51673647617166
epoch:  12000 loss:  0.0002666593936737627 PSNR:  26.61177399221073
epoch:  12200 loss:  0.00026460489607416093 PSNR:  26.627971574836423
epoch:  12400 loss:  0.0002517557586543262 PSNR:  26.671870833657415
epoch:  12600 loss:  0.00024984334595501423 PSNR:  26.713611462136516
epoch:  12800 loss:  0.00023557752138003707 PSNR:  26.663648677776873
epoch:  13000 loss:  0.0002704727812670171 PSNR:  26.542321858146465
epoch:  13200 loss:  0.00027119703008793294 PSNR:  26.459093277955226
epoch:  13400 loss:  0.00024392733757849783 PSNR:  26.69264425718113
epoch:  13600 loss:  0.00029222850571386516 PSNR:  26.36655491593359
epoch:  13800 loss:  0.00025919859763234854 PSNR:  26.59096086556193
epoch:  14000 loss:  0.00022438610903918743 PSNR:  26.63282472373384
epoch:  14200 loss:  0.00022215416538529098 PSNR:  26.648803868458142
epoch:  14400 loss:  0.00022560893557965755 PSNR:  26.65583811687607
epoch:  14600 loss:  0.00023222298477776349 PSNR:  26.66132484743009
epoch:  14800 loss:  0.00023342223721556365 PSNR:  26.595506851993747
epoch:  15000 loss:  0.00022671643819194287 PSNR:  26.656694493463064
epoch:  15200 loss:  0.00024789408780634403 PSNR:  26.543705418862338
epoch:  15400 loss:  0.00023005029652267694 PSNR:  26.604850026740642
epoch:  15600 loss:  0.0002451602485962212 PSNR:  26.501657539609983
epoch:  15800 loss:  0.0002154696558136493 PSNR:  26.652707154693594
epoch:  16000 loss:  0.0002173311950173229 PSNR:  26.674284944732513
epoch:  16200 loss:  0.00021585577633231878 PSNR:  26.57767969036577
epoch:  16400 loss:  0.00024410101468674839 PSNR:  26.455283217391717
epoch:  16600 loss:  0.00021823158022016287 PSNR:  26.617103215295835
epoch:  16800 loss:  0.0002398003125563264 PSNR:  26.535185255534163
epoch:  17000 loss:  0.00023277392028830945 PSNR:  26.536830737809996
epoch:  17200 loss:  0.00020428394782356918 PSNR:  26.60989465018684
epoch:  17400 loss:  0.0002076335222227499 PSNR:  26.58100227576771
epoch:  17600 loss:  0.0002329823764739558 PSNR:  26.42295318936445
epoch:  17800 loss:  0.0002121241413988173 PSNR:  26.538169262047937
epoch:  18000 loss:  0.0002200761082349345 PSNR:  26.51945828618718
epoch:  18200 loss:  0.00021545948402490467 PSNR:  26.549362392656782
epoch:  18400 loss:  0.00022949755657464266 PSNR:  26.511357291977173
epoch:  18600 loss:  0.00021560574532486498 PSNR:  26.552741098009434
epoch:  18800 loss:  0.00020934079657308757 PSNR:  26.520797365930676
epoch:  19000 loss:  0.00020538158423732966 PSNR:  26.54286373446309
epoch:  19200 loss:  0.00020223352476023138 PSNR:  26.527885797687798
epoch:  19400 loss:  0.00020764626970048994 PSNR:  26.56913765372575
epoch:  19600 loss:  0.00019770435756072402 PSNR:  26.55352708206337
epoch:  19800 loss:  0.00021490850485861301 PSNR:  26.477828525175372
epoch:  20000 loss:  0.00023314594000112265 PSNR:  26.41591023632063
epoch:  20200 loss:  0.0002260562323499471 PSNR:  26.408005683182154
epoch:  20400 loss:  0.00022742734290659428 PSNR:  26.487416144958512
epoch:  20600 loss:  0.00021101449965499341 PSNR:  26.497207783787356
epoch:  20800 loss:  0.0002179552975576371 PSNR:  26.4919640743601
epoch:  21000 loss:  0.0001928220153786242 PSNR:  26.543141996891908
epoch:  21200 loss:  0.0002141765144187957 PSNR:  26.406956896261494
epoch:  21400 loss:  0.00023466319544240832 PSNR:  26.337761025642763
epoch:  21600 loss:  0.00019719729607459158 PSNR:  26.521864932293045
epoch:  21800 loss:  0.00019881610933225602 PSNR:  26.525768412519163
epoch:  22000 loss:  0.00020939511887263507 PSNR:  26.44193660698683
epoch:  22200 loss:  0.00019570518634282053 PSNR:  26.516575062608354
epoch:  22400 loss:  0.00021677276527043432 PSNR:  26.424295239241417
epoch:  22600 loss:  0.0002035937795881182 PSNR:  26.408792881903548
epoch:  22800 loss:  0.00019423721823841333 PSNR:  26.520800542822197
epoch:  23000 loss:  0.00019422161858528852 PSNR:  26.468992953047348
epoch:  23200 loss:  0.00020234123803675175 PSNR:  26.43714022993204
epoch:  23400 loss:  0.00019580323714762926 PSNR:  26.419164492247805
epoch:  23600 loss:  0.000203149946173653 PSNR:  26.501034037230934
epoch:  23800 loss:  0.0002109399501932785 PSNR:  26.431972061697905
epoch:  24000 loss:  0.00019882729975506663 PSNR:  26.46357355705437
epoch:  24200 loss:  0.00019237275409977883 PSNR:  26.46672075210003
epoch:  24400 loss:  0.00020715268328785896 PSNR:  26.455513899550755
epoch:  24600 loss:  0.0001896149478852749 PSNR:  26.439726622203903
epoch:  24800 loss:  0.0001898973569041118 PSNR:  26.466462581906622
epoch:  25000 loss:  0.00018548508523963392 PSNR:  26.48022254730337
epoch:  25200 loss:  0.00019529640849214047 PSNR:  26.414496815108063
epoch:  25400 loss:  0.0001951159501913935 PSNR:  26.373286147994484
epoch:  25600 loss:  0.0001944724644999951 PSNR:  26.426288220545402
epoch:  25800 loss:  0.0001948386779986322 PSNR:  26.46104052126177
epoch:  26000 loss:  0.00018715379701461643 PSNR:  26.42562882386642
epoch:  26200 loss:  0.00018882410950027406 PSNR:  26.46524947714511
epoch:  26400 loss:  0.00021132738038431853 PSNR:  26.381165498779495
epoch:  26600 loss:  0.00017966241284739226 PSNR:  26.424250852654176
epoch:  26800 loss:  0.00018556810391601175 PSNR:  26.406870687691615
epoch:  27000 loss:  0.00018314136832486838 PSNR:  26.427996901149623
epoch:  27200 loss:  0.00019373252871446311 PSNR:  26.36969523917076
epoch:  27400 loss:  0.00019416345458012074 PSNR:  26.424058220122156
epoch:  27600 loss:  0.0001777288707671687 PSNR:  26.432406509837847
epoch:  27800 loss:  0.00018469092901796103 PSNR:  26.37832781242096
epoch:  28000 loss:  0.00019934777810703963 PSNR:  26.325768955568023
epoch:  28200 loss:  0.00020623509772121906 PSNR:  26.355950173419718
epoch:  28400 loss:  0.0001821880869101733 PSNR:  26.46728375977437
epoch:  28600 loss:  0.00018785250722430646 PSNR:  26.412240104217652
epoch:  28800 loss:  0.00019922287901863456 PSNR:  26.311016310500328
epoch:  29000 loss:  0.0002140868455171585 PSNR:  26.362495185483674
epoch:  29200 loss:  0.00018991342221852392 PSNR:  26.412106872295222
epoch:  29400 loss:  0.00018001561693381518 PSNR:  26.408571744255806
epoch:  29600 loss:  0.0001936319749802351 PSNR:  26.45331263617959
epoch:  29800 loss:  0.00017818756168708205 PSNR:  26.411895303089608
epoch:  30000 loss:  0.00018303125398233533 PSNR:  26.43715625654597
epoch:  30200 loss:  0.0001893442531581968 PSNR:  26.40169202975002
epoch:  30400 loss:  0.00019621691899374127 PSNR:  26.416556638906776
epoch:  30600 loss:  0.00018291582819074392 PSNR:  26.422188708143267
epoch:  30800 loss:  0.00017528090393170714 PSNR:  26.395344772245753
epoch:  31000 loss:  0.00019008610979653895 PSNR:  26.365981166130503
epoch:  31200 loss:  0.00018082305905409157 PSNR:  26.445463772516867
epoch:  31400 loss:  0.00018345325952395797 PSNR:  26.395511001933446
epoch:  31600 loss:  0.00020623381715267897 PSNR:  26.31495936012552
epoch:  31800 loss:  0.0001803761115297675 PSNR:  26.43833615584542
epoch:  32000 loss:  0.00018110871315002441 PSNR:  26.388591617251276
epoch:  32200 loss:  0.00017557443061377853 PSNR:  26.441344791133545
epoch:  32400 loss:  0.00017996656242758036 PSNR:  26.37560609661911
epoch:  32600 loss:  0.0001956328487722203 PSNR:  26.353929370076333
epoch:  32800 loss:  0.00019649362366180867 PSNR:  26.396051623107333
epoch:  33000 loss:  0.0001880717754829675 PSNR:  26.379928094029808
epoch:  33200 loss:  0.0001723084569675848 PSNR:  26.388230200150357
epoch:  33400 loss:  0.0001676712417975068 PSNR:  26.37254527174943
epoch:  33600 loss:  0.00020227569621056318 PSNR:  26.31542641206851
epoch:  33800 loss:  0.00016899497131817043 PSNR:  26.425571103670208
epoch:  34000 loss:  0.00016809467342682183 PSNR:  26.370003390969043
epoch:  34200 loss:  0.00018735385674517602 PSNR:  26.23468215070168
epoch:  34400 loss:  0.00017856876365840435 PSNR:  26.36223132273176
epoch:  34600 loss:  0.00018193418509326875 PSNR:  26.362776569232025
epoch:  34800 loss:  0.00017230967932846397 PSNR:  26.383890262216035
epoch:  35000 loss:  0.0001834263966884464 PSNR:  26.301772798556676
epoch:  35200 loss:  0.00018185544467996806 PSNR:  26.302768862769174
epoch:  35400 loss:  0.00019969236745964736 PSNR:  26.19608997155651
epoch:  35600 loss:  0.0001726321643218398 PSNR:  26.386519049817885
epoch:  35800 loss:  0.0001795636344468221 PSNR:  26.332723616724877
epoch:  36000 loss:  0.00019752133812289685 PSNR:  26.260828243722166
epoch:  36200 loss:  0.00018780745449475944 PSNR:  26.378397644962313
epoch:  36400 loss:  0.00016765591863077134 PSNR:  26.36990257076219
epoch:  36600 loss:  0.00019880436593666673 PSNR:  26.312166753851862
epoch:  36800 loss:  0.00019732717191800475 PSNR:  26.22226208451247
epoch:  37000 loss:  0.00018993689445778728 PSNR:  26.324682142794707
epoch:  37200 loss:  0.00016330380458384752 PSNR:  26.40140590570734
epoch:  37400 loss:  0.00016371102537959814 PSNR:  26.327452425236423
epoch:  37600 loss:  0.0001757265708874911 PSNR:  26.347804996731806
epoch:  37800 loss:  0.00017450214363634586 PSNR:  26.386144165558694
epoch:  38000 loss:  0.0001848957035690546 PSNR:  26.362660162546604
epoch:  38200 loss:  0.00016661177505739033 PSNR:  26.37228913079867
epoch:  38400 loss:  0.00018066167831420898 PSNR:  26.311048311194615
epoch:  38600 loss:  0.00017515655781608075 PSNR:  26.38088336056018
epoch:  38800 loss:  0.00017975977971218526 PSNR:  26.335251592590474
epoch:  39000 loss:  0.00018855321104638278 PSNR:  26.288662292747375
epoch:  39200 loss:  0.0001716229016892612 PSNR:  26.36336127556821
epoch:  39400 loss:  0.0001749159855535254 PSNR:  26.393194941909517
epoch:  39600 loss:  0.00016991554002743214 PSNR:  26.275105298601268
epoch:  39800 loss:  0.0001683886512182653 PSNR:  26.345152023445927
PSNR of output image is:  26.345152023445927
(3, 512, 512) (1, 3, 512, 512)
Experiment done
Processing image: man
(3, 512, 512)
(3, 512, 512)
Starting optimization with optimizer 'SAM'
Output directory where image taken from: data/denoising/Set14/mask/6/SAM(sigma=0.1,lr=0.01,decay=0,beta=0)/det/-1.3/1e-09
Output directory where results stored: data/inpainting/Set14/transfer/0.5/3/6
1.1.1.weight         | nonzeros =    1154 /   12800             (  9.02%) | total_pruned =   11646 | shape = torch.Size([16, 32, 5, 5])
1.1.1.bias           | nonzeros =       0 /      16             (  0.00%) | total_pruned =      16 | shape = torch.Size([16])
1.2.weight           | nonzeros =       8 /      16             ( 50.00%) | total_pruned =       8 | shape = torch.Size([16])
1.2.bias             | nonzeros =       0 /      16             (  0.00%) | total_pruned =      16 | shape = torch.Size([16])
1.4.1.weight         | nonzeros =     197 /    6400             (  3.08%) | total_pruned =    6203 | shape = torch.Size([16, 16, 5, 5])
1.4.1.bias           | nonzeros =       0 /      16             (  0.00%) | total_pruned =      16 | shape = torch.Size([16])
1.5.weight           | nonzeros =       8 /      16             ( 50.00%) | total_pruned =       8 | shape = torch.Size([16])
1.5.bias             | nonzeros =       0 /      16             (  0.00%) | total_pruned =      16 | shape = torch.Size([16])
1.7.1.1.1.weight     | nonzeros =      87 /   12800             (  0.68%) | total_pruned =   12713 | shape = torch.Size([32, 16, 5, 5])
1.7.1.1.1.bias       | nonzeros =       0 /      32             (  0.00%) | total_pruned =      32 | shape = torch.Size([32])
1.7.1.2.weight       | nonzeros =      17 /      32             ( 53.12%) | total_pruned =      15 | shape = torch.Size([32])
1.7.1.2.bias         | nonzeros =       0 /      32             (  0.00%) | total_pruned =      32 | shape = torch.Size([32])
1.7.1.4.1.weight     | nonzeros =     137 /   25600             (  0.54%) | total_pruned =   25463 | shape = torch.Size([32, 32, 5, 5])
1.7.1.4.1.bias       | nonzeros =       0 /      32             (  0.00%) | total_pruned =      32 | shape = torch.Size([32])
1.7.1.5.weight       | nonzeros =       9 /      32             ( 28.12%) | total_pruned =      23 | shape = torch.Size([32])
1.7.1.5.bias         | nonzeros =       0 /      32             (  0.00%) | total_pruned =      32 | shape = torch.Size([32])
1.7.1.7.1.1.1.weight | nonzeros =     123 /   51200             (  0.24%) | total_pruned =   51077 | shape = torch.Size([64, 32, 5, 5])
1.7.1.7.1.1.1.bias   | nonzeros =       0 /      64             (  0.00%) | total_pruned =      64 | shape = torch.Size([64])
1.7.1.7.1.2.weight   | nonzeros =      25 /      64             ( 39.06%) | total_pruned =      39 | shape = torch.Size([64])
1.7.1.7.1.2.bias     | nonzeros =       0 /      64             (  0.00%) | total_pruned =      64 | shape = torch.Size([64])
1.7.1.7.1.4.1.weight | nonzeros =     196 /  102400             (  0.19%) | total_pruned =  102204 | shape = torch.Size([64, 64, 5, 5])
1.7.1.7.1.4.1.bias   | nonzeros =       0 /      64             (  0.00%) | total_pruned =      64 | shape = torch.Size([64])
1.7.1.7.1.5.weight   | nonzeros =      19 /      64             ( 29.69%) | total_pruned =      45 | shape = torch.Size([64])
1.7.1.7.1.5.bias     | nonzeros =       0 /      64             (  0.00%) | total_pruned =      64 | shape = torch.Size([64])
1.7.1.7.1.7.1.1.1.weight | nonzeros =      43 /  204800             (  0.02%) | total_pruned =  204757 | shape = torch.Size([128, 64, 5, 5])
1.7.1.7.1.7.1.1.1.bias | nonzeros =       0 /     128             (  0.00%) | total_pruned =     128 | shape = torch.Size([128])
1.7.1.7.1.7.1.2.weight | nonzeros =      57 /     128             ( 44.53%) | total_pruned =      71 | shape = torch.Size([128])
1.7.1.7.1.7.1.2.bias | nonzeros =       0 /     128             (  0.00%) | total_pruned =     128 | shape = torch.Size([128])
1.7.1.7.1.7.1.4.1.weight | nonzeros =     198 /  409600             (  0.05%) | total_pruned =  409402 | shape = torch.Size([128, 128, 5, 5])
1.7.1.7.1.7.1.4.1.bias | nonzeros =       0 /     128             (  0.00%) | total_pruned =     128 | shape = torch.Size([128])
1.7.1.7.1.7.1.5.weight | nonzeros =      62 /     128             ( 48.44%) | total_pruned =      66 | shape = torch.Size([128])
1.7.1.7.1.7.1.5.bias | nonzeros =       0 /     128             (  0.00%) | total_pruned =     128 | shape = torch.Size([128])
1.7.1.7.1.7.1.7.1.1.1.weight | nonzeros =     372 /  409600             (  0.09%) | total_pruned =  409228 | shape = torch.Size([128, 128, 5, 5])
1.7.1.7.1.7.1.7.1.1.1.bias | nonzeros =       0 /     128             (  0.00%) | total_pruned =     128 | shape = torch.Size([128])
1.7.1.7.1.7.1.7.1.2.weight | nonzeros =      74 /     128             ( 57.81%) | total_pruned =      54 | shape = torch.Size([128])
1.7.1.7.1.7.1.7.1.2.bias | nonzeros =       0 /     128             (  0.00%) | total_pruned =     128 | shape = torch.Size([128])
1.7.1.7.1.7.1.7.1.4.1.weight | nonzeros =    3066 /  409600             (  0.75%) | total_pruned =  406534 | shape = torch.Size([128, 128, 5, 5])
1.7.1.7.1.7.1.7.1.4.1.bias | nonzeros =       0 /     128             (  0.00%) | total_pruned =     128 | shape = torch.Size([128])
1.7.1.7.1.7.1.7.1.5.weight | nonzeros =     102 /     128             ( 79.69%) | total_pruned =      26 | shape = torch.Size([128])
1.7.1.7.1.7.1.7.1.5.bias | nonzeros =       0 /     128             (  0.00%) | total_pruned =     128 | shape = torch.Size([128])
1.7.1.7.1.7.1.7.1.7.1.1.1.weight | nonzeros =   10525 /  409600             (  2.57%) | total_pruned =  399075 | shape = torch.Size([128, 128, 5, 5])
1.7.1.7.1.7.1.7.1.7.1.1.1.bias | nonzeros =       0 /     128             (  0.00%) | total_pruned =     128 | shape = torch.Size([128])
1.7.1.7.1.7.1.7.1.7.1.2.weight | nonzeros =      96 /     128             ( 75.00%) | total_pruned =      32 | shape = torch.Size([128])
1.7.1.7.1.7.1.7.1.7.1.2.bias | nonzeros =       0 /     128             (  0.00%) | total_pruned =     128 | shape = torch.Size([128])
1.7.1.7.1.7.1.7.1.7.1.4.1.weight | nonzeros =   40315 /  409600             (  9.84%) | total_pruned =  369285 | shape = torch.Size([128, 128, 5, 5])
1.7.1.7.1.7.1.7.1.7.1.4.1.bias | nonzeros =       0 /     128             (  0.00%) | total_pruned =     128 | shape = torch.Size([128])
1.7.1.7.1.7.1.7.1.7.1.5.weight | nonzeros =      90 /     128             ( 70.31%) | total_pruned =      38 | shape = torch.Size([128])
1.7.1.7.1.7.1.7.1.7.1.5.bias | nonzeros =       0 /     128             (  0.00%) | total_pruned =     128 | shape = torch.Size([128])
1.7.1.7.1.7.1.7.1.7.2.weight | nonzeros =      90 /     128             ( 70.31%) | total_pruned =      38 | shape = torch.Size([128])
1.7.1.7.1.7.1.7.1.7.2.bias | nonzeros =       0 /     128             (  0.00%) | total_pruned =     128 | shape = torch.Size([128])
1.7.1.7.1.7.1.7.1.7.3.1.weight | nonzeros =   31573 /  147456             ( 21.41%) | total_pruned =  115883 | shape = torch.Size([128, 128, 3, 3])
1.7.1.7.1.7.1.7.1.7.3.1.bias | nonzeros =       0 /     128             (  0.00%) | total_pruned =     128 | shape = torch.Size([128])
1.7.1.7.1.7.1.7.1.7.4.weight | nonzeros =      88 /     128             ( 68.75%) | total_pruned =      40 | shape = torch.Size([128])
1.7.1.7.1.7.1.7.1.7.4.bias | nonzeros =       0 /     128             (  0.00%) | total_pruned =     128 | shape = torch.Size([128])
1.7.1.7.1.7.1.7.2.weight | nonzeros =      88 /     128             ( 68.75%) | total_pruned =      40 | shape = torch.Size([128])
1.7.1.7.1.7.1.7.2.bias | nonzeros =       0 /     128             (  0.00%) | total_pruned =     128 | shape = torch.Size([128])
1.7.1.7.1.7.1.7.3.1.weight | nonzeros =   21930 /  147456             ( 14.87%) | total_pruned =  125526 | shape = torch.Size([128, 128, 3, 3])
1.7.1.7.1.7.1.7.3.1.bias | nonzeros =       0 /     128             (  0.00%) | total_pruned =     128 | shape = torch.Size([128])
1.7.1.7.1.7.1.7.4.weight | nonzeros =      60 /     128             ( 46.88%) | total_pruned =      68 | shape = torch.Size([128])
1.7.1.7.1.7.1.7.4.bias | nonzeros =       0 /     128             (  0.00%) | total_pruned =     128 | shape = torch.Size([128])
1.7.1.7.1.7.2.weight | nonzeros =      60 /     128             ( 46.88%) | total_pruned =      68 | shape = torch.Size([128])
1.7.1.7.1.7.2.bias   | nonzeros =       0 /     128             (  0.00%) | total_pruned =     128 | shape = torch.Size([128])
1.7.1.7.1.7.3.1.weight | nonzeros =   14987 /  147456             ( 10.16%) | total_pruned =  132469 | shape = torch.Size([128, 128, 3, 3])
1.7.1.7.1.7.3.1.bias | nonzeros =       0 /     128             (  0.00%) | total_pruned =     128 | shape = torch.Size([128])
1.7.1.7.1.7.4.weight | nonzeros =      61 /     128             ( 47.66%) | total_pruned =      67 | shape = torch.Size([128])
1.7.1.7.1.7.4.bias   | nonzeros =       0 /     128             (  0.00%) | total_pruned =     128 | shape = torch.Size([128])
1.7.1.7.2.weight     | nonzeros =      61 /     128             ( 47.66%) | total_pruned =      67 | shape = torch.Size([128])
1.7.1.7.2.bias       | nonzeros =       0 /     128             (  0.00%) | total_pruned =     128 | shape = torch.Size([128])
1.7.1.7.3.1.weight   | nonzeros =    8413 /   73728             ( 11.41%) | total_pruned =   65315 | shape = torch.Size([64, 128, 3, 3])
1.7.1.7.3.1.bias     | nonzeros =       0 /      64             (  0.00%) | total_pruned =      64 | shape = torch.Size([64])
1.7.1.7.4.weight     | nonzeros =      34 /      64             ( 53.12%) | total_pruned =      30 | shape = torch.Size([64])
1.7.1.7.4.bias       | nonzeros =       0 /      64             (  0.00%) | total_pruned =      64 | shape = torch.Size([64])
1.7.2.weight         | nonzeros =      34 /      64             ( 53.12%) | total_pruned =      30 | shape = torch.Size([64])
1.7.2.bias           | nonzeros =       0 /      64             (  0.00%) | total_pruned =      64 | shape = torch.Size([64])
1.7.3.1.weight       | nonzeros =    2507 /   18432             ( 13.60%) | total_pruned =   15925 | shape = torch.Size([32, 64, 3, 3])
1.7.3.1.bias         | nonzeros =       0 /      32             (  0.00%) | total_pruned =      32 | shape = torch.Size([32])
1.7.4.weight         | nonzeros =      17 /      32             ( 53.12%) | total_pruned =      15 | shape = torch.Size([32])
1.7.4.bias           | nonzeros =       0 /      32             (  0.00%) | total_pruned =      32 | shape = torch.Size([32])
2.weight             | nonzeros =      17 /      32             ( 53.12%) | total_pruned =      15 | shape = torch.Size([32])
2.bias               | nonzeros =       0 /      32             (  0.00%) | total_pruned =      32 | shape = torch.Size([32])
3.1.weight           | nonzeros =    1033 /    4608             ( 22.42%) | total_pruned =    3575 | shape = torch.Size([16, 32, 3, 3])
3.1.bias             | nonzeros =       0 /      16             (  0.00%) | total_pruned =      16 | shape = torch.Size([16])
4.weight             | nonzeros =      15 /      16             ( 93.75%) | total_pruned =       1 | shape = torch.Size([16])
4.bias               | nonzeros =       0 /      16             (  0.00%) | total_pruned =      16 | shape = torch.Size([16])
6.1.weight           | nonzeros =      28 /      48             ( 58.33%) | total_pruned =      20 | shape = torch.Size([3, 16, 1, 1])
6.1.bias             | nonzeros =       2 /       3             ( 66.67%) | total_pruned =       1 | shape = torch.Size([3])
alive: 138078, pruned : 2870789, total: 3008867, Compression rate :      21.79x  ( 95.41% pruned)
Initial PSNR of output image is:  11.16495778312089
epoch:  0 loss:  0.038246795535087585 PSNR:  11.16495778312089
epoch:  200 loss:  0.003781862324103713 PSNR:  21.140739298385455
epoch:  400 loss:  0.002466681180521846 PSNR:  22.902582555499137
epoch:  600 loss:  0.0019356757402420044 PSNR:  23.794611094687326
epoch:  800 loss:  0.0016569194849580526 PSNR:  24.329574752028883
epoch:  1000 loss:  0.0013303107116371393 PSNR:  25.05762282860813
epoch:  1200 loss:  0.0011139290872961283 PSNR:  25.556951449604558
epoch:  1400 loss:  0.0010140911908820271 PSNR:  25.776630824347603
epoch:  1600 loss:  0.0009252059971913695 PSNR:  25.98488589118493
epoch:  1800 loss:  0.0008136294782161713 PSNR:  26.27745061432013
epoch:  2000 loss:  0.000735224224627018 PSNR:  26.484063560106833
epoch:  2200 loss:  0.0007187506998889148 PSNR:  26.463386338569357
epoch:  2400 loss:  0.0006942320615053177 PSNR:  26.47925237329471
epoch:  2600 loss:  0.0007153003825806081 PSNR:  26.30441796337664
epoch:  2800 loss:  0.0006030537188053131 PSNR:  26.6720968646079
epoch:  3000 loss:  0.0006100061582401395 PSNR:  26.626600903887685
epoch:  3200 loss:  0.0005462158005684614 PSNR:  26.76833613191669
epoch:  3400 loss:  0.0005001808749511838 PSNR:  26.87400881366228
epoch:  3600 loss:  0.0005590577493421733 PSNR:  26.72550212703849
epoch:  3800 loss:  0.00046340315020643175 PSNR:  26.901884686093553
epoch:  4000 loss:  0.00048443334526382387 PSNR:  26.77895768690503
epoch:  4200 loss:  0.00043477010331116617 PSNR:  26.932697199203023
epoch:  4400 loss:  0.00040843518218025565 PSNR:  26.94070942595634
epoch:  4600 loss:  0.0005356966285035014 PSNR:  26.63355220920738
epoch:  4800 loss:  0.00041139358654618263 PSNR:  26.91052328008635
epoch:  5000 loss:  0.00037679338129237294 PSNR:  27.004754930143278
epoch:  5200 loss:  0.000381395046133548 PSNR:  26.90226571533819
epoch:  5400 loss:  0.0004046463582199067 PSNR:  26.78225478298579
epoch:  5600 loss:  0.00036081584403291345 PSNR:  26.90181433064354
epoch:  5800 loss:  0.0004559618828352541 PSNR:  26.591100160214438
epoch:  6000 loss:  0.0003460532461758703 PSNR:  26.955653043084183
epoch:  6200 loss:  0.00035138113889843225 PSNR:  26.893060013625668
epoch:  6400 loss:  0.0003690665471367538 PSNR:  26.823304210268443
epoch:  6600 loss:  0.00034362205769866705 PSNR:  26.874497690006947
epoch:  6800 loss:  0.0003678097855299711 PSNR:  26.79833473948557
epoch:  7000 loss:  0.00039244542131200433 PSNR:  26.696823463834065
epoch:  7200 loss:  0.00030352070461958647 PSNR:  26.907765375276163
epoch:  7400 loss:  0.00032882264349609613 PSNR:  26.810418253065315
epoch:  7600 loss:  0.0003301507676951587 PSNR:  26.783724659478683
epoch:  7800 loss:  0.0003221389779355377 PSNR:  26.85450119970944
epoch:  8000 loss:  0.000331266550347209 PSNR:  26.67593648826773
epoch:  8200 loss:  0.000286657566903159 PSNR:  26.85687976066085
epoch:  8400 loss:  0.00034011260140687227 PSNR:  26.66288049457595
epoch:  8600 loss:  0.00030412175692617893 PSNR:  26.71925295102774
epoch:  8800 loss:  0.00036525470204651356 PSNR:  26.576347782090693
epoch:  9000 loss:  0.00028018010198138654 PSNR:  26.831537168991527
epoch:  9200 loss:  0.0003416149993427098 PSNR:  26.58513340599391
epoch:  9400 loss:  0.0002895598881877959 PSNR:  26.74602759062776
epoch:  9600 loss:  0.0003153291763737798 PSNR:  26.728561296113263
epoch:  9800 loss:  0.00030586024513468146 PSNR:  26.66585455954921
epoch:  10000 loss:  0.0003085333155468106 PSNR:  26.67919627326729
epoch:  10200 loss:  0.0002711664419621229 PSNR:  26.738062350098172
epoch:  10400 loss:  0.0002954278024844825 PSNR:  26.763241910976543
epoch:  10600 loss:  0.00026310852263122797 PSNR:  26.760463232781817
epoch:  10800 loss:  0.0002668999950401485 PSNR:  26.75029104590763
epoch:  11000 loss:  0.0002547838375903666 PSNR:  26.7797254848142
epoch:  11200 loss:  0.0002690900582820177 PSNR:  26.68752009961333
epoch:  11400 loss:  0.000304727436741814 PSNR:  26.737049058289465
epoch:  11600 loss:  0.00024408641911577433 PSNR:  26.766748498823226
epoch:  11800 loss:  0.0002726216916926205 PSNR:  26.684502418155148
epoch:  12000 loss:  0.0002542505972087383 PSNR:  26.647574734755118
epoch:  12200 loss:  0.0003172733704559505 PSNR:  26.404813242249105
epoch:  12400 loss:  0.00023879864602349699 PSNR:  26.686435548393025
epoch:  12600 loss:  0.00027263181982561946 PSNR:  26.55381288814499
epoch:  12800 loss:  0.00023317732848227024 PSNR:  26.75029343825191
epoch:  13000 loss:  0.0002571280929259956 PSNR:  26.662279361717264
epoch:  13200 loss:  0.00032524060225114226 PSNR:  26.439633079110017
epoch:  13400 loss:  0.00024395863874815404 PSNR:  26.614757310275415
epoch:  13600 loss:  0.000251663412200287 PSNR:  26.67145592596052
epoch:  13800 loss:  0.0002343961241422221 PSNR:  26.65818618119617
epoch:  14000 loss:  0.0002487987221684307 PSNR:  26.620382739977025
epoch:  14200 loss:  0.00025232130428776145 PSNR:  26.620241574256443
epoch:  14400 loss:  0.00023414354654960334 PSNR:  26.639640476741718
epoch:  14600 loss:  0.00022861406614538282 PSNR:  26.649667274139194
epoch:  14800 loss:  0.0003419462009333074 PSNR:  26.208743209834353
epoch:  15000 loss:  0.00023487230646423995 PSNR:  26.639399338003646
epoch:  15200 loss:  0.00025420603924430907 PSNR:  26.575713005112448
epoch:  15400 loss:  0.00025487435050308704 PSNR:  26.501995533384772
epoch:  15600 loss:  0.00023121756385080516 PSNR:  26.64415228578495
epoch:  15800 loss:  0.00023741145560052246 PSNR:  26.614415527179247
epoch:  16000 loss:  0.00023462895478587598 PSNR:  26.54854290549728
epoch:  16200 loss:  0.00023998999677132815 PSNR:  26.61631631216406
epoch:  16400 loss:  0.00023782880452927202 PSNR:  26.657910754125712
epoch:  16600 loss:  0.00023764485376887023 PSNR:  26.58244609022117
epoch:  16800 loss:  0.00024858067627064884 PSNR:  26.578764552627415
epoch:  17000 loss:  0.0002444395504426211 PSNR:  26.503773144787065
epoch:  17200 loss:  0.0002321740030311048 PSNR:  26.545315337995735
epoch:  17400 loss:  0.00021119820303283632 PSNR:  26.61917694246784
epoch:  17600 loss:  0.00021736288908869028 PSNR:  26.644515562397576
epoch:  17800 loss:  0.0002604657202027738 PSNR:  26.497364416523624
epoch:  18000 loss:  0.0002183873439207673 PSNR:  26.60492544922407
epoch:  18200 loss:  0.00022295971575658768 PSNR:  26.58292762185161
epoch:  18400 loss:  0.0002087412285618484 PSNR:  26.62578066168905
epoch:  18600 loss:  0.00021951665985397995 PSNR:  26.54851732756173
epoch:  18800 loss:  0.00022572092711925507 PSNR:  26.499393478950775
epoch:  19000 loss:  0.0002458019880577922 PSNR:  26.491945590026837
epoch:  19200 loss:  0.00025942010688595474 PSNR:  26.34153682359546
epoch:  19400 loss:  0.00021724186080973595 PSNR:  26.493714130578567
epoch:  19600 loss:  0.00020296293951105326 PSNR:  26.612939259042015
epoch:  19800 loss:  0.00022767376503907144 PSNR:  26.4851860524277
epoch:  20000 loss:  0.0002302047796547413 PSNR:  26.408102969678595
epoch:  20200 loss:  0.0002189850783906877 PSNR:  26.454035689597045
epoch:  20400 loss:  0.00020367727847769856 PSNR:  26.523648426052407
epoch:  20600 loss:  0.0002118407137459144 PSNR:  26.52962992760603
epoch:  20800 loss:  0.00021674027084372938 PSNR:  26.59157250381923
epoch:  21000 loss:  0.0002098884724546224 PSNR:  26.559120865971202
epoch:  21200 loss:  0.00023976345255505294 PSNR:  26.455031537462823
epoch:  21400 loss:  0.00025276048108935356 PSNR:  26.356291872103004
epoch:  21600 loss:  0.0002729985862970352 PSNR:  26.387921192571163
epoch:  21800 loss:  0.00019952491857111454 PSNR:  26.50016038087665
epoch:  22000 loss:  0.00021129692322574556 PSNR:  26.536415778844102
epoch:  22200 loss:  0.00020241399761289358 PSNR:  26.48584690129948
epoch:  22400 loss:  0.00019729473569896072 PSNR:  26.517756331442747
epoch:  22600 loss:  0.00024221505736932158 PSNR:  26.48059529920935
epoch:  22800 loss:  0.00020873526227660477 PSNR:  26.51800169474974
epoch:  23000 loss:  0.00020659025176428258 PSNR:  26.49568012094237
epoch:  23200 loss:  0.00024252448929473758 PSNR:  26.47910807954976
epoch:  23400 loss:  0.000242794441874139 PSNR:  26.39961011304723
epoch:  23600 loss:  0.00019697309471666813 PSNR:  26.50695640310761
epoch:  23800 loss:  0.00021261966321617365 PSNR:  26.531208250410025
epoch:  24000 loss:  0.0002081254351651296 PSNR:  26.467987173664294
epoch:  24200 loss:  0.0002045507717411965 PSNR:  26.4689503495531
epoch:  24400 loss:  0.0002074412041110918 PSNR:  26.450731986566524
epoch:  24600 loss:  0.0001947622949955985 PSNR:  26.49758289928565
epoch:  24800 loss:  0.00021840492263436317 PSNR:  26.35527035164879
epoch:  25000 loss:  0.0002310902054887265 PSNR:  26.412276843307218
epoch:  25200 loss:  0.0001941243972396478 PSNR:  26.460861916732682
epoch:  25400 loss:  0.00019324998720549047 PSNR:  26.48868185920563
epoch:  25600 loss:  0.00020769948605448008 PSNR:  26.4873229200966
epoch:  25800 loss:  0.0001985289272852242 PSNR:  26.489763188436193
epoch:  26000 loss:  0.00021946270135231316 PSNR:  26.308844274068335
epoch:  26200 loss:  0.00023546343436464667 PSNR:  26.32316930106194
epoch:  26400 loss:  0.00019389731460250914 PSNR:  26.463243018867445
epoch:  26600 loss:  0.00022979364439379424 PSNR:  26.40002103154154
epoch:  26800 loss:  0.00020568986656144261 PSNR:  26.438819784552983
epoch:  27000 loss:  0.0001922796363942325 PSNR:  26.428871266525917
epoch:  27200 loss:  0.00024039484560489655 PSNR:  26.362154748649175
epoch:  27400 loss:  0.00020724230853375047 PSNR:  26.4158889717975
epoch:  27600 loss:  0.00018782423285301775 PSNR:  26.485249521966338
epoch:  27800 loss:  0.00020354718435555696 PSNR:  26.437531118107664
epoch:  28000 loss:  0.00021163960627745837 PSNR:  26.310219396292013
epoch:  28200 loss:  0.00018710675067268312 PSNR:  26.446854738421194
epoch:  28400 loss:  0.00018900466966442764 PSNR:  26.46544663402294
epoch:  28600 loss:  0.00018706900300458074 PSNR:  26.435899682389078
epoch:  28800 loss:  0.0001980177330551669 PSNR:  26.463325427118143
epoch:  29000 loss:  0.00018881828873418272 PSNR:  26.433697659817604
epoch:  29200 loss:  0.00017947860760614276 PSNR:  26.452624551275733
epoch:  29400 loss:  0.0001973244798136875 PSNR:  26.430167143844567
epoch:  29600 loss:  0.0001857446477515623 PSNR:  26.42407686160668
epoch:  29800 loss:  0.00019433695706538856 PSNR:  26.444072806076754
epoch:  30000 loss:  0.000184985576197505 PSNR:  26.500246202827057
epoch:  30200 loss:  0.00021520366135518998 PSNR:  26.279039044081824
epoch:  30400 loss:  0.00019273097859695554 PSNR:  26.380501931796974
epoch:  30600 loss:  0.000192085251910612 PSNR:  26.412279056515302
epoch:  30800 loss:  0.00018963904585689306 PSNR:  26.45196069735968
epoch:  31000 loss:  0.00019464755314402282 PSNR:  26.392392940315382
epoch:  31200 loss:  0.0001827318628784269 PSNR:  26.43108906973614
epoch:  31400 loss:  0.00018153968267142773 PSNR:  26.443912287165475
epoch:  31600 loss:  0.00018202087085228413 PSNR:  26.40341270389143
epoch:  31800 loss:  0.00018416062812320888 PSNR:  26.410366822642892
epoch:  32000 loss:  0.0001859937619883567 PSNR:  26.42207868361873
epoch:  32200 loss:  0.0002005844726227224 PSNR:  26.313002097482887
epoch:  32400 loss:  0.00019071332644671202 PSNR:  26.386444246383753
epoch:  32600 loss:  0.00018442326108925045 PSNR:  26.440615827639327
epoch:  32800 loss:  0.00020023444085381925 PSNR:  26.39303452974195
epoch:  33000 loss:  0.00020737852901220322 PSNR:  26.386686262153162
epoch:  33200 loss:  0.0001800129539333284 PSNR:  26.422660336779494
epoch:  33400 loss:  0.0001884222001535818 PSNR:  26.377238306689744
epoch:  33600 loss:  0.0001919575734063983 PSNR:  26.36852069314591
epoch:  33800 loss:  0.00017322534404229373 PSNR:  26.422294298816148
epoch:  34000 loss:  0.00020427843264769763 PSNR:  26.287694835547512
epoch:  34200 loss:  0.00018311594612896442 PSNR:  26.38024180604804
epoch:  34400 loss:  0.00018428487237542868 PSNR:  26.445695271858405
epoch:  34600 loss:  0.00019138696370646358 PSNR:  26.461601002210102
epoch:  34800 loss:  0.0001799085148377344 PSNR:  26.385507552465217
epoch:  35000 loss:  0.0001751847448758781 PSNR:  26.401568393591543
epoch:  35200 loss:  0.00017773211584426463 PSNR:  26.38312471149602
epoch:  35400 loss:  0.00018275337060913444 PSNR:  26.41341413823477
epoch:  35600 loss:  0.00017530538025312126 PSNR:  26.35075459831289
epoch:  35800 loss:  0.00016976745973806828 PSNR:  26.412652662205808
epoch:  36000 loss:  0.0001738589780870825 PSNR:  26.31721976947442
epoch:  36200 loss:  0.00017158091941382736 PSNR:  26.422303615763482
epoch:  36400 loss:  0.00018112000543624163 PSNR:  26.398006534627967
epoch:  36600 loss:  0.00017355539603158832 PSNR:  26.357631397927413
epoch:  36800 loss:  0.0001863974321167916 PSNR:  26.35262547695517
epoch:  37000 loss:  0.00018140856991522014 PSNR:  26.359105135063082
epoch:  37200 loss:  0.0001911121653392911 PSNR:  26.314955897462728
epoch:  37400 loss:  0.00016844435594975948 PSNR:  26.403665385936556
epoch:  37600 loss:  0.00021181371994316578 PSNR:  26.256795212414712
epoch:  37800 loss:  0.0001821453624870628 PSNR:  26.344341413243576
epoch:  38000 loss:  0.0001718344137771055 PSNR:  26.317416382420355
epoch:  38200 loss:  0.00020519088138826191 PSNR:  26.24160726008395
epoch:  38400 loss:  0.0001783707266440615 PSNR:  26.31494204683918
epoch:  38600 loss:  0.00018283416284248233 PSNR:  26.311925827516806
epoch:  38800 loss:  0.00017910482711158693 PSNR:  26.341553372244917
epoch:  39000 loss:  0.00018886358884628862 PSNR:  26.239405421724086
epoch:  39200 loss:  0.00018991573597304523 PSNR:  26.293953349550204
epoch:  39400 loss:  0.00018046816694550216 PSNR:  26.36990958426605
epoch:  39600 loss:  0.0001717051927698776 PSNR:  26.359510052235947
epoch:  39800 loss:  0.00017413913155905902 PSNR:  26.337426437795312
PSNR of output image is:  26.337426437795312
(3, 512, 512) (1, 3, 512, 512)
Experiment done
