Processing image: ppt3
(3, 512, 512)
(3, 512, 512)
Starting optimization with optimizer 'SAM'
Output directory where image taken from: data/denoising/Set14/mask/6/SAM(sigma=0.1,lr=0.01,decay=0,beta=0)/det/-1.3/1e-09
Output directory where results stored: data/inpainting/Set14/transfer/0.5/0
1.1.1.weight         | nonzeros =    1154 /   12800             (  9.02%) | total_pruned =   11646 | shape = torch.Size([16, 32, 5, 5])
1.1.1.bias           | nonzeros =       0 /      16             (  0.00%) | total_pruned =      16 | shape = torch.Size([16])
1.2.weight           | nonzeros =       8 /      16             ( 50.00%) | total_pruned =       8 | shape = torch.Size([16])
1.2.bias             | nonzeros =       0 /      16             (  0.00%) | total_pruned =      16 | shape = torch.Size([16])
1.4.1.weight         | nonzeros =     197 /    6400             (  3.08%) | total_pruned =    6203 | shape = torch.Size([16, 16, 5, 5])
1.4.1.bias           | nonzeros =       0 /      16             (  0.00%) | total_pruned =      16 | shape = torch.Size([16])
1.5.weight           | nonzeros =       8 /      16             ( 50.00%) | total_pruned =       8 | shape = torch.Size([16])
1.5.bias             | nonzeros =       0 /      16             (  0.00%) | total_pruned =      16 | shape = torch.Size([16])
1.7.1.1.1.weight     | nonzeros =      87 /   12800             (  0.68%) | total_pruned =   12713 | shape = torch.Size([32, 16, 5, 5])
1.7.1.1.1.bias       | nonzeros =       0 /      32             (  0.00%) | total_pruned =      32 | shape = torch.Size([32])
1.7.1.2.weight       | nonzeros =      17 /      32             ( 53.12%) | total_pruned =      15 | shape = torch.Size([32])
1.7.1.2.bias         | nonzeros =       0 /      32             (  0.00%) | total_pruned =      32 | shape = torch.Size([32])
1.7.1.4.1.weight     | nonzeros =     137 /   25600             (  0.54%) | total_pruned =   25463 | shape = torch.Size([32, 32, 5, 5])
1.7.1.4.1.bias       | nonzeros =       0 /      32             (  0.00%) | total_pruned =      32 | shape = torch.Size([32])
1.7.1.5.weight       | nonzeros =       9 /      32             ( 28.12%) | total_pruned =      23 | shape = torch.Size([32])
1.7.1.5.bias         | nonzeros =       0 /      32             (  0.00%) | total_pruned =      32 | shape = torch.Size([32])
1.7.1.7.1.1.1.weight | nonzeros =     123 /   51200             (  0.24%) | total_pruned =   51077 | shape = torch.Size([64, 32, 5, 5])
1.7.1.7.1.1.1.bias   | nonzeros =       0 /      64             (  0.00%) | total_pruned =      64 | shape = torch.Size([64])
1.7.1.7.1.2.weight   | nonzeros =      25 /      64             ( 39.06%) | total_pruned =      39 | shape = torch.Size([64])
1.7.1.7.1.2.bias     | nonzeros =       0 /      64             (  0.00%) | total_pruned =      64 | shape = torch.Size([64])
1.7.1.7.1.4.1.weight | nonzeros =     196 /  102400             (  0.19%) | total_pruned =  102204 | shape = torch.Size([64, 64, 5, 5])
1.7.1.7.1.4.1.bias   | nonzeros =       0 /      64             (  0.00%) | total_pruned =      64 | shape = torch.Size([64])
1.7.1.7.1.5.weight   | nonzeros =      19 /      64             ( 29.69%) | total_pruned =      45 | shape = torch.Size([64])
1.7.1.7.1.5.bias     | nonzeros =       0 /      64             (  0.00%) | total_pruned =      64 | shape = torch.Size([64])
1.7.1.7.1.7.1.1.1.weight | nonzeros =      43 /  204800             (  0.02%) | total_pruned =  204757 | shape = torch.Size([128, 64, 5, 5])
1.7.1.7.1.7.1.1.1.bias | nonzeros =       0 /     128             (  0.00%) | total_pruned =     128 | shape = torch.Size([128])
1.7.1.7.1.7.1.2.weight | nonzeros =      57 /     128             ( 44.53%) | total_pruned =      71 | shape = torch.Size([128])
1.7.1.7.1.7.1.2.bias | nonzeros =       0 /     128             (  0.00%) | total_pruned =     128 | shape = torch.Size([128])
1.7.1.7.1.7.1.4.1.weight | nonzeros =     198 /  409600             (  0.05%) | total_pruned =  409402 | shape = torch.Size([128, 128, 5, 5])
1.7.1.7.1.7.1.4.1.bias | nonzeros =       0 /     128             (  0.00%) | total_pruned =     128 | shape = torch.Size([128])
1.7.1.7.1.7.1.5.weight | nonzeros =      62 /     128             ( 48.44%) | total_pruned =      66 | shape = torch.Size([128])
1.7.1.7.1.7.1.5.bias | nonzeros =       0 /     128             (  0.00%) | total_pruned =     128 | shape = torch.Size([128])
1.7.1.7.1.7.1.7.1.1.1.weight | nonzeros =     372 /  409600             (  0.09%) | total_pruned =  409228 | shape = torch.Size([128, 128, 5, 5])
1.7.1.7.1.7.1.7.1.1.1.bias | nonzeros =       0 /     128             (  0.00%) | total_pruned =     128 | shape = torch.Size([128])
1.7.1.7.1.7.1.7.1.2.weight | nonzeros =      74 /     128             ( 57.81%) | total_pruned =      54 | shape = torch.Size([128])
1.7.1.7.1.7.1.7.1.2.bias | nonzeros =       0 /     128             (  0.00%) | total_pruned =     128 | shape = torch.Size([128])
1.7.1.7.1.7.1.7.1.4.1.weight | nonzeros =    3066 /  409600             (  0.75%) | total_pruned =  406534 | shape = torch.Size([128, 128, 5, 5])
1.7.1.7.1.7.1.7.1.4.1.bias | nonzeros =       0 /     128             (  0.00%) | total_pruned =     128 | shape = torch.Size([128])
1.7.1.7.1.7.1.7.1.5.weight | nonzeros =     102 /     128             ( 79.69%) | total_pruned =      26 | shape = torch.Size([128])
1.7.1.7.1.7.1.7.1.5.bias | nonzeros =       0 /     128             (  0.00%) | total_pruned =     128 | shape = torch.Size([128])
1.7.1.7.1.7.1.7.1.7.1.1.1.weight | nonzeros =   10525 /  409600             (  2.57%) | total_pruned =  399075 | shape = torch.Size([128, 128, 5, 5])
1.7.1.7.1.7.1.7.1.7.1.1.1.bias | nonzeros =       0 /     128             (  0.00%) | total_pruned =     128 | shape = torch.Size([128])
1.7.1.7.1.7.1.7.1.7.1.2.weight | nonzeros =      96 /     128             ( 75.00%) | total_pruned =      32 | shape = torch.Size([128])
1.7.1.7.1.7.1.7.1.7.1.2.bias | nonzeros =       0 /     128             (  0.00%) | total_pruned =     128 | shape = torch.Size([128])
1.7.1.7.1.7.1.7.1.7.1.4.1.weight | nonzeros =   40315 /  409600             (  9.84%) | total_pruned =  369285 | shape = torch.Size([128, 128, 5, 5])
1.7.1.7.1.7.1.7.1.7.1.4.1.bias | nonzeros =       0 /     128             (  0.00%) | total_pruned =     128 | shape = torch.Size([128])
1.7.1.7.1.7.1.7.1.7.1.5.weight | nonzeros =      90 /     128             ( 70.31%) | total_pruned =      38 | shape = torch.Size([128])
1.7.1.7.1.7.1.7.1.7.1.5.bias | nonzeros =       0 /     128             (  0.00%) | total_pruned =     128 | shape = torch.Size([128])
1.7.1.7.1.7.1.7.1.7.2.weight | nonzeros =      90 /     128             ( 70.31%) | total_pruned =      38 | shape = torch.Size([128])
1.7.1.7.1.7.1.7.1.7.2.bias | nonzeros =       0 /     128             (  0.00%) | total_pruned =     128 | shape = torch.Size([128])
1.7.1.7.1.7.1.7.1.7.3.1.weight | nonzeros =   31573 /  147456             ( 21.41%) | total_pruned =  115883 | shape = torch.Size([128, 128, 3, 3])
1.7.1.7.1.7.1.7.1.7.3.1.bias | nonzeros =       0 /     128             (  0.00%) | total_pruned =     128 | shape = torch.Size([128])
1.7.1.7.1.7.1.7.1.7.4.weight | nonzeros =      88 /     128             ( 68.75%) | total_pruned =      40 | shape = torch.Size([128])
1.7.1.7.1.7.1.7.1.7.4.bias | nonzeros =       0 /     128             (  0.00%) | total_pruned =     128 | shape = torch.Size([128])
1.7.1.7.1.7.1.7.2.weight | nonzeros =      88 /     128             ( 68.75%) | total_pruned =      40 | shape = torch.Size([128])
1.7.1.7.1.7.1.7.2.bias | nonzeros =       0 /     128             (  0.00%) | total_pruned =     128 | shape = torch.Size([128])
1.7.1.7.1.7.1.7.3.1.weight | nonzeros =   21930 /  147456             ( 14.87%) | total_pruned =  125526 | shape = torch.Size([128, 128, 3, 3])
1.7.1.7.1.7.1.7.3.1.bias | nonzeros =       0 /     128             (  0.00%) | total_pruned =     128 | shape = torch.Size([128])
1.7.1.7.1.7.1.7.4.weight | nonzeros =      60 /     128             ( 46.88%) | total_pruned =      68 | shape = torch.Size([128])
1.7.1.7.1.7.1.7.4.bias | nonzeros =       0 /     128             (  0.00%) | total_pruned =     128 | shape = torch.Size([128])
1.7.1.7.1.7.2.weight | nonzeros =      60 /     128             ( 46.88%) | total_pruned =      68 | shape = torch.Size([128])
1.7.1.7.1.7.2.bias   | nonzeros =       0 /     128             (  0.00%) | total_pruned =     128 | shape = torch.Size([128])
1.7.1.7.1.7.3.1.weight | nonzeros =   14987 /  147456             ( 10.16%) | total_pruned =  132469 | shape = torch.Size([128, 128, 3, 3])
1.7.1.7.1.7.3.1.bias | nonzeros =       0 /     128             (  0.00%) | total_pruned =     128 | shape = torch.Size([128])
1.7.1.7.1.7.4.weight | nonzeros =      61 /     128             ( 47.66%) | total_pruned =      67 | shape = torch.Size([128])
1.7.1.7.1.7.4.bias   | nonzeros =       0 /     128             (  0.00%) | total_pruned =     128 | shape = torch.Size([128])
1.7.1.7.2.weight     | nonzeros =      61 /     128             ( 47.66%) | total_pruned =      67 | shape = torch.Size([128])
1.7.1.7.2.bias       | nonzeros =       0 /     128             (  0.00%) | total_pruned =     128 | shape = torch.Size([128])
1.7.1.7.3.1.weight   | nonzeros =    8413 /   73728             ( 11.41%) | total_pruned =   65315 | shape = torch.Size([64, 128, 3, 3])
1.7.1.7.3.1.bias     | nonzeros =       0 /      64             (  0.00%) | total_pruned =      64 | shape = torch.Size([64])
1.7.1.7.4.weight     | nonzeros =      34 /      64             ( 53.12%) | total_pruned =      30 | shape = torch.Size([64])
1.7.1.7.4.bias       | nonzeros =       0 /      64             (  0.00%) | total_pruned =      64 | shape = torch.Size([64])
1.7.2.weight         | nonzeros =      34 /      64             ( 53.12%) | total_pruned =      30 | shape = torch.Size([64])
1.7.2.bias           | nonzeros =       0 /      64             (  0.00%) | total_pruned =      64 | shape = torch.Size([64])
1.7.3.1.weight       | nonzeros =    2507 /   18432             ( 13.60%) | total_pruned =   15925 | shape = torch.Size([32, 64, 3, 3])
1.7.3.1.bias         | nonzeros =       0 /      32             (  0.00%) | total_pruned =      32 | shape = torch.Size([32])
1.7.4.weight         | nonzeros =      17 /      32             ( 53.12%) | total_pruned =      15 | shape = torch.Size([32])
1.7.4.bias           | nonzeros =       0 /      32             (  0.00%) | total_pruned =      32 | shape = torch.Size([32])
2.weight             | nonzeros =      17 /      32             ( 53.12%) | total_pruned =      15 | shape = torch.Size([32])
2.bias               | nonzeros =       0 /      32             (  0.00%) | total_pruned =      32 | shape = torch.Size([32])
3.1.weight           | nonzeros =    1033 /    4608             ( 22.42%) | total_pruned =    3575 | shape = torch.Size([16, 32, 3, 3])
3.1.bias             | nonzeros =       0 /      16             (  0.00%) | total_pruned =      16 | shape = torch.Size([16])
4.weight             | nonzeros =      15 /      16             ( 93.75%) | total_pruned =       1 | shape = torch.Size([16])
4.bias               | nonzeros =       0 /      16             (  0.00%) | total_pruned =      16 | shape = torch.Size([16])
6.1.weight           | nonzeros =      28 /      48             ( 58.33%) | total_pruned =      20 | shape = torch.Size([3, 16, 1, 1])
6.1.bias             | nonzeros =       2 /       3             ( 66.67%) | total_pruned =       1 | shape = torch.Size([3])
alive: 138078, pruned : 2870789, total: 3008867, Compression rate :      21.79x  ( 95.41% pruned)
Initial PSNR of output image is:  6.539050525943173
epoch:  0 loss:  0.11082881689071655 PSNR:  6.539050525943173
epoch:  200 loss:  0.00583208492025733 PSNR:  19.178978848946024
epoch:  400 loss:  0.002948640612885356 PSNR:  21.839348150824453
epoch:  600 loss:  0.001990420278161764 PSNR:  23.246160442018684
epoch:  800 loss:  0.0011610378278419375 PSNR:  24.81371999022096
epoch:  1000 loss:  0.0009928480722010136 PSNR:  25.154813471651018
epoch:  1200 loss:  0.0006518908776342869 PSNR:  26.20522075948528
epoch:  1400 loss:  0.0005235036369413137 PSNR:  26.554320983473914
epoch:  1600 loss:  0.0005821146769449115 PSNR:  26.32796684040176
epoch:  1800 loss:  0.00040718470700085163 PSNR:  27.006584279602677
epoch:  2000 loss:  0.0004868517571594566 PSNR:  26.77015265401718
epoch:  2200 loss:  0.00037464904016815126 PSNR:  27.076369383102303
epoch:  2400 loss:  0.00041797684389166534 PSNR:  26.895614646535616
epoch:  2600 loss:  0.0002861292741727084 PSNR:  27.38752524278814
epoch:  2800 loss:  0.0003954607236664742 PSNR:  26.921610272904086
epoch:  3000 loss:  0.000298409431707114 PSNR:  27.378868805740876
epoch:  3200 loss:  0.00039342170930467546 PSNR:  27.026475660420335
epoch:  3400 loss:  0.00026062483084388077 PSNR:  27.487115034477362
epoch:  3600 loss:  0.00027226118254475296 PSNR:  27.53767036468765
epoch:  3800 loss:  0.0003145901137031615 PSNR:  27.27369793509302
epoch:  4000 loss:  0.0003335505025461316 PSNR:  27.166510966026017
epoch:  4200 loss:  0.00020741645130328834 PSNR:  27.731190919116457
epoch:  4400 loss:  0.00022767391055822372 PSNR:  27.583691356845378
epoch:  4600 loss:  0.0002006379363592714 PSNR:  27.78426800480952
epoch:  4800 loss:  0.00019034718570765108 PSNR:  27.81234041286481
epoch:  5000 loss:  0.00018819647084455937 PSNR:  27.842085890850427
epoch:  5200 loss:  0.000191414263099432 PSNR:  27.820635346642657
epoch:  5400 loss:  0.00017308017413597554 PSNR:  27.87866257263719
epoch:  5600 loss:  0.0002209755766671151 PSNR:  27.67959673465754
epoch:  5800 loss:  0.00021635978191625327 PSNR:  27.59903288395094
epoch:  6000 loss:  0.00018505548359826207 PSNR:  27.878531044099482
epoch:  6200 loss:  0.00019889522809535265 PSNR:  27.733488427931263
epoch:  6400 loss:  0.00022011209512129426 PSNR:  27.654961152904374
epoch:  6600 loss:  0.00021614359866362065 PSNR:  27.614031244873157
epoch:  6800 loss:  0.00015434266242664307 PSNR:  27.97136549072828
epoch:  7000 loss:  0.00018524262122809887 PSNR:  27.710442510263093
epoch:  7200 loss:  0.000169877297594212 PSNR:  27.90503025835287
epoch:  7400 loss:  0.00016647866868879646 PSNR:  27.883773554582074
epoch:  7600 loss:  0.00020414315804373473 PSNR:  27.69422375862256
epoch:  7800 loss:  0.00020151374337729067 PSNR:  27.646468824997406
epoch:  8000 loss:  0.0002554464736022055 PSNR:  27.43548814354878
epoch:  8200 loss:  0.00013609702000394464 PSNR:  28.02068414615973
epoch:  8400 loss:  0.00015906865883152932 PSNR:  27.90927693021775
epoch:  8600 loss:  0.00017627477063797414 PSNR:  27.87714589342395
epoch:  8800 loss:  0.00018561643082648516 PSNR:  27.72198339587549
epoch:  9000 loss:  0.00013521790970116854 PSNR:  28.029679714786372
epoch:  9200 loss:  0.00024750945158302784 PSNR:  27.501274988390033
epoch:  9400 loss:  0.00013370459782890975 PSNR:  28.045528827863237
epoch:  9600 loss:  0.00014105185982771218 PSNR:  27.988740049427744
epoch:  9800 loss:  0.00015564631030429155 PSNR:  27.92307132114415
epoch:  10000 loss:  0.0002026225411100313 PSNR:  27.67484761952772
epoch:  10200 loss:  0.00014731913688592613 PSNR:  27.930415832767054
epoch:  10400 loss:  0.00022296677343547344 PSNR:  27.642045714339044
epoch:  10600 loss:  0.00012114632409065962 PSNR:  28.047484086842847
epoch:  10800 loss:  0.00011828488641185686 PSNR:  28.060653078116378
epoch:  11000 loss:  0.00011379958596080542 PSNR:  28.078923304881172
epoch:  11200 loss:  0.00011687040387187153 PSNR:  28.075915558828157
epoch:  11400 loss:  0.00014179616118781269 PSNR:  27.964069781935113
epoch:  11600 loss:  0.00010905725503107533 PSNR:  28.094704059533907
epoch:  11800 loss:  0.00012496653653215617 PSNR:  28.009198883974364
epoch:  12000 loss:  0.0002003672270802781 PSNR:  27.623529327152966
epoch:  12200 loss:  0.00034432881511747837 PSNR:  26.851915282278508
epoch:  12400 loss:  0.00013958306226413697 PSNR:  27.963316243320698
epoch:  12600 loss:  0.00013248936738818884 PSNR:  27.967875535597177
epoch:  12800 loss:  0.0001020809868350625 PSNR:  28.12716386952808
epoch:  13000 loss:  0.00011392305896151811 PSNR:  28.05250394870712
epoch:  13200 loss:  0.00011494562932057306 PSNR:  28.058404763390232
epoch:  13400 loss:  0.00012398789112921804 PSNR:  28.01441118268265
epoch:  13600 loss:  0.00015888831694610417 PSNR:  27.829414483402353
epoch:  13800 loss:  9.82048804871738e-05 PSNR:  28.13543337441523
epoch:  14000 loss:  9.718359069665894e-05 PSNR:  28.1125195914832
epoch:  14200 loss:  0.00011318426550133154 PSNR:  28.039557906559253
epoch:  14400 loss:  0.00010490986460354179 PSNR:  28.100253793460787
epoch:  14600 loss:  0.0001018571128952317 PSNR:  28.10359272573814
epoch:  14800 loss:  0.00015212123980745673 PSNR:  27.79489074943025
epoch:  15000 loss:  0.00013586229761131108 PSNR:  27.971665611454327
epoch:  15200 loss:  0.00010427860979689285 PSNR:  28.077247711908043
epoch:  15400 loss:  0.00010443847713759169 PSNR:  28.07531438933506
epoch:  15600 loss:  9.36952346819453e-05 PSNR:  28.140147105573217
epoch:  15800 loss:  9.993207640945911e-05 PSNR:  28.06300774711119
epoch:  16000 loss:  0.00010280965943820775 PSNR:  28.11136869110269
epoch:  16200 loss:  0.00011483834532555193 PSNR:  28.06353858952952
epoch:  16400 loss:  0.00010399275925010443 PSNR:  28.108454506505357
epoch:  16600 loss:  0.00010604836279526353 PSNR:  28.068198544492653
epoch:  16800 loss:  0.0001273191737709567 PSNR:  28.032268959137454
epoch:  17000 loss:  8.880624955054373e-05 PSNR:  28.148845777670143
epoch:  17200 loss:  9.226070687873289e-05 PSNR:  28.13444122861106
epoch:  17400 loss:  0.00012646988034248352 PSNR:  27.97352986683127
epoch:  17600 loss:  9.469966607866809e-05 PSNR:  28.13284834620337
epoch:  17800 loss:  0.00012182760838186368 PSNR:  27.99168736611838
epoch:  18000 loss:  0.0001440523483324796 PSNR:  27.912549386998666
epoch:  18200 loss:  9.920756565406919e-05 PSNR:  28.044860939781906
epoch:  18400 loss:  0.00013071770081296563 PSNR:  27.946403030624737
epoch:  18600 loss:  0.00011062886187573895 PSNR:  28.030340774740083
epoch:  18800 loss:  8.85521512827836e-05 PSNR:  28.12595752474323
epoch:  19000 loss:  0.00011192042438779026 PSNR:  28.095122709264814
epoch:  19200 loss:  9.542540647089481e-05 PSNR:  28.113049972469824
epoch:  19400 loss:  9.781010157894343e-05 PSNR:  28.08334160229431
epoch:  19600 loss:  0.00014581669529434294 PSNR:  27.948595035357027
epoch:  19800 loss:  0.00012433112715370953 PSNR:  27.991462905019418
epoch:  20000 loss:  9.531778050586581e-05 PSNR:  28.095441940500198
epoch:  20200 loss:  8.646963397040963e-05 PSNR:  28.215895514794
epoch:  20400 loss:  8.338116458617151e-05 PSNR:  28.18157795094052
epoch:  20600 loss:  0.00010242847929475829 PSNR:  28.080075386158615
epoch:  20800 loss:  0.00014494903734885156 PSNR:  27.885127267956463
epoch:  21000 loss:  0.00011437777720857412 PSNR:  28.06479344822126
epoch:  21200 loss:  9.219969797413796e-05 PSNR:  28.10823275911808
epoch:  21400 loss:  9.305885032517835e-05 PSNR:  28.131488509342706
epoch:  21600 loss:  0.00011375263420632109 PSNR:  28.074060381329137
epoch:  21800 loss:  0.00012227497063577175 PSNR:  27.88389095495587
epoch:  22000 loss:  8.45615504658781e-05 PSNR:  28.14496556617883
epoch:  22200 loss:  0.00010549958096817136 PSNR:  28.05324405903999
epoch:  22400 loss:  0.00010087983537232503 PSNR:  28.07782803893118
epoch:  22600 loss:  8.232724212575704e-05 PSNR:  28.215612898335696
epoch:  22800 loss:  8.270106627605855e-05 PSNR:  28.18248677200558
epoch:  23000 loss:  0.00010541793017182499 PSNR:  28.03003882039206
epoch:  23200 loss:  8.73864337336272e-05 PSNR:  28.154164052725427
epoch:  23400 loss:  7.794779230607674e-05 PSNR:  28.191371760142783
epoch:  23600 loss:  8.087831520242617e-05 PSNR:  28.173647149299907
epoch:  23800 loss:  7.824492058716714e-05 PSNR:  28.20254982579286
epoch:  24000 loss:  0.00010544345423113555 PSNR:  28.101245015982485
epoch:  24200 loss:  8.212684042518958e-05 PSNR:  28.144258466831175
epoch:  24400 loss:  8.059626998146996e-05 PSNR:  28.185321572498736
epoch:  24600 loss:  0.00011528235336299986 PSNR:  28.08533022995814
epoch:  24800 loss:  7.85955271567218e-05 PSNR:  28.16814580786989
epoch:  25000 loss:  0.00011375018948456272 PSNR:  27.966483124068162
epoch:  25200 loss:  8.8146174675785e-05 PSNR:  28.162642153408516
epoch:  25400 loss:  7.497789920307696e-05 PSNR:  28.20676755508753
epoch:  25600 loss:  9.256319026462734e-05 PSNR:  28.091762585703492
epoch:  25800 loss:  7.806587382219732e-05 PSNR:  28.17129810662042
epoch:  26000 loss:  8.305665687657893e-05 PSNR:  28.15415512842509
epoch:  26200 loss:  0.0001179402315756306 PSNR:  28.03961520899891
epoch:  26400 loss:  8.240106399171054e-05 PSNR:  28.133894740290156
epoch:  26600 loss:  8.263900235760957e-05 PSNR:  28.187850092721405
epoch:  26800 loss:  0.00010126633424079046 PSNR:  28.087936925575306
epoch:  27000 loss:  8.02159120212309e-05 PSNR:  28.16417344932968
epoch:  27200 loss:  8.000282832654193e-05 PSNR:  28.1221131206039
epoch:  27400 loss:  8.368439739570022e-05 PSNR:  28.1434179467189
epoch:  27600 loss:  0.0001045146127580665 PSNR:  27.981680674952685
epoch:  27800 loss:  7.900265336502343e-05 PSNR:  28.1984570653741
epoch:  28000 loss:  8.074523793766275e-05 PSNR:  28.098362413855995
epoch:  28200 loss:  9.057917486643419e-05 PSNR:  28.122615798357245
epoch:  28400 loss:  8.672021795064211e-05 PSNR:  28.17897894756505
epoch:  28600 loss:  7.48562888475135e-05 PSNR:  28.1697135441975
epoch:  28800 loss:  8.321194763993844e-05 PSNR:  28.090674826559127
epoch:  29000 loss:  8.980229904409498e-05 PSNR:  28.037658340205795
epoch:  29200 loss:  8.554215310141444e-05 PSNR:  28.115553786830965
epoch:  29400 loss:  7.582985563203692e-05 PSNR:  28.171249326916403
epoch:  29600 loss:  0.00012710374721791595 PSNR:  27.831802307434984
epoch:  29800 loss:  7.620883116032928e-05 PSNR:  28.162080184338475
epoch:  30000 loss:  7.261834980454296e-05 PSNR:  28.17805091896436
epoch:  30200 loss:  7.464618101948872e-05 PSNR:  28.13443695119283
epoch:  30400 loss:  0.00011223267938476056 PSNR:  27.879376432596402
epoch:  30600 loss:  9.043198951985687e-05 PSNR:  28.079628292950925
epoch:  30800 loss:  7.595393981318921e-05 PSNR:  28.1326029850252
epoch:  31000 loss:  8.352752774953842e-05 PSNR:  28.123437532713254
epoch:  31200 loss:  0.00010876001761062071 PSNR:  27.973997561959344
epoch:  31400 loss:  0.00013692464563064277 PSNR:  27.843562678726038
epoch:  31600 loss:  7.22332697478123e-05 PSNR:  28.121745992614002
epoch:  31800 loss:  8.472851914120838e-05 PSNR:  28.14896264365881
epoch:  32000 loss:  7.545039989054203e-05 PSNR:  28.11988392759573
epoch:  32200 loss:  7.948785787448287e-05 PSNR:  28.129237082211556
epoch:  32400 loss:  7.183392881415784e-05 PSNR:  28.144193831029362
epoch:  32600 loss:  8.886177965905517e-05 PSNR:  28.084543647160668
epoch:  32800 loss:  7.25479403627105e-05 PSNR:  28.14525054921073
epoch:  33000 loss:  9.188264812109992e-05 PSNR:  28.054614823298117
epoch:  33200 loss:  7.19038798706606e-05 PSNR:  28.141047296992223
epoch:  33400 loss:  6.986522930674255e-05 PSNR:  28.141532726533477
epoch:  33600 loss:  9.615928865969181e-05 PSNR:  27.947408599538615
epoch:  33800 loss:  7.44932476663962e-05 PSNR:  28.141599959342404
epoch:  34000 loss:  8.241964678745717e-05 PSNR:  28.062495416238228
epoch:  34200 loss:  7.189872121671215e-05 PSNR:  28.129899010169453
epoch:  34400 loss:  6.994607247179374e-05 PSNR:  28.12364758561444
epoch:  34600 loss:  7.41638068575412e-05 PSNR:  28.105945954750318
epoch:  34800 loss:  7.218018436105922e-05 PSNR:  28.146885604930528
epoch:  35000 loss:  8.47614137455821e-05 PSNR:  28.11079662772198
epoch:  35200 loss:  7.342683966271579e-05 PSNR:  28.097992720095508
epoch:  35400 loss:  7.128874131012708e-05 PSNR:  28.10946461425045
epoch:  35600 loss:  9.329098975285888e-05 PSNR:  27.996433692572694
epoch:  35800 loss:  8.402000821661204e-05 PSNR:  28.121158783586186
epoch:  36000 loss:  7.188008748926222e-05 PSNR:  28.079153956584484
epoch:  36200 loss:  7.090603321557865e-05 PSNR:  28.118542567887268
epoch:  36400 loss:  6.759298412362114e-05 PSNR:  28.15960798681884
epoch:  36600 loss:  6.851243961136788e-05 PSNR:  28.131106779214285
epoch:  36800 loss:  9.208888513967395e-05 PSNR:  27.99696570375477
epoch:  37000 loss:  7.591444591525942e-05 PSNR:  28.1090452340028
epoch:  37200 loss:  7.035655289655551e-05 PSNR:  28.089261374795534
epoch:  37400 loss:  8.537275425624102e-05 PSNR:  28.023052194531218
epoch:  37600 loss:  6.983018101891503e-05 PSNR:  28.1045588953171
epoch:  37800 loss:  0.00010884032235480845 PSNR:  27.896428182563497
epoch:  38000 loss:  6.663999374723062e-05 PSNR:  28.146321711697833
epoch:  38200 loss:  7.286314212251455e-05 PSNR:  28.10592209253738
epoch:  38400 loss:  6.886151822982356e-05 PSNR:  28.107147733831415
epoch:  38600 loss:  8.251231338363141e-05 PSNR:  28.08242728230598
epoch:  38800 loss:  8.842607348924503e-05 PSNR:  28.044238271796907
epoch:  39000 loss:  6.87997235218063e-05 PSNR:  28.138217199538765
epoch:  39200 loss:  6.543644121848047e-05 PSNR:  28.141624677548542
epoch:  39400 loss:  7.286372419912368e-05 PSNR:  28.080253131491677
epoch:  39600 loss:  7.114338222891092e-05 PSNR:  28.102819160855056
epoch:  39800 loss:  8.200844604289159e-05 PSNR:  28.062938807094287
PSNR of output image is:  28.062938807094287
(3, 512, 512) (1, 3, 512, 512)
Experiment done
Processing image: ppt3
(3, 512, 512)
(3, 512, 512)
Starting optimization with optimizer 'SAM'
Output directory where image taken from: data/denoising/Set14/mask/6/SAM(sigma=0.1,lr=0.01,decay=0,beta=0)/det/-1.3/1e-09
Output directory where results stored: data/inpainting/Set14/transfer/0.5/0/6
1.1.1.weight         | nonzeros =    1154 /   12800             (  9.02%) | total_pruned =   11646 | shape = torch.Size([16, 32, 5, 5])
1.1.1.bias           | nonzeros =       0 /      16             (  0.00%) | total_pruned =      16 | shape = torch.Size([16])
1.2.weight           | nonzeros =       8 /      16             ( 50.00%) | total_pruned =       8 | shape = torch.Size([16])
1.2.bias             | nonzeros =       0 /      16             (  0.00%) | total_pruned =      16 | shape = torch.Size([16])
1.4.1.weight         | nonzeros =     197 /    6400             (  3.08%) | total_pruned =    6203 | shape = torch.Size([16, 16, 5, 5])
1.4.1.bias           | nonzeros =       0 /      16             (  0.00%) | total_pruned =      16 | shape = torch.Size([16])
1.5.weight           | nonzeros =       8 /      16             ( 50.00%) | total_pruned =       8 | shape = torch.Size([16])
1.5.bias             | nonzeros =       0 /      16             (  0.00%) | total_pruned =      16 | shape = torch.Size([16])
1.7.1.1.1.weight     | nonzeros =      87 /   12800             (  0.68%) | total_pruned =   12713 | shape = torch.Size([32, 16, 5, 5])
1.7.1.1.1.bias       | nonzeros =       0 /      32             (  0.00%) | total_pruned =      32 | shape = torch.Size([32])
1.7.1.2.weight       | nonzeros =      17 /      32             ( 53.12%) | total_pruned =      15 | shape = torch.Size([32])
1.7.1.2.bias         | nonzeros =       0 /      32             (  0.00%) | total_pruned =      32 | shape = torch.Size([32])
1.7.1.4.1.weight     | nonzeros =     137 /   25600             (  0.54%) | total_pruned =   25463 | shape = torch.Size([32, 32, 5, 5])
1.7.1.4.1.bias       | nonzeros =       0 /      32             (  0.00%) | total_pruned =      32 | shape = torch.Size([32])
1.7.1.5.weight       | nonzeros =       9 /      32             ( 28.12%) | total_pruned =      23 | shape = torch.Size([32])
1.7.1.5.bias         | nonzeros =       0 /      32             (  0.00%) | total_pruned =      32 | shape = torch.Size([32])
1.7.1.7.1.1.1.weight | nonzeros =     123 /   51200             (  0.24%) | total_pruned =   51077 | shape = torch.Size([64, 32, 5, 5])
1.7.1.7.1.1.1.bias   | nonzeros =       0 /      64             (  0.00%) | total_pruned =      64 | shape = torch.Size([64])
1.7.1.7.1.2.weight   | nonzeros =      25 /      64             ( 39.06%) | total_pruned =      39 | shape = torch.Size([64])
1.7.1.7.1.2.bias     | nonzeros =       0 /      64             (  0.00%) | total_pruned =      64 | shape = torch.Size([64])
1.7.1.7.1.4.1.weight | nonzeros =     196 /  102400             (  0.19%) | total_pruned =  102204 | shape = torch.Size([64, 64, 5, 5])
1.7.1.7.1.4.1.bias   | nonzeros =       0 /      64             (  0.00%) | total_pruned =      64 | shape = torch.Size([64])
1.7.1.7.1.5.weight   | nonzeros =      19 /      64             ( 29.69%) | total_pruned =      45 | shape = torch.Size([64])
1.7.1.7.1.5.bias     | nonzeros =       0 /      64             (  0.00%) | total_pruned =      64 | shape = torch.Size([64])
1.7.1.7.1.7.1.1.1.weight | nonzeros =      43 /  204800             (  0.02%) | total_pruned =  204757 | shape = torch.Size([128, 64, 5, 5])
1.7.1.7.1.7.1.1.1.bias | nonzeros =       0 /     128             (  0.00%) | total_pruned =     128 | shape = torch.Size([128])
1.7.1.7.1.7.1.2.weight | nonzeros =      57 /     128             ( 44.53%) | total_pruned =      71 | shape = torch.Size([128])
1.7.1.7.1.7.1.2.bias | nonzeros =       0 /     128             (  0.00%) | total_pruned =     128 | shape = torch.Size([128])
1.7.1.7.1.7.1.4.1.weight | nonzeros =     198 /  409600             (  0.05%) | total_pruned =  409402 | shape = torch.Size([128, 128, 5, 5])
1.7.1.7.1.7.1.4.1.bias | nonzeros =       0 /     128             (  0.00%) | total_pruned =     128 | shape = torch.Size([128])
1.7.1.7.1.7.1.5.weight | nonzeros =      62 /     128             ( 48.44%) | total_pruned =      66 | shape = torch.Size([128])
1.7.1.7.1.7.1.5.bias | nonzeros =       0 /     128             (  0.00%) | total_pruned =     128 | shape = torch.Size([128])
1.7.1.7.1.7.1.7.1.1.1.weight | nonzeros =     372 /  409600             (  0.09%) | total_pruned =  409228 | shape = torch.Size([128, 128, 5, 5])
1.7.1.7.1.7.1.7.1.1.1.bias | nonzeros =       0 /     128             (  0.00%) | total_pruned =     128 | shape = torch.Size([128])
1.7.1.7.1.7.1.7.1.2.weight | nonzeros =      74 /     128             ( 57.81%) | total_pruned =      54 | shape = torch.Size([128])
1.7.1.7.1.7.1.7.1.2.bias | nonzeros =       0 /     128             (  0.00%) | total_pruned =     128 | shape = torch.Size([128])
1.7.1.7.1.7.1.7.1.4.1.weight | nonzeros =    3066 /  409600             (  0.75%) | total_pruned =  406534 | shape = torch.Size([128, 128, 5, 5])
1.7.1.7.1.7.1.7.1.4.1.bias | nonzeros =       0 /     128             (  0.00%) | total_pruned =     128 | shape = torch.Size([128])
1.7.1.7.1.7.1.7.1.5.weight | nonzeros =     102 /     128             ( 79.69%) | total_pruned =      26 | shape = torch.Size([128])
1.7.1.7.1.7.1.7.1.5.bias | nonzeros =       0 /     128             (  0.00%) | total_pruned =     128 | shape = torch.Size([128])
1.7.1.7.1.7.1.7.1.7.1.1.1.weight | nonzeros =   10525 /  409600             (  2.57%) | total_pruned =  399075 | shape = torch.Size([128, 128, 5, 5])
1.7.1.7.1.7.1.7.1.7.1.1.1.bias | nonzeros =       0 /     128             (  0.00%) | total_pruned =     128 | shape = torch.Size([128])
1.7.1.7.1.7.1.7.1.7.1.2.weight | nonzeros =      96 /     128             ( 75.00%) | total_pruned =      32 | shape = torch.Size([128])
1.7.1.7.1.7.1.7.1.7.1.2.bias | nonzeros =       0 /     128             (  0.00%) | total_pruned =     128 | shape = torch.Size([128])
1.7.1.7.1.7.1.7.1.7.1.4.1.weight | nonzeros =   40315 /  409600             (  9.84%) | total_pruned =  369285 | shape = torch.Size([128, 128, 5, 5])
1.7.1.7.1.7.1.7.1.7.1.4.1.bias | nonzeros =       0 /     128             (  0.00%) | total_pruned =     128 | shape = torch.Size([128])
1.7.1.7.1.7.1.7.1.7.1.5.weight | nonzeros =      90 /     128             ( 70.31%) | total_pruned =      38 | shape = torch.Size([128])
1.7.1.7.1.7.1.7.1.7.1.5.bias | nonzeros =       0 /     128             (  0.00%) | total_pruned =     128 | shape = torch.Size([128])
1.7.1.7.1.7.1.7.1.7.2.weight | nonzeros =      90 /     128             ( 70.31%) | total_pruned =      38 | shape = torch.Size([128])
1.7.1.7.1.7.1.7.1.7.2.bias | nonzeros =       0 /     128             (  0.00%) | total_pruned =     128 | shape = torch.Size([128])
1.7.1.7.1.7.1.7.1.7.3.1.weight | nonzeros =   31573 /  147456             ( 21.41%) | total_pruned =  115883 | shape = torch.Size([128, 128, 3, 3])
1.7.1.7.1.7.1.7.1.7.3.1.bias | nonzeros =       0 /     128             (  0.00%) | total_pruned =     128 | shape = torch.Size([128])
1.7.1.7.1.7.1.7.1.7.4.weight | nonzeros =      88 /     128             ( 68.75%) | total_pruned =      40 | shape = torch.Size([128])
1.7.1.7.1.7.1.7.1.7.4.bias | nonzeros =       0 /     128             (  0.00%) | total_pruned =     128 | shape = torch.Size([128])
1.7.1.7.1.7.1.7.2.weight | nonzeros =      88 /     128             ( 68.75%) | total_pruned =      40 | shape = torch.Size([128])
1.7.1.7.1.7.1.7.2.bias | nonzeros =       0 /     128             (  0.00%) | total_pruned =     128 | shape = torch.Size([128])
1.7.1.7.1.7.1.7.3.1.weight | nonzeros =   21930 /  147456             ( 14.87%) | total_pruned =  125526 | shape = torch.Size([128, 128, 3, 3])
1.7.1.7.1.7.1.7.3.1.bias | nonzeros =       0 /     128             (  0.00%) | total_pruned =     128 | shape = torch.Size([128])
1.7.1.7.1.7.1.7.4.weight | nonzeros =      60 /     128             ( 46.88%) | total_pruned =      68 | shape = torch.Size([128])
1.7.1.7.1.7.1.7.4.bias | nonzeros =       0 /     128             (  0.00%) | total_pruned =     128 | shape = torch.Size([128])
1.7.1.7.1.7.2.weight | nonzeros =      60 /     128             ( 46.88%) | total_pruned =      68 | shape = torch.Size([128])
1.7.1.7.1.7.2.bias   | nonzeros =       0 /     128             (  0.00%) | total_pruned =     128 | shape = torch.Size([128])
1.7.1.7.1.7.3.1.weight | nonzeros =   14987 /  147456             ( 10.16%) | total_pruned =  132469 | shape = torch.Size([128, 128, 3, 3])
1.7.1.7.1.7.3.1.bias | nonzeros =       0 /     128             (  0.00%) | total_pruned =     128 | shape = torch.Size([128])
1.7.1.7.1.7.4.weight | nonzeros =      61 /     128             ( 47.66%) | total_pruned =      67 | shape = torch.Size([128])
1.7.1.7.1.7.4.bias   | nonzeros =       0 /     128             (  0.00%) | total_pruned =     128 | shape = torch.Size([128])
1.7.1.7.2.weight     | nonzeros =      61 /     128             ( 47.66%) | total_pruned =      67 | shape = torch.Size([128])
1.7.1.7.2.bias       | nonzeros =       0 /     128             (  0.00%) | total_pruned =     128 | shape = torch.Size([128])
1.7.1.7.3.1.weight   | nonzeros =    8413 /   73728             ( 11.41%) | total_pruned =   65315 | shape = torch.Size([64, 128, 3, 3])
1.7.1.7.3.1.bias     | nonzeros =       0 /      64             (  0.00%) | total_pruned =      64 | shape = torch.Size([64])
1.7.1.7.4.weight     | nonzeros =      34 /      64             ( 53.12%) | total_pruned =      30 | shape = torch.Size([64])
1.7.1.7.4.bias       | nonzeros =       0 /      64             (  0.00%) | total_pruned =      64 | shape = torch.Size([64])
1.7.2.weight         | nonzeros =      34 /      64             ( 53.12%) | total_pruned =      30 | shape = torch.Size([64])
1.7.2.bias           | nonzeros =       0 /      64             (  0.00%) | total_pruned =      64 | shape = torch.Size([64])
1.7.3.1.weight       | nonzeros =    2507 /   18432             ( 13.60%) | total_pruned =   15925 | shape = torch.Size([32, 64, 3, 3])
1.7.3.1.bias         | nonzeros =       0 /      32             (  0.00%) | total_pruned =      32 | shape = torch.Size([32])
1.7.4.weight         | nonzeros =      17 /      32             ( 53.12%) | total_pruned =      15 | shape = torch.Size([32])
1.7.4.bias           | nonzeros =       0 /      32             (  0.00%) | total_pruned =      32 | shape = torch.Size([32])
2.weight             | nonzeros =      17 /      32             ( 53.12%) | total_pruned =      15 | shape = torch.Size([32])
2.bias               | nonzeros =       0 /      32             (  0.00%) | total_pruned =      32 | shape = torch.Size([32])
3.1.weight           | nonzeros =    1033 /    4608             ( 22.42%) | total_pruned =    3575 | shape = torch.Size([16, 32, 3, 3])
3.1.bias             | nonzeros =       0 /      16             (  0.00%) | total_pruned =      16 | shape = torch.Size([16])
4.weight             | nonzeros =      15 /      16             ( 93.75%) | total_pruned =       1 | shape = torch.Size([16])
4.bias               | nonzeros =       0 /      16             (  0.00%) | total_pruned =      16 | shape = torch.Size([16])
6.1.weight           | nonzeros =      28 /      48             ( 58.33%) | total_pruned =      20 | shape = torch.Size([3, 16, 1, 1])
6.1.bias             | nonzeros =       2 /       3             ( 66.67%) | total_pruned =       1 | shape = torch.Size([3])
alive: 138078, pruned : 2870789, total: 3008867, Compression rate :      21.79x  ( 95.41% pruned)
Initial PSNR of output image is:  6.5390732771907745
epoch:  0 loss:  0.11085393279790878 PSNR:  6.5390732771907745
epoch:  200 loss:  0.00696598831564188 PSNR:  18.46071303178072
epoch:  400 loss:  0.0033366342540830374 PSNR:  21.379019838613008
epoch:  600 loss:  0.002154034562408924 PSNR:  22.97558292105191
epoch:  800 loss:  0.0013728727353736758 PSNR:  24.46672142115056
epoch:  1000 loss:  0.0013229150790721178 PSNR:  24.521752991088448
epoch:  1200 loss:  0.0009890464134514332 PSNR:  25.2427403656839
epoch:  1400 loss:  0.0008500355179421604 PSNR:  25.745455294915388
epoch:  1600 loss:  0.0005652198451571167 PSNR:  26.682572032271903
epoch:  1800 loss:  0.0005318174953572452 PSNR:  26.70030093338035
epoch:  2000 loss:  0.00042618237785063684 PSNR:  27.215344313612185
epoch:  2200 loss:  0.00040383380837738514 PSNR:  27.255302260894926
epoch:  2400 loss:  0.0003925528726540506 PSNR:  27.32402258390861
epoch:  2600 loss:  0.0005903095006942749 PSNR:  26.427511810924056
epoch:  2800 loss:  0.00033651580451987684 PSNR:  27.534312797860252
epoch:  3000 loss:  0.00031789447530172765 PSNR:  27.567266877901282
epoch:  3200 loss:  0.0003482893225736916 PSNR:  27.50494153403683
epoch:  3400 loss:  0.00027630210388451815 PSNR:  27.79405617013301
epoch:  3600 loss:  0.0002450882166158408 PSNR:  27.924612278095445
epoch:  3800 loss:  0.0002738956827670336 PSNR:  27.743349715130527
epoch:  4000 loss:  0.0003380312700755894 PSNR:  27.473796548110197
epoch:  4200 loss:  0.00023452352616004646 PSNR:  28.003421650121297
epoch:  4400 loss:  0.00026128010358661413 PSNR:  27.787626800413857
epoch:  4600 loss:  0.00021088597713969648 PSNR:  28.049867765500988
epoch:  4800 loss:  0.00021109191584400833 PSNR:  28.072822306331418
epoch:  5000 loss:  0.00025496198213659227 PSNR:  27.83708700043629
epoch:  5200 loss:  0.00021448182815220207 PSNR:  27.97087970039497
epoch:  5400 loss:  0.00023586576571688056 PSNR:  27.955248103348524
epoch:  5600 loss:  0.00021275381732266396 PSNR:  28.082502709671438
epoch:  5800 loss:  0.00019330914074089378 PSNR:  28.154173307574773
epoch:  6000 loss:  0.00018594216089695692 PSNR:  28.07941093650028
epoch:  6200 loss:  0.00017984576697926968 PSNR:  28.14389144059171
epoch:  6400 loss:  0.00019037368474528193 PSNR:  28.069456047140065
epoch:  6600 loss:  0.00021481543080881238 PSNR:  28.02907431326224
epoch:  6800 loss:  0.00016811936802696437 PSNR:  28.22525671726206
epoch:  7000 loss:  0.00021290738368406892 PSNR:  28.002643378120496
epoch:  7200 loss:  0.000256625993642956 PSNR:  27.827427727366548
epoch:  7400 loss:  0.00021840500994585454 PSNR:  27.872525304019803
epoch:  7600 loss:  0.00025445566279813647 PSNR:  27.80672414976705
epoch:  7800 loss:  0.00025738507974892855 PSNR:  27.747991652549423
epoch:  8000 loss:  0.00019527712720446289 PSNR:  28.161986143582688
epoch:  8200 loss:  0.00014663598267361522 PSNR:  28.28307589374452
epoch:  8400 loss:  0.0001597644732100889 PSNR:  28.20078042210454
epoch:  8600 loss:  0.00015610703849233687 PSNR:  28.240018085449243
epoch:  8800 loss:  0.0001655811647651717 PSNR:  28.170444043234724
epoch:  9000 loss:  0.00017654597468208522 PSNR:  28.195434487645965
epoch:  9200 loss:  0.00023391445574816316 PSNR:  27.830074892355853
epoch:  9400 loss:  0.0001317220740020275 PSNR:  28.370017126686143
epoch:  9600 loss:  0.00014751520939171314 PSNR:  28.279866956965606
epoch:  9800 loss:  0.00018642835493665189 PSNR:  28.06652384417267
epoch:  10000 loss:  0.00015472332597710192 PSNR:  28.18501830223775
epoch:  10200 loss:  0.00012022349255857989 PSNR:  28.38267716263559
epoch:  10400 loss:  0.00012930463708471507 PSNR:  28.31250674546698
epoch:  10600 loss:  0.00013373082038015127 PSNR:  28.324911989757922
epoch:  10800 loss:  0.00020723584748338908 PSNR:  28.02345501307397
epoch:  11000 loss:  0.00013612530892714858 PSNR:  28.294919566562456
epoch:  11200 loss:  0.00014654762344434857 PSNR:  28.208163889397678
epoch:  11400 loss:  0.00013233727077022195 PSNR:  28.384681896734918
epoch:  11600 loss:  0.0001364562485832721 PSNR:  28.33137581127403
epoch:  11800 loss:  0.000125870545161888 PSNR:  28.381340258415698
epoch:  12000 loss:  0.00013866709196008742 PSNR:  28.30663643549756
epoch:  12200 loss:  0.00014999075210653245 PSNR:  28.286174760553237
epoch:  12400 loss:  0.0001049537313519977 PSNR:  28.47960963656003
epoch:  12600 loss:  0.00015791763144079596 PSNR:  28.194768167948926
epoch:  12800 loss:  0.00018433903460390866 PSNR:  28.159288967975616
epoch:  13000 loss:  0.00010908542753895745 PSNR:  28.437336032541864
epoch:  13200 loss:  0.00011562267172848806 PSNR:  28.434022744697685
epoch:  13400 loss:  0.00011028906737919897 PSNR:  28.47512284317795
epoch:  13600 loss:  0.00012901847367174923 PSNR:  28.351657027844514
epoch:  13800 loss:  0.00012457546836230904 PSNR:  28.369516938247195
epoch:  14000 loss:  0.00010251177445752546 PSNR:  28.492902068271487
epoch:  14200 loss:  0.00010144119005417451 PSNR:  28.48745244243766
epoch:  14400 loss:  0.00010771281085908413 PSNR:  28.438993801319494
epoch:  14600 loss:  0.00010621180990710855 PSNR:  28.489138738786433
epoch:  14800 loss:  0.00010957452468574047 PSNR:  28.44403874942546
epoch:  15000 loss:  0.00010553809988778085 PSNR:  28.431927456246854
epoch:  15200 loss:  0.00010805381316458806 PSNR:  28.41967310274804
epoch:  15400 loss:  0.00013150177255738527 PSNR:  28.291576323018717
epoch:  15600 loss:  9.365042205899954e-05 PSNR:  28.525259966523375
epoch:  15800 loss:  0.00013198962551541626 PSNR:  28.3090057345902
epoch:  16000 loss:  9.665702236816287e-05 PSNR:  28.508968925249278
epoch:  16200 loss:  0.00011813724267994985 PSNR:  28.384369608919776
epoch:  16400 loss:  0.0001496553886681795 PSNR:  28.199516383258203
epoch:  16600 loss:  0.00012698315549641848 PSNR:  28.387294004027037
epoch:  16800 loss:  0.0001070699654519558 PSNR:  28.428676034023994
epoch:  17000 loss:  0.00010833208216354251 PSNR:  28.447937535361383
epoch:  17200 loss:  9.510167001280934e-05 PSNR:  28.505382660972508
epoch:  17400 loss:  9.623428923077881e-05 PSNR:  28.49152258802171
epoch:  17600 loss:  8.982998406281695e-05 PSNR:  28.53510708822381
epoch:  17800 loss:  0.00010347193165216595 PSNR:  28.406471925144103
epoch:  18000 loss:  0.00011748735414585099 PSNR:  28.3840625710306
epoch:  18200 loss:  8.656449790578336e-05 PSNR:  28.51300867593292
epoch:  18400 loss:  0.00016229462926276028 PSNR:  28.17090788432835
epoch:  18600 loss:  0.00012555098510347307 PSNR:  28.226001660300263
epoch:  18800 loss:  0.00012653015437535942 PSNR:  28.33409970273675
epoch:  19000 loss:  0.000104622493381612 PSNR:  28.383832568218
epoch:  19200 loss:  0.0001018167968140915 PSNR:  28.44061972090154
epoch:  19400 loss:  9.679461072664708e-05 PSNR:  28.465630802799264
epoch:  19600 loss:  0.00010516789916437119 PSNR:  28.43682556155335
epoch:  19800 loss:  8.809436985757202e-05 PSNR:  28.48338717744564
epoch:  20000 loss:  0.00010564642434474081 PSNR:  28.43466333990561
epoch:  20200 loss:  0.00015220731438603252 PSNR:  28.166447374685358
epoch:  20400 loss:  9.403272997587919e-05 PSNR:  28.427070417434408
epoch:  20600 loss:  0.00010820248280651867 PSNR:  28.426316218426688
epoch:  20800 loss:  9.658626368036494e-05 PSNR:  28.445540369754884
epoch:  21000 loss:  9.193865116685629e-05 PSNR:  28.455444834320836
epoch:  21200 loss:  9.431537182535976e-05 PSNR:  28.48784254550541
epoch:  21400 loss:  0.00012283973046578467 PSNR:  28.333363198414652
epoch:  21600 loss:  8.503555727656931e-05 PSNR:  28.490868193790156
epoch:  21800 loss:  8.601095760241151e-05 PSNR:  28.496144017061802
epoch:  22000 loss:  8.937058737501502e-05 PSNR:  28.4605532761583
epoch:  22200 loss:  9.619354386813939e-05 PSNR:  28.41813122390501
epoch:  22400 loss:  8.652679389342666e-05 PSNR:  28.497229139359085
epoch:  22600 loss:  8.44053429318592e-05 PSNR:  28.46537726479381
epoch:  22800 loss:  0.00015934818657115102 PSNR:  28.027985445271902
epoch:  23000 loss:  8.428226283285767e-05 PSNR:  28.47061543889271
epoch:  23200 loss:  8.445438288617879e-05 PSNR:  28.48163147215134
epoch:  23400 loss:  0.00010684344306355342 PSNR:  28.321285895254036
epoch:  23600 loss:  0.00015332590555772185 PSNR:  28.121317879866584
epoch:  23800 loss:  8.902976696845144e-05 PSNR:  28.48311477380319
epoch:  24000 loss:  8.356459147762507e-05 PSNR:  28.481244064873444
epoch:  24200 loss:  7.934833411127329e-05 PSNR:  28.5157548224976
epoch:  24400 loss:  8.582729788031429e-05 PSNR:  28.471751452831683
epoch:  24600 loss:  8.299802721012384e-05 PSNR:  28.472703515580932
epoch:  24800 loss:  8.989589696284384e-05 PSNR:  28.470360543251424
epoch:  25000 loss:  9.268158464692533e-05 PSNR:  28.37891238105243
epoch:  25200 loss:  9.50861067394726e-05 PSNR:  28.366724583496573
epoch:  25400 loss:  7.845023355912417e-05 PSNR:  28.492868120867463
epoch:  25600 loss:  8.603754395153373e-05 PSNR:  28.45121509514427
epoch:  25800 loss:  7.64455326134339e-05 PSNR:  28.470179245833048
epoch:  26000 loss:  8.225064084399492e-05 PSNR:  28.45394368176364
epoch:  26200 loss:  9.404719457961619e-05 PSNR:  28.376759311048193
epoch:  26400 loss:  8.485506987199187e-05 PSNR:  28.455862897431928
epoch:  26600 loss:  0.00013143732212483883 PSNR:  28.13586386837308
epoch:  26800 loss:  0.00010102021042257547 PSNR:  28.368716756550253
epoch:  27000 loss:  7.853475108277053e-05 PSNR:  28.474848110510823
epoch:  27200 loss:  8.529335900675505e-05 PSNR:  28.458556117505008
epoch:  27400 loss:  0.00011656380956992507 PSNR:  28.305808050845222
epoch:  27600 loss:  7.936540350783616e-05 PSNR:  28.45185610759398
epoch:  27800 loss:  8.959139813669026e-05 PSNR:  28.411244247639054
epoch:  28000 loss:  7.422889757435769e-05 PSNR:  28.460499008822676
epoch:  28200 loss:  8.081637497525662e-05 PSNR:  28.42941021787192
epoch:  28400 loss:  7.675345841562375e-05 PSNR:  28.458166509135282
epoch:  28600 loss:  8.383983367821202e-05 PSNR:  28.399895447728284
epoch:  28800 loss:  8.866745338309556e-05 PSNR:  28.32128486476293
epoch:  29000 loss:  0.000118420590297319 PSNR:  28.22586153270504
epoch:  29200 loss:  9.002599108498544e-05 PSNR:  28.346845697287087
epoch:  29400 loss:  7.60336552048102e-05 PSNR:  28.445555568849095
epoch:  29600 loss:  7.890597771620378e-05 PSNR:  28.38331057672565
epoch:  29800 loss:  0.00014403084060177207 PSNR:  28.039232777818274
epoch:  30000 loss:  9.392427455168217e-05 PSNR:  28.305879586922615
epoch:  30200 loss:  8.469665772281587e-05 PSNR:  28.39758792096876
epoch:  30400 loss:  8.915900252759457e-05 PSNR:  28.33109590760852
epoch:  30600 loss:  8.156816329574212e-05 PSNR:  28.40027041860045
epoch:  30800 loss:  0.00011720880138454959 PSNR:  28.189811517091627
epoch:  31000 loss:  7.26366852177307e-05 PSNR:  28.445114463279758
epoch:  31200 loss:  7.379899761872366e-05 PSNR:  28.452887376948254
epoch:  31400 loss:  0.00010129502334166318 PSNR:  28.30484807539812
epoch:  31600 loss:  7.589679444208741e-05 PSNR:  28.429777884623523
epoch:  31800 loss:  0.00010318728163838387 PSNR:  28.26702162292672
epoch:  32000 loss:  7.153495971579105e-05 PSNR:  28.443236378202403
epoch:  32200 loss:  7.938180351629853e-05 PSNR:  28.383030441608824
epoch:  32400 loss:  0.00012461160076782107 PSNR:  28.21677030079304
epoch:  32600 loss:  8.968707697931677e-05 PSNR:  28.392438087174167
epoch:  32800 loss:  0.00010177908552577719 PSNR:  28.273321994581373
epoch:  33000 loss:  7.355118577834219e-05 PSNR:  28.41577361899067
epoch:  33200 loss:  7.169332820922136e-05 PSNR:  28.418385531223347
epoch:  33400 loss:  7.282485603354871e-05 PSNR:  28.407527510986515
epoch:  33600 loss:  7.733132224529982e-05 PSNR:  28.40934814975427
epoch:  33800 loss:  7.1361442678608e-05 PSNR:  28.41450404842499
epoch:  34000 loss:  7.571167952846736e-05 PSNR:  28.40531468411664
epoch:  34200 loss:  7.436935266014189e-05 PSNR:  28.409687128674747
epoch:  34400 loss:  8.281596819870174e-05 PSNR:  28.34434654571863
epoch:  34600 loss:  9.883779421215877e-05 PSNR:  28.237627823646818
epoch:  34800 loss:  7.772759272484109e-05 PSNR:  28.35089575184988
epoch:  35000 loss:  0.00013758828572463244 PSNR:  28.1053327701712
epoch:  35200 loss:  0.00011032703332602978 PSNR:  28.178561443110862
epoch:  35400 loss:  7.687533798161894e-05 PSNR:  28.40090465477905
epoch:  35600 loss:  6.976287841098383e-05 PSNR:  28.40640326664817
epoch:  35800 loss:  9.791445336304605e-05 PSNR:  28.209276125006667
epoch:  36000 loss:  9.533925185678527e-05 PSNR:  28.350125273053223
epoch:  36200 loss:  7.274925155797973e-05 PSNR:  28.395996550385355
epoch:  36400 loss:  8.976156823337078e-05 PSNR:  28.266841833769426
epoch:  36600 loss:  7.02885736245662e-05 PSNR:  28.393915332044656
epoch:  36800 loss:  7.031200220808387e-05 PSNR:  28.412700190756134
epoch:  37000 loss:  8.935430378187448e-05 PSNR:  28.339867562397878
epoch:  37200 loss:  8.604944741819054e-05 PSNR:  28.34933557040293
epoch:  37400 loss:  6.719125667586923e-05 PSNR:  28.42575355795409
epoch:  37600 loss:  6.790613406337798e-05 PSNR:  28.394749516357667
epoch:  37800 loss:  8.48092749947682e-05 PSNR:  28.334734340312057
epoch:  38000 loss:  6.891401426400989e-05 PSNR:  28.386163129924853
epoch:  38200 loss:  8.363371307495981e-05 PSNR:  28.29775562742632
epoch:  38400 loss:  7.813740376150236e-05 PSNR:  28.3733997733081
epoch:  38600 loss:  7.365795318037271e-05 PSNR:  28.37450194385507
epoch:  38800 loss:  7.04583726474084e-05 PSNR:  28.37602875565375
epoch:  39000 loss:  8.015838102437556e-05 PSNR:  28.343814431159615
epoch:  39200 loss:  0.0001021879943436943 PSNR:  28.20543889461497
epoch:  39400 loss:  9.48418746702373e-05 PSNR:  28.281727089037147
epoch:  39600 loss:  7.866890518926084e-05 PSNR:  28.358454587290126
epoch:  39800 loss:  7.543647370766848e-05 PSNR:  28.381872462795673
PSNR of output image is:  28.381872462795673
(3, 512, 512) (1, 3, 512, 512)
Experiment done
