Processing image: man
(3, 512, 512)
(3, 512, 512)
Starting optimization with optimizer 'SAM'
Output directory where image taken from: data/denoising/Set14/mask/8/SAM(sigma=0.1,lr=0.01,decay=0,beta=0)/det/-1.3/1e-09
Output directory where results stored: data/inpainting/Set14/transfer/0.5/3
1.1.1.weight         | nonzeros =     901 /   12800             (  7.04%) | total_pruned =   11899 | shape = torch.Size([16, 32, 5, 5])
1.1.1.bias           | nonzeros =       0 /      16             (  0.00%) | total_pruned =      16 | shape = torch.Size([16])
1.2.weight           | nonzeros =       6 /      16             ( 37.50%) | total_pruned =      10 | shape = torch.Size([16])
1.2.bias             | nonzeros =       0 /      16             (  0.00%) | total_pruned =      16 | shape = torch.Size([16])
1.4.1.weight         | nonzeros =     109 /    6400             (  1.70%) | total_pruned =    6291 | shape = torch.Size([16, 16, 5, 5])
1.4.1.bias           | nonzeros =       0 /      16             (  0.00%) | total_pruned =      16 | shape = torch.Size([16])
1.5.weight           | nonzeros =       6 /      16             ( 37.50%) | total_pruned =      10 | shape = torch.Size([16])
1.5.bias             | nonzeros =       0 /      16             (  0.00%) | total_pruned =      16 | shape = torch.Size([16])
1.7.1.1.1.weight     | nonzeros =      72 /   12800             (  0.56%) | total_pruned =   12728 | shape = torch.Size([32, 16, 5, 5])
1.7.1.1.1.bias       | nonzeros =       0 /      32             (  0.00%) | total_pruned =      32 | shape = torch.Size([32])
1.7.1.2.weight       | nonzeros =       9 /      32             ( 28.12%) | total_pruned =      23 | shape = torch.Size([32])
1.7.1.2.bias         | nonzeros =       0 /      32             (  0.00%) | total_pruned =      32 | shape = torch.Size([32])
1.7.1.4.1.weight     | nonzeros =     146 /   25600             (  0.57%) | total_pruned =   25454 | shape = torch.Size([32, 32, 5, 5])
1.7.1.4.1.bias       | nonzeros =       0 /      32             (  0.00%) | total_pruned =      32 | shape = torch.Size([32])
1.7.1.5.weight       | nonzeros =      12 /      32             ( 37.50%) | total_pruned =      20 | shape = torch.Size([32])
1.7.1.5.bias         | nonzeros =       0 /      32             (  0.00%) | total_pruned =      32 | shape = torch.Size([32])
1.7.1.7.1.1.1.weight | nonzeros =      94 /   51200             (  0.18%) | total_pruned =   51106 | shape = torch.Size([64, 32, 5, 5])
1.7.1.7.1.1.1.bias   | nonzeros =       0 /      64             (  0.00%) | total_pruned =      64 | shape = torch.Size([64])
1.7.1.7.1.2.weight   | nonzeros =      23 /      64             ( 35.94%) | total_pruned =      41 | shape = torch.Size([64])
1.7.1.7.1.2.bias     | nonzeros =       0 /      64             (  0.00%) | total_pruned =      64 | shape = torch.Size([64])
1.7.1.7.1.4.1.weight | nonzeros =     150 /  102400             (  0.15%) | total_pruned =  102250 | shape = torch.Size([64, 64, 5, 5])
1.7.1.7.1.4.1.bias   | nonzeros =       0 /      64             (  0.00%) | total_pruned =      64 | shape = torch.Size([64])
1.7.1.7.1.5.weight   | nonzeros =      30 /      64             ( 46.88%) | total_pruned =      34 | shape = torch.Size([64])
1.7.1.7.1.5.bias     | nonzeros =       0 /      64             (  0.00%) | total_pruned =      64 | shape = torch.Size([64])
1.7.1.7.1.7.1.1.1.weight | nonzeros =      25 /  204800             (  0.01%) | total_pruned =  204775 | shape = torch.Size([128, 64, 5, 5])
1.7.1.7.1.7.1.1.1.bias | nonzeros =       0 /     128             (  0.00%) | total_pruned =     128 | shape = torch.Size([128])
1.7.1.7.1.7.1.2.weight | nonzeros =      65 /     128             ( 50.78%) | total_pruned =      63 | shape = torch.Size([128])
1.7.1.7.1.7.1.2.bias | nonzeros =       0 /     128             (  0.00%) | total_pruned =     128 | shape = torch.Size([128])
1.7.1.7.1.7.1.4.1.weight | nonzeros =     113 /  409600             (  0.03%) | total_pruned =  409487 | shape = torch.Size([128, 128, 5, 5])
1.7.1.7.1.7.1.4.1.bias | nonzeros =       0 /     128             (  0.00%) | total_pruned =     128 | shape = torch.Size([128])
1.7.1.7.1.7.1.5.weight | nonzeros =      76 /     128             ( 59.38%) | total_pruned =      52 | shape = torch.Size([128])
1.7.1.7.1.7.1.5.bias | nonzeros =       0 /     128             (  0.00%) | total_pruned =     128 | shape = torch.Size([128])
1.7.1.7.1.7.1.7.1.1.1.weight | nonzeros =     112 /  409600             (  0.03%) | total_pruned =  409488 | shape = torch.Size([128, 128, 5, 5])
1.7.1.7.1.7.1.7.1.1.1.bias | nonzeros =       0 /     128             (  0.00%) | total_pruned =     128 | shape = torch.Size([128])
1.7.1.7.1.7.1.7.1.2.weight | nonzeros =      91 /     128             ( 71.09%) | total_pruned =      37 | shape = torch.Size([128])
1.7.1.7.1.7.1.7.1.2.bias | nonzeros =       0 /     128             (  0.00%) | total_pruned =     128 | shape = torch.Size([128])
1.7.1.7.1.7.1.7.1.4.1.weight | nonzeros =    2023 /  409600             (  0.49%) | total_pruned =  407577 | shape = torch.Size([128, 128, 5, 5])
1.7.1.7.1.7.1.7.1.4.1.bias | nonzeros =       0 /     128             (  0.00%) | total_pruned =     128 | shape = torch.Size([128])
1.7.1.7.1.7.1.7.1.5.weight | nonzeros =      99 /     128             ( 77.34%) | total_pruned =      29 | shape = torch.Size([128])
1.7.1.7.1.7.1.7.1.5.bias | nonzeros =       0 /     128             (  0.00%) | total_pruned =     128 | shape = torch.Size([128])
1.7.1.7.1.7.1.7.1.7.1.1.1.weight | nonzeros =    7833 /  409600             (  1.91%) | total_pruned =  401767 | shape = torch.Size([128, 128, 5, 5])
1.7.1.7.1.7.1.7.1.7.1.1.1.bias | nonzeros =       0 /     128             (  0.00%) | total_pruned =     128 | shape = torch.Size([128])
1.7.1.7.1.7.1.7.1.7.1.2.weight | nonzeros =     105 /     128             ( 82.03%) | total_pruned =      23 | shape = torch.Size([128])
1.7.1.7.1.7.1.7.1.7.1.2.bias | nonzeros =       0 /     128             (  0.00%) | total_pruned =     128 | shape = torch.Size([128])
1.7.1.7.1.7.1.7.1.7.1.4.1.weight | nonzeros =   32112 /  409600             (  7.84%) | total_pruned =  377488 | shape = torch.Size([128, 128, 5, 5])
1.7.1.7.1.7.1.7.1.7.1.4.1.bias | nonzeros =       0 /     128             (  0.00%) | total_pruned =     128 | shape = torch.Size([128])
1.7.1.7.1.7.1.7.1.7.1.5.weight | nonzeros =      87 /     128             ( 67.97%) | total_pruned =      41 | shape = torch.Size([128])
1.7.1.7.1.7.1.7.1.7.1.5.bias | nonzeros =       0 /     128             (  0.00%) | total_pruned =     128 | shape = torch.Size([128])
1.7.1.7.1.7.1.7.1.7.2.weight | nonzeros =      87 /     128             ( 67.97%) | total_pruned =      41 | shape = torch.Size([128])
1.7.1.7.1.7.1.7.1.7.2.bias | nonzeros =       0 /     128             (  0.00%) | total_pruned =     128 | shape = torch.Size([128])
1.7.1.7.1.7.1.7.1.7.3.1.weight | nonzeros =   30402 /  147456             ( 20.62%) | total_pruned =  117054 | shape = torch.Size([128, 128, 3, 3])
1.7.1.7.1.7.1.7.1.7.3.1.bias | nonzeros =       0 /     128             (  0.00%) | total_pruned =     128 | shape = torch.Size([128])
1.7.1.7.1.7.1.7.1.7.4.weight | nonzeros =      91 /     128             ( 71.09%) | total_pruned =      37 | shape = torch.Size([128])
1.7.1.7.1.7.1.7.1.7.4.bias | nonzeros =       0 /     128             (  0.00%) | total_pruned =     128 | shape = torch.Size([128])
1.7.1.7.1.7.1.7.2.weight | nonzeros =      91 /     128             ( 71.09%) | total_pruned =      37 | shape = torch.Size([128])
1.7.1.7.1.7.1.7.2.bias | nonzeros =       0 /     128             (  0.00%) | total_pruned =     128 | shape = torch.Size([128])
1.7.1.7.1.7.1.7.3.1.weight | nonzeros =   31997 /  147456             ( 21.70%) | total_pruned =  115459 | shape = torch.Size([128, 128, 3, 3])
1.7.1.7.1.7.1.7.3.1.bias | nonzeros =       0 /     128             (  0.00%) | total_pruned =     128 | shape = torch.Size([128])
1.7.1.7.1.7.1.7.4.weight | nonzeros =      89 /     128             ( 69.53%) | total_pruned =      39 | shape = torch.Size([128])
1.7.1.7.1.7.1.7.4.bias | nonzeros =       0 /     128             (  0.00%) | total_pruned =     128 | shape = torch.Size([128])
1.7.1.7.1.7.2.weight | nonzeros =      89 /     128             ( 69.53%) | total_pruned =      39 | shape = torch.Size([128])
1.7.1.7.1.7.2.bias   | nonzeros =       0 /     128             (  0.00%) | total_pruned =     128 | shape = torch.Size([128])
1.7.1.7.1.7.3.1.weight | nonzeros =   18716 /  147456             ( 12.69%) | total_pruned =  128740 | shape = torch.Size([128, 128, 3, 3])
1.7.1.7.1.7.3.1.bias | nonzeros =       0 /     128             (  0.00%) | total_pruned =     128 | shape = torch.Size([128])
1.7.1.7.1.7.4.weight | nonzeros =      52 /     128             ( 40.62%) | total_pruned =      76 | shape = torch.Size([128])
1.7.1.7.1.7.4.bias   | nonzeros =       0 /     128             (  0.00%) | total_pruned =     128 | shape = torch.Size([128])
1.7.1.7.2.weight     | nonzeros =      52 /     128             ( 40.62%) | total_pruned =      76 | shape = torch.Size([128])
1.7.1.7.2.bias       | nonzeros =       0 /     128             (  0.00%) | total_pruned =     128 | shape = torch.Size([128])
1.7.1.7.3.1.weight   | nonzeros =    6205 /   73728             (  8.42%) | total_pruned =   67523 | shape = torch.Size([64, 128, 3, 3])
1.7.1.7.3.1.bias     | nonzeros =       0 /      64             (  0.00%) | total_pruned =      64 | shape = torch.Size([64])
1.7.1.7.4.weight     | nonzeros =      28 /      64             ( 43.75%) | total_pruned =      36 | shape = torch.Size([64])
1.7.1.7.4.bias       | nonzeros =       0 /      64             (  0.00%) | total_pruned =      64 | shape = torch.Size([64])
1.7.2.weight         | nonzeros =      28 /      64             ( 43.75%) | total_pruned =      36 | shape = torch.Size([64])
1.7.2.bias           | nonzeros =       0 /      64             (  0.00%) | total_pruned =      64 | shape = torch.Size([64])
1.7.3.1.weight       | nonzeros =    1823 /   18432             (  9.89%) | total_pruned =   16609 | shape = torch.Size([32, 64, 3, 3])
1.7.3.1.bias         | nonzeros =       0 /      32             (  0.00%) | total_pruned =      32 | shape = torch.Size([32])
1.7.4.weight         | nonzeros =      15 /      32             ( 46.88%) | total_pruned =      17 | shape = torch.Size([32])
1.7.4.bias           | nonzeros =       0 /      32             (  0.00%) | total_pruned =      32 | shape = torch.Size([32])
2.weight             | nonzeros =      15 /      32             ( 46.88%) | total_pruned =      17 | shape = torch.Size([32])
2.bias               | nonzeros =       0 /      32             (  0.00%) | total_pruned =      32 | shape = torch.Size([32])
3.1.weight           | nonzeros =    1015 /    4608             ( 22.03%) | total_pruned =    3593 | shape = torch.Size([16, 32, 3, 3])
3.1.bias             | nonzeros =       0 /      16             (  0.00%) | total_pruned =      16 | shape = torch.Size([16])
4.weight             | nonzeros =      16 /      16             (100.00%) | total_pruned =       0 | shape = torch.Size([16])
4.bias               | nonzeros =       0 /      16             (  0.00%) | total_pruned =      16 | shape = torch.Size([16])
6.1.weight           | nonzeros =      30 /      48             ( 62.50%) | total_pruned =      18 | shape = torch.Size([3, 16, 1, 1])
6.1.bias             | nonzeros =       0 /       3             (  0.00%) | total_pruned =       3 | shape = torch.Size([3])
alive: 135140, pruned : 2873727, total: 3008867, Compression rate :      22.26x  ( 95.51% pruned)
Initial PSNR of output image is:  8.849082489474709
epoch:  0 loss:  0.06503728032112122 PSNR:  8.849082489474709
epoch:  200 loss:  0.004176586866378784 PSNR:  20.73785765471033
epoch:  400 loss:  0.002695024712011218 PSNR:  22.559363944128886
epoch:  600 loss:  0.0022654011845588684 PSNR:  23.188114524621263
epoch:  800 loss:  0.0017440563533455133 PSNR:  24.15343806323305
epoch:  1000 loss:  0.0014333076542243361 PSNR:  24.815301578822293
epoch:  1200 loss:  0.0012395873200148344 PSNR:  25.277982397104054
epoch:  1400 loss:  0.0011368624400347471 PSNR:  25.471879005512022
epoch:  1600 loss:  0.0009466558112762868 PSNR:  26.016312741261633
epoch:  1800 loss:  0.0008606865885667503 PSNR:  26.18628874168589
epoch:  2000 loss:  0.0007651231135241687 PSNR:  26.414750142893556
epoch:  2200 loss:  0.0006974317948333919 PSNR:  26.546352883841436
epoch:  2400 loss:  0.0006988371605984867 PSNR:  26.46697266211649
epoch:  2600 loss:  0.0005877830553799868 PSNR:  26.782730546210317
epoch:  2800 loss:  0.0005590193904936314 PSNR:  26.74628954211295
epoch:  3000 loss:  0.000547799514606595 PSNR:  26.725211931996675
epoch:  3200 loss:  0.0005881144315935671 PSNR:  26.454596161155358
epoch:  3400 loss:  0.0004932841402478516 PSNR:  26.804171730191023
epoch:  3600 loss:  0.0005313519504852593 PSNR:  26.623010002563806
epoch:  3800 loss:  0.00044966372661292553 PSNR:  26.808975689000807
epoch:  4000 loss:  0.00044007832184433937 PSNR:  26.79386632496565
epoch:  4200 loss:  0.00042621424654498696 PSNR:  26.82584441764071
epoch:  4400 loss:  0.00039620831375941634 PSNR:  26.84435059477677
epoch:  4600 loss:  0.0003870358632411808 PSNR:  26.826102463956964
epoch:  4800 loss:  0.00042522005969658494 PSNR:  26.709195204843425
epoch:  5000 loss:  0.0003539740573614836 PSNR:  26.90238860316011
epoch:  5200 loss:  0.0003514032287057489 PSNR:  26.849442022823858
epoch:  5400 loss:  0.0003581106138881296 PSNR:  26.739917802042005
epoch:  5600 loss:  0.0004076465265825391 PSNR:  26.630039795056657
epoch:  5800 loss:  0.00035429029958322644 PSNR:  26.758200154310863
epoch:  6000 loss:  0.0003372388891875744 PSNR:  26.750607803754246
epoch:  6200 loss:  0.00030474900268018246 PSNR:  26.820764515213504
epoch:  6400 loss:  0.0002981267462018877 PSNR:  26.84064695350326
epoch:  6600 loss:  0.0002884060959331691 PSNR:  26.830867877599882
epoch:  6800 loss:  0.0003070498933084309 PSNR:  26.779690800927348
epoch:  7000 loss:  0.00031835318077355623 PSNR:  26.692188174902398
epoch:  7200 loss:  0.0002848300791811198 PSNR:  26.75685341528069
epoch:  7400 loss:  0.00027823407435789704 PSNR:  26.76939759978318
epoch:  7600 loss:  0.0002837232896126807 PSNR:  26.70965734285664
epoch:  7800 loss:  0.0002729601983446628 PSNR:  26.749207449441457
epoch:  8000 loss:  0.00028529774863272905 PSNR:  26.708254491194925
epoch:  8200 loss:  0.0002787753473967314 PSNR:  26.676119927353735
epoch:  8400 loss:  0.0002888356684707105 PSNR:  26.638448439719244
epoch:  8600 loss:  0.000308208487695083 PSNR:  26.5125860642704
epoch:  8800 loss:  0.00026075466303154826 PSNR:  26.750125977334864
epoch:  9000 loss:  0.00027214697911404073 PSNR:  26.72317302612068
epoch:  9200 loss:  0.00024086835037451237 PSNR:  26.735157163599816
epoch:  9400 loss:  0.0003461384621914476 PSNR:  26.375533675474774
epoch:  9600 loss:  0.00024887447943910956 PSNR:  26.685113233914905
epoch:  9800 loss:  0.0002300003543496132 PSNR:  26.672371782970394
epoch:  10000 loss:  0.0002474309876561165 PSNR:  26.63141108640131
epoch:  10200 loss:  0.00027223967481404543 PSNR:  26.61862453252748
epoch:  10400 loss:  0.00022321194410324097 PSNR:  26.667508532877044
epoch:  10600 loss:  0.00028001144528388977 PSNR:  26.504591009035146
epoch:  10800 loss:  0.00022919231560081244 PSNR:  26.685793904526044
epoch:  11000 loss:  0.0003103068738710135 PSNR:  26.394974856862497
epoch:  11200 loss:  0.0002135863614967093 PSNR:  26.71674297697421
epoch:  11400 loss:  0.00022946516401134431 PSNR:  26.582552888040198
epoch:  11600 loss:  0.00026628770865499973 PSNR:  26.529182916194785
epoch:  11800 loss:  0.00020811217837035656 PSNR:  26.645981117734262
epoch:  12000 loss:  0.000220083340536803 PSNR:  26.630211997283677
epoch:  12200 loss:  0.00021418712276499718 PSNR:  26.605877365783073
epoch:  12400 loss:  0.00022602749231737107 PSNR:  26.57763922596923
epoch:  12600 loss:  0.00021046701294835657 PSNR:  26.601268735544256
epoch:  12800 loss:  0.00022583651298191398 PSNR:  26.558874999941054
epoch:  13000 loss:  0.00025102272047661245 PSNR:  26.430937031836553
epoch:  13200 loss:  0.00020134085207246244 PSNR:  26.579556181009465
epoch:  13400 loss:  0.00019358855206519365 PSNR:  26.62588853050076
epoch:  13600 loss:  0.000236117048189044 PSNR:  26.515133035176635
epoch:  13800 loss:  0.0002051086485153064 PSNR:  26.583821773424035
epoch:  14000 loss:  0.00020764877262990922 PSNR:  26.567513376103555
epoch:  14200 loss:  0.00022079789778217673 PSNR:  26.460969794780354
epoch:  14400 loss:  0.00023214115935843438 PSNR:  26.465482929787335
epoch:  14600 loss:  0.00019188439182471484 PSNR:  26.59450873622207
epoch:  14800 loss:  0.00026066263671964407 PSNR:  26.3621175560105
epoch:  15000 loss:  0.0001984753762371838 PSNR:  26.58628832058724
epoch:  15200 loss:  0.00018482582527212799 PSNR:  26.59494451804061
epoch:  15400 loss:  0.0002167814818676561 PSNR:  26.472824491415853
epoch:  15600 loss:  0.00019911304116249084 PSNR:  26.522933669274554
epoch:  15800 loss:  0.00020758090249728411 PSNR:  26.5489827782096
epoch:  16000 loss:  0.00018514564726501703 PSNR:  26.560207055294747
epoch:  16200 loss:  0.00018021956202574074 PSNR:  26.53861947795084
epoch:  16400 loss:  0.00020044620032422245 PSNR:  26.47482954446118
epoch:  16600 loss:  0.00018428817566018552 PSNR:  26.531506240262026
epoch:  16800 loss:  0.00018304551485925913 PSNR:  26.578437547806246
epoch:  17000 loss:  0.0001882695796666667 PSNR:  26.500691149074047
epoch:  17200 loss:  0.0002577428240329027 PSNR:  26.400012645061175
epoch:  17400 loss:  0.00018958588771056384 PSNR:  26.52860227932876
epoch:  17600 loss:  0.00021732249297201633 PSNR:  26.41402031546715
epoch:  17800 loss:  0.0001897919864859432 PSNR:  26.50023807225377
epoch:  18000 loss:  0.00018018597620539367 PSNR:  26.512072410561785
epoch:  18200 loss:  0.00017649259825702757 PSNR:  26.520069918965916
epoch:  18400 loss:  0.00017356162425130606 PSNR:  26.537095858587346
epoch:  18600 loss:  0.0001836873561842367 PSNR:  26.45819759756458
epoch:  18800 loss:  0.0001808762172004208 PSNR:  26.463853951985683
epoch:  19000 loss:  0.00019691148190759122 PSNR:  26.44361712620828
epoch:  19200 loss:  0.00018482247833162546 PSNR:  26.480175337342185
epoch:  19400 loss:  0.00020524056162685156 PSNR:  26.443994329423326
epoch:  19600 loss:  0.00018684779934119433 PSNR:  26.424462136869174
epoch:  19800 loss:  0.00016749714268371463 PSNR:  26.475309170373464
epoch:  20000 loss:  0.00019007865921594203 PSNR:  26.407261955711757
epoch:  20200 loss:  0.00021284881222527474 PSNR:  26.330728359351365
epoch:  20400 loss:  0.00018080530571751297 PSNR:  26.43918499108874
epoch:  20600 loss:  0.0001699788263067603 PSNR:  26.47563972992398
epoch:  20800 loss:  0.0001727907219901681 PSNR:  26.458074131638412
epoch:  21000 loss:  0.00016547813720535487 PSNR:  26.46353772514086
epoch:  21200 loss:  0.00018094724509865046 PSNR:  26.423441320893826
epoch:  21400 loss:  0.0002100790006807074 PSNR:  26.336819981449977
epoch:  21600 loss:  0.00017708283849060535 PSNR:  26.415427380102443
epoch:  21800 loss:  0.00016814556147437543 PSNR:  26.42624958646378
epoch:  22000 loss:  0.00016014713037293404 PSNR:  26.450477890928184
epoch:  22200 loss:  0.00017134605150204152 PSNR:  26.424741793548154
epoch:  22400 loss:  0.00017167849000543356 PSNR:  26.407004643282708
epoch:  22600 loss:  0.00016668692114762962 PSNR:  26.415316197880145
epoch:  22800 loss:  0.00015559140592813492 PSNR:  26.428020890533794
epoch:  23000 loss:  0.0001656005042605102 PSNR:  26.376579290594222
epoch:  23200 loss:  0.00016810765373520553 PSNR:  26.413495163601407
epoch:  23400 loss:  0.0001808250672183931 PSNR:  26.345859469851042
epoch:  23600 loss:  0.00017634998948778957 PSNR:  26.410794247356918
epoch:  23800 loss:  0.0001970002194866538 PSNR:  26.583729218813627
epoch:  24000 loss:  0.0001911105791805312 PSNR:  26.348079324210186
epoch:  24200 loss:  0.00015448761405423284 PSNR:  26.390022173204358
epoch:  24400 loss:  0.0001718503626761958 PSNR:  26.429343177078366
epoch:  24600 loss:  0.00018029610509984195 PSNR:  26.30869732039487
epoch:  24800 loss:  0.0001624014985281974 PSNR:  26.4216182079917
epoch:  25000 loss:  0.00015174101281445473 PSNR:  26.39385031360502
epoch:  25200 loss:  0.0019258011598140001 PSNR:  22.518571684902994
epoch:  25400 loss:  0.0001836327137425542 PSNR:  26.514015917766947
epoch:  25600 loss:  0.00016524041711818427 PSNR:  26.44348560323976
epoch:  25800 loss:  0.00015814820653758943 PSNR:  26.452414126297455
epoch:  26000 loss:  0.00015562429325655103 PSNR:  26.427409646813366
epoch:  26200 loss:  0.0001651471247896552 PSNR:  26.433103407394576
epoch:  26400 loss:  0.00019593424804043025 PSNR:  26.31944149399147
epoch:  26600 loss:  0.0001675000530667603 PSNR:  26.35447532237314
epoch:  26800 loss:  0.00015130062820389867 PSNR:  26.396095722419666
epoch:  27000 loss:  0.00015720765804871917 PSNR:  26.358800816119853
epoch:  27200 loss:  0.0001504095853306353 PSNR:  26.407846491797763
epoch:  27400 loss:  0.00015906436601653695 PSNR:  26.315219933421226
epoch:  27600 loss:  0.00017012257012538612 PSNR:  26.32649104463841
epoch:  27800 loss:  0.00015839544357731938 PSNR:  26.37790401007702
epoch:  28000 loss:  0.00018176899175159633 PSNR:  26.273904602846617
epoch:  28200 loss:  0.00014373412705026567 PSNR:  26.367526083549592
epoch:  28400 loss:  0.00015536454156972468 PSNR:  26.275753812362908
epoch:  28600 loss:  0.00015262594388332218 PSNR:  26.331300946142633
epoch:  28800 loss:  0.00016838985902722925 PSNR:  26.26646169693306
epoch:  29000 loss:  0.00015078617434483021 PSNR:  26.324466547998917
epoch:  29200 loss:  0.00016033207066357136 PSNR:  26.292777145491666
epoch:  29400 loss:  0.00016189792950171977 PSNR:  26.319563247366
epoch:  29600 loss:  0.0001504968386143446 PSNR:  26.337423827328273
epoch:  29800 loss:  0.000164887955179438 PSNR:  26.302062358663385
epoch:  30000 loss:  0.00013654580106958747 PSNR:  26.33764006633282
epoch:  30200 loss:  0.00015100298332981765 PSNR:  26.329675483277587
epoch:  30400 loss:  0.00015809549950063229 PSNR:  26.28120180463015
epoch:  30600 loss:  0.00014733418356627226 PSNR:  26.324706435836987
epoch:  30800 loss:  0.0001375609281240031 PSNR:  26.297463181745936
epoch:  31000 loss:  0.00015768647426739335 PSNR:  26.284580562437803
epoch:  31200 loss:  0.00015643791994079947 PSNR:  26.268444339970046
epoch:  31400 loss:  0.00013634651259053499 PSNR:  26.298250859715424
epoch:  31600 loss:  0.00014979139086790383 PSNR:  26.2451291176087
epoch:  31800 loss:  0.00020257737196516246 PSNR:  26.09182736904984
epoch:  32000 loss:  0.00017438916256651282 PSNR:  26.176722566963775
epoch:  32200 loss:  0.000140263611683622 PSNR:  26.32126208463873
epoch:  32400 loss:  0.00014956769882701337 PSNR:  26.25405084272768
epoch:  32600 loss:  0.00014054241182748228 PSNR:  26.284562510206314
epoch:  32800 loss:  0.00014707434456795454 PSNR:  26.297732623103236
epoch:  33000 loss:  0.00013686429883819073 PSNR:  26.2756620194789
epoch:  33200 loss:  0.0001603051641723141 PSNR:  26.209015228207704
epoch:  33400 loss:  0.00013835748541168869 PSNR:  26.24919139946507
epoch:  33600 loss:  0.00013569637667387724 PSNR:  26.266499363425094
epoch:  33800 loss:  0.0001570435124449432 PSNR:  26.21795018989035
epoch:  34000 loss:  0.00014689899398945272 PSNR:  26.250213853729164
epoch:  34200 loss:  0.0001433191355317831 PSNR:  26.24918543088084
epoch:  34400 loss:  0.00014440453378483653 PSNR:  26.289361456657254
epoch:  34600 loss:  0.00013825974019709975 PSNR:  26.25193184595434
epoch:  34800 loss:  0.0001430935226380825 PSNR:  26.20480887470044
epoch:  35000 loss:  0.0001703309826552868 PSNR:  26.18496658185826
epoch:  35200 loss:  0.00014139155973680317 PSNR:  26.18651019134285
epoch:  35400 loss:  0.00014123981236480176 PSNR:  26.227403668100205
epoch:  35600 loss:  0.00017225436749868095 PSNR:  26.158097792397328
epoch:  35800 loss:  0.0001717733102850616 PSNR:  26.112745090316928
epoch:  36000 loss:  0.00013109485735185444 PSNR:  26.249256201764727
epoch:  36200 loss:  0.00015231150609906763 PSNR:  26.186742998793015
epoch:  36400 loss:  0.00013709202175959945 PSNR:  26.23987632982145
epoch:  36600 loss:  0.0001343035837635398 PSNR:  26.24639644171704
epoch:  36800 loss:  0.00014302371710073203 PSNR:  26.167734279936177
epoch:  37000 loss:  0.00012801235425285995 PSNR:  26.25002153890528
epoch:  37200 loss:  0.00013539586507249624 PSNR:  26.218069554215102
epoch:  37400 loss:  0.00014107261085882783 PSNR:  26.24716851920727
epoch:  37600 loss:  0.00014127296162769198 PSNR:  26.246088415990837
epoch:  37800 loss:  0.00015885717584751546 PSNR:  26.13895689265324
epoch:  38000 loss:  0.00013634008064400405 PSNR:  26.212224556964898
epoch:  38200 loss:  0.00014160209684632719 PSNR:  26.167565247211705
epoch:  38400 loss:  0.00013445370132103562 PSNR:  26.234284457076956
epoch:  38600 loss:  0.00012999969476368278 PSNR:  26.33264451895393
epoch:  38800 loss:  0.00013146099809091538 PSNR:  26.21174522543923
epoch:  39000 loss:  0.00014784630911890417 PSNR:  26.131005864988005
epoch:  39200 loss:  0.00012887873162981123 PSNR:  26.197216263982313
epoch:  39400 loss:  0.00012509174121078104 PSNR:  26.215036516983638
epoch:  39600 loss:  0.0001318548311246559 PSNR:  26.20820175813218
epoch:  39800 loss:  0.00013347687490750104 PSNR:  26.215096581702603
PSNR of output image is:  26.215096581702603
(3, 512, 512) (1, 3, 512, 512)
Experiment done
Processing image: man
(3, 512, 512)
(3, 512, 512)
Starting optimization with optimizer 'SAM'
Output directory where image taken from: data/denoising/Set14/mask/8/SAM(sigma=0.1,lr=0.01,decay=0,beta=0)/det/-1.3/1e-09
Output directory where results stored: data/inpainting/Set14/transfer/0.5/3/8
1.1.1.weight         | nonzeros =     901 /   12800             (  7.04%) | total_pruned =   11899 | shape = torch.Size([16, 32, 5, 5])
1.1.1.bias           | nonzeros =       0 /      16             (  0.00%) | total_pruned =      16 | shape = torch.Size([16])
1.2.weight           | nonzeros =       6 /      16             ( 37.50%) | total_pruned =      10 | shape = torch.Size([16])
1.2.bias             | nonzeros =       0 /      16             (  0.00%) | total_pruned =      16 | shape = torch.Size([16])
1.4.1.weight         | nonzeros =     109 /    6400             (  1.70%) | total_pruned =    6291 | shape = torch.Size([16, 16, 5, 5])
1.4.1.bias           | nonzeros =       0 /      16             (  0.00%) | total_pruned =      16 | shape = torch.Size([16])
1.5.weight           | nonzeros =       6 /      16             ( 37.50%) | total_pruned =      10 | shape = torch.Size([16])
1.5.bias             | nonzeros =       0 /      16             (  0.00%) | total_pruned =      16 | shape = torch.Size([16])
1.7.1.1.1.weight     | nonzeros =      72 /   12800             (  0.56%) | total_pruned =   12728 | shape = torch.Size([32, 16, 5, 5])
1.7.1.1.1.bias       | nonzeros =       0 /      32             (  0.00%) | total_pruned =      32 | shape = torch.Size([32])
1.7.1.2.weight       | nonzeros =       9 /      32             ( 28.12%) | total_pruned =      23 | shape = torch.Size([32])
1.7.1.2.bias         | nonzeros =       0 /      32             (  0.00%) | total_pruned =      32 | shape = torch.Size([32])
1.7.1.4.1.weight     | nonzeros =     146 /   25600             (  0.57%) | total_pruned =   25454 | shape = torch.Size([32, 32, 5, 5])
1.7.1.4.1.bias       | nonzeros =       0 /      32             (  0.00%) | total_pruned =      32 | shape = torch.Size([32])
1.7.1.5.weight       | nonzeros =      12 /      32             ( 37.50%) | total_pruned =      20 | shape = torch.Size([32])
1.7.1.5.bias         | nonzeros =       0 /      32             (  0.00%) | total_pruned =      32 | shape = torch.Size([32])
1.7.1.7.1.1.1.weight | nonzeros =      94 /   51200             (  0.18%) | total_pruned =   51106 | shape = torch.Size([64, 32, 5, 5])
1.7.1.7.1.1.1.bias   | nonzeros =       0 /      64             (  0.00%) | total_pruned =      64 | shape = torch.Size([64])
1.7.1.7.1.2.weight   | nonzeros =      23 /      64             ( 35.94%) | total_pruned =      41 | shape = torch.Size([64])
1.7.1.7.1.2.bias     | nonzeros =       0 /      64             (  0.00%) | total_pruned =      64 | shape = torch.Size([64])
1.7.1.7.1.4.1.weight | nonzeros =     150 /  102400             (  0.15%) | total_pruned =  102250 | shape = torch.Size([64, 64, 5, 5])
1.7.1.7.1.4.1.bias   | nonzeros =       0 /      64             (  0.00%) | total_pruned =      64 | shape = torch.Size([64])
1.7.1.7.1.5.weight   | nonzeros =      30 /      64             ( 46.88%) | total_pruned =      34 | shape = torch.Size([64])
1.7.1.7.1.5.bias     | nonzeros =       0 /      64             (  0.00%) | total_pruned =      64 | shape = torch.Size([64])
1.7.1.7.1.7.1.1.1.weight | nonzeros =      25 /  204800             (  0.01%) | total_pruned =  204775 | shape = torch.Size([128, 64, 5, 5])
1.7.1.7.1.7.1.1.1.bias | nonzeros =       0 /     128             (  0.00%) | total_pruned =     128 | shape = torch.Size([128])
1.7.1.7.1.7.1.2.weight | nonzeros =      65 /     128             ( 50.78%) | total_pruned =      63 | shape = torch.Size([128])
1.7.1.7.1.7.1.2.bias | nonzeros =       0 /     128             (  0.00%) | total_pruned =     128 | shape = torch.Size([128])
1.7.1.7.1.7.1.4.1.weight | nonzeros =     113 /  409600             (  0.03%) | total_pruned =  409487 | shape = torch.Size([128, 128, 5, 5])
1.7.1.7.1.7.1.4.1.bias | nonzeros =       0 /     128             (  0.00%) | total_pruned =     128 | shape = torch.Size([128])
1.7.1.7.1.7.1.5.weight | nonzeros =      76 /     128             ( 59.38%) | total_pruned =      52 | shape = torch.Size([128])
1.7.1.7.1.7.1.5.bias | nonzeros =       0 /     128             (  0.00%) | total_pruned =     128 | shape = torch.Size([128])
1.7.1.7.1.7.1.7.1.1.1.weight | nonzeros =     112 /  409600             (  0.03%) | total_pruned =  409488 | shape = torch.Size([128, 128, 5, 5])
1.7.1.7.1.7.1.7.1.1.1.bias | nonzeros =       0 /     128             (  0.00%) | total_pruned =     128 | shape = torch.Size([128])
1.7.1.7.1.7.1.7.1.2.weight | nonzeros =      91 /     128             ( 71.09%) | total_pruned =      37 | shape = torch.Size([128])
1.7.1.7.1.7.1.7.1.2.bias | nonzeros =       0 /     128             (  0.00%) | total_pruned =     128 | shape = torch.Size([128])
1.7.1.7.1.7.1.7.1.4.1.weight | nonzeros =    2023 /  409600             (  0.49%) | total_pruned =  407577 | shape = torch.Size([128, 128, 5, 5])
1.7.1.7.1.7.1.7.1.4.1.bias | nonzeros =       0 /     128             (  0.00%) | total_pruned =     128 | shape = torch.Size([128])
1.7.1.7.1.7.1.7.1.5.weight | nonzeros =      99 /     128             ( 77.34%) | total_pruned =      29 | shape = torch.Size([128])
1.7.1.7.1.7.1.7.1.5.bias | nonzeros =       0 /     128             (  0.00%) | total_pruned =     128 | shape = torch.Size([128])
1.7.1.7.1.7.1.7.1.7.1.1.1.weight | nonzeros =    7833 /  409600             (  1.91%) | total_pruned =  401767 | shape = torch.Size([128, 128, 5, 5])
1.7.1.7.1.7.1.7.1.7.1.1.1.bias | nonzeros =       0 /     128             (  0.00%) | total_pruned =     128 | shape = torch.Size([128])
1.7.1.7.1.7.1.7.1.7.1.2.weight | nonzeros =     105 /     128             ( 82.03%) | total_pruned =      23 | shape = torch.Size([128])
1.7.1.7.1.7.1.7.1.7.1.2.bias | nonzeros =       0 /     128             (  0.00%) | total_pruned =     128 | shape = torch.Size([128])
1.7.1.7.1.7.1.7.1.7.1.4.1.weight | nonzeros =   32112 /  409600             (  7.84%) | total_pruned =  377488 | shape = torch.Size([128, 128, 5, 5])
1.7.1.7.1.7.1.7.1.7.1.4.1.bias | nonzeros =       0 /     128             (  0.00%) | total_pruned =     128 | shape = torch.Size([128])
1.7.1.7.1.7.1.7.1.7.1.5.weight | nonzeros =      87 /     128             ( 67.97%) | total_pruned =      41 | shape = torch.Size([128])
1.7.1.7.1.7.1.7.1.7.1.5.bias | nonzeros =       0 /     128             (  0.00%) | total_pruned =     128 | shape = torch.Size([128])
1.7.1.7.1.7.1.7.1.7.2.weight | nonzeros =      87 /     128             ( 67.97%) | total_pruned =      41 | shape = torch.Size([128])
1.7.1.7.1.7.1.7.1.7.2.bias | nonzeros =       0 /     128             (  0.00%) | total_pruned =     128 | shape = torch.Size([128])
1.7.1.7.1.7.1.7.1.7.3.1.weight | nonzeros =   30402 /  147456             ( 20.62%) | total_pruned =  117054 | shape = torch.Size([128, 128, 3, 3])
1.7.1.7.1.7.1.7.1.7.3.1.bias | nonzeros =       0 /     128             (  0.00%) | total_pruned =     128 | shape = torch.Size([128])
1.7.1.7.1.7.1.7.1.7.4.weight | nonzeros =      91 /     128             ( 71.09%) | total_pruned =      37 | shape = torch.Size([128])
1.7.1.7.1.7.1.7.1.7.4.bias | nonzeros =       0 /     128             (  0.00%) | total_pruned =     128 | shape = torch.Size([128])
1.7.1.7.1.7.1.7.2.weight | nonzeros =      91 /     128             ( 71.09%) | total_pruned =      37 | shape = torch.Size([128])
1.7.1.7.1.7.1.7.2.bias | nonzeros =       0 /     128             (  0.00%) | total_pruned =     128 | shape = torch.Size([128])
1.7.1.7.1.7.1.7.3.1.weight | nonzeros =   31997 /  147456             ( 21.70%) | total_pruned =  115459 | shape = torch.Size([128, 128, 3, 3])
1.7.1.7.1.7.1.7.3.1.bias | nonzeros =       0 /     128             (  0.00%) | total_pruned =     128 | shape = torch.Size([128])
1.7.1.7.1.7.1.7.4.weight | nonzeros =      89 /     128             ( 69.53%) | total_pruned =      39 | shape = torch.Size([128])
1.7.1.7.1.7.1.7.4.bias | nonzeros =       0 /     128             (  0.00%) | total_pruned =     128 | shape = torch.Size([128])
1.7.1.7.1.7.2.weight | nonzeros =      89 /     128             ( 69.53%) | total_pruned =      39 | shape = torch.Size([128])
1.7.1.7.1.7.2.bias   | nonzeros =       0 /     128             (  0.00%) | total_pruned =     128 | shape = torch.Size([128])
1.7.1.7.1.7.3.1.weight | nonzeros =   18716 /  147456             ( 12.69%) | total_pruned =  128740 | shape = torch.Size([128, 128, 3, 3])
1.7.1.7.1.7.3.1.bias | nonzeros =       0 /     128             (  0.00%) | total_pruned =     128 | shape = torch.Size([128])
1.7.1.7.1.7.4.weight | nonzeros =      52 /     128             ( 40.62%) | total_pruned =      76 | shape = torch.Size([128])
1.7.1.7.1.7.4.bias   | nonzeros =       0 /     128             (  0.00%) | total_pruned =     128 | shape = torch.Size([128])
1.7.1.7.2.weight     | nonzeros =      52 /     128             ( 40.62%) | total_pruned =      76 | shape = torch.Size([128])
1.7.1.7.2.bias       | nonzeros =       0 /     128             (  0.00%) | total_pruned =     128 | shape = torch.Size([128])
1.7.1.7.3.1.weight   | nonzeros =    6205 /   73728             (  8.42%) | total_pruned =   67523 | shape = torch.Size([64, 128, 3, 3])
1.7.1.7.3.1.bias     | nonzeros =       0 /      64             (  0.00%) | total_pruned =      64 | shape = torch.Size([64])
1.7.1.7.4.weight     | nonzeros =      28 /      64             ( 43.75%) | total_pruned =      36 | shape = torch.Size([64])
1.7.1.7.4.bias       | nonzeros =       0 /      64             (  0.00%) | total_pruned =      64 | shape = torch.Size([64])
1.7.2.weight         | nonzeros =      28 /      64             ( 43.75%) | total_pruned =      36 | shape = torch.Size([64])
1.7.2.bias           | nonzeros =       0 /      64             (  0.00%) | total_pruned =      64 | shape = torch.Size([64])
1.7.3.1.weight       | nonzeros =    1823 /   18432             (  9.89%) | total_pruned =   16609 | shape = torch.Size([32, 64, 3, 3])
1.7.3.1.bias         | nonzeros =       0 /      32             (  0.00%) | total_pruned =      32 | shape = torch.Size([32])
1.7.4.weight         | nonzeros =      15 /      32             ( 46.88%) | total_pruned =      17 | shape = torch.Size([32])
1.7.4.bias           | nonzeros =       0 /      32             (  0.00%) | total_pruned =      32 | shape = torch.Size([32])
2.weight             | nonzeros =      15 /      32             ( 46.88%) | total_pruned =      17 | shape = torch.Size([32])
2.bias               | nonzeros =       0 /      32             (  0.00%) | total_pruned =      32 | shape = torch.Size([32])
3.1.weight           | nonzeros =    1015 /    4608             ( 22.03%) | total_pruned =    3593 | shape = torch.Size([16, 32, 3, 3])
3.1.bias             | nonzeros =       0 /      16             (  0.00%) | total_pruned =      16 | shape = torch.Size([16])
4.weight             | nonzeros =      16 /      16             (100.00%) | total_pruned =       0 | shape = torch.Size([16])
4.bias               | nonzeros =       0 /      16             (  0.00%) | total_pruned =      16 | shape = torch.Size([16])
6.1.weight           | nonzeros =      30 /      48             ( 62.50%) | total_pruned =      18 | shape = torch.Size([3, 16, 1, 1])
6.1.bias             | nonzeros =       0 /       3             (  0.00%) | total_pruned =       3 | shape = torch.Size([3])
alive: 135140, pruned : 2873727, total: 3008867, Compression rate :      22.26x  ( 95.51% pruned)
Initial PSNR of output image is:  8.849082489474709
epoch:  0 loss:  0.0650174468755722 PSNR:  8.849082489474709
epoch:  200 loss:  0.0034748725593090057 PSNR:  21.468297374565935
epoch:  400 loss:  0.0023355938028544188 PSNR:  23.054918866517347
epoch:  600 loss:  0.0018576676957309246 PSNR:  23.92404672655615
epoch:  800 loss:  0.0016052329447120428 PSNR:  24.427908998895106
epoch:  1000 loss:  0.0012879404239356518 PSNR:  25.163611817569226
epoch:  1200 loss:  0.0011567374458536506 PSNR:  25.465702361453936
epoch:  1400 loss:  0.0010988580761477351 PSNR:  25.53559677402328
epoch:  1600 loss:  0.0009541960316710174 PSNR:  25.914934707259274
epoch:  1800 loss:  0.0007883522193878889 PSNR:  26.356948253688483
epoch:  2000 loss:  0.0007321258308365941 PSNR:  26.434825005725276
epoch:  2200 loss:  0.0006749100866727531 PSNR:  26.564552239049853
epoch:  2400 loss:  0.0006648030830547214 PSNR:  26.53071331397776
epoch:  2600 loss:  0.0006236493936739862 PSNR:  26.57912010057542
epoch:  2800 loss:  0.0005682199262082577 PSNR:  26.679700422087738
epoch:  3000 loss:  0.0004928142298012972 PSNR:  26.90223152539314
epoch:  3200 loss:  0.0005369099089875817 PSNR:  26.68684198759738
epoch:  3400 loss:  0.0005034945788793266 PSNR:  26.737592409009878
epoch:  3600 loss:  0.0004324844921939075 PSNR:  26.923219203363104
epoch:  3800 loss:  0.00041411351412534714 PSNR:  26.894437795448486
epoch:  4000 loss:  0.00044891933794133365 PSNR:  26.76375831156948
epoch:  4200 loss:  0.0005124050076119602 PSNR:  26.493151744972025
epoch:  4400 loss:  0.00044306961353868246 PSNR:  26.68430919957446
epoch:  4600 loss:  0.0003632495063357055 PSNR:  26.882275415369325
epoch:  4800 loss:  0.00034272237098775804 PSNR:  26.960787323939144
epoch:  5000 loss:  0.00035460208891890943 PSNR:  26.87971481220564
epoch:  5200 loss:  0.00036419782554730773 PSNR:  26.776403351730025
epoch:  5400 loss:  0.0003501042374409735 PSNR:  26.792006042919553
epoch:  5600 loss:  0.00032957823714241385 PSNR:  26.82931715586237
epoch:  5800 loss:  0.0003205123939551413 PSNR:  26.850259105198685
epoch:  6000 loss:  0.00029807520331814885 PSNR:  26.897913369127483
epoch:  6200 loss:  0.0003132352721877396 PSNR:  26.815982966106247
epoch:  6400 loss:  0.0002998406707774848 PSNR:  26.83423536651948
epoch:  6600 loss:  0.00028624103288166225 PSNR:  26.833484696497784
epoch:  6800 loss:  0.00030169321689754725 PSNR:  26.817146519831113
epoch:  7000 loss:  0.00028297887183725834 PSNR:  26.81218112114334
epoch:  7200 loss:  0.0002663233899511397 PSNR:  26.820937640121556
epoch:  7400 loss:  0.00027344838599674404 PSNR:  26.747967266649177
epoch:  7600 loss:  0.0002703254285734147 PSNR:  26.786830438991473
epoch:  7800 loss:  0.000254912709351629 PSNR:  26.811728326202278
epoch:  8000 loss:  0.0002532697399146855 PSNR:  26.794744558307197
epoch:  8200 loss:  0.00026225578039884567 PSNR:  26.694885232825435
epoch:  8400 loss:  0.0002428203442832455 PSNR:  26.785692343956136
epoch:  8600 loss:  0.0002635435084812343 PSNR:  26.71529132120636
epoch:  8800 loss:  0.0002435011265333742 PSNR:  26.7443300691128
epoch:  9000 loss:  0.00023551046615466475 PSNR:  26.74268718289666
epoch:  9200 loss:  0.000258596264757216 PSNR:  26.59304244841891
epoch:  9400 loss:  0.0002411676978226751 PSNR:  26.69684756722683
epoch:  9600 loss:  0.00023513392079621553 PSNR:  26.73201234769435
epoch:  9800 loss:  0.0002625104389153421 PSNR:  26.601159164906093
epoch:  10000 loss:  0.0002511354105081409 PSNR:  26.65375102592385
epoch:  10200 loss:  0.0002603071625344455 PSNR:  26.569924775080914
epoch:  10400 loss:  0.00027150491951033473 PSNR:  26.475411569283523
epoch:  10600 loss:  0.00023760597105138004 PSNR:  26.603404759321077
epoch:  10800 loss:  0.00022701438865624368 PSNR:  26.592346631082453
epoch:  11000 loss:  0.000246469397097826 PSNR:  26.566810628432343
epoch:  11200 loss:  0.00023126017185859382 PSNR:  26.571363992582548
epoch:  11400 loss:  0.00021856585226487368 PSNR:  26.638914302564906
epoch:  11600 loss:  0.00022649024322163314 PSNR:  26.55271778128339
epoch:  11800 loss:  0.00021590378310065717 PSNR:  26.595914566557003
epoch:  12000 loss:  0.00021977440337650478 PSNR:  26.602402977173043
epoch:  12200 loss:  0.00021644493972416967 PSNR:  26.59945724525858
epoch:  12400 loss:  0.00022618917864747345 PSNR:  26.5706165499298
epoch:  12600 loss:  0.00020588671031873673 PSNR:  26.57593500562712
epoch:  12800 loss:  0.0002581243752501905 PSNR:  26.407826593284994
epoch:  13000 loss:  0.00021182428463362157 PSNR:  26.568011606849232
epoch:  13200 loss:  0.0002110055647790432 PSNR:  26.55810223794845
epoch:  13400 loss:  0.00020510463218670338 PSNR:  26.579033625691917
epoch:  13600 loss:  0.0002060924598481506 PSNR:  26.523750154495392
epoch:  13800 loss:  0.0002025454305112362 PSNR:  26.560400326551232
epoch:  14000 loss:  0.00019581138622015715 PSNR:  26.57627699135764
epoch:  14200 loss:  0.00019486038945615292 PSNR:  26.58909788317381
epoch:  14400 loss:  0.0002102881553582847 PSNR:  26.477083528081906
epoch:  14600 loss:  0.00022324528254102916 PSNR:  26.482309290557993
epoch:  14800 loss:  0.00025051290867850184 PSNR:  26.34250720359564
epoch:  15000 loss:  0.00019733594672288746 PSNR:  26.450378757469892
epoch:  15200 loss:  0.0002103741717291996 PSNR:  26.473444854519435
epoch:  15400 loss:  0.00022584378893952817 PSNR:  26.388718406503067
epoch:  15600 loss:  0.00020290682732593268 PSNR:  26.454856308895817
epoch:  15800 loss:  0.0001971415913430974 PSNR:  26.432285109001683
epoch:  16000 loss:  0.0002095384115818888 PSNR:  26.414043342128643
epoch:  16200 loss:  0.00018975189595948905 PSNR:  26.467214276376193
epoch:  16400 loss:  0.00020890796440653503 PSNR:  26.470968420256803
epoch:  16600 loss:  0.00018611171981319785 PSNR:  26.46480680294781
epoch:  16800 loss:  0.00018683975213207304 PSNR:  26.468362464007757
epoch:  17000 loss:  0.00018655169697012752 PSNR:  26.446967623382722
epoch:  17200 loss:  0.00017874837794806808 PSNR:  26.482224721985475
epoch:  17400 loss:  0.0001813416020013392 PSNR:  26.450971805752946
epoch:  17600 loss:  0.0001852717250585556 PSNR:  26.44544013262341
epoch:  17800 loss:  0.0001805683714337647 PSNR:  26.42797824283132
epoch:  18000 loss:  0.0001966712879948318 PSNR:  26.450899456670484
epoch:  18200 loss:  0.00019995402544736862 PSNR:  26.430004471353893
epoch:  18400 loss:  0.00017320504412055016 PSNR:  26.429041006224473
epoch:  18600 loss:  0.00026010911096818745 PSNR:  26.70481894503567
epoch:  18800 loss:  0.0002272212295792997 PSNR:  26.578526770307874
epoch:  19000 loss:  0.00019831715326290578 PSNR:  26.55381426005954
epoch:  19200 loss:  0.00019465861259959638 PSNR:  26.48563846194996
epoch:  19400 loss:  0.00018367763550486416 PSNR:  26.515065501460924
epoch:  19600 loss:  0.0001877608592621982 PSNR:  26.489990752418482
epoch:  19800 loss:  0.00017384416423738003 PSNR:  26.485322445560083
epoch:  20000 loss:  0.0001795594289433211 PSNR:  26.435299788669187
epoch:  20200 loss:  0.00017892042524181306 PSNR:  26.399590693586443
epoch:  20400 loss:  0.0001996666396735236 PSNR:  26.35659514127888
epoch:  20600 loss:  0.0001724520552670583 PSNR:  26.456333903928435
epoch:  20800 loss:  0.00019792173407040536 PSNR:  26.38416863777687
epoch:  21000 loss:  0.00021798419766128063 PSNR:  26.25339617314969
epoch:  21200 loss:  0.0001690544158918783 PSNR:  26.45943066002073
epoch:  21400 loss:  0.00016588035214226693 PSNR:  26.435694516533633
epoch:  21600 loss:  0.00017349616973660886 PSNR:  26.422040974241625
epoch:  21800 loss:  0.0001708782947389409 PSNR:  26.36735654067347
epoch:  22000 loss:  0.0001636163069633767 PSNR:  26.398049771407777
epoch:  22200 loss:  0.00016650719044264406 PSNR:  26.43171016871856
epoch:  22400 loss:  0.0001771108218235895 PSNR:  26.355728651681467
epoch:  22600 loss:  0.00016291660722345114 PSNR:  26.3941328547091
epoch:  22800 loss:  0.00019745429744943976 PSNR:  26.30410277271137
epoch:  23000 loss:  0.00015550889656879008 PSNR:  26.36407519669526
epoch:  23200 loss:  0.00016605595010332763 PSNR:  26.341591695675227
epoch:  23400 loss:  0.00015153126150835305 PSNR:  26.38014030850353
epoch:  23600 loss:  0.00019660858379211277 PSNR:  26.320931366008566
epoch:  23800 loss:  0.0001771219540387392 PSNR:  26.296562291242243
epoch:  24000 loss:  0.00017369151464663446 PSNR:  26.272680663702843
epoch:  24200 loss:  0.00016056506137829274 PSNR:  26.319547215587743
epoch:  24400 loss:  0.00018618784088175744 PSNR:  26.277320166576132
epoch:  24600 loss:  0.0001751636154949665 PSNR:  26.277680623834808
epoch:  24800 loss:  0.00016104214591905475 PSNR:  26.27516362656359
epoch:  25000 loss:  0.00015739642549306154 PSNR:  26.302295401682404
epoch:  25200 loss:  0.00015548610826954246 PSNR:  26.342660533018275
epoch:  25400 loss:  0.00015325445565395057 PSNR:  26.35524108150712
epoch:  25600 loss:  0.00014732082490809262 PSNR:  26.341554678719923
epoch:  25800 loss:  0.00014597081462852657 PSNR:  26.3251120629586
epoch:  26000 loss:  0.00015498294669669122 PSNR:  26.320675217247267
epoch:  26200 loss:  0.00016338922432623804 PSNR:  26.287519348396927
epoch:  26400 loss:  0.00014728782116435468 PSNR:  26.273553462078397
epoch:  26600 loss:  0.00014099110558163375 PSNR:  26.312977437187037
epoch:  26800 loss:  0.0001493406598456204 PSNR:  26.30701246290962
epoch:  27000 loss:  0.00016517371113877743 PSNR:  26.29489376670053
epoch:  27200 loss:  0.0001456335885450244 PSNR:  26.297703738189774
epoch:  27400 loss:  0.00018269072461407632 PSNR:  26.204620247886474
epoch:  27600 loss:  0.00016335840336978436 PSNR:  26.295187608038848
epoch:  27800 loss:  0.00013643785496242344 PSNR:  26.33520419309301
epoch:  28000 loss:  0.0001477713230997324 PSNR:  26.236673715878275
epoch:  28200 loss:  0.00018553479458205402 PSNR:  26.187702095376544
epoch:  28400 loss:  0.0001443869259674102 PSNR:  26.277891762694686
epoch:  28600 loss:  0.00015263500972650945 PSNR:  26.227224661799568
epoch:  28800 loss:  0.00016674428479745984 PSNR:  26.253134162262374
epoch:  29000 loss:  0.00015256057668011636 PSNR:  26.22429755596012
epoch:  29200 loss:  0.00014609316713176668 PSNR:  26.308555558033852
epoch:  29400 loss:  0.0001754114346113056 PSNR:  26.244650825513535
epoch:  29600 loss:  0.00015051104128360748 PSNR:  26.252080730803694
epoch:  29800 loss:  0.00014239019947126508 PSNR:  26.30911182896532
epoch:  30000 loss:  0.00013517437037080526 PSNR:  26.283583933661816
epoch:  30200 loss:  0.00014338990149553865 PSNR:  26.25750763165195
epoch:  30400 loss:  0.00014127115719020367 PSNR:  26.286013805215415
epoch:  30600 loss:  0.0001447588874725625 PSNR:  26.27502166796331
epoch:  30800 loss:  0.00018594140419736505 PSNR:  26.123796217493087
epoch:  31000 loss:  0.00015483057359233499 PSNR:  26.235623844054807
epoch:  31200 loss:  0.0001393421262037009 PSNR:  26.241532783542453
epoch:  31400 loss:  0.000137459093821235 PSNR:  26.25623791552683
epoch:  31600 loss:  0.00013154860062059015 PSNR:  26.245670507299423
epoch:  31800 loss:  0.0001465635432396084 PSNR:  26.270107872428945
epoch:  32000 loss:  0.00014335014566313475 PSNR:  26.21811484579264
epoch:  32200 loss:  0.00013615572242997587 PSNR:  26.23188419764717
epoch:  32400 loss:  0.00015717980568297207 PSNR:  26.222439615250273
epoch:  32600 loss:  0.0001400803739670664 PSNR:  26.241814524382264
epoch:  32800 loss:  0.000129657331854105 PSNR:  26.253732457842247
epoch:  33000 loss:  0.00014907484001014382 PSNR:  26.22629963070967
epoch:  33200 loss:  0.00013676841626875103 PSNR:  26.245009433167212
epoch:  33400 loss:  0.00013545859837904572 PSNR:  26.230041685030265
epoch:  33600 loss:  0.00013766686606686562 PSNR:  26.227477478533643
epoch:  33800 loss:  0.00014778843615204096 PSNR:  26.201557369461455
epoch:  34000 loss:  0.00012781044642906636 PSNR:  26.264464556704482
epoch:  34200 loss:  0.00013458274770528078 PSNR:  26.23564169400536
epoch:  34400 loss:  0.00019790700753219426 PSNR:  26.05568294089156
epoch:  34600 loss:  0.00014069653116166592 PSNR:  26.19553493561694
epoch:  34800 loss:  0.00012877373956143856 PSNR:  26.20462277973577
epoch:  35000 loss:  0.00013397110160440207 PSNR:  26.196020904039727
epoch:  35200 loss:  0.00014512945199385285 PSNR:  26.21291870926282
epoch:  35400 loss:  0.0001608776510693133 PSNR:  26.128808373956293
epoch:  35600 loss:  0.00013231956108938903 PSNR:  26.230875388840875
epoch:  35800 loss:  0.00013572983152698725 PSNR:  26.212715778722465
epoch:  36000 loss:  0.00014213536633178592 PSNR:  26.183698997233048
epoch:  36200 loss:  0.00013525920803658664 PSNR:  26.177172889315873
epoch:  36400 loss:  0.00013118310016579926 PSNR:  26.199274165667205
epoch:  36600 loss:  0.00013506252435036004 PSNR:  26.204554842291188
epoch:  36800 loss:  0.00013960240175947547 PSNR:  26.164609911425465
epoch:  37000 loss:  0.00012893711391370744 PSNR:  26.198960613992668
epoch:  37200 loss:  0.00012944909394718707 PSNR:  26.196025957723222
epoch:  37400 loss:  0.0001488456327933818 PSNR:  26.087227730676478
epoch:  37600 loss:  0.00013368568033911288 PSNR:  26.162697501823317
epoch:  37800 loss:  0.00012919922301080078 PSNR:  26.2035894858789
epoch:  38000 loss:  0.00012579347821883857 PSNR:  26.20121582430685
epoch:  38200 loss:  0.00013741850852966309 PSNR:  26.176959881862164
epoch:  38400 loss:  0.00016531109577044845 PSNR:  26.04780626406338
epoch:  38600 loss:  0.00013448050594888628 PSNR:  26.13809784419483
epoch:  38800 loss:  0.0001282943703699857 PSNR:  26.17629241435641
epoch:  39000 loss:  0.00012890796642750502 PSNR:  26.161011935626703
epoch:  39200 loss:  0.00012628674448933452 PSNR:  26.179146220729827
epoch:  39400 loss:  0.00013994265464134514 PSNR:  26.177332651762498
epoch:  39600 loss:  0.0001392446574755013 PSNR:  26.16051942588744
epoch:  39800 loss:  0.00012506096391007304 PSNR:  26.176324695285864
PSNR of output image is:  26.176324695285864
(3, 512, 512) (1, 3, 512, 512)
Experiment done
