Processing image: pepper
(3, 512, 512)
(3, 512, 512)
Starting optimization with optimizer 'SAM'
Output directory where image taken from: data/denoising/Set14/mask/4/SAM(sigma=0.1,lr=0.01,decay=0,beta=0)/det/-1.3/1e-09
Output directory where results stored: data/inpainting/Set14/transfer/0.5/5
1.1.1.weight         | nonzeros =     988 /   12800             (  7.72%) | total_pruned =   11812 | shape = torch.Size([16, 32, 5, 5])
1.1.1.bias           | nonzeros =       0 /      16             (  0.00%) | total_pruned =      16 | shape = torch.Size([16])
1.2.weight           | nonzeros =       7 /      16             ( 43.75%) | total_pruned =       9 | shape = torch.Size([16])
1.2.bias             | nonzeros =       0 /      16             (  0.00%) | total_pruned =      16 | shape = torch.Size([16])
1.4.1.weight         | nonzeros =     108 /    6400             (  1.69%) | total_pruned =    6292 | shape = torch.Size([16, 16, 5, 5])
1.4.1.bias           | nonzeros =       0 /      16             (  0.00%) | total_pruned =      16 | shape = torch.Size([16])
1.5.weight           | nonzeros =       3 /      16             ( 18.75%) | total_pruned =      13 | shape = torch.Size([16])
1.5.bias             | nonzeros =       0 /      16             (  0.00%) | total_pruned =      16 | shape = torch.Size([16])
1.7.1.1.1.weight     | nonzeros =      71 /   12800             (  0.55%) | total_pruned =   12729 | shape = torch.Size([32, 16, 5, 5])
1.7.1.1.1.bias       | nonzeros =       0 /      32             (  0.00%) | total_pruned =      32 | shape = torch.Size([32])
1.7.1.2.weight       | nonzeros =      15 /      32             ( 46.88%) | total_pruned =      17 | shape = torch.Size([32])
1.7.1.2.bias         | nonzeros =       0 /      32             (  0.00%) | total_pruned =      32 | shape = torch.Size([32])
1.7.1.4.1.weight     | nonzeros =      64 /   25600             (  0.25%) | total_pruned =   25536 | shape = torch.Size([32, 32, 5, 5])
1.7.1.4.1.bias       | nonzeros =       0 /      32             (  0.00%) | total_pruned =      32 | shape = torch.Size([32])
1.7.1.5.weight       | nonzeros =      16 /      32             ( 50.00%) | total_pruned =      16 | shape = torch.Size([32])
1.7.1.5.bias         | nonzeros =       0 /      32             (  0.00%) | total_pruned =      32 | shape = torch.Size([32])
1.7.1.7.1.1.1.weight | nonzeros =      17 /   51200             (  0.03%) | total_pruned =   51183 | shape = torch.Size([64, 32, 5, 5])
1.7.1.7.1.1.1.bias   | nonzeros =       0 /      64             (  0.00%) | total_pruned =      64 | shape = torch.Size([64])
1.7.1.7.1.2.weight   | nonzeros =      27 /      64             ( 42.19%) | total_pruned =      37 | shape = torch.Size([64])
1.7.1.7.1.2.bias     | nonzeros =       0 /      64             (  0.00%) | total_pruned =      64 | shape = torch.Size([64])
1.7.1.7.1.4.1.weight | nonzeros =     102 /  102400             (  0.10%) | total_pruned =  102298 | shape = torch.Size([64, 64, 5, 5])
1.7.1.7.1.4.1.bias   | nonzeros =       0 /      64             (  0.00%) | total_pruned =      64 | shape = torch.Size([64])
1.7.1.7.1.5.weight   | nonzeros =      26 /      64             ( 40.62%) | total_pruned =      38 | shape = torch.Size([64])
1.7.1.7.1.5.bias     | nonzeros =       0 /      64             (  0.00%) | total_pruned =      64 | shape = torch.Size([64])
1.7.1.7.1.7.1.1.1.weight | nonzeros =       7 /  204800             (  0.00%) | total_pruned =  204793 | shape = torch.Size([128, 64, 5, 5])
1.7.1.7.1.7.1.1.1.bias | nonzeros =       0 /     128             (  0.00%) | total_pruned =     128 | shape = torch.Size([128])
1.7.1.7.1.7.1.2.weight | nonzeros =      54 /     128             ( 42.19%) | total_pruned =      74 | shape = torch.Size([128])
1.7.1.7.1.7.1.2.bias | nonzeros =       0 /     128             (  0.00%) | total_pruned =     128 | shape = torch.Size([128])
1.7.1.7.1.7.1.4.1.weight | nonzeros =     113 /  409600             (  0.03%) | total_pruned =  409487 | shape = torch.Size([128, 128, 5, 5])
1.7.1.7.1.7.1.4.1.bias | nonzeros =       0 /     128             (  0.00%) | total_pruned =     128 | shape = torch.Size([128])
1.7.1.7.1.7.1.5.weight | nonzeros =      67 /     128             ( 52.34%) | total_pruned =      61 | shape = torch.Size([128])
1.7.1.7.1.7.1.5.bias | nonzeros =       0 /     128             (  0.00%) | total_pruned =     128 | shape = torch.Size([128])
1.7.1.7.1.7.1.7.1.1.1.weight | nonzeros =     190 /  409600             (  0.05%) | total_pruned =  409410 | shape = torch.Size([128, 128, 5, 5])
1.7.1.7.1.7.1.7.1.1.1.bias | nonzeros =       0 /     128             (  0.00%) | total_pruned =     128 | shape = torch.Size([128])
1.7.1.7.1.7.1.7.1.2.weight | nonzeros =      72 /     128             ( 56.25%) | total_pruned =      56 | shape = torch.Size([128])
1.7.1.7.1.7.1.7.1.2.bias | nonzeros =       0 /     128             (  0.00%) | total_pruned =     128 | shape = torch.Size([128])
1.7.1.7.1.7.1.7.1.4.1.weight | nonzeros =    1714 /  409600             (  0.42%) | total_pruned =  407886 | shape = torch.Size([128, 128, 5, 5])
1.7.1.7.1.7.1.7.1.4.1.bias | nonzeros =       0 /     128             (  0.00%) | total_pruned =     128 | shape = torch.Size([128])
1.7.1.7.1.7.1.7.1.5.weight | nonzeros =      90 /     128             ( 70.31%) | total_pruned =      38 | shape = torch.Size([128])
1.7.1.7.1.7.1.7.1.5.bias | nonzeros =       0 /     128             (  0.00%) | total_pruned =     128 | shape = torch.Size([128])
1.7.1.7.1.7.1.7.1.7.1.1.1.weight | nonzeros =    6176 /  409600             (  1.51%) | total_pruned =  403424 | shape = torch.Size([128, 128, 5, 5])
1.7.1.7.1.7.1.7.1.7.1.1.1.bias | nonzeros =       0 /     128             (  0.00%) | total_pruned =     128 | shape = torch.Size([128])
1.7.1.7.1.7.1.7.1.7.1.2.weight | nonzeros =     101 /     128             ( 78.91%) | total_pruned =      27 | shape = torch.Size([128])
1.7.1.7.1.7.1.7.1.7.1.2.bias | nonzeros =       0 /     128             (  0.00%) | total_pruned =     128 | shape = torch.Size([128])
1.7.1.7.1.7.1.7.1.7.1.4.1.weight | nonzeros =   25282 /  409600             (  6.17%) | total_pruned =  384318 | shape = torch.Size([128, 128, 5, 5])
1.7.1.7.1.7.1.7.1.7.1.4.1.bias | nonzeros =       0 /     128             (  0.00%) | total_pruned =     128 | shape = torch.Size([128])
1.7.1.7.1.7.1.7.1.7.1.5.weight | nonzeros =      83 /     128             ( 64.84%) | total_pruned =      45 | shape = torch.Size([128])
1.7.1.7.1.7.1.7.1.7.1.5.bias | nonzeros =       0 /     128             (  0.00%) | total_pruned =     128 | shape = torch.Size([128])
1.7.1.7.1.7.1.7.1.7.2.weight | nonzeros =      83 /     128             ( 64.84%) | total_pruned =      45 | shape = torch.Size([128])
1.7.1.7.1.7.1.7.1.7.2.bias | nonzeros =       0 /     128             (  0.00%) | total_pruned =     128 | shape = torch.Size([128])
1.7.1.7.1.7.1.7.1.7.3.1.weight | nonzeros =   24218 /  147456             ( 16.42%) | total_pruned =  123238 | shape = torch.Size([128, 128, 3, 3])
1.7.1.7.1.7.1.7.1.7.3.1.bias | nonzeros =       0 /     128             (  0.00%) | total_pruned =     128 | shape = torch.Size([128])
1.7.1.7.1.7.1.7.1.7.4.weight | nonzeros =      80 /     128             ( 62.50%) | total_pruned =      48 | shape = torch.Size([128])
1.7.1.7.1.7.1.7.1.7.4.bias | nonzeros =       0 /     128             (  0.00%) | total_pruned =     128 | shape = torch.Size([128])
1.7.1.7.1.7.1.7.2.weight | nonzeros =      80 /     128             ( 62.50%) | total_pruned =      48 | shape = torch.Size([128])
1.7.1.7.1.7.1.7.2.bias | nonzeros =       0 /     128             (  0.00%) | total_pruned =     128 | shape = torch.Size([128])
1.7.1.7.1.7.1.7.3.1.weight | nonzeros =   21555 /  147456             ( 14.62%) | total_pruned =  125901 | shape = torch.Size([128, 128, 3, 3])
1.7.1.7.1.7.1.7.3.1.bias | nonzeros =       0 /     128             (  0.00%) | total_pruned =     128 | shape = torch.Size([128])
1.7.1.7.1.7.1.7.4.weight | nonzeros =      70 /     128             ( 54.69%) | total_pruned =      58 | shape = torch.Size([128])
1.7.1.7.1.7.1.7.4.bias | nonzeros =       0 /     128             (  0.00%) | total_pruned =     128 | shape = torch.Size([128])
1.7.1.7.1.7.2.weight | nonzeros =      70 /     128             ( 54.69%) | total_pruned =      58 | shape = torch.Size([128])
1.7.1.7.1.7.2.bias   | nonzeros =       0 /     128             (  0.00%) | total_pruned =     128 | shape = torch.Size([128])
1.7.1.7.1.7.3.1.weight | nonzeros =   19209 /  147456             ( 13.03%) | total_pruned =  128247 | shape = torch.Size([128, 128, 3, 3])
1.7.1.7.1.7.3.1.bias | nonzeros =       0 /     128             (  0.00%) | total_pruned =     128 | shape = torch.Size([128])
1.7.1.7.1.7.4.weight | nonzeros =      73 /     128             ( 57.03%) | total_pruned =      55 | shape = torch.Size([128])
1.7.1.7.1.7.4.bias   | nonzeros =       0 /     128             (  0.00%) | total_pruned =     128 | shape = torch.Size([128])
1.7.1.7.2.weight     | nonzeros =      73 /     128             ( 57.03%) | total_pruned =      55 | shape = torch.Size([128])
1.7.1.7.2.bias       | nonzeros =       0 /     128             (  0.00%) | total_pruned =     128 | shape = torch.Size([128])
1.7.1.7.3.1.weight   | nonzeros =   11959 /   73728             ( 16.22%) | total_pruned =   61769 | shape = torch.Size([64, 128, 3, 3])
1.7.1.7.3.1.bias     | nonzeros =       0 /      64             (  0.00%) | total_pruned =      64 | shape = torch.Size([64])
1.7.1.7.4.weight     | nonzeros =      42 /      64             ( 65.62%) | total_pruned =      22 | shape = torch.Size([64])
1.7.1.7.4.bias       | nonzeros =       0 /      64             (  0.00%) | total_pruned =      64 | shape = torch.Size([64])
1.7.2.weight         | nonzeros =      42 /      64             ( 65.62%) | total_pruned =      22 | shape = torch.Size([64])
1.7.2.bias           | nonzeros =       0 /      64             (  0.00%) | total_pruned =      64 | shape = torch.Size([64])
1.7.3.1.weight       | nonzeros =    3997 /   18432             ( 21.69%) | total_pruned =   14435 | shape = torch.Size([32, 64, 3, 3])
1.7.3.1.bias         | nonzeros =       0 /      32             (  0.00%) | total_pruned =      32 | shape = torch.Size([32])
1.7.4.weight         | nonzeros =      23 /      32             ( 71.88%) | total_pruned =       9 | shape = torch.Size([32])
1.7.4.bias           | nonzeros =       0 /      32             (  0.00%) | total_pruned =      32 | shape = torch.Size([32])
2.weight             | nonzeros =      23 /      32             ( 71.88%) | total_pruned =       9 | shape = torch.Size([32])
2.bias               | nonzeros =       0 /      32             (  0.00%) | total_pruned =      32 | shape = torch.Size([32])
3.1.weight           | nonzeros =    1383 /    4608             ( 30.01%) | total_pruned =    3225 | shape = torch.Size([16, 32, 3, 3])
3.1.bias             | nonzeros =       0 /      16             (  0.00%) | total_pruned =      16 | shape = torch.Size([16])
4.weight             | nonzeros =      15 /      16             ( 93.75%) | total_pruned =       1 | shape = torch.Size([16])
4.bias               | nonzeros =       0 /      16             (  0.00%) | total_pruned =      16 | shape = torch.Size([16])
6.1.weight           | nonzeros =      33 /      48             ( 68.75%) | total_pruned =      15 | shape = torch.Size([3, 16, 1, 1])
6.1.bias             | nonzeros =       1 /       3             ( 33.33%) | total_pruned =       2 | shape = torch.Size([3])
alive: 118422, pruned : 2890445, total: 3008867, Compression rate :      25.41x  ( 96.06% pruned)
Initial PSNR of output image is:  9.926925588560918
epoch:  0 loss:  0.04395414516329765 PSNR:  9.926925588560918
epoch:  200 loss:  0.0018604466458782554 PSNR:  23.581625027550544
epoch:  400 loss:  0.001043408876284957 PSNR:  25.973815265659486
epoch:  600 loss:  0.0007401350885629654 PSNR:  27.35360089974392
epoch:  800 loss:  0.0006059333682060242 PSNR:  28.132704259673268
epoch:  1000 loss:  0.0005877806106582284 PSNR:  28.22714251688575
epoch:  1200 loss:  0.0005511344643309712 PSNR:  28.447996614170886
epoch:  1400 loss:  0.0004898139159195125 PSNR:  28.87793403070208
epoch:  1600 loss:  0.000412048859288916 PSNR:  29.525823515269927
epoch:  1800 loss:  0.0003870850778184831 PSNR:  29.73549391722729
epoch:  2000 loss:  0.0003560478799045086 PSNR:  30.010052477674584
epoch:  2200 loss:  0.00034364149905741215 PSNR:  30.107602231739044
epoch:  2400 loss:  0.0003857254923786968 PSNR:  29.691049152451953
epoch:  2600 loss:  0.0003617389593273401 PSNR:  29.905614419731652
epoch:  2800 loss:  0.00035647087497636676 PSNR:  29.902035558646194
epoch:  3000 loss:  0.00034729563049040735 PSNR:  29.994267597987033
epoch:  3200 loss:  0.0003017423441633582 PSNR:  30.41996989224641
epoch:  3400 loss:  0.000305013672914356 PSNR:  30.34055614253559
epoch:  3600 loss:  0.000295958569040522 PSNR:  30.421454304895178
epoch:  3800 loss:  0.00031062494963407516 PSNR:  30.281531137852763
epoch:  4000 loss:  0.0002831399906426668 PSNR:  30.54599636076071
epoch:  4200 loss:  0.0002836788771674037 PSNR:  30.4974594340041
epoch:  4400 loss:  0.0020791625138372183 PSNR:  23.10296560806143
epoch:  4600 loss:  0.0006680325022898614 PSNR:  27.734531338519016
epoch:  4800 loss:  0.0004904402885586023 PSNR:  28.90055614605643
epoch:  5000 loss:  0.0004871117416769266 PSNR:  28.88621233761534
epoch:  5200 loss:  0.0004133140901103616 PSNR:  29.470330702772053
epoch:  5400 loss:  0.0004052557924296707 PSNR:  29.52267504911518
epoch:  5600 loss:  0.0003607553371693939 PSNR:  29.908888727519876
epoch:  5800 loss:  0.0003599923802539706 PSNR:  29.897209927120546
epoch:  6000 loss:  0.00032040843507274985 PSNR:  30.26740114504854
epoch:  6200 loss:  0.00031303142895922065 PSNR:  30.305762949671188
epoch:  6400 loss:  0.00032794411526992917 PSNR:  30.135185926604645
epoch:  6600 loss:  0.0003089873061981052 PSNR:  30.29959103168992
epoch:  6800 loss:  0.0003040220180992037 PSNR:  30.324317630597932
epoch:  7000 loss:  0.0003275471390224993 PSNR:  30.04066947482501
epoch:  7200 loss:  0.0002788077690638602 PSNR:  30.55473856960669
epoch:  7400 loss:  0.0002962129656225443 PSNR:  30.354301945177443
epoch:  7600 loss:  0.00027557334396988153 PSNR:  30.549907699847402
epoch:  7800 loss:  0.0002820209483616054 PSNR:  30.505863696987284
epoch:  8000 loss:  0.0002753911248873919 PSNR:  30.557018614703694
epoch:  8200 loss:  0.00026217696722596884 PSNR:  30.663844851005738
epoch:  8400 loss:  0.00025338365230709314 PSNR:  30.731806627030412
epoch:  8600 loss:  0.00026240956503897905 PSNR:  30.63437468756078
epoch:  8800 loss:  0.000302323343930766 PSNR:  30.1834755244667
epoch:  9000 loss:  0.0002481383562553674 PSNR:  30.764022386091728
epoch:  9200 loss:  0.00024851932539604604 PSNR:  30.716957574990605
epoch:  9400 loss:  0.00024190772091969848 PSNR:  30.784860379501385
epoch:  9600 loss:  0.00024076164118014276 PSNR:  30.784669998120705
epoch:  9800 loss:  0.0002470821200404316 PSNR:  30.66166958393531
epoch:  10000 loss:  0.00023658506688661873 PSNR:  30.77713857655017
epoch:  10200 loss:  0.0002417501964373514 PSNR:  30.708995394373943
epoch:  10400 loss:  0.00023087899899110198 PSNR:  30.82506933378906
epoch:  10600 loss:  0.00026381289353594184 PSNR:  30.47327540012241
epoch:  10800 loss:  0.00024748919531702995 PSNR:  30.57077681283682
epoch:  11000 loss:  0.00024045251484494656 PSNR:  30.63878921326472
epoch:  11200 loss:  0.00023182765289675444 PSNR:  30.746570733615222
epoch:  11400 loss:  0.00024419467081315815 PSNR:  30.622160562506338
epoch:  11600 loss:  0.00023141583369579166 PSNR:  30.739263593350632
epoch:  11800 loss:  0.00022579192591365427 PSNR:  30.80893343646093
epoch:  12000 loss:  0.00021941486920695752 PSNR:  30.854723862387317
epoch:  12200 loss:  0.00022111146245151758 PSNR:  30.813015257570346
epoch:  12400 loss:  0.0002498769899830222 PSNR:  30.441687213823453
epoch:  12600 loss:  0.00021915079560130835 PSNR:  30.82661252131239
epoch:  12800 loss:  0.0002381572558078915 PSNR:  30.609636853527956
epoch:  13000 loss:  0.0002166599442716688 PSNR:  30.849491131049987
epoch:  13200 loss:  0.00022842262114863843 PSNR:  30.729562788530195
epoch:  13400 loss:  0.0002468477177899331 PSNR:  30.465488637037453
epoch:  13600 loss:  0.00021385468426160514 PSNR:  30.826154109053157
epoch:  13800 loss:  0.00021750979067292064 PSNR:  30.79280668729278
epoch:  14000 loss:  0.00021763352560810745 PSNR:  30.80758895465308
epoch:  14200 loss:  0.0002152351662516594 PSNR:  30.775277001577805
epoch:  14400 loss:  0.00021901362924836576 PSNR:  30.736054741588838
epoch:  14600 loss:  0.0002134375972673297 PSNR:  30.78589026656128
epoch:  14800 loss:  0.00020889336883556098 PSNR:  30.848632490042572
epoch:  15000 loss:  0.000226365722483024 PSNR:  30.658198776921388
epoch:  15200 loss:  0.00021735625341534615 PSNR:  30.69102010624799
epoch:  15400 loss:  0.0002306894602952525 PSNR:  30.5766274454231
epoch:  15600 loss:  0.00020169983326923102 PSNR:  30.87854169430002
epoch:  15800 loss:  0.00020511436741799116 PSNR:  30.827818429693195
epoch:  16000 loss:  0.00020281813340261579 PSNR:  30.854181958048272
epoch:  16200 loss:  0.00023198866983875632 PSNR:  30.53867518693022
epoch:  16400 loss:  0.00023677412536926568 PSNR:  30.406271750842375
epoch:  16600 loss:  0.00020343878713902086 PSNR:  30.834485644143257
epoch:  16800 loss:  0.0002012010372709483 PSNR:  30.852587633699926
epoch:  17000 loss:  0.00021998825832270086 PSNR:  30.640975773255327
epoch:  17200 loss:  0.00020603591110557318 PSNR:  30.774726730062085
epoch:  17400 loss:  0.00020354210573714226 PSNR:  30.785145090619114
epoch:  17600 loss:  0.0002158900024369359 PSNR:  30.634557915635764
epoch:  17800 loss:  0.00020774698350578547 PSNR:  30.764275723690467
epoch:  18000 loss:  0.00021583656780421734 PSNR:  30.64485141477784
epoch:  18200 loss:  0.00019932084251195192 PSNR:  30.827719281902667
epoch:  18400 loss:  0.0001987846044357866 PSNR:  30.81851230391114
epoch:  18600 loss:  0.0002133569651050493 PSNR:  30.68969653849527
epoch:  18800 loss:  0.00019656316726468503 PSNR:  30.841143929344796
epoch:  19000 loss:  0.00021017003746237606 PSNR:  30.72327064558599
epoch:  19200 loss:  0.00021801241382490844 PSNR:  30.57094369278385
epoch:  19400 loss:  0.00020152998331468552 PSNR:  30.787357847975652
epoch:  19600 loss:  0.00019397510914132 PSNR:  30.84594166316691
epoch:  19800 loss:  0.00020689457596745342 PSNR:  30.68280767246715
epoch:  20000 loss:  0.0001957612403202802 PSNR:  30.823743904519535
epoch:  20200 loss:  0.0002032808115473017 PSNR:  30.756646136839116
epoch:  20400 loss:  0.00019277993123978376 PSNR:  30.854108212980744
epoch:  20600 loss:  0.00019833262194879353 PSNR:  30.77179883515065
epoch:  20800 loss:  0.0002049889153568074 PSNR:  30.68975485206319
epoch:  21000 loss:  0.00022410221572499722 PSNR:  30.470881999989494
epoch:  21200 loss:  0.000199678645003587 PSNR:  30.740388917649643
epoch:  21400 loss:  0.0001915374887175858 PSNR:  30.828654193879604
epoch:  21600 loss:  0.00019145121041219682 PSNR:  30.82950074613461
epoch:  21800 loss:  0.00019413334666751325 PSNR:  30.79129302017373
epoch:  22000 loss:  0.0001971046149265021 PSNR:  30.7715849066079
epoch:  22200 loss:  0.0002226093056378886 PSNR:  30.501126600140363
epoch:  22400 loss:  0.0001948523276951164 PSNR:  30.817473946131297
epoch:  22600 loss:  0.00019310697098262608 PSNR:  30.805970770339897
epoch:  22800 loss:  0.00018978910520672798 PSNR:  30.842022406669734
epoch:  23000 loss:  0.00019368514767847955 PSNR:  30.80287879770287
epoch:  23200 loss:  0.00020877429051324725 PSNR:  30.598444140453086
epoch:  23400 loss:  0.0001907491823658347 PSNR:  30.826646505923772
epoch:  23600 loss:  0.00020660829613916576 PSNR:  30.659288641333887
epoch:  23800 loss:  0.00019152971799485385 PSNR:  30.814033135735713
epoch:  24000 loss:  0.00019838902517221868 PSNR:  30.689197474984518
epoch:  24200 loss:  0.00019030115799978375 PSNR:  30.82871086168047
epoch:  24400 loss:  0.0001906768884509802 PSNR:  30.78913546406179
epoch:  24600 loss:  0.00019954191520810127 PSNR:  30.725058874500178
epoch:  24800 loss:  0.00019807768694590777 PSNR:  30.74677022634083
epoch:  25000 loss:  0.00019740505376830697 PSNR:  30.737837144299164
epoch:  25200 loss:  0.0001907841069623828 PSNR:  30.781457913495558
epoch:  25400 loss:  0.0002036076330114156 PSNR:  30.67545890008808
epoch:  25600 loss:  0.00019480490300338715 PSNR:  30.768593807416433
epoch:  25800 loss:  0.00018763220577966422 PSNR:  30.82140893465235
epoch:  26000 loss:  0.00018558964075054973 PSNR:  30.842901061726273
epoch:  26200 loss:  0.000186668592505157 PSNR:  30.83910738389108
epoch:  26400 loss:  0.00020197484991513193 PSNR:  30.681827961967954
epoch:  26600 loss:  0.00018594080756884068 PSNR:  30.838697349443102
epoch:  26800 loss:  0.00018523770268075168 PSNR:  30.839576042097296
epoch:  27000 loss:  0.00019046652596443892 PSNR:  30.756038661231926
epoch:  27200 loss:  0.00019252917263656855 PSNR:  30.73817047237248
epoch:  27400 loss:  0.0002029297611443326 PSNR:  30.66406581355039
epoch:  27600 loss:  0.00021334677876438946 PSNR:  30.534216912351887
epoch:  27800 loss:  0.00018392398487776518 PSNR:  30.835849122470652
epoch:  28000 loss:  0.0001923463132698089 PSNR:  30.707942243861975
epoch:  28200 loss:  0.00019760345458053052 PSNR:  30.65768288961793
epoch:  28400 loss:  0.00018548057414591312 PSNR:  30.829277226138373
epoch:  28600 loss:  0.00018276173796039075 PSNR:  30.83457217895259
epoch:  28800 loss:  0.0001853123540058732 PSNR:  30.82432554337197
epoch:  29000 loss:  0.0001922326337080449 PSNR:  30.740526350031363
epoch:  29200 loss:  0.000187129873665981 PSNR:  30.77752568839827
epoch:  29400 loss:  0.0001928464334923774 PSNR:  30.7383286474013
epoch:  29600 loss:  0.0001830403198255226 PSNR:  30.825310686120957
epoch:  29800 loss:  0.00018460137653164566 PSNR:  30.77626997554484
epoch:  30000 loss:  0.00019262093701399863 PSNR:  30.752518091017755
epoch:  30200 loss:  0.00019415367569308728 PSNR:  30.708852065454334
epoch:  30400 loss:  0.00019047403475269675 PSNR:  30.73065616870761
epoch:  30600 loss:  0.00018356011423747987 PSNR:  30.818416195045224
epoch:  30800 loss:  0.00018507316417526454 PSNR:  30.77195299607463
epoch:  31000 loss:  0.00019267687457613647 PSNR:  30.675487961344903
epoch:  31200 loss:  0.00018374703358858824 PSNR:  30.788323060077666
epoch:  31400 loss:  0.0001857218740042299 PSNR:  30.78719086103359
epoch:  31600 loss:  0.00019412142864894122 PSNR:  30.651463695839944
epoch:  31800 loss:  0.00018787609587889165 PSNR:  30.756018111650796
epoch:  32000 loss:  0.00018858534167520702 PSNR:  30.74458812116118
epoch:  32200 loss:  0.0001833155401982367 PSNR:  30.812674371126064
epoch:  32400 loss:  0.0002038790553342551 PSNR:  30.606590978374037
epoch:  32600 loss:  0.00018208182882517576 PSNR:  30.80208458763595
epoch:  32800 loss:  0.0001960187655640766 PSNR:  30.66767850846146
epoch:  33000 loss:  0.00018138031009584665 PSNR:  30.816029349511147
epoch:  33200 loss:  0.00017966749146580696 PSNR:  30.81733229083785
epoch:  33400 loss:  0.00018112108227796853 PSNR:  30.821525617975976
epoch:  33600 loss:  0.0001881806820165366 PSNR:  30.76785683181469
epoch:  33800 loss:  0.00017967537860386074 PSNR:  30.824096982561233
epoch:  34000 loss:  0.00018732777971308678 PSNR:  30.722431068217183
epoch:  34200 loss:  0.00018752360483631492 PSNR:  30.75325003155749
epoch:  34400 loss:  0.00020109313481952995 PSNR:  30.617728485645554
epoch:  34600 loss:  0.00018552003894001245 PSNR:  30.749199629025373
epoch:  34800 loss:  0.00018638061010278761 PSNR:  30.745692588012613
epoch:  35000 loss:  0.0001868458784883842 PSNR:  30.76742797656503
epoch:  35200 loss:  0.0001820509642129764 PSNR:  30.75931076769264
epoch:  35400 loss:  0.0001861340133473277 PSNR:  30.740623527067438
epoch:  35600 loss:  0.00018114221165888011 PSNR:  30.796056355987833
epoch:  35800 loss:  0.0001979530497919768 PSNR:  30.64515153864669
epoch:  36000 loss:  0.0001806570217013359 PSNR:  30.807152281500425
epoch:  36200 loss:  0.00017896962526720017 PSNR:  30.797323781363353
epoch:  36400 loss:  0.00019060188787989318 PSNR:  30.68633934048269
epoch:  36600 loss:  0.00018329636077396572 PSNR:  30.74720191270062
epoch:  36800 loss:  0.0001783394836820662 PSNR:  30.793185362164376
epoch:  37000 loss:  0.00018356663349550217 PSNR:  30.77163104716698
epoch:  37200 loss:  0.00018307116988580674 PSNR:  30.766490439743276
epoch:  37400 loss:  0.00017990956257563084 PSNR:  30.77686383907606
epoch:  37600 loss:  0.0001892399013740942 PSNR:  30.706760552719608
epoch:  37800 loss:  0.00018122039909940213 PSNR:  30.760057101618866
epoch:  38000 loss:  0.0001844127255026251 PSNR:  30.7668350526594
epoch:  38200 loss:  0.00017767881217878312 PSNR:  30.806237137275517
epoch:  38400 loss:  0.00018144147179555148 PSNR:  30.762944645147424
epoch:  38600 loss:  0.000177221474586986 PSNR:  30.802943932188604
epoch:  38800 loss:  0.00018056263797916472 PSNR:  30.769631024262488
epoch:  39000 loss:  0.0001845577935455367 PSNR:  30.721023265292587
epoch:  39200 loss:  0.0001818549062591046 PSNR:  30.713228485983542
epoch:  39400 loss:  0.00018155765428673476 PSNR:  30.76631692160458
epoch:  39600 loss:  0.00018275241018272936 PSNR:  30.715132308916758
epoch:  39800 loss:  0.00017577712424099445 PSNR:  30.810859936353964
PSNR of output image is:  30.810859936353964
(3, 512, 512) (1, 3, 512, 512)
Experiment done
Processing image: pepper
(3, 512, 512)
(3, 512, 512)
Starting optimization with optimizer 'SAM'
Output directory where image taken from: data/denoising/Set14/mask/4/SAM(sigma=0.1,lr=0.01,decay=0,beta=0)/det/-1.3/1e-09
Output directory where results stored: data/inpainting/Set14/transfer/0.5/5/4
1.1.1.weight         | nonzeros =     988 /   12800             (  7.72%) | total_pruned =   11812 | shape = torch.Size([16, 32, 5, 5])
1.1.1.bias           | nonzeros =       0 /      16             (  0.00%) | total_pruned =      16 | shape = torch.Size([16])
1.2.weight           | nonzeros =       7 /      16             ( 43.75%) | total_pruned =       9 | shape = torch.Size([16])
1.2.bias             | nonzeros =       0 /      16             (  0.00%) | total_pruned =      16 | shape = torch.Size([16])
1.4.1.weight         | nonzeros =     108 /    6400             (  1.69%) | total_pruned =    6292 | shape = torch.Size([16, 16, 5, 5])
1.4.1.bias           | nonzeros =       0 /      16             (  0.00%) | total_pruned =      16 | shape = torch.Size([16])
1.5.weight           | nonzeros =       3 /      16             ( 18.75%) | total_pruned =      13 | shape = torch.Size([16])
1.5.bias             | nonzeros =       0 /      16             (  0.00%) | total_pruned =      16 | shape = torch.Size([16])
1.7.1.1.1.weight     | nonzeros =      71 /   12800             (  0.55%) | total_pruned =   12729 | shape = torch.Size([32, 16, 5, 5])
1.7.1.1.1.bias       | nonzeros =       0 /      32             (  0.00%) | total_pruned =      32 | shape = torch.Size([32])
1.7.1.2.weight       | nonzeros =      15 /      32             ( 46.88%) | total_pruned =      17 | shape = torch.Size([32])
1.7.1.2.bias         | nonzeros =       0 /      32             (  0.00%) | total_pruned =      32 | shape = torch.Size([32])
1.7.1.4.1.weight     | nonzeros =      64 /   25600             (  0.25%) | total_pruned =   25536 | shape = torch.Size([32, 32, 5, 5])
1.7.1.4.1.bias       | nonzeros =       0 /      32             (  0.00%) | total_pruned =      32 | shape = torch.Size([32])
1.7.1.5.weight       | nonzeros =      16 /      32             ( 50.00%) | total_pruned =      16 | shape = torch.Size([32])
1.7.1.5.bias         | nonzeros =       0 /      32             (  0.00%) | total_pruned =      32 | shape = torch.Size([32])
1.7.1.7.1.1.1.weight | nonzeros =      17 /   51200             (  0.03%) | total_pruned =   51183 | shape = torch.Size([64, 32, 5, 5])
1.7.1.7.1.1.1.bias   | nonzeros =       0 /      64             (  0.00%) | total_pruned =      64 | shape = torch.Size([64])
1.7.1.7.1.2.weight   | nonzeros =      27 /      64             ( 42.19%) | total_pruned =      37 | shape = torch.Size([64])
1.7.1.7.1.2.bias     | nonzeros =       0 /      64             (  0.00%) | total_pruned =      64 | shape = torch.Size([64])
1.7.1.7.1.4.1.weight | nonzeros =     102 /  102400             (  0.10%) | total_pruned =  102298 | shape = torch.Size([64, 64, 5, 5])
1.7.1.7.1.4.1.bias   | nonzeros =       0 /      64             (  0.00%) | total_pruned =      64 | shape = torch.Size([64])
1.7.1.7.1.5.weight   | nonzeros =      26 /      64             ( 40.62%) | total_pruned =      38 | shape = torch.Size([64])
1.7.1.7.1.5.bias     | nonzeros =       0 /      64             (  0.00%) | total_pruned =      64 | shape = torch.Size([64])
1.7.1.7.1.7.1.1.1.weight | nonzeros =       7 /  204800             (  0.00%) | total_pruned =  204793 | shape = torch.Size([128, 64, 5, 5])
1.7.1.7.1.7.1.1.1.bias | nonzeros =       0 /     128             (  0.00%) | total_pruned =     128 | shape = torch.Size([128])
1.7.1.7.1.7.1.2.weight | nonzeros =      54 /     128             ( 42.19%) | total_pruned =      74 | shape = torch.Size([128])
1.7.1.7.1.7.1.2.bias | nonzeros =       0 /     128             (  0.00%) | total_pruned =     128 | shape = torch.Size([128])
1.7.1.7.1.7.1.4.1.weight | nonzeros =     113 /  409600             (  0.03%) | total_pruned =  409487 | shape = torch.Size([128, 128, 5, 5])
1.7.1.7.1.7.1.4.1.bias | nonzeros =       0 /     128             (  0.00%) | total_pruned =     128 | shape = torch.Size([128])
1.7.1.7.1.7.1.5.weight | nonzeros =      67 /     128             ( 52.34%) | total_pruned =      61 | shape = torch.Size([128])
1.7.1.7.1.7.1.5.bias | nonzeros =       0 /     128             (  0.00%) | total_pruned =     128 | shape = torch.Size([128])
1.7.1.7.1.7.1.7.1.1.1.weight | nonzeros =     190 /  409600             (  0.05%) | total_pruned =  409410 | shape = torch.Size([128, 128, 5, 5])
1.7.1.7.1.7.1.7.1.1.1.bias | nonzeros =       0 /     128             (  0.00%) | total_pruned =     128 | shape = torch.Size([128])
1.7.1.7.1.7.1.7.1.2.weight | nonzeros =      72 /     128             ( 56.25%) | total_pruned =      56 | shape = torch.Size([128])
1.7.1.7.1.7.1.7.1.2.bias | nonzeros =       0 /     128             (  0.00%) | total_pruned =     128 | shape = torch.Size([128])
1.7.1.7.1.7.1.7.1.4.1.weight | nonzeros =    1714 /  409600             (  0.42%) | total_pruned =  407886 | shape = torch.Size([128, 128, 5, 5])
1.7.1.7.1.7.1.7.1.4.1.bias | nonzeros =       0 /     128             (  0.00%) | total_pruned =     128 | shape = torch.Size([128])
1.7.1.7.1.7.1.7.1.5.weight | nonzeros =      90 /     128             ( 70.31%) | total_pruned =      38 | shape = torch.Size([128])
1.7.1.7.1.7.1.7.1.5.bias | nonzeros =       0 /     128             (  0.00%) | total_pruned =     128 | shape = torch.Size([128])
1.7.1.7.1.7.1.7.1.7.1.1.1.weight | nonzeros =    6176 /  409600             (  1.51%) | total_pruned =  403424 | shape = torch.Size([128, 128, 5, 5])
1.7.1.7.1.7.1.7.1.7.1.1.1.bias | nonzeros =       0 /     128             (  0.00%) | total_pruned =     128 | shape = torch.Size([128])
1.7.1.7.1.7.1.7.1.7.1.2.weight | nonzeros =     101 /     128             ( 78.91%) | total_pruned =      27 | shape = torch.Size([128])
1.7.1.7.1.7.1.7.1.7.1.2.bias | nonzeros =       0 /     128             (  0.00%) | total_pruned =     128 | shape = torch.Size([128])
1.7.1.7.1.7.1.7.1.7.1.4.1.weight | nonzeros =   25282 /  409600             (  6.17%) | total_pruned =  384318 | shape = torch.Size([128, 128, 5, 5])
1.7.1.7.1.7.1.7.1.7.1.4.1.bias | nonzeros =       0 /     128             (  0.00%) | total_pruned =     128 | shape = torch.Size([128])
1.7.1.7.1.7.1.7.1.7.1.5.weight | nonzeros =      83 /     128             ( 64.84%) | total_pruned =      45 | shape = torch.Size([128])
1.7.1.7.1.7.1.7.1.7.1.5.bias | nonzeros =       0 /     128             (  0.00%) | total_pruned =     128 | shape = torch.Size([128])
1.7.1.7.1.7.1.7.1.7.2.weight | nonzeros =      83 /     128             ( 64.84%) | total_pruned =      45 | shape = torch.Size([128])
1.7.1.7.1.7.1.7.1.7.2.bias | nonzeros =       0 /     128             (  0.00%) | total_pruned =     128 | shape = torch.Size([128])
1.7.1.7.1.7.1.7.1.7.3.1.weight | nonzeros =   24218 /  147456             ( 16.42%) | total_pruned =  123238 | shape = torch.Size([128, 128, 3, 3])
1.7.1.7.1.7.1.7.1.7.3.1.bias | nonzeros =       0 /     128             (  0.00%) | total_pruned =     128 | shape = torch.Size([128])
1.7.1.7.1.7.1.7.1.7.4.weight | nonzeros =      80 /     128             ( 62.50%) | total_pruned =      48 | shape = torch.Size([128])
1.7.1.7.1.7.1.7.1.7.4.bias | nonzeros =       0 /     128             (  0.00%) | total_pruned =     128 | shape = torch.Size([128])
1.7.1.7.1.7.1.7.2.weight | nonzeros =      80 /     128             ( 62.50%) | total_pruned =      48 | shape = torch.Size([128])
1.7.1.7.1.7.1.7.2.bias | nonzeros =       0 /     128             (  0.00%) | total_pruned =     128 | shape = torch.Size([128])
1.7.1.7.1.7.1.7.3.1.weight | nonzeros =   21555 /  147456             ( 14.62%) | total_pruned =  125901 | shape = torch.Size([128, 128, 3, 3])
1.7.1.7.1.7.1.7.3.1.bias | nonzeros =       0 /     128             (  0.00%) | total_pruned =     128 | shape = torch.Size([128])
1.7.1.7.1.7.1.7.4.weight | nonzeros =      70 /     128             ( 54.69%) | total_pruned =      58 | shape = torch.Size([128])
1.7.1.7.1.7.1.7.4.bias | nonzeros =       0 /     128             (  0.00%) | total_pruned =     128 | shape = torch.Size([128])
1.7.1.7.1.7.2.weight | nonzeros =      70 /     128             ( 54.69%) | total_pruned =      58 | shape = torch.Size([128])
1.7.1.7.1.7.2.bias   | nonzeros =       0 /     128             (  0.00%) | total_pruned =     128 | shape = torch.Size([128])
1.7.1.7.1.7.3.1.weight | nonzeros =   19209 /  147456             ( 13.03%) | total_pruned =  128247 | shape = torch.Size([128, 128, 3, 3])
1.7.1.7.1.7.3.1.bias | nonzeros =       0 /     128             (  0.00%) | total_pruned =     128 | shape = torch.Size([128])
1.7.1.7.1.7.4.weight | nonzeros =      73 /     128             ( 57.03%) | total_pruned =      55 | shape = torch.Size([128])
1.7.1.7.1.7.4.bias   | nonzeros =       0 /     128             (  0.00%) | total_pruned =     128 | shape = torch.Size([128])
1.7.1.7.2.weight     | nonzeros =      73 /     128             ( 57.03%) | total_pruned =      55 | shape = torch.Size([128])
1.7.1.7.2.bias       | nonzeros =       0 /     128             (  0.00%) | total_pruned =     128 | shape = torch.Size([128])
1.7.1.7.3.1.weight   | nonzeros =   11959 /   73728             ( 16.22%) | total_pruned =   61769 | shape = torch.Size([64, 128, 3, 3])
1.7.1.7.3.1.bias     | nonzeros =       0 /      64             (  0.00%) | total_pruned =      64 | shape = torch.Size([64])
1.7.1.7.4.weight     | nonzeros =      42 /      64             ( 65.62%) | total_pruned =      22 | shape = torch.Size([64])
1.7.1.7.4.bias       | nonzeros =       0 /      64             (  0.00%) | total_pruned =      64 | shape = torch.Size([64])
1.7.2.weight         | nonzeros =      42 /      64             ( 65.62%) | total_pruned =      22 | shape = torch.Size([64])
1.7.2.bias           | nonzeros =       0 /      64             (  0.00%) | total_pruned =      64 | shape = torch.Size([64])
1.7.3.1.weight       | nonzeros =    3997 /   18432             ( 21.69%) | total_pruned =   14435 | shape = torch.Size([32, 64, 3, 3])
1.7.3.1.bias         | nonzeros =       0 /      32             (  0.00%) | total_pruned =      32 | shape = torch.Size([32])
1.7.4.weight         | nonzeros =      23 /      32             ( 71.88%) | total_pruned =       9 | shape = torch.Size([32])
1.7.4.bias           | nonzeros =       0 /      32             (  0.00%) | total_pruned =      32 | shape = torch.Size([32])
2.weight             | nonzeros =      23 /      32             ( 71.88%) | total_pruned =       9 | shape = torch.Size([32])
2.bias               | nonzeros =       0 /      32             (  0.00%) | total_pruned =      32 | shape = torch.Size([32])
3.1.weight           | nonzeros =    1383 /    4608             ( 30.01%) | total_pruned =    3225 | shape = torch.Size([16, 32, 3, 3])
3.1.bias             | nonzeros =       0 /      16             (  0.00%) | total_pruned =      16 | shape = torch.Size([16])
4.weight             | nonzeros =      15 /      16             ( 93.75%) | total_pruned =       1 | shape = torch.Size([16])
4.bias               | nonzeros =       0 /      16             (  0.00%) | total_pruned =      16 | shape = torch.Size([16])
6.1.weight           | nonzeros =      33 /      48             ( 68.75%) | total_pruned =      15 | shape = torch.Size([3, 16, 1, 1])
6.1.bias             | nonzeros =       1 /       3             ( 33.33%) | total_pruned =       2 | shape = torch.Size([3])
alive: 118422, pruned : 2890445, total: 3008867, Compression rate :      25.41x  ( 96.06% pruned)
Initial PSNR of output image is:  9.926939585560467
epoch:  0 loss:  0.043946973979473114 PSNR:  9.926939585560467
epoch:  200 loss:  0.0017452765023335814 PSNR:  23.825984440027632
epoch:  400 loss:  0.0010042529320344329 PSNR:  26.13688109355977
epoch:  600 loss:  0.0007017120951786637 PSNR:  27.581425942929215
epoch:  800 loss:  0.0005560255376622081 PSNR:  28.48029089557165
epoch:  1000 loss:  0.00048680329928174615 PSNR:  28.969230091429893
epoch:  1200 loss:  0.00047556450590491295 PSNR:  29.023294753653104
epoch:  1400 loss:  0.00042054266668856144 PSNR:  29.460087318720785
epoch:  1600 loss:  0.0005926817539148033 PSNR:  28.135525447113096
epoch:  1800 loss:  0.00037821591831743717 PSNR:  29.79211482725882
epoch:  2000 loss:  0.0003843081649392843 PSNR:  29.710870858039794
epoch:  2200 loss:  0.0003422482404857874 PSNR:  30.078759878095717
epoch:  2400 loss:  0.00038645585300400853 PSNR:  29.64556257467569
epoch:  2600 loss:  0.000354593968950212 PSNR:  29.907685282890398
epoch:  2800 loss:  0.00035394643782638013 PSNR:  29.893930986585325
epoch:  3000 loss:  0.0003114943392574787 PSNR:  30.293439770432748
epoch:  3200 loss:  0.00036786042619496584 PSNR:  29.71655019317265
epoch:  3400 loss:  0.00030843657441437244 PSNR:  30.285662284567895
epoch:  3600 loss:  0.00027905136812478304 PSNR:  30.5711669881833
epoch:  3800 loss:  0.00028989557176828384 PSNR:  30.428917583003813
epoch:  4000 loss:  0.00029217565315775573 PSNR:  30.39086029535081
epoch:  4200 loss:  0.00027550995582714677 PSNR:  30.561650907467154
epoch:  4400 loss:  0.000266344373812899 PSNR:  30.634332691826636
epoch:  4600 loss:  0.00026226224144920707 PSNR:  30.673429879513154
epoch:  4800 loss:  0.00025561510119587183 PSNR:  30.710176315283128
epoch:  5000 loss:  0.000255178427323699 PSNR:  30.69834991064421
epoch:  5200 loss:  0.00025105499662458897 PSNR:  30.724786374439383
epoch:  5400 loss:  0.00027118687285110354 PSNR:  30.508665007161206
epoch:  5600 loss:  0.00024268007837235928 PSNR:  30.773342089453095
epoch:  5800 loss:  0.0002651180839166045 PSNR:  30.533613622085092
epoch:  6000 loss:  0.00025819684378802776 PSNR:  30.57050381106955
epoch:  6200 loss:  0.00023968353343661875 PSNR:  30.76843801921133
epoch:  6400 loss:  0.0002465888683218509 PSNR:  30.674320877436646
epoch:  6600 loss:  0.0002307515824213624 PSNR:  30.834672901967693
epoch:  6800 loss:  0.0002636394347064197 PSNR:  30.46099092616569
epoch:  7000 loss:  0.00024218563339672983 PSNR:  30.712532913983424
epoch:  7200 loss:  0.00024712958838790655 PSNR:  30.596832856007804
epoch:  7400 loss:  0.0002318793412996456 PSNR:  30.77242460167417
epoch:  7600 loss:  0.00024792508338578045 PSNR:  30.599880292635024
epoch:  7800 loss:  0.00023632863303646445 PSNR:  30.7002413754749
epoch:  8000 loss:  0.0002453681663610041 PSNR:  30.57953030350459
epoch:  8200 loss:  0.000219407826079987 PSNR:  30.855122941029883
epoch:  8400 loss:  0.00023855255858507007 PSNR:  30.656059010881073
epoch:  8600 loss:  0.00023281341418623924 PSNR:  30.685622016387285
epoch:  8800 loss:  0.00023011495068203658 PSNR:  30.725270177560216
epoch:  9000 loss:  0.00021599202591460198 PSNR:  30.865563671346898
epoch:  9200 loss:  0.00021370360627770424 PSNR:  30.917932787043586
epoch:  9400 loss:  0.0002509354962967336 PSNR:  30.490258873150967
epoch:  9600 loss:  0.00022775358229409903 PSNR:  30.716455369144544
epoch:  9800 loss:  0.00021211318380665034 PSNR:  30.86745149614908
epoch:  10000 loss:  0.00023612873337697238 PSNR:  30.552868529150917
epoch:  10200 loss:  0.00022987602278590202 PSNR:  30.677889434924758
epoch:  10400 loss:  0.0002226636279374361 PSNR:  30.720635974922818
epoch:  10600 loss:  0.000210964324651286 PSNR:  30.862105264966996
epoch:  10800 loss:  0.00022928968246560544 PSNR:  30.643855450927514
epoch:  11000 loss:  0.0002752977597992867 PSNR:  30.182504238114987
epoch:  11200 loss:  0.00020947068696841598 PSNR:  30.85161373110804
epoch:  11400 loss:  0.00020823853265028447 PSNR:  30.84891856624045
epoch:  11600 loss:  0.00021641573403030634 PSNR:  30.786433185826088
epoch:  11800 loss:  0.0002115351235261187 PSNR:  30.790392094360143
epoch:  12000 loss:  0.0002073339419439435 PSNR:  30.851338870151235
epoch:  12200 loss:  0.0002079871774185449 PSNR:  30.841086033522558
epoch:  12400 loss:  0.0002087336906697601 PSNR:  30.83851559763837
epoch:  12600 loss:  0.00022709649056196213 PSNR:  30.63704597638777
epoch:  12800 loss:  0.00023054060875438154 PSNR:  30.578732099941284
epoch:  13000 loss:  0.0002283171925228089 PSNR:  30.63528413028697
epoch:  13200 loss:  0.0002032665506703779 PSNR:  30.862437203901436
epoch:  13400 loss:  0.00021322541579138488 PSNR:  30.77527385297284
epoch:  13600 loss:  0.0002162877790397033 PSNR:  30.726392573174685
epoch:  13800 loss:  0.00020501033577602357 PSNR:  30.823354419858468
epoch:  14000 loss:  0.00020880349620711058 PSNR:  30.800571202840054
epoch:  14200 loss:  0.00020562225836329162 PSNR:  30.829710815824853
epoch:  14400 loss:  0.0002123577578458935 PSNR:  30.733394288935393
epoch:  14600 loss:  0.00021883458248339593 PSNR:  30.67443982769861
epoch:  14800 loss:  0.00020227754430379719 PSNR:  30.843431964961894
epoch:  15000 loss:  0.00020405848044902086 PSNR:  30.8095829131478
epoch:  15200 loss:  0.00020141273853369057 PSNR:  30.817132709549657
epoch:  15400 loss:  0.00020089081954210997 PSNR:  30.843007308250282
epoch:  15600 loss:  0.00019824292394332588 PSNR:  30.85709357305157
epoch:  15800 loss:  0.00021346424182411283 PSNR:  30.655819395494053
epoch:  16000 loss:  0.00019634694035630673 PSNR:  30.88721925426157
epoch:  16200 loss:  0.00021379411919042468 PSNR:  30.67196715277226
epoch:  16400 loss:  0.00019622014951892197 PSNR:  30.872951728838622
epoch:  16600 loss:  0.00019358520512469113 PSNR:  30.885614193091225
epoch:  16800 loss:  0.00019726318714674562 PSNR:  30.861993910491556
epoch:  17000 loss:  0.00020049058366566896 PSNR:  30.839732627814772
epoch:  17200 loss:  0.00019753503147512674 PSNR:  30.84787113526433
epoch:  17400 loss:  0.00018957580323331058 PSNR:  30.933022378199606
epoch:  17600 loss:  0.00019475325825624168 PSNR:  30.87982769157902
epoch:  17800 loss:  0.00019335233082529157 PSNR:  30.84679941663048
epoch:  18000 loss:  0.00019050450646318495 PSNR:  30.922614922699175
epoch:  18200 loss:  0.0001941037189681083 PSNR:  30.861754793542122
epoch:  18400 loss:  0.00022861643810756505 PSNR:  30.530407298330843
epoch:  18600 loss:  0.0001938852947205305 PSNR:  30.844692320481435
epoch:  18800 loss:  0.00019555031030904502 PSNR:  30.827343249069543
epoch:  19000 loss:  0.00019109835557173938 PSNR:  30.87914827638553
epoch:  19200 loss:  0.00019129883730784059 PSNR:  30.860882306789897
epoch:  19400 loss:  0.00019744310702662915 PSNR:  30.77948277638496
epoch:  19600 loss:  0.00019072652503382415 PSNR:  30.869128146623
epoch:  19800 loss:  0.00019034957222174853 PSNR:  30.87829414143169
epoch:  20000 loss:  0.00018737587379291654 PSNR:  30.89648506766103
epoch:  20200 loss:  0.00020895623310934752 PSNR:  30.64240298881506
epoch:  20400 loss:  0.0002130574284819886 PSNR:  30.615938034972107
epoch:  20600 loss:  0.0001944667164934799 PSNR:  30.777206476133028
epoch:  20800 loss:  0.00018917284614872187 PSNR:  30.851054414499433
epoch:  21000 loss:  0.00020345085067674518 PSNR:  30.7189738860857
epoch:  21200 loss:  0.0002039855462498963 PSNR:  30.729310429230946
epoch:  21400 loss:  0.0001972320314962417 PSNR:  30.78493997050817
epoch:  21600 loss:  0.0001989832817343995 PSNR:  30.76724010381033
epoch:  21800 loss:  0.0001951935118995607 PSNR:  30.814700321237346
epoch:  22000 loss:  0.00018722028471529484 PSNR:  30.865586531840727
epoch:  22200 loss:  0.00018843865836970508 PSNR:  30.86659751462576
epoch:  22400 loss:  0.0001858448376879096 PSNR:  30.877676574660118
epoch:  22600 loss:  0.00018867242033593357 PSNR:  30.861888982925542
epoch:  22800 loss:  0.0002197721041738987 PSNR:  30.528481268413937
epoch:  23000 loss:  0.00018645264208316803 PSNR:  30.861642734308475
epoch:  23200 loss:  0.00019535089086275548 PSNR:  30.801318326678675
epoch:  23400 loss:  0.00019726352184079587 PSNR:  30.77140664087169
epoch:  23600 loss:  0.00019069365225732327 PSNR:  30.8053612884166
epoch:  23800 loss:  0.00018599809845909476 PSNR:  30.870522571957867
epoch:  24000 loss:  0.00019031779083888978 PSNR:  30.825151434543308
epoch:  24200 loss:  0.00019108984270133078 PSNR:  30.783931691820413
epoch:  24400 loss:  0.00021417834796011448 PSNR:  30.58417998733691
epoch:  24600 loss:  0.00018743383407127112 PSNR:  30.84354426606385
epoch:  24800 loss:  0.00018484813335817307 PSNR:  30.855889845076533
epoch:  25000 loss:  0.00018667103722691536 PSNR:  30.840755367269228
epoch:  25200 loss:  0.0001891341235022992 PSNR:  30.784306087876484
epoch:  25400 loss:  0.00018629650003276765 PSNR:  30.857386981075507
epoch:  25600 loss:  0.00020273849077057093 PSNR:  30.625138297908926
epoch:  25800 loss:  0.0001978080254048109 PSNR:  30.700030255135076
epoch:  26000 loss:  0.00019296217942610383 PSNR:  30.73442971696179
epoch:  26200 loss:  0.00018676374747883528 PSNR:  30.839643149570616
epoch:  26400 loss:  0.0001953652099473402 PSNR:  30.74500882077534
epoch:  26600 loss:  0.00019343143503647298 PSNR:  30.737178194255492
epoch:  26800 loss:  0.0001925406977534294 PSNR:  30.757341842579834
epoch:  27000 loss:  0.0001999591913772747 PSNR:  30.703467910741193
epoch:  27200 loss:  0.00018812109192367643 PSNR:  30.789093699633266
epoch:  27400 loss:  0.0001904480450320989 PSNR:  30.801277852711703
epoch:  27600 loss:  0.00018173833086621016 PSNR:  30.86523470787793
epoch:  27800 loss:  0.00018385291332378983 PSNR:  30.822487137192077
epoch:  28000 loss:  0.0001822929916670546 PSNR:  30.850788132475778
epoch:  28200 loss:  0.00017900019884109497 PSNR:  30.898109267236336
epoch:  28400 loss:  0.00018435534730087966 PSNR:  30.8345154346207
epoch:  28600 loss:  0.00018610956612974405 PSNR:  30.804214426043703
epoch:  28800 loss:  0.00018532798276282847 PSNR:  30.805882337310937
epoch:  29000 loss:  0.00018563208868727088 PSNR:  30.814231868635105
epoch:  29200 loss:  0.0001796470460249111 PSNR:  30.887036896335903
epoch:  29400 loss:  0.00018375515355728567 PSNR:  30.811311092854563
epoch:  29600 loss:  0.0001811770925996825 PSNR:  30.86517649001116
epoch:  29800 loss:  0.00018309548613615334 PSNR:  30.85661696095862
epoch:  30000 loss:  0.00017998836119659245 PSNR:  30.87364448960992
epoch:  30200 loss:  0.00018292150343768299 PSNR:  30.844111857514992
epoch:  30400 loss:  0.00018764263950288296 PSNR:  30.766600768764825
epoch:  30600 loss:  0.00018080658628605306 PSNR:  30.84775480916285
epoch:  30800 loss:  0.00018146703951060772 PSNR:  30.855435459462083
epoch:  31000 loss:  0.000181480310857296 PSNR:  30.84868052390864
epoch:  31200 loss:  0.0001797553850337863 PSNR:  30.83460835385116
epoch:  31400 loss:  0.00018497140263207257 PSNR:  30.798851159950665
epoch:  31600 loss:  0.00018284202087670565 PSNR:  30.838262861677677
epoch:  31800 loss:  0.00018884518067352474 PSNR:  30.77929228042212
epoch:  32000 loss:  0.00017847015988081694 PSNR:  30.856953471473783
epoch:  32200 loss:  0.0001860730117186904 PSNR:  30.78586185986363
epoch:  32400 loss:  0.00017980141274165362 PSNR:  30.859138572283044
epoch:  32600 loss:  0.00017882455722428858 PSNR:  30.860117374686524
epoch:  32800 loss:  0.0001810775138437748 PSNR:  30.841413172818033
epoch:  33000 loss:  0.00018991419347003102 PSNR:  30.76538486031058
epoch:  33200 loss:  0.00017775245942175388 PSNR:  30.8491793959131
epoch:  33400 loss:  0.00018390959303360432 PSNR:  30.774729878270414
epoch:  33600 loss:  0.00019102878286503255 PSNR:  30.72803535627987
epoch:  33800 loss:  0.00017825087707024068 PSNR:  30.84575036315345
epoch:  34000 loss:  0.00018324796110391617 PSNR:  30.84165188283817
epoch:  34200 loss:  0.00018318017828278244 PSNR:  30.80577488127289
epoch:  34400 loss:  0.00017813194426707923 PSNR:  30.87733415668687
epoch:  34600 loss:  0.00017780244525056332 PSNR:  30.87453708296755
epoch:  34800 loss:  0.0001798202865757048 PSNR:  30.85009117741473
epoch:  35000 loss:  0.00017897962243296206 PSNR:  30.83356224068445
epoch:  35200 loss:  0.0001849594700615853 PSNR:  30.792006239346765
epoch:  35400 loss:  0.00017989588377531618 PSNR:  30.84969434031517
epoch:  35600 loss:  0.00017902905528899282 PSNR:  30.861542097588487
epoch:  35800 loss:  0.00019217267981730402 PSNR:  30.66848879234826
epoch:  36000 loss:  0.00017866349662654102 PSNR:  30.849891864563126
epoch:  36200 loss:  0.0001789386587915942 PSNR:  30.81399924968348
epoch:  36400 loss:  0.00017832369485404342 PSNR:  30.84132934324534
epoch:  36600 loss:  0.00017546166782267392 PSNR:  30.866969815631116
epoch:  36800 loss:  0.00017751043196767569 PSNR:  30.844476903860603
epoch:  37000 loss:  0.00017904475680552423 PSNR:  30.814444025158636
epoch:  37200 loss:  0.00017968195606954396 PSNR:  30.820172991082387
epoch:  37400 loss:  0.00017880437371786684 PSNR:  30.83118761266101
epoch:  37600 loss:  0.00018847527098841965 PSNR:  30.731367463688244
epoch:  37800 loss:  0.00017835068865679204 PSNR:  30.840831372106578
epoch:  38000 loss:  0.00017424998804926872 PSNR:  30.86749866654951
epoch:  38200 loss:  0.00017514382489025593 PSNR:  30.848474159949486
epoch:  38400 loss:  0.0001786861103028059 PSNR:  30.829936129518156
epoch:  38600 loss:  0.00017472983745392412 PSNR:  30.856232002091907
epoch:  38800 loss:  0.0001726584741845727 PSNR:  30.886522171376413
epoch:  39000 loss:  0.00017458735965192318 PSNR:  30.861605619785703
epoch:  39200 loss:  0.00018230533169116825 PSNR:  30.80906847166124
epoch:  39400 loss:  0.0001803330087568611 PSNR:  30.806050044506033
epoch:  39600 loss:  0.0001768748479662463 PSNR:  30.836101717999686
epoch:  39800 loss:  0.00017521779227536172 PSNR:  30.85027412619054
PSNR of output image is:  30.85027412619054
(3, 512, 512) (1, 3, 512, 512)
Experiment done
