Processing image: monarch
(3, 512, 512)
(3, 512, 512)
Starting optimization with optimizer 'SAM'
Output directory where image taken from: data/denoising/Set14/mask/10/SAM(sigma=0.1,lr=0.01,decay=0,beta=0)/det/-1.3/1e-09
Output directory where results stored: data/inpainting/Set14/transfer/0.8/11/10
1.1.1.weight         | nonzeros =    1251 /   12800             (  9.77%) | total_pruned =   11549 | shape = torch.Size([16, 32, 5, 5])
1.1.1.bias           | nonzeros =       0 /      16             (  0.00%) | total_pruned =      16 | shape = torch.Size([16])
1.2.weight           | nonzeros =       7 /      16             ( 43.75%) | total_pruned =       9 | shape = torch.Size([16])
1.2.bias             | nonzeros =       0 /      16             (  0.00%) | total_pruned =      16 | shape = torch.Size([16])
1.4.1.weight         | nonzeros =     124 /    6400             (  1.94%) | total_pruned =    6276 | shape = torch.Size([16, 16, 5, 5])
1.4.1.bias           | nonzeros =       0 /      16             (  0.00%) | total_pruned =      16 | shape = torch.Size([16])
1.5.weight           | nonzeros =       6 /      16             ( 37.50%) | total_pruned =      10 | shape = torch.Size([16])
1.5.bias             | nonzeros =       0 /      16             (  0.00%) | total_pruned =      16 | shape = torch.Size([16])
1.7.1.1.1.weight     | nonzeros =     107 /   12800             (  0.84%) | total_pruned =   12693 | shape = torch.Size([32, 16, 5, 5])
1.7.1.1.1.bias       | nonzeros =       0 /      32             (  0.00%) | total_pruned =      32 | shape = torch.Size([32])
1.7.1.2.weight       | nonzeros =      14 /      32             ( 43.75%) | total_pruned =      18 | shape = torch.Size([32])
1.7.1.2.bias         | nonzeros =       0 /      32             (  0.00%) | total_pruned =      32 | shape = torch.Size([32])
1.7.1.4.1.weight     | nonzeros =     179 /   25600             (  0.70%) | total_pruned =   25421 | shape = torch.Size([32, 32, 5, 5])
1.7.1.4.1.bias       | nonzeros =       0 /      32             (  0.00%) | total_pruned =      32 | shape = torch.Size([32])
1.7.1.5.weight       | nonzeros =      15 /      32             ( 46.88%) | total_pruned =      17 | shape = torch.Size([32])
1.7.1.5.bias         | nonzeros =       0 /      32             (  0.00%) | total_pruned =      32 | shape = torch.Size([32])
1.7.1.7.1.1.1.weight | nonzeros =     118 /   51200             (  0.23%) | total_pruned =   51082 | shape = torch.Size([64, 32, 5, 5])
1.7.1.7.1.1.1.bias   | nonzeros =       0 /      64             (  0.00%) | total_pruned =      64 | shape = torch.Size([64])
1.7.1.7.1.2.weight   | nonzeros =      27 /      64             ( 42.19%) | total_pruned =      37 | shape = torch.Size([64])
1.7.1.7.1.2.bias     | nonzeros =       0 /      64             (  0.00%) | total_pruned =      64 | shape = torch.Size([64])
1.7.1.7.1.4.1.weight | nonzeros =     180 /  102400             (  0.18%) | total_pruned =  102220 | shape = torch.Size([64, 64, 5, 5])
1.7.1.7.1.4.1.bias   | nonzeros =       0 /      64             (  0.00%) | total_pruned =      64 | shape = torch.Size([64])
1.7.1.7.1.5.weight   | nonzeros =      31 /      64             ( 48.44%) | total_pruned =      33 | shape = torch.Size([64])
1.7.1.7.1.5.bias     | nonzeros =       0 /      64             (  0.00%) | total_pruned =      64 | shape = torch.Size([64])
1.7.1.7.1.7.1.1.1.weight | nonzeros =      25 /  204800             (  0.01%) | total_pruned =  204775 | shape = torch.Size([128, 64, 5, 5])
1.7.1.7.1.7.1.1.1.bias | nonzeros =       0 /     128             (  0.00%) | total_pruned =     128 | shape = torch.Size([128])
1.7.1.7.1.7.1.2.weight | nonzeros =      60 /     128             ( 46.88%) | total_pruned =      68 | shape = torch.Size([128])
1.7.1.7.1.7.1.2.bias | nonzeros =       0 /     128             (  0.00%) | total_pruned =     128 | shape = torch.Size([128])
1.7.1.7.1.7.1.4.1.weight | nonzeros =     296 /  409600             (  0.07%) | total_pruned =  409304 | shape = torch.Size([128, 128, 5, 5])
1.7.1.7.1.7.1.4.1.bias | nonzeros =       0 /     128             (  0.00%) | total_pruned =     128 | shape = torch.Size([128])
1.7.1.7.1.7.1.5.weight | nonzeros =      68 /     128             ( 53.12%) | total_pruned =      60 | shape = torch.Size([128])
1.7.1.7.1.7.1.5.bias | nonzeros =       0 /     128             (  0.00%) | total_pruned =     128 | shape = torch.Size([128])
1.7.1.7.1.7.1.7.1.1.1.weight | nonzeros =     400 /  409600             (  0.10%) | total_pruned =  409200 | shape = torch.Size([128, 128, 5, 5])
1.7.1.7.1.7.1.7.1.1.1.bias | nonzeros =       0 /     128             (  0.00%) | total_pruned =     128 | shape = torch.Size([128])
1.7.1.7.1.7.1.7.1.2.weight | nonzeros =      70 /     128             ( 54.69%) | total_pruned =      58 | shape = torch.Size([128])
1.7.1.7.1.7.1.7.1.2.bias | nonzeros =       0 /     128             (  0.00%) | total_pruned =     128 | shape = torch.Size([128])
1.7.1.7.1.7.1.7.1.4.1.weight | nonzeros =    3045 /  409600             (  0.74%) | total_pruned =  406555 | shape = torch.Size([128, 128, 5, 5])
1.7.1.7.1.7.1.7.1.4.1.bias | nonzeros =       0 /     128             (  0.00%) | total_pruned =     128 | shape = torch.Size([128])
1.7.1.7.1.7.1.7.1.5.weight | nonzeros =      95 /     128             ( 74.22%) | total_pruned =      33 | shape = torch.Size([128])
1.7.1.7.1.7.1.7.1.5.bias | nonzeros =       0 /     128             (  0.00%) | total_pruned =     128 | shape = torch.Size([128])
1.7.1.7.1.7.1.7.1.7.1.1.1.weight | nonzeros =   10429 /  409600             (  2.55%) | total_pruned =  399171 | shape = torch.Size([128, 128, 5, 5])
1.7.1.7.1.7.1.7.1.7.1.1.1.bias | nonzeros =       0 /     128             (  0.00%) | total_pruned =     128 | shape = torch.Size([128])
1.7.1.7.1.7.1.7.1.7.1.2.weight | nonzeros =     102 /     128             ( 79.69%) | total_pruned =      26 | shape = torch.Size([128])
1.7.1.7.1.7.1.7.1.7.1.2.bias | nonzeros =       0 /     128             (  0.00%) | total_pruned =     128 | shape = torch.Size([128])
1.7.1.7.1.7.1.7.1.7.1.4.1.weight | nonzeros =   38256 /  409600             (  9.34%) | total_pruned =  371344 | shape = torch.Size([128, 128, 5, 5])
1.7.1.7.1.7.1.7.1.7.1.4.1.bias | nonzeros =       0 /     128             (  0.00%) | total_pruned =     128 | shape = torch.Size([128])
1.7.1.7.1.7.1.7.1.7.1.5.weight | nonzeros =      90 /     128             ( 70.31%) | total_pruned =      38 | shape = torch.Size([128])
1.7.1.7.1.7.1.7.1.7.1.5.bias | nonzeros =       0 /     128             (  0.00%) | total_pruned =     128 | shape = torch.Size([128])
1.7.1.7.1.7.1.7.1.7.2.weight | nonzeros =      90 /     128             ( 70.31%) | total_pruned =      38 | shape = torch.Size([128])
1.7.1.7.1.7.1.7.1.7.2.bias | nonzeros =       0 /     128             (  0.00%) | total_pruned =     128 | shape = torch.Size([128])
1.7.1.7.1.7.1.7.1.7.3.1.weight | nonzeros =   28593 /  147456             ( 19.39%) | total_pruned =  118863 | shape = torch.Size([128, 128, 3, 3])
1.7.1.7.1.7.1.7.1.7.3.1.bias | nonzeros =       0 /     128             (  0.00%) | total_pruned =     128 | shape = torch.Size([128])
1.7.1.7.1.7.1.7.1.7.4.weight | nonzeros =      79 /     128             ( 61.72%) | total_pruned =      49 | shape = torch.Size([128])
1.7.1.7.1.7.1.7.1.7.4.bias | nonzeros =       0 /     128             (  0.00%) | total_pruned =     128 | shape = torch.Size([128])
1.7.1.7.1.7.1.7.2.weight | nonzeros =      79 /     128             ( 61.72%) | total_pruned =      49 | shape = torch.Size([128])
1.7.1.7.1.7.1.7.2.bias | nonzeros =       0 /     128             (  0.00%) | total_pruned =     128 | shape = torch.Size([128])
1.7.1.7.1.7.1.7.3.1.weight | nonzeros =   29072 /  147456             ( 19.72%) | total_pruned =  118384 | shape = torch.Size([128, 128, 3, 3])
1.7.1.7.1.7.1.7.3.1.bias | nonzeros =       0 /     128             (  0.00%) | total_pruned =     128 | shape = torch.Size([128])
1.7.1.7.1.7.1.7.4.weight | nonzeros =      90 /     128             ( 70.31%) | total_pruned =      38 | shape = torch.Size([128])
1.7.1.7.1.7.1.7.4.bias | nonzeros =       0 /     128             (  0.00%) | total_pruned =     128 | shape = torch.Size([128])
1.7.1.7.1.7.2.weight | nonzeros =      90 /     128             ( 70.31%) | total_pruned =      38 | shape = torch.Size([128])
1.7.1.7.1.7.2.bias   | nonzeros =       0 /     128             (  0.00%) | total_pruned =     128 | shape = torch.Size([128])
1.7.1.7.1.7.3.1.weight | nonzeros =   26181 /  147456             ( 17.76%) | total_pruned =  121275 | shape = torch.Size([128, 128, 3, 3])
1.7.1.7.1.7.3.1.bias | nonzeros =       0 /     128             (  0.00%) | total_pruned =     128 | shape = torch.Size([128])
1.7.1.7.1.7.4.weight | nonzeros =      73 /     128             ( 57.03%) | total_pruned =      55 | shape = torch.Size([128])
1.7.1.7.1.7.4.bias   | nonzeros =       0 /     128             (  0.00%) | total_pruned =     128 | shape = torch.Size([128])
1.7.1.7.2.weight     | nonzeros =      73 /     128             ( 57.03%) | total_pruned =      55 | shape = torch.Size([128])
1.7.1.7.2.bias       | nonzeros =       0 /     128             (  0.00%) | total_pruned =     128 | shape = torch.Size([128])
1.7.1.7.3.1.weight   | nonzeros =   11768 /   73728             ( 15.96%) | total_pruned =   61960 | shape = torch.Size([64, 128, 3, 3])
1.7.1.7.3.1.bias     | nonzeros =       0 /      64             (  0.00%) | total_pruned =      64 | shape = torch.Size([64])
1.7.1.7.4.weight     | nonzeros =      40 /      64             ( 62.50%) | total_pruned =      24 | shape = torch.Size([64])
1.7.1.7.4.bias       | nonzeros =       0 /      64             (  0.00%) | total_pruned =      64 | shape = torch.Size([64])
1.7.2.weight         | nonzeros =      40 /      64             ( 62.50%) | total_pruned =      24 | shape = torch.Size([64])
1.7.2.bias           | nonzeros =       0 /      64             (  0.00%) | total_pruned =      64 | shape = torch.Size([64])
1.7.3.1.weight       | nonzeros =    3731 /   18432             ( 20.24%) | total_pruned =   14701 | shape = torch.Size([32, 64, 3, 3])
1.7.3.1.bias         | nonzeros =       0 /      32             (  0.00%) | total_pruned =      32 | shape = torch.Size([32])
1.7.4.weight         | nonzeros =      23 /      32             ( 71.88%) | total_pruned =       9 | shape = torch.Size([32])
1.7.4.bias           | nonzeros =       0 /      32             (  0.00%) | total_pruned =      32 | shape = torch.Size([32])
2.weight             | nonzeros =      23 /      32             ( 71.88%) | total_pruned =       9 | shape = torch.Size([32])
2.bias               | nonzeros =       0 /      32             (  0.00%) | total_pruned =      32 | shape = torch.Size([32])
3.1.weight           | nonzeros =    1469 /    4608             ( 31.88%) | total_pruned =    3139 | shape = torch.Size([16, 32, 3, 3])
3.1.bias             | nonzeros =       0 /      16             (  0.00%) | total_pruned =      16 | shape = torch.Size([16])
4.weight             | nonzeros =      16 /      16             (100.00%) | total_pruned =       0 | shape = torch.Size([16])
4.bias               | nonzeros =       0 /      16             (  0.00%) | total_pruned =      16 | shape = torch.Size([16])
6.1.weight           | nonzeros =      33 /      48             ( 68.75%) | total_pruned =      15 | shape = torch.Size([3, 16, 1, 1])
6.1.bias             | nonzeros =       1 /       3             ( 33.33%) | total_pruned =       2 | shape = torch.Size([3])
alive: 156559, pruned : 2852308, total: 3008867, Compression rate :      19.22x  ( 94.80% pruned)
Initial PSNR of output image is:  11.533833534174192
epoch:  0 loss:  0.013981688767671585 PSNR:  11.533833534174192
epoch:  200 loss:  0.0018955848645418882 PSNR:  19.884232366806604
epoch:  400 loss:  0.0006135189905762672 PSNR:  23.373566118968757
epoch:  600 loss:  0.00030745239928364754 PSNR:  25.00206362520416
epoch:  800 loss:  0.0001699235726846382 PSNR:  25.725014019964405
epoch:  1000 loss:  0.0001230354973813519 PSNR:  25.90186264356587
epoch:  1200 loss:  0.00010724798630690202 PSNR:  25.892187136027594
epoch:  1400 loss:  8.542397699784487e-05 PSNR:  25.926273184048313
epoch:  1600 loss:  7.318172720260918e-05 PSNR:  25.804013833939695
epoch:  1800 loss:  5.9816735301865265e-05 PSNR:  25.84137575789189
epoch:  2000 loss:  9.462993330089375e-05 PSNR:  25.55515316109854
epoch:  2200 loss:  6.270881567616016e-05 PSNR:  25.662949457389416
epoch:  2400 loss:  4.277101834304631e-05 PSNR:  25.71713683331388
epoch:  2600 loss:  4.476453614188358e-05 PSNR:  25.65963440797703
epoch:  2800 loss:  3.6290028219809756e-05 PSNR:  25.636823980781465
epoch:  3000 loss:  3.903138713212684e-05 PSNR:  25.59834351662927
epoch:  3200 loss:  9.169250552076846e-05 PSNR:  25.3023867643447
epoch:  3400 loss:  3.2387331884820014e-05 PSNR:  25.490368744362364
epoch:  3600 loss:  3.882197415805422e-05 PSNR:  25.544938716295214
epoch:  3800 loss:  3.633118103607558e-05 PSNR:  25.355336920871178
epoch:  4000 loss:  2.6536079531069845e-05 PSNR:  25.504316622139008
epoch:  4200 loss:  3.949828533222899e-05 PSNR:  25.415978256157278
epoch:  4400 loss:  2.4313238100148737e-05 PSNR:  25.469100922175617
epoch:  4600 loss:  2.1765332348877564e-05 PSNR:  25.463592774662622
epoch:  4800 loss:  3.885590558638796e-05 PSNR:  25.323201025415116
epoch:  5000 loss:  2.468726597726345e-05 PSNR:  25.40997226926215
epoch:  5200 loss:  1.998530569835566e-05 PSNR:  25.409641247894555
epoch:  5400 loss:  2.375715848756954e-05 PSNR:  25.366341065673193
epoch:  5600 loss:  2.0759031031047925e-05 PSNR:  25.371882872716057
epoch:  5800 loss:  1.840475670178421e-05 PSNR:  25.34309768131626
epoch:  6000 loss:  1.988424628507346e-05 PSNR:  25.311351434881992
epoch:  6200 loss:  2.7490275897434913e-05 PSNR:  25.283883575094052
epoch:  6400 loss:  1.753069409460295e-05 PSNR:  25.310497856697467
epoch:  6600 loss:  2.1335805286071263e-05 PSNR:  25.329637980189116
epoch:  6800 loss:  1.6220350516960025e-05 PSNR:  25.3131326388074
epoch:  7000 loss:  1.6147299902513623e-05 PSNR:  25.291287498260683
epoch:  7200 loss:  1.5251966942742001e-05 PSNR:  25.334099769587706
epoch:  7400 loss:  1.61897114594467e-05 PSNR:  25.328968434365
epoch:  7600 loss:  1.5429039194714278e-05 PSNR:  25.276809530237323
epoch:  7800 loss:  1.8673088561627083e-05 PSNR:  25.292492671159238
epoch:  8000 loss:  1.3863867934560403e-05 PSNR:  25.279457707315384
epoch:  8200 loss:  1.4604847820010036e-05 PSNR:  25.238218049515304
epoch:  8400 loss:  1.415938459103927e-05 PSNR:  25.242216616069015
epoch:  8600 loss:  1.462889849790372e-05 PSNR:  25.26247885270441
epoch:  8800 loss:  2.2009022359270602e-05 PSNR:  25.203420924469707
epoch:  9000 loss:  2.1533149265451357e-05 PSNR:  25.171343854150024
epoch:  9200 loss:  1.5924561012070626e-05 PSNR:  25.215356601396167
epoch:  9400 loss:  2.0482922991504893e-05 PSNR:  25.205840976688336
epoch:  9600 loss:  1.2977437108929735e-05 PSNR:  25.290214273081467
epoch:  9800 loss:  2.057674828392919e-05 PSNR:  25.154241243099797
epoch:  10000 loss:  3.266448766225949e-05 PSNR:  25.165880882573767
epoch:  10200 loss:  2.5195991838700138e-05 PSNR:  25.162747944909036
epoch:  10400 loss:  1.1878884834004566e-05 PSNR:  25.174867148447454
epoch:  10600 loss:  1.567825165693648e-05 PSNR:  25.161401018279783
epoch:  10800 loss:  1.201962550112512e-05 PSNR:  25.19979939944355
epoch:  11000 loss:  2.3869681172072887e-05 PSNR:  25.07033956045964
epoch:  11200 loss:  1.1529623407113831e-05 PSNR:  25.109045213277984
epoch:  11400 loss:  2.442701043037232e-05 PSNR:  25.04792569019053
epoch:  11600 loss:  1.5362913472927175e-05 PSNR:  25.128639169126448
epoch:  11800 loss:  1.1630543667706661e-05 PSNR:  25.11490660461417
epoch:  12000 loss:  9.856608812697232e-06 PSNR:  25.138251689197272
epoch:  12200 loss:  1.4355309758684598e-05 PSNR:  25.102933372471913
epoch:  12400 loss:  1.036388312058989e-05 PSNR:  25.12146607611602
epoch:  12600 loss:  1.126783899962902e-05 PSNR:  25.185516951925923
epoch:  12800 loss:  9.843668522080407e-06 PSNR:  25.128591739632867
epoch:  13000 loss:  3.0772731406614184e-05 PSNR:  25.15520151665327
epoch:  13200 loss:  1.0377858416177332e-05 PSNR:  25.096595362919487
epoch:  13400 loss:  1.7516336811240762e-05 PSNR:  25.092297417741808
epoch:  13600 loss:  1.0883952199947089e-05 PSNR:  25.11218885431202
epoch:  13800 loss:  9.45922511164099e-06 PSNR:  25.102180677312198
epoch:  14000 loss:  9.884696737572085e-06 PSNR:  25.151542480707345
epoch:  14200 loss:  9.346345905214548e-06 PSNR:  25.07251813163707
epoch:  14400 loss:  1.4574647138942964e-05 PSNR:  25.015026279188447
epoch:  14600 loss:  9.656914699007757e-06 PSNR:  25.094026280294717
epoch:  14800 loss:  8.865306881489232e-06 PSNR:  25.06115361051739
epoch:  15000 loss:  9.345132639282383e-06 PSNR:  25.03572792028784
epoch:  15200 loss:  1.0392481271992438e-05 PSNR:  25.040415912636217
epoch:  15400 loss:  1.1049057320633437e-05 PSNR:  25.014504257520983
epoch:  15600 loss:  1.00280340120662e-05 PSNR:  25.035180839164433
epoch:  15800 loss:  2.2392892788047902e-05 PSNR:  25.00261070953583
epoch:  16000 loss:  8.371910553250927e-06 PSNR:  25.049725597801284
epoch:  16200 loss:  1.3635011782753281e-05 PSNR:  25.032370760307124
epoch:  16400 loss:  2.0664199837483466e-05 PSNR:  25.095800942244402
epoch:  16600 loss:  1.4068029486224987e-05 PSNR:  25.020234850909766
epoch:  16800 loss:  9.648945706430823e-06 PSNR:  25.06176332729522
epoch:  17000 loss:  1.3066184692434035e-05 PSNR:  24.95015358919659
epoch:  17200 loss:  1.0534468856349122e-05 PSNR:  25.066386986878797
epoch:  17400 loss:  1.245823204953922e-05 PSNR:  25.002167277996307
epoch:  17600 loss:  3.33278403559234e-05 PSNR:  24.896972089462214
epoch:  17800 loss:  1.4576484318240546e-05 PSNR:  25.010332585187417
epoch:  18000 loss:  7.894091140769888e-06 PSNR:  25.03585172428215
epoch:  18200 loss:  9.063674951903522e-06 PSNR:  24.976852044765977
epoch:  18400 loss:  1.7827203919296153e-05 PSNR:  25.004828226513123
epoch:  18600 loss:  9.338116797152907e-06 PSNR:  25.048304624193193
epoch:  18800 loss:  1.942914786923211e-05 PSNR:  24.921092629423516
epoch:  19000 loss:  7.700456080783624e-06 PSNR:  24.992559842434666
epoch:  19200 loss:  7.873780305089895e-06 PSNR:  24.973782892083204
epoch:  19400 loss:  9.77625313680619e-06 PSNR:  24.994151729670232
epoch:  19600 loss:  9.284436600864865e-06 PSNR:  25.002117370787573
epoch:  19800 loss:  1.9852874174830504e-05 PSNR:  24.978693687071953
epoch:  20000 loss:  8.522936695953831e-06 PSNR:  25.003907670697917
epoch:  20200 loss:  7.500019819417503e-06 PSNR:  24.9655044913956
epoch:  20400 loss:  9.141964255832136e-06 PSNR:  24.9620439343318
epoch:  20600 loss:  8.280811016447842e-06 PSNR:  24.962552713497633
epoch:  20800 loss:  7.640190233360045e-06 PSNR:  24.95346168749179
epoch:  21000 loss:  8.709161193110049e-06 PSNR:  24.96116916371609
epoch:  21200 loss:  2.0936844521202147e-05 PSNR:  24.916078386231323
epoch:  21400 loss:  7.945352081151213e-06 PSNR:  24.94234413455934
epoch:  21600 loss:  7.800495950505137e-06 PSNR:  24.937855328383375
epoch:  21800 loss:  7.465599992428906e-06 PSNR:  24.951383751873635
epoch:  22000 loss:  9.545327884552535e-06 PSNR:  24.918570348391455
epoch:  22200 loss:  1.1175699910381809e-05 PSNR:  25.028142956311864
epoch:  22400 loss:  8.80982588569168e-06 PSNR:  24.93811097710153
epoch:  22600 loss:  1.1874004485434853e-05 PSNR:  24.886274003395663
epoch:  22800 loss:  1.084872019418981e-05 PSNR:  24.88179607221259
epoch:  23000 loss:  7.702022230660077e-06 PSNR:  24.93084425452802
epoch:  23200 loss:  1.4710747564095072e-05 PSNR:  24.843477371975247
epoch:  23400 loss:  7.022197678452358e-06 PSNR:  24.95885789152519
epoch:  23600 loss:  7.192172688519349e-06 PSNR:  24.926024018276486
epoch:  23800 loss:  7.767883289488964e-06 PSNR:  24.940275925701286
epoch:  24000 loss:  7.615308277308941e-06 PSNR:  24.879970172717137
epoch:  24200 loss:  6.998752269282704e-06 PSNR:  24.89346178964574
epoch:  24400 loss:  6.8784875111305155e-06 PSNR:  24.905046614358405
epoch:  24600 loss:  9.736384527059272e-06 PSNR:  24.870451475632652
epoch:  24800 loss:  8.408302164752968e-06 PSNR:  24.91427281898561
epoch:  25000 loss:  7.991340680746362e-06 PSNR:  24.879757424009025
epoch:  25200 loss:  6.735742317687254e-06 PSNR:  24.881560519473314
epoch:  25400 loss:  7.955971341289114e-06 PSNR:  24.89971775612198
epoch:  25600 loss:  1.4449974514718633e-05 PSNR:  24.8505593979593
epoch:  25800 loss:  6.819318059569923e-06 PSNR:  24.86771431814567
epoch:  26000 loss:  7.747374183963984e-06 PSNR:  24.905755265922377
epoch:  26200 loss:  1.3549381037591957e-05 PSNR:  24.940043802660703
epoch:  26400 loss:  6.499059054476675e-06 PSNR:  24.879824917719002
epoch:  26600 loss:  1.7102422134485096e-05 PSNR:  24.81794333772056
epoch:  26800 loss:  8.740546036278829e-06 PSNR:  24.846847472486026
epoch:  27000 loss:  7.14066391083179e-06 PSNR:  24.873645040824655
epoch:  27200 loss:  7.507655936933588e-06 PSNR:  24.892866512464327
epoch:  27400 loss:  8.784313649812248e-06 PSNR:  24.867953463647858
epoch:  27600 loss:  7.079439001245191e-06 PSNR:  24.85325237460641
epoch:  27800 loss:  7.314412414416438e-06 PSNR:  24.838740450902396
epoch:  28000 loss:  9.146036973106675e-06 PSNR:  24.816033741126606
epoch:  28200 loss:  8.257429726654664e-06 PSNR:  24.847552864714896
epoch:  28400 loss:  6.572010079253232e-06 PSNR:  24.85471236052643
epoch:  28600 loss:  1.337750563834561e-05 PSNR:  24.846133244538457
epoch:  28800 loss:  8.468046871712431e-06 PSNR:  24.834471600558977
epoch:  29000 loss:  1.0454181392560713e-05 PSNR:  24.852646201070545
epoch:  29200 loss:  9.52688333200058e-06 PSNR:  24.830292427961588
epoch:  29400 loss:  6.43415842205286e-06 PSNR:  24.853991272677526
epoch:  29600 loss:  1.0313934581063222e-05 PSNR:  24.796816896879825
epoch:  29800 loss:  6.642230800935067e-06 PSNR:  24.84562681266205
epoch:  30000 loss:  7.140011348383268e-06 PSNR:  24.84595671191446
epoch:  30200 loss:  6.1586797528434545e-06 PSNR:  24.847788741331073
epoch:  30400 loss:  7.566018211946357e-06 PSNR:  24.82212721220089
epoch:  30600 loss:  1.4634066246799193e-05 PSNR:  24.873827361605166
epoch:  30800 loss:  6.353242497425526e-06 PSNR:  24.832184309810557
epoch:  31000 loss:  1.0400610335636884e-05 PSNR:  24.80916013948947
epoch:  31200 loss:  7.3439214247628115e-06 PSNR:  24.80608885106204
epoch:  31400 loss:  7.085196102707414e-06 PSNR:  24.808035379840533
epoch:  31600 loss:  1.7497019143775105e-05 PSNR:  24.83517036758858
epoch:  31800 loss:  5.942986717855092e-06 PSNR:  24.8113526669272
epoch:  32000 loss:  8.51279401103966e-06 PSNR:  24.802705607123134
epoch:  32200 loss:  6.018041858624201e-06 PSNR:  24.81500801303639
epoch:  32400 loss:  6.864852821308887e-06 PSNR:  24.807737716093076
epoch:  32600 loss:  6.8436652327363845e-06 PSNR:  24.818902284735366
epoch:  32800 loss:  7.937672307889443e-06 PSNR:  24.80530271792222
epoch:  33000 loss:  7.134055977076059e-06 PSNR:  24.82769600798152
epoch:  33200 loss:  8.12961661722511e-06 PSNR:  24.786701841051652
epoch:  33400 loss:  5.8623659242584836e-06 PSNR:  24.809398836511875
epoch:  33600 loss:  1.007430000754539e-05 PSNR:  24.837501430068862
epoch:  33800 loss:  6.632529675698606e-06 PSNR:  24.779675079301136
epoch:  34000 loss:  6.406706233974546e-06 PSNR:  24.801435584279524
epoch:  34200 loss:  6.1830883169022854e-06 PSNR:  24.807728538706677
epoch:  34400 loss:  6.334390491247177e-06 PSNR:  24.81343327023829
epoch:  34600 loss:  5.720661192754051e-06 PSNR:  24.805433271604166
epoch:  34800 loss:  1.0391231626272202e-05 PSNR:  24.76850708892166
epoch:  35000 loss:  6.109284186095465e-06 PSNR:  24.792973771844004
epoch:  35200 loss:  9.464392860536464e-06 PSNR:  24.782749637637856
epoch:  35400 loss:  6.7201453930465505e-06 PSNR:  24.774409423169082
epoch:  35600 loss:  7.599417585879564e-06 PSNR:  24.81464093050734
epoch:  35800 loss:  5.933725333306938e-06 PSNR:  24.78104638205579
epoch:  36000 loss:  9.546183719066903e-06 PSNR:  24.723297378184274
epoch:  36200 loss:  5.674054591509048e-06 PSNR:  24.775218828400586
epoch:  36400 loss:  5.710744062525919e-06 PSNR:  24.780724112826867
epoch:  36600 loss:  7.248846486618277e-06 PSNR:  24.815273692284023
epoch:  36800 loss:  5.601553311862517e-06 PSNR:  24.770287622751063
epoch:  37000 loss:  5.749063348048367e-06 PSNR:  24.764399061466698
epoch:  37200 loss:  6.375404154823627e-06 PSNR:  24.80173617677677
epoch:  37400 loss:  6.534997282869881e-06 PSNR:  24.774886668618592
epoch:  37600 loss:  6.447551641031168e-06 PSNR:  24.771442691686936
epoch:  37800 loss:  5.589002739725402e-06 PSNR:  24.765116633154456
epoch:  38000 loss:  6.139824108686298e-06 PSNR:  24.75796076247029
epoch:  38200 loss:  6.740663593518548e-06 PSNR:  24.82685433381282
epoch:  38400 loss:  6.195698006195016e-06 PSNR:  24.759134942703742
epoch:  38600 loss:  6.415927600755822e-06 PSNR:  24.748195193321088
epoch:  38800 loss:  9.122128176386468e-06 PSNR:  24.777566227885114
epoch:  39000 loss:  8.666873327456415e-06 PSNR:  24.80653197363778
epoch:  39200 loss:  9.520367711957078e-06 PSNR:  24.72734717276028
epoch:  39400 loss:  5.510280516318744e-06 PSNR:  24.753126134982764
epoch:  39600 loss:  6.155285063869087e-06 PSNR:  24.735187941355807
epoch:  39800 loss:  5.464839887281414e-06 PSNR:  24.773606542643197
PSNR of output image is:  24.773606542643197
(3, 512, 512) (1, 3, 512, 512)
Experiment done
