Processing image: lenna
(3, 512, 512)
(3, 512, 512)
Starting optimization with optimizer 'SAM'
Output directory where image taken from: data/denoising/Set14/mask/13/SAM(sigma=0.1,lr=0.01,decay=0,beta=0)/det/-1.3/1e-09
Output directory where results stored: data/inpainting/Set14/transfer/0.8/13/13
1.1.1.weight         | nonzeros =    1308 /   12800             ( 10.22%) | total_pruned =   11492 | shape = torch.Size([16, 32, 5, 5])
1.1.1.bias           | nonzeros =       0 /      16             (  0.00%) | total_pruned =      16 | shape = torch.Size([16])
1.2.weight           | nonzeros =       8 /      16             ( 50.00%) | total_pruned =       8 | shape = torch.Size([16])
1.2.bias             | nonzeros =       0 /      16             (  0.00%) | total_pruned =      16 | shape = torch.Size([16])
1.4.1.weight         | nonzeros =     218 /    6400             (  3.41%) | total_pruned =    6182 | shape = torch.Size([16, 16, 5, 5])
1.4.1.bias           | nonzeros =       0 /      16             (  0.00%) | total_pruned =      16 | shape = torch.Size([16])
1.5.weight           | nonzeros =       7 /      16             ( 43.75%) | total_pruned =       9 | shape = torch.Size([16])
1.5.bias             | nonzeros =       0 /      16             (  0.00%) | total_pruned =      16 | shape = torch.Size([16])
1.7.1.1.1.weight     | nonzeros =     110 /   12800             (  0.86%) | total_pruned =   12690 | shape = torch.Size([32, 16, 5, 5])
1.7.1.1.1.bias       | nonzeros =       0 /      32             (  0.00%) | total_pruned =      32 | shape = torch.Size([32])
1.7.1.2.weight       | nonzeros =      13 /      32             ( 40.62%) | total_pruned =      19 | shape = torch.Size([32])
1.7.1.2.bias         | nonzeros =       0 /      32             (  0.00%) | total_pruned =      32 | shape = torch.Size([32])
1.7.1.4.1.weight     | nonzeros =     140 /   25600             (  0.55%) | total_pruned =   25460 | shape = torch.Size([32, 32, 5, 5])
1.7.1.4.1.bias       | nonzeros =       0 /      32             (  0.00%) | total_pruned =      32 | shape = torch.Size([32])
1.7.1.5.weight       | nonzeros =      10 /      32             ( 31.25%) | total_pruned =      22 | shape = torch.Size([32])
1.7.1.5.bias         | nonzeros =       0 /      32             (  0.00%) | total_pruned =      32 | shape = torch.Size([32])
1.7.1.7.1.1.1.weight | nonzeros =      94 /   51200             (  0.18%) | total_pruned =   51106 | shape = torch.Size([64, 32, 5, 5])
1.7.1.7.1.1.1.bias   | nonzeros =       0 /      64             (  0.00%) | total_pruned =      64 | shape = torch.Size([64])
1.7.1.7.1.2.weight   | nonzeros =      31 /      64             ( 48.44%) | total_pruned =      33 | shape = torch.Size([64])
1.7.1.7.1.2.bias     | nonzeros =       0 /      64             (  0.00%) | total_pruned =      64 | shape = torch.Size([64])
1.7.1.7.1.4.1.weight | nonzeros =     152 /  102400             (  0.15%) | total_pruned =  102248 | shape = torch.Size([64, 64, 5, 5])
1.7.1.7.1.4.1.bias   | nonzeros =       0 /      64             (  0.00%) | total_pruned =      64 | shape = torch.Size([64])
1.7.1.7.1.5.weight   | nonzeros =      30 /      64             ( 46.88%) | total_pruned =      34 | shape = torch.Size([64])
1.7.1.7.1.5.bias     | nonzeros =       0 /      64             (  0.00%) | total_pruned =      64 | shape = torch.Size([64])
1.7.1.7.1.7.1.1.1.weight | nonzeros =      28 /  204800             (  0.01%) | total_pruned =  204772 | shape = torch.Size([128, 64, 5, 5])
1.7.1.7.1.7.1.1.1.bias | nonzeros =       0 /     128             (  0.00%) | total_pruned =     128 | shape = torch.Size([128])
1.7.1.7.1.7.1.2.weight | nonzeros =      66 /     128             ( 51.56%) | total_pruned =      62 | shape = torch.Size([128])
1.7.1.7.1.7.1.2.bias | nonzeros =       0 /     128             (  0.00%) | total_pruned =     128 | shape = torch.Size([128])
1.7.1.7.1.7.1.4.1.weight | nonzeros =      99 /  409600             (  0.02%) | total_pruned =  409501 | shape = torch.Size([128, 128, 5, 5])
1.7.1.7.1.7.1.4.1.bias | nonzeros =       0 /     128             (  0.00%) | total_pruned =     128 | shape = torch.Size([128])
1.7.1.7.1.7.1.5.weight | nonzeros =      70 /     128             ( 54.69%) | total_pruned =      58 | shape = torch.Size([128])
1.7.1.7.1.7.1.5.bias | nonzeros =       0 /     128             (  0.00%) | total_pruned =     128 | shape = torch.Size([128])
1.7.1.7.1.7.1.7.1.1.1.weight | nonzeros =     130 /  409600             (  0.03%) | total_pruned =  409470 | shape = torch.Size([128, 128, 5, 5])
1.7.1.7.1.7.1.7.1.1.1.bias | nonzeros =       0 /     128             (  0.00%) | total_pruned =     128 | shape = torch.Size([128])
1.7.1.7.1.7.1.7.1.2.weight | nonzeros =      87 /     128             ( 67.97%) | total_pruned =      41 | shape = torch.Size([128])
1.7.1.7.1.7.1.7.1.2.bias | nonzeros =       0 /     128             (  0.00%) | total_pruned =     128 | shape = torch.Size([128])
1.7.1.7.1.7.1.7.1.4.1.weight | nonzeros =    2050 /  409600             (  0.50%) | total_pruned =  407550 | shape = torch.Size([128, 128, 5, 5])
1.7.1.7.1.7.1.7.1.4.1.bias | nonzeros =       0 /     128             (  0.00%) | total_pruned =     128 | shape = torch.Size([128])
1.7.1.7.1.7.1.7.1.5.weight | nonzeros =     103 /     128             ( 80.47%) | total_pruned =      25 | shape = torch.Size([128])
1.7.1.7.1.7.1.7.1.5.bias | nonzeros =       0 /     128             (  0.00%) | total_pruned =     128 | shape = torch.Size([128])
1.7.1.7.1.7.1.7.1.7.1.1.1.weight | nonzeros =    9182 /  409600             (  2.24%) | total_pruned =  400418 | shape = torch.Size([128, 128, 5, 5])
1.7.1.7.1.7.1.7.1.7.1.1.1.bias | nonzeros =       0 /     128             (  0.00%) | total_pruned =     128 | shape = torch.Size([128])
1.7.1.7.1.7.1.7.1.7.1.2.weight | nonzeros =      98 /     128             ( 76.56%) | total_pruned =      30 | shape = torch.Size([128])
1.7.1.7.1.7.1.7.1.7.1.2.bias | nonzeros =       0 /     128             (  0.00%) | total_pruned =     128 | shape = torch.Size([128])
1.7.1.7.1.7.1.7.1.7.1.4.1.weight | nonzeros =   33308 /  409600             (  8.13%) | total_pruned =  376292 | shape = torch.Size([128, 128, 5, 5])
1.7.1.7.1.7.1.7.1.7.1.4.1.bias | nonzeros =       0 /     128             (  0.00%) | total_pruned =     128 | shape = torch.Size([128])
1.7.1.7.1.7.1.7.1.7.1.5.weight | nonzeros =      85 /     128             ( 66.41%) | total_pruned =      43 | shape = torch.Size([128])
1.7.1.7.1.7.1.7.1.7.1.5.bias | nonzeros =       0 /     128             (  0.00%) | total_pruned =     128 | shape = torch.Size([128])
1.7.1.7.1.7.1.7.1.7.2.weight | nonzeros =      85 /     128             ( 66.41%) | total_pruned =      43 | shape = torch.Size([128])
1.7.1.7.1.7.1.7.1.7.2.bias | nonzeros =       0 /     128             (  0.00%) | total_pruned =     128 | shape = torch.Size([128])
1.7.1.7.1.7.1.7.1.7.3.1.weight | nonzeros =   28714 /  147456             ( 19.47%) | total_pruned =  118742 | shape = torch.Size([128, 128, 3, 3])
1.7.1.7.1.7.1.7.1.7.3.1.bias | nonzeros =       0 /     128             (  0.00%) | total_pruned =     128 | shape = torch.Size([128])
1.7.1.7.1.7.1.7.1.7.4.weight | nonzeros =      86 /     128             ( 67.19%) | total_pruned =      42 | shape = torch.Size([128])
1.7.1.7.1.7.1.7.1.7.4.bias | nonzeros =       0 /     128             (  0.00%) | total_pruned =     128 | shape = torch.Size([128])
1.7.1.7.1.7.1.7.2.weight | nonzeros =      86 /     128             ( 67.19%) | total_pruned =      42 | shape = torch.Size([128])
1.7.1.7.1.7.1.7.2.bias | nonzeros =       0 /     128             (  0.00%) | total_pruned =     128 | shape = torch.Size([128])
1.7.1.7.1.7.1.7.3.1.weight | nonzeros =   28731 /  147456             ( 19.48%) | total_pruned =  118725 | shape = torch.Size([128, 128, 3, 3])
1.7.1.7.1.7.1.7.3.1.bias | nonzeros =       0 /     128             (  0.00%) | total_pruned =     128 | shape = torch.Size([128])
1.7.1.7.1.7.1.7.4.weight | nonzeros =      84 /     128             ( 65.62%) | total_pruned =      44 | shape = torch.Size([128])
1.7.1.7.1.7.1.7.4.bias | nonzeros =       0 /     128             (  0.00%) | total_pruned =     128 | shape = torch.Size([128])
1.7.1.7.1.7.2.weight | nonzeros =      84 /     128             ( 65.62%) | total_pruned =      44 | shape = torch.Size([128])
1.7.1.7.1.7.2.bias   | nonzeros =       0 /     128             (  0.00%) | total_pruned =     128 | shape = torch.Size([128])
1.7.1.7.1.7.3.1.weight | nonzeros =   25584 /  147456             ( 17.35%) | total_pruned =  121872 | shape = torch.Size([128, 128, 3, 3])
1.7.1.7.1.7.3.1.bias | nonzeros =       0 /     128             (  0.00%) | total_pruned =     128 | shape = torch.Size([128])
1.7.1.7.1.7.4.weight | nonzeros =      78 /     128             ( 60.94%) | total_pruned =      50 | shape = torch.Size([128])
1.7.1.7.1.7.4.bias   | nonzeros =       0 /     128             (  0.00%) | total_pruned =     128 | shape = torch.Size([128])
1.7.1.7.2.weight     | nonzeros =      78 /     128             ( 60.94%) | total_pruned =      50 | shape = torch.Size([128])
1.7.1.7.2.bias       | nonzeros =       0 /     128             (  0.00%) | total_pruned =     128 | shape = torch.Size([128])
1.7.1.7.3.1.weight   | nonzeros =   11373 /   73728             ( 15.43%) | total_pruned =   62355 | shape = torch.Size([64, 128, 3, 3])
1.7.1.7.3.1.bias     | nonzeros =       0 /      64             (  0.00%) | total_pruned =      64 | shape = torch.Size([64])
1.7.1.7.4.weight     | nonzeros =      36 /      64             ( 56.25%) | total_pruned =      28 | shape = torch.Size([64])
1.7.1.7.4.bias       | nonzeros =       0 /      64             (  0.00%) | total_pruned =      64 | shape = torch.Size([64])
1.7.2.weight         | nonzeros =      36 /      64             ( 56.25%) | total_pruned =      28 | shape = torch.Size([64])
1.7.2.bias           | nonzeros =       0 /      64             (  0.00%) | total_pruned =      64 | shape = torch.Size([64])
1.7.3.1.weight       | nonzeros =    2392 /   18432             ( 12.98%) | total_pruned =   16040 | shape = torch.Size([32, 64, 3, 3])
1.7.3.1.bias         | nonzeros =       0 /      32             (  0.00%) | total_pruned =      32 | shape = torch.Size([32])
1.7.4.weight         | nonzeros =      15 /      32             ( 46.88%) | total_pruned =      17 | shape = torch.Size([32])
1.7.4.bias           | nonzeros =       0 /      32             (  0.00%) | total_pruned =      32 | shape = torch.Size([32])
2.weight             | nonzeros =      15 /      32             ( 46.88%) | total_pruned =      17 | shape = torch.Size([32])
2.bias               | nonzeros =       0 /      32             (  0.00%) | total_pruned =      32 | shape = torch.Size([32])
3.1.weight           | nonzeros =     979 /    4608             ( 21.25%) | total_pruned =    3629 | shape = torch.Size([16, 32, 3, 3])
3.1.bias             | nonzeros =       0 /      16             (  0.00%) | total_pruned =      16 | shape = torch.Size([16])
4.weight             | nonzeros =      16 /      16             (100.00%) | total_pruned =       0 | shape = torch.Size([16])
4.bias               | nonzeros =       0 /      16             (  0.00%) | total_pruned =      16 | shape = torch.Size([16])
6.1.weight           | nonzeros =      30 /      48             ( 62.50%) | total_pruned =      18 | shape = torch.Size([3, 16, 1, 1])
6.1.bias             | nonzeros =       2 /       3             ( 66.67%) | total_pruned =       1 | shape = torch.Size([3])
alive: 145931, pruned : 2862936, total: 3008867, Compression rate :      20.62x  ( 95.15% pruned)
Initial PSNR of output image is:  10.420349171803231
epoch:  0 loss:  0.0164593905210495 PSNR:  10.420349171803231
epoch:  200 loss:  0.0006402960862033069 PSNR:  24.275392215321673
epoch:  400 loss:  0.0003993817954324186 PSNR:  25.92819626609268
epoch:  600 loss:  0.00027502726879902184 PSNR:  27.02859310844344
epoch:  800 loss:  0.00020005324040539563 PSNR:  27.632927337238463
epoch:  1000 loss:  0.00017838916392065585 PSNR:  27.72378664626479
epoch:  1200 loss:  0.00013815867714583874 PSNR:  27.966243724685302
epoch:  1400 loss:  0.00011889385496033356 PSNR:  27.997187106997167
epoch:  1600 loss:  0.00010576173372101039 PSNR:  27.972604425411397
epoch:  1800 loss:  0.00010618247324600816 PSNR:  27.801159696859425
epoch:  2000 loss:  8.565434109186754e-05 PSNR:  27.856023707377354
epoch:  2200 loss:  8.069309842539951e-05 PSNR:  27.773855646258227
epoch:  2400 loss:  7.601641118526459e-05 PSNR:  27.65083193323321
epoch:  2600 loss:  7.567345164716244e-05 PSNR:  27.633591386325115
epoch:  2800 loss:  7.584788545500487e-05 PSNR:  27.56412098599839
epoch:  3000 loss:  6.919447332620621e-05 PSNR:  27.462895545665056
epoch:  3200 loss:  6.049704097677022e-05 PSNR:  27.44591265574245
epoch:  3400 loss:  6.1076192650944e-05 PSNR:  27.387708677003936
epoch:  3600 loss:  6.166542152641341e-05 PSNR:  27.271440452506752
epoch:  3800 loss:  6.548585224663839e-05 PSNR:  27.109267189484406
epoch:  4000 loss:  5.5086289648897946e-05 PSNR:  27.213669757093623
epoch:  4200 loss:  9.95558439171873e-05 PSNR:  26.86682206858595
epoch:  4400 loss:  7.393658597720787e-05 PSNR:  27.046851248460847
epoch:  4600 loss:  5.359822534956038e-05 PSNR:  27.12081106428347
epoch:  4800 loss:  5.804628744954243e-05 PSNR:  27.137940067566255
epoch:  5000 loss:  4.61917879874818e-05 PSNR:  27.06459674145623
epoch:  5200 loss:  4.4094747863709927e-05 PSNR:  27.018981524317063
epoch:  5400 loss:  5.547042746911757e-05 PSNR:  26.77392339985805
epoch:  5600 loss:  6.064062108634971e-05 PSNR:  26.81766877889555
epoch:  5800 loss:  5.070335464552045e-05 PSNR:  26.84754240407244
epoch:  6000 loss:  4.077094126841985e-05 PSNR:  26.88571769715648
epoch:  6200 loss:  4.703981539933011e-05 PSNR:  26.770882991976194
epoch:  6400 loss:  4.7298017307184637e-05 PSNR:  26.719520405842943
epoch:  6600 loss:  5.1269642426632345e-05 PSNR:  26.730333982975463
epoch:  6800 loss:  4.121334495721385e-05 PSNR:  26.817880831742265
epoch:  7000 loss:  3.9739665226079524e-05 PSNR:  26.681263605954296
epoch:  7200 loss:  3.651505903690122e-05 PSNR:  26.73576941699908
epoch:  7400 loss:  3.8031183066777885e-05 PSNR:  26.656394966376773
epoch:  7600 loss:  4.0016999264480546e-05 PSNR:  26.664110261940955
epoch:  7800 loss:  4.25628932134714e-05 PSNR:  26.71496937292374
epoch:  8000 loss:  3.9935577660799026e-05 PSNR:  26.661117897705022
epoch:  8200 loss:  3.565824226825498e-05 PSNR:  26.730929474574808
epoch:  8400 loss:  3.4213309845654294e-05 PSNR:  26.649948666525077
epoch:  8600 loss:  3.813781950157136e-05 PSNR:  26.611647525616057
epoch:  8800 loss:  4.0658902435097843e-05 PSNR:  26.535400758563515
epoch:  9000 loss:  3.449761788942851e-05 PSNR:  26.600426543889647
epoch:  9200 loss:  3.684280818561092e-05 PSNR:  26.60215905939723
epoch:  9400 loss:  4.797947622137144e-05 PSNR:  26.718828375161003
epoch:  9600 loss:  3.2107716833706945e-05 PSNR:  26.495311627065572
epoch:  9800 loss:  3.1514638976659626e-05 PSNR:  26.531120366745835
epoch:  10000 loss:  3.653328894870356e-05 PSNR:  26.539023435364566
epoch:  10200 loss:  3.359060428920202e-05 PSNR:  26.484454323156093
epoch:  10400 loss:  3.068423757213168e-05 PSNR:  26.45511811135004
epoch:  10600 loss:  2.9409435228444636e-05 PSNR:  26.43023960316128
epoch:  10800 loss:  3.0617706215707585e-05 PSNR:  26.43378940741104
epoch:  11000 loss:  3.080311216763221e-05 PSNR:  26.36966587550201
epoch:  11200 loss:  3.152884528390132e-05 PSNR:  26.428439643115553
epoch:  11400 loss:  3.301821925560944e-05 PSNR:  26.30239644796439
epoch:  11600 loss:  2.8599335564649664e-05 PSNR:  26.366771599718785
epoch:  11800 loss:  3.0337952921399847e-05 PSNR:  26.251156571142978
epoch:  12000 loss:  2.9760918550891802e-05 PSNR:  26.376317512074557
epoch:  12200 loss:  2.9123175409040414e-05 PSNR:  26.351735804175892
epoch:  12400 loss:  2.8685801225947216e-05 PSNR:  26.284637362909034
epoch:  12600 loss:  3.789585753111169e-05 PSNR:  26.256231534695754
epoch:  12800 loss:  2.7496032998897135e-05 PSNR:  26.26554536330098
epoch:  13000 loss:  3.6133002140559256e-05 PSNR:  26.142185355680887
epoch:  13200 loss:  2.818010216287803e-05 PSNR:  26.27244428251984
epoch:  13400 loss:  3.070895763812587e-05 PSNR:  26.260478019849998
epoch:  13600 loss:  3.088083030888811e-05 PSNR:  26.22547391154189
epoch:  13800 loss:  3.515842399792746e-05 PSNR:  26.22409096908505
epoch:  14000 loss:  2.7189982574782334e-05 PSNR:  26.25638231058148
epoch:  14200 loss:  3.154629303026013e-05 PSNR:  26.17828841239628
epoch:  14400 loss:  3.092209590249695e-05 PSNR:  26.15847591160902
epoch:  14600 loss:  3.320521136629395e-05 PSNR:  26.14794833660992
epoch:  14800 loss:  2.6770259864861146e-05 PSNR:  26.17286969064693
epoch:  15000 loss:  2.8174606995889917e-05 PSNR:  26.142946536572857
epoch:  15200 loss:  2.7809186576632783e-05 PSNR:  26.239220402895143
epoch:  15400 loss:  2.926235720224213e-05 PSNR:  26.06277618724636
epoch:  15600 loss:  2.6838984922505915e-05 PSNR:  26.080027424720132
epoch:  15800 loss:  3.777291931328364e-05 PSNR:  26.186324449231726
epoch:  16000 loss:  2.9299346351763234e-05 PSNR:  26.147152987885836
epoch:  16200 loss:  2.7391193725634366e-05 PSNR:  26.12524531319933
epoch:  16400 loss:  2.8653686968027614e-05 PSNR:  26.07728478471325
epoch:  16600 loss:  3.2524752896279097e-05 PSNR:  26.01480658872793
epoch:  16800 loss:  2.5420929887332022e-05 PSNR:  26.098319816874778
epoch:  17000 loss:  2.6402824005344883e-05 PSNR:  26.051880207117456
epoch:  17200 loss:  2.5850869860732928e-05 PSNR:  26.018558948196965
epoch:  17400 loss:  2.793883868434932e-05 PSNR:  26.086432901837444
epoch:  17600 loss:  2.4309712898684666e-05 PSNR:  26.067557973583583
epoch:  17800 loss:  2.880240572267212e-05 PSNR:  26.06922482772371
epoch:  18000 loss:  2.942297942354344e-05 PSNR:  25.97829937669379
epoch:  18200 loss:  2.4193741410272196e-05 PSNR:  26.030640726699936
epoch:  18400 loss:  2.6005063773482107e-05 PSNR:  25.925093101960535
epoch:  18600 loss:  2.5848436052910984e-05 PSNR:  26.00562311539403
epoch:  18800 loss:  2.4481189029756933e-05 PSNR:  25.944954085169552
epoch:  19000 loss:  2.5115554308285937e-05 PSNR:  25.91269512385526
epoch:  19200 loss:  2.3433054593624547e-05 PSNR:  25.971208044021424
epoch:  19400 loss:  2.4378043235628866e-05 PSNR:  25.934412336062273
epoch:  19600 loss:  2.6710802558227442e-05 PSNR:  25.898125722871196
epoch:  19800 loss:  2.3462154786102474e-05 PSNR:  25.937909457041478
epoch:  20000 loss:  2.7887712349183857e-05 PSNR:  25.874255559534667
epoch:  20200 loss:  2.3744603822706267e-05 PSNR:  25.921245902594137
epoch:  20400 loss:  2.3016920749796554e-05 PSNR:  25.898375466929355
epoch:  20600 loss:  3.002475386892911e-05 PSNR:  25.841505761725703
epoch:  20800 loss:  2.5257158995373175e-05 PSNR:  25.951777644800337
epoch:  21000 loss:  2.421971657895483e-05 PSNR:  25.90177856896824
epoch:  21200 loss:  2.379665238549933e-05 PSNR:  25.883485371512425
epoch:  21400 loss:  2.7363552362658083e-05 PSNR:  25.928190111186595
epoch:  21600 loss:  2.3025166228762828e-05 PSNR:  25.845341597635894
epoch:  21800 loss:  2.3272015823749825e-05 PSNR:  25.909952795032957
epoch:  22000 loss:  2.8695276341750287e-05 PSNR:  25.68887325685403
epoch:  22200 loss:  2.850591772585176e-05 PSNR:  25.815699002786666
epoch:  22400 loss:  2.5193270630552433e-05 PSNR:  25.857269965327248
epoch:  22600 loss:  2.3077736841514707e-05 PSNR:  25.85612222245908
epoch:  22800 loss:  2.4503500753780827e-05 PSNR:  25.757818757501028
epoch:  23000 loss:  2.416087590972893e-05 PSNR:  25.804582266218
epoch:  23200 loss:  2.484695505700074e-05 PSNR:  25.74252075321658
epoch:  23400 loss:  2.340775063203182e-05 PSNR:  25.797122900467745
epoch:  23600 loss:  2.3582153517054394e-05 PSNR:  25.85700440929813
epoch:  23800 loss:  2.640773709572386e-05 PSNR:  25.755296256195667
epoch:  24000 loss:  2.1952026145299897e-05 PSNR:  25.756704179795847
epoch:  24200 loss:  2.1772139007225633e-05 PSNR:  25.824939873729114
epoch:  24400 loss:  2.2717713363817893e-05 PSNR:  25.8067705904799
epoch:  24600 loss:  2.2025245925760828e-05 PSNR:  25.72728400268824
epoch:  24800 loss:  2.534621125960257e-05 PSNR:  25.76469640946232
epoch:  25000 loss:  2.112500078510493e-05 PSNR:  25.765594942443073
epoch:  25200 loss:  2.115816459991038e-05 PSNR:  25.7806762584255
epoch:  25400 loss:  2.3920167222968303e-05 PSNR:  25.79674242014928
epoch:  25600 loss:  2.6396464818390086e-05 PSNR:  25.8062704269878
epoch:  25800 loss:  2.6908644940704107e-05 PSNR:  25.671130252083643
epoch:  26000 loss:  2.1305109839886427e-05 PSNR:  25.755001799281168
epoch:  26200 loss:  2.284267611685209e-05 PSNR:  25.726514228545916
epoch:  26400 loss:  2.119228520314209e-05 PSNR:  25.729280006885624
epoch:  26600 loss:  2.1441632270580158e-05 PSNR:  25.74187757247939
epoch:  26800 loss:  2.302099164808169e-05 PSNR:  25.74512013986927
epoch:  27000 loss:  2.1905862013227306e-05 PSNR:  25.707998553606316
epoch:  27200 loss:  2.2384898329619318e-05 PSNR:  25.72664265466146
epoch:  27400 loss:  2.1513922547455877e-05 PSNR:  25.742733482935407
epoch:  27600 loss:  2.1034968085587025e-05 PSNR:  25.679919200907744
epoch:  27800 loss:  2.2575801267521456e-05 PSNR:  25.710661402358326
epoch:  28000 loss:  2.1660502170561813e-05 PSNR:  25.671883639998057
epoch:  28200 loss:  2.0591483917087317e-05 PSNR:  25.679041124187087
epoch:  28400 loss:  2.1315598132787272e-05 PSNR:  25.630273176890903
epoch:  28600 loss:  2.129818676621653e-05 PSNR:  25.70237640423439
epoch:  28800 loss:  2.3332962882705033e-05 PSNR:  25.751562736875698
epoch:  29000 loss:  2.350671638851054e-05 PSNR:  25.66551007611961
epoch:  29200 loss:  2.061797567876056e-05 PSNR:  25.701664862263577
epoch:  29400 loss:  2.447976658004336e-05 PSNR:  25.692372110030703
epoch:  29600 loss:  2.7717818738892674e-05 PSNR:  25.725876770804547
epoch:  29800 loss:  2.171977757825516e-05 PSNR:  25.648562791234028
epoch:  30000 loss:  2.039171158685349e-05 PSNR:  25.645694678739808
epoch:  30200 loss:  2.1618914615828544e-05 PSNR:  25.683748693835582
epoch:  30400 loss:  1.993995829252526e-05 PSNR:  25.6508586457786
epoch:  30600 loss:  2.2087300749262795e-05 PSNR:  25.69249786481536
epoch:  30800 loss:  2.0312443666625768e-05 PSNR:  25.65305007563374
epoch:  31000 loss:  2.2584274120163172e-05 PSNR:  25.55087595656736
epoch:  31200 loss:  2.1164354620850645e-05 PSNR:  25.573361926831097
epoch:  31400 loss:  2.134324131475296e-05 PSNR:  25.67502374909436
epoch:  31600 loss:  2.0068986486876383e-05 PSNR:  25.633682804130707
epoch:  31800 loss:  2.7671572752296925e-05 PSNR:  25.620010774903932
epoch:  32000 loss:  2.249595672765281e-05 PSNR:  25.640685795732665
epoch:  32200 loss:  2.44855837081559e-05 PSNR:  25.694845817223964
epoch:  32400 loss:  2.1313453544280492e-05 PSNR:  25.624617041050687
epoch:  32600 loss:  2.1371684852056205e-05 PSNR:  25.629606183686615
epoch:  32800 loss:  2.0421857698238455e-05 PSNR:  25.60750730652929
epoch:  33000 loss:  2.133047928509768e-05 PSNR:  25.611616769504156
epoch:  33200 loss:  2.2233512936509214e-05 PSNR:  25.607439113832076
epoch:  33400 loss:  2.3584570953971706e-05 PSNR:  25.573124113344935
epoch:  33600 loss:  2.2275517039815895e-05 PSNR:  25.574718563489686
epoch:  33800 loss:  2.0315375877544284e-05 PSNR:  25.554689701598466
epoch:  34000 loss:  2.3625301764695905e-05 PSNR:  25.628462477483236
epoch:  34200 loss:  2.2116952095529996e-05 PSNR:  25.630058496514202
epoch:  34400 loss:  2.2374406398739666e-05 PSNR:  25.598880249195368
epoch:  34600 loss:  2.4021515855565667e-05 PSNR:  25.581477668004602
epoch:  34800 loss:  2.0338395188446157e-05 PSNR:  25.58050929234982
epoch:  35000 loss:  2.0229090296197683e-05 PSNR:  25.59655019678499
epoch:  35200 loss:  1.996818718907889e-05 PSNR:  25.55331510931683
epoch:  35400 loss:  1.9773331587202847e-05 PSNR:  25.559385876049948
epoch:  35600 loss:  2.138538366125431e-05 PSNR:  25.59574827000823
epoch:  35800 loss:  2.2237887606024742e-05 PSNR:  25.551297166906185
epoch:  36000 loss:  2.13188450288726e-05 PSNR:  25.55808852197576
epoch:  36200 loss:  2.039616447291337e-05 PSNR:  25.560445285698098
epoch:  36400 loss:  2.0885938283754513e-05 PSNR:  25.526335436882086
epoch:  36600 loss:  2.0290490283514373e-05 PSNR:  25.55684200587426
epoch:  36800 loss:  1.908137528516818e-05 PSNR:  25.53073503877596
epoch:  37000 loss:  2.0956305888830684e-05 PSNR:  25.530955296393532
epoch:  37200 loss:  2.500430855434388e-05 PSNR:  25.499279370827125
epoch:  37400 loss:  1.9728444385691546e-05 PSNR:  25.540333220263328
epoch:  37600 loss:  2.004440284508746e-05 PSNR:  25.48965058024264
epoch:  37800 loss:  1.9862873159581795e-05 PSNR:  25.477529804186453
epoch:  38000 loss:  2.0718311134260148e-05 PSNR:  25.55314170281694
epoch:  38200 loss:  1.897539186757058e-05 PSNR:  25.522971378228586
epoch:  38400 loss:  2.007703369599767e-05 PSNR:  25.498271011556003
epoch:  38600 loss:  1.935023465193808e-05 PSNR:  25.520309861855758
epoch:  38800 loss:  1.974548285943456e-05 PSNR:  25.506632094709158
epoch:  39000 loss:  1.9119488570140675e-05 PSNR:  25.527156715737323
epoch:  39200 loss:  2.0528361346805468e-05 PSNR:  25.536799210386896
epoch:  39400 loss:  1.99281785171479e-05 PSNR:  25.525689825944518
epoch:  39600 loss:  2.108151966240257e-05 PSNR:  25.442432372187163
epoch:  39800 loss:  2.0266041246941313e-05 PSNR:  25.499775671507287
PSNR of output image is:  25.499775671507287
(3, 512, 512) (1, 3, 512, 512)
Experiment done
Processing image: lenna
(3, 512, 512)
(3, 512, 512)
Starting optimization with optimizer 'SAM'
Output directory where image taken from: data/denoising/Set14/mask/13/SAM(sigma=0.1,lr=0.01,decay=0,beta=0)/det/-1.3/1e-09
Output directory where results stored: data/inpainting/Set14/transfer/0.8/13/13
1.1.1.weight         | nonzeros =    1308 /   12800             ( 10.22%) | total_pruned =   11492 | shape = torch.Size([16, 32, 5, 5])
1.1.1.bias           | nonzeros =       0 /      16             (  0.00%) | total_pruned =      16 | shape = torch.Size([16])
1.2.weight           | nonzeros =       8 /      16             ( 50.00%) | total_pruned =       8 | shape = torch.Size([16])
1.2.bias             | nonzeros =       0 /      16             (  0.00%) | total_pruned =      16 | shape = torch.Size([16])
1.4.1.weight         | nonzeros =     218 /    6400             (  3.41%) | total_pruned =    6182 | shape = torch.Size([16, 16, 5, 5])
1.4.1.bias           | nonzeros =       0 /      16             (  0.00%) | total_pruned =      16 | shape = torch.Size([16])
1.5.weight           | nonzeros =       7 /      16             ( 43.75%) | total_pruned =       9 | shape = torch.Size([16])
1.5.bias             | nonzeros =       0 /      16             (  0.00%) | total_pruned =      16 | shape = torch.Size([16])
1.7.1.1.1.weight     | nonzeros =     110 /   12800             (  0.86%) | total_pruned =   12690 | shape = torch.Size([32, 16, 5, 5])
1.7.1.1.1.bias       | nonzeros =       0 /      32             (  0.00%) | total_pruned =      32 | shape = torch.Size([32])
1.7.1.2.weight       | nonzeros =      13 /      32             ( 40.62%) | total_pruned =      19 | shape = torch.Size([32])
1.7.1.2.bias         | nonzeros =       0 /      32             (  0.00%) | total_pruned =      32 | shape = torch.Size([32])
1.7.1.4.1.weight     | nonzeros =     140 /   25600             (  0.55%) | total_pruned =   25460 | shape = torch.Size([32, 32, 5, 5])
1.7.1.4.1.bias       | nonzeros =       0 /      32             (  0.00%) | total_pruned =      32 | shape = torch.Size([32])
1.7.1.5.weight       | nonzeros =      10 /      32             ( 31.25%) | total_pruned =      22 | shape = torch.Size([32])
1.7.1.5.bias         | nonzeros =       0 /      32             (  0.00%) | total_pruned =      32 | shape = torch.Size([32])
1.7.1.7.1.1.1.weight | nonzeros =      94 /   51200             (  0.18%) | total_pruned =   51106 | shape = torch.Size([64, 32, 5, 5])
1.7.1.7.1.1.1.bias   | nonzeros =       0 /      64             (  0.00%) | total_pruned =      64 | shape = torch.Size([64])
1.7.1.7.1.2.weight   | nonzeros =      31 /      64             ( 48.44%) | total_pruned =      33 | shape = torch.Size([64])
1.7.1.7.1.2.bias     | nonzeros =       0 /      64             (  0.00%) | total_pruned =      64 | shape = torch.Size([64])
1.7.1.7.1.4.1.weight | nonzeros =     152 /  102400             (  0.15%) | total_pruned =  102248 | shape = torch.Size([64, 64, 5, 5])
1.7.1.7.1.4.1.bias   | nonzeros =       0 /      64             (  0.00%) | total_pruned =      64 | shape = torch.Size([64])
1.7.1.7.1.5.weight   | nonzeros =      30 /      64             ( 46.88%) | total_pruned =      34 | shape = torch.Size([64])
1.7.1.7.1.5.bias     | nonzeros =       0 /      64             (  0.00%) | total_pruned =      64 | shape = torch.Size([64])
1.7.1.7.1.7.1.1.1.weight | nonzeros =      28 /  204800             (  0.01%) | total_pruned =  204772 | shape = torch.Size([128, 64, 5, 5])
1.7.1.7.1.7.1.1.1.bias | nonzeros =       0 /     128             (  0.00%) | total_pruned =     128 | shape = torch.Size([128])
1.7.1.7.1.7.1.2.weight | nonzeros =      66 /     128             ( 51.56%) | total_pruned =      62 | shape = torch.Size([128])
1.7.1.7.1.7.1.2.bias | nonzeros =       0 /     128             (  0.00%) | total_pruned =     128 | shape = torch.Size([128])
1.7.1.7.1.7.1.4.1.weight | nonzeros =      99 /  409600             (  0.02%) | total_pruned =  409501 | shape = torch.Size([128, 128, 5, 5])
1.7.1.7.1.7.1.4.1.bias | nonzeros =       0 /     128             (  0.00%) | total_pruned =     128 | shape = torch.Size([128])
1.7.1.7.1.7.1.5.weight | nonzeros =      70 /     128             ( 54.69%) | total_pruned =      58 | shape = torch.Size([128])
1.7.1.7.1.7.1.5.bias | nonzeros =       0 /     128             (  0.00%) | total_pruned =     128 | shape = torch.Size([128])
1.7.1.7.1.7.1.7.1.1.1.weight | nonzeros =     130 /  409600             (  0.03%) | total_pruned =  409470 | shape = torch.Size([128, 128, 5, 5])
1.7.1.7.1.7.1.7.1.1.1.bias | nonzeros =       0 /     128             (  0.00%) | total_pruned =     128 | shape = torch.Size([128])
1.7.1.7.1.7.1.7.1.2.weight | nonzeros =      87 /     128             ( 67.97%) | total_pruned =      41 | shape = torch.Size([128])
1.7.1.7.1.7.1.7.1.2.bias | nonzeros =       0 /     128             (  0.00%) | total_pruned =     128 | shape = torch.Size([128])
1.7.1.7.1.7.1.7.1.4.1.weight | nonzeros =    2050 /  409600             (  0.50%) | total_pruned =  407550 | shape = torch.Size([128, 128, 5, 5])
1.7.1.7.1.7.1.7.1.4.1.bias | nonzeros =       0 /     128             (  0.00%) | total_pruned =     128 | shape = torch.Size([128])
1.7.1.7.1.7.1.7.1.5.weight | nonzeros =     103 /     128             ( 80.47%) | total_pruned =      25 | shape = torch.Size([128])
1.7.1.7.1.7.1.7.1.5.bias | nonzeros =       0 /     128             (  0.00%) | total_pruned =     128 | shape = torch.Size([128])
1.7.1.7.1.7.1.7.1.7.1.1.1.weight | nonzeros =    9182 /  409600             (  2.24%) | total_pruned =  400418 | shape = torch.Size([128, 128, 5, 5])
1.7.1.7.1.7.1.7.1.7.1.1.1.bias | nonzeros =       0 /     128             (  0.00%) | total_pruned =     128 | shape = torch.Size([128])
1.7.1.7.1.7.1.7.1.7.1.2.weight | nonzeros =      98 /     128             ( 76.56%) | total_pruned =      30 | shape = torch.Size([128])
1.7.1.7.1.7.1.7.1.7.1.2.bias | nonzeros =       0 /     128             (  0.00%) | total_pruned =     128 | shape = torch.Size([128])
1.7.1.7.1.7.1.7.1.7.1.4.1.weight | nonzeros =   33308 /  409600             (  8.13%) | total_pruned =  376292 | shape = torch.Size([128, 128, 5, 5])
1.7.1.7.1.7.1.7.1.7.1.4.1.bias | nonzeros =       0 /     128             (  0.00%) | total_pruned =     128 | shape = torch.Size([128])
1.7.1.7.1.7.1.7.1.7.1.5.weight | nonzeros =      85 /     128             ( 66.41%) | total_pruned =      43 | shape = torch.Size([128])
1.7.1.7.1.7.1.7.1.7.1.5.bias | nonzeros =       0 /     128             (  0.00%) | total_pruned =     128 | shape = torch.Size([128])
1.7.1.7.1.7.1.7.1.7.2.weight | nonzeros =      85 /     128             ( 66.41%) | total_pruned =      43 | shape = torch.Size([128])
1.7.1.7.1.7.1.7.1.7.2.bias | nonzeros =       0 /     128             (  0.00%) | total_pruned =     128 | shape = torch.Size([128])
1.7.1.7.1.7.1.7.1.7.3.1.weight | nonzeros =   28714 /  147456             ( 19.47%) | total_pruned =  118742 | shape = torch.Size([128, 128, 3, 3])
1.7.1.7.1.7.1.7.1.7.3.1.bias | nonzeros =       0 /     128             (  0.00%) | total_pruned =     128 | shape = torch.Size([128])
1.7.1.7.1.7.1.7.1.7.4.weight | nonzeros =      86 /     128             ( 67.19%) | total_pruned =      42 | shape = torch.Size([128])
1.7.1.7.1.7.1.7.1.7.4.bias | nonzeros =       0 /     128             (  0.00%) | total_pruned =     128 | shape = torch.Size([128])
1.7.1.7.1.7.1.7.2.weight | nonzeros =      86 /     128             ( 67.19%) | total_pruned =      42 | shape = torch.Size([128])
1.7.1.7.1.7.1.7.2.bias | nonzeros =       0 /     128             (  0.00%) | total_pruned =     128 | shape = torch.Size([128])
1.7.1.7.1.7.1.7.3.1.weight | nonzeros =   28731 /  147456             ( 19.48%) | total_pruned =  118725 | shape = torch.Size([128, 128, 3, 3])
1.7.1.7.1.7.1.7.3.1.bias | nonzeros =       0 /     128             (  0.00%) | total_pruned =     128 | shape = torch.Size([128])
1.7.1.7.1.7.1.7.4.weight | nonzeros =      84 /     128             ( 65.62%) | total_pruned =      44 | shape = torch.Size([128])
1.7.1.7.1.7.1.7.4.bias | nonzeros =       0 /     128             (  0.00%) | total_pruned =     128 | shape = torch.Size([128])
1.7.1.7.1.7.2.weight | nonzeros =      84 /     128             ( 65.62%) | total_pruned =      44 | shape = torch.Size([128])
1.7.1.7.1.7.2.bias   | nonzeros =       0 /     128             (  0.00%) | total_pruned =     128 | shape = torch.Size([128])
1.7.1.7.1.7.3.1.weight | nonzeros =   25584 /  147456             ( 17.35%) | total_pruned =  121872 | shape = torch.Size([128, 128, 3, 3])
1.7.1.7.1.7.3.1.bias | nonzeros =       0 /     128             (  0.00%) | total_pruned =     128 | shape = torch.Size([128])
1.7.1.7.1.7.4.weight | nonzeros =      78 /     128             ( 60.94%) | total_pruned =      50 | shape = torch.Size([128])
1.7.1.7.1.7.4.bias   | nonzeros =       0 /     128             (  0.00%) | total_pruned =     128 | shape = torch.Size([128])
1.7.1.7.2.weight     | nonzeros =      78 /     128             ( 60.94%) | total_pruned =      50 | shape = torch.Size([128])
1.7.1.7.2.bias       | nonzeros =       0 /     128             (  0.00%) | total_pruned =     128 | shape = torch.Size([128])
1.7.1.7.3.1.weight   | nonzeros =   11373 /   73728             ( 15.43%) | total_pruned =   62355 | shape = torch.Size([64, 128, 3, 3])
1.7.1.7.3.1.bias     | nonzeros =       0 /      64             (  0.00%) | total_pruned =      64 | shape = torch.Size([64])
1.7.1.7.4.weight     | nonzeros =      36 /      64             ( 56.25%) | total_pruned =      28 | shape = torch.Size([64])
1.7.1.7.4.bias       | nonzeros =       0 /      64             (  0.00%) | total_pruned =      64 | shape = torch.Size([64])
1.7.2.weight         | nonzeros =      36 /      64             ( 56.25%) | total_pruned =      28 | shape = torch.Size([64])
1.7.2.bias           | nonzeros =       0 /      64             (  0.00%) | total_pruned =      64 | shape = torch.Size([64])
1.7.3.1.weight       | nonzeros =    2392 /   18432             ( 12.98%) | total_pruned =   16040 | shape = torch.Size([32, 64, 3, 3])
1.7.3.1.bias         | nonzeros =       0 /      32             (  0.00%) | total_pruned =      32 | shape = torch.Size([32])
1.7.4.weight         | nonzeros =      15 /      32             ( 46.88%) | total_pruned =      17 | shape = torch.Size([32])
1.7.4.bias           | nonzeros =       0 /      32             (  0.00%) | total_pruned =      32 | shape = torch.Size([32])
2.weight             | nonzeros =      15 /      32             ( 46.88%) | total_pruned =      17 | shape = torch.Size([32])
2.bias               | nonzeros =       0 /      32             (  0.00%) | total_pruned =      32 | shape = torch.Size([32])
3.1.weight           | nonzeros =     979 /    4608             ( 21.25%) | total_pruned =    3629 | shape = torch.Size([16, 32, 3, 3])
3.1.bias             | nonzeros =       0 /      16             (  0.00%) | total_pruned =      16 | shape = torch.Size([16])
4.weight             | nonzeros =      16 /      16             (100.00%) | total_pruned =       0 | shape = torch.Size([16])
4.bias               | nonzeros =       0 /      16             (  0.00%) | total_pruned =      16 | shape = torch.Size([16])
6.1.weight           | nonzeros =      30 /      48             ( 62.50%) | total_pruned =      18 | shape = torch.Size([3, 16, 1, 1])
6.1.bias             | nonzeros =       2 /       3             ( 66.67%) | total_pruned =       1 | shape = torch.Size([3])
alive: 145931, pruned : 2862936, total: 3008867, Compression rate :      20.62x  ( 95.15% pruned)
Initial PSNR of output image is:  10.420349171803231
epoch:  0 loss:  0.016286222264170647 PSNR:  10.420349171803231
epoch:  200 loss:  0.0005770385032519698 PSNR:  24.61659407095294
epoch:  400 loss:  0.00034384868922643363 PSNR:  26.393603221264446
epoch:  600 loss:  0.0002932913484983146 PSNR:  26.681958828006103
epoch:  800 loss:  0.00021573428239207715 PSNR:  27.340753257470745
epoch:  1000 loss:  0.00016935075109358877 PSNR:  27.629101593260007
epoch:  1200 loss:  0.0001359701418550685 PSNR:  27.74857633654048
epoch:  1400 loss:  0.00011196827836101875 PSNR:  27.92359053991863
epoch:  1600 loss:  0.00010678338003344834 PSNR:  27.683902725915402
epoch:  1800 loss:  0.00010272733925376087 PSNR:  27.789874993552992
epoch:  2000 loss:  8.988755143946037e-05 PSNR:  27.51087338151201
epoch:  2200 loss:  8.400091610383242e-05 PSNR:  27.540724154116912
epoch:  2400 loss:  6.852354272268713e-05 PSNR:  27.58797665854801
epoch:  2600 loss:  6.687440327368677e-05 PSNR:  27.589863185302544
epoch:  2800 loss:  8.213568798964843e-05 PSNR:  27.259447616689954
epoch:  3000 loss:  6.578567263204604e-05 PSNR:  27.260256783954873
epoch:  3200 loss:  6.356269295793027e-05 PSNR:  27.429072005587084
epoch:  3400 loss:  6.0604663303820416e-05 PSNR:  27.40757834185001
epoch:  3600 loss:  5.524208245333284e-05 PSNR:  27.398024043528892
epoch:  3800 loss:  4.939881546306424e-05 PSNR:  27.221761098495563
epoch:  4000 loss:  6.0382517403922975e-05 PSNR:  27.136418492814123
epoch:  4200 loss:  5.4266987717710435e-05 PSNR:  27.09168169019165
epoch:  4400 loss:  4.731886292574927e-05 PSNR:  27.112567341797664
epoch:  4600 loss:  4.566853021970019e-05 PSNR:  27.06959241801283
epoch:  4800 loss:  4.57537971669808e-05 PSNR:  27.079982461894502
epoch:  5000 loss:  4.7843313950579613e-05 PSNR:  26.991879756124355
epoch:  5200 loss:  4.308475035941228e-05 PSNR:  26.80987506585849
epoch:  5400 loss:  5.38975145900622e-05 PSNR:  26.765305103934818
epoch:  5600 loss:  4.362584149930626e-05 PSNR:  26.86703571653682
epoch:  5800 loss:  3.952320184907876e-05 PSNR:  26.902674445324244
epoch:  6000 loss:  3.913238469976932e-05 PSNR:  26.87044049455407
epoch:  6200 loss:  4.2971889342879876e-05 PSNR:  26.932155830180292
epoch:  6400 loss:  3.854090755339712e-05 PSNR:  26.874516470635164
epoch:  6600 loss:  4.729747161036357e-05 PSNR:  26.55784903099406
epoch:  6800 loss:  4.151631583226845e-05 PSNR:  26.53495837387647
epoch:  7000 loss:  6.363845022860914e-05 PSNR:  26.476208917114317
epoch:  7200 loss:  3.361950075486675e-05 PSNR:  26.742648064505616
epoch:  7400 loss:  3.599153569666669e-05 PSNR:  26.736259744803238
epoch:  7600 loss:  3.507104702293873e-05 PSNR:  26.682939492075207
epoch:  7800 loss:  4.2814303014893085e-05 PSNR:  26.56698540111674
epoch:  8000 loss:  3.600032505346462e-05 PSNR:  26.67746394495882
epoch:  8200 loss:  3.8542500988114625e-05 PSNR:  26.573087520064306
epoch:  8400 loss:  3.803903018706478e-05 PSNR:  26.524397505447617
epoch:  8600 loss:  3.127292075078003e-05 PSNR:  26.569805285017498
epoch:  8800 loss:  3.1676594517193735e-05 PSNR:  26.52815840077465
epoch:  9000 loss:  3.730852040462196e-05 PSNR:  26.694631143331307
epoch:  9200 loss:  3.491030292934738e-05 PSNR:  26.50231320957402
epoch:  9400 loss:  3.640765498857945e-05 PSNR:  26.642293963063416
epoch:  9600 loss:  3.5678727726917714e-05 PSNR:  26.516273813755973
epoch:  9800 loss:  3.094897692790255e-05 PSNR:  26.444955877948644
epoch:  10000 loss:  3.3644173527136445e-05 PSNR:  26.554334528951923
epoch:  10200 loss:  2.9330094548640773e-05 PSNR:  26.44371363021978
epoch:  10400 loss:  3.06214569718577e-05 PSNR:  26.39852071383472
epoch:  10600 loss:  3.070262755500153e-05 PSNR:  26.468334593672417
epoch:  10800 loss:  3.805621963692829e-05 PSNR:  26.31218403758616
epoch:  11000 loss:  2.7939542633248493e-05 PSNR:  26.37490372871676
epoch:  11200 loss:  3.107784141320735e-05 PSNR:  26.389616713021866
epoch:  11400 loss:  2.8381915399222635e-05 PSNR:  26.362595353204824
epoch:  11600 loss:  2.8657410439336672e-05 PSNR:  26.41690663291715
epoch:  11800 loss:  3.234852192690596e-05 PSNR:  26.360297724407985
epoch:  12000 loss:  2.6371573767391965e-05 PSNR:  26.333326816920657
epoch:  12200 loss:  2.6916944989352487e-05 PSNR:  26.29333997706542
epoch:  12400 loss:  2.6326784791308455e-05 PSNR:  26.262790855614632
epoch:  12600 loss:  3.837242184090428e-05 PSNR:  26.35292438179972
epoch:  12800 loss:  2.585939728305675e-05 PSNR:  26.24370792820895
epoch:  13000 loss:  2.7069087082054466e-05 PSNR:  26.343984585612937
epoch:  13200 loss:  3.480220038909465e-05 PSNR:  26.164382649638675
epoch:  13400 loss:  2.8613647373276763e-05 PSNR:  26.299109445163186
epoch:  13600 loss:  2.5805704353842884e-05 PSNR:  26.197399738713244
epoch:  13800 loss:  2.5400364393135533e-05 PSNR:  26.194641823470132
epoch:  14000 loss:  3.234027826692909e-05 PSNR:  26.178929723741362
epoch:  14200 loss:  2.4300905351992697e-05 PSNR:  26.199662368336625
epoch:  14400 loss:  3.3017098758136854e-05 PSNR:  26.234577104410704
epoch:  14600 loss:  2.4986973585328087e-05 PSNR:  26.16271739171058
epoch:  14800 loss:  2.465954821673222e-05 PSNR:  26.18992124147509
epoch:  15000 loss:  2.412153480690904e-05 PSNR:  26.15439974023417
epoch:  15200 loss:  2.9578955945908092e-05 PSNR:  26.165235482916685
epoch:  15400 loss:  2.403159305686131e-05 PSNR:  26.1169393603467
epoch:  15600 loss:  3.080791066167876e-05 PSNR:  26.060186720048936
epoch:  15800 loss:  3.078714871662669e-05 PSNR:  26.13099183253444
epoch:  16000 loss:  3.265989653300494e-05 PSNR:  26.15795117440479
epoch:  16200 loss:  2.810009755194187e-05 PSNR:  26.094452257351257
epoch:  16400 loss:  2.3321423213928938e-05 PSNR:  26.079052783549166
epoch:  16600 loss:  2.6985775548382662e-05 PSNR:  26.083112574542803
epoch:  16800 loss:  2.507158205844462e-05 PSNR:  26.14368290280504
epoch:  17000 loss:  2.6803005312103778e-05 PSNR:  26.051016329405133
epoch:  17200 loss:  2.4739651053096168e-05 PSNR:  26.057519533342997
epoch:  17400 loss:  3.1576259061694145e-05 PSNR:  26.16680091649927
epoch:  17600 loss:  2.38255706790369e-05 PSNR:  26.01277405002886
epoch:  17800 loss:  2.3963963030837476e-05 PSNR:  26.0814053149954
epoch:  18000 loss:  2.4167264200514182e-05 PSNR:  25.988330449578836
epoch:  18200 loss:  2.4785404093563557e-05 PSNR:  26.08991273931819
epoch:  18400 loss:  2.718088035180699e-05 PSNR:  25.95951696910599
epoch:  18600 loss:  2.223265437351074e-05 PSNR:  26.009767117757686
epoch:  18800 loss:  2.2174432160682045e-05 PSNR:  26.00253123505604
epoch:  19000 loss:  2.18848254007753e-05 PSNR:  26.009926598687834
epoch:  19200 loss:  2.6047739083878696e-05 PSNR:  25.915742970465104
epoch:  19400 loss:  2.4282966478494927e-05 PSNR:  25.929298134831175
epoch:  19600 loss:  2.8588872737600468e-05 PSNR:  25.85407399143866
epoch:  19800 loss:  2.1317886421456933e-05 PSNR:  25.934863632327843
epoch:  20000 loss:  2.184687036788091e-05 PSNR:  25.979403356142544
epoch:  20200 loss:  2.1498097339645028e-05 PSNR:  25.90657303091111
epoch:  20400 loss:  3.090022801188752e-05 PSNR:  25.91878111303858
epoch:  20600 loss:  2.5055702280951664e-05 PSNR:  25.828863795457252
epoch:  20800 loss:  2.4351384126930498e-05 PSNR:  25.961127355766603
epoch:  21000 loss:  2.2414495106204413e-05 PSNR:  25.9212467804611
epoch:  21200 loss:  2.4041501092142425e-05 PSNR:  25.883289565809445
epoch:  21400 loss:  3.241997546865605e-05 PSNR:  25.823160331161002
epoch:  21600 loss:  2.1768591977888718e-05 PSNR:  25.890335858152504
epoch:  21800 loss:  2.0927876903442666e-05 PSNR:  25.840895151642403
epoch:  22000 loss:  2.080640842905268e-05 PSNR:  25.868816147329348
epoch:  22200 loss:  2.5688204914331436e-05 PSNR:  25.829017629046824
epoch:  22400 loss:  2.1921083316556178e-05 PSNR:  25.8476269463196
epoch:  22600 loss:  2.1377112716436386e-05 PSNR:  25.914412259905294
epoch:  22800 loss:  2.485863478796091e-05 PSNR:  25.802537265446283
epoch:  23000 loss:  2.6181773137068376e-05 PSNR:  25.784893421871082
epoch:  23200 loss:  2.1277386622386985e-05 PSNR:  25.82023206888995
epoch:  23400 loss:  2.5780993382795714e-05 PSNR:  25.869836250300438
epoch:  23600 loss:  2.080854756059125e-05 PSNR:  25.833996958286903
epoch:  23800 loss:  2.0571400455082767e-05 PSNR:  25.813075021997438
epoch:  24000 loss:  2.164730176446028e-05 PSNR:  25.814785761549
epoch:  24200 loss:  2.269438118673861e-05 PSNR:  25.834785162316738
epoch:  24400 loss:  2.953477633127477e-05 PSNR:  25.709562204581154
epoch:  24600 loss:  2.1622825443046167e-05 PSNR:  25.825673192151257
epoch:  24800 loss:  2.116672658303287e-05 PSNR:  25.814910828268115
epoch:  25000 loss:  2.3603473891853355e-05 PSNR:  25.72433995496205
epoch:  25200 loss:  2.0269988453947008e-05 PSNR:  25.77535060465753
epoch:  25400 loss:  2.0032000975334086e-05 PSNR:  25.74454273852993
epoch:  25600 loss:  2.1231080609140918e-05 PSNR:  25.810171091446566
epoch:  25800 loss:  2.2494152290164493e-05 PSNR:  25.71142628035064
epoch:  26000 loss:  2.7372216209187172e-05 PSNR:  25.824366786573908
epoch:  26200 loss:  2.2734657250111923e-05 PSNR:  25.77219651539901
epoch:  26400 loss:  2.1255047613522038e-05 PSNR:  25.788322379495092
epoch:  26600 loss:  2.3497239453718066e-05 PSNR:  25.747536786207238
epoch:  26800 loss:  2.1872123397770338e-05 PSNR:  25.770990047770223
epoch:  27000 loss:  2.1095984266139567e-05 PSNR:  25.78272501884006
epoch:  27200 loss:  2.3359161787084304e-05 PSNR:  25.78739529816612
epoch:  27400 loss:  2.132849840563722e-05 PSNR:  25.732816622149915
epoch:  27600 loss:  2.023324486799538e-05 PSNR:  25.751318339412514
epoch:  27800 loss:  2.040847175521776e-05 PSNR:  25.753640881950844
epoch:  28000 loss:  2.2797603378421627e-05 PSNR:  25.652884607189765
epoch:  28200 loss:  1.9259874534327537e-05 PSNR:  25.684108596310033
epoch:  28400 loss:  2.2652893676422536e-05 PSNR:  25.723160126656865
epoch:  28600 loss:  1.9844199414364994e-05 PSNR:  25.750555688262345
epoch:  28800 loss:  2.0014436813653447e-05 PSNR:  25.66383437592807
epoch:  29000 loss:  2.1359366655815393e-05 PSNR:  25.617753268269958
epoch:  29200 loss:  2.1859697881154716e-05 PSNR:  25.75608931908323
epoch:  29400 loss:  1.9181319657946005e-05 PSNR:  25.685625834130654
epoch:  29600 loss:  1.876854003057815e-05 PSNR:  25.691810005675602
epoch:  29800 loss:  1.951170270331204e-05 PSNR:  25.680054145692356
epoch:  30000 loss:  2.238834713352844e-05 PSNR:  25.6544780702836
epoch:  30200 loss:  2.3902135581010953e-05 PSNR:  25.728966732244952
epoch:  30400 loss:  2.163658427889459e-05 PSNR:  25.73421685538267
epoch:  30600 loss:  1.95713946595788e-05 PSNR:  25.64728591758794
epoch:  30800 loss:  2.1542407921515405e-05 PSNR:  25.63687721470665
epoch:  31000 loss:  2.1745254343841225e-05 PSNR:  25.725769348034415
epoch:  31200 loss:  1.9866711227223277e-05 PSNR:  25.702646445104854
epoch:  31400 loss:  1.9244616851210594e-05 PSNR:  25.644036900108922
epoch:  31600 loss:  1.8813821952790022e-05 PSNR:  25.64921827245389
epoch:  31800 loss:  2.454677269270178e-05 PSNR:  25.582055711786996
epoch:  32000 loss:  2.1467332771862857e-05 PSNR:  25.658258744468267
epoch:  32200 loss:  1.851086381066125e-05 PSNR:  25.65725327184575
epoch:  32400 loss:  2.1682280930690467e-05 PSNR:  25.667423233419843
epoch:  32600 loss:  1.9104480088572018e-05 PSNR:  25.62080982199502
epoch:  32800 loss:  1.8928953068098053e-05 PSNR:  25.647348969353395
epoch:  33000 loss:  2.2171498130774125e-05 PSNR:  25.660080258868668
epoch:  33200 loss:  1.9726130631170236e-05 PSNR:  25.655143527582872
epoch:  33400 loss:  1.8389089746051468e-05 PSNR:  25.6360649302872
epoch:  33600 loss:  2.0098790628253482e-05 PSNR:  25.54405280298544
epoch:  33800 loss:  2.034478893619962e-05 PSNR:  25.57617819097681
epoch:  34000 loss:  1.9582554159569554e-05 PSNR:  25.523152795439906
epoch:  34200 loss:  1.9679762772284448e-05 PSNR:  25.667090377867808
epoch:  34400 loss:  1.8040233044303022e-05 PSNR:  25.615509616452897
epoch:  34600 loss:  1.84144992090296e-05 PSNR:  25.609312556453983
epoch:  34800 loss:  2.1513838873943314e-05 PSNR:  25.482295580547788
epoch:  35000 loss:  1.9324310414958745e-05 PSNR:  25.58270772708967
epoch:  35200 loss:  2.0790743292309344e-05 PSNR:  25.60166907331123
epoch:  35400 loss:  2.0897481590509415e-05 PSNR:  25.66236773800278
epoch:  35600 loss:  1.80642800842179e-05 PSNR:  25.57314315414959
epoch:  35800 loss:  2.6650413929019123e-05 PSNR:  25.48229439033441
epoch:  36000 loss:  1.9989805878140032e-05 PSNR:  25.558184608988057
epoch:  36200 loss:  2.2485231966129504e-05 PSNR:  25.50670550531009
epoch:  36400 loss:  1.8330872990190983e-05 PSNR:  25.567300735625643
epoch:  36600 loss:  2.0827257685596123e-05 PSNR:  25.599833164391757
epoch:  36800 loss:  1.8931590602733195e-05 PSNR:  25.592555064879505
epoch:  37000 loss:  2.3262109607458115e-05 PSNR:  25.57508899732643
epoch:  37200 loss:  1.9495975720928982e-05 PSNR:  25.511793807914295
epoch:  37400 loss:  1.800022437237203e-05 PSNR:  25.549201998928822
epoch:  37600 loss:  1.8705643014982343e-05 PSNR:  25.526918613055216
epoch:  37800 loss:  1.8657021428225562e-05 PSNR:  25.540789599711093
epoch:  38000 loss:  2.047472480626311e-05 PSNR:  25.508878462419396
epoch:  38200 loss:  1.9082188373431563e-05 PSNR:  25.551595061845852
epoch:  38400 loss:  1.7709591702441685e-05 PSNR:  25.529329905693846
epoch:  38600 loss:  1.7897711586556397e-05 PSNR:  25.535232674764153
epoch:  38800 loss:  2.013236007769592e-05 PSNR:  25.549658102537
epoch:  39000 loss:  1.7911359464051202e-05 PSNR:  25.500622620489146
epoch:  39200 loss:  2.0051375031471252e-05 PSNR:  25.574816234989953
epoch:  39400 loss:  1.769145455909893e-05 PSNR:  25.496303951250894
epoch:  39600 loss:  1.7945065337698907e-05 PSNR:  25.53988090910171
epoch:  39800 loss:  1.8408192772767507e-05 PSNR:  25.53356072022734
PSNR of output image is:  25.53356072022734
(3, 512, 512) (1, 3, 512, 512)
Experiment done
