Processing image: lenna
(3, 512, 512)
(3, 512, 512)
Starting optimization with optimizer 'SAM'
Output directory where image taken from: data/denoising/Set14/mask/4/SAM(sigma=0.1,lr=0.01,decay=0,beta=0)/det/-1.3/1e-09
Output directory where results stored: data/inpainting/Set14/transfer/0.5/13/4
1.1.1.weight         | nonzeros =     988 /   12800             (  7.72%) | total_pruned =   11812 | shape = torch.Size([16, 32, 5, 5])
1.1.1.bias           | nonzeros =       0 /      16             (  0.00%) | total_pruned =      16 | shape = torch.Size([16])
1.2.weight           | nonzeros =       7 /      16             ( 43.75%) | total_pruned =       9 | shape = torch.Size([16])
1.2.bias             | nonzeros =       0 /      16             (  0.00%) | total_pruned =      16 | shape = torch.Size([16])
1.4.1.weight         | nonzeros =     108 /    6400             (  1.69%) | total_pruned =    6292 | shape = torch.Size([16, 16, 5, 5])
1.4.1.bias           | nonzeros =       0 /      16             (  0.00%) | total_pruned =      16 | shape = torch.Size([16])
1.5.weight           | nonzeros =       3 /      16             ( 18.75%) | total_pruned =      13 | shape = torch.Size([16])
1.5.bias             | nonzeros =       0 /      16             (  0.00%) | total_pruned =      16 | shape = torch.Size([16])
1.7.1.1.1.weight     | nonzeros =      71 /   12800             (  0.55%) | total_pruned =   12729 | shape = torch.Size([32, 16, 5, 5])
1.7.1.1.1.bias       | nonzeros =       0 /      32             (  0.00%) | total_pruned =      32 | shape = torch.Size([32])
1.7.1.2.weight       | nonzeros =      15 /      32             ( 46.88%) | total_pruned =      17 | shape = torch.Size([32])
1.7.1.2.bias         | nonzeros =       0 /      32             (  0.00%) | total_pruned =      32 | shape = torch.Size([32])
1.7.1.4.1.weight     | nonzeros =      64 /   25600             (  0.25%) | total_pruned =   25536 | shape = torch.Size([32, 32, 5, 5])
1.7.1.4.1.bias       | nonzeros =       0 /      32             (  0.00%) | total_pruned =      32 | shape = torch.Size([32])
1.7.1.5.weight       | nonzeros =      16 /      32             ( 50.00%) | total_pruned =      16 | shape = torch.Size([32])
1.7.1.5.bias         | nonzeros =       0 /      32             (  0.00%) | total_pruned =      32 | shape = torch.Size([32])
1.7.1.7.1.1.1.weight | nonzeros =      17 /   51200             (  0.03%) | total_pruned =   51183 | shape = torch.Size([64, 32, 5, 5])
1.7.1.7.1.1.1.bias   | nonzeros =       0 /      64             (  0.00%) | total_pruned =      64 | shape = torch.Size([64])
1.7.1.7.1.2.weight   | nonzeros =      27 /      64             ( 42.19%) | total_pruned =      37 | shape = torch.Size([64])
1.7.1.7.1.2.bias     | nonzeros =       0 /      64             (  0.00%) | total_pruned =      64 | shape = torch.Size([64])
1.7.1.7.1.4.1.weight | nonzeros =     102 /  102400             (  0.10%) | total_pruned =  102298 | shape = torch.Size([64, 64, 5, 5])
1.7.1.7.1.4.1.bias   | nonzeros =       0 /      64             (  0.00%) | total_pruned =      64 | shape = torch.Size([64])
1.7.1.7.1.5.weight   | nonzeros =      26 /      64             ( 40.62%) | total_pruned =      38 | shape = torch.Size([64])
1.7.1.7.1.5.bias     | nonzeros =       0 /      64             (  0.00%) | total_pruned =      64 | shape = torch.Size([64])
1.7.1.7.1.7.1.1.1.weight | nonzeros =       7 /  204800             (  0.00%) | total_pruned =  204793 | shape = torch.Size([128, 64, 5, 5])
1.7.1.7.1.7.1.1.1.bias | nonzeros =       0 /     128             (  0.00%) | total_pruned =     128 | shape = torch.Size([128])
1.7.1.7.1.7.1.2.weight | nonzeros =      54 /     128             ( 42.19%) | total_pruned =      74 | shape = torch.Size([128])
1.7.1.7.1.7.1.2.bias | nonzeros =       0 /     128             (  0.00%) | total_pruned =     128 | shape = torch.Size([128])
1.7.1.7.1.7.1.4.1.weight | nonzeros =     113 /  409600             (  0.03%) | total_pruned =  409487 | shape = torch.Size([128, 128, 5, 5])
1.7.1.7.1.7.1.4.1.bias | nonzeros =       0 /     128             (  0.00%) | total_pruned =     128 | shape = torch.Size([128])
1.7.1.7.1.7.1.5.weight | nonzeros =      67 /     128             ( 52.34%) | total_pruned =      61 | shape = torch.Size([128])
1.7.1.7.1.7.1.5.bias | nonzeros =       0 /     128             (  0.00%) | total_pruned =     128 | shape = torch.Size([128])
1.7.1.7.1.7.1.7.1.1.1.weight | nonzeros =     190 /  409600             (  0.05%) | total_pruned =  409410 | shape = torch.Size([128, 128, 5, 5])
1.7.1.7.1.7.1.7.1.1.1.bias | nonzeros =       0 /     128             (  0.00%) | total_pruned =     128 | shape = torch.Size([128])
1.7.1.7.1.7.1.7.1.2.weight | nonzeros =      72 /     128             ( 56.25%) | total_pruned =      56 | shape = torch.Size([128])
1.7.1.7.1.7.1.7.1.2.bias | nonzeros =       0 /     128             (  0.00%) | total_pruned =     128 | shape = torch.Size([128])
1.7.1.7.1.7.1.7.1.4.1.weight | nonzeros =    1714 /  409600             (  0.42%) | total_pruned =  407886 | shape = torch.Size([128, 128, 5, 5])
1.7.1.7.1.7.1.7.1.4.1.bias | nonzeros =       0 /     128             (  0.00%) | total_pruned =     128 | shape = torch.Size([128])
1.7.1.7.1.7.1.7.1.5.weight | nonzeros =      90 /     128             ( 70.31%) | total_pruned =      38 | shape = torch.Size([128])
1.7.1.7.1.7.1.7.1.5.bias | nonzeros =       0 /     128             (  0.00%) | total_pruned =     128 | shape = torch.Size([128])
1.7.1.7.1.7.1.7.1.7.1.1.1.weight | nonzeros =    6176 /  409600             (  1.51%) | total_pruned =  403424 | shape = torch.Size([128, 128, 5, 5])
1.7.1.7.1.7.1.7.1.7.1.1.1.bias | nonzeros =       0 /     128             (  0.00%) | total_pruned =     128 | shape = torch.Size([128])
1.7.1.7.1.7.1.7.1.7.1.2.weight | nonzeros =     101 /     128             ( 78.91%) | total_pruned =      27 | shape = torch.Size([128])
1.7.1.7.1.7.1.7.1.7.1.2.bias | nonzeros =       0 /     128             (  0.00%) | total_pruned =     128 | shape = torch.Size([128])
1.7.1.7.1.7.1.7.1.7.1.4.1.weight | nonzeros =   25282 /  409600             (  6.17%) | total_pruned =  384318 | shape = torch.Size([128, 128, 5, 5])
1.7.1.7.1.7.1.7.1.7.1.4.1.bias | nonzeros =       0 /     128             (  0.00%) | total_pruned =     128 | shape = torch.Size([128])
1.7.1.7.1.7.1.7.1.7.1.5.weight | nonzeros =      83 /     128             ( 64.84%) | total_pruned =      45 | shape = torch.Size([128])
1.7.1.7.1.7.1.7.1.7.1.5.bias | nonzeros =       0 /     128             (  0.00%) | total_pruned =     128 | shape = torch.Size([128])
1.7.1.7.1.7.1.7.1.7.2.weight | nonzeros =      83 /     128             ( 64.84%) | total_pruned =      45 | shape = torch.Size([128])
1.7.1.7.1.7.1.7.1.7.2.bias | nonzeros =       0 /     128             (  0.00%) | total_pruned =     128 | shape = torch.Size([128])
1.7.1.7.1.7.1.7.1.7.3.1.weight | nonzeros =   24218 /  147456             ( 16.42%) | total_pruned =  123238 | shape = torch.Size([128, 128, 3, 3])
1.7.1.7.1.7.1.7.1.7.3.1.bias | nonzeros =       0 /     128             (  0.00%) | total_pruned =     128 | shape = torch.Size([128])
1.7.1.7.1.7.1.7.1.7.4.weight | nonzeros =      80 /     128             ( 62.50%) | total_pruned =      48 | shape = torch.Size([128])
1.7.1.7.1.7.1.7.1.7.4.bias | nonzeros =       0 /     128             (  0.00%) | total_pruned =     128 | shape = torch.Size([128])
1.7.1.7.1.7.1.7.2.weight | nonzeros =      80 /     128             ( 62.50%) | total_pruned =      48 | shape = torch.Size([128])
1.7.1.7.1.7.1.7.2.bias | nonzeros =       0 /     128             (  0.00%) | total_pruned =     128 | shape = torch.Size([128])
1.7.1.7.1.7.1.7.3.1.weight | nonzeros =   21555 /  147456             ( 14.62%) | total_pruned =  125901 | shape = torch.Size([128, 128, 3, 3])
1.7.1.7.1.7.1.7.3.1.bias | nonzeros =       0 /     128             (  0.00%) | total_pruned =     128 | shape = torch.Size([128])
1.7.1.7.1.7.1.7.4.weight | nonzeros =      70 /     128             ( 54.69%) | total_pruned =      58 | shape = torch.Size([128])
1.7.1.7.1.7.1.7.4.bias | nonzeros =       0 /     128             (  0.00%) | total_pruned =     128 | shape = torch.Size([128])
1.7.1.7.1.7.2.weight | nonzeros =      70 /     128             ( 54.69%) | total_pruned =      58 | shape = torch.Size([128])
1.7.1.7.1.7.2.bias   | nonzeros =       0 /     128             (  0.00%) | total_pruned =     128 | shape = torch.Size([128])
1.7.1.7.1.7.3.1.weight | nonzeros =   19209 /  147456             ( 13.03%) | total_pruned =  128247 | shape = torch.Size([128, 128, 3, 3])
1.7.1.7.1.7.3.1.bias | nonzeros =       0 /     128             (  0.00%) | total_pruned =     128 | shape = torch.Size([128])
1.7.1.7.1.7.4.weight | nonzeros =      73 /     128             ( 57.03%) | total_pruned =      55 | shape = torch.Size([128])
1.7.1.7.1.7.4.bias   | nonzeros =       0 /     128             (  0.00%) | total_pruned =     128 | shape = torch.Size([128])
1.7.1.7.2.weight     | nonzeros =      73 /     128             ( 57.03%) | total_pruned =      55 | shape = torch.Size([128])
1.7.1.7.2.bias       | nonzeros =       0 /     128             (  0.00%) | total_pruned =     128 | shape = torch.Size([128])
1.7.1.7.3.1.weight   | nonzeros =   11959 /   73728             ( 16.22%) | total_pruned =   61769 | shape = torch.Size([64, 128, 3, 3])
1.7.1.7.3.1.bias     | nonzeros =       0 /      64             (  0.00%) | total_pruned =      64 | shape = torch.Size([64])
1.7.1.7.4.weight     | nonzeros =      42 /      64             ( 65.62%) | total_pruned =      22 | shape = torch.Size([64])
1.7.1.7.4.bias       | nonzeros =       0 /      64             (  0.00%) | total_pruned =      64 | shape = torch.Size([64])
1.7.2.weight         | nonzeros =      42 /      64             ( 65.62%) | total_pruned =      22 | shape = torch.Size([64])
1.7.2.bias           | nonzeros =       0 /      64             (  0.00%) | total_pruned =      64 | shape = torch.Size([64])
1.7.3.1.weight       | nonzeros =    3997 /   18432             ( 21.69%) | total_pruned =   14435 | shape = torch.Size([32, 64, 3, 3])
1.7.3.1.bias         | nonzeros =       0 /      32             (  0.00%) | total_pruned =      32 | shape = torch.Size([32])
1.7.4.weight         | nonzeros =      23 /      32             ( 71.88%) | total_pruned =       9 | shape = torch.Size([32])
1.7.4.bias           | nonzeros =       0 /      32             (  0.00%) | total_pruned =      32 | shape = torch.Size([32])
2.weight             | nonzeros =      23 /      32             ( 71.88%) | total_pruned =       9 | shape = torch.Size([32])
2.bias               | nonzeros =       0 /      32             (  0.00%) | total_pruned =      32 | shape = torch.Size([32])
3.1.weight           | nonzeros =    1383 /    4608             ( 30.01%) | total_pruned =    3225 | shape = torch.Size([16, 32, 3, 3])
3.1.bias             | nonzeros =       0 /      16             (  0.00%) | total_pruned =      16 | shape = torch.Size([16])
4.weight             | nonzeros =      15 /      16             ( 93.75%) | total_pruned =       1 | shape = torch.Size([16])
4.bias               | nonzeros =       0 /      16             (  0.00%) | total_pruned =      16 | shape = torch.Size([16])
6.1.weight           | nonzeros =      33 /      48             ( 68.75%) | total_pruned =      15 | shape = torch.Size([3, 16, 1, 1])
6.1.bias             | nonzeros =       1 /       3             ( 33.33%) | total_pruned =       2 | shape = torch.Size([3])
alive: 118422, pruned : 2890445, total: 3008867, Compression rate :      25.41x  ( 96.06% pruned)
Initial PSNR of output image is:  19.5950426613487
epoch:  0 loss:  0.004939184989780188 PSNR:  19.5950426613487
epoch:  200 loss:  0.0013399891322478652 PSNR:  25.18261282911442
epoch:  400 loss:  0.0009166055242531002 PSNR:  26.70987541880136
epoch:  600 loss:  0.0007528448477387428 PSNR:  27.42320258493009
epoch:  800 loss:  0.0005312977591529489 PSNR:  28.714439651049247
epoch:  1000 loss:  0.00048694422002881765 PSNR:  29.009285241792515
epoch:  1200 loss:  0.00038015141035430133 PSNR:  29.823226421843117
epoch:  1400 loss:  0.00035498320357874036 PSNR:  30.00960370273047
epoch:  1600 loss:  0.0003261901147197932 PSNR:  30.22253837105257
epoch:  1800 loss:  0.000316077028401196 PSNR:  30.3086390323421
epoch:  2000 loss:  0.00032552448101341724 PSNR:  30.183867901410686
epoch:  2200 loss:  0.00032323788036592305 PSNR:  30.16177673436448
epoch:  2400 loss:  0.00025681350962258875 PSNR:  30.817606320398152
epoch:  2600 loss:  0.0002615906414575875 PSNR:  30.67351988243209
epoch:  2800 loss:  0.0002479510148987174 PSNR:  30.831173691325176
epoch:  3000 loss:  0.0002589679497759789 PSNR:  30.62813781182895
epoch:  3200 loss:  0.00023672741372138262 PSNR:  30.927264744620718
epoch:  3400 loss:  0.00023383190273307264 PSNR:  30.867043624237454
epoch:  3600 loss:  0.00022888780222274363 PSNR:  30.90711171643793
epoch:  3800 loss:  0.00021400272089522332 PSNR:  31.051216820452407
epoch:  4000 loss:  0.00021323593682609499 PSNR:  31.050308740519185
epoch:  4200 loss:  0.0002273481513839215 PSNR:  30.919818543747006
epoch:  4400 loss:  0.00020547588064800948 PSNR:  31.069250015243938
epoch:  4600 loss:  0.00020064650743734092 PSNR:  31.08766486885633
epoch:  4800 loss:  0.0001994445192394778 PSNR:  31.137823531941436
epoch:  5000 loss:  0.0002033024065895006 PSNR:  31.08759131472659
epoch:  5200 loss:  0.0001936259213835001 PSNR:  31.13788116297476
epoch:  5400 loss:  0.0002090322523145005 PSNR:  30.974345541668576
epoch:  5600 loss:  0.0001881171192508191 PSNR:  31.11305693330937
epoch:  5800 loss:  0.00018790524336509407 PSNR:  31.17993915442504
epoch:  6000 loss:  0.00018343083502259105 PSNR:  31.205380928125024
epoch:  6200 loss:  0.00018416640523355454 PSNR:  31.16127823208998
epoch:  6400 loss:  0.00018350289610680193 PSNR:  31.139131725876396
epoch:  6600 loss:  0.00020184552704449743 PSNR:  30.859485027514246
epoch:  6800 loss:  0.00018185835506301373 PSNR:  31.06307143789941
epoch:  7000 loss:  0.00018369947792962193 PSNR:  31.098163788585154
epoch:  7200 loss:  0.00018465492757968605 PSNR:  31.0372601706367
epoch:  7400 loss:  0.00017658367869444191 PSNR:  31.154251944545347
epoch:  7600 loss:  0.00018075347179546952 PSNR:  31.120234432191367
epoch:  7800 loss:  0.0001801903563318774 PSNR:  31.101821245432827
epoch:  8000 loss:  0.00017865080735646188 PSNR:  31.096916293410317
epoch:  8200 loss:  0.00019308124319650233 PSNR:  30.914408644347795
epoch:  8400 loss:  0.0001675139064900577 PSNR:  31.22679526470938
epoch:  8600 loss:  0.0001704080932540819 PSNR:  31.106379024629387
epoch:  8800 loss:  0.00018317668582312763 PSNR:  31.012582929512547
epoch:  9000 loss:  0.0001700989669188857 PSNR:  31.18014320036948
epoch:  9200 loss:  0.00016292225336655974 PSNR:  31.200685176496666
epoch:  9400 loss:  0.00016731483628973365 PSNR:  31.134227118033152
epoch:  9600 loss:  0.0001670887431828305 PSNR:  31.160131630715693
epoch:  9800 loss:  0.00017062138067558408 PSNR:  31.17194618595263
epoch:  10000 loss:  0.00016404394409619272 PSNR:  31.14932256086491
epoch:  10200 loss:  0.00016730236529838294 PSNR:  31.130070744163746
epoch:  10400 loss:  0.00016571875312365592 PSNR:  31.143805188055765
epoch:  10600 loss:  0.00016592067549936473 PSNR:  31.086759951232285
epoch:  10800 loss:  0.00017591807409189641 PSNR:  31.044105272533947
epoch:  11000 loss:  0.0001765609486028552 PSNR:  30.95030307935478
epoch:  11200 loss:  0.00016949904966168106 PSNR:  31.117375296184697
epoch:  11400 loss:  0.0001627356541575864 PSNR:  31.082854385034537
epoch:  11600 loss:  0.0001678601693129167 PSNR:  31.09501141070893
epoch:  11800 loss:  0.00017169413331430405 PSNR:  31.033231845930533
epoch:  12000 loss:  0.00015680053911637515 PSNR:  31.12268942323886
epoch:  12200 loss:  0.00016023557691369206 PSNR:  31.118613067753312
epoch:  12400 loss:  0.00017016736092045903 PSNR:  30.910044730073917
epoch:  12600 loss:  0.00017659876903053373 PSNR:  30.941099428590988
epoch:  12800 loss:  0.0001564164413139224 PSNR:  31.056967871886933
epoch:  13000 loss:  0.00015175261069089174 PSNR:  31.163593991727975
epoch:  13200 loss:  0.0001493286108598113 PSNR:  31.179231329271396
epoch:  13400 loss:  0.00015453400555998087 PSNR:  31.129160952558934
epoch:  13600 loss:  0.0001566192222526297 PSNR:  31.03183876142689
epoch:  13800 loss:  0.00015316919598262757 PSNR:  31.15674969205912
epoch:  14000 loss:  0.00015206425450742245 PSNR:  31.136909562226265
epoch:  14200 loss:  0.00015740771777927876 PSNR:  31.007303358642528
epoch:  14400 loss:  0.00015478554996661842 PSNR:  31.126671377148405
epoch:  14600 loss:  0.00015426127356477082 PSNR:  31.084360128857192
epoch:  14800 loss:  0.0001510668807895854 PSNR:  31.112868708127806
epoch:  15000 loss:  0.00015712805907242 PSNR:  31.04496278509437
epoch:  15200 loss:  0.00016122579108923674 PSNR:  31.01192028462495
epoch:  15400 loss:  0.00015333679039031267 PSNR:  31.08639299057095
epoch:  15600 loss:  0.00015406400780193508 PSNR:  31.088867872000655
epoch:  15800 loss:  0.00015591269766446203 PSNR:  31.1049043620421
epoch:  16000 loss:  0.0001465110544813797 PSNR:  31.117702405386133
epoch:  16200 loss:  0.00016643735580146313 PSNR:  30.88392609504075
epoch:  16400 loss:  0.0001471597352065146 PSNR:  31.120806267341568
epoch:  16600 loss:  0.0001519101788289845 PSNR:  31.0258471508498
epoch:  16800 loss:  0.00014976703096181154 PSNR:  31.05134697029824
epoch:  17000 loss:  0.00014961774286348373 PSNR:  31.09727294215453
epoch:  17200 loss:  0.000174551154486835 PSNR:  30.8714698375489
epoch:  17400 loss:  0.00015194893057923764 PSNR:  31.052789606431297
epoch:  17600 loss:  0.00016410317039117217 PSNR:  30.96596095133394
epoch:  17800 loss:  0.00014966976596042514 PSNR:  31.070424583765586
epoch:  18000 loss:  0.000155359783093445 PSNR:  30.915988796100265
epoch:  18200 loss:  0.0001465979585191235 PSNR:  31.006048072185507
epoch:  18400 loss:  0.00015109613013919443 PSNR:  31.03749718441735
epoch:  18600 loss:  0.00016801737365312874 PSNR:  30.685007913887567
epoch:  18800 loss:  0.00014518894022330642 PSNR:  31.10207012949801
epoch:  19000 loss:  0.000144031218951568 PSNR:  31.080524393096297
epoch:  19200 loss:  0.00014600261056330055 PSNR:  31.070888968876705
epoch:  19400 loss:  0.00014877910143695772 PSNR:  31.034512824176907
epoch:  19600 loss:  0.00014897208893671632 PSNR:  31.068362566703218
epoch:  19800 loss:  0.00014120980631560087 PSNR:  31.087075028641962
epoch:  20000 loss:  0.00014774617739021778 PSNR:  31.0400927078394
epoch:  20200 loss:  0.0001419541658833623 PSNR:  31.05820895676264
epoch:  20400 loss:  0.00014991313219070435 PSNR:  30.97392157207533
epoch:  20600 loss:  0.00014355493476614356 PSNR:  31.057804652139843
epoch:  20800 loss:  0.00014319465844891965 PSNR:  31.04314514508722
epoch:  21000 loss:  0.0001506498083472252 PSNR:  31.02334716300945
epoch:  21200 loss:  0.00015010916104074568 PSNR:  31.037432672618408
epoch:  21400 loss:  0.0001408622192684561 PSNR:  31.083661586123874
epoch:  21600 loss:  0.00014209994697012007 PSNR:  31.003395716864258
epoch:  21800 loss:  0.0001426400849595666 PSNR:  31.0351447274102
epoch:  22000 loss:  0.0001445319503545761 PSNR:  30.959559533781132
epoch:  22200 loss:  0.0001511175069026649 PSNR:  30.893365056446473
epoch:  22400 loss:  0.0001431090640835464 PSNR:  31.016036342996422
epoch:  22600 loss:  0.00014217743591871113 PSNR:  31.03745227554988
epoch:  22800 loss:  0.00014128901239018887 PSNR:  31.01800340304983
epoch:  23000 loss:  0.00014726206427440047 PSNR:  30.95456708141761
epoch:  23200 loss:  0.00014087188174016774 PSNR:  31.060618375641347
epoch:  23400 loss:  0.00014673417899757624 PSNR:  30.965594941816974
epoch:  23600 loss:  0.00013794342521578074 PSNR:  31.075274163109498
epoch:  23800 loss:  0.00014198078133631498 PSNR:  31.035766746763734
epoch:  24000 loss:  0.0001417383609805256 PSNR:  31.012474489793856
epoch:  24200 loss:  0.00015320919919759035 PSNR:  30.86855966607512
epoch:  24400 loss:  0.00014062997070141137 PSNR:  31.040819946474144
epoch:  24600 loss:  0.00014238325820770115 PSNR:  31.018592097912084
epoch:  24800 loss:  0.0001434047007933259 PSNR:  30.92666154630544
epoch:  25000 loss:  0.00013863667845726013 PSNR:  31.007749007126087
epoch:  25200 loss:  0.00014665872731711715 PSNR:  30.880735968441666
epoch:  25400 loss:  0.00013872332056052983 PSNR:  31.043494906716248
epoch:  25600 loss:  0.00013989731087349355 PSNR:  31.026252401680402
epoch:  25800 loss:  0.00015247415285557508 PSNR:  30.941552628735657
epoch:  26000 loss:  0.0001479066559113562 PSNR:  30.921281639308987
epoch:  26200 loss:  0.00014774284500163049 PSNR:  30.88397150832347
epoch:  26400 loss:  0.00013816842692904174 PSNR:  31.034780321031125
epoch:  26600 loss:  0.00013993502943776548 PSNR:  30.99305399847114
epoch:  26800 loss:  0.000143361248774454 PSNR:  31.046098303709023
epoch:  27000 loss:  0.00014299916801974177 PSNR:  31.005795430813183
epoch:  27200 loss:  0.0001483798841945827 PSNR:  30.916499349577894
epoch:  27400 loss:  0.00014204018225427717 PSNR:  31.023446992789108
epoch:  27600 loss:  0.00013689760817214847 PSNR:  30.99268040716163
epoch:  27800 loss:  0.0001394206628901884 PSNR:  31.036173993255808
epoch:  28000 loss:  0.00013636276707984507 PSNR:  31.05263723798953
epoch:  28200 loss:  0.00014297649613581598 PSNR:  30.98716529755238
epoch:  28400 loss:  0.0001417236344423145 PSNR:  31.00934791286621
epoch:  28600 loss:  0.0001406437368132174 PSNR:  30.924522535546004
epoch:  28800 loss:  0.00013886651140637696 PSNR:  31.02520309313021
epoch:  29000 loss:  0.00013821882021147758 PSNR:  30.97657601521069
epoch:  29200 loss:  0.00013855195720680058 PSNR:  30.956491447057193
epoch:  29400 loss:  0.00013717266847379506 PSNR:  30.95653972455245
epoch:  29600 loss:  0.00013918457261752337 PSNR:  30.982173403775466
epoch:  29800 loss:  0.00013898362522013485 PSNR:  31.009461940588462
epoch:  30000 loss:  0.0001397591404384002 PSNR:  31.011602817872372
epoch:  30200 loss:  0.00014022213872522116 PSNR:  30.968316210079347
epoch:  30400 loss:  0.00013827389921061695 PSNR:  30.967000600618668
epoch:  30600 loss:  0.00014172005467116833 PSNR:  31.00880189613747
epoch:  30800 loss:  0.0001432590070180595 PSNR:  30.965109430813968
epoch:  31000 loss:  0.0001360096357529983 PSNR:  31.00572325026329
epoch:  31200 loss:  0.0001423337816959247 PSNR:  30.87266348253529
epoch:  31400 loss:  0.00013625723659060895 PSNR:  30.97579022937572
epoch:  31600 loss:  0.00013812925317324698 PSNR:  30.99923190843605
epoch:  31800 loss:  0.00014170067152008414 PSNR:  30.92864032231931
epoch:  32000 loss:  0.0001452699361834675 PSNR:  30.940091402173124
epoch:  32200 loss:  0.0001376383297611028 PSNR:  30.915706336428475
epoch:  32400 loss:  0.0001326302590314299 PSNR:  31.006306390184605
epoch:  32600 loss:  0.0001468250120524317 PSNR:  30.747981295061876
epoch:  32800 loss:  0.0001379961904603988 PSNR:  30.941498242221172
epoch:  33000 loss:  0.0001365301141049713 PSNR:  30.89795245283918
epoch:  33200 loss:  0.0001456122554372996 PSNR:  30.8006157047327
epoch:  33400 loss:  0.00014817660849075764 PSNR:  30.727241507450348
epoch:  33600 loss:  0.00014595035463571548 PSNR:  30.87867133918069
epoch:  33800 loss:  0.00013980039511807263 PSNR:  30.969103802322522
epoch:  34000 loss:  0.00014567548350896686 PSNR:  30.92686237146427
epoch:  34200 loss:  0.00014341586211230606 PSNR:  30.835808110146083
epoch:  34400 loss:  0.00013479018525686115 PSNR:  30.936491326198528
epoch:  34600 loss:  0.00014092563651502132 PSNR:  30.821653769540784
epoch:  34800 loss:  0.0001350246457150206 PSNR:  30.945902617229674
epoch:  35000 loss:  0.0001432099670637399 PSNR:  30.884374055907664
epoch:  35200 loss:  0.00013588758883997798 PSNR:  30.927456562563044
epoch:  35400 loss:  0.0001362310431431979 PSNR:  30.95733078227013
epoch:  35600 loss:  0.00013259168190415949 PSNR:  30.988046878098963
epoch:  35800 loss:  0.00013553256576415151 PSNR:  30.902736465750138
epoch:  36000 loss:  0.0001385198556818068 PSNR:  30.945179235594242
epoch:  36200 loss:  0.00013433993444778025 PSNR:  30.91890457602232
epoch:  36400 loss:  0.00013709737686440349 PSNR:  30.91955109723093
epoch:  36600 loss:  0.0001367838412988931 PSNR:  30.974443548814588
epoch:  36800 loss:  0.00013457238674163818 PSNR:  30.912829067313986
epoch:  37000 loss:  0.0001447609975002706 PSNR:  30.76068876699946
epoch:  37200 loss:  0.00014394428580999374 PSNR:  30.91066777909075
epoch:  37400 loss:  0.00013212636986281723 PSNR:  30.94931037750682
epoch:  37600 loss:  0.00014145587920211256 PSNR:  30.91862019266594
epoch:  37800 loss:  0.00013456714805215597 PSNR:  30.930905170570355
epoch:  38000 loss:  0.00013945731916464865 PSNR:  30.947913224999457
epoch:  38200 loss:  0.00013499821943696588 PSNR:  30.96721101524054
epoch:  38400 loss:  0.0001336056157015264 PSNR:  30.910790668755737
epoch:  38600 loss:  0.00013409349776338786 PSNR:  30.97160469653669
epoch:  38800 loss:  0.00013445339573081583 PSNR:  30.889930614655178
epoch:  39000 loss:  0.0001320757291978225 PSNR:  30.938727523147477
epoch:  39200 loss:  0.0001332920219283551 PSNR:  30.964083200621456
epoch:  39400 loss:  0.000134417467052117 PSNR:  30.903229912861537
epoch:  39600 loss:  0.0001340747403446585 PSNR:  30.899356064227096
epoch:  39800 loss:  0.0001350898528471589 PSNR:  30.968051372618405
PSNR of output image is:  30.968051372618405
(3, 512, 512) (1, 3, 512, 512)
Experiment done
