Processing image: face
(3, 256, 256)
(3, 256, 256)
Starting optimization with optimizer 'SAM'
Output directory where image taken from: data/denoising/Set14/mask/3/SAM(sigma=0.1,lr=0.01,decay=0,beta=0)/det/-1.3/1e-09
Output directory where results stored: data/inpainting/Set14/transfer/0.5/6/3
1.1.1.weight         | nonzeros =     227 /   12800             (  1.77%) | total_pruned =   12573 | shape = torch.Size([16, 32, 5, 5])
1.1.1.bias           | nonzeros =       0 /      16             (  0.00%) | total_pruned =      16 | shape = torch.Size([16])
1.2.weight           | nonzeros =       6 /      16             ( 37.50%) | total_pruned =      10 | shape = torch.Size([16])
1.2.bias             | nonzeros =       0 /      16             (  0.00%) | total_pruned =      16 | shape = torch.Size([16])
1.4.1.weight         | nonzeros =      33 /    6400             (  0.52%) | total_pruned =    6367 | shape = torch.Size([16, 16, 5, 5])
1.4.1.bias           | nonzeros =       0 /      16             (  0.00%) | total_pruned =      16 | shape = torch.Size([16])
1.5.weight           | nonzeros =       5 /      16             ( 31.25%) | total_pruned =      11 | shape = torch.Size([16])
1.5.bias             | nonzeros =       0 /      16             (  0.00%) | total_pruned =      16 | shape = torch.Size([16])
1.7.1.1.1.weight     | nonzeros =      19 /   12800             (  0.15%) | total_pruned =   12781 | shape = torch.Size([32, 16, 5, 5])
1.7.1.1.1.bias       | nonzeros =       0 /      32             (  0.00%) | total_pruned =      32 | shape = torch.Size([32])
1.7.1.2.weight       | nonzeros =      10 /      32             ( 31.25%) | total_pruned =      22 | shape = torch.Size([32])
1.7.1.2.bias         | nonzeros =       0 /      32             (  0.00%) | total_pruned =      32 | shape = torch.Size([32])
1.7.1.4.1.weight     | nonzeros =      35 /   25600             (  0.14%) | total_pruned =   25565 | shape = torch.Size([32, 32, 5, 5])
1.7.1.4.1.bias       | nonzeros =       0 /      32             (  0.00%) | total_pruned =      32 | shape = torch.Size([32])
1.7.1.5.weight       | nonzeros =      10 /      32             ( 31.25%) | total_pruned =      22 | shape = torch.Size([32])
1.7.1.5.bias         | nonzeros =       0 /      32             (  0.00%) | total_pruned =      32 | shape = torch.Size([32])
1.7.1.7.1.1.1.weight | nonzeros =      23 /   51200             (  0.04%) | total_pruned =   51177 | shape = torch.Size([64, 32, 5, 5])
1.7.1.7.1.1.1.bias   | nonzeros =       0 /      64             (  0.00%) | total_pruned =      64 | shape = torch.Size([64])
1.7.1.7.1.2.weight   | nonzeros =      14 /      64             ( 21.88%) | total_pruned =      50 | shape = torch.Size([64])
1.7.1.7.1.2.bias     | nonzeros =       0 /      64             (  0.00%) | total_pruned =      64 | shape = torch.Size([64])
1.7.1.7.1.4.1.weight | nonzeros =      27 /  102400             (  0.03%) | total_pruned =  102373 | shape = torch.Size([64, 64, 5, 5])
1.7.1.7.1.4.1.bias   | nonzeros =       0 /      64             (  0.00%) | total_pruned =      64 | shape = torch.Size([64])
1.7.1.7.1.5.weight   | nonzeros =      25 /      64             ( 39.06%) | total_pruned =      39 | shape = torch.Size([64])
1.7.1.7.1.5.bias     | nonzeros =       0 /      64             (  0.00%) | total_pruned =      64 | shape = torch.Size([64])
1.7.1.7.1.7.1.1.1.weight | nonzeros =       3 /  204800             (  0.00%) | total_pruned =  204797 | shape = torch.Size([128, 64, 5, 5])
1.7.1.7.1.7.1.1.1.bias | nonzeros =       0 /     128             (  0.00%) | total_pruned =     128 | shape = torch.Size([128])
1.7.1.7.1.7.1.2.weight | nonzeros =      39 /     128             ( 30.47%) | total_pruned =      89 | shape = torch.Size([128])
1.7.1.7.1.7.1.2.bias | nonzeros =       0 /     128             (  0.00%) | total_pruned =     128 | shape = torch.Size([128])
1.7.1.7.1.7.1.4.1.weight | nonzeros =      11 /  409600             (  0.00%) | total_pruned =  409589 | shape = torch.Size([128, 128, 5, 5])
1.7.1.7.1.7.1.4.1.bias | nonzeros =       0 /     128             (  0.00%) | total_pruned =     128 | shape = torch.Size([128])
1.7.1.7.1.7.1.5.weight | nonzeros =      42 /     128             ( 32.81%) | total_pruned =      86 | shape = torch.Size([128])
1.7.1.7.1.7.1.5.bias | nonzeros =       0 /     128             (  0.00%) | total_pruned =     128 | shape = torch.Size([128])
1.7.1.7.1.7.1.7.1.1.1.weight | nonzeros =      22 /  409600             (  0.01%) | total_pruned =  409578 | shape = torch.Size([128, 128, 5, 5])
1.7.1.7.1.7.1.7.1.1.1.bias | nonzeros =       0 /     128             (  0.00%) | total_pruned =     128 | shape = torch.Size([128])
1.7.1.7.1.7.1.7.1.2.weight | nonzeros =      59 /     128             ( 46.09%) | total_pruned =      69 | shape = torch.Size([128])
1.7.1.7.1.7.1.7.1.2.bias | nonzeros =       0 /     128             (  0.00%) | total_pruned =     128 | shape = torch.Size([128])
1.7.1.7.1.7.1.7.1.4.1.weight | nonzeros =     378 /  409600             (  0.09%) | total_pruned =  409222 | shape = torch.Size([128, 128, 5, 5])
1.7.1.7.1.7.1.7.1.4.1.bias | nonzeros =       0 /     128             (  0.00%) | total_pruned =     128 | shape = torch.Size([128])
1.7.1.7.1.7.1.7.1.5.weight | nonzeros =      75 /     128             ( 58.59%) | total_pruned =      53 | shape = torch.Size([128])
1.7.1.7.1.7.1.7.1.5.bias | nonzeros =       0 /     128             (  0.00%) | total_pruned =     128 | shape = torch.Size([128])
1.7.1.7.1.7.1.7.1.7.1.1.1.weight | nonzeros =    2707 /  409600             (  0.66%) | total_pruned =  406893 | shape = torch.Size([128, 128, 5, 5])
1.7.1.7.1.7.1.7.1.7.1.1.1.bias | nonzeros =       0 /     128             (  0.00%) | total_pruned =     128 | shape = torch.Size([128])
1.7.1.7.1.7.1.7.1.7.1.2.weight | nonzeros =      84 /     128             ( 65.62%) | total_pruned =      44 | shape = torch.Size([128])
1.7.1.7.1.7.1.7.1.7.1.2.bias | nonzeros =       0 /     128             (  0.00%) | total_pruned =     128 | shape = torch.Size([128])
1.7.1.7.1.7.1.7.1.7.1.4.1.weight | nonzeros =   16711 /  409600             (  4.08%) | total_pruned =  392889 | shape = torch.Size([128, 128, 5, 5])
1.7.1.7.1.7.1.7.1.7.1.4.1.bias | nonzeros =       0 /     128             (  0.00%) | total_pruned =     128 | shape = torch.Size([128])
1.7.1.7.1.7.1.7.1.7.1.5.weight | nonzeros =      70 /     128             ( 54.69%) | total_pruned =      58 | shape = torch.Size([128])
1.7.1.7.1.7.1.7.1.7.1.5.bias | nonzeros =       0 /     128             (  0.00%) | total_pruned =     128 | shape = torch.Size([128])
1.7.1.7.1.7.1.7.1.7.2.weight | nonzeros =      70 /     128             ( 54.69%) | total_pruned =      58 | shape = torch.Size([128])
1.7.1.7.1.7.1.7.1.7.2.bias | nonzeros =       0 /     128             (  0.00%) | total_pruned =     128 | shape = torch.Size([128])
1.7.1.7.1.7.1.7.1.7.3.1.weight | nonzeros =   19293 /  147456             ( 13.08%) | total_pruned =  128163 | shape = torch.Size([128, 128, 3, 3])
1.7.1.7.1.7.1.7.1.7.3.1.bias | nonzeros =       0 /     128             (  0.00%) | total_pruned =     128 | shape = torch.Size([128])
1.7.1.7.1.7.1.7.1.7.4.weight | nonzeros =      67 /     128             ( 52.34%) | total_pruned =      61 | shape = torch.Size([128])
1.7.1.7.1.7.1.7.1.7.4.bias | nonzeros =       0 /     128             (  0.00%) | total_pruned =     128 | shape = torch.Size([128])
1.7.1.7.1.7.1.7.2.weight | nonzeros =      67 /     128             ( 52.34%) | total_pruned =      61 | shape = torch.Size([128])
1.7.1.7.1.7.1.7.2.bias | nonzeros =       0 /     128             (  0.00%) | total_pruned =     128 | shape = torch.Size([128])
1.7.1.7.1.7.1.7.3.1.weight | nonzeros =   25341 /  147456             ( 17.19%) | total_pruned =  122115 | shape = torch.Size([128, 128, 3, 3])
1.7.1.7.1.7.1.7.3.1.bias | nonzeros =       0 /     128             (  0.00%) | total_pruned =     128 | shape = torch.Size([128])
1.7.1.7.1.7.1.7.4.weight | nonzeros =      89 /     128             ( 69.53%) | total_pruned =      39 | shape = torch.Size([128])
1.7.1.7.1.7.1.7.4.bias | nonzeros =       0 /     128             (  0.00%) | total_pruned =     128 | shape = torch.Size([128])
1.7.1.7.1.7.2.weight | nonzeros =      89 /     128             ( 69.53%) | total_pruned =      39 | shape = torch.Size([128])
1.7.1.7.1.7.2.bias   | nonzeros =       0 /     128             (  0.00%) | total_pruned =     128 | shape = torch.Size([128])
1.7.1.7.1.7.3.1.weight | nonzeros =   24013 /  147456             ( 16.28%) | total_pruned =  123443 | shape = torch.Size([128, 128, 3, 3])
1.7.1.7.1.7.3.1.bias | nonzeros =       0 /     128             (  0.00%) | total_pruned =     128 | shape = torch.Size([128])
1.7.1.7.1.7.4.weight | nonzeros =      64 /     128             ( 50.00%) | total_pruned =      64 | shape = torch.Size([128])
1.7.1.7.1.7.4.bias   | nonzeros =       0 /     128             (  0.00%) | total_pruned =     128 | shape = torch.Size([128])
1.7.1.7.2.weight     | nonzeros =      64 /     128             ( 50.00%) | total_pruned =      64 | shape = torch.Size([128])
1.7.1.7.2.bias       | nonzeros =       0 /     128             (  0.00%) | total_pruned =     128 | shape = torch.Size([128])
1.7.1.7.3.1.weight   | nonzeros =    9958 /   73728             ( 13.51%) | total_pruned =   63770 | shape = torch.Size([64, 128, 3, 3])
1.7.1.7.3.1.bias     | nonzeros =       0 /      64             (  0.00%) | total_pruned =      64 | shape = torch.Size([64])
1.7.1.7.4.weight     | nonzeros =      36 /      64             ( 56.25%) | total_pruned =      28 | shape = torch.Size([64])
1.7.1.7.4.bias       | nonzeros =       0 /      64             (  0.00%) | total_pruned =      64 | shape = torch.Size([64])
1.7.2.weight         | nonzeros =      36 /      64             ( 56.25%) | total_pruned =      28 | shape = torch.Size([64])
1.7.2.bias           | nonzeros =       0 /      64             (  0.00%) | total_pruned =      64 | shape = torch.Size([64])
1.7.3.1.weight       | nonzeros =    2320 /   18432             ( 12.59%) | total_pruned =   16112 | shape = torch.Size([32, 64, 3, 3])
1.7.3.1.bias         | nonzeros =       0 /      32             (  0.00%) | total_pruned =      32 | shape = torch.Size([32])
1.7.4.weight         | nonzeros =      15 /      32             ( 46.88%) | total_pruned =      17 | shape = torch.Size([32])
1.7.4.bias           | nonzeros =       0 /      32             (  0.00%) | total_pruned =      32 | shape = torch.Size([32])
2.weight             | nonzeros =      15 /      32             ( 46.88%) | total_pruned =      17 | shape = torch.Size([32])
2.bias               | nonzeros =       0 /      32             (  0.00%) | total_pruned =      32 | shape = torch.Size([32])
3.1.weight           | nonzeros =     944 /    4608             ( 20.49%) | total_pruned =    3664 | shape = torch.Size([16, 32, 3, 3])
3.1.bias             | nonzeros =       0 /      16             (  0.00%) | total_pruned =      16 | shape = torch.Size([16])
4.weight             | nonzeros =      16 /      16             (100.00%) | total_pruned =       0 | shape = torch.Size([16])
4.bias               | nonzeros =       0 /      16             (  0.00%) | total_pruned =      16 | shape = torch.Size([16])
6.1.weight           | nonzeros =      30 /      48             ( 62.50%) | total_pruned =      18 | shape = torch.Size([3, 16, 1, 1])
6.1.bias             | nonzeros =       1 /       3             ( 33.33%) | total_pruned =       2 | shape = torch.Size([3])
alive: 103163, pruned : 2905704, total: 3008867, Compression rate :      29.17x  ( 96.57% pruned)
Initial PSNR of output image is:  8.046186501431261
epoch:  0 loss:  0.07841730862855911 PSNR:  8.046186501431261
epoch:  200 loss:  0.0018387043382972479 PSNR:  24.31423348038002
epoch:  400 loss:  0.001124341506510973 PSNR:  26.417920646939947
epoch:  600 loss:  0.0008744099177420139 PSNR:  27.445472985792
epoch:  800 loss:  0.0007319736178033054 PSNR:  28.16703410941386
epoch:  1000 loss:  0.0006800714763812721 PSNR:  28.427300609714138
epoch:  1200 loss:  0.000600281753577292 PSNR:  28.91428716194557
epoch:  1400 loss:  0.0006126102525740862 PSNR:  28.7934206784451
epoch:  1600 loss:  0.0005017236690036952 PSNR:  29.549915270149896
epoch:  1800 loss:  0.0004353587864898145 PSNR:  30.015587627485402
epoch:  2000 loss:  0.0004021228523924947 PSNR:  30.225557465770837
epoch:  2200 loss:  0.000372186244931072 PSNR:  30.44009420469948
epoch:  2400 loss:  0.00034455477725714445 PSNR:  30.617354563557964
epoch:  2600 loss:  0.0003393494989722967 PSNR:  30.553906019017965
epoch:  2800 loss:  0.00035068378201685846 PSNR:  30.370130722484415
epoch:  3000 loss:  0.00031206963467411697 PSNR:  30.65498565173676
epoch:  3200 loss:  0.00030770880402997136 PSNR:  30.682877618823166
epoch:  3400 loss:  0.0002961095597129315 PSNR:  30.63885583543734
epoch:  3600 loss:  0.00024489423958584666 PSNR:  31.11648257934037
epoch:  3800 loss:  0.00023385428357869387 PSNR:  31.097666594870578
epoch:  4000 loss:  0.0002469578175805509 PSNR:  31.047223411405206
epoch:  4200 loss:  0.00021704220853280276 PSNR:  31.109762828018134
epoch:  4400 loss:  0.00020751181000377983 PSNR:  31.157301714852444
epoch:  4600 loss:  0.00022544004605151713 PSNR:  30.981640411835023
epoch:  4800 loss:  0.00020454816694837064 PSNR:  31.026755223019443
epoch:  5000 loss:  0.00019617186626419425 PSNR:  31.002701536455287
epoch:  5200 loss:  0.00017432768072467297 PSNR:  31.21632117732155
epoch:  5400 loss:  0.00017893656331580132 PSNR:  31.13178284354793
epoch:  5600 loss:  0.00018262301455251873 PSNR:  30.966547152475453
epoch:  5800 loss:  0.00016964056703727692 PSNR:  30.95824468164099
epoch:  6000 loss:  0.00018557421572040766 PSNR:  30.823431106947524
epoch:  6200 loss:  0.0001470610877731815 PSNR:  31.038844733202524
epoch:  6400 loss:  0.0001437423488823697 PSNR:  31.01598890331544
epoch:  6600 loss:  0.00014604281750507653 PSNR:  30.91992023682237
epoch:  6800 loss:  0.000134219357278198 PSNR:  30.830498219852863
epoch:  7000 loss:  0.00012623849033843726 PSNR:  30.86212590868888
epoch:  7200 loss:  0.0001480370556237176 PSNR:  30.563636826048437
epoch:  7400 loss:  0.00013356456474866718 PSNR:  30.660592409548816
epoch:  7600 loss:  0.0001261884899577126 PSNR:  30.663352855914262
epoch:  7800 loss:  0.00012299756053835154 PSNR:  30.705622135791742
epoch:  8000 loss:  0.00012515098205767572 PSNR:  30.565709082938845
epoch:  8200 loss:  0.00012300012167543173 PSNR:  30.582967495568063
epoch:  8400 loss:  0.0001051575382007286 PSNR:  30.62823153289024
epoch:  8600 loss:  0.00011044419807149097 PSNR:  30.52029414179701
epoch:  8800 loss:  0.00010799615847645327 PSNR:  30.439249993900216
epoch:  9000 loss:  0.0001236881798831746 PSNR:  30.319908023897504
epoch:  9200 loss:  0.00010277303226757795 PSNR:  30.455054245513033
epoch:  9400 loss:  0.00011150867794640362 PSNR:  30.147472870282233
epoch:  9600 loss:  0.00010064725938718766 PSNR:  30.26728186904591
epoch:  9800 loss:  0.00010286646283930168 PSNR:  30.285761079566107
epoch:  10000 loss:  0.00012571853585541248 PSNR:  30.025232902489666
epoch:  10200 loss:  9.297028736909851e-05 PSNR:  30.16211384287823
epoch:  10400 loss:  0.00011071134213125333 PSNR:  30.40069714408125
epoch:  10600 loss:  9.394340304424986e-05 PSNR:  30.201726149254217
epoch:  10800 loss:  0.00010735313117038459 PSNR:  30.113527455803755
epoch:  11000 loss:  0.00010083262895932421 PSNR:  29.955775678627777
epoch:  11200 loss:  0.00010546246630838141 PSNR:  30.124827274631507
epoch:  11400 loss:  0.00010294347157469019 PSNR:  29.92116381577057
epoch:  11600 loss:  0.00010684012522688136 PSNR:  29.732751723719637
epoch:  11800 loss:  8.102635911200196e-05 PSNR:  29.958775489044278
epoch:  12000 loss:  8.33960875752382e-05 PSNR:  29.91418430401165
epoch:  12200 loss:  7.955859473440796e-05 PSNR:  29.932135205010326
epoch:  12400 loss:  8.209604857256636e-05 PSNR:  29.874776103434975
epoch:  12600 loss:  8.882347901817411e-05 PSNR:  29.955926821100224
epoch:  12800 loss:  8.103493746602908e-05 PSNR:  29.83473999475762
epoch:  13000 loss:  8.116431126836687e-05 PSNR:  29.800866639827728
epoch:  13200 loss:  8.327745308633894e-05 PSNR:  29.658181708550572
epoch:  13400 loss:  7.870113040553406e-05 PSNR:  29.76031254267733
epoch:  13600 loss:  8.012739999685436e-05 PSNR:  29.674413455922405
epoch:  13800 loss:  7.42658885428682e-05 PSNR:  29.743927324695928
epoch:  14000 loss:  7.669755723327398e-05 PSNR:  29.752423093095402
epoch:  14200 loss:  7.719923451077193e-05 PSNR:  29.740208770176466
epoch:  14400 loss:  7.499928324250504e-05 PSNR:  29.697365926412147
epoch:  14600 loss:  8.023965347092599e-05 PSNR:  29.69788089345237
epoch:  14800 loss:  8.003665425349027e-05 PSNR:  29.68392342556084
epoch:  15000 loss:  7.847233064239845e-05 PSNR:  29.466737601707358
epoch:  15200 loss:  6.845057214377448e-05 PSNR:  29.596745391455414
epoch:  15400 loss:  9.783231507753953e-05 PSNR:  29.48319985649477
epoch:  15600 loss:  7.525440742028877e-05 PSNR:  29.47187544017438
epoch:  15800 loss:  8.282778435386717e-05 PSNR:  29.46580670307132
epoch:  16000 loss:  7.168552838265896e-05 PSNR:  29.538558982869596
epoch:  16200 loss:  7.325566548388451e-05 PSNR:  29.48195757959232
epoch:  16400 loss:  7.162396650528535e-05 PSNR:  29.44377698630705
epoch:  16600 loss:  6.66722480673343e-05 PSNR:  29.429229926209402
epoch:  16800 loss:  6.865679461043328e-05 PSNR:  29.485664817349097
epoch:  17000 loss:  7.251448550960049e-05 PSNR:  29.558904980607743
epoch:  17200 loss:  7.156287028919905e-05 PSNR:  29.51253454160979
epoch:  17400 loss:  6.431959627661854e-05 PSNR:  29.338220345237115
epoch:  17600 loss:  6.976613076403737e-05 PSNR:  29.39096799039334
epoch:  17800 loss:  7.165437273215503e-05 PSNR:  29.343819411868928
epoch:  18000 loss:  7.311666558962315e-05 PSNR:  29.336739791487464
epoch:  18200 loss:  7.509680290240794e-05 PSNR:  29.21746292469491
epoch:  18400 loss:  7.990410813363269e-05 PSNR:  29.263278370735488
epoch:  18600 loss:  6.894656689837575e-05 PSNR:  29.1852602582709
epoch:  18800 loss:  7.359829032793641e-05 PSNR:  29.243187675983577
epoch:  19000 loss:  6.494206172646955e-05 PSNR:  29.27118932923207
epoch:  19200 loss:  6.060769010218792e-05 PSNR:  29.224078266441232
epoch:  19400 loss:  6.215841131052002e-05 PSNR:  29.202692991449467
epoch:  19600 loss:  6.111057155067101e-05 PSNR:  29.20922938527894
epoch:  19800 loss:  6.377472163876519e-05 PSNR:  29.203384401816415
epoch:  20000 loss:  6.857697735540569e-05 PSNR:  29.227605974427956
epoch:  20200 loss:  6.50712099741213e-05 PSNR:  29.17629987176
epoch:  20400 loss:  6.584887159988284e-05 PSNR:  29.041357535964853
epoch:  20600 loss:  6.360374391078949e-05 PSNR:  29.0899659129333
epoch:  20800 loss:  6.35850738035515e-05 PSNR:  29.122277084569127
epoch:  21000 loss:  6.383721483871341e-05 PSNR:  29.16888246875287
epoch:  21200 loss:  6.058738654246554e-05 PSNR:  29.08866966493942
epoch:  21400 loss:  7.209056639112532e-05 PSNR:  29.174038624481234
epoch:  21600 loss:  6.985797517700121e-05 PSNR:  29.08092361297105
epoch:  21800 loss:  6.345033034449443e-05 PSNR:  28.953016753889607
epoch:  22000 loss:  5.9081005019834265e-05 PSNR:  29.000031302283936
epoch:  22200 loss:  6.529533857246861e-05 PSNR:  29.034618217122343
epoch:  22400 loss:  7.546242704847828e-05 PSNR:  28.924443664620497
epoch:  22600 loss:  6.156064046081156e-05 PSNR:  29.02815570809969
epoch:  22800 loss:  6.398150435416028e-05 PSNR:  28.84902879104214
epoch:  23000 loss:  6.575562292709947e-05 PSNR:  28.99595814133808
epoch:  23200 loss:  5.630162195302546e-05 PSNR:  28.96130913447299
epoch:  23400 loss:  5.962919021840207e-05 PSNR:  28.96270488263664
epoch:  23600 loss:  5.822375533170998e-05 PSNR:  28.9467168973615
epoch:  23800 loss:  5.9273479564581066e-05 PSNR:  28.972343240960452
epoch:  24000 loss:  5.5640062782913446e-05 PSNR:  28.922689297182966
epoch:  24200 loss:  6.0640577430604026e-05 PSNR:  29.041452410750814
epoch:  24400 loss:  5.707096715923399e-05 PSNR:  28.944999113825926
epoch:  24600 loss:  7.569263107143342e-05 PSNR:  28.709789414599392
epoch:  24800 loss:  6.75036571919918e-05 PSNR:  28.8698230895085
epoch:  25000 loss:  5.708886237698607e-05 PSNR:  28.873221016474627
epoch:  25200 loss:  5.6055774621199816e-05 PSNR:  28.835074367524598
epoch:  25400 loss:  6.837269756942987e-05 PSNR:  28.952588110488612
epoch:  25600 loss:  6.333597411867231e-05 PSNR:  28.861633770177836
epoch:  25800 loss:  5.627031350741163e-05 PSNR:  28.864936141977196
epoch:  26000 loss:  6.524766649818048e-05 PSNR:  28.922192631354577
epoch:  26200 loss:  6.078332080505788e-05 PSNR:  28.789023249186883
epoch:  26400 loss:  5.575807153945789e-05 PSNR:  28.816775231682538
epoch:  26600 loss:  7.262136205099523e-05 PSNR:  28.786583599929774
epoch:  26800 loss:  5.822055391035974e-05 PSNR:  28.8773367881532
epoch:  27000 loss:  5.568113920162432e-05 PSNR:  28.764181899933487
epoch:  27200 loss:  5.445550414151512e-05 PSNR:  28.772639031699484
epoch:  27400 loss:  5.735912418458611e-05 PSNR:  28.892171372874245
epoch:  27600 loss:  5.775273166364059e-05 PSNR:  28.8767246582656
epoch:  27800 loss:  5.502508065546863e-05 PSNR:  28.853108876828447
epoch:  28000 loss:  6.250930164242163e-05 PSNR:  28.857037746818733
epoch:  28200 loss:  5.262446211418137e-05 PSNR:  28.774701364434105
epoch:  28400 loss:  6.817656685598195e-05 PSNR:  28.741009726559636
epoch:  28600 loss:  5.241986218607053e-05 PSNR:  28.757517130441073
epoch:  28800 loss:  5.2647548727691174e-05 PSNR:  28.739470109009023
epoch:  29000 loss:  5.870276800123975e-05 PSNR:  28.814576996161463
epoch:  29200 loss:  5.385399708757177e-05 PSNR:  28.78393171601576
epoch:  29400 loss:  5.2399580454220995e-05 PSNR:  28.681633403691965
epoch:  29600 loss:  5.4702464694855735e-05 PSNR:  28.750351427072683
epoch:  29800 loss:  5.84816953050904e-05 PSNR:  28.73368194714108
epoch:  30000 loss:  5.162148590898141e-05 PSNR:  28.72451092987437
epoch:  30200 loss:  6.061678141122684e-05 PSNR:  28.69231372495118
epoch:  30400 loss:  5.686126678483561e-05 PSNR:  28.82723583509913
epoch:  30600 loss:  6.540286995004863e-05 PSNR:  28.656320931189526
epoch:  30800 loss:  5.439936285256408e-05 PSNR:  28.774141654956857
epoch:  31000 loss:  5.93211007071659e-05 PSNR:  28.53977479389355
epoch:  31200 loss:  5.458524901769124e-05 PSNR:  28.695577389280473
epoch:  31400 loss:  5.923288335907273e-05 PSNR:  28.575227287693068
epoch:  31600 loss:  5.084124859422445e-05 PSNR:  28.634879682427226
epoch:  31800 loss:  5.36049046786502e-05 PSNR:  28.552291752995437
epoch:  32000 loss:  5.5369946494465694e-05 PSNR:  28.603543419353873
epoch:  32200 loss:  5.037025402998552e-05 PSNR:  28.67251268319614
epoch:  32400 loss:  5.623006654786877e-05 PSNR:  28.654906367119935
epoch:  32600 loss:  5.125880124978721e-05 PSNR:  28.614181269911633
epoch:  32800 loss:  0.0010975126642733812 PSNR:  26.496785761158943
epoch:  33000 loss:  0.0007487395778298378 PSNR:  28.0609329052739
epoch:  33200 loss:  0.0006380400154739618 PSNR:  28.64567165012019
epoch:  33400 loss:  0.0005885069258511066 PSNR:  28.909053410453676
epoch:  33600 loss:  0.0005167450290173292 PSNR:  29.391970009955998
epoch:  33800 loss:  0.00048389798030257225 PSNR:  29.550874405003103
epoch:  34000 loss:  0.00043259630911052227 PSNR:  29.920610760705934
epoch:  34200 loss:  0.0004163088742643595 PSNR:  30.02556549473761
epoch:  34400 loss:  0.00039666739758104086 PSNR:  30.126091855720624
epoch:  34600 loss:  0.0003674145264085382 PSNR:  30.385738032362273
epoch:  34800 loss:  0.00035438447957858443 PSNR:  30.489100015390406
epoch:  35000 loss:  0.00034364964812994003 PSNR:  30.52661045669526
epoch:  35200 loss:  0.0003208839916624129 PSNR:  30.708643183917424
epoch:  35400 loss:  0.00031797937117516994 PSNR:  30.708886922828064
epoch:  35600 loss:  0.0003227276902180165 PSNR:  30.632242682524367
epoch:  35800 loss:  0.00028818132705055177 PSNR:  30.92015706726655
epoch:  36000 loss:  0.0003001282166223973 PSNR:  30.721176103573562
epoch:  36200 loss:  0.0002727682003751397 PSNR:  30.98391352927143
epoch:  36400 loss:  0.0002642754407133907 PSNR:  31.031683546216392
epoch:  36600 loss:  0.00026365925441496074 PSNR:  30.953638871955977
epoch:  36800 loss:  0.00025413514231331646 PSNR:  31.050531053634465
epoch:  37000 loss:  0.00024614320136606693 PSNR:  31.065374812875426
epoch:  37200 loss:  0.00023233424872159958 PSNR:  31.169918864643023
epoch:  37400 loss:  0.00022837036522105336 PSNR:  31.182668036203612
epoch:  37600 loss:  0.00022209237795323133 PSNR:  31.182041419567106
epoch:  37800 loss:  0.00022364544565789402 PSNR:  31.12337481277132
epoch:  38000 loss:  0.00021144768106751144 PSNR:  31.14240305293447
epoch:  38200 loss:  0.00020300349569879472 PSNR:  31.226265541704542
epoch:  38400 loss:  0.00020278093870729208 PSNR:  31.166892761613475
epoch:  38600 loss:  0.00021315272897481918 PSNR:  31.05878168074973
epoch:  38800 loss:  0.00019309352501295507 PSNR:  31.11948127215035
epoch:  39000 loss:  0.00018813495989888906 PSNR:  31.144411507366314
epoch:  39200 loss:  0.0001835887524066493 PSNR:  31.20027943708635
epoch:  39400 loss:  0.0001903320662677288 PSNR:  30.977597957694115
epoch:  39600 loss:  0.00017527680029161274 PSNR:  31.068831787339576
epoch:  39800 loss:  0.00017174860113300383 PSNR:  31.126118128334017
PSNR of output image is:  31.126118128334017
(3, 256, 256) (1, 3, 256, 256)
Experiment done
