Processing image: barbara
(3, 512, 512)
(3, 512, 512)
Starting optimization with optimizer 'SAM'
Output directory where image taken from: data/denoising/Set14/mask/2/SAM(sigma=0.1,lr=0.01,decay=0,beta=0)/det/-1.3/1e-09
Output directory where results stored: data/inpainting/Set14/transfer/0.8/12/2
1.1.1.weight         | nonzeros =     966 /   12800             (  7.55%) | total_pruned =   11834 | shape = torch.Size([16, 32, 5, 5])
1.1.1.bias           | nonzeros =       0 /      16             (  0.00%) | total_pruned =      16 | shape = torch.Size([16])
1.2.weight           | nonzeros =       8 /      16             ( 50.00%) | total_pruned =       8 | shape = torch.Size([16])
1.2.bias             | nonzeros =       0 /      16             (  0.00%) | total_pruned =      16 | shape = torch.Size([16])
1.4.1.weight         | nonzeros =     100 /    6400             (  1.56%) | total_pruned =    6300 | shape = torch.Size([16, 16, 5, 5])
1.4.1.bias           | nonzeros =       0 /      16             (  0.00%) | total_pruned =      16 | shape = torch.Size([16])
1.5.weight           | nonzeros =       7 /      16             ( 43.75%) | total_pruned =       9 | shape = torch.Size([16])
1.5.bias             | nonzeros =       0 /      16             (  0.00%) | total_pruned =      16 | shape = torch.Size([16])
1.7.1.1.1.weight     | nonzeros =      80 /   12800             (  0.62%) | total_pruned =   12720 | shape = torch.Size([32, 16, 5, 5])
1.7.1.1.1.bias       | nonzeros =       0 /      32             (  0.00%) | total_pruned =      32 | shape = torch.Size([32])
1.7.1.2.weight       | nonzeros =      13 /      32             ( 40.62%) | total_pruned =      19 | shape = torch.Size([32])
1.7.1.2.bias         | nonzeros =       0 /      32             (  0.00%) | total_pruned =      32 | shape = torch.Size([32])
1.7.1.4.1.weight     | nonzeros =     148 /   25600             (  0.58%) | total_pruned =   25452 | shape = torch.Size([32, 32, 5, 5])
1.7.1.4.1.bias       | nonzeros =       0 /      32             (  0.00%) | total_pruned =      32 | shape = torch.Size([32])
1.7.1.5.weight       | nonzeros =      16 /      32             ( 50.00%) | total_pruned =      16 | shape = torch.Size([32])
1.7.1.5.bias         | nonzeros =       0 /      32             (  0.00%) | total_pruned =      32 | shape = torch.Size([32])
1.7.1.7.1.1.1.weight | nonzeros =      75 /   51200             (  0.15%) | total_pruned =   51125 | shape = torch.Size([64, 32, 5, 5])
1.7.1.7.1.1.1.bias   | nonzeros =       0 /      64             (  0.00%) | total_pruned =      64 | shape = torch.Size([64])
1.7.1.7.1.2.weight   | nonzeros =      25 /      64             ( 39.06%) | total_pruned =      39 | shape = torch.Size([64])
1.7.1.7.1.2.bias     | nonzeros =       0 /      64             (  0.00%) | total_pruned =      64 | shape = torch.Size([64])
1.7.1.7.1.4.1.weight | nonzeros =     135 /  102400             (  0.13%) | total_pruned =  102265 | shape = torch.Size([64, 64, 5, 5])
1.7.1.7.1.4.1.bias   | nonzeros =       0 /      64             (  0.00%) | total_pruned =      64 | shape = torch.Size([64])
1.7.1.7.1.5.weight   | nonzeros =      24 /      64             ( 37.50%) | total_pruned =      40 | shape = torch.Size([64])
1.7.1.7.1.5.bias     | nonzeros =       0 /      64             (  0.00%) | total_pruned =      64 | shape = torch.Size([64])
1.7.1.7.1.7.1.1.1.weight | nonzeros =      19 /  204800             (  0.01%) | total_pruned =  204781 | shape = torch.Size([128, 64, 5, 5])
1.7.1.7.1.7.1.1.1.bias | nonzeros =       0 /     128             (  0.00%) | total_pruned =     128 | shape = torch.Size([128])
1.7.1.7.1.7.1.2.weight | nonzeros =      60 /     128             ( 46.88%) | total_pruned =      68 | shape = torch.Size([128])
1.7.1.7.1.7.1.2.bias | nonzeros =       0 /     128             (  0.00%) | total_pruned =     128 | shape = torch.Size([128])
1.7.1.7.1.7.1.4.1.weight | nonzeros =      70 /  409600             (  0.02%) | total_pruned =  409530 | shape = torch.Size([128, 128, 5, 5])
1.7.1.7.1.7.1.4.1.bias | nonzeros =       0 /     128             (  0.00%) | total_pruned =     128 | shape = torch.Size([128])
1.7.1.7.1.7.1.5.weight | nonzeros =      68 /     128             ( 53.12%) | total_pruned =      60 | shape = torch.Size([128])
1.7.1.7.1.7.1.5.bias | nonzeros =       0 /     128             (  0.00%) | total_pruned =     128 | shape = torch.Size([128])
1.7.1.7.1.7.1.7.1.1.1.weight | nonzeros =      99 /  409600             (  0.02%) | total_pruned =  409501 | shape = torch.Size([128, 128, 5, 5])
1.7.1.7.1.7.1.7.1.1.1.bias | nonzeros =       0 /     128             (  0.00%) | total_pruned =     128 | shape = torch.Size([128])
1.7.1.7.1.7.1.7.1.2.weight | nonzeros =      74 /     128             ( 57.81%) | total_pruned =      54 | shape = torch.Size([128])
1.7.1.7.1.7.1.7.1.2.bias | nonzeros =       0 /     128             (  0.00%) | total_pruned =     128 | shape = torch.Size([128])
1.7.1.7.1.7.1.7.1.4.1.weight | nonzeros =    2061 /  409600             (  0.50%) | total_pruned =  407539 | shape = torch.Size([128, 128, 5, 5])
1.7.1.7.1.7.1.7.1.4.1.bias | nonzeros =       0 /     128             (  0.00%) | total_pruned =     128 | shape = torch.Size([128])
1.7.1.7.1.7.1.7.1.5.weight | nonzeros =     100 /     128             ( 78.12%) | total_pruned =      28 | shape = torch.Size([128])
1.7.1.7.1.7.1.7.1.5.bias | nonzeros =       0 /     128             (  0.00%) | total_pruned =     128 | shape = torch.Size([128])
1.7.1.7.1.7.1.7.1.7.1.1.1.weight | nonzeros =    8020 /  409600             (  1.96%) | total_pruned =  401580 | shape = torch.Size([128, 128, 5, 5])
1.7.1.7.1.7.1.7.1.7.1.1.1.bias | nonzeros =       0 /     128             (  0.00%) | total_pruned =     128 | shape = torch.Size([128])
1.7.1.7.1.7.1.7.1.7.1.2.weight | nonzeros =     110 /     128             ( 85.94%) | total_pruned =      18 | shape = torch.Size([128])
1.7.1.7.1.7.1.7.1.7.1.2.bias | nonzeros =       0 /     128             (  0.00%) | total_pruned =     128 | shape = torch.Size([128])
1.7.1.7.1.7.1.7.1.7.1.4.1.weight | nonzeros =   33033 /  409600             (  8.06%) | total_pruned =  376567 | shape = torch.Size([128, 128, 5, 5])
1.7.1.7.1.7.1.7.1.7.1.4.1.bias | nonzeros =       0 /     128             (  0.00%) | total_pruned =     128 | shape = torch.Size([128])
1.7.1.7.1.7.1.7.1.7.1.5.weight | nonzeros =      92 /     128             ( 71.88%) | total_pruned =      36 | shape = torch.Size([128])
1.7.1.7.1.7.1.7.1.7.1.5.bias | nonzeros =       0 /     128             (  0.00%) | total_pruned =     128 | shape = torch.Size([128])
1.7.1.7.1.7.1.7.1.7.2.weight | nonzeros =      92 /     128             ( 71.88%) | total_pruned =      36 | shape = torch.Size([128])
1.7.1.7.1.7.1.7.1.7.2.bias | nonzeros =       0 /     128             (  0.00%) | total_pruned =     128 | shape = torch.Size([128])
1.7.1.7.1.7.1.7.1.7.3.1.weight | nonzeros =   29848 /  147456             ( 20.24%) | total_pruned =  117608 | shape = torch.Size([128, 128, 3, 3])
1.7.1.7.1.7.1.7.1.7.3.1.bias | nonzeros =       0 /     128             (  0.00%) | total_pruned =     128 | shape = torch.Size([128])
1.7.1.7.1.7.1.7.1.7.4.weight | nonzeros =      85 /     128             ( 66.41%) | total_pruned =      43 | shape = torch.Size([128])
1.7.1.7.1.7.1.7.1.7.4.bias | nonzeros =       0 /     128             (  0.00%) | total_pruned =     128 | shape = torch.Size([128])
1.7.1.7.1.7.1.7.2.weight | nonzeros =      85 /     128             ( 66.41%) | total_pruned =      43 | shape = torch.Size([128])
1.7.1.7.1.7.1.7.2.bias | nonzeros =       0 /     128             (  0.00%) | total_pruned =     128 | shape = torch.Size([128])
1.7.1.7.1.7.1.7.3.1.weight | nonzeros =   29948 /  147456             ( 20.31%) | total_pruned =  117508 | shape = torch.Size([128, 128, 3, 3])
1.7.1.7.1.7.1.7.3.1.bias | nonzeros =       0 /     128             (  0.00%) | total_pruned =     128 | shape = torch.Size([128])
1.7.1.7.1.7.1.7.4.weight | nonzeros =      89 /     128             ( 69.53%) | total_pruned =      39 | shape = torch.Size([128])
1.7.1.7.1.7.1.7.4.bias | nonzeros =       0 /     128             (  0.00%) | total_pruned =     128 | shape = torch.Size([128])
1.7.1.7.1.7.2.weight | nonzeros =      89 /     128             ( 69.53%) | total_pruned =      39 | shape = torch.Size([128])
1.7.1.7.1.7.2.bias   | nonzeros =       0 /     128             (  0.00%) | total_pruned =     128 | shape = torch.Size([128])
1.7.1.7.1.7.3.1.weight | nonzeros =   27010 /  147456             ( 18.32%) | total_pruned =  120446 | shape = torch.Size([128, 128, 3, 3])
1.7.1.7.1.7.3.1.bias | nonzeros =       0 /     128             (  0.00%) | total_pruned =     128 | shape = torch.Size([128])
1.7.1.7.1.7.4.weight | nonzeros =      79 /     128             ( 61.72%) | total_pruned =      49 | shape = torch.Size([128])
1.7.1.7.1.7.4.bias   | nonzeros =       0 /     128             (  0.00%) | total_pruned =     128 | shape = torch.Size([128])
1.7.1.7.2.weight     | nonzeros =      79 /     128             ( 61.72%) | total_pruned =      49 | shape = torch.Size([128])
1.7.1.7.2.bias       | nonzeros =       0 /     128             (  0.00%) | total_pruned =     128 | shape = torch.Size([128])
1.7.1.7.3.1.weight   | nonzeros =   12697 /   73728             ( 17.22%) | total_pruned =   61031 | shape = torch.Size([64, 128, 3, 3])
1.7.1.7.3.1.bias     | nonzeros =       0 /      64             (  0.00%) | total_pruned =      64 | shape = torch.Size([64])
1.7.1.7.4.weight     | nonzeros =      40 /      64             ( 62.50%) | total_pruned =      24 | shape = torch.Size([64])
1.7.1.7.4.bias       | nonzeros =       0 /      64             (  0.00%) | total_pruned =      64 | shape = torch.Size([64])
1.7.2.weight         | nonzeros =      40 /      64             ( 62.50%) | total_pruned =      24 | shape = torch.Size([64])
1.7.2.bias           | nonzeros =       0 /      64             (  0.00%) | total_pruned =      64 | shape = torch.Size([64])
1.7.3.1.weight       | nonzeros =    2471 /   18432             ( 13.41%) | total_pruned =   15961 | shape = torch.Size([32, 64, 3, 3])
1.7.3.1.bias         | nonzeros =       0 /      32             (  0.00%) | total_pruned =      32 | shape = torch.Size([32])
1.7.4.weight         | nonzeros =      14 /      32             ( 43.75%) | total_pruned =      18 | shape = torch.Size([32])
1.7.4.bias           | nonzeros =       0 /      32             (  0.00%) | total_pruned =      32 | shape = torch.Size([32])
2.weight             | nonzeros =      14 /      32             ( 43.75%) | total_pruned =      18 | shape = torch.Size([32])
2.bias               | nonzeros =       0 /      32             (  0.00%) | total_pruned =      32 | shape = torch.Size([32])
3.1.weight           | nonzeros =     977 /    4608             ( 21.20%) | total_pruned =    3631 | shape = torch.Size([16, 32, 3, 3])
3.1.bias             | nonzeros =       0 /      16             (  0.00%) | total_pruned =      16 | shape = torch.Size([16])
4.weight             | nonzeros =      16 /      16             (100.00%) | total_pruned =       0 | shape = torch.Size([16])
4.bias               | nonzeros =       0 /      16             (  0.00%) | total_pruned =      16 | shape = torch.Size([16])
6.1.weight           | nonzeros =      27 /      48             ( 56.25%) | total_pruned =      21 | shape = torch.Size([3, 16, 1, 1])
6.1.bias             | nonzeros =       2 /       3             ( 66.67%) | total_pruned =       1 | shape = torch.Size([3])
alive: 149105, pruned : 2859762, total: 3008867, Compression rate :      20.18x  ( 95.04% pruned)
Initial PSNR of output image is:  12.053524577894786
epoch:  0 loss:  0.012226846069097519 PSNR:  12.053524577894786
epoch:  200 loss:  0.001292665139771998 PSNR:  21.518151587451683
epoch:  400 loss:  0.0008699853788129985 PSNR:  22.804549187063575
epoch:  600 loss:  0.0007073741289786994 PSNR:  23.164549687588295
epoch:  800 loss:  0.0005355033208616078 PSNR:  23.23081727759056
epoch:  1000 loss:  0.0003928809310309589 PSNR:  23.33424434206669
epoch:  1200 loss:  0.00026926182908937335 PSNR:  23.323685122645465
epoch:  1400 loss:  0.00021273092716000974 PSNR:  23.01439800096913
epoch:  1600 loss:  0.00016830208187457174 PSNR:  22.998441597458704
epoch:  1800 loss:  0.00014265786739997566 PSNR:  22.830940042714595
epoch:  2000 loss:  0.0001323176984442398 PSNR:  22.60668810787026
epoch:  2200 loss:  0.00010378524893894792 PSNR:  22.480912137581825
epoch:  2400 loss:  9.915118425851688e-05 PSNR:  22.43165167250398
epoch:  2600 loss:  9.347576269647107e-05 PSNR:  22.399705195242603
epoch:  2800 loss:  8.102357242023572e-05 PSNR:  22.300836516266713
epoch:  3000 loss:  8.825394615996629e-05 PSNR:  22.173669109762685
epoch:  3200 loss:  8.708523819223046e-05 PSNR:  22.27167858587759
epoch:  3400 loss:  7.273638038896024e-05 PSNR:  22.10482740926109
epoch:  3600 loss:  6.43749808659777e-05 PSNR:  22.083804448434403
epoch:  3800 loss:  5.6781100283842534e-05 PSNR:  22.080682164689946
epoch:  4000 loss:  5.397330824052915e-05 PSNR:  22.00831513012155
epoch:  4200 loss:  5.612956010736525e-05 PSNR:  22.013432363758692
epoch:  4400 loss:  8.465284190606326e-05 PSNR:  21.874388838155877
epoch:  4600 loss:  5.046850856160745e-05 PSNR:  21.902653303340387
epoch:  4800 loss:  4.681470454670489e-05 PSNR:  21.907273823337814
epoch:  5000 loss:  4.644218643079512e-05 PSNR:  21.877585427344606
epoch:  5200 loss:  5.08929806528613e-05 PSNR:  21.834843891927193
epoch:  5400 loss:  5.3645253501599655e-05 PSNR:  21.834530165086793
epoch:  5600 loss:  7.604336860822514e-05 PSNR:  21.703615652377692
epoch:  5800 loss:  4.372326657176018e-05 PSNR:  21.843249335075207
epoch:  6000 loss:  4.8511919885640964e-05 PSNR:  21.835323846224984
epoch:  6200 loss:  4.104440085939132e-05 PSNR:  21.77432054852912
epoch:  6400 loss:  5.243690975476056e-05 PSNR:  21.762475592374283
epoch:  6600 loss:  5.2915027481503785e-05 PSNR:  21.64530111596902
epoch:  6800 loss:  4.068088310305029e-05 PSNR:  21.742266904588377
epoch:  7000 loss:  5.0137401558458805e-05 PSNR:  21.861827195856577
epoch:  7200 loss:  5.210201925365254e-05 PSNR:  21.736482160085487
epoch:  7400 loss:  6.09339440416079e-05 PSNR:  21.57472525190849
epoch:  7600 loss:  4.3249980080872774e-05 PSNR:  21.61843425049568
epoch:  7800 loss:  4.506138793658465e-05 PSNR:  21.64331805488696
epoch:  8000 loss:  3.8889826100785285e-05 PSNR:  21.660060973190337
epoch:  8200 loss:  3.335872679599561e-05 PSNR:  21.605010447933637
epoch:  8400 loss:  3.626831676228903e-05 PSNR:  21.580647593378725
epoch:  8600 loss:  4.608007657225244e-05 PSNR:  21.627838821833592
epoch:  8800 loss:  3.210343129467219e-05 PSNR:  21.594533352710204
epoch:  9000 loss:  3.2813637517392635e-05 PSNR:  21.594187191571432
epoch:  9200 loss:  3.082687180722132e-05 PSNR:  21.504870335260307
epoch:  9400 loss:  3.626958641689271e-05 PSNR:  21.617689147309473
epoch:  9600 loss:  2.8599786674021743e-05 PSNR:  21.548458447568443
epoch:  9800 loss:  3.088092489633709e-05 PSNR:  21.534518498501384
epoch:  10000 loss:  3.250694862799719e-05 PSNR:  21.55777716117054
epoch:  10200 loss:  3.16825280606281e-05 PSNR:  21.52000454025916
epoch:  10400 loss:  3.313153501949273e-05 PSNR:  21.464973449262633
epoch:  10600 loss:  2.8523598302854225e-05 PSNR:  21.486204885407826
epoch:  10800 loss:  3.5089964512735605e-05 PSNR:  21.47316181285419
epoch:  11000 loss:  3.798287798417732e-05 PSNR:  21.51970716843135
epoch:  11200 loss:  3.123389251413755e-05 PSNR:  21.515919810018907
epoch:  11400 loss:  4.864663060288876e-05 PSNR:  21.480872289861605
epoch:  11600 loss:  3.0345814593601972e-05 PSNR:  21.494640249052384
epoch:  11800 loss:  2.8756268875440583e-05 PSNR:  21.38072802352488
epoch:  12000 loss:  2.6612211513565853e-05 PSNR:  21.429789897916322
epoch:  12200 loss:  2.7335298000252806e-05 PSNR:  21.45332280138409
epoch:  12400 loss:  4.8229601816274226e-05 PSNR:  21.456688996817906
epoch:  12600 loss:  3.3936346881091595e-05 PSNR:  21.429515907127335
epoch:  12800 loss:  3.0074774258537218e-05 PSNR:  21.415022517714064
epoch:  13000 loss:  3.320387259009294e-05 PSNR:  21.344242426170275
epoch:  13200 loss:  4.529160651145503e-05 PSNR:  21.40279236561996
epoch:  13400 loss:  2.6166977477259934e-05 PSNR:  21.344240450766367
epoch:  13600 loss:  2.4970529921120033e-05 PSNR:  21.36590729791181
epoch:  13800 loss:  3.4190743463113904e-05 PSNR:  21.31575702727668
epoch:  14000 loss:  2.61439272435382e-05 PSNR:  21.33238194089588
epoch:  14200 loss:  2.745346682786476e-05 PSNR:  21.38099098470855
epoch:  14400 loss:  2.5188972358591855e-05 PSNR:  21.319331912257454
epoch:  14600 loss:  3.1424799090018496e-05 PSNR:  21.26973075295044
epoch:  14800 loss:  2.4719160137465224e-05 PSNR:  21.273254610171065
epoch:  15000 loss:  6.414194649551064e-05 PSNR:  21.20248573374811
epoch:  15200 loss:  2.3423199309036136e-05 PSNR:  21.309434843609036
epoch:  15400 loss:  2.3541249902336858e-05 PSNR:  21.274764044083287
epoch:  15600 loss:  2.555514220148325e-05 PSNR:  21.276056198573222
epoch:  15800 loss:  2.2341249859891832e-05 PSNR:  21.293581808912524
epoch:  16000 loss:  2.2097365217632614e-05 PSNR:  21.238713315251548
epoch:  16200 loss:  2.3238375433720648e-05 PSNR:  21.225582417028726
epoch:  16400 loss:  2.3702141334069893e-05 PSNR:  21.254452379278625
epoch:  16600 loss:  2.4097047571558505e-05 PSNR:  21.261244500049962
epoch:  16800 loss:  3.432157973293215e-05 PSNR:  21.12027199912509
epoch:  17000 loss:  4.2819418013095856e-05 PSNR:  21.26537830602526
epoch:  17200 loss:  3.172672222717665e-05 PSNR:  21.23624206944692
epoch:  17400 loss:  2.249366298201494e-05 PSNR:  21.229842369228095
epoch:  17600 loss:  2.216341090388596e-05 PSNR:  21.22827949854821
epoch:  17800 loss:  3.108620876446366e-05 PSNR:  21.139172557969093
epoch:  18000 loss:  2.7195308575755917e-05 PSNR:  21.251381818784417
epoch:  18200 loss:  3.133436985081062e-05 PSNR:  21.20367568635599
epoch:  18400 loss:  2.492409839760512e-05 PSNR:  21.30110067803983
epoch:  18600 loss:  2.5863784685498103e-05 PSNR:  21.17017788195092
epoch:  18800 loss:  2.793804742395878e-05 PSNR:  21.25694977725322
epoch:  19000 loss:  2.089305780827999e-05 PSNR:  21.139148600563303
epoch:  19200 loss:  2.5270346668548882e-05 PSNR:  21.131367555499242
epoch:  19400 loss:  2.8675207431660965e-05 PSNR:  21.188184305854506
epoch:  19600 loss:  2.5359284336445853e-05 PSNR:  21.20342625008879
epoch:  19800 loss:  2.3118518583942205e-05 PSNR:  21.137070193092566
epoch:  20000 loss:  2.0878351278952323e-05 PSNR:  21.192662786520344
epoch:  20200 loss:  2.3631935619050637e-05 PSNR:  21.15833769095854
epoch:  20400 loss:  2.3123222490539774e-05 PSNR:  21.146124170344372
epoch:  20600 loss:  2.3618418708792888e-05 PSNR:  21.193164799249445
epoch:  20800 loss:  2.227436016255524e-05 PSNR:  21.126207518195056
epoch:  21000 loss:  3.769330942304805e-05 PSNR:  21.255584214986506
epoch:  21200 loss:  3.9563798054587096e-05 PSNR:  21.058573873088825
epoch:  21400 loss:  2.34973085753154e-05 PSNR:  21.132378260344392
epoch:  21600 loss:  3.38139507221058e-05 PSNR:  21.214432276234263
epoch:  21800 loss:  1.9778290152316913e-05 PSNR:  21.137958433813555
epoch:  22000 loss:  2.1405137886176817e-05 PSNR:  21.14730632907373
epoch:  22200 loss:  2.186322490160819e-05 PSNR:  21.10954050245259
epoch:  22400 loss:  2.956934622488916e-05 PSNR:  21.03908222241079
epoch:  22600 loss:  2.0948296878486872e-05 PSNR:  21.10858989329081
epoch:  22800 loss:  1.9390974557609297e-05 PSNR:  21.075755906184156
epoch:  23000 loss:  2.0606812540790997e-05 PSNR:  21.043726524020908
epoch:  23200 loss:  2.8969669074285775e-05 PSNR:  21.045361343714063
epoch:  23400 loss:  2.09105546673527e-05 PSNR:  21.05763012654592
epoch:  23600 loss:  1.90455793926958e-05 PSNR:  21.06751899390708
epoch:  23800 loss:  2.389224937360268e-05 PSNR:  21.15624548786538
epoch:  24000 loss:  1.8646189346327446e-05 PSNR:  21.060186008624278
epoch:  24200 loss:  2.066433626168873e-05 PSNR:  21.034322008926154
epoch:  24400 loss:  1.995908132812474e-05 PSNR:  21.05390681248259
epoch:  24600 loss:  1.8494429241400212e-05 PSNR:  21.05239331343939
epoch:  24800 loss:  2.059770304185804e-05 PSNR:  21.035782171351425
epoch:  25000 loss:  2.2747341063222848e-05 PSNR:  21.03111011827778
epoch:  25200 loss:  2.1869715055800043e-05 PSNR:  21.06451054358615
epoch:  25400 loss:  1.9786646589636803e-05 PSNR:  20.998616611206707
epoch:  25600 loss:  1.8673767044674605e-05 PSNR:  21.037421102402618
epoch:  25800 loss:  1.989526572288014e-05 PSNR:  21.047900524382182
epoch:  26000 loss:  2.5023586204042658e-05 PSNR:  21.040672401026246
epoch:  26200 loss:  3.811886563198641e-05 PSNR:  20.969560858367565
epoch:  26400 loss:  1.861524287960492e-05 PSNR:  21.029659662495224
epoch:  26600 loss:  2.1526571799768135e-05 PSNR:  21.038986735510083
epoch:  26800 loss:  1.9392316971789114e-05 PSNR:  21.02084789706622
epoch:  27000 loss:  2.1424926671897992e-05 PSNR:  20.976125446296194
epoch:  27200 loss:  1.886360223579686e-05 PSNR:  21.00551372424871
epoch:  27400 loss:  1.8882317817769945e-05 PSNR:  21.06583611181741
epoch:  27600 loss:  2.0397845219122246e-05 PSNR:  21.006020145763085
epoch:  27800 loss:  1.901691939565353e-05 PSNR:  20.99233387922858
epoch:  28000 loss:  1.8904072931036353e-05 PSNR:  20.96327966329109
epoch:  28200 loss:  2.2816673663328402e-05 PSNR:  20.970094949961325
epoch:  28400 loss:  2.543408118071966e-05 PSNR:  20.975065953688137
epoch:  28600 loss:  1.7988873878493905e-05 PSNR:  20.97331279810147
epoch:  28800 loss:  2.1657804609276354e-05 PSNR:  21.015002226064325
epoch:  29000 loss:  2.36925516219344e-05 PSNR:  21.08028080609367
epoch:  29200 loss:  3.510729220579378e-05 PSNR:  21.011536131854427
epoch:  29400 loss:  1.9713957954081707e-05 PSNR:  20.986268635923082
epoch:  29600 loss:  1.7958976968657225e-05 PSNR:  20.97408834934412
epoch:  29800 loss:  2.028129529207945e-05 PSNR:  20.963435800508805
epoch:  30000 loss:  2.1914253011345863e-05 PSNR:  20.90989424025298
epoch:  30200 loss:  1.7047561414074153e-05 PSNR:  20.97512375638121
epoch:  30400 loss:  1.9028977476409636e-05 PSNR:  20.958409657000338
epoch:  30600 loss:  1.6694559235475026e-05 PSNR:  20.938300851130172
epoch:  30800 loss:  1.9045546650886536e-05 PSNR:  20.978653511008602
epoch:  31000 loss:  1.7415170077583753e-05 PSNR:  20.936113149624553
epoch:  31200 loss:  2.596696140244603e-05 PSNR:  20.909058839864777
epoch:  31400 loss:  1.972085374291055e-05 PSNR:  20.952099951716608
epoch:  31600 loss:  1.776948556653224e-05 PSNR:  20.95866890855262
epoch:  31800 loss:  2.2649834136245772e-05 PSNR:  20.948514931688557
epoch:  32000 loss:  1.6652709746267647e-05 PSNR:  20.92886928070321
epoch:  32200 loss:  1.9696937670232728e-05 PSNR:  20.97155827798955
epoch:  32400 loss:  1.7227386706508696e-05 PSNR:  20.908512546322477
epoch:  32600 loss:  2.5691411792649888e-05 PSNR:  20.935304539207493
epoch:  32800 loss:  2.7435386073193513e-05 PSNR:  21.037283843831123
epoch:  33000 loss:  1.701689870969858e-05 PSNR:  20.937127464741614
epoch:  33200 loss:  3.0698203772772104e-05 PSNR:  20.935183311995974
epoch:  33400 loss:  1.6537595001864247e-05 PSNR:  20.9139090585435
epoch:  33600 loss:  1.8706541595747694e-05 PSNR:  20.89690194904054
epoch:  33800 loss:  2.165813020837959e-05 PSNR:  20.934758016167358
epoch:  34000 loss:  1.6946969481068663e-05 PSNR:  20.9205561216068
epoch:  34200 loss:  1.7462551113567315e-05 PSNR:  20.89893855563403
epoch:  34400 loss:  1.8608003301778808e-05 PSNR:  20.943219364581168
epoch:  34600 loss:  1.8567792722024024e-05 PSNR:  20.9413177498421
epoch:  34800 loss:  1.7334627045784146e-05 PSNR:  20.899016494288407
epoch:  35000 loss:  2.3790991690475494e-05 PSNR:  20.90556833963374
epoch:  35200 loss:  1.8454644305165857e-05 PSNR:  20.91067106168439
epoch:  35400 loss:  1.727967719489243e-05 PSNR:  20.878649310599158
epoch:  35600 loss:  2.5201796233886853e-05 PSNR:  20.96417468486656
epoch:  35800 loss:  1.7950998881133273e-05 PSNR:  20.92295471229121
epoch:  36000 loss:  1.6920515918172896e-05 PSNR:  20.909158916035473
epoch:  36200 loss:  1.781870741979219e-05 PSNR:  20.88440277389806
epoch:  36400 loss:  2.225236312369816e-05 PSNR:  20.96681687569064
epoch:  36600 loss:  1.7008445865940303e-05 PSNR:  20.901399647103833
epoch:  36800 loss:  1.8283022654941306e-05 PSNR:  20.90849518858867
epoch:  37000 loss:  1.65656310855411e-05 PSNR:  20.89320804022783
epoch:  37200 loss:  1.6323729141731746e-05 PSNR:  20.86909077028095
epoch:  37400 loss:  1.566855462442618e-05 PSNR:  20.88410781236511
epoch:  37600 loss:  1.6876285371836275e-05 PSNR:  20.86843111445061
epoch:  37800 loss:  2.035235593211837e-05 PSNR:  20.886981113216535
epoch:  38000 loss:  1.6211359252338298e-05 PSNR:  20.88242726927623
epoch:  38200 loss:  1.732012242428027e-05 PSNR:  20.85725446758943
epoch:  38400 loss:  1.6293215594487265e-05 PSNR:  20.89421899781998
epoch:  38600 loss:  1.833999704103917e-05 PSNR:  20.92744615757253
epoch:  38800 loss:  1.8924512914963998e-05 PSNR:  20.85507039104531
epoch:  39000 loss:  1.623444040887989e-05 PSNR:  20.846155827924676
epoch:  39200 loss:  2.602556014608126e-05 PSNR:  20.876545669914343
epoch:  39400 loss:  2.0122399291722104e-05 PSNR:  20.903700474577754
epoch:  39600 loss:  1.841776247601956e-05 PSNR:  20.839404011010853
epoch:  39800 loss:  1.8511091184336692e-05 PSNR:  20.848536828433346
PSNR of output image is:  20.848536828433346
(3, 512, 512) (1, 3, 512, 512)
Experiment done
