Processing image: bridge
(3, 512, 512)
(3, 512, 512)
Starting optimization with optimizer 'SAM'
Output directory where image taken from: data/denoising/Set14/mask/2/SAM(sigma=0.1,lr=0.01,decay=0,beta=0)/det/-1.3/1e-09
Output directory where results stored: data/inpainting/Set14/transfer/0.5/9/2
1.1.1.weight         | nonzeros =     966 /   12800             (  7.55%) | total_pruned =   11834 | shape = torch.Size([16, 32, 5, 5])
1.1.1.bias           | nonzeros =       0 /      16             (  0.00%) | total_pruned =      16 | shape = torch.Size([16])
1.2.weight           | nonzeros =       8 /      16             ( 50.00%) | total_pruned =       8 | shape = torch.Size([16])
1.2.bias             | nonzeros =       0 /      16             (  0.00%) | total_pruned =      16 | shape = torch.Size([16])
1.4.1.weight         | nonzeros =     100 /    6400             (  1.56%) | total_pruned =    6300 | shape = torch.Size([16, 16, 5, 5])
1.4.1.bias           | nonzeros =       0 /      16             (  0.00%) | total_pruned =      16 | shape = torch.Size([16])
1.5.weight           | nonzeros =       7 /      16             ( 43.75%) | total_pruned =       9 | shape = torch.Size([16])
1.5.bias             | nonzeros =       0 /      16             (  0.00%) | total_pruned =      16 | shape = torch.Size([16])
1.7.1.1.1.weight     | nonzeros =      80 /   12800             (  0.62%) | total_pruned =   12720 | shape = torch.Size([32, 16, 5, 5])
1.7.1.1.1.bias       | nonzeros =       0 /      32             (  0.00%) | total_pruned =      32 | shape = torch.Size([32])
1.7.1.2.weight       | nonzeros =      13 /      32             ( 40.62%) | total_pruned =      19 | shape = torch.Size([32])
1.7.1.2.bias         | nonzeros =       0 /      32             (  0.00%) | total_pruned =      32 | shape = torch.Size([32])
1.7.1.4.1.weight     | nonzeros =     148 /   25600             (  0.58%) | total_pruned =   25452 | shape = torch.Size([32, 32, 5, 5])
1.7.1.4.1.bias       | nonzeros =       0 /      32             (  0.00%) | total_pruned =      32 | shape = torch.Size([32])
1.7.1.5.weight       | nonzeros =      16 /      32             ( 50.00%) | total_pruned =      16 | shape = torch.Size([32])
1.7.1.5.bias         | nonzeros =       0 /      32             (  0.00%) | total_pruned =      32 | shape = torch.Size([32])
1.7.1.7.1.1.1.weight | nonzeros =      75 /   51200             (  0.15%) | total_pruned =   51125 | shape = torch.Size([64, 32, 5, 5])
1.7.1.7.1.1.1.bias   | nonzeros =       0 /      64             (  0.00%) | total_pruned =      64 | shape = torch.Size([64])
1.7.1.7.1.2.weight   | nonzeros =      25 /      64             ( 39.06%) | total_pruned =      39 | shape = torch.Size([64])
1.7.1.7.1.2.bias     | nonzeros =       0 /      64             (  0.00%) | total_pruned =      64 | shape = torch.Size([64])
1.7.1.7.1.4.1.weight | nonzeros =     135 /  102400             (  0.13%) | total_pruned =  102265 | shape = torch.Size([64, 64, 5, 5])
1.7.1.7.1.4.1.bias   | nonzeros =       0 /      64             (  0.00%) | total_pruned =      64 | shape = torch.Size([64])
1.7.1.7.1.5.weight   | nonzeros =      24 /      64             ( 37.50%) | total_pruned =      40 | shape = torch.Size([64])
1.7.1.7.1.5.bias     | nonzeros =       0 /      64             (  0.00%) | total_pruned =      64 | shape = torch.Size([64])
1.7.1.7.1.7.1.1.1.weight | nonzeros =      19 /  204800             (  0.01%) | total_pruned =  204781 | shape = torch.Size([128, 64, 5, 5])
1.7.1.7.1.7.1.1.1.bias | nonzeros =       0 /     128             (  0.00%) | total_pruned =     128 | shape = torch.Size([128])
1.7.1.7.1.7.1.2.weight | nonzeros =      60 /     128             ( 46.88%) | total_pruned =      68 | shape = torch.Size([128])
1.7.1.7.1.7.1.2.bias | nonzeros =       0 /     128             (  0.00%) | total_pruned =     128 | shape = torch.Size([128])
1.7.1.7.1.7.1.4.1.weight | nonzeros =      70 /  409600             (  0.02%) | total_pruned =  409530 | shape = torch.Size([128, 128, 5, 5])
1.7.1.7.1.7.1.4.1.bias | nonzeros =       0 /     128             (  0.00%) | total_pruned =     128 | shape = torch.Size([128])
1.7.1.7.1.7.1.5.weight | nonzeros =      68 /     128             ( 53.12%) | total_pruned =      60 | shape = torch.Size([128])
1.7.1.7.1.7.1.5.bias | nonzeros =       0 /     128             (  0.00%) | total_pruned =     128 | shape = torch.Size([128])
1.7.1.7.1.7.1.7.1.1.1.weight | nonzeros =      99 /  409600             (  0.02%) | total_pruned =  409501 | shape = torch.Size([128, 128, 5, 5])
1.7.1.7.1.7.1.7.1.1.1.bias | nonzeros =       0 /     128             (  0.00%) | total_pruned =     128 | shape = torch.Size([128])
1.7.1.7.1.7.1.7.1.2.weight | nonzeros =      74 /     128             ( 57.81%) | total_pruned =      54 | shape = torch.Size([128])
1.7.1.7.1.7.1.7.1.2.bias | nonzeros =       0 /     128             (  0.00%) | total_pruned =     128 | shape = torch.Size([128])
1.7.1.7.1.7.1.7.1.4.1.weight | nonzeros =    2061 /  409600             (  0.50%) | total_pruned =  407539 | shape = torch.Size([128, 128, 5, 5])
1.7.1.7.1.7.1.7.1.4.1.bias | nonzeros =       0 /     128             (  0.00%) | total_pruned =     128 | shape = torch.Size([128])
1.7.1.7.1.7.1.7.1.5.weight | nonzeros =     100 /     128             ( 78.12%) | total_pruned =      28 | shape = torch.Size([128])
1.7.1.7.1.7.1.7.1.5.bias | nonzeros =       0 /     128             (  0.00%) | total_pruned =     128 | shape = torch.Size([128])
1.7.1.7.1.7.1.7.1.7.1.1.1.weight | nonzeros =    8020 /  409600             (  1.96%) | total_pruned =  401580 | shape = torch.Size([128, 128, 5, 5])
1.7.1.7.1.7.1.7.1.7.1.1.1.bias | nonzeros =       0 /     128             (  0.00%) | total_pruned =     128 | shape = torch.Size([128])
1.7.1.7.1.7.1.7.1.7.1.2.weight | nonzeros =     110 /     128             ( 85.94%) | total_pruned =      18 | shape = torch.Size([128])
1.7.1.7.1.7.1.7.1.7.1.2.bias | nonzeros =       0 /     128             (  0.00%) | total_pruned =     128 | shape = torch.Size([128])
1.7.1.7.1.7.1.7.1.7.1.4.1.weight | nonzeros =   33033 /  409600             (  8.06%) | total_pruned =  376567 | shape = torch.Size([128, 128, 5, 5])
1.7.1.7.1.7.1.7.1.7.1.4.1.bias | nonzeros =       0 /     128             (  0.00%) | total_pruned =     128 | shape = torch.Size([128])
1.7.1.7.1.7.1.7.1.7.1.5.weight | nonzeros =      92 /     128             ( 71.88%) | total_pruned =      36 | shape = torch.Size([128])
1.7.1.7.1.7.1.7.1.7.1.5.bias | nonzeros =       0 /     128             (  0.00%) | total_pruned =     128 | shape = torch.Size([128])
1.7.1.7.1.7.1.7.1.7.2.weight | nonzeros =      92 /     128             ( 71.88%) | total_pruned =      36 | shape = torch.Size([128])
1.7.1.7.1.7.1.7.1.7.2.bias | nonzeros =       0 /     128             (  0.00%) | total_pruned =     128 | shape = torch.Size([128])
1.7.1.7.1.7.1.7.1.7.3.1.weight | nonzeros =   29848 /  147456             ( 20.24%) | total_pruned =  117608 | shape = torch.Size([128, 128, 3, 3])
1.7.1.7.1.7.1.7.1.7.3.1.bias | nonzeros =       0 /     128             (  0.00%) | total_pruned =     128 | shape = torch.Size([128])
1.7.1.7.1.7.1.7.1.7.4.weight | nonzeros =      85 /     128             ( 66.41%) | total_pruned =      43 | shape = torch.Size([128])
1.7.1.7.1.7.1.7.1.7.4.bias | nonzeros =       0 /     128             (  0.00%) | total_pruned =     128 | shape = torch.Size([128])
1.7.1.7.1.7.1.7.2.weight | nonzeros =      85 /     128             ( 66.41%) | total_pruned =      43 | shape = torch.Size([128])
1.7.1.7.1.7.1.7.2.bias | nonzeros =       0 /     128             (  0.00%) | total_pruned =     128 | shape = torch.Size([128])
1.7.1.7.1.7.1.7.3.1.weight | nonzeros =   29948 /  147456             ( 20.31%) | total_pruned =  117508 | shape = torch.Size([128, 128, 3, 3])
1.7.1.7.1.7.1.7.3.1.bias | nonzeros =       0 /     128             (  0.00%) | total_pruned =     128 | shape = torch.Size([128])
1.7.1.7.1.7.1.7.4.weight | nonzeros =      89 /     128             ( 69.53%) | total_pruned =      39 | shape = torch.Size([128])
1.7.1.7.1.7.1.7.4.bias | nonzeros =       0 /     128             (  0.00%) | total_pruned =     128 | shape = torch.Size([128])
1.7.1.7.1.7.2.weight | nonzeros =      89 /     128             ( 69.53%) | total_pruned =      39 | shape = torch.Size([128])
1.7.1.7.1.7.2.bias   | nonzeros =       0 /     128             (  0.00%) | total_pruned =     128 | shape = torch.Size([128])
1.7.1.7.1.7.3.1.weight | nonzeros =   27010 /  147456             ( 18.32%) | total_pruned =  120446 | shape = torch.Size([128, 128, 3, 3])
1.7.1.7.1.7.3.1.bias | nonzeros =       0 /     128             (  0.00%) | total_pruned =     128 | shape = torch.Size([128])
1.7.1.7.1.7.4.weight | nonzeros =      79 /     128             ( 61.72%) | total_pruned =      49 | shape = torch.Size([128])
1.7.1.7.1.7.4.bias   | nonzeros =       0 /     128             (  0.00%) | total_pruned =     128 | shape = torch.Size([128])
1.7.1.7.2.weight     | nonzeros =      79 /     128             ( 61.72%) | total_pruned =      49 | shape = torch.Size([128])
1.7.1.7.2.bias       | nonzeros =       0 /     128             (  0.00%) | total_pruned =     128 | shape = torch.Size([128])
1.7.1.7.3.1.weight   | nonzeros =   12697 /   73728             ( 17.22%) | total_pruned =   61031 | shape = torch.Size([64, 128, 3, 3])
1.7.1.7.3.1.bias     | nonzeros =       0 /      64             (  0.00%) | total_pruned =      64 | shape = torch.Size([64])
1.7.1.7.4.weight     | nonzeros =      40 /      64             ( 62.50%) | total_pruned =      24 | shape = torch.Size([64])
1.7.1.7.4.bias       | nonzeros =       0 /      64             (  0.00%) | total_pruned =      64 | shape = torch.Size([64])
1.7.2.weight         | nonzeros =      40 /      64             ( 62.50%) | total_pruned =      24 | shape = torch.Size([64])
1.7.2.bias           | nonzeros =       0 /      64             (  0.00%) | total_pruned =      64 | shape = torch.Size([64])
1.7.3.1.weight       | nonzeros =    2471 /   18432             ( 13.41%) | total_pruned =   15961 | shape = torch.Size([32, 64, 3, 3])
1.7.3.1.bias         | nonzeros =       0 /      32             (  0.00%) | total_pruned =      32 | shape = torch.Size([32])
1.7.4.weight         | nonzeros =      14 /      32             ( 43.75%) | total_pruned =      18 | shape = torch.Size([32])
1.7.4.bias           | nonzeros =       0 /      32             (  0.00%) | total_pruned =      32 | shape = torch.Size([32])
2.weight             | nonzeros =      14 /      32             ( 43.75%) | total_pruned =      18 | shape = torch.Size([32])
2.bias               | nonzeros =       0 /      32             (  0.00%) | total_pruned =      32 | shape = torch.Size([32])
3.1.weight           | nonzeros =     977 /    4608             ( 21.20%) | total_pruned =    3631 | shape = torch.Size([16, 32, 3, 3])
3.1.bias             | nonzeros =       0 /      16             (  0.00%) | total_pruned =      16 | shape = torch.Size([16])
4.weight             | nonzeros =      16 /      16             (100.00%) | total_pruned =       0 | shape = torch.Size([16])
4.bias               | nonzeros =       0 /      16             (  0.00%) | total_pruned =      16 | shape = torch.Size([16])
6.1.weight           | nonzeros =      27 /      48             ( 56.25%) | total_pruned =      21 | shape = torch.Size([3, 16, 1, 1])
6.1.bias             | nonzeros =       2 /       3             ( 66.67%) | total_pruned =       1 | shape = torch.Size([3])
alive: 149105, pruned : 2859762, total: 3008867, Compression rate :      20.18x  ( 95.04% pruned)
Initial PSNR of output image is:  11.854027601909102
epoch:  0 loss:  0.03252416104078293 PSNR:  11.854027601909102
epoch:  200 loss:  0.004518662579357624 PSNR:  20.33862153321895
epoch:  400 loss:  0.004398082382977009 PSNR:  20.373755989979692
epoch:  600 loss:  0.0024346106220036745 PSNR:  22.666949225603013
epoch:  800 loss:  0.0016781250014901161 PSNR:  23.87321907677915
epoch:  1000 loss:  0.0018197307363152504 PSNR:  23.64334157033898
epoch:  1200 loss:  0.0013224408030509949 PSNR:  24.45367431340032
epoch:  1400 loss:  0.0012632120633497834 PSNR:  24.44448050253491
epoch:  1600 loss:  0.0010743810562416911 PSNR:  24.76152118216616
epoch:  1800 loss:  0.0009324908023700118 PSNR:  24.98432366475675
epoch:  2000 loss:  0.0008985052118077874 PSNR:  25.007543337933363
epoch:  2200 loss:  0.0007373925182037055 PSNR:  25.200205548546318
epoch:  2400 loss:  0.0006543248891830444 PSNR:  25.30545778161303
epoch:  2600 loss:  0.0006552119739353657 PSNR:  25.254989893799884
epoch:  2800 loss:  0.0006084458436816931 PSNR:  25.280729528906942
epoch:  3000 loss:  0.0006223595119081438 PSNR:  25.228050671216216
epoch:  3200 loss:  0.0005278652533888817 PSNR:  25.36900891167603
epoch:  3400 loss:  0.0005859103985130787 PSNR:  25.11296855650609
epoch:  3600 loss:  0.0004958740901201963 PSNR:  25.31574288589357
epoch:  3800 loss:  0.0005066039739176631 PSNR:  25.24035948777354
epoch:  4000 loss:  0.0004768806975334883 PSNR:  25.242784662447505
epoch:  4200 loss:  0.0004616064834408462 PSNR:  25.274681045793493
epoch:  4400 loss:  0.00044264792813919485 PSNR:  25.250658399965307
epoch:  4600 loss:  0.0004299991996958852 PSNR:  25.22790508978491
epoch:  4800 loss:  0.0004160506068728864 PSNR:  25.226144008498967
epoch:  5000 loss:  0.00040262177935801446 PSNR:  25.23406184910071
epoch:  5200 loss:  0.0004046041867695749 PSNR:  25.163237296714996
epoch:  5400 loss:  0.0003742331173270941 PSNR:  25.23121658908447
epoch:  5600 loss:  0.0003763184358831495 PSNR:  25.22230256592961
epoch:  5800 loss:  0.0003501027822494507 PSNR:  25.23204494292184
epoch:  6000 loss:  0.00036828569136559963 PSNR:  25.173283508609885
epoch:  6200 loss:  0.00037088184035383165 PSNR:  25.15966470347624
epoch:  6400 loss:  0.0003324354183860123 PSNR:  25.19109825464342
epoch:  6600 loss:  0.00035409920383244753 PSNR:  25.21575547084446
epoch:  6800 loss:  0.0003272467292845249 PSNR:  25.174100552052682
epoch:  7000 loss:  0.00036953797098249197 PSNR:  25.111709157620595
epoch:  7200 loss:  0.0003181097563356161 PSNR:  25.16477376818525
epoch:  7400 loss:  0.00031249463791027665 PSNR:  25.17107709466785
epoch:  7600 loss:  0.00032161915441975 PSNR:  25.16741928673964
epoch:  7800 loss:  0.00033971143420785666 PSNR:  25.10324542398333
epoch:  8000 loss:  0.0003270602028351277 PSNR:  25.03815789633048
epoch:  8200 loss:  0.0003117498417850584 PSNR:  25.09596700665169
epoch:  8400 loss:  0.0003069451777264476 PSNR:  25.089553951071206
epoch:  8600 loss:  0.0003346948651596904 PSNR:  25.048370585367373
epoch:  8800 loss:  0.00032409868435934186 PSNR:  25.0685882642669
epoch:  9000 loss:  0.00030953355599194765 PSNR:  25.02116787143414
epoch:  9200 loss:  0.0003028625505976379 PSNR:  25.092439503501293
epoch:  9400 loss:  0.0003203252563253045 PSNR:  25.022047420377717
epoch:  9600 loss:  0.00028052128618583083 PSNR:  25.0470425013887
epoch:  9800 loss:  0.0003275647759437561 PSNR:  24.991463165386428
epoch:  10000 loss:  0.00030512578086927533 PSNR:  24.96750699451222
epoch:  10200 loss:  0.00028459017630666494 PSNR:  24.990971091252963
epoch:  10400 loss:  0.000266129442024976 PSNR:  25.036007773927714
epoch:  10600 loss:  0.0002869342570193112 PSNR:  24.961747887159493
epoch:  10800 loss:  0.0003021027659997344 PSNR:  24.96683357319862
epoch:  11000 loss:  0.0002570894721429795 PSNR:  25.003481067569243
epoch:  11200 loss:  0.00031958651379682124 PSNR:  24.88855506127493
epoch:  11400 loss:  0.00027570169186219573 PSNR:  24.98992872924333
epoch:  11600 loss:  0.0002908108290284872 PSNR:  24.897939902849085
epoch:  11800 loss:  0.00030946123297326267 PSNR:  24.806933850595886
epoch:  12000 loss:  0.00026035262271761894 PSNR:  24.970708919389946
epoch:  12200 loss:  0.0002757713373284787 PSNR:  24.872364041633602
epoch:  12400 loss:  0.00028960074996575713 PSNR:  24.962131738069303
epoch:  12600 loss:  0.0002444915589876473 PSNR:  24.96991210684664
epoch:  12800 loss:  0.0003234194009564817 PSNR:  24.849256465759694
epoch:  13000 loss:  0.00028592615853995085 PSNR:  24.87997266106778
epoch:  13200 loss:  0.000249915465246886 PSNR:  24.958169658429
epoch:  13400 loss:  0.0003283452824689448 PSNR:  24.77303444803617
epoch:  13600 loss:  0.00025691010523587465 PSNR:  24.939537653455346
epoch:  13800 loss:  0.0002616869460325688 PSNR:  24.84475697398494
epoch:  14000 loss:  0.000262667890638113 PSNR:  24.928427648776747
epoch:  14200 loss:  0.00026456330670043826 PSNR:  24.884558624707054
epoch:  14400 loss:  0.00023353664437308908 PSNR:  24.90905569484942
epoch:  14600 loss:  0.00024268392007797956 PSNR:  24.899116622199408
epoch:  14800 loss:  0.00025228364393115044 PSNR:  24.9054364366272
epoch:  15000 loss:  0.00026135536609217525 PSNR:  24.88321027955729
epoch:  15200 loss:  0.0002608781214803457 PSNR:  24.794226379007416
epoch:  15400 loss:  0.00023052713368088007 PSNR:  24.9194303020425
epoch:  15600 loss:  0.000246488896664232 PSNR:  24.92179511080899
epoch:  15800 loss:  0.0002492707862984389 PSNR:  24.873075764719626
epoch:  16000 loss:  0.0002390237059444189 PSNR:  24.905897010112167
epoch:  16200 loss:  0.00024696681066416204 PSNR:  24.86687446655592
epoch:  16400 loss:  0.00023105197760742158 PSNR:  24.82711121305111
epoch:  16600 loss:  0.00022239713871385902 PSNR:  24.89423689542535
epoch:  16800 loss:  0.00021645810920745134 PSNR:  24.860765311397298
epoch:  17000 loss:  0.00023314484860748053 PSNR:  24.83020755711557
epoch:  17200 loss:  0.0002379835059400648 PSNR:  24.837059140274548
epoch:  17400 loss:  0.00023643087479285896 PSNR:  24.846225217175167
epoch:  17600 loss:  0.0002629052323754877 PSNR:  24.82519297478496
epoch:  17800 loss:  0.00022963025548961014 PSNR:  24.86641367165333
epoch:  18000 loss:  0.0002211734972661361 PSNR:  24.87683784792293
epoch:  18200 loss:  0.0002351272851228714 PSNR:  24.875688900284626
epoch:  18400 loss:  0.00021086816559545696 PSNR:  24.87185981977632
epoch:  18600 loss:  0.00024046190083026886 PSNR:  24.799681931891072
epoch:  18800 loss:  0.00023214342945721 PSNR:  24.844984059438787
epoch:  19000 loss:  0.0002251944097224623 PSNR:  24.82013018095417
epoch:  19200 loss:  0.00024217891041189432 PSNR:  24.75431200207244
epoch:  19400 loss:  0.00023305955983232707 PSNR:  24.783233580167593
epoch:  19600 loss:  0.00022901401098351926 PSNR:  24.80545987201596
epoch:  19800 loss:  0.0002064226719085127 PSNR:  24.80615123411455
epoch:  20000 loss:  0.00021146645303815603 PSNR:  24.833231950549624
epoch:  20200 loss:  0.00019557870109565556 PSNR:  24.853792778084728
epoch:  20400 loss:  0.00020405877148732543 PSNR:  24.837614781779674
epoch:  20600 loss:  0.00021665816893801093 PSNR:  24.734776404472164
epoch:  20800 loss:  0.0002229720412287861 PSNR:  24.82658733070916
epoch:  21000 loss:  0.00019358110148459673 PSNR:  24.841526920316866
epoch:  21200 loss:  0.0001937851484399289 PSNR:  24.81231199704071
epoch:  21400 loss:  0.00019221389084123075 PSNR:  24.806227990962647
epoch:  21600 loss:  0.00019636726938188076 PSNR:  24.794594179905772
epoch:  21800 loss:  0.0002234650746686384 PSNR:  24.68386671787664
epoch:  22000 loss:  0.00019185447308700532 PSNR:  24.792934138273583
epoch:  22200 loss:  0.0002148425846826285 PSNR:  24.694215355433613
epoch:  22400 loss:  0.00019063916988670826 PSNR:  24.786405940275742
epoch:  22600 loss:  0.00019283205620013177 PSNR:  24.791696533386226
epoch:  22800 loss:  0.00019425759091973305 PSNR:  24.782085102992106
epoch:  23000 loss:  0.00021251081489026546 PSNR:  24.713750654040503
epoch:  23200 loss:  0.00021520168229471892 PSNR:  24.767041849681068
epoch:  23400 loss:  0.00020278220472391695 PSNR:  24.691284420017166
epoch:  23600 loss:  0.0001821206242311746 PSNR:  24.7674437258493
epoch:  23800 loss:  0.0002060897822957486 PSNR:  24.757588490819153
epoch:  24000 loss:  0.0001804341736715287 PSNR:  24.75818879839653
epoch:  24200 loss:  0.00021721363009419292 PSNR:  24.666151344810075
epoch:  24400 loss:  0.00021334835037123412 PSNR:  24.68938861814253
epoch:  24600 loss:  0.00019887738744728267 PSNR:  24.71193180018108
epoch:  24800 loss:  0.00019375327974557877 PSNR:  24.733550448237573
epoch:  25000 loss:  0.00019175605848431587 PSNR:  24.75131427209613
epoch:  25200 loss:  0.00018579870811663568 PSNR:  24.723699727329503
epoch:  25400 loss:  0.00018479526625014842 PSNR:  24.74544382425981
epoch:  25600 loss:  0.00018310922314412892 PSNR:  24.7180264781171
epoch:  25800 loss:  0.00018855751841329038 PSNR:  24.74394112618829
epoch:  26000 loss:  0.0001768714137142524 PSNR:  24.730289333302093
epoch:  26200 loss:  0.00018586154328659177 PSNR:  24.717145870063884
epoch:  26400 loss:  0.00018239270139019936 PSNR:  24.6881596326848
epoch:  26600 loss:  0.00019511433492880315 PSNR:  24.678845361609902
epoch:  26800 loss:  0.00020057972869835794 PSNR:  24.674508238243344
epoch:  27000 loss:  0.00018830396584235132 PSNR:  24.69213328808088
epoch:  27200 loss:  0.0001772729738149792 PSNR:  24.71674562546243
epoch:  27400 loss:  0.00017801059584598988 PSNR:  24.716980195481476
epoch:  27600 loss:  0.00017800877685658634 PSNR:  24.703001235109554
epoch:  27800 loss:  0.00019098262418992817 PSNR:  24.623776198507276
epoch:  28000 loss:  0.00018900043505709618 PSNR:  24.645788042853525
epoch:  28200 loss:  0.00020005844999104738 PSNR:  24.61691164097552
epoch:  28400 loss:  0.0001802641636459157 PSNR:  24.657453807928597
epoch:  28600 loss:  0.00017437599308323115 PSNR:  24.69522874299897
epoch:  28800 loss:  0.0001871195709099993 PSNR:  24.702834307553488
epoch:  29000 loss:  0.00017586145258974284 PSNR:  24.694083930428135
epoch:  29200 loss:  0.00016849127132445574 PSNR:  24.693086600875777
epoch:  29400 loss:  0.00017419159121345729 PSNR:  24.66346565282011
epoch:  29600 loss:  0.00021581986220553517 PSNR:  24.619385896970382
epoch:  29800 loss:  0.000169269202160649 PSNR:  24.63851142289579
epoch:  30000 loss:  0.00021631934214383364 PSNR:  24.6509563039901
epoch:  30200 loss:  0.00016631784092169255 PSNR:  24.690389267350223
epoch:  30400 loss:  0.000185474258614704 PSNR:  24.664583182011256
epoch:  30600 loss:  0.0001856359012890607 PSNR:  24.650364440684143
epoch:  30800 loss:  0.0001691770739853382 PSNR:  24.656222894387483
epoch:  31000 loss:  0.00016286899335682392 PSNR:  24.640852592244325
epoch:  31200 loss:  0.00019428784435149282 PSNR:  24.670666267083195
epoch:  31400 loss:  0.00017960013065021485 PSNR:  24.656888537147875
epoch:  31600 loss:  0.00017432647291570902 PSNR:  24.66630531995691
epoch:  31800 loss:  0.00018955173436552286 PSNR:  24.632550746498293
epoch:  32000 loss:  0.0001680221175774932 PSNR:  24.629350770280553
epoch:  32200 loss:  0.00017739969189278781 PSNR:  24.593264706149167
epoch:  32400 loss:  0.0001802172337193042 PSNR:  24.64877660382323
epoch:  32600 loss:  0.00017109609325416386 PSNR:  24.65225597183003
epoch:  32800 loss:  0.00016768851492088288 PSNR:  24.642287642084476
epoch:  33000 loss:  0.00018068766803480685 PSNR:  24.54039864911636
epoch:  33200 loss:  0.00017244955233763903 PSNR:  24.61452013624687
epoch:  33400 loss:  0.00019534409511834383 PSNR:  24.48738148172758
epoch:  33600 loss:  0.00017408348503522575 PSNR:  24.63406623424155
epoch:  33800 loss:  0.00016820497694425285 PSNR:  24.621215919842
epoch:  34000 loss:  0.00017110680346377194 PSNR:  24.628274263894202
epoch:  34200 loss:  0.0001884648809209466 PSNR:  24.60388014726787
epoch:  34400 loss:  0.0001723452442092821 PSNR:  24.628378468146014
epoch:  34600 loss:  0.00017604170716367662 PSNR:  24.624726940369154
epoch:  34800 loss:  0.00020328068058006465 PSNR:  24.59443974766331
epoch:  35000 loss:  0.00017673714319244027 PSNR:  24.59581175972933
epoch:  35200 loss:  0.0001693758968031034 PSNR:  24.54023296590099
epoch:  35400 loss:  0.00018659792840480804 PSNR:  24.61286432776928
epoch:  35600 loss:  0.00017897940415423363 PSNR:  24.533195255451112
epoch:  35800 loss:  0.002938833786174655 PSNR:  21.992780788567647
epoch:  36000 loss:  0.0012730690650641918 PSNR:  24.352277889275335
epoch:  36200 loss:  0.0009374154033139348 PSNR:  24.841592589260316
epoch:  36400 loss:  0.0007892701542004943 PSNR:  25.049351714430372
epoch:  36600 loss:  0.0006567803211510181 PSNR:  25.163063992144053
epoch:  36800 loss:  0.0006151291891001165 PSNR:  25.153839038391055
epoch:  37000 loss:  0.000545841408893466 PSNR:  25.208141611516602
epoch:  37200 loss:  0.0005403547547757626 PSNR:  25.143123111082815
epoch:  37400 loss:  0.00047297714627347887 PSNR:  25.24460460174258
epoch:  37600 loss:  0.0004952107556164265 PSNR:  25.118459968987572
epoch:  37800 loss:  0.000425774313043803 PSNR:  25.20274877809056
epoch:  38000 loss:  0.0004121445235796273 PSNR:  25.19343655871718
epoch:  38200 loss:  0.0004204741562716663 PSNR:  25.142638663817273
epoch:  38400 loss:  0.00039361068047583103 PSNR:  25.084876880069046
epoch:  38600 loss:  0.000379905424779281 PSNR:  25.124640113636563
epoch:  38800 loss:  0.0003769713803194463 PSNR:  25.077780203550518
epoch:  39000 loss:  0.000353000097675249 PSNR:  25.11837059011297
epoch:  39200 loss:  0.00036501287831924856 PSNR:  25.040958811805922
epoch:  39400 loss:  0.00035435467725619674 PSNR:  24.991378915275583
epoch:  39600 loss:  0.00033604801865294576 PSNR:  25.02050149954173
epoch:  39800 loss:  0.0003446240443736315 PSNR:  25.019988135191475
PSNR of output image is:  25.019988135191475
(3, 512, 512) (1, 3, 512, 512)
Experiment done
