Processing image: lenna
(3, 512, 512)
(3, 512, 512)
Starting optimization with optimizer 'SAM'
Output directory where image taken from: data/denoising/Set14/mask/11/SAM(sigma=0.1,lr=0.01,decay=0,beta=0)/det/-1.3/1e-09
Output directory where results stored: data/inpainting/Set14/transfer/0.8/13/11
1.1.1.weight         | nonzeros =    1037 /   12800             (  8.10%) | total_pruned =   11763 | shape = torch.Size([16, 32, 5, 5])
1.1.1.bias           | nonzeros =       0 /      16             (  0.00%) | total_pruned =      16 | shape = torch.Size([16])
1.2.weight           | nonzeros =       8 /      16             ( 50.00%) | total_pruned =       8 | shape = torch.Size([16])
1.2.bias             | nonzeros =       0 /      16             (  0.00%) | total_pruned =      16 | shape = torch.Size([16])
1.4.1.weight         | nonzeros =     171 /    6400             (  2.67%) | total_pruned =    6229 | shape = torch.Size([16, 16, 5, 5])
1.4.1.bias           | nonzeros =       0 /      16             (  0.00%) | total_pruned =      16 | shape = torch.Size([16])
1.5.weight           | nonzeros =       6 /      16             ( 37.50%) | total_pruned =      10 | shape = torch.Size([16])
1.5.bias             | nonzeros =       0 /      16             (  0.00%) | total_pruned =      16 | shape = torch.Size([16])
1.7.1.1.1.weight     | nonzeros =      91 /   12800             (  0.71%) | total_pruned =   12709 | shape = torch.Size([32, 16, 5, 5])
1.7.1.1.1.bias       | nonzeros =       0 /      32             (  0.00%) | total_pruned =      32 | shape = torch.Size([32])
1.7.1.2.weight       | nonzeros =      14 /      32             ( 43.75%) | total_pruned =      18 | shape = torch.Size([32])
1.7.1.2.bias         | nonzeros =       0 /      32             (  0.00%) | total_pruned =      32 | shape = torch.Size([32])
1.7.1.4.1.weight     | nonzeros =     126 /   25600             (  0.49%) | total_pruned =   25474 | shape = torch.Size([32, 32, 5, 5])
1.7.1.4.1.bias       | nonzeros =       0 /      32             (  0.00%) | total_pruned =      32 | shape = torch.Size([32])
1.7.1.5.weight       | nonzeros =      19 /      32             ( 59.38%) | total_pruned =      13 | shape = torch.Size([32])
1.7.1.5.bias         | nonzeros =       0 /      32             (  0.00%) | total_pruned =      32 | shape = torch.Size([32])
1.7.1.7.1.1.1.weight | nonzeros =      87 /   51200             (  0.17%) | total_pruned =   51113 | shape = torch.Size([64, 32, 5, 5])
1.7.1.7.1.1.1.bias   | nonzeros =       0 /      64             (  0.00%) | total_pruned =      64 | shape = torch.Size([64])
1.7.1.7.1.2.weight   | nonzeros =      27 /      64             ( 42.19%) | total_pruned =      37 | shape = torch.Size([64])
1.7.1.7.1.2.bias     | nonzeros =       0 /      64             (  0.00%) | total_pruned =      64 | shape = torch.Size([64])
1.7.1.7.1.4.1.weight | nonzeros =     202 /  102400             (  0.20%) | total_pruned =  102198 | shape = torch.Size([64, 64, 5, 5])
1.7.1.7.1.4.1.bias   | nonzeros =       0 /      64             (  0.00%) | total_pruned =      64 | shape = torch.Size([64])
1.7.1.7.1.5.weight   | nonzeros =      24 /      64             ( 37.50%) | total_pruned =      40 | shape = torch.Size([64])
1.7.1.7.1.5.bias     | nonzeros =       0 /      64             (  0.00%) | total_pruned =      64 | shape = torch.Size([64])
1.7.1.7.1.7.1.1.1.weight | nonzeros =     109 /  204800             (  0.05%) | total_pruned =  204691 | shape = torch.Size([128, 64, 5, 5])
1.7.1.7.1.7.1.1.1.bias | nonzeros =       0 /     128             (  0.00%) | total_pruned =     128 | shape = torch.Size([128])
1.7.1.7.1.7.1.2.weight | nonzeros =      63 /     128             ( 49.22%) | total_pruned =      65 | shape = torch.Size([128])
1.7.1.7.1.7.1.2.bias | nonzeros =       0 /     128             (  0.00%) | total_pruned =     128 | shape = torch.Size([128])
1.7.1.7.1.7.1.4.1.weight | nonzeros =     148 /  409600             (  0.04%) | total_pruned =  409452 | shape = torch.Size([128, 128, 5, 5])
1.7.1.7.1.7.1.4.1.bias | nonzeros =       0 /     128             (  0.00%) | total_pruned =     128 | shape = torch.Size([128])
1.7.1.7.1.7.1.5.weight | nonzeros =      68 /     128             ( 53.12%) | total_pruned =      60 | shape = torch.Size([128])
1.7.1.7.1.7.1.5.bias | nonzeros =       0 /     128             (  0.00%) | total_pruned =     128 | shape = torch.Size([128])
1.7.1.7.1.7.1.7.1.1.1.weight | nonzeros =     176 /  409600             (  0.04%) | total_pruned =  409424 | shape = torch.Size([128, 128, 5, 5])
1.7.1.7.1.7.1.7.1.1.1.bias | nonzeros =       0 /     128             (  0.00%) | total_pruned =     128 | shape = torch.Size([128])
1.7.1.7.1.7.1.7.1.2.weight | nonzeros =      77 /     128             ( 60.16%) | total_pruned =      51 | shape = torch.Size([128])
1.7.1.7.1.7.1.7.1.2.bias | nonzeros =       0 /     128             (  0.00%) | total_pruned =     128 | shape = torch.Size([128])
1.7.1.7.1.7.1.7.1.4.1.weight | nonzeros =    2544 /  409600             (  0.62%) | total_pruned =  407056 | shape = torch.Size([128, 128, 5, 5])
1.7.1.7.1.7.1.7.1.4.1.bias | nonzeros =       0 /     128             (  0.00%) | total_pruned =     128 | shape = torch.Size([128])
1.7.1.7.1.7.1.7.1.5.weight | nonzeros =      99 /     128             ( 77.34%) | total_pruned =      29 | shape = torch.Size([128])
1.7.1.7.1.7.1.7.1.5.bias | nonzeros =       0 /     128             (  0.00%) | total_pruned =     128 | shape = torch.Size([128])
1.7.1.7.1.7.1.7.1.7.1.1.1.weight | nonzeros =    8537 /  409600             (  2.08%) | total_pruned =  401063 | shape = torch.Size([128, 128, 5, 5])
1.7.1.7.1.7.1.7.1.7.1.1.1.bias | nonzeros =       0 /     128             (  0.00%) | total_pruned =     128 | shape = torch.Size([128])
1.7.1.7.1.7.1.7.1.7.1.2.weight | nonzeros =     108 /     128             ( 84.38%) | total_pruned =      20 | shape = torch.Size([128])
1.7.1.7.1.7.1.7.1.7.1.2.bias | nonzeros =       0 /     128             (  0.00%) | total_pruned =     128 | shape = torch.Size([128])
1.7.1.7.1.7.1.7.1.7.1.4.1.weight | nonzeros =   36306 /  409600             (  8.86%) | total_pruned =  373294 | shape = torch.Size([128, 128, 5, 5])
1.7.1.7.1.7.1.7.1.7.1.4.1.bias | nonzeros =       0 /     128             (  0.00%) | total_pruned =     128 | shape = torch.Size([128])
1.7.1.7.1.7.1.7.1.7.1.5.weight | nonzeros =      99 /     128             ( 77.34%) | total_pruned =      29 | shape = torch.Size([128])
1.7.1.7.1.7.1.7.1.7.1.5.bias | nonzeros =       0 /     128             (  0.00%) | total_pruned =     128 | shape = torch.Size([128])
1.7.1.7.1.7.1.7.1.7.2.weight | nonzeros =      99 /     128             ( 77.34%) | total_pruned =      29 | shape = torch.Size([128])
1.7.1.7.1.7.1.7.1.7.2.bias | nonzeros =       0 /     128             (  0.00%) | total_pruned =     128 | shape = torch.Size([128])
1.7.1.7.1.7.1.7.1.7.3.1.weight | nonzeros =   33989 /  147456             ( 23.05%) | total_pruned =  113467 | shape = torch.Size([128, 128, 3, 3])
1.7.1.7.1.7.1.7.1.7.3.1.bias | nonzeros =       0 /     128             (  0.00%) | total_pruned =     128 | shape = torch.Size([128])
1.7.1.7.1.7.1.7.1.7.4.weight | nonzeros =      88 /     128             ( 68.75%) | total_pruned =      40 | shape = torch.Size([128])
1.7.1.7.1.7.1.7.1.7.4.bias | nonzeros =       0 /     128             (  0.00%) | total_pruned =     128 | shape = torch.Size([128])
1.7.1.7.1.7.1.7.2.weight | nonzeros =      88 /     128             ( 68.75%) | total_pruned =      40 | shape = torch.Size([128])
1.7.1.7.1.7.1.7.2.bias | nonzeros =       0 /     128             (  0.00%) | total_pruned =     128 | shape = torch.Size([128])
1.7.1.7.1.7.1.7.3.1.weight | nonzeros =   34422 /  147456             ( 23.34%) | total_pruned =  113034 | shape = torch.Size([128, 128, 3, 3])
1.7.1.7.1.7.1.7.3.1.bias | nonzeros =       0 /     128             (  0.00%) | total_pruned =     128 | shape = torch.Size([128])
1.7.1.7.1.7.1.7.4.weight | nonzeros =      97 /     128             ( 75.78%) | total_pruned =      31 | shape = torch.Size([128])
1.7.1.7.1.7.1.7.4.bias | nonzeros =       0 /     128             (  0.00%) | total_pruned =     128 | shape = torch.Size([128])
1.7.1.7.1.7.2.weight | nonzeros =      97 /     128             ( 75.78%) | total_pruned =      31 | shape = torch.Size([128])
1.7.1.7.1.7.2.bias   | nonzeros =       0 /     128             (  0.00%) | total_pruned =     128 | shape = torch.Size([128])
1.7.1.7.1.7.3.1.weight | nonzeros =   29387 /  147456             ( 19.93%) | total_pruned =  118069 | shape = torch.Size([128, 128, 3, 3])
1.7.1.7.1.7.3.1.bias | nonzeros =       0 /     128             (  0.00%) | total_pruned =     128 | shape = torch.Size([128])
1.7.1.7.1.7.4.weight | nonzeros =      77 /     128             ( 60.16%) | total_pruned =      51 | shape = torch.Size([128])
1.7.1.7.1.7.4.bias   | nonzeros =       0 /     128             (  0.00%) | total_pruned =     128 | shape = torch.Size([128])
1.7.1.7.2.weight     | nonzeros =      77 /     128             ( 60.16%) | total_pruned =      51 | shape = torch.Size([128])
1.7.1.7.2.bias       | nonzeros =       0 /     128             (  0.00%) | total_pruned =     128 | shape = torch.Size([128])
1.7.1.7.3.1.weight   | nonzeros =   13312 /   73728             ( 18.06%) | total_pruned =   60416 | shape = torch.Size([64, 128, 3, 3])
1.7.1.7.3.1.bias     | nonzeros =       0 /      64             (  0.00%) | total_pruned =      64 | shape = torch.Size([64])
1.7.1.7.4.weight     | nonzeros =      42 /      64             ( 65.62%) | total_pruned =      22 | shape = torch.Size([64])
1.7.1.7.4.bias       | nonzeros =       0 /      64             (  0.00%) | total_pruned =      64 | shape = torch.Size([64])
1.7.2.weight         | nonzeros =      42 /      64             ( 65.62%) | total_pruned =      22 | shape = torch.Size([64])
1.7.2.bias           | nonzeros =       0 /      64             (  0.00%) | total_pruned =      64 | shape = torch.Size([64])
1.7.3.1.weight       | nonzeros =    3038 /   18432             ( 16.48%) | total_pruned =   15394 | shape = torch.Size([32, 64, 3, 3])
1.7.3.1.bias         | nonzeros =       0 /      32             (  0.00%) | total_pruned =      32 | shape = torch.Size([32])
1.7.4.weight         | nonzeros =      17 /      32             ( 53.12%) | total_pruned =      15 | shape = torch.Size([32])
1.7.4.bias           | nonzeros =       0 /      32             (  0.00%) | total_pruned =      32 | shape = torch.Size([32])
2.weight             | nonzeros =      17 /      32             ( 53.12%) | total_pruned =      15 | shape = torch.Size([32])
2.bias               | nonzeros =       0 /      32             (  0.00%) | total_pruned =      32 | shape = torch.Size([32])
3.1.weight           | nonzeros =    1095 /    4608             ( 23.76%) | total_pruned =    3513 | shape = torch.Size([16, 32, 3, 3])
3.1.bias             | nonzeros =       0 /      16             (  0.00%) | total_pruned =      16 | shape = torch.Size([16])
4.weight             | nonzeros =      16 /      16             (100.00%) | total_pruned =       0 | shape = torch.Size([16])
4.bias               | nonzeros =       0 /      16             (  0.00%) | total_pruned =      16 | shape = torch.Size([16])
6.1.weight           | nonzeros =      26 /      48             ( 54.17%) | total_pruned =      22 | shape = torch.Size([3, 16, 1, 1])
6.1.bias             | nonzeros =       3 /       3             (100.00%) | total_pruned =       0 | shape = torch.Size([3])
alive: 166175, pruned : 2842692, total: 3008867, Compression rate :      18.11x  ( 94.48% pruned)
Initial PSNR of output image is:  11.09637271155254
epoch:  0 loss:  0.013998320326209068 PSNR:  11.09637271155254
epoch:  200 loss:  0.000654079020023346 PSNR:  24.266858604082824
epoch:  400 loss:  0.0004030436684843153 PSNR:  25.955782072910218
epoch:  600 loss:  0.00029205981991253793 PSNR:  26.84370877082015
epoch:  800 loss:  0.00021520571317523718 PSNR:  27.486471401865128
epoch:  1000 loss:  0.00018112509860657156 PSNR:  27.685336546164155
epoch:  1200 loss:  0.00015076935233082622 PSNR:  27.82983689682558
epoch:  1400 loss:  0.00012733222683891654 PSNR:  27.70602986282714
epoch:  1600 loss:  0.00011616649862844497 PSNR:  27.819733911413262
epoch:  1800 loss:  0.00011257053120061755 PSNR:  27.60790562794501
epoch:  2000 loss:  0.00010422078048577532 PSNR:  27.362058903240786
epoch:  2200 loss:  8.567805343773216e-05 PSNR:  27.64619597987381
epoch:  2400 loss:  8.972010982688516e-05 PSNR:  27.28022330363235
epoch:  2600 loss:  7.670042396057397e-05 PSNR:  27.50386386896965
epoch:  2800 loss:  7.007703243289143e-05 PSNR:  27.30534851410394
epoch:  3000 loss:  6.415147799998522e-05 PSNR:  27.320645280713705
epoch:  3200 loss:  6.737878720741719e-05 PSNR:  27.240331683481838
epoch:  3400 loss:  6.832330109318718e-05 PSNR:  27.266461225278956
epoch:  3600 loss:  5.83885375817772e-05 PSNR:  27.16991186833537
epoch:  3800 loss:  5.712883285013959e-05 PSNR:  27.06635388781065
epoch:  4000 loss:  5.63606372452341e-05 PSNR:  27.039675517455475
epoch:  4200 loss:  4.915168392471969e-05 PSNR:  27.002626080468954
epoch:  4400 loss:  4.820666799787432e-05 PSNR:  26.957511709862956
epoch:  4600 loss:  4.918194463243708e-05 PSNR:  26.910140004179176
epoch:  4800 loss:  5.154656173544936e-05 PSNR:  26.812357616833786
epoch:  5000 loss:  4.408164386404678e-05 PSNR:  26.7405681130977
epoch:  5200 loss:  5.3979769290890545e-05 PSNR:  26.588777875585173
epoch:  5400 loss:  4.0783688746159896e-05 PSNR:  26.734001043197253
epoch:  5600 loss:  3.9473510696552694e-05 PSNR:  26.70442470226392
epoch:  5800 loss:  4.441507553565316e-05 PSNR:  26.623721541652866
epoch:  6000 loss:  4.015437662019394e-05 PSNR:  26.635698309366106
epoch:  6200 loss:  3.540029865689576e-05 PSNR:  26.581332591707593
epoch:  6400 loss:  5.015739588998258e-05 PSNR:  26.442528652089905
epoch:  6600 loss:  4.2174004192929715e-05 PSNR:  26.531479009774664
epoch:  6800 loss:  4.382507177069783e-05 PSNR:  26.59062711041151
epoch:  7000 loss:  3.77457108697854e-05 PSNR:  26.457727697968217
epoch:  7200 loss:  3.51964590663556e-05 PSNR:  26.54499667325411
epoch:  7400 loss:  4.7678382543381304e-05 PSNR:  26.519213074440707
epoch:  7600 loss:  3.304038546048105e-05 PSNR:  26.494244707952475
epoch:  7800 loss:  2.995989052578807e-05 PSNR:  26.428944819750537
epoch:  8000 loss:  3.854966416838579e-05 PSNR:  26.4969706308136
epoch:  8200 loss:  3.3873362554004416e-05 PSNR:  26.274400684720852
epoch:  8400 loss:  4.079451900906861e-05 PSNR:  26.3735123252531
epoch:  8600 loss:  3.2809686672408134e-05 PSNR:  26.23814138569187
epoch:  8800 loss:  3.379915142431855e-05 PSNR:  26.341205033973743
epoch:  9000 loss:  3.5774108255282044e-05 PSNR:  26.20657030329155
epoch:  9200 loss:  2.9078808438498527e-05 PSNR:  26.26690497361053
epoch:  9400 loss:  2.765282079053577e-05 PSNR:  26.232740414264335
epoch:  9600 loss:  3.4847951610572636e-05 PSNR:  26.26354545211762
epoch:  9800 loss:  2.878407212847378e-05 PSNR:  26.14920917029025
epoch:  10000 loss:  2.9583452487713657e-05 PSNR:  26.064485664409357
epoch:  10200 loss:  2.5792453016038053e-05 PSNR:  26.217841214708876
epoch:  10400 loss:  2.7621688786894083e-05 PSNR:  26.1298739732413
epoch:  10600 loss:  2.439215313643217e-05 PSNR:  26.149874423749473
epoch:  10800 loss:  2.7771144232247025e-05 PSNR:  26.14953345705605
epoch:  11000 loss:  3.1061888876138255e-05 PSNR:  26.045131158105953
epoch:  11200 loss:  3.0251021598814987e-05 PSNR:  25.97935264344325
epoch:  11400 loss:  3.089268648182042e-05 PSNR:  26.023913791949155
epoch:  11600 loss:  2.7451043933979236e-05 PSNR:  26.062560339332713
epoch:  11800 loss:  2.7275440515950322e-05 PSNR:  25.98714264514269
epoch:  12000 loss:  2.4737853891565464e-05 PSNR:  26.01986897674038
epoch:  12200 loss:  2.6885292754741386e-05 PSNR:  26.090735554349656
epoch:  12400 loss:  2.8894686693092808e-05 PSNR:  26.088393930176117
epoch:  12600 loss:  2.9991997507750057e-05 PSNR:  26.100002638230997
epoch:  12800 loss:  2.5268167519243434e-05 PSNR:  25.908634361015697
epoch:  13000 loss:  2.4561522877775133e-05 PSNR:  25.949555685974296
epoch:  13200 loss:  2.2389296645997092e-05 PSNR:  25.974674498109334
epoch:  13400 loss:  2.1879748601350002e-05 PSNR:  25.914472299654754
epoch:  13600 loss:  2.2481230189441703e-05 PSNR:  25.94002715634874
epoch:  13800 loss:  2.54870938078966e-05 PSNR:  25.94140586851139
epoch:  14000 loss:  2.1048055714345537e-05 PSNR:  25.874767523076784
epoch:  14200 loss:  3.076679422520101e-05 PSNR:  25.935956183607665
epoch:  14400 loss:  2.1257943444652483e-05 PSNR:  25.85404719532415
epoch:  14600 loss:  2.2922664356883615e-05 PSNR:  25.830338759662965
epoch:  14800 loss:  2.4097520508803427e-05 PSNR:  25.94570177293548
epoch:  15000 loss:  2.1137195290066302e-05 PSNR:  25.86214714578489
epoch:  15200 loss:  2.1738558643846773e-05 PSNR:  25.88234808122349
epoch:  15400 loss:  2.43768299696967e-05 PSNR:  25.880698365025594
epoch:  15600 loss:  2.6534991775406525e-05 PSNR:  25.857251367226404
epoch:  15800 loss:  2.403771759418305e-05 PSNR:  25.750182641515096
epoch:  16000 loss:  2.3024322217679583e-05 PSNR:  25.799795733008565
epoch:  16200 loss:  2.0773635696968995e-05 PSNR:  25.82244116678747
epoch:  16400 loss:  2.075124575640075e-05 PSNR:  25.796489922464694
epoch:  16600 loss:  1.9513943698257208e-05 PSNR:  25.797887374248013
epoch:  16800 loss:  2.3863507522037253e-05 PSNR:  25.754830288385826
epoch:  17000 loss:  3.288172229076736e-05 PSNR:  25.816668567961052
epoch:  17200 loss:  2.6241552404826507e-05 PSNR:  25.811022595728545
epoch:  17400 loss:  1.9530454665073194e-05 PSNR:  25.69114306955155
epoch:  17600 loss:  1.9898536265827715e-05 PSNR:  25.70969180263217
epoch:  17800 loss:  1.947339842445217e-05 PSNR:  25.733131015285984
epoch:  18000 loss:  2.208117803093046e-05 PSNR:  25.66919847982682
epoch:  18200 loss:  1.9829938537441194e-05 PSNR:  25.672861001229542
epoch:  18400 loss:  2.9040011213510297e-05 PSNR:  25.79061368958022
epoch:  18600 loss:  2.1736723283538595e-05 PSNR:  25.595553614334445
epoch:  18800 loss:  2.6663186872610822e-05 PSNR:  25.69625136390679
epoch:  19000 loss:  1.8885539248003624e-05 PSNR:  25.62193266809534
epoch:  19200 loss:  1.7834052414400503e-05 PSNR:  25.651166336324746
epoch:  19400 loss:  1.829205393732991e-05 PSNR:  25.640733938486026
epoch:  19600 loss:  1.9480290575302206e-05 PSNR:  25.614906242040245
epoch:  19800 loss:  2.2711039491696283e-05 PSNR:  25.678393578508768
epoch:  20000 loss:  1.7669481167104095e-05 PSNR:  25.642734597707598
epoch:  20200 loss:  1.84983218787238e-05 PSNR:  25.603236509023297
epoch:  20400 loss:  2.29451252380386e-05 PSNR:  25.465078796885567
epoch:  20600 loss:  2.7986903660348617e-05 PSNR:  25.51882647824252
epoch:  20800 loss:  2.1005702365073375e-05 PSNR:  25.558940459955846
epoch:  21000 loss:  1.9844406779156998e-05 PSNR:  25.5623628158939
epoch:  21200 loss:  1.921105467772577e-05 PSNR:  25.52839113063932
epoch:  21400 loss:  1.925855758599937e-05 PSNR:  25.47058262868646
epoch:  21600 loss:  2.2050709958421066e-05 PSNR:  25.579925773734757
epoch:  21800 loss:  1.9235048966947943e-05 PSNR:  25.545594344429823
epoch:  22000 loss:  1.9215618522139266e-05 PSNR:  25.573981842616252
epoch:  22200 loss:  2.479831709933933e-05 PSNR:  25.523081509185907
epoch:  22400 loss:  1.707086448732298e-05 PSNR:  25.550398365558216
epoch:  22600 loss:  1.7209969882969745e-05 PSNR:  25.51456881726026
epoch:  22800 loss:  1.7971538909478113e-05 PSNR:  25.564256935260374
epoch:  23000 loss:  1.8419512343825772e-05 PSNR:  25.51605914359525
epoch:  23200 loss:  1.7913274859893136e-05 PSNR:  25.523157200808598
epoch:  23400 loss:  2.7198282623430714e-05 PSNR:  25.475732546968217
epoch:  23600 loss:  2.1502635718206875e-05 PSNR:  25.482367390692122
epoch:  23800 loss:  2.1535195628530346e-05 PSNR:  25.372189710250407
epoch:  24000 loss:  1.9497449102345854e-05 PSNR:  25.53730062115084
epoch:  24200 loss:  2.0630803192034364e-05 PSNR:  25.46651507548917
epoch:  24400 loss:  1.7378364645992406e-05 PSNR:  25.45294158519882
epoch:  24600 loss:  2.28023091040086e-05 PSNR:  25.5787849332444
epoch:  24800 loss:  1.9871495169354603e-05 PSNR:  25.49011279303327
epoch:  25000 loss:  1.6412075638072565e-05 PSNR:  25.3837337881683
epoch:  25200 loss:  1.9204588170396164e-05 PSNR:  25.336467744380972
epoch:  25400 loss:  1.945240182976704e-05 PSNR:  25.480210033773893
epoch:  25600 loss:  1.6511368812643923e-05 PSNR:  25.42524689435931
epoch:  25800 loss:  1.5759671441628598e-05 PSNR:  25.3898705753683
epoch:  26000 loss:  1.5768215234857053e-05 PSNR:  25.39237948266009
epoch:  26200 loss:  2.1733605535700917e-05 PSNR:  25.52718156895822
epoch:  26400 loss:  1.8561662727734074e-05 PSNR:  25.43392588265744
epoch:  26600 loss:  1.8171760530094616e-05 PSNR:  25.407475918734733
epoch:  26800 loss:  1.628231802897062e-05 PSNR:  25.393700951762575
epoch:  27000 loss:  1.627668461878784e-05 PSNR:  25.378147510768507
epoch:  27200 loss:  2.4286680854856968e-05 PSNR:  25.40518822762928
epoch:  27400 loss:  1.8420556443743408e-05 PSNR:  25.29938568203457
epoch:  27600 loss:  1.654493826208636e-05 PSNR:  25.350470421752668
epoch:  27800 loss:  1.800186510081403e-05 PSNR:  25.33160402943523
epoch:  28000 loss:  2.0790734197362326e-05 PSNR:  25.36247126426766
epoch:  28200 loss:  1.899753260659054e-05 PSNR:  25.361403110246926
epoch:  28400 loss:  1.8847695173462853e-05 PSNR:  25.382155584851894
epoch:  28600 loss:  1.6966547264019027e-05 PSNR:  25.37493844877733
epoch:  28800 loss:  2.204127304139547e-05 PSNR:  25.3967799795695
epoch:  29000 loss:  1.4922867194400169e-05 PSNR:  25.32384181291836
epoch:  29200 loss:  1.632240309845656e-05 PSNR:  25.280734512646745
epoch:  29400 loss:  2.0477014913922176e-05 PSNR:  25.33496107835902
epoch:  29600 loss:  1.7948317690752447e-05 PSNR:  25.271959517071704
epoch:  29800 loss:  1.796087235561572e-05 PSNR:  25.331630470862372
epoch:  30000 loss:  1.5140481082198676e-05 PSNR:  25.286640897650663
epoch:  30200 loss:  1.5583329513901845e-05 PSNR:  25.283424059869887
epoch:  30400 loss:  1.689969576545991e-05 PSNR:  25.357855159384258
epoch:  30600 loss:  1.559605880174786e-05 PSNR:  25.242751196628753
epoch:  30800 loss:  1.6178932128241286e-05 PSNR:  25.202078170968093
epoch:  31000 loss:  1.6613157640676945e-05 PSNR:  25.224500051824066
epoch:  31200 loss:  1.6057651009759866e-05 PSNR:  25.236137471438674
epoch:  31400 loss:  1.7231684978469275e-05 PSNR:  25.21140360636137
epoch:  31600 loss:  1.5135483408812433e-05 PSNR:  25.265953772873814
epoch:  31800 loss:  1.7132409993791953e-05 PSNR:  25.19167758650845
epoch:  32000 loss:  2.3015643819235265e-05 PSNR:  25.201480120224357
epoch:  32200 loss:  1.5758116205688566e-05 PSNR:  25.20585284848216
epoch:  32400 loss:  1.4479677702183835e-05 PSNR:  25.219413125396205
epoch:  32600 loss:  1.504904321336653e-05 PSNR:  25.225692870427892
epoch:  32800 loss:  1.4828696293989196e-05 PSNR:  25.199806908347302
epoch:  33000 loss:  1.5785761206643656e-05 PSNR:  25.285575684195933
epoch:  33200 loss:  1.709478601696901e-05 PSNR:  25.11267682568237
epoch:  33400 loss:  1.4476793694484513e-05 PSNR:  25.21881118938085
epoch:  33600 loss:  2.0601451979018748e-05 PSNR:  25.16324798250082
epoch:  33800 loss:  1.6013211279641837e-05 PSNR:  25.23210455241429
epoch:  34000 loss:  1.5773042832734063e-05 PSNR:  25.244927459961257
epoch:  34200 loss:  1.4756947166461032e-05 PSNR:  25.199393166695376
epoch:  34400 loss:  1.524792878626613e-05 PSNR:  25.192603474983756
epoch:  34600 loss:  1.7771857528714463e-05 PSNR:  25.137021398557607
epoch:  34800 loss:  1.466175581299467e-05 PSNR:  25.173033776802633
epoch:  35000 loss:  1.5194103980320506e-05 PSNR:  25.152419511705975
epoch:  35200 loss:  1.695773062238004e-05 PSNR:  25.2045173450191
epoch:  35400 loss:  1.46415077324491e-05 PSNR:  25.194021821599506
epoch:  35600 loss:  1.592036642250605e-05 PSNR:  25.100688875832205
epoch:  35800 loss:  1.5100542441359721e-05 PSNR:  25.20523641123654
epoch:  36000 loss:  1.4969783478591125e-05 PSNR:  25.180827684907634
epoch:  36200 loss:  1.7054349882528186e-05 PSNR:  25.138444797390086
epoch:  36400 loss:  1.574622729094699e-05 PSNR:  25.141327472652222
epoch:  36600 loss:  1.4144197848509066e-05 PSNR:  25.151764653606303
epoch:  36800 loss:  1.40648044180125e-05 PSNR:  25.12194569749812
epoch:  37000 loss:  1.3769900760962628e-05 PSNR:  25.108332438138305
epoch:  37200 loss:  1.4942043890187051e-05 PSNR:  25.14914547331597
epoch:  37400 loss:  1.4364028174895793e-05 PSNR:  25.108319697982843
epoch:  37600 loss:  1.6236013834713958e-05 PSNR:  25.177773687947642
epoch:  37800 loss:  1.5076023373694625e-05 PSNR:  25.11813194352183
epoch:  38000 loss:  1.499166955909459e-05 PSNR:  25.098358515380916
epoch:  38200 loss:  2.1149200620129704e-05 PSNR:  25.016871252451573
epoch:  38400 loss:  1.3936289178673178e-05 PSNR:  25.116979242397363
epoch:  38600 loss:  1.459598570363596e-05 PSNR:  25.151398843809947
epoch:  38800 loss:  1.456129211874213e-05 PSNR:  25.100158395489757
epoch:  39000 loss:  1.4247113540477585e-05 PSNR:  25.116857424141745
epoch:  39200 loss:  1.6063120710896328e-05 PSNR:  25.152680967759053
epoch:  39400 loss:  1.5702511518611573e-05 PSNR:  25.067247764618166
epoch:  39600 loss:  1.935031104949303e-05 PSNR:  25.139164003749322
epoch:  39800 loss:  1.4298282621894032e-05 PSNR:  25.11012407613313
PSNR of output image is:  25.11012407613313
(3, 512, 512) (1, 3, 512, 512)
Experiment done
