Processing image: ppt3
(3, 512, 512)
(3, 512, 512)
Starting optimization with optimizer 'SAM'
Output directory where image taken from: data/denoising/Set14/mask/11/SAM(sigma=0.1,lr=0.01,decay=0,beta=0)/det/-1.3/1e-09
Output directory where results stored: data/inpainting/Set14/transfer/0.8/0
1.1.1.weight         | nonzeros =    1037 /   12800             (  8.10%) | total_pruned =   11763 | shape = torch.Size([16, 32, 5, 5])
1.1.1.bias           | nonzeros =       0 /      16             (  0.00%) | total_pruned =      16 | shape = torch.Size([16])
1.2.weight           | nonzeros =       8 /      16             ( 50.00%) | total_pruned =       8 | shape = torch.Size([16])
1.2.bias             | nonzeros =       0 /      16             (  0.00%) | total_pruned =      16 | shape = torch.Size([16])
1.4.1.weight         | nonzeros =     171 /    6400             (  2.67%) | total_pruned =    6229 | shape = torch.Size([16, 16, 5, 5])
1.4.1.bias           | nonzeros =       0 /      16             (  0.00%) | total_pruned =      16 | shape = torch.Size([16])
1.5.weight           | nonzeros =       6 /      16             ( 37.50%) | total_pruned =      10 | shape = torch.Size([16])
1.5.bias             | nonzeros =       0 /      16             (  0.00%) | total_pruned =      16 | shape = torch.Size([16])
1.7.1.1.1.weight     | nonzeros =      91 /   12800             (  0.71%) | total_pruned =   12709 | shape = torch.Size([32, 16, 5, 5])
1.7.1.1.1.bias       | nonzeros =       0 /      32             (  0.00%) | total_pruned =      32 | shape = torch.Size([32])
1.7.1.2.weight       | nonzeros =      14 /      32             ( 43.75%) | total_pruned =      18 | shape = torch.Size([32])
1.7.1.2.bias         | nonzeros =       0 /      32             (  0.00%) | total_pruned =      32 | shape = torch.Size([32])
1.7.1.4.1.weight     | nonzeros =     126 /   25600             (  0.49%) | total_pruned =   25474 | shape = torch.Size([32, 32, 5, 5])
1.7.1.4.1.bias       | nonzeros =       0 /      32             (  0.00%) | total_pruned =      32 | shape = torch.Size([32])
1.7.1.5.weight       | nonzeros =      19 /      32             ( 59.38%) | total_pruned =      13 | shape = torch.Size([32])
1.7.1.5.bias         | nonzeros =       0 /      32             (  0.00%) | total_pruned =      32 | shape = torch.Size([32])
1.7.1.7.1.1.1.weight | nonzeros =      87 /   51200             (  0.17%) | total_pruned =   51113 | shape = torch.Size([64, 32, 5, 5])
1.7.1.7.1.1.1.bias   | nonzeros =       0 /      64             (  0.00%) | total_pruned =      64 | shape = torch.Size([64])
1.7.1.7.1.2.weight   | nonzeros =      27 /      64             ( 42.19%) | total_pruned =      37 | shape = torch.Size([64])
1.7.1.7.1.2.bias     | nonzeros =       0 /      64             (  0.00%) | total_pruned =      64 | shape = torch.Size([64])
1.7.1.7.1.4.1.weight | nonzeros =     202 /  102400             (  0.20%) | total_pruned =  102198 | shape = torch.Size([64, 64, 5, 5])
1.7.1.7.1.4.1.bias   | nonzeros =       0 /      64             (  0.00%) | total_pruned =      64 | shape = torch.Size([64])
1.7.1.7.1.5.weight   | nonzeros =      24 /      64             ( 37.50%) | total_pruned =      40 | shape = torch.Size([64])
1.7.1.7.1.5.bias     | nonzeros =       0 /      64             (  0.00%) | total_pruned =      64 | shape = torch.Size([64])
1.7.1.7.1.7.1.1.1.weight | nonzeros =     109 /  204800             (  0.05%) | total_pruned =  204691 | shape = torch.Size([128, 64, 5, 5])
1.7.1.7.1.7.1.1.1.bias | nonzeros =       0 /     128             (  0.00%) | total_pruned =     128 | shape = torch.Size([128])
1.7.1.7.1.7.1.2.weight | nonzeros =      63 /     128             ( 49.22%) | total_pruned =      65 | shape = torch.Size([128])
1.7.1.7.1.7.1.2.bias | nonzeros =       0 /     128             (  0.00%) | total_pruned =     128 | shape = torch.Size([128])
1.7.1.7.1.7.1.4.1.weight | nonzeros =     148 /  409600             (  0.04%) | total_pruned =  409452 | shape = torch.Size([128, 128, 5, 5])
1.7.1.7.1.7.1.4.1.bias | nonzeros =       0 /     128             (  0.00%) | total_pruned =     128 | shape = torch.Size([128])
1.7.1.7.1.7.1.5.weight | nonzeros =      68 /     128             ( 53.12%) | total_pruned =      60 | shape = torch.Size([128])
1.7.1.7.1.7.1.5.bias | nonzeros =       0 /     128             (  0.00%) | total_pruned =     128 | shape = torch.Size([128])
1.7.1.7.1.7.1.7.1.1.1.weight | nonzeros =     176 /  409600             (  0.04%) | total_pruned =  409424 | shape = torch.Size([128, 128, 5, 5])
1.7.1.7.1.7.1.7.1.1.1.bias | nonzeros =       0 /     128             (  0.00%) | total_pruned =     128 | shape = torch.Size([128])
1.7.1.7.1.7.1.7.1.2.weight | nonzeros =      77 /     128             ( 60.16%) | total_pruned =      51 | shape = torch.Size([128])
1.7.1.7.1.7.1.7.1.2.bias | nonzeros =       0 /     128             (  0.00%) | total_pruned =     128 | shape = torch.Size([128])
1.7.1.7.1.7.1.7.1.4.1.weight | nonzeros =    2544 /  409600             (  0.62%) | total_pruned =  407056 | shape = torch.Size([128, 128, 5, 5])
1.7.1.7.1.7.1.7.1.4.1.bias | nonzeros =       0 /     128             (  0.00%) | total_pruned =     128 | shape = torch.Size([128])
1.7.1.7.1.7.1.7.1.5.weight | nonzeros =      99 /     128             ( 77.34%) | total_pruned =      29 | shape = torch.Size([128])
1.7.1.7.1.7.1.7.1.5.bias | nonzeros =       0 /     128             (  0.00%) | total_pruned =     128 | shape = torch.Size([128])
1.7.1.7.1.7.1.7.1.7.1.1.1.weight | nonzeros =    8537 /  409600             (  2.08%) | total_pruned =  401063 | shape = torch.Size([128, 128, 5, 5])
1.7.1.7.1.7.1.7.1.7.1.1.1.bias | nonzeros =       0 /     128             (  0.00%) | total_pruned =     128 | shape = torch.Size([128])
1.7.1.7.1.7.1.7.1.7.1.2.weight | nonzeros =     108 /     128             ( 84.38%) | total_pruned =      20 | shape = torch.Size([128])
1.7.1.7.1.7.1.7.1.7.1.2.bias | nonzeros =       0 /     128             (  0.00%) | total_pruned =     128 | shape = torch.Size([128])
1.7.1.7.1.7.1.7.1.7.1.4.1.weight | nonzeros =   36306 /  409600             (  8.86%) | total_pruned =  373294 | shape = torch.Size([128, 128, 5, 5])
1.7.1.7.1.7.1.7.1.7.1.4.1.bias | nonzeros =       0 /     128             (  0.00%) | total_pruned =     128 | shape = torch.Size([128])
1.7.1.7.1.7.1.7.1.7.1.5.weight | nonzeros =      99 /     128             ( 77.34%) | total_pruned =      29 | shape = torch.Size([128])
1.7.1.7.1.7.1.7.1.7.1.5.bias | nonzeros =       0 /     128             (  0.00%) | total_pruned =     128 | shape = torch.Size([128])
1.7.1.7.1.7.1.7.1.7.2.weight | nonzeros =      99 /     128             ( 77.34%) | total_pruned =      29 | shape = torch.Size([128])
1.7.1.7.1.7.1.7.1.7.2.bias | nonzeros =       0 /     128             (  0.00%) | total_pruned =     128 | shape = torch.Size([128])
1.7.1.7.1.7.1.7.1.7.3.1.weight | nonzeros =   33989 /  147456             ( 23.05%) | total_pruned =  113467 | shape = torch.Size([128, 128, 3, 3])
1.7.1.7.1.7.1.7.1.7.3.1.bias | nonzeros =       0 /     128             (  0.00%) | total_pruned =     128 | shape = torch.Size([128])
1.7.1.7.1.7.1.7.1.7.4.weight | nonzeros =      88 /     128             ( 68.75%) | total_pruned =      40 | shape = torch.Size([128])
1.7.1.7.1.7.1.7.1.7.4.bias | nonzeros =       0 /     128             (  0.00%) | total_pruned =     128 | shape = torch.Size([128])
1.7.1.7.1.7.1.7.2.weight | nonzeros =      88 /     128             ( 68.75%) | total_pruned =      40 | shape = torch.Size([128])
1.7.1.7.1.7.1.7.2.bias | nonzeros =       0 /     128             (  0.00%) | total_pruned =     128 | shape = torch.Size([128])
1.7.1.7.1.7.1.7.3.1.weight | nonzeros =   34422 /  147456             ( 23.34%) | total_pruned =  113034 | shape = torch.Size([128, 128, 3, 3])
1.7.1.7.1.7.1.7.3.1.bias | nonzeros =       0 /     128             (  0.00%) | total_pruned =     128 | shape = torch.Size([128])
1.7.1.7.1.7.1.7.4.weight | nonzeros =      97 /     128             ( 75.78%) | total_pruned =      31 | shape = torch.Size([128])
1.7.1.7.1.7.1.7.4.bias | nonzeros =       0 /     128             (  0.00%) | total_pruned =     128 | shape = torch.Size([128])
1.7.1.7.1.7.2.weight | nonzeros =      97 /     128             ( 75.78%) | total_pruned =      31 | shape = torch.Size([128])
1.7.1.7.1.7.2.bias   | nonzeros =       0 /     128             (  0.00%) | total_pruned =     128 | shape = torch.Size([128])
1.7.1.7.1.7.3.1.weight | nonzeros =   29387 /  147456             ( 19.93%) | total_pruned =  118069 | shape = torch.Size([128, 128, 3, 3])
1.7.1.7.1.7.3.1.bias | nonzeros =       0 /     128             (  0.00%) | total_pruned =     128 | shape = torch.Size([128])
1.7.1.7.1.7.4.weight | nonzeros =      77 /     128             ( 60.16%) | total_pruned =      51 | shape = torch.Size([128])
1.7.1.7.1.7.4.bias   | nonzeros =       0 /     128             (  0.00%) | total_pruned =     128 | shape = torch.Size([128])
1.7.1.7.2.weight     | nonzeros =      77 /     128             ( 60.16%) | total_pruned =      51 | shape = torch.Size([128])
1.7.1.7.2.bias       | nonzeros =       0 /     128             (  0.00%) | total_pruned =     128 | shape = torch.Size([128])
1.7.1.7.3.1.weight   | nonzeros =   13312 /   73728             ( 18.06%) | total_pruned =   60416 | shape = torch.Size([64, 128, 3, 3])
1.7.1.7.3.1.bias     | nonzeros =       0 /      64             (  0.00%) | total_pruned =      64 | shape = torch.Size([64])
1.7.1.7.4.weight     | nonzeros =      42 /      64             ( 65.62%) | total_pruned =      22 | shape = torch.Size([64])
1.7.1.7.4.bias       | nonzeros =       0 /      64             (  0.00%) | total_pruned =      64 | shape = torch.Size([64])
1.7.2.weight         | nonzeros =      42 /      64             ( 65.62%) | total_pruned =      22 | shape = torch.Size([64])
1.7.2.bias           | nonzeros =       0 /      64             (  0.00%) | total_pruned =      64 | shape = torch.Size([64])
1.7.3.1.weight       | nonzeros =    3038 /   18432             ( 16.48%) | total_pruned =   15394 | shape = torch.Size([32, 64, 3, 3])
1.7.3.1.bias         | nonzeros =       0 /      32             (  0.00%) | total_pruned =      32 | shape = torch.Size([32])
1.7.4.weight         | nonzeros =      17 /      32             ( 53.12%) | total_pruned =      15 | shape = torch.Size([32])
1.7.4.bias           | nonzeros =       0 /      32             (  0.00%) | total_pruned =      32 | shape = torch.Size([32])
2.weight             | nonzeros =      17 /      32             ( 53.12%) | total_pruned =      15 | shape = torch.Size([32])
2.bias               | nonzeros =       0 /      32             (  0.00%) | total_pruned =      32 | shape = torch.Size([32])
3.1.weight           | nonzeros =    1095 /    4608             ( 23.76%) | total_pruned =    3513 | shape = torch.Size([16, 32, 3, 3])
3.1.bias             | nonzeros =       0 /      16             (  0.00%) | total_pruned =      16 | shape = torch.Size([16])
4.weight             | nonzeros =      16 /      16             (100.00%) | total_pruned =       0 | shape = torch.Size([16])
4.bias               | nonzeros =       0 /      16             (  0.00%) | total_pruned =      16 | shape = torch.Size([16])
6.1.weight           | nonzeros =      26 /      48             ( 54.17%) | total_pruned =      22 | shape = torch.Size([3, 16, 1, 1])
6.1.bias             | nonzeros =       3 /       3             (100.00%) | total_pruned =       0 | shape = torch.Size([3])
alive: 166175, pruned : 2842692, total: 3008867, Compression rate :      18.11x  ( 94.48% pruned)
Initial PSNR of output image is:  7.028391434344391
epoch:  0 loss:  0.039805084466934204 PSNR:  7.028391434344391
epoch:  200 loss:  0.00366393243893981 PSNR:  16.983702379329863
epoch:  400 loss:  0.0009642400545999408 PSNR:  20.999193242700038
epoch:  600 loss:  0.0005218708538450301 PSNR:  21.78511167013317
epoch:  800 loss:  0.00030776357743889093 PSNR:  21.898335846014017
epoch:  1000 loss:  0.0002064000436803326 PSNR:  22.02266424914391
epoch:  1200 loss:  0.00014467816799879074 PSNR:  22.174117876115112
epoch:  1400 loss:  0.00010917075996985659 PSNR:  22.140927314140882
epoch:  1600 loss:  9.512385440757498e-05 PSNR:  22.16007738802821
epoch:  1800 loss:  0.00010280084097757936 PSNR:  22.05262466382807
epoch:  2000 loss:  6.785846926504746e-05 PSNR:  22.113344833920188
epoch:  2200 loss:  7.827530498616397e-05 PSNR:  22.095544584601406
epoch:  2400 loss:  6.732891779392958e-05 PSNR:  22.112066219678503
epoch:  2600 loss:  6.967599620111287e-05 PSNR:  22.004594447599214
epoch:  2800 loss:  5.745203816331923e-05 PSNR:  22.11704990748774
epoch:  3000 loss:  5.880430035176687e-05 PSNR:  22.05579157631094
epoch:  3200 loss:  3.9651487895753235e-05 PSNR:  22.092541736543502
epoch:  3400 loss:  0.00010846601071534678 PSNR:  21.97449686692371
epoch:  3600 loss:  3.232978269807063e-05 PSNR:  22.0623573390252
epoch:  3800 loss:  0.00011844129767268896 PSNR:  21.927918517203636
epoch:  4000 loss:  4.154670023126528e-05 PSNR:  22.076281304725832
epoch:  4200 loss:  3.009925057995133e-05 PSNR:  22.121744949767358
epoch:  4400 loss:  3.151992859784514e-05 PSNR:  22.03062270281499
epoch:  4600 loss:  3.717540676007047e-05 PSNR:  22.096113748283774
epoch:  4800 loss:  3.3980752050410956e-05 PSNR:  22.039884306766297
epoch:  5000 loss:  2.6466570488992147e-05 PSNR:  22.086945435481788
epoch:  5200 loss:  2.401634083071258e-05 PSNR:  22.027140898920553
epoch:  5400 loss:  2.099760422424879e-05 PSNR:  22.027592462751983
epoch:  5600 loss:  4.773647742695175e-05 PSNR:  21.952032120068473
epoch:  5800 loss:  3.8411519199144095e-05 PSNR:  22.18766772363817
epoch:  6000 loss:  2.030039468081668e-05 PSNR:  22.077335381482794
epoch:  6200 loss:  1.8452523363521323e-05 PSNR:  22.029707696633324
epoch:  6400 loss:  2.6398116460768506e-05 PSNR:  21.980834834021298
epoch:  6600 loss:  2.4055208996287547e-05 PSNR:  21.96260611513932
epoch:  6800 loss:  2.189342922065407e-05 PSNR:  22.055348757733366
epoch:  7000 loss:  3.8158148527145386e-05 PSNR:  22.054060165833388
epoch:  7200 loss:  1.637892819417175e-05 PSNR:  22.01262397632055
epoch:  7400 loss:  2.5842897230177186e-05 PSNR:  21.93874959666683
epoch:  7600 loss:  1.6546513506909832e-05 PSNR:  21.97216884929307
epoch:  7800 loss:  2.729176776483655e-05 PSNR:  21.99325151516021
epoch:  8000 loss:  1.6964244423434138e-05 PSNR:  22.0479664454716
epoch:  8200 loss:  1.1087812708865386e-05 PSNR:  21.968630156007034
epoch:  8400 loss:  1.3272203432279639e-05 PSNR:  21.938656368582585
epoch:  8600 loss:  1.2883421732112765e-05 PSNR:  21.98055402790638
epoch:  8800 loss:  1.3038260476605501e-05 PSNR:  21.948861070758387
epoch:  9000 loss:  1.2405314009811264e-05 PSNR:  21.97404855962006
epoch:  9200 loss:  1.1292645467619877e-05 PSNR:  21.95633624329473
epoch:  9400 loss:  1.2979422535863705e-05 PSNR:  21.98457735123476
epoch:  9600 loss:  2.414738992229104e-05 PSNR:  21.965738247720886
epoch:  9800 loss:  2.6417916160426103e-05 PSNR:  22.028499602850438
epoch:  10000 loss:  1.6418676750618033e-05 PSNR:  21.90341892507838
epoch:  10200 loss:  9.71659210335929e-06 PSNR:  21.967877966408658
epoch:  10400 loss:  1.0122412277269177e-05 PSNR:  21.921571314099904
epoch:  10600 loss:  1.030675684887683e-05 PSNR:  21.941894925768572
epoch:  10800 loss:  1.3121421943651512e-05 PSNR:  21.915432345641833
epoch:  11000 loss:  1.572511791891884e-05 PSNR:  21.99427314497901
epoch:  11200 loss:  1.009065999824088e-05 PSNR:  21.902141094852933
epoch:  11400 loss:  3.3934244129341096e-05 PSNR:  21.806092095577327
epoch:  11600 loss:  1.5957301002345048e-05 PSNR:  21.937286620518872
epoch:  11800 loss:  3.404307790333405e-05 PSNR:  21.831271667779482
epoch:  12000 loss:  2.386560481681954e-05 PSNR:  21.869361982667954
epoch:  12200 loss:  2.125937317032367e-05 PSNR:  21.85668801064672
epoch:  12400 loss:  8.73162571224384e-06 PSNR:  21.894021543724193
epoch:  12600 loss:  1.1314339644741267e-05 PSNR:  21.8868363866943
epoch:  12800 loss:  1.0786663551698439e-05 PSNR:  21.85313616192603
epoch:  13000 loss:  1.2770050489052664e-05 PSNR:  21.852801214219536
epoch:  13200 loss:  0.00011729611287591979 PSNR:  21.72880886594281
epoch:  13400 loss:  1.4663277397630736e-05 PSNR:  21.9013639868526
epoch:  13600 loss:  7.842601917218417e-06 PSNR:  21.835770019262576
epoch:  13800 loss:  1.9739005438168533e-05 PSNR:  21.817932361838793
epoch:  14000 loss:  2.1362942788982764e-05 PSNR:  21.84257714298669
epoch:  14200 loss:  7.899462616478559e-06 PSNR:  21.841125189938595
epoch:  14400 loss:  1.3055114322924055e-05 PSNR:  21.815295704184475
epoch:  14600 loss:  7.391605322482064e-06 PSNR:  21.813184398344085
epoch:  14800 loss:  6.272826340136817e-06 PSNR:  21.796172075068036
epoch:  15000 loss:  1.1660976269922685e-05 PSNR:  21.820170213467346
epoch:  15200 loss:  6.87885903971619e-06 PSNR:  21.803141890417322
epoch:  15400 loss:  1.045415410771966e-05 PSNR:  21.767000458478996
epoch:  15600 loss:  7.971636478032451e-06 PSNR:  21.79515257731524
epoch:  15800 loss:  6.544257303175982e-06 PSNR:  21.829586795467275
epoch:  16000 loss:  1.1857111530844122e-05 PSNR:  21.743051241594742
epoch:  16200 loss:  9.208868505083956e-06 PSNR:  21.736666693827296
epoch:  16400 loss:  5.658745067194104e-06 PSNR:  21.741521343434343
epoch:  16600 loss:  6.429117547668284e-06 PSNR:  21.747841358487968
epoch:  16800 loss:  8.90598039404722e-06 PSNR:  21.75546074429875
epoch:  17000 loss:  1.5348621673183516e-05 PSNR:  21.731019627609793
epoch:  17200 loss:  1.2573505046020728e-05 PSNR:  21.72402374214045
epoch:  17400 loss:  9.629974556446541e-06 PSNR:  21.714760713136215
epoch:  17600 loss:  7.82275583333103e-06 PSNR:  21.691542772242517
epoch:  17800 loss:  6.290279088716488e-06 PSNR:  21.693434462047243
epoch:  18000 loss:  5.314033387548989e-06 PSNR:  21.68959938545699
epoch:  18200 loss:  1.0859017493203282e-05 PSNR:  21.700362060523112
epoch:  18400 loss:  5.022052391723264e-06 PSNR:  21.68037933664495
epoch:  18600 loss:  1.8196578821516596e-05 PSNR:  21.61221848565026
epoch:  18800 loss:  5.3050380302011035e-06 PSNR:  21.708750276738424
epoch:  19000 loss:  5.275207513477653e-06 PSNR:  21.673234974724686
epoch:  19200 loss:  1.7589813069207594e-05 PSNR:  21.858765660072592
epoch:  19400 loss:  6.901000233483501e-06 PSNR:  21.75619187395132
epoch:  19600 loss:  1.450300624128431e-05 PSNR:  21.65498537967205
epoch:  19800 loss:  5.355229404813144e-06 PSNR:  21.684326388364276
epoch:  20000 loss:  8.194400834327098e-06 PSNR:  21.652868604921785
epoch:  20200 loss:  5.565998435486108e-06 PSNR:  21.655274918168832
epoch:  20400 loss:  8.067157978075556e-06 PSNR:  21.690184011356635
epoch:  20600 loss:  1.5681807781220414e-05 PSNR:  21.656254992317724
epoch:  20800 loss:  4.644765795092098e-06 PSNR:  21.63942166907274
epoch:  21000 loss:  2.9822867873008363e-05 PSNR:  21.651691092489
epoch:  21200 loss:  4.596033249981701e-06 PSNR:  21.629675468948655
epoch:  21400 loss:  9.428616976947524e-06 PSNR:  21.629188099887212
epoch:  21600 loss:  6.575578936462989e-06 PSNR:  21.715542660178798
epoch:  21800 loss:  4.685472958954051e-06 PSNR:  21.62055813604813
epoch:  22000 loss:  7.241728781082202e-06 PSNR:  21.880807408367133
epoch:  22200 loss:  5.1470806283759885e-06 PSNR:  21.69188103606007
epoch:  22400 loss:  8.845188858686015e-06 PSNR:  21.623096482590544
epoch:  22600 loss:  4.805348453373881e-06 PSNR:  21.617424854635253
epoch:  22800 loss:  5.138441338203847e-06 PSNR:  21.613289754309847
epoch:  23000 loss:  7.543509127572179e-06 PSNR:  21.608936548879303
epoch:  23200 loss:  4.2031952034449205e-06 PSNR:  21.60926052979347
epoch:  23400 loss:  4.266059477231465e-06 PSNR:  21.59277757977611
epoch:  23600 loss:  9.477729690843262e-06 PSNR:  21.586262952093918
epoch:  23800 loss:  5.444987436931115e-06 PSNR:  21.62824794997494
epoch:  24000 loss:  6.589637450815644e-06 PSNR:  21.62360668126332
epoch:  24200 loss:  7.5191528594587e-06 PSNR:  21.62296247721001
epoch:  24400 loss:  1.3036620657658204e-05 PSNR:  21.585897267905636
epoch:  24600 loss:  4.015687409264501e-06 PSNR:  21.58173500939018
epoch:  24800 loss:  4.064779659529449e-06 PSNR:  21.58710108236877
epoch:  25000 loss:  1.1065701983170584e-05 PSNR:  21.566939371192888
epoch:  25200 loss:  4.48302080258145e-06 PSNR:  21.55847900529095
epoch:  25400 loss:  8.164568498614244e-06 PSNR:  21.55965583842034
epoch:  25600 loss:  5.0172002374893054e-06 PSNR:  21.571650836188397
epoch:  25800 loss:  3.7939050798740936e-06 PSNR:  21.553258338620243
epoch:  26000 loss:  4.809355232282542e-06 PSNR:  21.55897935206205
epoch:  26200 loss:  5.049602350482019e-06 PSNR:  21.539806502092635
epoch:  26400 loss:  4.698298653238453e-06 PSNR:  21.57766019995198
epoch:  26600 loss:  6.39452991890721e-06 PSNR:  21.54757662059977
epoch:  26800 loss:  5.8994992286898196e-06 PSNR:  21.562961885446388
epoch:  27000 loss:  4.199010618322063e-06 PSNR:  21.55378122201439
epoch:  27200 loss:  3.9225983528012875e-06 PSNR:  21.52541597540386
epoch:  27400 loss:  4.1294570110039786e-06 PSNR:  21.535678081654105
epoch:  27600 loss:  3.814777301158756e-06 PSNR:  21.566760092823284
epoch:  27800 loss:  3.7326572055462748e-06 PSNR:  21.543941736440402
epoch:  28000 loss:  4.267687018000288e-06 PSNR:  21.51939262374605
epoch:  28200 loss:  7.554610419902019e-06 PSNR:  21.533536606907994
epoch:  28400 loss:  3.8299594962154515e-06 PSNR:  21.55014114329909
epoch:  28600 loss:  4.408378572406946e-06 PSNR:  21.51456779720928
epoch:  28800 loss:  7.81779999670107e-06 PSNR:  21.527378088552346
epoch:  29000 loss:  4.480842562770704e-06 PSNR:  21.486520480423437
epoch:  29200 loss:  1.780653474270366e-05 PSNR:  21.476523755271074
epoch:  29400 loss:  8.557180990464985e-06 PSNR:  21.506781498514545
epoch:  29600 loss:  4.973857357981615e-06 PSNR:  21.48227935917236
epoch:  29800 loss:  3.824621217063395e-06 PSNR:  21.5134168712599
epoch:  30000 loss:  4.417714080773294e-06 PSNR:  21.48037476437617
epoch:  30200 loss:  6.756737093382981e-06 PSNR:  21.4944000282495
epoch:  30400 loss:  5.596721166511998e-06 PSNR:  21.491585362317124
epoch:  30600 loss:  5.939670700172428e-06 PSNR:  21.488817252963383
epoch:  30800 loss:  3.6729438761540223e-06 PSNR:  21.48329258211596
epoch:  31000 loss:  4.177369191893376e-06 PSNR:  21.471032284346407
epoch:  31200 loss:  3.4495697036618367e-06 PSNR:  21.466639282504964
epoch:  31400 loss:  3.5142206797900144e-06 PSNR:  21.484812148231924
epoch:  31600 loss:  1.1352371075190604e-05 PSNR:  21.46442220515258
epoch:  31800 loss:  1.8070491933031008e-05 PSNR:  21.420408690017602
epoch:  32000 loss:  3.2776570151327178e-06 PSNR:  21.47368714263773
epoch:  32200 loss:  3.499136028040084e-06 PSNR:  21.490519750575217
epoch:  32400 loss:  4.808373887499329e-06 PSNR:  21.467394531848377
epoch:  32600 loss:  3.7640916161763016e-06 PSNR:  21.479011398676434
epoch:  32800 loss:  3.623166321631288e-06 PSNR:  21.524163641050563
epoch:  33000 loss:  4.664990228775423e-06 PSNR:  21.488121512850768
epoch:  33200 loss:  3.7080853871884756e-06 PSNR:  21.433208251866517
epoch:  33400 loss:  7.5673942774301395e-06 PSNR:  21.426628203459394
epoch:  33600 loss:  7.773840479785576e-06 PSNR:  21.510347603088213
epoch:  33800 loss:  3.51708854395838e-06 PSNR:  21.44075233006741
epoch:  34000 loss:  3.3300439099548385e-06 PSNR:  21.442871364176984
epoch:  34200 loss:  5.8800537772185635e-06 PSNR:  21.452710305275904
epoch:  34400 loss:  9.37502773012966e-06 PSNR:  21.481280025401862
epoch:  34600 loss:  3.1320282687374856e-06 PSNR:  21.45668957779656
epoch:  34800 loss:  3.5864431993104517e-06 PSNR:  21.416861279574757
epoch:  35000 loss:  4.4876569518237375e-06 PSNR:  21.44091041862771
epoch:  35200 loss:  3.4992494875041302e-06 PSNR:  21.4440733989052
epoch:  35400 loss:  6.024108643032378e-06 PSNR:  21.445255456255747
epoch:  35600 loss:  3.3120318221335765e-06 PSNR:  21.407404008498688
epoch:  35800 loss:  8.347213224624284e-06 PSNR:  21.466102126135098
epoch:  36000 loss:  8.522461030224804e-06 PSNR:  21.49314491079952
epoch:  36200 loss:  4.570217697619228e-06 PSNR:  21.42044879823475
epoch:  36400 loss:  3.939960151910782e-06 PSNR:  21.424724550782518
epoch:  36600 loss:  4.4652788346866146e-06 PSNR:  21.433225411419258
epoch:  36800 loss:  3.3599148991925176e-06 PSNR:  21.477925277413146
epoch:  37000 loss:  3.7646404962288216e-06 PSNR:  21.440548316972496
epoch:  37200 loss:  6.479206604126375e-06 PSNR:  21.396379895430123
epoch:  37400 loss:  4.95571566716535e-06 PSNR:  21.398373573938457
epoch:  37600 loss:  2.956188836833462e-06 PSNR:  21.418473838424998
epoch:  37800 loss:  3.670028490887489e-06 PSNR:  21.391436197449735
epoch:  38000 loss:  2.946236691059312e-06 PSNR:  21.403488616983473
epoch:  38200 loss:  2.9123002605047077e-06 PSNR:  21.388802451777043
epoch:  38400 loss:  3.1226009014062583e-06 PSNR:  21.40144148582506
epoch:  38600 loss:  7.714452294749208e-06 PSNR:  21.35016641513413
epoch:  38800 loss:  1.6477144527016208e-05 PSNR:  21.38797110364326
epoch:  39000 loss:  5.919936484133359e-06 PSNR:  21.399626717421143
epoch:  39200 loss:  1.1157967492181342e-05 PSNR:  21.338091885757628
epoch:  39400 loss:  2.0651976228691638e-05 PSNR:  21.378508688224976
epoch:  39600 loss:  2.9666996397281764e-06 PSNR:  21.381693524118294
epoch:  39800 loss:  2.9877635370212374e-06 PSNR:  21.37501086754463
PSNR of output image is:  21.37501086754463
(3, 512, 512) (1, 3, 512, 512)
Experiment done
Processing image: ppt3
(3, 512, 512)
(3, 512, 512)
Starting optimization with optimizer 'SAM'
Output directory where image taken from: data/denoising/Set14/mask/11/SAM(sigma=0.1,lr=0.01,decay=0,beta=0)/det/-1.3/1e-09
Output directory where results stored: data/inpainting/Set14/transfer/0.8/0/11
1.1.1.weight         | nonzeros =    1037 /   12800             (  8.10%) | total_pruned =   11763 | shape = torch.Size([16, 32, 5, 5])
1.1.1.bias           | nonzeros =       0 /      16             (  0.00%) | total_pruned =      16 | shape = torch.Size([16])
1.2.weight           | nonzeros =       8 /      16             ( 50.00%) | total_pruned =       8 | shape = torch.Size([16])
1.2.bias             | nonzeros =       0 /      16             (  0.00%) | total_pruned =      16 | shape = torch.Size([16])
1.4.1.weight         | nonzeros =     171 /    6400             (  2.67%) | total_pruned =    6229 | shape = torch.Size([16, 16, 5, 5])
1.4.1.bias           | nonzeros =       0 /      16             (  0.00%) | total_pruned =      16 | shape = torch.Size([16])
1.5.weight           | nonzeros =       6 /      16             ( 37.50%) | total_pruned =      10 | shape = torch.Size([16])
1.5.bias             | nonzeros =       0 /      16             (  0.00%) | total_pruned =      16 | shape = torch.Size([16])
1.7.1.1.1.weight     | nonzeros =      91 /   12800             (  0.71%) | total_pruned =   12709 | shape = torch.Size([32, 16, 5, 5])
1.7.1.1.1.bias       | nonzeros =       0 /      32             (  0.00%) | total_pruned =      32 | shape = torch.Size([32])
1.7.1.2.weight       | nonzeros =      14 /      32             ( 43.75%) | total_pruned =      18 | shape = torch.Size([32])
1.7.1.2.bias         | nonzeros =       0 /      32             (  0.00%) | total_pruned =      32 | shape = torch.Size([32])
1.7.1.4.1.weight     | nonzeros =     126 /   25600             (  0.49%) | total_pruned =   25474 | shape = torch.Size([32, 32, 5, 5])
1.7.1.4.1.bias       | nonzeros =       0 /      32             (  0.00%) | total_pruned =      32 | shape = torch.Size([32])
1.7.1.5.weight       | nonzeros =      19 /      32             ( 59.38%) | total_pruned =      13 | shape = torch.Size([32])
1.7.1.5.bias         | nonzeros =       0 /      32             (  0.00%) | total_pruned =      32 | shape = torch.Size([32])
1.7.1.7.1.1.1.weight | nonzeros =      87 /   51200             (  0.17%) | total_pruned =   51113 | shape = torch.Size([64, 32, 5, 5])
1.7.1.7.1.1.1.bias   | nonzeros =       0 /      64             (  0.00%) | total_pruned =      64 | shape = torch.Size([64])
1.7.1.7.1.2.weight   | nonzeros =      27 /      64             ( 42.19%) | total_pruned =      37 | shape = torch.Size([64])
1.7.1.7.1.2.bias     | nonzeros =       0 /      64             (  0.00%) | total_pruned =      64 | shape = torch.Size([64])
1.7.1.7.1.4.1.weight | nonzeros =     202 /  102400             (  0.20%) | total_pruned =  102198 | shape = torch.Size([64, 64, 5, 5])
1.7.1.7.1.4.1.bias   | nonzeros =       0 /      64             (  0.00%) | total_pruned =      64 | shape = torch.Size([64])
1.7.1.7.1.5.weight   | nonzeros =      24 /      64             ( 37.50%) | total_pruned =      40 | shape = torch.Size([64])
1.7.1.7.1.5.bias     | nonzeros =       0 /      64             (  0.00%) | total_pruned =      64 | shape = torch.Size([64])
1.7.1.7.1.7.1.1.1.weight | nonzeros =     109 /  204800             (  0.05%) | total_pruned =  204691 | shape = torch.Size([128, 64, 5, 5])
1.7.1.7.1.7.1.1.1.bias | nonzeros =       0 /     128             (  0.00%) | total_pruned =     128 | shape = torch.Size([128])
1.7.1.7.1.7.1.2.weight | nonzeros =      63 /     128             ( 49.22%) | total_pruned =      65 | shape = torch.Size([128])
1.7.1.7.1.7.1.2.bias | nonzeros =       0 /     128             (  0.00%) | total_pruned =     128 | shape = torch.Size([128])
1.7.1.7.1.7.1.4.1.weight | nonzeros =     148 /  409600             (  0.04%) | total_pruned =  409452 | shape = torch.Size([128, 128, 5, 5])
1.7.1.7.1.7.1.4.1.bias | nonzeros =       0 /     128             (  0.00%) | total_pruned =     128 | shape = torch.Size([128])
1.7.1.7.1.7.1.5.weight | nonzeros =      68 /     128             ( 53.12%) | total_pruned =      60 | shape = torch.Size([128])
1.7.1.7.1.7.1.5.bias | nonzeros =       0 /     128             (  0.00%) | total_pruned =     128 | shape = torch.Size([128])
1.7.1.7.1.7.1.7.1.1.1.weight | nonzeros =     176 /  409600             (  0.04%) | total_pruned =  409424 | shape = torch.Size([128, 128, 5, 5])
1.7.1.7.1.7.1.7.1.1.1.bias | nonzeros =       0 /     128             (  0.00%) | total_pruned =     128 | shape = torch.Size([128])
1.7.1.7.1.7.1.7.1.2.weight | nonzeros =      77 /     128             ( 60.16%) | total_pruned =      51 | shape = torch.Size([128])
1.7.1.7.1.7.1.7.1.2.bias | nonzeros =       0 /     128             (  0.00%) | total_pruned =     128 | shape = torch.Size([128])
1.7.1.7.1.7.1.7.1.4.1.weight | nonzeros =    2544 /  409600             (  0.62%) | total_pruned =  407056 | shape = torch.Size([128, 128, 5, 5])
1.7.1.7.1.7.1.7.1.4.1.bias | nonzeros =       0 /     128             (  0.00%) | total_pruned =     128 | shape = torch.Size([128])
1.7.1.7.1.7.1.7.1.5.weight | nonzeros =      99 /     128             ( 77.34%) | total_pruned =      29 | shape = torch.Size([128])
1.7.1.7.1.7.1.7.1.5.bias | nonzeros =       0 /     128             (  0.00%) | total_pruned =     128 | shape = torch.Size([128])
1.7.1.7.1.7.1.7.1.7.1.1.1.weight | nonzeros =    8537 /  409600             (  2.08%) | total_pruned =  401063 | shape = torch.Size([128, 128, 5, 5])
1.7.1.7.1.7.1.7.1.7.1.1.1.bias | nonzeros =       0 /     128             (  0.00%) | total_pruned =     128 | shape = torch.Size([128])
1.7.1.7.1.7.1.7.1.7.1.2.weight | nonzeros =     108 /     128             ( 84.38%) | total_pruned =      20 | shape = torch.Size([128])
1.7.1.7.1.7.1.7.1.7.1.2.bias | nonzeros =       0 /     128             (  0.00%) | total_pruned =     128 | shape = torch.Size([128])
1.7.1.7.1.7.1.7.1.7.1.4.1.weight | nonzeros =   36306 /  409600             (  8.86%) | total_pruned =  373294 | shape = torch.Size([128, 128, 5, 5])
1.7.1.7.1.7.1.7.1.7.1.4.1.bias | nonzeros =       0 /     128             (  0.00%) | total_pruned =     128 | shape = torch.Size([128])
1.7.1.7.1.7.1.7.1.7.1.5.weight | nonzeros =      99 /     128             ( 77.34%) | total_pruned =      29 | shape = torch.Size([128])
1.7.1.7.1.7.1.7.1.7.1.5.bias | nonzeros =       0 /     128             (  0.00%) | total_pruned =     128 | shape = torch.Size([128])
1.7.1.7.1.7.1.7.1.7.2.weight | nonzeros =      99 /     128             ( 77.34%) | total_pruned =      29 | shape = torch.Size([128])
1.7.1.7.1.7.1.7.1.7.2.bias | nonzeros =       0 /     128             (  0.00%) | total_pruned =     128 | shape = torch.Size([128])
1.7.1.7.1.7.1.7.1.7.3.1.weight | nonzeros =   33989 /  147456             ( 23.05%) | total_pruned =  113467 | shape = torch.Size([128, 128, 3, 3])
1.7.1.7.1.7.1.7.1.7.3.1.bias | nonzeros =       0 /     128             (  0.00%) | total_pruned =     128 | shape = torch.Size([128])
1.7.1.7.1.7.1.7.1.7.4.weight | nonzeros =      88 /     128             ( 68.75%) | total_pruned =      40 | shape = torch.Size([128])
1.7.1.7.1.7.1.7.1.7.4.bias | nonzeros =       0 /     128             (  0.00%) | total_pruned =     128 | shape = torch.Size([128])
1.7.1.7.1.7.1.7.2.weight | nonzeros =      88 /     128             ( 68.75%) | total_pruned =      40 | shape = torch.Size([128])
1.7.1.7.1.7.1.7.2.bias | nonzeros =       0 /     128             (  0.00%) | total_pruned =     128 | shape = torch.Size([128])
1.7.1.7.1.7.1.7.3.1.weight | nonzeros =   34422 /  147456             ( 23.34%) | total_pruned =  113034 | shape = torch.Size([128, 128, 3, 3])
1.7.1.7.1.7.1.7.3.1.bias | nonzeros =       0 /     128             (  0.00%) | total_pruned =     128 | shape = torch.Size([128])
1.7.1.7.1.7.1.7.4.weight | nonzeros =      97 /     128             ( 75.78%) | total_pruned =      31 | shape = torch.Size([128])
1.7.1.7.1.7.1.7.4.bias | nonzeros =       0 /     128             (  0.00%) | total_pruned =     128 | shape = torch.Size([128])
1.7.1.7.1.7.2.weight | nonzeros =      97 /     128             ( 75.78%) | total_pruned =      31 | shape = torch.Size([128])
1.7.1.7.1.7.2.bias   | nonzeros =       0 /     128             (  0.00%) | total_pruned =     128 | shape = torch.Size([128])
1.7.1.7.1.7.3.1.weight | nonzeros =   29387 /  147456             ( 19.93%) | total_pruned =  118069 | shape = torch.Size([128, 128, 3, 3])
1.7.1.7.1.7.3.1.bias | nonzeros =       0 /     128             (  0.00%) | total_pruned =     128 | shape = torch.Size([128])
1.7.1.7.1.7.4.weight | nonzeros =      77 /     128             ( 60.16%) | total_pruned =      51 | shape = torch.Size([128])
1.7.1.7.1.7.4.bias   | nonzeros =       0 /     128             (  0.00%) | total_pruned =     128 | shape = torch.Size([128])
1.7.1.7.2.weight     | nonzeros =      77 /     128             ( 60.16%) | total_pruned =      51 | shape = torch.Size([128])
1.7.1.7.2.bias       | nonzeros =       0 /     128             (  0.00%) | total_pruned =     128 | shape = torch.Size([128])
1.7.1.7.3.1.weight   | nonzeros =   13312 /   73728             ( 18.06%) | total_pruned =   60416 | shape = torch.Size([64, 128, 3, 3])
1.7.1.7.3.1.bias     | nonzeros =       0 /      64             (  0.00%) | total_pruned =      64 | shape = torch.Size([64])
1.7.1.7.4.weight     | nonzeros =      42 /      64             ( 65.62%) | total_pruned =      22 | shape = torch.Size([64])
1.7.1.7.4.bias       | nonzeros =       0 /      64             (  0.00%) | total_pruned =      64 | shape = torch.Size([64])
1.7.2.weight         | nonzeros =      42 /      64             ( 65.62%) | total_pruned =      22 | shape = torch.Size([64])
1.7.2.bias           | nonzeros =       0 /      64             (  0.00%) | total_pruned =      64 | shape = torch.Size([64])
1.7.3.1.weight       | nonzeros =    3038 /   18432             ( 16.48%) | total_pruned =   15394 | shape = torch.Size([32, 64, 3, 3])
1.7.3.1.bias         | nonzeros =       0 /      32             (  0.00%) | total_pruned =      32 | shape = torch.Size([32])
1.7.4.weight         | nonzeros =      17 /      32             ( 53.12%) | total_pruned =      15 | shape = torch.Size([32])
1.7.4.bias           | nonzeros =       0 /      32             (  0.00%) | total_pruned =      32 | shape = torch.Size([32])
2.weight             | nonzeros =      17 /      32             ( 53.12%) | total_pruned =      15 | shape = torch.Size([32])
2.bias               | nonzeros =       0 /      32             (  0.00%) | total_pruned =      32 | shape = torch.Size([32])
3.1.weight           | nonzeros =    1095 /    4608             ( 23.76%) | total_pruned =    3513 | shape = torch.Size([16, 32, 3, 3])
3.1.bias             | nonzeros =       0 /      16             (  0.00%) | total_pruned =      16 | shape = torch.Size([16])
4.weight             | nonzeros =      16 /      16             (100.00%) | total_pruned =       0 | shape = torch.Size([16])
4.bias               | nonzeros =       0 /      16             (  0.00%) | total_pruned =      16 | shape = torch.Size([16])
6.1.weight           | nonzeros =      26 /      48             ( 54.17%) | total_pruned =      22 | shape = torch.Size([3, 16, 1, 1])
6.1.bias             | nonzeros =       3 /       3             (100.00%) | total_pruned =       0 | shape = torch.Size([3])
alive: 166175, pruned : 2842692, total: 3008867, Compression rate :      18.11x  ( 94.48% pruned)
Initial PSNR of output image is:  7.028387843173492
epoch:  0 loss:  0.03948570787906647 PSNR:  7.028387843173492
epoch:  200 loss:  0.0029070856980979443 PSNR:  17.93615629869457
epoch:  400 loss:  0.0011090036714449525 PSNR:  20.666401454132632
epoch:  600 loss:  0.0005679483292624354 PSNR:  21.566174733757887
epoch:  800 loss:  0.00035846009268425405 PSNR:  21.721603995874602
epoch:  1000 loss:  0.00022409053053706884 PSNR:  22.03161248208695
epoch:  1200 loss:  0.00015811393677722663 PSNR:  22.104854875145115
epoch:  1400 loss:  0.0001420777989551425 PSNR:  22.04300697836989
epoch:  1600 loss:  0.0001357567816739902 PSNR:  22.07114475265076
epoch:  1800 loss:  0.00012032171798637137 PSNR:  22.006814073846087
epoch:  2000 loss:  7.261845166794956e-05 PSNR:  22.12083921637057
epoch:  2200 loss:  6.728034350089729e-05 PSNR:  22.115346570052793
epoch:  2400 loss:  7.239005935844034e-05 PSNR:  22.12626853290668
epoch:  2600 loss:  0.00011260644532740116 PSNR:  21.914251221902322
epoch:  2800 loss:  9.62472622632049e-05 PSNR:  21.87637776375608
epoch:  3000 loss:  5.864571357960813e-05 PSNR:  21.956291185061204
epoch:  3200 loss:  5.605301703326404e-05 PSNR:  22.091612938024117
epoch:  3400 loss:  4.0538852772442624e-05 PSNR:  22.07733244498049
epoch:  3600 loss:  3.6391225876286626e-05 PSNR:  22.02735377316269
epoch:  3800 loss:  3.749869210878387e-05 PSNR:  22.028848056954587
epoch:  4000 loss:  3.1469018722418696e-05 PSNR:  22.080484780957576
epoch:  4200 loss:  4.622438791557215e-05 PSNR:  22.090263473104162
epoch:  4400 loss:  6.579015462193638e-05 PSNR:  22.13089229606044
epoch:  4600 loss:  2.8773107260349207e-05 PSNR:  22.05158467558504
epoch:  4800 loss:  8.109674672596157e-05 PSNR:  21.905061506336253
epoch:  5000 loss:  2.6076697395183146e-05 PSNR:  22.017831413481495
epoch:  5200 loss:  3.417614061618224e-05 PSNR:  22.006578770521944
epoch:  5400 loss:  3.429096977924928e-05 PSNR:  21.93481111108589
epoch:  5600 loss:  3.7088571843924e-05 PSNR:  21.953124952516877
epoch:  5800 loss:  6.478151772171259e-05 PSNR:  22.1586190510336
epoch:  6000 loss:  1.9754084860323928e-05 PSNR:  21.98970712007384
epoch:  6200 loss:  2.5746614483068697e-05 PSNR:  22.000613453068443
epoch:  6400 loss:  1.7821865185396746e-05 PSNR:  22.001267133825447
epoch:  6600 loss:  2.829560253303498e-05 PSNR:  22.017359624311126
epoch:  6800 loss:  4.3041403841925785e-05 PSNR:  21.874900142876434
epoch:  7000 loss:  1.694940510788001e-05 PSNR:  21.963401888084434
epoch:  7200 loss:  1.731563315843232e-05 PSNR:  22.008616027472
epoch:  7400 loss:  2.459985807945486e-05 PSNR:  21.954293544389266
epoch:  7600 loss:  1.5901754522928968e-05 PSNR:  21.96228613094376
epoch:  7800 loss:  1.6023192074499093e-05 PSNR:  21.918250362021176
epoch:  8000 loss:  1.8673325030249543e-05 PSNR:  21.937428156936313
epoch:  8200 loss:  1.4576287867384963e-05 PSNR:  21.941589113347042
epoch:  8400 loss:  2.3134596631280147e-05 PSNR:  21.9058976146584
epoch:  8600 loss:  1.39544599733199e-05 PSNR:  21.881802299621555
epoch:  8800 loss:  2.3367943867924623e-05 PSNR:  21.900894655906566
epoch:  9000 loss:  2.078276520478539e-05 PSNR:  21.993847436681037
epoch:  9200 loss:  1.1727915079973172e-05 PSNR:  21.875286630477405
epoch:  9400 loss:  1.3530305295716971e-05 PSNR:  21.889600280710994
epoch:  9600 loss:  1.3521173968911171e-05 PSNR:  21.986872407051536
epoch:  9800 loss:  1.127248651755508e-05 PSNR:  21.851248584139903
epoch:  10000 loss:  3.134720464004204e-05 PSNR:  21.81458127694529
epoch:  10200 loss:  1.563721161801368e-05 PSNR:  21.834857818845347
epoch:  10400 loss:  1.5885245375102386e-05 PSNR:  21.923614108007833
epoch:  10600 loss:  1.9085979147348553e-05 PSNR:  21.88180042813879
epoch:  10800 loss:  1.1053360140067525e-05 PSNR:  21.876871246616325
epoch:  11000 loss:  3.203956293873489e-05 PSNR:  21.705028033148945
epoch:  11200 loss:  1.8188513422501273e-05 PSNR:  21.823940182891192
epoch:  11400 loss:  1.0473941074451432e-05 PSNR:  21.872591276853623
epoch:  11600 loss:  1.107701154978713e-05 PSNR:  21.776736471406362
epoch:  11800 loss:  1.9401662939344533e-05 PSNR:  21.796233851968054
epoch:  12000 loss:  1.4005301636643708e-05 PSNR:  21.817648062925517
epoch:  12200 loss:  1.2589104699145537e-05 PSNR:  21.728287362542382
epoch:  12400 loss:  1.2450471331248991e-05 PSNR:  21.759008160882935
epoch:  12600 loss:  8.584832357882988e-06 PSNR:  21.755403786195117
epoch:  12800 loss:  9.78202388068894e-06 PSNR:  21.796691395374708
epoch:  13000 loss:  2.1325453417375684e-05 PSNR:  21.750431012965272
epoch:  13200 loss:  8.537061148672365e-06 PSNR:  21.7472183777017
epoch:  13400 loss:  7.744342838122975e-06 PSNR:  21.71307212785182
epoch:  13600 loss:  1.089788020181004e-05 PSNR:  21.78364586551076
epoch:  13800 loss:  1.0711712093325332e-05 PSNR:  21.71780674793994
epoch:  14000 loss:  1.2935324775753543e-05 PSNR:  21.656395063272576
epoch:  14200 loss:  1.894228989840485e-05 PSNR:  21.699793112337677
epoch:  14400 loss:  7.582892976643052e-06 PSNR:  21.687881774782923
epoch:  14600 loss:  7.455842478520935e-06 PSNR:  21.72199782318744
epoch:  14800 loss:  1.6242054698523134e-05 PSNR:  21.72288662124522
epoch:  15000 loss:  4.5425269490806386e-05 PSNR:  21.534565028003808
epoch:  15200 loss:  1.2324601811997127e-05 PSNR:  21.657348435719715
epoch:  15400 loss:  7.894361260696314e-06 PSNR:  21.676946719471534
epoch:  15600 loss:  1.081671507563442e-05 PSNR:  21.67229475334326
epoch:  15800 loss:  1.0290542377333622e-05 PSNR:  21.67834539477795
epoch:  16000 loss:  8.250623977801297e-06 PSNR:  21.730014404757668
epoch:  16200 loss:  7.086872756190132e-06 PSNR:  21.657410046357526
epoch:  16400 loss:  2.7283958843327127e-05 PSNR:  21.584325031036347
epoch:  16600 loss:  1.3352124369703233e-05 PSNR:  21.655168041281847
epoch:  16800 loss:  1.6367686839657836e-05 PSNR:  21.710705252686758
epoch:  17000 loss:  1.1228881703573279e-05 PSNR:  21.605539134574418
epoch:  17200 loss:  9.080550626094919e-06 PSNR:  21.644489183155923
epoch:  17400 loss:  1.0654875950422138e-05 PSNR:  21.68195725027138
epoch:  17600 loss:  2.2979031200520694e-05 PSNR:  21.589315503547418
epoch:  17800 loss:  1.1195006663911045e-05 PSNR:  21.580171843972693
epoch:  18000 loss:  9.79865035333205e-06 PSNR:  21.62536197558047
epoch:  18200 loss:  1.0716960787249263e-05 PSNR:  21.57391870065785
epoch:  18400 loss:  2.693519309104886e-05 PSNR:  21.555918526097855
epoch:  18600 loss:  6.495618436019868e-06 PSNR:  21.63501568265966
epoch:  18800 loss:  9.755632163432892e-06 PSNR:  21.65544367650352
epoch:  19000 loss:  6.222874617378693e-06 PSNR:  21.53915270128053
epoch:  19200 loss:  8.532075298717245e-06 PSNR:  21.58254577194711
epoch:  19400 loss:  2.0592124201357365e-05 PSNR:  21.559862048710656
epoch:  19600 loss:  7.394539352389984e-06 PSNR:  21.52807324620572
epoch:  19800 loss:  8.908629752113484e-06 PSNR:  21.52407057073927
epoch:  20000 loss:  1.579510535520967e-05 PSNR:  21.527252753520102
epoch:  20200 loss:  2.068085814244114e-05 PSNR:  21.60600951339049
epoch:  20400 loss:  6.091675459174439e-06 PSNR:  21.50464936020883
epoch:  20600 loss:  5.589603006228572e-06 PSNR:  21.509464319401708
epoch:  20800 loss:  5.5524865274492186e-06 PSNR:  21.503445596383717
epoch:  21000 loss:  7.754290891170967e-06 PSNR:  21.600729092318325
epoch:  21200 loss:  1.3370534361456521e-05 PSNR:  21.50229618470211
epoch:  21400 loss:  3.572042260202579e-05 PSNR:  21.426090075119678
epoch:  21600 loss:  8.92403295438271e-06 PSNR:  21.485433049248357
epoch:  21800 loss:  7.366527825070079e-06 PSNR:  21.529340513371476
epoch:  22000 loss:  8.807771337160375e-06 PSNR:  21.50910075075801
epoch:  22200 loss:  6.912932349223411e-06 PSNR:  21.5240608042173
epoch:  22400 loss:  6.4733371800684836e-06 PSNR:  21.49087663582092
epoch:  22600 loss:  6.3988145484472625e-06 PSNR:  21.54027039137023
epoch:  22800 loss:  2.3577198589919135e-05 PSNR:  21.40392308261167
epoch:  23000 loss:  1.575515307195019e-05 PSNR:  21.473718659844042
epoch:  23200 loss:  7.17417242412921e-06 PSNR:  21.470764419158932
epoch:  23400 loss:  5.840407538926229e-06 PSNR:  21.496827712830147
epoch:  23600 loss:  5.2857608352496754e-06 PSNR:  21.48415148860527
epoch:  23800 loss:  8.779237759881653e-06 PSNR:  21.63809444954262
epoch:  24000 loss:  2.464505632815417e-05 PSNR:  21.4742604508252
epoch:  24200 loss:  6.179133379191626e-06 PSNR:  21.47621236731853
epoch:  24400 loss:  5.856083589605987e-06 PSNR:  21.48893236567696
epoch:  24600 loss:  5.383415555115789e-06 PSNR:  21.447873147533592
epoch:  24800 loss:  5.0245098464074545e-06 PSNR:  21.485731432163323
epoch:  25000 loss:  6.002678674121853e-06 PSNR:  21.43910162061324
epoch:  25200 loss:  2.8001493774354458e-05 PSNR:  21.461946583275537
epoch:  25400 loss:  8.908354175218847e-06 PSNR:  21.50694487023116
epoch:  25600 loss:  4.773336968355579e-06 PSNR:  21.432481142963454
epoch:  25800 loss:  5.069606231700163e-06 PSNR:  21.478627913694396
epoch:  26000 loss:  4.948634341417346e-06 PSNR:  21.441888102994202
epoch:  26200 loss:  6.507189937110525e-06 PSNR:  21.48399921810904
epoch:  26400 loss:  8.057308150455356e-06 PSNR:  21.45238338452404
epoch:  26600 loss:  1.1619104043347761e-05 PSNR:  21.476329135184375
epoch:  26800 loss:  4.281261226424249e-06 PSNR:  21.4116848454427
epoch:  27000 loss:  5.213812073634472e-06 PSNR:  21.463606283689984
epoch:  27200 loss:  4.686501597461756e-06 PSNR:  21.44872818232163
epoch:  27400 loss:  5.082263214717386e-06 PSNR:  21.425055853862347
epoch:  27600 loss:  6.179766842251411e-06 PSNR:  21.40059180060937
epoch:  27800 loss:  4.305337824916933e-06 PSNR:  21.392462721224213
epoch:  28000 loss:  7.192631073849043e-06 PSNR:  21.434869385890746
epoch:  28200 loss:  4.7726434786454774e-06 PSNR:  21.41532747978289
epoch:  28400 loss:  4.556216481432784e-06 PSNR:  21.395484628168195
epoch:  28600 loss:  6.433755970647326e-06 PSNR:  21.435947606046778
epoch:  28800 loss:  6.784680408600252e-06 PSNR:  21.374436358127138
epoch:  29000 loss:  5.543742645386374e-06 PSNR:  21.507719753593797
epoch:  29200 loss:  4.430781700648367e-06 PSNR:  21.386972359944462
epoch:  29400 loss:  5.391431386669865e-06 PSNR:  21.39936489498187
epoch:  29600 loss:  5.100888301967643e-06 PSNR:  21.390480667270808
epoch:  29800 loss:  1.0253423170070164e-05 PSNR:  21.42811205295462
epoch:  30000 loss:  4.053873453813139e-06 PSNR:  21.39202772862202
epoch:  30200 loss:  4.107623226445867e-06 PSNR:  21.40797758214036
epoch:  30400 loss:  4.425971837918041e-06 PSNR:  21.35436962890536
epoch:  30600 loss:  5.883154699404258e-06 PSNR:  21.365243173972104
epoch:  30800 loss:  4.100433216081001e-06 PSNR:  21.402765907755352
epoch:  31000 loss:  4.656599230656866e-06 PSNR:  21.36617017630003
epoch:  31200 loss:  1.2200847777421586e-05 PSNR:  21.32766461126865
epoch:  31400 loss:  4.523318239080254e-06 PSNR:  21.36991786920568
epoch:  31600 loss:  1.8576010916149244e-05 PSNR:  21.333808434402957
epoch:  31800 loss:  4.027217983093578e-06 PSNR:  21.404659677989226
epoch:  32000 loss:  3.909763108822517e-06 PSNR:  21.3464668791168
epoch:  32200 loss:  5.2063073781027924e-06 PSNR:  21.403079337035166
epoch:  32400 loss:  4.811364760826109e-06 PSNR:  21.351615254040993
epoch:  32600 loss:  4.916422767564654e-06 PSNR:  21.33907862438647
epoch:  32800 loss:  6.684370418952312e-06 PSNR:  21.355090130622614
epoch:  33000 loss:  3.903081505995942e-06 PSNR:  21.333396321401302
epoch:  33200 loss:  3.915878551197238e-06 PSNR:  21.37225890808901
epoch:  33400 loss:  6.998275694058975e-06 PSNR:  21.323692870756176
epoch:  33600 loss:  3.8382904676836915e-06 PSNR:  21.37001933797464
epoch:  33800 loss:  5.492910531756934e-06 PSNR:  21.30333803481512
epoch:  34000 loss:  4.034284756926354e-06 PSNR:  21.388764583834813
epoch:  34200 loss:  3.8482839954667725e-06 PSNR:  21.35195924831461
epoch:  34400 loss:  5.78402023165836e-06 PSNR:  21.295912887750823
epoch:  34600 loss:  6.119629688328132e-06 PSNR:  21.305026967720337
epoch:  34800 loss:  4.649474249163177e-06 PSNR:  21.31245322661028
epoch:  35000 loss:  4.236162567394786e-06 PSNR:  21.31445554407516
epoch:  35200 loss:  4.254450686858036e-06 PSNR:  21.31701362480841
epoch:  35400 loss:  6.536484761454631e-06 PSNR:  21.319156968478804
epoch:  35600 loss:  6.027089511917438e-06 PSNR:  21.308529807700122
epoch:  35800 loss:  3.534609277267009e-06 PSNR:  21.29547901027605
epoch:  36000 loss:  3.9757533158990555e-06 PSNR:  21.313032454663492
epoch:  36200 loss:  3.71735222870484e-06 PSNR:  21.298111284984138
epoch:  36400 loss:  8.382994565181434e-06 PSNR:  21.392984156702227
epoch:  36600 loss:  4.770497525896644e-06 PSNR:  21.305635799974777
epoch:  36800 loss:  7.550861482741311e-06 PSNR:  21.290604684199202
epoch:  37000 loss:  4.504973730945494e-06 PSNR:  21.288366822175107
epoch:  37200 loss:  4.3903196456085425e-06 PSNR:  21.33087418426613
epoch:  37400 loss:  6.358868631650694e-06 PSNR:  21.30671956320745
epoch:  37600 loss:  3.5054654290433973e-06 PSNR:  21.287956822153046
epoch:  37800 loss:  6.435160685214214e-06 PSNR:  21.3496059443398
epoch:  38000 loss:  1.0601927897369023e-05 PSNR:  21.336807947409866
epoch:  38200 loss:  3.556742285582004e-06 PSNR:  21.28687582651928
epoch:  38400 loss:  8.787289516476449e-06 PSNR:  21.276379363558334
epoch:  38600 loss:  6.98847497915267e-06 PSNR:  21.269653503933643
epoch:  38800 loss:  3.3762360089895083e-06 PSNR:  21.29356223761522
epoch:  39000 loss:  4.0992808862938546e-06 PSNR:  21.29313921754399
epoch:  39200 loss:  3.9686037780484185e-06 PSNR:  21.300691677204338
epoch:  39400 loss:  6.336701517284382e-06 PSNR:  21.27787815899766
epoch:  39600 loss:  3.454675152170239e-06 PSNR:  21.29517079827794
epoch:  39800 loss:  8.981101927929558e-06 PSNR:  21.234961684900725
PSNR of output image is:  21.234961684900725
(3, 512, 512) (1, 3, 512, 512)
Experiment done
