Processing image: zebra
(3, 512, 512)
(3, 512, 512)
Starting optimization with optimizer 'SAM'
Output directory where image taken from: data/denoising/Set14/mask/8/SAM(sigma=0.1,lr=0.01,decay=0,beta=0)/det/-1.3/1e-09
Output directory where results stored: data/inpainting/Set14/transfer/0.5/4
1.1.1.weight         | nonzeros =     901 /   12800             (  7.04%) | total_pruned =   11899 | shape = torch.Size([16, 32, 5, 5])
1.1.1.bias           | nonzeros =       0 /      16             (  0.00%) | total_pruned =      16 | shape = torch.Size([16])
1.2.weight           | nonzeros =       6 /      16             ( 37.50%) | total_pruned =      10 | shape = torch.Size([16])
1.2.bias             | nonzeros =       0 /      16             (  0.00%) | total_pruned =      16 | shape = torch.Size([16])
1.4.1.weight         | nonzeros =     109 /    6400             (  1.70%) | total_pruned =    6291 | shape = torch.Size([16, 16, 5, 5])
1.4.1.bias           | nonzeros =       0 /      16             (  0.00%) | total_pruned =      16 | shape = torch.Size([16])
1.5.weight           | nonzeros =       6 /      16             ( 37.50%) | total_pruned =      10 | shape = torch.Size([16])
1.5.bias             | nonzeros =       0 /      16             (  0.00%) | total_pruned =      16 | shape = torch.Size([16])
1.7.1.1.1.weight     | nonzeros =      72 /   12800             (  0.56%) | total_pruned =   12728 | shape = torch.Size([32, 16, 5, 5])
1.7.1.1.1.bias       | nonzeros =       0 /      32             (  0.00%) | total_pruned =      32 | shape = torch.Size([32])
1.7.1.2.weight       | nonzeros =       9 /      32             ( 28.12%) | total_pruned =      23 | shape = torch.Size([32])
1.7.1.2.bias         | nonzeros =       0 /      32             (  0.00%) | total_pruned =      32 | shape = torch.Size([32])
1.7.1.4.1.weight     | nonzeros =     146 /   25600             (  0.57%) | total_pruned =   25454 | shape = torch.Size([32, 32, 5, 5])
1.7.1.4.1.bias       | nonzeros =       0 /      32             (  0.00%) | total_pruned =      32 | shape = torch.Size([32])
1.7.1.5.weight       | nonzeros =      12 /      32             ( 37.50%) | total_pruned =      20 | shape = torch.Size([32])
1.7.1.5.bias         | nonzeros =       0 /      32             (  0.00%) | total_pruned =      32 | shape = torch.Size([32])
1.7.1.7.1.1.1.weight | nonzeros =      94 /   51200             (  0.18%) | total_pruned =   51106 | shape = torch.Size([64, 32, 5, 5])
1.7.1.7.1.1.1.bias   | nonzeros =       0 /      64             (  0.00%) | total_pruned =      64 | shape = torch.Size([64])
1.7.1.7.1.2.weight   | nonzeros =      23 /      64             ( 35.94%) | total_pruned =      41 | shape = torch.Size([64])
1.7.1.7.1.2.bias     | nonzeros =       0 /      64             (  0.00%) | total_pruned =      64 | shape = torch.Size([64])
1.7.1.7.1.4.1.weight | nonzeros =     150 /  102400             (  0.15%) | total_pruned =  102250 | shape = torch.Size([64, 64, 5, 5])
1.7.1.7.1.4.1.bias   | nonzeros =       0 /      64             (  0.00%) | total_pruned =      64 | shape = torch.Size([64])
1.7.1.7.1.5.weight   | nonzeros =      30 /      64             ( 46.88%) | total_pruned =      34 | shape = torch.Size([64])
1.7.1.7.1.5.bias     | nonzeros =       0 /      64             (  0.00%) | total_pruned =      64 | shape = torch.Size([64])
1.7.1.7.1.7.1.1.1.weight | nonzeros =      25 /  204800             (  0.01%) | total_pruned =  204775 | shape = torch.Size([128, 64, 5, 5])
1.7.1.7.1.7.1.1.1.bias | nonzeros =       0 /     128             (  0.00%) | total_pruned =     128 | shape = torch.Size([128])
1.7.1.7.1.7.1.2.weight | nonzeros =      65 /     128             ( 50.78%) | total_pruned =      63 | shape = torch.Size([128])
1.7.1.7.1.7.1.2.bias | nonzeros =       0 /     128             (  0.00%) | total_pruned =     128 | shape = torch.Size([128])
1.7.1.7.1.7.1.4.1.weight | nonzeros =     113 /  409600             (  0.03%) | total_pruned =  409487 | shape = torch.Size([128, 128, 5, 5])
1.7.1.7.1.7.1.4.1.bias | nonzeros =       0 /     128             (  0.00%) | total_pruned =     128 | shape = torch.Size([128])
1.7.1.7.1.7.1.5.weight | nonzeros =      76 /     128             ( 59.38%) | total_pruned =      52 | shape = torch.Size([128])
1.7.1.7.1.7.1.5.bias | nonzeros =       0 /     128             (  0.00%) | total_pruned =     128 | shape = torch.Size([128])
1.7.1.7.1.7.1.7.1.1.1.weight | nonzeros =     112 /  409600             (  0.03%) | total_pruned =  409488 | shape = torch.Size([128, 128, 5, 5])
1.7.1.7.1.7.1.7.1.1.1.bias | nonzeros =       0 /     128             (  0.00%) | total_pruned =     128 | shape = torch.Size([128])
1.7.1.7.1.7.1.7.1.2.weight | nonzeros =      91 /     128             ( 71.09%) | total_pruned =      37 | shape = torch.Size([128])
1.7.1.7.1.7.1.7.1.2.bias | nonzeros =       0 /     128             (  0.00%) | total_pruned =     128 | shape = torch.Size([128])
1.7.1.7.1.7.1.7.1.4.1.weight | nonzeros =    2023 /  409600             (  0.49%) | total_pruned =  407577 | shape = torch.Size([128, 128, 5, 5])
1.7.1.7.1.7.1.7.1.4.1.bias | nonzeros =       0 /     128             (  0.00%) | total_pruned =     128 | shape = torch.Size([128])
1.7.1.7.1.7.1.7.1.5.weight | nonzeros =      99 /     128             ( 77.34%) | total_pruned =      29 | shape = torch.Size([128])
1.7.1.7.1.7.1.7.1.5.bias | nonzeros =       0 /     128             (  0.00%) | total_pruned =     128 | shape = torch.Size([128])
1.7.1.7.1.7.1.7.1.7.1.1.1.weight | nonzeros =    7833 /  409600             (  1.91%) | total_pruned =  401767 | shape = torch.Size([128, 128, 5, 5])
1.7.1.7.1.7.1.7.1.7.1.1.1.bias | nonzeros =       0 /     128             (  0.00%) | total_pruned =     128 | shape = torch.Size([128])
1.7.1.7.1.7.1.7.1.7.1.2.weight | nonzeros =     105 /     128             ( 82.03%) | total_pruned =      23 | shape = torch.Size([128])
1.7.1.7.1.7.1.7.1.7.1.2.bias | nonzeros =       0 /     128             (  0.00%) | total_pruned =     128 | shape = torch.Size([128])
1.7.1.7.1.7.1.7.1.7.1.4.1.weight | nonzeros =   32112 /  409600             (  7.84%) | total_pruned =  377488 | shape = torch.Size([128, 128, 5, 5])
1.7.1.7.1.7.1.7.1.7.1.4.1.bias | nonzeros =       0 /     128             (  0.00%) | total_pruned =     128 | shape = torch.Size([128])
1.7.1.7.1.7.1.7.1.7.1.5.weight | nonzeros =      87 /     128             ( 67.97%) | total_pruned =      41 | shape = torch.Size([128])
1.7.1.7.1.7.1.7.1.7.1.5.bias | nonzeros =       0 /     128             (  0.00%) | total_pruned =     128 | shape = torch.Size([128])
1.7.1.7.1.7.1.7.1.7.2.weight | nonzeros =      87 /     128             ( 67.97%) | total_pruned =      41 | shape = torch.Size([128])
1.7.1.7.1.7.1.7.1.7.2.bias | nonzeros =       0 /     128             (  0.00%) | total_pruned =     128 | shape = torch.Size([128])
1.7.1.7.1.7.1.7.1.7.3.1.weight | nonzeros =   30402 /  147456             ( 20.62%) | total_pruned =  117054 | shape = torch.Size([128, 128, 3, 3])
1.7.1.7.1.7.1.7.1.7.3.1.bias | nonzeros =       0 /     128             (  0.00%) | total_pruned =     128 | shape = torch.Size([128])
1.7.1.7.1.7.1.7.1.7.4.weight | nonzeros =      91 /     128             ( 71.09%) | total_pruned =      37 | shape = torch.Size([128])
1.7.1.7.1.7.1.7.1.7.4.bias | nonzeros =       0 /     128             (  0.00%) | total_pruned =     128 | shape = torch.Size([128])
1.7.1.7.1.7.1.7.2.weight | nonzeros =      91 /     128             ( 71.09%) | total_pruned =      37 | shape = torch.Size([128])
1.7.1.7.1.7.1.7.2.bias | nonzeros =       0 /     128             (  0.00%) | total_pruned =     128 | shape = torch.Size([128])
1.7.1.7.1.7.1.7.3.1.weight | nonzeros =   31997 /  147456             ( 21.70%) | total_pruned =  115459 | shape = torch.Size([128, 128, 3, 3])
1.7.1.7.1.7.1.7.3.1.bias | nonzeros =       0 /     128             (  0.00%) | total_pruned =     128 | shape = torch.Size([128])
1.7.1.7.1.7.1.7.4.weight | nonzeros =      89 /     128             ( 69.53%) | total_pruned =      39 | shape = torch.Size([128])
1.7.1.7.1.7.1.7.4.bias | nonzeros =       0 /     128             (  0.00%) | total_pruned =     128 | shape = torch.Size([128])
1.7.1.7.1.7.2.weight | nonzeros =      89 /     128             ( 69.53%) | total_pruned =      39 | shape = torch.Size([128])
1.7.1.7.1.7.2.bias   | nonzeros =       0 /     128             (  0.00%) | total_pruned =     128 | shape = torch.Size([128])
1.7.1.7.1.7.3.1.weight | nonzeros =   18716 /  147456             ( 12.69%) | total_pruned =  128740 | shape = torch.Size([128, 128, 3, 3])
1.7.1.7.1.7.3.1.bias | nonzeros =       0 /     128             (  0.00%) | total_pruned =     128 | shape = torch.Size([128])
1.7.1.7.1.7.4.weight | nonzeros =      52 /     128             ( 40.62%) | total_pruned =      76 | shape = torch.Size([128])
1.7.1.7.1.7.4.bias   | nonzeros =       0 /     128             (  0.00%) | total_pruned =     128 | shape = torch.Size([128])
1.7.1.7.2.weight     | nonzeros =      52 /     128             ( 40.62%) | total_pruned =      76 | shape = torch.Size([128])
1.7.1.7.2.bias       | nonzeros =       0 /     128             (  0.00%) | total_pruned =     128 | shape = torch.Size([128])
1.7.1.7.3.1.weight   | nonzeros =    6205 /   73728             (  8.42%) | total_pruned =   67523 | shape = torch.Size([64, 128, 3, 3])
1.7.1.7.3.1.bias     | nonzeros =       0 /      64             (  0.00%) | total_pruned =      64 | shape = torch.Size([64])
1.7.1.7.4.weight     | nonzeros =      28 /      64             ( 43.75%) | total_pruned =      36 | shape = torch.Size([64])
1.7.1.7.4.bias       | nonzeros =       0 /      64             (  0.00%) | total_pruned =      64 | shape = torch.Size([64])
1.7.2.weight         | nonzeros =      28 /      64             ( 43.75%) | total_pruned =      36 | shape = torch.Size([64])
1.7.2.bias           | nonzeros =       0 /      64             (  0.00%) | total_pruned =      64 | shape = torch.Size([64])
1.7.3.1.weight       | nonzeros =    1823 /   18432             (  9.89%) | total_pruned =   16609 | shape = torch.Size([32, 64, 3, 3])
1.7.3.1.bias         | nonzeros =       0 /      32             (  0.00%) | total_pruned =      32 | shape = torch.Size([32])
1.7.4.weight         | nonzeros =      15 /      32             ( 46.88%) | total_pruned =      17 | shape = torch.Size([32])
1.7.4.bias           | nonzeros =       0 /      32             (  0.00%) | total_pruned =      32 | shape = torch.Size([32])
2.weight             | nonzeros =      15 /      32             ( 46.88%) | total_pruned =      17 | shape = torch.Size([32])
2.bias               | nonzeros =       0 /      32             (  0.00%) | total_pruned =      32 | shape = torch.Size([32])
3.1.weight           | nonzeros =    1015 /    4608             ( 22.03%) | total_pruned =    3593 | shape = torch.Size([16, 32, 3, 3])
3.1.bias             | nonzeros =       0 /      16             (  0.00%) | total_pruned =      16 | shape = torch.Size([16])
4.weight             | nonzeros =      16 /      16             (100.00%) | total_pruned =       0 | shape = torch.Size([16])
4.bias               | nonzeros =       0 /      16             (  0.00%) | total_pruned =      16 | shape = torch.Size([16])
6.1.weight           | nonzeros =      30 /      48             ( 62.50%) | total_pruned =      18 | shape = torch.Size([3, 16, 1, 1])
6.1.bias             | nonzeros =       0 /       3             (  0.00%) | total_pruned =       3 | shape = torch.Size([3])
alive: 135140, pruned : 2873727, total: 3008867, Compression rate :      22.26x  ( 95.51% pruned)
Initial PSNR of output image is:  10.628050644990918
epoch:  0 loss:  0.04330121725797653 PSNR:  10.628050644990918
epoch:  200 loss:  0.00626359973102808 PSNR:  18.944165176829053
epoch:  400 loss:  0.002500536385923624 PSNR:  22.750812475939966
epoch:  600 loss:  0.0014392421580851078 PSNR:  24.950409014513536
epoch:  800 loss:  0.0010875971056520939 PSNR:  26.00628401840129
epoch:  1000 loss:  0.0008648827206343412 PSNR:  26.826776864931922
epoch:  1200 loss:  0.0007359449518844485 PSNR:  27.388721955810617
epoch:  1400 loss:  0.0006367629393935204 PSNR:  27.87860611414484
epoch:  1600 loss:  0.0006219280767254531 PSNR:  27.970017263310535
epoch:  1800 loss:  0.0005727847456000745 PSNR:  28.243381238870914
epoch:  2000 loss:  0.0007646844605915248 PSNR:  27.22502670579172
epoch:  2200 loss:  0.00046253891196101904 PSNR:  28.904116251272832
epoch:  2400 loss:  0.0005146588082425296 PSNR:  28.59315608837641
epoch:  2600 loss:  0.00041558718658052385 PSNR:  29.206120402643897
epoch:  2800 loss:  0.0004619590472429991 PSNR:  28.865004659895884
epoch:  3000 loss:  0.00039510856731794775 PSNR:  29.34858532328054
epoch:  3200 loss:  0.0004242612048983574 PSNR:  29.119569438111064
epoch:  3400 loss:  0.00034495763247832656 PSNR:  29.69582044879339
epoch:  3600 loss:  0.0003834754170384258 PSNR:  29.4413347900233
epoch:  3800 loss:  0.00047047488624230027 PSNR:  28.825258350865113
epoch:  4000 loss:  0.0003435845428612083 PSNR:  29.67565713322979
epoch:  4200 loss:  0.0003547940286807716 PSNR:  29.630594003144743
epoch:  4400 loss:  0.0004330295487307012 PSNR:  29.014212966358
epoch:  4600 loss:  0.00029014330357313156 PSNR:  30.101695627083068
epoch:  4800 loss:  0.00039535455289296806 PSNR:  29.298283845305846
epoch:  5000 loss:  0.0002839172666426748 PSNR:  30.147736756134034
epoch:  5200 loss:  0.0002905609435401857 PSNR:  30.0857663093186
epoch:  5400 loss:  0.000273652229225263 PSNR:  30.219805610992946
epoch:  5600 loss:  0.00029502491815946996 PSNR:  30.08155533516164
epoch:  5800 loss:  0.0002738966140896082 PSNR:  30.216686203334596
epoch:  6000 loss:  0.00028904477949254215 PSNR:  30.07795785272223
epoch:  6200 loss:  0.0003371610655449331 PSNR:  29.709311702971327
epoch:  6400 loss:  0.000260562461335212 PSNR:  30.33491858719713
epoch:  6600 loss:  0.0002879720996133983 PSNR:  30.06813686422715
epoch:  6800 loss:  0.00026765564689412713 PSNR:  30.259245638982442
epoch:  7000 loss:  0.00023774248256813735 PSNR:  30.525821163761183
epoch:  7200 loss:  0.00031076042796485126 PSNR:  29.908837085765136
epoch:  7400 loss:  0.0002832060563378036 PSNR:  30.156548603345037
epoch:  7600 loss:  0.00026212428929284215 PSNR:  30.24832497178606
epoch:  7800 loss:  0.0002374595933360979 PSNR:  30.52625888117077
epoch:  8000 loss:  0.00030489216442219913 PSNR:  29.96752792449545
epoch:  8200 loss:  0.00024385502911172807 PSNR:  30.470119518392472
epoch:  8400 loss:  0.00025232951156795025 PSNR:  30.41707239845737
epoch:  8600 loss:  0.0002782330848276615 PSNR:  30.165614716728445
epoch:  8800 loss:  0.00024102997849695385 PSNR:  30.476558444347095
epoch:  9000 loss:  0.000223238836042583 PSNR:  30.649893137880866
epoch:  9200 loss:  0.0002581995795480907 PSNR:  30.3050280775175
epoch:  9400 loss:  0.00021560469758696854 PSNR:  30.719959165602567
epoch:  9600 loss:  0.00026326876832172275 PSNR:  30.252798406357822
epoch:  9800 loss:  0.00022966411779634655 PSNR:  30.600716249578475
epoch:  10000 loss:  0.0002502344432286918 PSNR:  30.418950315058375
epoch:  10200 loss:  0.00021132947586011142 PSNR:  30.750427693642198
epoch:  10400 loss:  0.00021117068536113948 PSNR:  30.75182422189141
epoch:  10600 loss:  0.00022472154523711652 PSNR:  30.640681573429017
epoch:  10800 loss:  0.00020318890165071934 PSNR:  30.817176972877427
epoch:  11000 loss:  0.000226943040615879 PSNR:  30.578976738112146
epoch:  11200 loss:  0.00022796243138145655 PSNR:  30.5871369987873
epoch:  11400 loss:  0.00020169913477730006 PSNR:  30.8273750272089
epoch:  11600 loss:  0.00021558853040914983 PSNR:  30.713955862932426
epoch:  11800 loss:  0.00022458766761701554 PSNR:  30.61559220050914
epoch:  12000 loss:  0.0002344139793422073 PSNR:  30.543064710511626
epoch:  12200 loss:  0.00021188717801123857 PSNR:  30.7001518181448
epoch:  12400 loss:  0.0002541870344430208 PSNR:  30.367653342270593
epoch:  12600 loss:  0.00020431014127098024 PSNR:  30.79768131090448
epoch:  12800 loss:  0.00020861937082372606 PSNR:  30.77642364775537
epoch:  13000 loss:  0.00022391333186533302 PSNR:  30.601594473723793
epoch:  13200 loss:  0.000207880322705023 PSNR:  30.74866246587294
epoch:  13400 loss:  0.00024189746181946248 PSNR:  30.42298305001195
epoch:  13600 loss:  0.00021449562336783856 PSNR:  30.690635764626354
epoch:  13800 loss:  0.00019597713253460824 PSNR:  30.872369615257256
epoch:  14000 loss:  0.00022709846962243319 PSNR:  30.550594940777035
epoch:  14200 loss:  0.00023306823277380317 PSNR:  30.514080903417543
epoch:  14400 loss:  0.00019172450993210077 PSNR:  30.882334294337355
epoch:  14600 loss:  0.0001985324634006247 PSNR:  30.83993374725214
epoch:  14800 loss:  0.00018895682296715677 PSNR:  30.927839811438993
epoch:  15000 loss:  0.00020752455748151988 PSNR:  30.757501205751232
epoch:  15200 loss:  0.00019693303329404444 PSNR:  30.86884778627912
epoch:  15400 loss:  0.00019283825531601906 PSNR:  30.896637785534015
epoch:  15600 loss:  0.0001900303177535534 PSNR:  30.93623138463879
epoch:  15800 loss:  0.0002041505358647555 PSNR:  30.798013942378596
epoch:  16000 loss:  0.00018602288037072867 PSNR:  30.95704550370911
epoch:  16200 loss:  0.00018715520855039358 PSNR:  30.935668494156655
epoch:  16400 loss:  0.00020135112572461367 PSNR:  30.782265776511437
epoch:  16600 loss:  0.0001924837561091408 PSNR:  30.89620802262661
epoch:  16800 loss:  0.00021167146041989326 PSNR:  30.729963210428654
epoch:  17000 loss:  0.0002204689517384395 PSNR:  30.68977520370922
epoch:  17200 loss:  0.00020509900059551 PSNR:  30.82379658139875
epoch:  17400 loss:  0.0001951772574102506 PSNR:  30.930812165428037
epoch:  17600 loss:  0.0002666130312718451 PSNR:  30.230209008353196
epoch:  17800 loss:  0.00019360290025360882 PSNR:  30.877919640428733
epoch:  18000 loss:  0.0001930619473569095 PSNR:  30.92146924192814
epoch:  18200 loss:  0.00018368556629866362 PSNR:  30.982631485494913
epoch:  18400 loss:  0.00018620910122990608 PSNR:  30.953532133059838
epoch:  18600 loss:  0.0001944071555044502 PSNR:  30.89588860240655
epoch:  18800 loss:  0.00017663592007011175 PSNR:  31.054731271746956
epoch:  19000 loss:  0.00018670957069844007 PSNR:  30.89744522087657
epoch:  19200 loss:  0.00018972388352267444 PSNR:  30.932821605686705
epoch:  19400 loss:  0.00018819767865352333 PSNR:  30.945774614726275
epoch:  19600 loss:  0.00019874492136295885 PSNR:  30.845532743862798
epoch:  19800 loss:  0.00017324238433502614 PSNR:  31.08237491683781
epoch:  20000 loss:  0.00017470672901254147 PSNR:  31.068375590952808
epoch:  20200 loss:  0.00022833234106656164 PSNR:  30.56477215526158
epoch:  20400 loss:  0.00017279686289839447 PSNR:  31.08898222733762
epoch:  20600 loss:  0.00016986425907816738 PSNR:  31.12743242875469
epoch:  20800 loss:  0.00016441001207567751 PSNR:  31.165196856163163
epoch:  21000 loss:  0.00017444646800868213 PSNR:  31.065494674964494
epoch:  21200 loss:  0.00017250158998649567 PSNR:  31.089308373821993
epoch:  21400 loss:  0.0001729530922602862 PSNR:  31.093092033443508
epoch:  21600 loss:  0.00017344471416436136 PSNR:  31.06080152530665
epoch:  21800 loss:  0.00018094862753059715 PSNR:  31.033572157305148
epoch:  22000 loss:  0.00017720297910273075 PSNR:  31.02079053654397
epoch:  22200 loss:  0.00018333904154133052 PSNR:  30.99715712602626
epoch:  22400 loss:  0.00019674195209518075 PSNR:  30.822644341164466
epoch:  22600 loss:  0.0001681079447735101 PSNR:  31.13750193018257
epoch:  22800 loss:  0.00017256016144528985 PSNR:  31.07653162869527
epoch:  23000 loss:  0.00016057584434747696 PSNR:  31.19632102900928
epoch:  23200 loss:  0.0001857262395787984 PSNR:  30.96179120591071
epoch:  23400 loss:  0.00017408699204679579 PSNR:  31.05261954154056
epoch:  23600 loss:  0.00017578311963006854 PSNR:  31.0444217559618
epoch:  23800 loss:  0.00016733852680772543 PSNR:  31.109073214513817
epoch:  24000 loss:  0.0001567913859616965 PSNR:  31.23716499675888
epoch:  24200 loss:  0.00017728228704072535 PSNR:  31.03703663851439
epoch:  24400 loss:  0.00017789773119147867 PSNR:  30.985765615744363
epoch:  24600 loss:  0.0001775184355210513 PSNR:  31.023239098682165
epoch:  24800 loss:  0.00018057918350677937 PSNR:  30.993070977548655
epoch:  25000 loss:  0.00017044739797711372 PSNR:  31.093280620153884
epoch:  25200 loss:  0.0001587704464327544 PSNR:  31.17831743882686
epoch:  25400 loss:  0.00015905378677416593 PSNR:  31.20054605892587
epoch:  25600 loss:  0.00020270337699912488 PSNR:  30.73587070415792
epoch:  25800 loss:  0.0001553214096929878 PSNR:  31.229344049793518
epoch:  26000 loss:  0.00017414908506907523 PSNR:  31.036063558249666
epoch:  26200 loss:  0.000174020926351659 PSNR:  31.02173589216106
epoch:  26400 loss:  0.0001755336852511391 PSNR:  30.999659858634615
epoch:  26600 loss:  0.00015688689018134028 PSNR:  31.22033569841474
epoch:  26800 loss:  0.00016024957585614175 PSNR:  31.193387613034762
epoch:  27000 loss:  0.00016372650861740112 PSNR:  31.157282905729488
epoch:  27200 loss:  0.0001546845305711031 PSNR:  31.225746914379314
epoch:  27400 loss:  0.00016977741324808449 PSNR:  31.079539479952473
epoch:  27600 loss:  0.00015510531375184655 PSNR:  31.235450839858597
epoch:  27800 loss:  0.00016992469318211079 PSNR:  31.10846234692819
epoch:  28000 loss:  0.0001765598135534674 PSNR:  31.00947217822094
epoch:  28200 loss:  0.0001539316726848483 PSNR:  31.24543780698563
epoch:  28400 loss:  0.00015969289233908057 PSNR:  31.17670324655017
epoch:  28600 loss:  0.0001714299141895026 PSNR:  31.050159836246642
epoch:  28800 loss:  0.0001607333979336545 PSNR:  31.14843120489156
epoch:  29000 loss:  0.00017874139302875847 PSNR:  30.99422770428844
epoch:  29200 loss:  0.0001532152818981558 PSNR:  31.252776071691418
epoch:  29400 loss:  0.00019639296806417406 PSNR:  30.832905479377885
epoch:  29600 loss:  0.00019156203779857606 PSNR:  30.802882693298734
epoch:  29800 loss:  0.00017996551468968391 PSNR:  31.008592306453426
epoch:  30000 loss:  0.00016128171409945935 PSNR:  31.11454352442557
epoch:  30200 loss:  0.00015237019397318363 PSNR:  31.234573356597878
epoch:  30400 loss:  0.00016523926751688123 PSNR:  31.10131030128641
epoch:  30600 loss:  0.00015638454351574183 PSNR:  31.20934976736331
epoch:  30800 loss:  0.00014999743143562227 PSNR:  31.270229963987504
epoch:  31000 loss:  0.0001556859933771193 PSNR:  31.211957137606802
epoch:  31200 loss:  0.00016252990462817252 PSNR:  31.15543439939495
epoch:  31400 loss:  0.0001707288174657151 PSNR:  31.050791214478473
epoch:  31600 loss:  0.00019210446043871343 PSNR:  30.79088450316582
epoch:  31800 loss:  0.00017553707584738731 PSNR:  31.032209324870127
epoch:  32000 loss:  0.00017411221051588655 PSNR:  31.027510672964347
epoch:  32200 loss:  0.00015783522394485772 PSNR:  31.189731024355183
epoch:  32400 loss:  0.00015636102762073278 PSNR:  31.206774334151053
epoch:  32600 loss:  0.00015967976651154459 PSNR:  31.151672185528653
epoch:  32800 loss:  0.00016914820298552513 PSNR:  31.070223304471305
epoch:  33000 loss:  0.0001568604347994551 PSNR:  31.195798973699915
epoch:  33200 loss:  0.0001537588977953419 PSNR:  31.244648872244802
epoch:  33400 loss:  0.00015711219748482108 PSNR:  31.184420254682976
epoch:  33600 loss:  0.00016923225484788418 PSNR:  31.07494834590081
epoch:  33800 loss:  0.00017483043484389782 PSNR:  30.971330443637683
epoch:  34000 loss:  0.000162677068146877 PSNR:  31.148273137999855
epoch:  34200 loss:  0.0001612671185284853 PSNR:  31.183497911361183
epoch:  34400 loss:  0.00016608925943728536 PSNR:  31.11507387598271
epoch:  34600 loss:  0.00015164897195063531 PSNR:  31.253936270059725
epoch:  34800 loss:  0.0001590403844602406 PSNR:  31.16787046484101
epoch:  35000 loss:  0.0001553483452880755 PSNR:  31.20104935225758
epoch:  35200 loss:  0.00014697996084578335 PSNR:  31.286192386596134
epoch:  35400 loss:  0.00014991677016951144 PSNR:  31.29424247927144
epoch:  35600 loss:  0.0001494873722549528 PSNR:  31.26464976028403
epoch:  35800 loss:  0.0001795878924895078 PSNR:  30.96489170175751
epoch:  36000 loss:  0.0001610000617802143 PSNR:  31.144217068371006
epoch:  36200 loss:  0.0001453687873436138 PSNR:  31.30886364026157
epoch:  36400 loss:  0.0001447311951778829 PSNR:  31.318365898363062
epoch:  36600 loss:  0.00015499778965022415 PSNR:  31.1986913766179
epoch:  36800 loss:  0.00014925215509720147 PSNR:  31.27197857368621
epoch:  37000 loss:  0.00016217646771110594 PSNR:  31.130664986073295
epoch:  37200 loss:  0.00015273272583726794 PSNR:  31.231506581668608
epoch:  37400 loss:  0.00014925023424439132 PSNR:  31.2398210748946
epoch:  37600 loss:  0.00015653272566851228 PSNR:  31.202306507128995
epoch:  37800 loss:  0.00017004073015414178 PSNR:  31.013315215179173
epoch:  38000 loss:  0.00014902942348271608 PSNR:  31.275849562845558
epoch:  38200 loss:  0.00015707098646089435 PSNR:  31.16896055251107
epoch:  38400 loss:  0.00016282405704259872 PSNR:  31.16262268670419
epoch:  38600 loss:  0.0001590000174473971 PSNR:  31.166773044477228
epoch:  38800 loss:  0.00014385159010998905 PSNR:  31.307082699403296
epoch:  39000 loss:  0.0001460801431676373 PSNR:  31.296861464349448
epoch:  39200 loss:  0.00014980521518737078 PSNR:  31.266837055102368
epoch:  39400 loss:  0.00014865418779663742 PSNR:  31.25574955304866
epoch:  39600 loss:  0.0001438976905774325 PSNR:  31.316615973384568
epoch:  39800 loss:  0.00015524790796916932 PSNR:  31.188013218127033
PSNR of output image is:  31.188013218127033
(3, 512, 512) (1, 3, 512, 512)
Experiment done
Processing image: zebra
(3, 512, 512)
(3, 512, 512)
Starting optimization with optimizer 'SAM'
Output directory where image taken from: data/denoising/Set14/mask/8/SAM(sigma=0.1,lr=0.01,decay=0,beta=0)/det/-1.3/1e-09
Output directory where results stored: data/inpainting/Set14/transfer/0.5/4/8
1.1.1.weight         | nonzeros =     901 /   12800             (  7.04%) | total_pruned =   11899 | shape = torch.Size([16, 32, 5, 5])
1.1.1.bias           | nonzeros =       0 /      16             (  0.00%) | total_pruned =      16 | shape = torch.Size([16])
1.2.weight           | nonzeros =       6 /      16             ( 37.50%) | total_pruned =      10 | shape = torch.Size([16])
1.2.bias             | nonzeros =       0 /      16             (  0.00%) | total_pruned =      16 | shape = torch.Size([16])
1.4.1.weight         | nonzeros =     109 /    6400             (  1.70%) | total_pruned =    6291 | shape = torch.Size([16, 16, 5, 5])
1.4.1.bias           | nonzeros =       0 /      16             (  0.00%) | total_pruned =      16 | shape = torch.Size([16])
1.5.weight           | nonzeros =       6 /      16             ( 37.50%) | total_pruned =      10 | shape = torch.Size([16])
1.5.bias             | nonzeros =       0 /      16             (  0.00%) | total_pruned =      16 | shape = torch.Size([16])
1.7.1.1.1.weight     | nonzeros =      72 /   12800             (  0.56%) | total_pruned =   12728 | shape = torch.Size([32, 16, 5, 5])
1.7.1.1.1.bias       | nonzeros =       0 /      32             (  0.00%) | total_pruned =      32 | shape = torch.Size([32])
1.7.1.2.weight       | nonzeros =       9 /      32             ( 28.12%) | total_pruned =      23 | shape = torch.Size([32])
1.7.1.2.bias         | nonzeros =       0 /      32             (  0.00%) | total_pruned =      32 | shape = torch.Size([32])
1.7.1.4.1.weight     | nonzeros =     146 /   25600             (  0.57%) | total_pruned =   25454 | shape = torch.Size([32, 32, 5, 5])
1.7.1.4.1.bias       | nonzeros =       0 /      32             (  0.00%) | total_pruned =      32 | shape = torch.Size([32])
1.7.1.5.weight       | nonzeros =      12 /      32             ( 37.50%) | total_pruned =      20 | shape = torch.Size([32])
1.7.1.5.bias         | nonzeros =       0 /      32             (  0.00%) | total_pruned =      32 | shape = torch.Size([32])
1.7.1.7.1.1.1.weight | nonzeros =      94 /   51200             (  0.18%) | total_pruned =   51106 | shape = torch.Size([64, 32, 5, 5])
1.7.1.7.1.1.1.bias   | nonzeros =       0 /      64             (  0.00%) | total_pruned =      64 | shape = torch.Size([64])
1.7.1.7.1.2.weight   | nonzeros =      23 /      64             ( 35.94%) | total_pruned =      41 | shape = torch.Size([64])
1.7.1.7.1.2.bias     | nonzeros =       0 /      64             (  0.00%) | total_pruned =      64 | shape = torch.Size([64])
1.7.1.7.1.4.1.weight | nonzeros =     150 /  102400             (  0.15%) | total_pruned =  102250 | shape = torch.Size([64, 64, 5, 5])
1.7.1.7.1.4.1.bias   | nonzeros =       0 /      64             (  0.00%) | total_pruned =      64 | shape = torch.Size([64])
1.7.1.7.1.5.weight   | nonzeros =      30 /      64             ( 46.88%) | total_pruned =      34 | shape = torch.Size([64])
1.7.1.7.1.5.bias     | nonzeros =       0 /      64             (  0.00%) | total_pruned =      64 | shape = torch.Size([64])
1.7.1.7.1.7.1.1.1.weight | nonzeros =      25 /  204800             (  0.01%) | total_pruned =  204775 | shape = torch.Size([128, 64, 5, 5])
1.7.1.7.1.7.1.1.1.bias | nonzeros =       0 /     128             (  0.00%) | total_pruned =     128 | shape = torch.Size([128])
1.7.1.7.1.7.1.2.weight | nonzeros =      65 /     128             ( 50.78%) | total_pruned =      63 | shape = torch.Size([128])
1.7.1.7.1.7.1.2.bias | nonzeros =       0 /     128             (  0.00%) | total_pruned =     128 | shape = torch.Size([128])
1.7.1.7.1.7.1.4.1.weight | nonzeros =     113 /  409600             (  0.03%) | total_pruned =  409487 | shape = torch.Size([128, 128, 5, 5])
1.7.1.7.1.7.1.4.1.bias | nonzeros =       0 /     128             (  0.00%) | total_pruned =     128 | shape = torch.Size([128])
1.7.1.7.1.7.1.5.weight | nonzeros =      76 /     128             ( 59.38%) | total_pruned =      52 | shape = torch.Size([128])
1.7.1.7.1.7.1.5.bias | nonzeros =       0 /     128             (  0.00%) | total_pruned =     128 | shape = torch.Size([128])
1.7.1.7.1.7.1.7.1.1.1.weight | nonzeros =     112 /  409600             (  0.03%) | total_pruned =  409488 | shape = torch.Size([128, 128, 5, 5])
1.7.1.7.1.7.1.7.1.1.1.bias | nonzeros =       0 /     128             (  0.00%) | total_pruned =     128 | shape = torch.Size([128])
1.7.1.7.1.7.1.7.1.2.weight | nonzeros =      91 /     128             ( 71.09%) | total_pruned =      37 | shape = torch.Size([128])
1.7.1.7.1.7.1.7.1.2.bias | nonzeros =       0 /     128             (  0.00%) | total_pruned =     128 | shape = torch.Size([128])
1.7.1.7.1.7.1.7.1.4.1.weight | nonzeros =    2023 /  409600             (  0.49%) | total_pruned =  407577 | shape = torch.Size([128, 128, 5, 5])
1.7.1.7.1.7.1.7.1.4.1.bias | nonzeros =       0 /     128             (  0.00%) | total_pruned =     128 | shape = torch.Size([128])
1.7.1.7.1.7.1.7.1.5.weight | nonzeros =      99 /     128             ( 77.34%) | total_pruned =      29 | shape = torch.Size([128])
1.7.1.7.1.7.1.7.1.5.bias | nonzeros =       0 /     128             (  0.00%) | total_pruned =     128 | shape = torch.Size([128])
1.7.1.7.1.7.1.7.1.7.1.1.1.weight | nonzeros =    7833 /  409600             (  1.91%) | total_pruned =  401767 | shape = torch.Size([128, 128, 5, 5])
1.7.1.7.1.7.1.7.1.7.1.1.1.bias | nonzeros =       0 /     128             (  0.00%) | total_pruned =     128 | shape = torch.Size([128])
1.7.1.7.1.7.1.7.1.7.1.2.weight | nonzeros =     105 /     128             ( 82.03%) | total_pruned =      23 | shape = torch.Size([128])
1.7.1.7.1.7.1.7.1.7.1.2.bias | nonzeros =       0 /     128             (  0.00%) | total_pruned =     128 | shape = torch.Size([128])
1.7.1.7.1.7.1.7.1.7.1.4.1.weight | nonzeros =   32112 /  409600             (  7.84%) | total_pruned =  377488 | shape = torch.Size([128, 128, 5, 5])
1.7.1.7.1.7.1.7.1.7.1.4.1.bias | nonzeros =       0 /     128             (  0.00%) | total_pruned =     128 | shape = torch.Size([128])
1.7.1.7.1.7.1.7.1.7.1.5.weight | nonzeros =      87 /     128             ( 67.97%) | total_pruned =      41 | shape = torch.Size([128])
1.7.1.7.1.7.1.7.1.7.1.5.bias | nonzeros =       0 /     128             (  0.00%) | total_pruned =     128 | shape = torch.Size([128])
1.7.1.7.1.7.1.7.1.7.2.weight | nonzeros =      87 /     128             ( 67.97%) | total_pruned =      41 | shape = torch.Size([128])
1.7.1.7.1.7.1.7.1.7.2.bias | nonzeros =       0 /     128             (  0.00%) | total_pruned =     128 | shape = torch.Size([128])
1.7.1.7.1.7.1.7.1.7.3.1.weight | nonzeros =   30402 /  147456             ( 20.62%) | total_pruned =  117054 | shape = torch.Size([128, 128, 3, 3])
1.7.1.7.1.7.1.7.1.7.3.1.bias | nonzeros =       0 /     128             (  0.00%) | total_pruned =     128 | shape = torch.Size([128])
1.7.1.7.1.7.1.7.1.7.4.weight | nonzeros =      91 /     128             ( 71.09%) | total_pruned =      37 | shape = torch.Size([128])
1.7.1.7.1.7.1.7.1.7.4.bias | nonzeros =       0 /     128             (  0.00%) | total_pruned =     128 | shape = torch.Size([128])
1.7.1.7.1.7.1.7.2.weight | nonzeros =      91 /     128             ( 71.09%) | total_pruned =      37 | shape = torch.Size([128])
1.7.1.7.1.7.1.7.2.bias | nonzeros =       0 /     128             (  0.00%) | total_pruned =     128 | shape = torch.Size([128])
1.7.1.7.1.7.1.7.3.1.weight | nonzeros =   31997 /  147456             ( 21.70%) | total_pruned =  115459 | shape = torch.Size([128, 128, 3, 3])
1.7.1.7.1.7.1.7.3.1.bias | nonzeros =       0 /     128             (  0.00%) | total_pruned =     128 | shape = torch.Size([128])
1.7.1.7.1.7.1.7.4.weight | nonzeros =      89 /     128             ( 69.53%) | total_pruned =      39 | shape = torch.Size([128])
1.7.1.7.1.7.1.7.4.bias | nonzeros =       0 /     128             (  0.00%) | total_pruned =     128 | shape = torch.Size([128])
1.7.1.7.1.7.2.weight | nonzeros =      89 /     128             ( 69.53%) | total_pruned =      39 | shape = torch.Size([128])
1.7.1.7.1.7.2.bias   | nonzeros =       0 /     128             (  0.00%) | total_pruned =     128 | shape = torch.Size([128])
1.7.1.7.1.7.3.1.weight | nonzeros =   18716 /  147456             ( 12.69%) | total_pruned =  128740 | shape = torch.Size([128, 128, 3, 3])
1.7.1.7.1.7.3.1.bias | nonzeros =       0 /     128             (  0.00%) | total_pruned =     128 | shape = torch.Size([128])
1.7.1.7.1.7.4.weight | nonzeros =      52 /     128             ( 40.62%) | total_pruned =      76 | shape = torch.Size([128])
1.7.1.7.1.7.4.bias   | nonzeros =       0 /     128             (  0.00%) | total_pruned =     128 | shape = torch.Size([128])
1.7.1.7.2.weight     | nonzeros =      52 /     128             ( 40.62%) | total_pruned =      76 | shape = torch.Size([128])
1.7.1.7.2.bias       | nonzeros =       0 /     128             (  0.00%) | total_pruned =     128 | shape = torch.Size([128])
1.7.1.7.3.1.weight   | nonzeros =    6205 /   73728             (  8.42%) | total_pruned =   67523 | shape = torch.Size([64, 128, 3, 3])
1.7.1.7.3.1.bias     | nonzeros =       0 /      64             (  0.00%) | total_pruned =      64 | shape = torch.Size([64])
1.7.1.7.4.weight     | nonzeros =      28 /      64             ( 43.75%) | total_pruned =      36 | shape = torch.Size([64])
1.7.1.7.4.bias       | nonzeros =       0 /      64             (  0.00%) | total_pruned =      64 | shape = torch.Size([64])
1.7.2.weight         | nonzeros =      28 /      64             ( 43.75%) | total_pruned =      36 | shape = torch.Size([64])
1.7.2.bias           | nonzeros =       0 /      64             (  0.00%) | total_pruned =      64 | shape = torch.Size([64])
1.7.3.1.weight       | nonzeros =    1823 /   18432             (  9.89%) | total_pruned =   16609 | shape = torch.Size([32, 64, 3, 3])
1.7.3.1.bias         | nonzeros =       0 /      32             (  0.00%) | total_pruned =      32 | shape = torch.Size([32])
1.7.4.weight         | nonzeros =      15 /      32             ( 46.88%) | total_pruned =      17 | shape = torch.Size([32])
1.7.4.bias           | nonzeros =       0 /      32             (  0.00%) | total_pruned =      32 | shape = torch.Size([32])
2.weight             | nonzeros =      15 /      32             ( 46.88%) | total_pruned =      17 | shape = torch.Size([32])
2.bias               | nonzeros =       0 /      32             (  0.00%) | total_pruned =      32 | shape = torch.Size([32])
3.1.weight           | nonzeros =    1015 /    4608             ( 22.03%) | total_pruned =    3593 | shape = torch.Size([16, 32, 3, 3])
3.1.bias             | nonzeros =       0 /      16             (  0.00%) | total_pruned =      16 | shape = torch.Size([16])
4.weight             | nonzeros =      16 /      16             (100.00%) | total_pruned =       0 | shape = torch.Size([16])
4.bias               | nonzeros =       0 /      16             (  0.00%) | total_pruned =      16 | shape = torch.Size([16])
6.1.weight           | nonzeros =      30 /      48             ( 62.50%) | total_pruned =      18 | shape = torch.Size([3, 16, 1, 1])
6.1.bias             | nonzeros =       0 /       3             (  0.00%) | total_pruned =       3 | shape = torch.Size([3])
alive: 135140, pruned : 2873727, total: 3008867, Compression rate :      22.26x  ( 95.51% pruned)
Initial PSNR of output image is:  10.62805587988369
epoch:  0 loss:  0.042984213680028915 PSNR:  10.62805587988369
epoch:  200 loss:  0.005845448933541775 PSNR:  19.23129716464382
epoch:  400 loss:  0.0021638076286762953 PSNR:  23.29418320656537
epoch:  600 loss:  0.001441221684217453 PSNR:  24.884660133342106
epoch:  800 loss:  0.0011771873105317354 PSNR:  25.680183896030606
epoch:  1000 loss:  0.0009590842528268695 PSNR:  26.483957806940175
epoch:  1200 loss:  0.000776047701947391 PSNR:  27.21005267870779
epoch:  1400 loss:  0.0008281389018520713 PSNR:  27.033457001868655
epoch:  1600 loss:  0.0006678811623714864 PSNR:  27.763909463316367
epoch:  1800 loss:  0.0006008933996781707 PSNR:  28.095745541718095
epoch:  2000 loss:  0.0005459629464894533 PSNR:  28.420716087140235
epoch:  2200 loss:  0.0004897209582850337 PSNR:  28.758956022051336
epoch:  2400 loss:  0.0005158921121619642 PSNR:  28.58993484543725
epoch:  2600 loss:  0.00047140195965766907 PSNR:  28.869072122377037
epoch:  2800 loss:  0.0004187790909782052 PSNR:  29.220487086113334
epoch:  3000 loss:  0.0004217234381940216 PSNR:  29.191853555358385
epoch:  3200 loss:  0.0003838210250250995 PSNR:  29.451983427698675
epoch:  3400 loss:  0.0003773909993469715 PSNR:  29.47494368046734
epoch:  3600 loss:  0.0003634349559433758 PSNR:  29.59469736271714
epoch:  3800 loss:  0.00041713062091730535 PSNR:  29.204677041074056
epoch:  4000 loss:  0.00035627337638288736 PSNR:  29.65384996126984
epoch:  4200 loss:  0.0003616604662965983 PSNR:  29.636345645635593
epoch:  4400 loss:  0.0004101838858332485 PSNR:  29.22879704829836
epoch:  4600 loss:  0.0003948358935303986 PSNR:  29.26778708538553
epoch:  4800 loss:  0.00032170210033655167 PSNR:  29.89470715426336
epoch:  5000 loss:  0.00032801786437630653 PSNR:  29.87485617230003
epoch:  5200 loss:  0.0002965978055726737 PSNR:  30.07034068168572
epoch:  5400 loss:  0.0003084392810706049 PSNR:  30.02361353203895
epoch:  5600 loss:  0.0002938029356300831 PSNR:  30.073234568918128
epoch:  5800 loss:  0.0002971373905893415 PSNR:  30.083531974410484
epoch:  6000 loss:  0.00027572643011808395 PSNR:  30.25559020989578
epoch:  6200 loss:  0.0002760067582130432 PSNR:  30.264539230878093
epoch:  6400 loss:  0.0002930242335423827 PSNR:  30.12970470515357
epoch:  6600 loss:  0.000314877659548074 PSNR:  29.960791211609404
epoch:  6800 loss:  0.0002800324000418186 PSNR:  30.195545872905853
epoch:  7000 loss:  0.00028463994385674596 PSNR:  30.19920719713404
epoch:  7200 loss:  0.00030929932836443186 PSNR:  29.97862275336543
epoch:  7400 loss:  0.0002716879826039076 PSNR:  30.303383916873056
epoch:  7600 loss:  0.00026621363940648735 PSNR:  30.326551662890505
epoch:  7800 loss:  0.00026306771906092763 PSNR:  30.323822826538148
epoch:  8000 loss:  0.00024405040312558413 PSNR:  30.519413114618445
epoch:  8200 loss:  0.00024637739988975227 PSNR:  30.468442359088684
epoch:  8400 loss:  0.0002568622585386038 PSNR:  30.39096494420065
epoch:  8600 loss:  0.00023479346418753266 PSNR:  30.60620334316397
epoch:  8800 loss:  0.00028485333314165473 PSNR:  30.099387905113343
epoch:  9000 loss:  0.00024397361266892403 PSNR:  30.48240292299657
epoch:  9200 loss:  0.00028644080157391727 PSNR:  30.095578708048798
epoch:  9400 loss:  0.00022976261971052736 PSNR:  30.61687085494843
epoch:  9600 loss:  0.00025325914612039924 PSNR:  30.424811951998603
epoch:  9800 loss:  0.00023261392198037356 PSNR:  30.60160376497814
epoch:  10000 loss:  0.00022345762408804148 PSNR:  30.676322387130558
epoch:  10200 loss:  0.0002576385741122067 PSNR:  30.373913365118163
epoch:  10400 loss:  0.00023935652279760689 PSNR:  30.529151093216278
epoch:  10600 loss:  0.0002206544450018555 PSNR:  30.692537070774783
epoch:  10800 loss:  0.00023645888722967356 PSNR:  30.587509744501595
epoch:  11000 loss:  0.00023652066010981798 PSNR:  30.552793623946393
epoch:  11200 loss:  0.00022165727568790317 PSNR:  30.676312343861156
epoch:  11400 loss:  0.0002173110842704773 PSNR:  30.722368902356205
epoch:  11600 loss:  0.00021455454407259822 PSNR:  30.75464118370865
epoch:  11800 loss:  0.00023998008691705763 PSNR:  30.513365580637412
epoch:  12000 loss:  0.00020949616737198085 PSNR:  30.829827070223832
epoch:  12200 loss:  0.0002150550571968779 PSNR:  30.748304160571816
epoch:  12400 loss:  0.00021963214385323226 PSNR:  30.678576211488448
epoch:  12600 loss:  0.0002149302454199642 PSNR:  30.745988653481536
epoch:  12800 loss:  0.00021107142674736679 PSNR:  30.779936331485686
epoch:  13000 loss:  0.0002121057186741382 PSNR:  30.7654916225084
epoch:  13200 loss:  0.00020938155648764223 PSNR:  30.775721210034913
epoch:  13400 loss:  0.00020402332302182913 PSNR:  30.837626515320537
epoch:  13600 loss:  0.00021587782248388976 PSNR:  30.714251450726522
epoch:  13800 loss:  0.00020977137319277972 PSNR:  30.809996231233114
epoch:  14000 loss:  0.00019835340208373964 PSNR:  30.915439764410557
epoch:  14200 loss:  0.00020201026927679777 PSNR:  30.855699475565707
epoch:  14400 loss:  0.00019950464775320143 PSNR:  30.902627816712677
epoch:  14600 loss:  0.00019400403834879398 PSNR:  30.95080346797023
epoch:  14800 loss:  0.00019239564426243305 PSNR:  30.946436891568272
epoch:  15000 loss:  0.00020866496197413653 PSNR:  30.81094950426671
epoch:  15200 loss:  0.00020413132733665407 PSNR:  30.845563149523713
epoch:  15400 loss:  0.0002123550948454067 PSNR:  30.732084075569112
epoch:  15600 loss:  0.00020437603234313428 PSNR:  30.837131742423274
epoch:  15800 loss:  0.00021103862673044205 PSNR:  30.720285001782408
epoch:  16000 loss:  0.00022911855194251984 PSNR:  30.621429761376838
epoch:  16200 loss:  0.00019654804782476276 PSNR:  30.902990058320377
epoch:  16400 loss:  0.00020418419444467872 PSNR:  30.820472080073834
epoch:  16600 loss:  0.00019847243675030768 PSNR:  30.89255628825173
epoch:  16800 loss:  0.00021091653616167605 PSNR:  30.727045049916832
epoch:  17000 loss:  0.00023638966376893222 PSNR:  30.60258642733966
epoch:  17200 loss:  0.00018720659136306494 PSNR:  31.017469991197455
epoch:  17400 loss:  0.00020363624207675457 PSNR:  30.818070174570813
epoch:  17600 loss:  0.00018618696776684374 PSNR:  31.00532026324045
epoch:  17800 loss:  0.00020708414376713336 PSNR:  30.811721964258663
epoch:  18000 loss:  0.0001983593392651528 PSNR:  30.915495944671143
epoch:  18200 loss:  0.00018453328812029213 PSNR:  31.00467029198077
epoch:  18400 loss:  0.00018275428737979382 PSNR:  31.04172344242493
epoch:  18600 loss:  0.00018511968664824963 PSNR:  31.058359116458657
epoch:  18800 loss:  0.00019326402980368584 PSNR:  30.939227063575906
epoch:  19000 loss:  0.00018095555424224585 PSNR:  31.045740505557266
epoch:  19200 loss:  0.0002125127357430756 PSNR:  30.71707365831835
epoch:  19400 loss:  0.00018330320017412305 PSNR:  31.038092125067337
epoch:  19600 loss:  0.00019539659842848778 PSNR:  30.93640293178624
epoch:  19800 loss:  0.00018619780894368887 PSNR:  31.018399922662244
epoch:  20000 loss:  0.00018170794646721333 PSNR:  31.017253355351254
epoch:  20200 loss:  0.00018730390002019703 PSNR:  30.978018752407543
epoch:  20400 loss:  0.00017804418166633695 PSNR:  31.084936020288865
epoch:  20600 loss:  0.0001761172024998814 PSNR:  31.100455595619252
epoch:  20800 loss:  0.00017273802950512618 PSNR:  31.11222910034446
epoch:  21000 loss:  0.00018173431453760713 PSNR:  31.06364445049182
epoch:  21200 loss:  0.00018243875820189714 PSNR:  31.070754416940037
epoch:  21400 loss:  0.00021022174041718245 PSNR:  30.679169113130733
epoch:  21600 loss:  0.00018337942310608923 PSNR:  31.0182733635823
epoch:  21800 loss:  0.0001738031132845208 PSNR:  31.096932037114264
epoch:  22000 loss:  0.00017513782950118184 PSNR:  31.11194563960168
epoch:  22200 loss:  0.00017545698210597038 PSNR:  31.09197693803867
epoch:  22400 loss:  0.0001977709907805547 PSNR:  30.89038912529164
epoch:  22600 loss:  0.00019804771000053734 PSNR:  30.874017369687156
epoch:  22800 loss:  0.0001729135838104412 PSNR:  31.14903322898373
epoch:  23000 loss:  0.00017143708828371018 PSNR:  31.14828137050845
epoch:  23200 loss:  0.00017703344929032028 PSNR:  31.074723319825054
epoch:  23400 loss:  0.00017897156067192554 PSNR:  31.063036710052458
epoch:  23600 loss:  0.00016708449402358383 PSNR:  31.186539929613794
epoch:  23800 loss:  0.00017179310088977218 PSNR:  31.122308872087924
epoch:  24000 loss:  0.00016770306683611125 PSNR:  31.171116721214453
epoch:  24200 loss:  0.00017075659707188606 PSNR:  31.15845516673346
epoch:  24400 loss:  0.0001775650162016973 PSNR:  31.05095446692639
epoch:  24600 loss:  0.00018509963410906494 PSNR:  30.99008715554204
epoch:  24800 loss:  0.00017855592886917293 PSNR:  31.0544238245144
epoch:  25000 loss:  0.00016609634622000158 PSNR:  31.156890242641737
epoch:  25200 loss:  0.00017026730347424746 PSNR:  31.163017190130272
epoch:  25400 loss:  0.0001821735640987754 PSNR:  30.96999458592816
epoch:  25600 loss:  0.00017466346616856754 PSNR:  31.066763283562103
epoch:  25800 loss:  0.0001695881801424548 PSNR:  31.14450692054795
epoch:  26000 loss:  0.0001837931777117774 PSNR:  31.033576005908138
epoch:  26200 loss:  0.0001752574899001047 PSNR:  31.104712876251156
epoch:  26400 loss:  0.00017794300219975412 PSNR:  31.08688170326881
epoch:  26600 loss:  0.00016704467998351902 PSNR:  31.14413942680499
epoch:  26800 loss:  0.00016964883252512664 PSNR:  31.134512438030825
epoch:  27000 loss:  0.0001810754620237276 PSNR:  31.015560900380503
epoch:  27200 loss:  0.00017218757420778275 PSNR:  31.08010706759554
epoch:  27400 loss:  0.00016833795234560966 PSNR:  31.170301123399106
epoch:  27600 loss:  0.00016086979303508997 PSNR:  31.232086997340836
epoch:  27800 loss:  0.0001662021822994575 PSNR:  31.198384560701253
epoch:  28000 loss:  0.00017961910634767264 PSNR:  31.0270479082522
epoch:  28200 loss:  0.00016605893324594945 PSNR:  31.175438568695096
epoch:  28400 loss:  0.00016833892732392997 PSNR:  31.16387603633107
epoch:  28600 loss:  0.00016329504433088005 PSNR:  31.219135571485495
epoch:  28800 loss:  0.00018517565331421793 PSNR:  30.938930509330422
epoch:  29000 loss:  0.00016720592975616455 PSNR:  31.173894676273655
epoch:  29200 loss:  0.00016619739471934736 PSNR:  31.151347583165254
epoch:  29400 loss:  0.0001602333359187469 PSNR:  31.234746689162396
epoch:  29600 loss:  0.00017112265049945563 PSNR:  31.154783996764934
epoch:  29800 loss:  0.000162121606990695 PSNR:  31.201894749666366
epoch:  30000 loss:  0.00016014221182558686 PSNR:  31.239410789665033
epoch:  30200 loss:  0.0001630914630368352 PSNR:  31.20415172663682
epoch:  30400 loss:  0.0001595331123098731 PSNR:  31.23897566063623
epoch:  30600 loss:  0.00016110102296806872 PSNR:  31.194285434647423
epoch:  30800 loss:  0.0001623053103685379 PSNR:  31.214747303893233
epoch:  31000 loss:  0.00015884428285062313 PSNR:  31.222009399750505
epoch:  31200 loss:  0.00015808973694220185 PSNR:  31.221048901628826
epoch:  31400 loss:  0.00016398224397562444 PSNR:  31.219579763910602
epoch:  31600 loss:  0.0001588819141034037 PSNR:  31.269929228011733
epoch:  31800 loss:  0.0001626832818146795 PSNR:  31.217564358537196
epoch:  32000 loss:  0.0001606595906196162 PSNR:  31.235057428615647
epoch:  32200 loss:  0.00015608748071826994 PSNR:  31.277569565126484
epoch:  32400 loss:  0.00015853974036872387 PSNR:  31.241321972880808
epoch:  32600 loss:  0.0001608402671990916 PSNR:  31.22405836843006
epoch:  32800 loss:  0.00017843532259576023 PSNR:  31.046823202111547
epoch:  33000 loss:  0.0001682800066191703 PSNR:  31.121509260955737
epoch:  33200 loss:  0.00017222219321411103 PSNR:  31.115211784532857
epoch:  33400 loss:  0.00016130681615322828 PSNR:  31.19647785762539
epoch:  33600 loss:  0.00016612245235592127 PSNR:  31.158725174825133
epoch:  33800 loss:  0.00017102276615332812 PSNR:  31.081116655763516
epoch:  34000 loss:  0.0001933717867359519 PSNR:  30.88225469177798
epoch:  34200 loss:  0.00016770779620856047 PSNR:  31.14341472947176
epoch:  34400 loss:  0.0001742224267218262 PSNR:  31.035106095780613
epoch:  34600 loss:  0.00015864218585193157 PSNR:  31.231758342966202
epoch:  34800 loss:  0.00016993789176922292 PSNR:  31.10298437003669
epoch:  35000 loss:  0.0001558283984195441 PSNR:  31.259704413127874
epoch:  35200 loss:  0.00016068342665676028 PSNR:  31.20811027051536
epoch:  35400 loss:  0.00014856853522360325 PSNR:  31.32057528248071
epoch:  35600 loss:  0.0001704518508631736 PSNR:  31.140297245747902
epoch:  35800 loss:  0.000155817368067801 PSNR:  31.258414660757005
epoch:  36000 loss:  0.00016958988271653652 PSNR:  31.05389470529395
epoch:  36200 loss:  0.00016128865536302328 PSNR:  31.229042441364232
epoch:  36400 loss:  0.00016198010416701436 PSNR:  31.208976077913
epoch:  36600 loss:  0.00015981346950866282 PSNR:  31.18456237538996
epoch:  36800 loss:  0.00014937027299311012 PSNR:  31.325254665411045
epoch:  37000 loss:  0.0001513736497145146 PSNR:  31.30345372692596
epoch:  37200 loss:  0.0001555343042127788 PSNR:  31.253368783340147
epoch:  37400 loss:  0.00014944846043363214 PSNR:  31.3133378322473
epoch:  37600 loss:  0.00016158570360857993 PSNR:  31.169712028695255
epoch:  37800 loss:  0.00015742014511488378 PSNR:  31.253370132804438
epoch:  38000 loss:  0.00015408697072416544 PSNR:  31.286701964759168
epoch:  38200 loss:  0.00015004808665253222 PSNR:  31.31746807925492
epoch:  38400 loss:  0.0001596509391674772 PSNR:  31.20729504008335
epoch:  38600 loss:  0.0001651955535635352 PSNR:  31.151237190935767
epoch:  38800 loss:  0.00014851636660750955 PSNR:  31.306163305088948
epoch:  39000 loss:  0.00015017332043498755 PSNR:  31.30250439193304
epoch:  39200 loss:  0.00015380771947093308 PSNR:  31.24907421378221
epoch:  39400 loss:  0.00015135992725845426 PSNR:  31.275224276324384
epoch:  39600 loss:  0.00015784549759700894 PSNR:  31.224420623191197
epoch:  39800 loss:  0.00015957822324708104 PSNR:  31.21919749460696
PSNR of output image is:  31.21919749460696
(3, 512, 512) (1, 3, 512, 512)
Experiment done
