(3, 512, 512)
Starting optimization with optimizer 'SAM'
Output directory: data/denoising/Set14/mask/4/SAM(sigma=0.1,lr=0.01,decay=0,beta=0)/det/-1.3/1e-09
1.1.1.weight         | nonzeros =     988 /   12800             (  7.72%) | total_pruned =   11812 | shape = torch.Size([16, 32, 5, 5])
1.1.1.bias           | nonzeros =       0 /      16             (  0.00%) | total_pruned =      16 | shape = torch.Size([16])
1.2.weight           | nonzeros =       7 /      16             ( 43.75%) | total_pruned =       9 | shape = torch.Size([16])
1.2.bias             | nonzeros =       0 /      16             (  0.00%) | total_pruned =      16 | shape = torch.Size([16])
1.4.1.weight         | nonzeros =     108 /    6400             (  1.69%) | total_pruned =    6292 | shape = torch.Size([16, 16, 5, 5])
1.4.1.bias           | nonzeros =       0 /      16             (  0.00%) | total_pruned =      16 | shape = torch.Size([16])
1.5.weight           | nonzeros =       3 /      16             ( 18.75%) | total_pruned =      13 | shape = torch.Size([16])
1.5.bias             | nonzeros =       0 /      16             (  0.00%) | total_pruned =      16 | shape = torch.Size([16])
1.7.1.1.1.weight     | nonzeros =      71 /   12800             (  0.55%) | total_pruned =   12729 | shape = torch.Size([32, 16, 5, 5])
1.7.1.1.1.bias       | nonzeros =       0 /      32             (  0.00%) | total_pruned =      32 | shape = torch.Size([32])
1.7.1.2.weight       | nonzeros =      15 /      32             ( 46.88%) | total_pruned =      17 | shape = torch.Size([32])
1.7.1.2.bias         | nonzeros =       0 /      32             (  0.00%) | total_pruned =      32 | shape = torch.Size([32])
1.7.1.4.1.weight     | nonzeros =      64 /   25600             (  0.25%) | total_pruned =   25536 | shape = torch.Size([32, 32, 5, 5])
1.7.1.4.1.bias       | nonzeros =       0 /      32             (  0.00%) | total_pruned =      32 | shape = torch.Size([32])
1.7.1.5.weight       | nonzeros =      16 /      32             ( 50.00%) | total_pruned =      16 | shape = torch.Size([32])
1.7.1.5.bias         | nonzeros =       0 /      32             (  0.00%) | total_pruned =      32 | shape = torch.Size([32])
1.7.1.7.1.1.1.weight | nonzeros =      17 /   51200             (  0.03%) | total_pruned =   51183 | shape = torch.Size([64, 32, 5, 5])
1.7.1.7.1.1.1.bias   | nonzeros =       0 /      64             (  0.00%) | total_pruned =      64 | shape = torch.Size([64])
1.7.1.7.1.2.weight   | nonzeros =      27 /      64             ( 42.19%) | total_pruned =      37 | shape = torch.Size([64])
1.7.1.7.1.2.bias     | nonzeros =       0 /      64             (  0.00%) | total_pruned =      64 | shape = torch.Size([64])
1.7.1.7.1.4.1.weight | nonzeros =     102 /  102400             (  0.10%) | total_pruned =  102298 | shape = torch.Size([64, 64, 5, 5])
1.7.1.7.1.4.1.bias   | nonzeros =       0 /      64             (  0.00%) | total_pruned =      64 | shape = torch.Size([64])
1.7.1.7.1.5.weight   | nonzeros =      26 /      64             ( 40.62%) | total_pruned =      38 | shape = torch.Size([64])
1.7.1.7.1.5.bias     | nonzeros =       0 /      64             (  0.00%) | total_pruned =      64 | shape = torch.Size([64])
1.7.1.7.1.7.1.1.1.weight | nonzeros =       7 /  204800             (  0.00%) | total_pruned =  204793 | shape = torch.Size([128, 64, 5, 5])
1.7.1.7.1.7.1.1.1.bias | nonzeros =       0 /     128             (  0.00%) | total_pruned =     128 | shape = torch.Size([128])
1.7.1.7.1.7.1.2.weight | nonzeros =      54 /     128             ( 42.19%) | total_pruned =      74 | shape = torch.Size([128])
1.7.1.7.1.7.1.2.bias | nonzeros =       0 /     128             (  0.00%) | total_pruned =     128 | shape = torch.Size([128])
1.7.1.7.1.7.1.4.1.weight | nonzeros =     113 /  409600             (  0.03%) | total_pruned =  409487 | shape = torch.Size([128, 128, 5, 5])
1.7.1.7.1.7.1.4.1.bias | nonzeros =       0 /     128             (  0.00%) | total_pruned =     128 | shape = torch.Size([128])
1.7.1.7.1.7.1.5.weight | nonzeros =      67 /     128             ( 52.34%) | total_pruned =      61 | shape = torch.Size([128])
1.7.1.7.1.7.1.5.bias | nonzeros =       0 /     128             (  0.00%) | total_pruned =     128 | shape = torch.Size([128])
1.7.1.7.1.7.1.7.1.1.1.weight | nonzeros =     190 /  409600             (  0.05%) | total_pruned =  409410 | shape = torch.Size([128, 128, 5, 5])
1.7.1.7.1.7.1.7.1.1.1.bias | nonzeros =       0 /     128             (  0.00%) | total_pruned =     128 | shape = torch.Size([128])
1.7.1.7.1.7.1.7.1.2.weight | nonzeros =      72 /     128             ( 56.25%) | total_pruned =      56 | shape = torch.Size([128])
1.7.1.7.1.7.1.7.1.2.bias | nonzeros =       0 /     128             (  0.00%) | total_pruned =     128 | shape = torch.Size([128])
1.7.1.7.1.7.1.7.1.4.1.weight | nonzeros =    1714 /  409600             (  0.42%) | total_pruned =  407886 | shape = torch.Size([128, 128, 5, 5])
1.7.1.7.1.7.1.7.1.4.1.bias | nonzeros =       0 /     128             (  0.00%) | total_pruned =     128 | shape = torch.Size([128])
1.7.1.7.1.7.1.7.1.5.weight | nonzeros =      90 /     128             ( 70.31%) | total_pruned =      38 | shape = torch.Size([128])
1.7.1.7.1.7.1.7.1.5.bias | nonzeros =       0 /     128             (  0.00%) | total_pruned =     128 | shape = torch.Size([128])
1.7.1.7.1.7.1.7.1.7.1.1.1.weight | nonzeros =    6176 /  409600             (  1.51%) | total_pruned =  403424 | shape = torch.Size([128, 128, 5, 5])
1.7.1.7.1.7.1.7.1.7.1.1.1.bias | nonzeros =       0 /     128             (  0.00%) | total_pruned =     128 | shape = torch.Size([128])
1.7.1.7.1.7.1.7.1.7.1.2.weight | nonzeros =     101 /     128             ( 78.91%) | total_pruned =      27 | shape = torch.Size([128])
1.7.1.7.1.7.1.7.1.7.1.2.bias | nonzeros =       0 /     128             (  0.00%) | total_pruned =     128 | shape = torch.Size([128])
1.7.1.7.1.7.1.7.1.7.1.4.1.weight | nonzeros =   25282 /  409600             (  6.17%) | total_pruned =  384318 | shape = torch.Size([128, 128, 5, 5])
1.7.1.7.1.7.1.7.1.7.1.4.1.bias | nonzeros =       0 /     128             (  0.00%) | total_pruned =     128 | shape = torch.Size([128])
1.7.1.7.1.7.1.7.1.7.1.5.weight | nonzeros =      83 /     128             ( 64.84%) | total_pruned =      45 | shape = torch.Size([128])
1.7.1.7.1.7.1.7.1.7.1.5.bias | nonzeros =       0 /     128             (  0.00%) | total_pruned =     128 | shape = torch.Size([128])
1.7.1.7.1.7.1.7.1.7.2.weight | nonzeros =      83 /     128             ( 64.84%) | total_pruned =      45 | shape = torch.Size([128])
1.7.1.7.1.7.1.7.1.7.2.bias | nonzeros =       0 /     128             (  0.00%) | total_pruned =     128 | shape = torch.Size([128])
1.7.1.7.1.7.1.7.1.7.3.1.weight | nonzeros =   24218 /  147456             ( 16.42%) | total_pruned =  123238 | shape = torch.Size([128, 128, 3, 3])
1.7.1.7.1.7.1.7.1.7.3.1.bias | nonzeros =       0 /     128             (  0.00%) | total_pruned =     128 | shape = torch.Size([128])
1.7.1.7.1.7.1.7.1.7.4.weight | nonzeros =      80 /     128             ( 62.50%) | total_pruned =      48 | shape = torch.Size([128])
1.7.1.7.1.7.1.7.1.7.4.bias | nonzeros =       0 /     128             (  0.00%) | total_pruned =     128 | shape = torch.Size([128])
1.7.1.7.1.7.1.7.2.weight | nonzeros =      80 /     128             ( 62.50%) | total_pruned =      48 | shape = torch.Size([128])
1.7.1.7.1.7.1.7.2.bias | nonzeros =       0 /     128             (  0.00%) | total_pruned =     128 | shape = torch.Size([128])
1.7.1.7.1.7.1.7.3.1.weight | nonzeros =   21555 /  147456             ( 14.62%) | total_pruned =  125901 | shape = torch.Size([128, 128, 3, 3])
1.7.1.7.1.7.1.7.3.1.bias | nonzeros =       0 /     128             (  0.00%) | total_pruned =     128 | shape = torch.Size([128])
1.7.1.7.1.7.1.7.4.weight | nonzeros =      70 /     128             ( 54.69%) | total_pruned =      58 | shape = torch.Size([128])
1.7.1.7.1.7.1.7.4.bias | nonzeros =       0 /     128             (  0.00%) | total_pruned =     128 | shape = torch.Size([128])
1.7.1.7.1.7.2.weight | nonzeros =      70 /     128             ( 54.69%) | total_pruned =      58 | shape = torch.Size([128])
1.7.1.7.1.7.2.bias   | nonzeros =       0 /     128             (  0.00%) | total_pruned =     128 | shape = torch.Size([128])
1.7.1.7.1.7.3.1.weight | nonzeros =   19209 /  147456             ( 13.03%) | total_pruned =  128247 | shape = torch.Size([128, 128, 3, 3])
1.7.1.7.1.7.3.1.bias | nonzeros =       0 /     128             (  0.00%) | total_pruned =     128 | shape = torch.Size([128])
1.7.1.7.1.7.4.weight | nonzeros =      73 /     128             ( 57.03%) | total_pruned =      55 | shape = torch.Size([128])
1.7.1.7.1.7.4.bias   | nonzeros =       0 /     128             (  0.00%) | total_pruned =     128 | shape = torch.Size([128])
1.7.1.7.2.weight     | nonzeros =      73 /     128             ( 57.03%) | total_pruned =      55 | shape = torch.Size([128])
1.7.1.7.2.bias       | nonzeros =       0 /     128             (  0.00%) | total_pruned =     128 | shape = torch.Size([128])
1.7.1.7.3.1.weight   | nonzeros =   11959 /   73728             ( 16.22%) | total_pruned =   61769 | shape = torch.Size([64, 128, 3, 3])
1.7.1.7.3.1.bias     | nonzeros =       0 /      64             (  0.00%) | total_pruned =      64 | shape = torch.Size([64])
1.7.1.7.4.weight     | nonzeros =      42 /      64             ( 65.62%) | total_pruned =      22 | shape = torch.Size([64])
1.7.1.7.4.bias       | nonzeros =       0 /      64             (  0.00%) | total_pruned =      64 | shape = torch.Size([64])
1.7.2.weight         | nonzeros =      42 /      64             ( 65.62%) | total_pruned =      22 | shape = torch.Size([64])
1.7.2.bias           | nonzeros =       0 /      64             (  0.00%) | total_pruned =      64 | shape = torch.Size([64])
1.7.3.1.weight       | nonzeros =    3997 /   18432             ( 21.69%) | total_pruned =   14435 | shape = torch.Size([32, 64, 3, 3])
1.7.3.1.bias         | nonzeros =       0 /      32             (  0.00%) | total_pruned =      32 | shape = torch.Size([32])
1.7.4.weight         | nonzeros =      23 /      32             ( 71.88%) | total_pruned =       9 | shape = torch.Size([32])
1.7.4.bias           | nonzeros =       0 /      32             (  0.00%) | total_pruned =      32 | shape = torch.Size([32])
2.weight             | nonzeros =      23 /      32             ( 71.88%) | total_pruned =       9 | shape = torch.Size([32])
2.bias               | nonzeros =       0 /      32             (  0.00%) | total_pruned =      32 | shape = torch.Size([32])
3.1.weight           | nonzeros =    1383 /    4608             ( 30.01%) | total_pruned =    3225 | shape = torch.Size([16, 32, 3, 3])
3.1.bias             | nonzeros =       0 /      16             (  0.00%) | total_pruned =      16 | shape = torch.Size([16])
4.weight             | nonzeros =      15 /      16             ( 93.75%) | total_pruned =       1 | shape = torch.Size([16])
4.bias               | nonzeros =       0 /      16             (  0.00%) | total_pruned =      16 | shape = torch.Size([16])
6.1.weight           | nonzeros =      33 /      48             ( 68.75%) | total_pruned =      15 | shape = torch.Size([3, 16, 1, 1])
6.1.bias             | nonzeros =       1 /       3             ( 33.33%) | total_pruned =       2 | shape = torch.Size([3])
alive: 118422, pruned : 2890445, total: 3008867, Compression rate :      25.41x  ( 96.06% pruned)
Initial PSNR of output image is:  13.48570244064173
epoch:  0 loss:  0.04481565207242966 PSNR:  13.48570244064173
epoch:  200 loss:  9.231909643858671e-05 PSNR:  40.34708420541432
epoch:  400 loss:  2.5765117243281566e-05 PSNR:  45.88967999599178
epoch:  600 loss:  3.737835504580289e-05 PSNR:  44.273798995943665
epoch:  800 loss:  1.545395571156405e-05 PSNR:  48.10960285585984
epoch:  1000 loss:  8.072764103417285e-06 PSNR:  50.929777869048024
epoch:  1200 loss:  1.7362708604196087e-05 PSNR:  47.603825688920864
epoch:  1400 loss:  5.247098215477308e-06 PSNR:  52.80080881854747
epoch:  1600 loss:  5.0261437536391895e-06 PSNR:  52.98765054938022
epoch:  1800 loss:  7.883259968366474e-06 PSNR:  51.03294201460728
epoch:  2000 loss:  3.6514518342301017e-06 PSNR:  54.37534369613573
epoch:  2200 loss:  3.173914137732936e-06 PSNR:  54.984049195038594
epoch:  2400 loss:  3.883260433212854e-06 PSNR:  54.108035331126146
epoch:  2600 loss:  4.442895260581281e-06 PSNR:  53.52333924951288
epoch:  2800 loss:  2.6719405923358863e-06 PSNR:  55.73173165192826
epoch:  3000 loss:  8.038382475206163e-06 PSNR:  50.94831186022975
epoch:  3200 loss:  2.9146885935915634e-05 PSNR:  45.35407757299752
epoch:  3400 loss:  4.908836672257166e-06 PSNR:  53.09021417587944
epoch:  3600 loss:  4.721950244856998e-05 PSNR:  43.25878559930062
epoch:  3800 loss:  2.4190410840674303e-05 PSNR:  46.16356755684312
epoch:  4000 loss:  3.1218714866554365e-06 PSNR:  55.055849788473225
epoch:  4200 loss:  4.207463916827692e-06 PSNR:  53.75979693719763
epoch:  4400 loss:  2.6491135940887034e-05 PSNR:  45.768994187400736
epoch:  4600 loss:  1.4052533288122504e-06 PSNR:  58.522452367222016
epoch:  4800 loss:  5.746059287048411e-06 PSNR:  52.40630000441463
epoch:  5000 loss:  1.3721485174755799e-06 PSNR:  58.62598843295785
epoch:  5200 loss:  2.7050189146393677e-06 PSNR:  55.678297667859205
epoch:  5400 loss:  5.1942870413768105e-06 PSNR:  52.844740925276305
epoch:  5600 loss:  1.4030101738171652e-06 PSNR:  58.529391445170134
epoch:  5800 loss:  1.4088822126723244e-06 PSNR:  58.51125383952478
epoch:  6000 loss:  4.615804755303543e-06 PSNR:  53.35752612545186
epoch:  6200 loss:  5.858164058736293e-06 PSNR:  52.3223840257869
epoch:  6400 loss:  8.301261686938233e-07 PSNR:  60.808558358536395
epoch:  6600 loss:  6.664301508862991e-06 PSNR:  51.762453033713875
epoch:  6800 loss:  1.0986200322804507e-06 PSNR:  59.59152396417096
epoch:  7000 loss:  1.6454021078970982e-06 PSNR:  57.83728010676063
epoch:  7200 loss:  7.124269245650794e-07 PSNR:  61.472596410688034
epoch:  7400 loss:  8.945482477429323e-06 PSNR:  50.48396230654532
epoch:  7600 loss:  1.6294812667183578e-05 PSNR:  47.87950579543115
epoch:  7800 loss:  1.5800359278728138e-06 PSNR:  58.01333162659687
epoch:  8000 loss:  5.012212113797432e-06 PSNR:  52.99970637013352
epoch:  8200 loss:  8.831287232169416e-06 PSNR:  50.539760792965005
epoch:  8400 loss:  6.946153803255584e-07 PSNR:  61.5825560467546
epoch:  8600 loss:  1.1547904250619467e-06 PSNR:  59.3749669746026
epoch:  8800 loss:  1.8239597920910455e-06 PSNR:  57.389847125486135
epoch:  9000 loss:  6.569248398591299e-07 PSNR:  61.82484203397378
epoch:  9200 loss:  6.852551450720057e-07 PSNR:  61.6414769498147
epoch:  9400 loss:  2.0382265120133525e-06 PSNR:  56.907475052229934
epoch:  9600 loss:  2.5021133751579328e-06 PSNR:  56.016930550153965
epoch:  9800 loss:  4.913558768748771e-07 PSNR:  63.08603995916852
epoch:  10000 loss:  5.051692255619855e-07 PSNR:  62.96563114125618
epoch:  10200 loss:  4.839251914745546e-07 PSNR:  63.15221871459013
epoch:  10400 loss:  4.807361051462067e-07 PSNR:  63.180932594462924
epoch:  10600 loss:  9.33722549234517e-06 PSNR:  50.297821529315286
epoch:  10800 loss:  2.6703498861024855e-06 PSNR:  55.73431756943822
epoch:  11000 loss:  1.2485342040235992e-06 PSNR:  59.03599515957852
epoch:  11200 loss:  5.295407845551381e-07 PSNR:  62.76100492223377
epoch:  11400 loss:  7.214335937533178e-07 PSNR:  61.41803809600397
epoch:  11600 loss:  1.524284016340971e-06 PSNR:  58.16934136754217
epoch:  11800 loss:  4.2023086166409485e-07 PSNR:  63.765119094011204
epoch:  12000 loss:  3.0415039873332717e-06 PSNR:  55.16911577385276
epoch:  12200 loss:  9.996442713600118e-07 PSNR:  60.00154567861493
epoch:  12400 loss:  4.1664048922029906e-07 PSNR:  63.802384682459625
epoch:  12600 loss:  1.4775221188756404e-06 PSNR:  58.30465975484569
epoch:  12800 loss:  6.008621085129562e-07 PSNR:  62.21225223630196
epoch:  13000 loss:  2.544555172789842e-06 PSNR:  55.94388089210654
epoch:  13200 loss:  2.6988132049154956e-06 PSNR:  55.68827283336694
epoch:  13400 loss:  1.0476933312020265e-06 PSNR:  59.79765867586054
epoch:  13600 loss:  4.0911991163739e-06 PSNR:  53.88149383117599
epoch:  13800 loss:  1.2876805612904718e-06 PSNR:  58.9019193701247
epoch:  14000 loss:  2.916507355621434e-06 PSNR:  55.35136923913626
epoch:  14200 loss:  4.612711563822813e-06 PSNR:  53.36043786919983
epoch:  14400 loss:  7.97486791270785e-06 PSNR:  50.98276451877317
epoch:  14600 loss:  6.443414349632803e-06 PSNR:  51.90883878752029
epoch:  14800 loss:  1.7547503148307442e-06 PSNR:  57.55784783544621
epoch:  15000 loss:  7.264428631970077e-07 PSNR:  61.38798436573001
epoch:  15200 loss:  6.255682478695235e-07 PSNR:  62.03725302986914
epoch:  15400 loss:  4.300832756598538e-07 PSNR:  63.66447473915869
epoch:  15600 loss:  3.3494563922431553e-07 PSNR:  64.75025708921389
epoch:  15800 loss:  3.750917016986932e-07 PSNR:  64.25862609626039
epoch:  16000 loss:  1.8748983166005928e-06 PSNR:  57.27022307196524
epoch:  16200 loss:  4.040185501708038e-07 PSNR:  63.93598663615404
epoch:  16400 loss:  3.9877528479337343e-07 PSNR:  63.99271797087142
epoch:  16600 loss:  7.777653081575409e-07 PSNR:  61.091515592128715
epoch:  16800 loss:  3.0050671284698183e-07 PSNR:  65.22145863172979
epoch:  17000 loss:  2.865951273633982e-06 PSNR:  55.427311632139606
epoch:  17200 loss:  3.981349436799064e-06 PSNR:  53.99969703397161
epoch:  17400 loss:  5.644334919452376e-07 PSNR:  62.48387136827529
epoch:  17600 loss:  1.1983584045083262e-06 PSNR:  59.214132739153186
epoch:  17800 loss:  7.477638064301573e-07 PSNR:  61.262355265582244
epoch:  18000 loss:  5.607381581285154e-07 PSNR:  62.512398011852824
epoch:  18200 loss:  1.3883150131732691e-06 PSNR:  58.575119443113365
epoch:  18400 loss:  2.1025298337917775e-06 PSNR:  56.77257833076201
epoch:  18600 loss:  3.7955624065943994e-07 PSNR:  64.20723961076308
epoch:  18800 loss:  5.871956432201841e-07 PSNR:  62.31217259472078
epoch:  19000 loss:  1.4761135389562696e-06 PSNR:  58.308802698327646
epoch:  19200 loss:  7.134248676265997e-07 PSNR:  61.46651722064239
epoch:  19400 loss:  1.1633004532995983e-06 PSNR:  59.343080602338844
epoch:  19600 loss:  4.0962163438962307e-07 PSNR:  63.87617113926979
epoch:  19800 loss:  8.353444513886643e-07 PSNR:  60.78134407760717
epoch:  20000 loss:  3.3480534966656705e-07 PSNR:  64.75207648143194
epoch:  20200 loss:  8.170500223059207e-07 PSNR:  60.87751263171122
epoch:  20400 loss:  1.2607932831087965e-06 PSNR:  58.993561135573714
epoch:  20600 loss:  2.966111765090318e-07 PSNR:  65.27812613334729
epoch:  20800 loss:  2.4082078198262025e-07 PSNR:  66.18306088973173
epoch:  21000 loss:  3.2858974918781314e-07 PSNR:  64.83346101801574
epoch:  21200 loss:  3.642998649411311e-07 PSNR:  64.38540955883906
epoch:  21400 loss:  2.415840754110832e-07 PSNR:  66.16931645567564
epoch:  21600 loss:  1.395719436914078e-06 PSNR:  58.55201838061268
epoch:  21800 loss:  2.2787060061091324e-07 PSNR:  66.42311784225258
epoch:  22000 loss:  2.5566737349436153e-07 PSNR:  65.92324593543867
epoch:  22200 loss:  1.9709138996404363e-06 PSNR:  57.053324478822596
epoch:  22400 loss:  2.2839660118734173e-07 PSNR:  66.41310282130236
epoch:  22600 loss:  4.1180828702636063e-07 PSNR:  63.8530494807626
epoch:  22800 loss:  2.836435442077345e-07 PSNR:  65.4722696607725
epoch:  23000 loss:  3.370896592969075e-07 PSNR:  64.72254679726105
epoch:  23200 loss:  2.5188668928421976e-07 PSNR:  65.98794928791241
epoch:  23400 loss:  1.3677581591764465e-06 PSNR:  58.63990685817729
epoch:  23600 loss:  1.121895593314548e-06 PSNR:  59.50047601845764
epoch:  23800 loss:  3.7526876894844463e-07 PSNR:  64.25657577440732
epoch:  24000 loss:  1.964611442417663e-07 PSNR:  67.0672333083573
epoch:  24200 loss:  2.3606121146713122e-07 PSNR:  66.26975446838438
epoch:  24400 loss:  1.950120065430383e-07 PSNR:  67.099386174263
epoch:  24600 loss:  7.914203479231219e-07 PSNR:  61.01592850323685
epoch:  24800 loss:  2.1536521899179206e-07 PSNR:  66.66824461633651
epoch:  25000 loss:  2.3569394613787154e-07 PSNR:  66.27651519932077
epoch:  25200 loss:  5.271929239825113e-07 PSNR:  62.78030380676678
epoch:  25400 loss:  3.248248674481147e-07 PSNR:  64.88350730101774
epoch:  25600 loss:  2.1753020007508894e-07 PSNR:  66.62480497450473
epoch:  25800 loss:  2.3737470655760262e-07 PSNR:  66.24565481129635
epoch:  26000 loss:  9.823788786889054e-07 PSNR:  60.07721033766118
epoch:  26200 loss:  2.0253187926755345e-07 PSNR:  66.93506637982264
epoch:  26400 loss:  4.126413557514752e-07 PSNR:  63.8442733804939
epoch:  26600 loss:  5.277033778838813e-07 PSNR:  62.776102661947775
epoch:  26800 loss:  2.170592949823913e-07 PSNR:  66.63421640363418
epoch:  27000 loss:  2.0347276574739226e-07 PSNR:  66.91493681301762
epoch:  27200 loss:  1.7045862250597565e-06 PSNR:  57.68381025458544
epoch:  27400 loss:  3.8143352298902755e-07 PSNR:  64.18581108480171
epoch:  27600 loss:  4.309402356739156e-06 PSNR:  53.655829551681265
epoch:  27800 loss:  3.465052600404306e-07 PSNR:  64.60290097053326
epoch:  28000 loss:  3.670510011488659e-07 PSNR:  64.35273519775205
epoch:  28200 loss:  2.2660339027424925e-07 PSNR:  66.44733678534527
epoch:  28400 loss:  4.2006990952359047e-07 PSNR:  63.76678397375659
epoch:  28600 loss:  2.512823584766011e-07 PSNR:  65.99838049527052
epoch:  28800 loss:  1.5311359220504528e-06 PSNR:  58.149863188785424
epoch:  29000 loss:  9.528173450235045e-07 PSNR:  60.209903714947394
epoch:  29200 loss:  2.230245570444822e-07 PSNR:  66.5164739754071
epoch:  29400 loss:  2.1312347087132366e-07 PSNR:  66.71368690691175
epoch:  29600 loss:  2.994580370341282e-07 PSNR:  65.23664026567974
epoch:  29800 loss:  1.5277069564945123e-07 PSNR:  68.15959943785691
epoch:  30000 loss:  2.636999170135823e-07 PSNR:  65.78889866453697
epoch:  30200 loss:  5.197231303100125e-07 PSNR:  62.842279544442846
epoch:  30400 loss:  7.254490697050642e-07 PSNR:  61.393930378560796
epoch:  30600 loss:  3.785479236739775e-07 PSNR:  64.21879196782146
epoch:  30800 loss:  1.6540532215003623e-06 PSNR:  57.81450550369879
epoch:  31000 loss:  1.751726301790768e-07 PSNR:  67.56533678678424
epoch:  31200 loss:  6.339315063996764e-07 PSNR:  61.97957741137982
epoch:  31400 loss:  1.203389729198534e-06 PSNR:  59.195936994850776
epoch:  31600 loss:  3.351874511281494e-07 PSNR:  64.74712138538953
epoch:  31800 loss:  4.2196415961370803e-07 PSNR:  63.74724230393663
epoch:  32000 loss:  2.0858816185409523e-07 PSNR:  66.80710313432431
epoch:  32200 loss:  9.117599688579503e-07 PSNR:  60.40119479567424
epoch:  32400 loss:  1.6031258098792023e-07 PSNR:  67.9503247080365
epoch:  32600 loss:  4.920055971524562e-07 PSNR:  63.08030006760901
epoch:  32800 loss:  2.191203520851559e-07 PSNR:  66.5931736742141
epoch:  33000 loss:  1.7154842453237507e-06 PSNR:  57.6561323728508
epoch:  33200 loss:  8.770634849497583e-07 PSNR:  60.56969054170453
epoch:  33400 loss:  2.761118480520963e-07 PSNR:  65.58915046647516
epoch:  33600 loss:  3.5750616689256276e-07 PSNR:  64.4671653137912
epoch:  33800 loss:  1.0025595429397072e-06 PSNR:  59.98889874037856
epoch:  34000 loss:  8.025020861168741e-07 PSNR:  60.95553799203978
epoch:  34200 loss:  1.4283165228334838e-07 PSNR:  68.45175669466302
epoch:  34400 loss:  4.763505216942576e-07 PSNR:  63.22073406636049
epoch:  34600 loss:  1.2293835425225552e-06 PSNR:  59.103125246550796
epoch:  34800 loss:  1.9892365799023537e-07 PSNR:  67.01313532136629
epoch:  35000 loss:  1.4692682270833757e-07 PSNR:  68.32899038933095
epoch:  35200 loss:  3.6624214772018604e-07 PSNR:  64.36231711571644
epoch:  35400 loss:  3.002226947046438e-07 PSNR:  65.22556522385894
epoch:  35600 loss:  1.7824217479756044e-07 PSNR:  67.48989596739895
epoch:  35800 loss:  4.0770919440547004e-07 PSNR:  63.896495853219626
epoch:  36000 loss:  9.779014362720773e-07 PSNR:  60.09704865520942
epoch:  36200 loss:  2.122153404116034e-07 PSNR:  66.73223196369852
epoch:  36400 loss:  3.9986238675737695e-07 PSNR:  63.98089415189888
epoch:  36600 loss:  7.851613190723583e-07 PSNR:  61.050411040379274
epoch:  36800 loss:  1.7458151546634326e-07 PSNR:  67.58001776256376
epoch:  37000 loss:  1.5624348748133343e-07 PSNR:  68.06198036306525
epoch:  37200 loss:  1.9156611585913197e-07 PSNR:  67.17681274088332
epoch:  37400 loss:  1.3226136275079625e-07 PSNR:  68.78567006869433
epoch:  37600 loss:  1.3729096792758355e-07 PSNR:  68.62358033107286
epoch:  37800 loss:  2.4315451696566015e-07 PSNR:  66.14117810629848
epoch:  38000 loss:  1.5868603497892764e-07 PSNR:  67.99461369041825
epoch:  38200 loss:  4.492664800181956e-07 PSNR:  63.47495955637729
epoch:  38400 loss:  1.4950582283290714e-07 PSNR:  68.25341851176275
epoch:  38600 loss:  8.06917967111076e-07 PSNR:  60.931707060582845
epoch:  38800 loss:  1.282677573044566e-07 PSNR:  68.91882498609915
epoch:  39000 loss:  3.0061403322179103e-07 PSNR:  65.21990790662895
epoch:  39200 loss:  3.4221392297695274e-07 PSNR:  64.65702397298497
epoch:  39400 loss:  3.708393592205539e-07 PSNR:  64.30814211304588
epoch:  39600 loss:  5.988777047605254e-07 PSNR:  62.226619783548074
epoch:  39800 loss:  4.404765547860734e-07 PSNR:  63.56077286866375
Experiment done for sparse network
