(3, 512, 512)
Starting IMP on DIP on 11 using SAM(sigma=0.1,lr=0.01,decay=0,beta=0)
Noisy PSNR is '20.317792069856306'
(3, 512, 512) (3, 512, 512) torch.Size([1, 32, 512, 512])
Starting optimization with optimizer 'SAM'
Output directory: data/denoising/Set14/mask/11/pat/clean/3_0.8
Pruning Iteration: 1/3
1.1.1.weight         | nonzeros =   12800 /   12800             (100.00%) | total_pruned =       0 | shape = torch.Size([16, 32, 5, 5])
1.1.1.bias           | nonzeros =      16 /      16             (100.00%) | total_pruned =       0 | shape = torch.Size([16])
1.2.weight           | nonzeros =      16 /      16             (100.00%) | total_pruned =       0 | shape = torch.Size([16])
1.2.bias             | nonzeros =       0 /      16             (  0.00%) | total_pruned =      16 | shape = torch.Size([16])
1.4.1.weight         | nonzeros =    6400 /    6400             (100.00%) | total_pruned =       0 | shape = torch.Size([16, 16, 5, 5])
1.4.1.bias           | nonzeros =      16 /      16             (100.00%) | total_pruned =       0 | shape = torch.Size([16])
1.5.weight           | nonzeros =      16 /      16             (100.00%) | total_pruned =       0 | shape = torch.Size([16])
1.5.bias             | nonzeros =       0 /      16             (  0.00%) | total_pruned =      16 | shape = torch.Size([16])
1.7.1.1.1.weight     | nonzeros =   12800 /   12800             (100.00%) | total_pruned =       0 | shape = torch.Size([32, 16, 5, 5])
1.7.1.1.1.bias       | nonzeros =      32 /      32             (100.00%) | total_pruned =       0 | shape = torch.Size([32])
1.7.1.2.weight       | nonzeros =      32 /      32             (100.00%) | total_pruned =       0 | shape = torch.Size([32])
1.7.1.2.bias         | nonzeros =       0 /      32             (  0.00%) | total_pruned =      32 | shape = torch.Size([32])
1.7.1.4.1.weight     | nonzeros =   25600 /   25600             (100.00%) | total_pruned =       0 | shape = torch.Size([32, 32, 5, 5])
1.7.1.4.1.bias       | nonzeros =      32 /      32             (100.00%) | total_pruned =       0 | shape = torch.Size([32])
1.7.1.5.weight       | nonzeros =      32 /      32             (100.00%) | total_pruned =       0 | shape = torch.Size([32])
1.7.1.5.bias         | nonzeros =       0 /      32             (  0.00%) | total_pruned =      32 | shape = torch.Size([32])
1.7.1.7.1.1.1.weight | nonzeros =   51200 /   51200             (100.00%) | total_pruned =       0 | shape = torch.Size([64, 32, 5, 5])
1.7.1.7.1.1.1.bias   | nonzeros =      64 /      64             (100.00%) | total_pruned =       0 | shape = torch.Size([64])
1.7.1.7.1.2.weight   | nonzeros =      64 /      64             (100.00%) | total_pruned =       0 | shape = torch.Size([64])
1.7.1.7.1.2.bias     | nonzeros =       0 /      64             (  0.00%) | total_pruned =      64 | shape = torch.Size([64])
1.7.1.7.1.4.1.weight | nonzeros =  102400 /  102400             (100.00%) | total_pruned =       0 | shape = torch.Size([64, 64, 5, 5])
1.7.1.7.1.4.1.bias   | nonzeros =      64 /      64             (100.00%) | total_pruned =       0 | shape = torch.Size([64])
1.7.1.7.1.5.weight   | nonzeros =      64 /      64             (100.00%) | total_pruned =       0 | shape = torch.Size([64])
1.7.1.7.1.5.bias     | nonzeros =       0 /      64             (  0.00%) | total_pruned =      64 | shape = torch.Size([64])
1.7.1.7.1.7.1.1.1.weight | nonzeros =  204800 /  204800             (100.00%) | total_pruned =       0 | shape = torch.Size([128, 64, 5, 5])
1.7.1.7.1.7.1.1.1.bias | nonzeros =     128 /     128             (100.00%) | total_pruned =       0 | shape = torch.Size([128])
1.7.1.7.1.7.1.2.weight | nonzeros =     128 /     128             (100.00%) | total_pruned =       0 | shape = torch.Size([128])
1.7.1.7.1.7.1.2.bias | nonzeros =       0 /     128             (  0.00%) | total_pruned =     128 | shape = torch.Size([128])
1.7.1.7.1.7.1.4.1.weight | nonzeros =  409600 /  409600             (100.00%) | total_pruned =       0 | shape = torch.Size([128, 128, 5, 5])
1.7.1.7.1.7.1.4.1.bias | nonzeros =     128 /     128             (100.00%) | total_pruned =       0 | shape = torch.Size([128])
1.7.1.7.1.7.1.5.weight | nonzeros =     128 /     128             (100.00%) | total_pruned =       0 | shape = torch.Size([128])
1.7.1.7.1.7.1.5.bias | nonzeros =       0 /     128             (  0.00%) | total_pruned =     128 | shape = torch.Size([128])
1.7.1.7.1.7.1.7.1.1.1.weight | nonzeros =  409600 /  409600             (100.00%) | total_pruned =       0 | shape = torch.Size([128, 128, 5, 5])
1.7.1.7.1.7.1.7.1.1.1.bias | nonzeros =     128 /     128             (100.00%) | total_pruned =       0 | shape = torch.Size([128])
1.7.1.7.1.7.1.7.1.2.weight | nonzeros =     128 /     128             (100.00%) | total_pruned =       0 | shape = torch.Size([128])
1.7.1.7.1.7.1.7.1.2.bias | nonzeros =       0 /     128             (  0.00%) | total_pruned =     128 | shape = torch.Size([128])
1.7.1.7.1.7.1.7.1.4.1.weight | nonzeros =  409600 /  409600             (100.00%) | total_pruned =       0 | shape = torch.Size([128, 128, 5, 5])
1.7.1.7.1.7.1.7.1.4.1.bias | nonzeros =     128 /     128             (100.00%) | total_pruned =       0 | shape = torch.Size([128])
1.7.1.7.1.7.1.7.1.5.weight | nonzeros =     128 /     128             (100.00%) | total_pruned =       0 | shape = torch.Size([128])
1.7.1.7.1.7.1.7.1.5.bias | nonzeros =       0 /     128             (  0.00%) | total_pruned =     128 | shape = torch.Size([128])
1.7.1.7.1.7.1.7.1.7.1.1.1.weight | nonzeros =  409600 /  409600             (100.00%) | total_pruned =       0 | shape = torch.Size([128, 128, 5, 5])
1.7.1.7.1.7.1.7.1.7.1.1.1.bias | nonzeros =     128 /     128             (100.00%) | total_pruned =       0 | shape = torch.Size([128])
1.7.1.7.1.7.1.7.1.7.1.2.weight | nonzeros =     128 /     128             (100.00%) | total_pruned =       0 | shape = torch.Size([128])
1.7.1.7.1.7.1.7.1.7.1.2.bias | nonzeros =       0 /     128             (  0.00%) | total_pruned =     128 | shape = torch.Size([128])
1.7.1.7.1.7.1.7.1.7.1.4.1.weight | nonzeros =  409600 /  409600             (100.00%) | total_pruned =       0 | shape = torch.Size([128, 128, 5, 5])
1.7.1.7.1.7.1.7.1.7.1.4.1.bias | nonzeros =     128 /     128             (100.00%) | total_pruned =       0 | shape = torch.Size([128])
1.7.1.7.1.7.1.7.1.7.1.5.weight | nonzeros =     128 /     128             (100.00%) | total_pruned =       0 | shape = torch.Size([128])
1.7.1.7.1.7.1.7.1.7.1.5.bias | nonzeros =       0 /     128             (  0.00%) | total_pruned =     128 | shape = torch.Size([128])
1.7.1.7.1.7.1.7.1.7.2.weight | nonzeros =     128 /     128             (100.00%) | total_pruned =       0 | shape = torch.Size([128])
1.7.1.7.1.7.1.7.1.7.2.bias | nonzeros =       0 /     128             (  0.00%) | total_pruned =     128 | shape = torch.Size([128])
1.7.1.7.1.7.1.7.1.7.3.1.weight | nonzeros =  147456 /  147456             (100.00%) | total_pruned =       0 | shape = torch.Size([128, 128, 3, 3])
1.7.1.7.1.7.1.7.1.7.3.1.bias | nonzeros =     128 /     128             (100.00%) | total_pruned =       0 | shape = torch.Size([128])
1.7.1.7.1.7.1.7.1.7.4.weight | nonzeros =     128 /     128             (100.00%) | total_pruned =       0 | shape = torch.Size([128])
1.7.1.7.1.7.1.7.1.7.4.bias | nonzeros =       0 /     128             (  0.00%) | total_pruned =     128 | shape = torch.Size([128])
1.7.1.7.1.7.1.7.2.weight | nonzeros =     128 /     128             (100.00%) | total_pruned =       0 | shape = torch.Size([128])
1.7.1.7.1.7.1.7.2.bias | nonzeros =       0 /     128             (  0.00%) | total_pruned =     128 | shape = torch.Size([128])
1.7.1.7.1.7.1.7.3.1.weight | nonzeros =  147456 /  147456             (100.00%) | total_pruned =       0 | shape = torch.Size([128, 128, 3, 3])
1.7.1.7.1.7.1.7.3.1.bias | nonzeros =     128 /     128             (100.00%) | total_pruned =       0 | shape = torch.Size([128])
1.7.1.7.1.7.1.7.4.weight | nonzeros =     128 /     128             (100.00%) | total_pruned =       0 | shape = torch.Size([128])
1.7.1.7.1.7.1.7.4.bias | nonzeros =       0 /     128             (  0.00%) | total_pruned =     128 | shape = torch.Size([128])
1.7.1.7.1.7.2.weight | nonzeros =     128 /     128             (100.00%) | total_pruned =       0 | shape = torch.Size([128])
1.7.1.7.1.7.2.bias   | nonzeros =       0 /     128             (  0.00%) | total_pruned =     128 | shape = torch.Size([128])
1.7.1.7.1.7.3.1.weight | nonzeros =  147456 /  147456             (100.00%) | total_pruned =       0 | shape = torch.Size([128, 128, 3, 3])
1.7.1.7.1.7.3.1.bias | nonzeros =     128 /     128             (100.00%) | total_pruned =       0 | shape = torch.Size([128])
1.7.1.7.1.7.4.weight | nonzeros =     128 /     128             (100.00%) | total_pruned =       0 | shape = torch.Size([128])
1.7.1.7.1.7.4.bias   | nonzeros =       0 /     128             (  0.00%) | total_pruned =     128 | shape = torch.Size([128])
1.7.1.7.2.weight     | nonzeros =     128 /     128             (100.00%) | total_pruned =       0 | shape = torch.Size([128])
1.7.1.7.2.bias       | nonzeros =       0 /     128             (  0.00%) | total_pruned =     128 | shape = torch.Size([128])
1.7.1.7.3.1.weight   | nonzeros =   73728 /   73728             (100.00%) | total_pruned =       0 | shape = torch.Size([64, 128, 3, 3])
1.7.1.7.3.1.bias     | nonzeros =      64 /      64             (100.00%) | total_pruned =       0 | shape = torch.Size([64])
1.7.1.7.4.weight     | nonzeros =      64 /      64             (100.00%) | total_pruned =       0 | shape = torch.Size([64])
1.7.1.7.4.bias       | nonzeros =       0 /      64             (  0.00%) | total_pruned =      64 | shape = torch.Size([64])
1.7.2.weight         | nonzeros =      64 /      64             (100.00%) | total_pruned =       0 | shape = torch.Size([64])
1.7.2.bias           | nonzeros =       0 /      64             (  0.00%) | total_pruned =      64 | shape = torch.Size([64])
1.7.3.1.weight       | nonzeros =   18432 /   18432             (100.00%) | total_pruned =       0 | shape = torch.Size([32, 64, 3, 3])
1.7.3.1.bias         | nonzeros =      32 /      32             (100.00%) | total_pruned =       0 | shape = torch.Size([32])
1.7.4.weight         | nonzeros =      32 /      32             (100.00%) | total_pruned =       0 | shape = torch.Size([32])
1.7.4.bias           | nonzeros =       0 /      32             (  0.00%) | total_pruned =      32 | shape = torch.Size([32])
2.weight             | nonzeros =      32 /      32             (100.00%) | total_pruned =       0 | shape = torch.Size([32])
2.bias               | nonzeros =       0 /      32             (  0.00%) | total_pruned =      32 | shape = torch.Size([32])
3.1.weight           | nonzeros =    4608 /    4608             (100.00%) | total_pruned =       0 | shape = torch.Size([16, 32, 3, 3])
3.1.bias             | nonzeros =      16 /      16             (100.00%) | total_pruned =       0 | shape = torch.Size([16])
4.weight             | nonzeros =      16 /      16             (100.00%) | total_pruned =       0 | shape = torch.Size([16])
4.bias               | nonzeros =       0 /      16             (  0.00%) | total_pruned =      16 | shape = torch.Size([16])
6.1.weight           | nonzeros =      48 /      48             (100.00%) | total_pruned =       0 | shape = torch.Size([3, 16, 1, 1])
6.1.bias             | nonzeros =       3 /       3             (100.00%) | total_pruned =       0 | shape = torch.Size([3])
alive: 3006771, pruned : 2096, total: 3008867, Compression rate :       1.00x  (  0.07% pruned)
Initial PSNR of output image is:  11.820380868855151
epoch:  0 loss:  0.065760038793087 PSNR:  11.820380868855151
epoch:  1000 loss:  0.002213669940829277 PSNR:  26.54887086451932
epoch:  2000 loss:  0.0010448098182678223 PSNR:  29.809627065154448
epoch:  3000 loss:  0.0006375586963258684 PSNR:  31.954799846835023
epoch:  4000 loss:  0.0004348042421042919 PSNR:  33.61706256503893
epoch:  5000 loss:  0.003673980012536049 PSNR:  24.348632932729387
epoch:  6000 loss:  0.0018722264794632792 PSNR:  27.276417247100365
epoch:  7000 loss:  0.0013737976551055908 PSNR:  28.62077192441282
epoch:  8000 loss:  0.0010403210762888193 PSNR:  29.8283274867102
epoch:  9000 loss:  0.0007723985472694039 PSNR:  31.12158617171392
epoch:  10000 loss:  0.0009314803755842149 PSNR:  30.30826263242743
epoch:  11000 loss:  0.0006593407597392797 PSNR:  31.80890190827553
epoch:  12000 loss:  0.0004483153752516955 PSNR:  33.484163382886486
epoch:  13000 loss:  0.0003904435725416988 PSNR:  34.08441689733042
epoch:  14000 loss:  0.000317567668389529 PSNR:  34.981637593800016
epoch:  15000 loss:  0.0002683608327060938 PSNR:  35.71280916306132
epoch:  16000 loss:  0.0003401495923753828 PSNR:  34.683300451480065
epoch:  17000 loss:  0.0002987280022352934 PSNR:  35.247240654900615
epoch:  18000 loss:  0.00022011685359757394 PSNR:  36.57346588879933
epoch:  19000 loss:  0.00021949884830974042 PSNR:  36.58567725327041
epoch:  20000 loss:  0.00017911646864376962 PSNR:  37.46864516925587
epoch:  21000 loss:  0.00016679770487826318 PSNR:  37.778098916219015
epoch:  22000 loss:  0.0001766169152688235 PSNR:  37.52967740526852
epoch:  23000 loss:  0.00015943152538966388 PSNR:  37.97425877971817
epoch:  24000 loss:  0.00013555596524383873 PSNR:  38.6788131958097
epoch:  25000 loss:  0.00015185479423962533 PSNR:  38.18571617179415
epoch:  26000 loss:  0.0001137234503403306 PSNR:  39.44149944612559
epoch:  27000 loss:  9.935229900293052e-05 PSNR:  40.02822110709181
epoch:  28000 loss:  9.772491466719657e-05 PSNR:  40.099947647883155
epoch:  29000 loss:  9.080653398996219e-05 PSNR:  40.418830050621025
epoch:  30000 loss:  0.00013482995564118028 PSNR:  38.70213561489269
epoch:  31000 loss:  9.036250412464142e-05 PSNR:  40.440118473291236
epoch:  32000 loss:  0.00010322112211724743 PSNR:  39.86231362797291
epoch:  33000 loss:  8.933997014537454e-05 PSNR:  40.489541616223185
epoch:  34000 loss:  7.711607759119943e-05 PSNR:  41.12855068366375
epoch:  35000 loss:  7.255564560182393e-05 PSNR:  41.393287456247464
epoch:  36000 loss:  0.00012645198148675263 PSNR:  38.980744109039776
epoch:  37000 loss:  9.434185631107539e-05 PSNR:  40.25295616134847
epoch:  38000 loss:  9.775361104402691e-05 PSNR:  40.09867416960411
epoch:  39000 loss:  8.127301407512277e-05 PSNR:  40.900536726683605
Pruning Iteration: 2/3
Pruning with threshold : 0.2750345766544342
1.1.1.weight         | nonzeros =    4986 /   12800             ( 38.95%) | total_pruned =    7814 | shape = torch.Size([16, 32, 5, 5])
1.1.1.bias           | nonzeros =       0 /      16             (  0.00%) | total_pruned =      16 | shape = torch.Size([16])
1.2.weight           | nonzeros =      14 /      16             ( 87.50%) | total_pruned =       2 | shape = torch.Size([16])
1.2.bias             | nonzeros =       0 /      16             (  0.00%) | total_pruned =      16 | shape = torch.Size([16])
1.4.1.weight         | nonzeros =    1779 /    6400             ( 27.80%) | total_pruned =    4621 | shape = torch.Size([16, 16, 5, 5])
1.4.1.bias           | nonzeros =       0 /      16             (  0.00%) | total_pruned =      16 | shape = torch.Size([16])
1.5.weight           | nonzeros =      16 /      16             (100.00%) | total_pruned =       0 | shape = torch.Size([16])
1.5.bias             | nonzeros =       0 /      16             (  0.00%) | total_pruned =      16 | shape = torch.Size([16])
1.7.1.1.1.weight     | nonzeros =    2089 /   12800             ( 16.32%) | total_pruned =   10711 | shape = torch.Size([32, 16, 5, 5])
1.7.1.1.1.bias       | nonzeros =       0 /      32             (  0.00%) | total_pruned =      32 | shape = torch.Size([32])
1.7.1.2.weight       | nonzeros =      29 /      32             ( 90.62%) | total_pruned =       3 | shape = torch.Size([32])
1.7.1.2.bias         | nonzeros =       0 /      32             (  0.00%) | total_pruned =      32 | shape = torch.Size([32])
1.7.1.4.1.weight     | nonzeros =    3188 /   25600             ( 12.45%) | total_pruned =   22412 | shape = torch.Size([32, 32, 5, 5])
1.7.1.4.1.bias       | nonzeros =       0 /      32             (  0.00%) | total_pruned =      32 | shape = torch.Size([32])
1.7.1.5.weight       | nonzeros =      30 /      32             ( 93.75%) | total_pruned =       2 | shape = torch.Size([32])
1.7.1.5.bias         | nonzeros =       0 /      32             (  0.00%) | total_pruned =      32 | shape = torch.Size([32])
1.7.1.7.1.1.1.weight | nonzeros =    3251 /   51200             (  6.35%) | total_pruned =   47949 | shape = torch.Size([64, 32, 5, 5])
1.7.1.7.1.1.1.bias   | nonzeros =       0 /      64             (  0.00%) | total_pruned =      64 | shape = torch.Size([64])
1.7.1.7.1.2.weight   | nonzeros =      59 /      64             ( 92.19%) | total_pruned =       5 | shape = torch.Size([64])
1.7.1.7.1.2.bias     | nonzeros =       0 /      64             (  0.00%) | total_pruned =      64 | shape = torch.Size([64])
1.7.1.7.1.4.1.weight | nonzeros =    5907 /  102400             (  5.77%) | total_pruned =   96493 | shape = torch.Size([64, 64, 5, 5])
1.7.1.7.1.4.1.bias   | nonzeros =       0 /      64             (  0.00%) | total_pruned =      64 | shape = torch.Size([64])
1.7.1.7.1.5.weight   | nonzeros =      63 /      64             ( 98.44%) | total_pruned =       1 | shape = torch.Size([64])
1.7.1.7.1.5.bias     | nonzeros =       0 /      64             (  0.00%) | total_pruned =      64 | shape = torch.Size([64])
1.7.1.7.1.7.1.1.1.weight | nonzeros =    9180 /  204800             (  4.48%) | total_pruned =  195620 | shape = torch.Size([128, 64, 5, 5])
1.7.1.7.1.7.1.1.1.bias | nonzeros =       0 /     128             (  0.00%) | total_pruned =     128 | shape = torch.Size([128])
1.7.1.7.1.7.1.2.weight | nonzeros =     125 /     128             ( 97.66%) | total_pruned =       3 | shape = torch.Size([128])
1.7.1.7.1.7.1.2.bias | nonzeros =       0 /     128             (  0.00%) | total_pruned =     128 | shape = torch.Size([128])
1.7.1.7.1.7.1.4.1.weight | nonzeros =   22052 /  409600             (  5.38%) | total_pruned =  387548 | shape = torch.Size([128, 128, 5, 5])
1.7.1.7.1.7.1.4.1.bias | nonzeros =       0 /     128             (  0.00%) | total_pruned =     128 | shape = torch.Size([128])
1.7.1.7.1.7.1.5.weight | nonzeros =     128 /     128             (100.00%) | total_pruned =       0 | shape = torch.Size([128])
1.7.1.7.1.7.1.5.bias | nonzeros =       0 /     128             (  0.00%) | total_pruned =     128 | shape = torch.Size([128])
1.7.1.7.1.7.1.7.1.1.1.weight | nonzeros =   26387 /  409600             (  6.44%) | total_pruned =  383213 | shape = torch.Size([128, 128, 5, 5])
1.7.1.7.1.7.1.7.1.1.1.bias | nonzeros =       0 /     128             (  0.00%) | total_pruned =     128 | shape = torch.Size([128])
1.7.1.7.1.7.1.7.1.2.weight | nonzeros =     128 /     128             (100.00%) | total_pruned =       0 | shape = torch.Size([128])
1.7.1.7.1.7.1.7.1.2.bias | nonzeros =       0 /     128             (  0.00%) | total_pruned =     128 | shape = torch.Size([128])
1.7.1.7.1.7.1.7.1.4.1.weight | nonzeros =   40620 /  409600             (  9.92%) | total_pruned =  368980 | shape = torch.Size([128, 128, 5, 5])
1.7.1.7.1.7.1.7.1.4.1.bias | nonzeros =       0 /     128             (  0.00%) | total_pruned =     128 | shape = torch.Size([128])
1.7.1.7.1.7.1.7.1.5.weight | nonzeros =     125 /     128             ( 97.66%) | total_pruned =       3 | shape = torch.Size([128])
1.7.1.7.1.7.1.7.1.5.bias | nonzeros =       0 /     128             (  0.00%) | total_pruned =     128 | shape = torch.Size([128])
1.7.1.7.1.7.1.7.1.7.1.1.1.weight | nonzeros =   65311 /  409600             ( 15.95%) | total_pruned =  344289 | shape = torch.Size([128, 128, 5, 5])
1.7.1.7.1.7.1.7.1.7.1.1.1.bias | nonzeros =       0 /     128             (  0.00%) | total_pruned =     128 | shape = torch.Size([128])
1.7.1.7.1.7.1.7.1.7.1.2.weight | nonzeros =     120 /     128             ( 93.75%) | total_pruned =       8 | shape = torch.Size([128])
1.7.1.7.1.7.1.7.1.7.1.2.bias | nonzeros =       0 /     128             (  0.00%) | total_pruned =     128 | shape = torch.Size([128])
1.7.1.7.1.7.1.7.1.7.1.4.1.weight | nonzeros =  129602 /  409600             ( 31.64%) | total_pruned =  279998 | shape = torch.Size([128, 128, 5, 5])
1.7.1.7.1.7.1.7.1.7.1.4.1.bias | nonzeros =       0 /     128             (  0.00%) | total_pruned =     128 | shape = torch.Size([128])
1.7.1.7.1.7.1.7.1.7.1.5.weight | nonzeros =     128 /     128             (100.00%) | total_pruned =       0 | shape = torch.Size([128])
1.7.1.7.1.7.1.7.1.7.1.5.bias | nonzeros =       0 /     128             (  0.00%) | total_pruned =     128 | shape = torch.Size([128])
1.7.1.7.1.7.1.7.1.7.2.weight | nonzeros =     101 /     128             ( 78.91%) | total_pruned =      27 | shape = torch.Size([128])
1.7.1.7.1.7.1.7.1.7.2.bias | nonzeros =       0 /     128             (  0.00%) | total_pruned =     128 | shape = torch.Size([128])
1.7.1.7.1.7.1.7.1.7.3.1.weight | nonzeros =   68268 /  147456             ( 46.30%) | total_pruned =   79188 | shape = torch.Size([128, 128, 3, 3])
1.7.1.7.1.7.1.7.1.7.3.1.bias | nonzeros =       0 /     128             (  0.00%) | total_pruned =     128 | shape = torch.Size([128])
1.7.1.7.1.7.1.7.1.7.4.weight | nonzeros =     128 /     128             (100.00%) | total_pruned =       0 | shape = torch.Size([128])
1.7.1.7.1.7.1.7.1.7.4.bias | nonzeros =       0 /     128             (  0.00%) | total_pruned =     128 | shape = torch.Size([128])
1.7.1.7.1.7.1.7.2.weight | nonzeros =     116 /     128             ( 90.62%) | total_pruned =      12 | shape = torch.Size([128])
1.7.1.7.1.7.1.7.2.bias | nonzeros =       0 /     128             (  0.00%) | total_pruned =     128 | shape = torch.Size([128])
1.7.1.7.1.7.1.7.3.1.weight | nonzeros =   77213 /  147456             ( 52.36%) | total_pruned =   70243 | shape = torch.Size([128, 128, 3, 3])
1.7.1.7.1.7.1.7.3.1.bias | nonzeros =       0 /     128             (  0.00%) | total_pruned =     128 | shape = torch.Size([128])
1.7.1.7.1.7.1.7.4.weight | nonzeros =     128 /     128             (100.00%) | total_pruned =       0 | shape = torch.Size([128])
1.7.1.7.1.7.1.7.4.bias | nonzeros =       0 /     128             (  0.00%) | total_pruned =     128 | shape = torch.Size([128])
1.7.1.7.1.7.2.weight | nonzeros =     127 /     128             ( 99.22%) | total_pruned =       1 | shape = torch.Size([128])
1.7.1.7.1.7.2.bias   | nonzeros =       0 /     128             (  0.00%) | total_pruned =     128 | shape = torch.Size([128])
1.7.1.7.1.7.3.1.weight | nonzeros =   84491 /  147456             ( 57.30%) | total_pruned =   62965 | shape = torch.Size([128, 128, 3, 3])
1.7.1.7.1.7.3.1.bias | nonzeros =       0 /     128             (  0.00%) | total_pruned =     128 | shape = torch.Size([128])
1.7.1.7.1.7.4.weight | nonzeros =     128 /     128             (100.00%) | total_pruned =       0 | shape = torch.Size([128])
1.7.1.7.1.7.4.bias   | nonzeros =       0 /     128             (  0.00%) | total_pruned =     128 | shape = torch.Size([128])
1.7.1.7.2.weight     | nonzeros =     128 /     128             (100.00%) | total_pruned =       0 | shape = torch.Size([128])
1.7.1.7.2.bias       | nonzeros =       0 /     128             (  0.00%) | total_pruned =     128 | shape = torch.Size([128])
1.7.1.7.3.1.weight   | nonzeros =   41939 /   73728             ( 56.88%) | total_pruned =   31789 | shape = torch.Size([64, 128, 3, 3])
1.7.1.7.3.1.bias     | nonzeros =       0 /      64             (  0.00%) | total_pruned =      64 | shape = torch.Size([64])
1.7.1.7.4.weight     | nonzeros =      64 /      64             (100.00%) | total_pruned =       0 | shape = torch.Size([64])
1.7.1.7.4.bias       | nonzeros =       0 /      64             (  0.00%) | total_pruned =      64 | shape = torch.Size([64])
1.7.2.weight         | nonzeros =      64 /      64             (100.00%) | total_pruned =       0 | shape = torch.Size([64])
1.7.2.bias           | nonzeros =       0 /      64             (  0.00%) | total_pruned =      64 | shape = torch.Size([64])
1.7.3.1.weight       | nonzeros =   10323 /   18432             ( 56.01%) | total_pruned =    8109 | shape = torch.Size([32, 64, 3, 3])
1.7.3.1.bias         | nonzeros =       0 /      32             (  0.00%) | total_pruned =      32 | shape = torch.Size([32])
1.7.4.weight         | nonzeros =      32 /      32             (100.00%) | total_pruned =       0 | shape = torch.Size([32])
1.7.4.bias           | nonzeros =       0 /      32             (  0.00%) | total_pruned =      32 | shape = torch.Size([32])
2.weight             | nonzeros =      32 /      32             (100.00%) | total_pruned =       0 | shape = torch.Size([32])
2.bias               | nonzeros =       0 /      32             (  0.00%) | total_pruned =      32 | shape = torch.Size([32])
3.1.weight           | nonzeros =    2699 /    4608             ( 58.57%) | total_pruned =    1909 | shape = torch.Size([16, 32, 3, 3])
3.1.bias             | nonzeros =       0 /      16             (  0.00%) | total_pruned =      16 | shape = torch.Size([16])
4.weight             | nonzeros =      16 /      16             (100.00%) | total_pruned =       0 | shape = torch.Size([16])
4.bias               | nonzeros =       0 /      16             (  0.00%) | total_pruned =      16 | shape = torch.Size([16])
6.1.weight           | nonzeros =      38 /      48             ( 79.17%) | total_pruned =      10 | shape = torch.Size([3, 16, 1, 1])
6.1.bias             | nonzeros =       2 /       3             ( 66.67%) | total_pruned =       1 | shape = torch.Size([3])
alive: 601354, pruned : 2407513, total: 3008867, Compression rate :       5.00x  ( 80.01% pruned)
Initial PSNR of output image is:  12.181693563303245
epoch:  0 loss:  0.060510486364364624 PSNR:  12.181693563303245
epoch:  1000 loss:  0.0015078929718583822 PSNR:  28.216295500478942
epoch:  2000 loss:  0.0007829742389731109 PSNR:  31.062523975020788
epoch:  3000 loss:  0.0005741821951232851 PSNR:  32.40950322741024
epoch:  4000 loss:  0.0004200905095785856 PSNR:  33.766571597477174
epoch:  5000 loss:  0.0003089005476795137 PSNR:  35.1018136261351
epoch:  6000 loss:  0.00031087518436834216 PSNR:  35.07413984816487
epoch:  7000 loss:  0.00021720785298384726 PSNR:  36.63124535405835
epoch:  8000 loss:  0.00018386860028840601 PSNR:  37.35492498753188
epoch:  9000 loss:  0.00016336077533196658 PSNR:  37.86852291405417
epoch:  10000 loss:  0.0002259627217426896 PSNR:  36.459631748170494
epoch:  11000 loss:  0.0001655873202253133 PSNR:  37.809729985149886
epoch:  12000 loss:  0.00015543887275271118 PSNR:  38.0844044322903
epoch:  13000 loss:  0.00012864348536822945 PSNR:  38.90612300246805
epoch:  14000 loss:  0.00012563474592752755 PSNR:  39.00890183880618
epoch:  15000 loss:  0.00013393184053711593 PSNR:  38.731160685269465
epoch:  16000 loss:  0.00013754601241089404 PSNR:  38.6155194975302
epoch:  17000 loss:  9.952639084076509e-05 PSNR:  40.02061744613003
epoch:  18000 loss:  0.00011907709267688915 PSNR:  39.24171750862839
epoch:  19000 loss:  0.00013161022798158228 PSNR:  38.807103105497134
epoch:  20000 loss:  0.00012795458314940333 PSNR:  38.92944153693576
epoch:  21000 loss:  0.00010425710206618533 PSNR:  39.81894411522452
epoch:  22000 loss:  8.603892638348043e-05 PSNR:  40.65305017492376
epoch:  23000 loss:  9.530409442959353e-05 PSNR:  40.208884077588
epoch:  24000 loss:  9.117219451582059e-05 PSNR:  40.40137591601172
epoch:  25000 loss:  0.00010607634612824768 PSNR:  39.743814184609136
epoch:  26000 loss:  8.245396747952327e-05 PSNR:  40.83788518994649
epoch:  27000 loss:  9.875661635305732e-05 PSNR:  40.05433766495812
epoch:  28000 loss:  0.00010250099876429886 PSNR:  39.8927181036099
epoch:  29000 loss:  0.00010260901035508141 PSNR:  39.88814562650975
epoch:  30000 loss:  9.035784751176834e-05 PSNR:  40.440340183995986
epoch:  31000 loss:  7.410735997837037e-05 PSNR:  41.30138657887572
epoch:  32000 loss:  7.99215558799915e-05 PSNR:  40.97336109570979
epoch:  33000 loss:  7.899867341620848e-05 PSNR:  41.02380201530543
epoch:  34000 loss:  7.611826003994793e-05 PSNR:  41.18511189166764
epoch:  35000 loss:  7.687081233598292e-05 PSNR:  41.14238529478791
epoch:  36000 loss:  7.908254337962717e-05 PSNR:  41.01919331799165
epoch:  37000 loss:  9.861866419669241e-05 PSNR:  40.06040820259887
epoch:  38000 loss:  8.156335388775915e-05 PSNR:  40.88504963065297
epoch:  39000 loss:  6.945678615011275e-05 PSNR:  41.582851794099525
Pruning Iteration: 3/3
Pruning with threshold : 0.42420041561126715
1.1.1.weight         | nonzeros =     427 /   12800             (  3.34%) | total_pruned =   12373 | shape = torch.Size([16, 32, 5, 5])
1.1.1.bias           | nonzeros =       0 /      16             (  0.00%) | total_pruned =      16 | shape = torch.Size([16])
1.2.weight           | nonzeros =      14 /      16             ( 87.50%) | total_pruned =       2 | shape = torch.Size([16])
1.2.bias             | nonzeros =       0 /      16             (  0.00%) | total_pruned =      16 | shape = torch.Size([16])
1.4.1.weight         | nonzeros =     109 /    6400             (  1.70%) | total_pruned =    6291 | shape = torch.Size([16, 16, 5, 5])
1.4.1.bias           | nonzeros =       0 /      16             (  0.00%) | total_pruned =      16 | shape = torch.Size([16])
1.5.weight           | nonzeros =      16 /      16             (100.00%) | total_pruned =       0 | shape = torch.Size([16])
1.5.bias             | nonzeros =       0 /      16             (  0.00%) | total_pruned =      16 | shape = torch.Size([16])
1.7.1.1.1.weight     | nonzeros =      61 /   12800             (  0.48%) | total_pruned =   12739 | shape = torch.Size([32, 16, 5, 5])
1.7.1.1.1.bias       | nonzeros =       0 /      32             (  0.00%) | total_pruned =      32 | shape = torch.Size([32])
1.7.1.2.weight       | nonzeros =      29 /      32             ( 90.62%) | total_pruned =       3 | shape = torch.Size([32])
1.7.1.2.bias         | nonzeros =       0 /      32             (  0.00%) | total_pruned =      32 | shape = torch.Size([32])
1.7.1.4.1.weight     | nonzeros =      60 /   25600             (  0.23%) | total_pruned =   25540 | shape = torch.Size([32, 32, 5, 5])
1.7.1.4.1.bias       | nonzeros =       0 /      32             (  0.00%) | total_pruned =      32 | shape = torch.Size([32])
1.7.1.5.weight       | nonzeros =      30 /      32             ( 93.75%) | total_pruned =       2 | shape = torch.Size([32])
1.7.1.5.bias         | nonzeros =       0 /      32             (  0.00%) | total_pruned =      32 | shape = torch.Size([32])
1.7.1.7.1.1.1.weight | nonzeros =      57 /   51200             (  0.11%) | total_pruned =   51143 | shape = torch.Size([64, 32, 5, 5])
1.7.1.7.1.1.1.bias   | nonzeros =       0 /      64             (  0.00%) | total_pruned =      64 | shape = torch.Size([64])
1.7.1.7.1.2.weight   | nonzeros =      59 /      64             ( 92.19%) | total_pruned =       5 | shape = torch.Size([64])
1.7.1.7.1.2.bias     | nonzeros =       0 /      64             (  0.00%) | total_pruned =      64 | shape = torch.Size([64])
1.7.1.7.1.4.1.weight | nonzeros =      63 /  102400             (  0.06%) | total_pruned =  102337 | shape = torch.Size([64, 64, 5, 5])
1.7.1.7.1.4.1.bias   | nonzeros =       0 /      64             (  0.00%) | total_pruned =      64 | shape = torch.Size([64])
1.7.1.7.1.5.weight   | nonzeros =      63 /      64             ( 98.44%) | total_pruned =       1 | shape = torch.Size([64])
1.7.1.7.1.5.bias     | nonzeros =       0 /      64             (  0.00%) | total_pruned =      64 | shape = torch.Size([64])
1.7.1.7.1.7.1.1.1.weight | nonzeros =      67 /  204800             (  0.03%) | total_pruned =  204733 | shape = torch.Size([128, 64, 5, 5])
1.7.1.7.1.7.1.1.1.bias | nonzeros =       0 /     128             (  0.00%) | total_pruned =     128 | shape = torch.Size([128])
1.7.1.7.1.7.1.2.weight | nonzeros =     124 /     128             ( 96.88%) | total_pruned =       4 | shape = torch.Size([128])
1.7.1.7.1.7.1.2.bias | nonzeros =       0 /     128             (  0.00%) | total_pruned =     128 | shape = torch.Size([128])
1.7.1.7.1.7.1.4.1.weight | nonzeros =     105 /  409600             (  0.03%) | total_pruned =  409495 | shape = torch.Size([128, 128, 5, 5])
1.7.1.7.1.7.1.4.1.bias | nonzeros =       0 /     128             (  0.00%) | total_pruned =     128 | shape = torch.Size([128])
1.7.1.7.1.7.1.5.weight | nonzeros =     128 /     128             (100.00%) | total_pruned =       0 | shape = torch.Size([128])
1.7.1.7.1.7.1.5.bias | nonzeros =       0 /     128             (  0.00%) | total_pruned =     128 | shape = torch.Size([128])
1.7.1.7.1.7.1.7.1.1.1.weight | nonzeros =     159 /  409600             (  0.04%) | total_pruned =  409441 | shape = torch.Size([128, 128, 5, 5])
1.7.1.7.1.7.1.7.1.1.1.bias | nonzeros =       0 /     128             (  0.00%) | total_pruned =     128 | shape = torch.Size([128])
1.7.1.7.1.7.1.7.1.2.weight | nonzeros =     128 /     128             (100.00%) | total_pruned =       0 | shape = torch.Size([128])
1.7.1.7.1.7.1.7.1.2.bias | nonzeros =       0 /     128             (  0.00%) | total_pruned =     128 | shape = torch.Size([128])
1.7.1.7.1.7.1.7.1.4.1.weight | nonzeros =    1241 /  409600             (  0.30%) | total_pruned =  408359 | shape = torch.Size([128, 128, 5, 5])
1.7.1.7.1.7.1.7.1.4.1.bias | nonzeros =       0 /     128             (  0.00%) | total_pruned =     128 | shape = torch.Size([128])
1.7.1.7.1.7.1.7.1.5.weight | nonzeros =     121 /     128             ( 94.53%) | total_pruned =       7 | shape = torch.Size([128])
1.7.1.7.1.7.1.7.1.5.bias | nonzeros =       0 /     128             (  0.00%) | total_pruned =     128 | shape = torch.Size([128])
1.7.1.7.1.7.1.7.1.7.1.1.1.weight | nonzeros =    3914 /  409600             (  0.96%) | total_pruned =  405686 | shape = torch.Size([128, 128, 5, 5])
1.7.1.7.1.7.1.7.1.7.1.1.1.bias | nonzeros =       0 /     128             (  0.00%) | total_pruned =     128 | shape = torch.Size([128])
1.7.1.7.1.7.1.7.1.7.1.2.weight | nonzeros =      95 /     128             ( 74.22%) | total_pruned =      33 | shape = torch.Size([128])
1.7.1.7.1.7.1.7.1.7.1.2.bias | nonzeros =       0 /     128             (  0.00%) | total_pruned =     128 | shape = torch.Size([128])
1.7.1.7.1.7.1.7.1.7.1.4.1.weight | nonzeros =   16932 /  409600             (  4.13%) | total_pruned =  392668 | shape = torch.Size([128, 128, 5, 5])
1.7.1.7.1.7.1.7.1.7.1.4.1.bias | nonzeros =       0 /     128             (  0.00%) | total_pruned =     128 | shape = torch.Size([128])
1.7.1.7.1.7.1.7.1.7.1.5.weight | nonzeros =     128 /     128             (100.00%) | total_pruned =       0 | shape = torch.Size([128])
1.7.1.7.1.7.1.7.1.7.1.5.bias | nonzeros =       0 /     128             (  0.00%) | total_pruned =     128 | shape = torch.Size([128])
1.7.1.7.1.7.1.7.1.7.2.weight | nonzeros =      99 /     128             ( 77.34%) | total_pruned =      29 | shape = torch.Size([128])
1.7.1.7.1.7.1.7.1.7.2.bias | nonzeros =       0 /     128             (  0.00%) | total_pruned =     128 | shape = torch.Size([128])
1.7.1.7.1.7.1.7.1.7.3.1.weight | nonzeros =   18754 /  147456             ( 12.72%) | total_pruned =  128702 | shape = torch.Size([128, 128, 3, 3])
1.7.1.7.1.7.1.7.1.7.3.1.bias | nonzeros =       0 /     128             (  0.00%) | total_pruned =     128 | shape = torch.Size([128])
1.7.1.7.1.7.1.7.1.7.4.weight | nonzeros =     128 /     128             (100.00%) | total_pruned =       0 | shape = torch.Size([128])
1.7.1.7.1.7.1.7.1.7.4.bias | nonzeros =       0 /     128             (  0.00%) | total_pruned =     128 | shape = torch.Size([128])
1.7.1.7.1.7.1.7.2.weight | nonzeros =     116 /     128             ( 90.62%) | total_pruned =      12 | shape = torch.Size([128])
1.7.1.7.1.7.1.7.2.bias | nonzeros =       0 /     128             (  0.00%) | total_pruned =     128 | shape = torch.Size([128])
1.7.1.7.1.7.1.7.3.1.weight | nonzeros =   27500 /  147456             ( 18.65%) | total_pruned =  119956 | shape = torch.Size([128, 128, 3, 3])
1.7.1.7.1.7.1.7.3.1.bias | nonzeros =       0 /     128             (  0.00%) | total_pruned =     128 | shape = torch.Size([128])
1.7.1.7.1.7.1.7.4.weight | nonzeros =     128 /     128             (100.00%) | total_pruned =       0 | shape = torch.Size([128])
1.7.1.7.1.7.1.7.4.bias | nonzeros =       0 /     128             (  0.00%) | total_pruned =     128 | shape = torch.Size([128])
1.7.1.7.1.7.2.weight | nonzeros =     127 /     128             ( 99.22%) | total_pruned =       1 | shape = torch.Size([128])
1.7.1.7.1.7.2.bias   | nonzeros =       0 /     128             (  0.00%) | total_pruned =     128 | shape = torch.Size([128])
1.7.1.7.1.7.3.1.weight | nonzeros =   30458 /  147456             ( 20.66%) | total_pruned =  116998 | shape = torch.Size([128, 128, 3, 3])
1.7.1.7.1.7.3.1.bias | nonzeros =       0 /     128             (  0.00%) | total_pruned =     128 | shape = torch.Size([128])
1.7.1.7.1.7.4.weight | nonzeros =     128 /     128             (100.00%) | total_pruned =       0 | shape = torch.Size([128])
1.7.1.7.1.7.4.bias   | nonzeros =       0 /     128             (  0.00%) | total_pruned =     128 | shape = torch.Size([128])
1.7.1.7.2.weight     | nonzeros =     128 /     128             (100.00%) | total_pruned =       0 | shape = torch.Size([128])
1.7.1.7.2.bias       | nonzeros =       0 /     128             (  0.00%) | total_pruned =     128 | shape = torch.Size([128])
1.7.1.7.3.1.weight   | nonzeros =   14056 /   73728             ( 19.06%) | total_pruned =   59672 | shape = torch.Size([64, 128, 3, 3])
1.7.1.7.3.1.bias     | nonzeros =       0 /      64             (  0.00%) | total_pruned =      64 | shape = torch.Size([64])
1.7.1.7.4.weight     | nonzeros =      64 /      64             (100.00%) | total_pruned =       0 | shape = torch.Size([64])
1.7.1.7.4.bias       | nonzeros =       0 /      64             (  0.00%) | total_pruned =      64 | shape = torch.Size([64])
1.7.2.weight         | nonzeros =      64 /      64             (100.00%) | total_pruned =       0 | shape = torch.Size([64])
1.7.2.bias           | nonzeros =       0 /      64             (  0.00%) | total_pruned =      64 | shape = torch.Size([64])
1.7.3.1.weight       | nonzeros =    3386 /   18432             ( 18.37%) | total_pruned =   15046 | shape = torch.Size([32, 64, 3, 3])
1.7.3.1.bias         | nonzeros =       0 /      32             (  0.00%) | total_pruned =      32 | shape = torch.Size([32])
1.7.4.weight         | nonzeros =      32 /      32             (100.00%) | total_pruned =       0 | shape = torch.Size([32])
1.7.4.bias           | nonzeros =       0 /      32             (  0.00%) | total_pruned =      32 | shape = torch.Size([32])
2.weight             | nonzeros =      32 /      32             (100.00%) | total_pruned =       0 | shape = torch.Size([32])
2.bias               | nonzeros =       0 /      32             (  0.00%) | total_pruned =      32 | shape = torch.Size([32])
3.1.weight           | nonzeros =     910 /    4608             ( 19.75%) | total_pruned =    3698 | shape = torch.Size([16, 32, 3, 3])
3.1.bias             | nonzeros =       0 /      16             (  0.00%) | total_pruned =      16 | shape = torch.Size([16])
4.weight             | nonzeros =      16 /      16             (100.00%) | total_pruned =       0 | shape = torch.Size([16])
4.bias               | nonzeros =       0 /      16             (  0.00%) | total_pruned =      16 | shape = torch.Size([16])
6.1.weight           | nonzeros =      14 /      48             ( 29.17%) | total_pruned =      34 | shape = torch.Size([3, 16, 1, 1])
6.1.bias             | nonzeros =       0 /       3             (  0.00%) | total_pruned =       3 | shape = torch.Size([3])
alive: 120270, pruned : 2888597, total: 3008867, Compression rate :      25.02x  ( 96.00% pruned)
Initial PSNR of output image is:  12.287055994509132
epoch:  0 loss:  0.05906014144420624 PSNR:  12.287055994509132
epoch:  1000 loss:  0.001180768245831132 PSNR:  29.27835291941986
epoch:  2000 loss:  0.0007554688490927219 PSNR:  31.217834385996785
epoch:  3000 loss:  0.0006393928779289126 PSNR:  31.942322450942775
epoch:  4000 loss:  0.0005640984745696187 PSNR:  32.4864502987496
epoch:  5000 loss:  0.0006568379467353225 PSNR:  31.82541726687169
epoch:  6000 loss:  0.0005290766712278128 PSNR:  32.76481387552038
epoch:  7000 loss:  0.0004633777716662735 PSNR:  33.34064857802624
epoch:  8000 loss:  0.0004147638101130724 PSNR:  33.82199266547254
epoch:  9000 loss:  0.00047700945287942886 PSNR:  33.21473040973905
epoch:  10000 loss:  0.0004026553069707006 PSNR:  33.95066635342279
epoch:  11000 loss:  0.00041631548083387315 PSNR:  33.805774090630564
epoch:  12000 loss:  0.00040254625491797924 PSNR:  33.95184178054756
epoch:  13000 loss:  0.0003808528126683086 PSNR:  34.19242799526145
epoch:  14000 loss:  0.0003616402391344309 PSNR:  34.41723287202389
epoch:  15000 loss:  0.0003894492983818054 PSNR:  34.095490742334604
epoch:  16000 loss:  0.0003451159573160112 PSNR:  34.62035032780461
epoch:  17000 loss:  0.0003493183758109808 PSNR:  34.56778567802378
epoch:  18000 loss:  0.00033649575198069215 PSNR:  34.73020338938984
epoch:  19000 loss:  0.00037105800583958626 PSNR:  34.305581596988134
epoch:  20000 loss:  0.00034258479718118906 PSNR:  34.65231913544518
epoch:  21000 loss:  0.0003474206605460495 PSNR:  34.59144358328934
epoch:  22000 loss:  0.00036238599568605423 PSNR:  34.40828628748835
epoch:  23000 loss:  0.00031614070758223534 PSNR:  35.00119579009923
epoch:  24000 loss:  0.0003162429202347994 PSNR:  34.999792682420875
epoch:  25000 loss:  0.00033823843114078045 PSNR:  34.7077704876624
epoch:  26000 loss:  0.0003329614410176873 PSNR:  34.77605943669553
epoch:  27000 loss:  0.00031985004898160696 PSNR:  34.950536179562405
epoch:  28000 loss:  0.0003364173462614417 PSNR:  34.73121656891892
epoch:  29000 loss:  0.0003028285573236644 PSNR:  35.188032141625676
epoch:  30000 loss:  0.0003062453761231154 PSNR:  35.139305423630056
epoch:  31000 loss:  0.000303196138702333 PSNR:  35.182764172567985
epoch:  32000 loss:  0.000296782556688413 PSNR:  35.275615430016344
epoch:  33000 loss:  0.0002935458323918283 PSNR:  35.3232408112546
epoch:  34000 loss:  0.0002984310267493129 PSNR:  35.25156069244895
epoch:  35000 loss:  0.0002905246801674366 PSNR:  35.36817055259441
epoch:  36000 loss:  0.0003025297774001956 PSNR:  35.1923183039163
epoch:  37000 loss:  0.00030055176466703415 PSNR:  35.22080759815324
epoch:  38000 loss:  0.0003011418448295444 PSNR:  35.21228977332973
epoch:  39000 loss:  0.0002928643370978534 PSNR:  35.33333510341595
Experiment done
