(3, 512, 512)
Starting IMP on DIP on 8 using SAM(sigma=0.1,lr=0.01,decay=0,beta=0)
Noisy PSNR is '21.63951576958783'
(3, 512, 512) (3, 512, 512) torch.Size([1, 32, 512, 512])
Starting optimization with optimizer 'SAM'
Output directory: data/denoising/Set14/mask/8/pat/clean/3_0.8
Pruning Iteration: 1/3
1.1.1.weight         | nonzeros =   12800 /   12800             (100.00%) | total_pruned =       0 | shape = torch.Size([16, 32, 5, 5])
1.1.1.bias           | nonzeros =      16 /      16             (100.00%) | total_pruned =       0 | shape = torch.Size([16])
1.2.weight           | nonzeros =      16 /      16             (100.00%) | total_pruned =       0 | shape = torch.Size([16])
1.2.bias             | nonzeros =       0 /      16             (  0.00%) | total_pruned =      16 | shape = torch.Size([16])
1.4.1.weight         | nonzeros =    6400 /    6400             (100.00%) | total_pruned =       0 | shape = torch.Size([16, 16, 5, 5])
1.4.1.bias           | nonzeros =      16 /      16             (100.00%) | total_pruned =       0 | shape = torch.Size([16])
1.5.weight           | nonzeros =      16 /      16             (100.00%) | total_pruned =       0 | shape = torch.Size([16])
1.5.bias             | nonzeros =       0 /      16             (  0.00%) | total_pruned =      16 | shape = torch.Size([16])
1.7.1.1.1.weight     | nonzeros =   12800 /   12800             (100.00%) | total_pruned =       0 | shape = torch.Size([32, 16, 5, 5])
1.7.1.1.1.bias       | nonzeros =      32 /      32             (100.00%) | total_pruned =       0 | shape = torch.Size([32])
1.7.1.2.weight       | nonzeros =      32 /      32             (100.00%) | total_pruned =       0 | shape = torch.Size([32])
1.7.1.2.bias         | nonzeros =       0 /      32             (  0.00%) | total_pruned =      32 | shape = torch.Size([32])
1.7.1.4.1.weight     | nonzeros =   25600 /   25600             (100.00%) | total_pruned =       0 | shape = torch.Size([32, 32, 5, 5])
1.7.1.4.1.bias       | nonzeros =      32 /      32             (100.00%) | total_pruned =       0 | shape = torch.Size([32])
1.7.1.5.weight       | nonzeros =      32 /      32             (100.00%) | total_pruned =       0 | shape = torch.Size([32])
1.7.1.5.bias         | nonzeros =       0 /      32             (  0.00%) | total_pruned =      32 | shape = torch.Size([32])
1.7.1.7.1.1.1.weight | nonzeros =   51200 /   51200             (100.00%) | total_pruned =       0 | shape = torch.Size([64, 32, 5, 5])
1.7.1.7.1.1.1.bias   | nonzeros =      64 /      64             (100.00%) | total_pruned =       0 | shape = torch.Size([64])
1.7.1.7.1.2.weight   | nonzeros =      64 /      64             (100.00%) | total_pruned =       0 | shape = torch.Size([64])
1.7.1.7.1.2.bias     | nonzeros =       0 /      64             (  0.00%) | total_pruned =      64 | shape = torch.Size([64])
1.7.1.7.1.4.1.weight | nonzeros =  102400 /  102400             (100.00%) | total_pruned =       0 | shape = torch.Size([64, 64, 5, 5])
1.7.1.7.1.4.1.bias   | nonzeros =      64 /      64             (100.00%) | total_pruned =       0 | shape = torch.Size([64])
1.7.1.7.1.5.weight   | nonzeros =      64 /      64             (100.00%) | total_pruned =       0 | shape = torch.Size([64])
1.7.1.7.1.5.bias     | nonzeros =       0 /      64             (  0.00%) | total_pruned =      64 | shape = torch.Size([64])
1.7.1.7.1.7.1.1.1.weight | nonzeros =  204800 /  204800             (100.00%) | total_pruned =       0 | shape = torch.Size([128, 64, 5, 5])
1.7.1.7.1.7.1.1.1.bias | nonzeros =     128 /     128             (100.00%) | total_pruned =       0 | shape = torch.Size([128])
1.7.1.7.1.7.1.2.weight | nonzeros =     128 /     128             (100.00%) | total_pruned =       0 | shape = torch.Size([128])
1.7.1.7.1.7.1.2.bias | nonzeros =       0 /     128             (  0.00%) | total_pruned =     128 | shape = torch.Size([128])
1.7.1.7.1.7.1.4.1.weight | nonzeros =  409600 /  409600             (100.00%) | total_pruned =       0 | shape = torch.Size([128, 128, 5, 5])
1.7.1.7.1.7.1.4.1.bias | nonzeros =     128 /     128             (100.00%) | total_pruned =       0 | shape = torch.Size([128])
1.7.1.7.1.7.1.5.weight | nonzeros =     128 /     128             (100.00%) | total_pruned =       0 | shape = torch.Size([128])
1.7.1.7.1.7.1.5.bias | nonzeros =       0 /     128             (  0.00%) | total_pruned =     128 | shape = torch.Size([128])
1.7.1.7.1.7.1.7.1.1.1.weight | nonzeros =  409600 /  409600             (100.00%) | total_pruned =       0 | shape = torch.Size([128, 128, 5, 5])
1.7.1.7.1.7.1.7.1.1.1.bias | nonzeros =     128 /     128             (100.00%) | total_pruned =       0 | shape = torch.Size([128])
1.7.1.7.1.7.1.7.1.2.weight | nonzeros =     128 /     128             (100.00%) | total_pruned =       0 | shape = torch.Size([128])
1.7.1.7.1.7.1.7.1.2.bias | nonzeros =       0 /     128             (  0.00%) | total_pruned =     128 | shape = torch.Size([128])
1.7.1.7.1.7.1.7.1.4.1.weight | nonzeros =  409600 /  409600             (100.00%) | total_pruned =       0 | shape = torch.Size([128, 128, 5, 5])
1.7.1.7.1.7.1.7.1.4.1.bias | nonzeros =     128 /     128             (100.00%) | total_pruned =       0 | shape = torch.Size([128])
1.7.1.7.1.7.1.7.1.5.weight | nonzeros =     128 /     128             (100.00%) | total_pruned =       0 | shape = torch.Size([128])
1.7.1.7.1.7.1.7.1.5.bias | nonzeros =       0 /     128             (  0.00%) | total_pruned =     128 | shape = torch.Size([128])
1.7.1.7.1.7.1.7.1.7.1.1.1.weight | nonzeros =  409600 /  409600             (100.00%) | total_pruned =       0 | shape = torch.Size([128, 128, 5, 5])
1.7.1.7.1.7.1.7.1.7.1.1.1.bias | nonzeros =     128 /     128             (100.00%) | total_pruned =       0 | shape = torch.Size([128])
1.7.1.7.1.7.1.7.1.7.1.2.weight | nonzeros =     128 /     128             (100.00%) | total_pruned =       0 | shape = torch.Size([128])
1.7.1.7.1.7.1.7.1.7.1.2.bias | nonzeros =       0 /     128             (  0.00%) | total_pruned =     128 | shape = torch.Size([128])
1.7.1.7.1.7.1.7.1.7.1.4.1.weight | nonzeros =  409600 /  409600             (100.00%) | total_pruned =       0 | shape = torch.Size([128, 128, 5, 5])
1.7.1.7.1.7.1.7.1.7.1.4.1.bias | nonzeros =     128 /     128             (100.00%) | total_pruned =       0 | shape = torch.Size([128])
1.7.1.7.1.7.1.7.1.7.1.5.weight | nonzeros =     128 /     128             (100.00%) | total_pruned =       0 | shape = torch.Size([128])
1.7.1.7.1.7.1.7.1.7.1.5.bias | nonzeros =       0 /     128             (  0.00%) | total_pruned =     128 | shape = torch.Size([128])
1.7.1.7.1.7.1.7.1.7.2.weight | nonzeros =     128 /     128             (100.00%) | total_pruned =       0 | shape = torch.Size([128])
1.7.1.7.1.7.1.7.1.7.2.bias | nonzeros =       0 /     128             (  0.00%) | total_pruned =     128 | shape = torch.Size([128])
1.7.1.7.1.7.1.7.1.7.3.1.weight | nonzeros =  147456 /  147456             (100.00%) | total_pruned =       0 | shape = torch.Size([128, 128, 3, 3])
1.7.1.7.1.7.1.7.1.7.3.1.bias | nonzeros =     128 /     128             (100.00%) | total_pruned =       0 | shape = torch.Size([128])
1.7.1.7.1.7.1.7.1.7.4.weight | nonzeros =     128 /     128             (100.00%) | total_pruned =       0 | shape = torch.Size([128])
1.7.1.7.1.7.1.7.1.7.4.bias | nonzeros =       0 /     128             (  0.00%) | total_pruned =     128 | shape = torch.Size([128])
1.7.1.7.1.7.1.7.2.weight | nonzeros =     128 /     128             (100.00%) | total_pruned =       0 | shape = torch.Size([128])
1.7.1.7.1.7.1.7.2.bias | nonzeros =       0 /     128             (  0.00%) | total_pruned =     128 | shape = torch.Size([128])
1.7.1.7.1.7.1.7.3.1.weight | nonzeros =  147456 /  147456             (100.00%) | total_pruned =       0 | shape = torch.Size([128, 128, 3, 3])
1.7.1.7.1.7.1.7.3.1.bias | nonzeros =     128 /     128             (100.00%) | total_pruned =       0 | shape = torch.Size([128])
1.7.1.7.1.7.1.7.4.weight | nonzeros =     128 /     128             (100.00%) | total_pruned =       0 | shape = torch.Size([128])
1.7.1.7.1.7.1.7.4.bias | nonzeros =       0 /     128             (  0.00%) | total_pruned =     128 | shape = torch.Size([128])
1.7.1.7.1.7.2.weight | nonzeros =     128 /     128             (100.00%) | total_pruned =       0 | shape = torch.Size([128])
1.7.1.7.1.7.2.bias   | nonzeros =       0 /     128             (  0.00%) | total_pruned =     128 | shape = torch.Size([128])
1.7.1.7.1.7.3.1.weight | nonzeros =  147456 /  147456             (100.00%) | total_pruned =       0 | shape = torch.Size([128, 128, 3, 3])
1.7.1.7.1.7.3.1.bias | nonzeros =     128 /     128             (100.00%) | total_pruned =       0 | shape = torch.Size([128])
1.7.1.7.1.7.4.weight | nonzeros =     128 /     128             (100.00%) | total_pruned =       0 | shape = torch.Size([128])
1.7.1.7.1.7.4.bias   | nonzeros =       0 /     128             (  0.00%) | total_pruned =     128 | shape = torch.Size([128])
1.7.1.7.2.weight     | nonzeros =     128 /     128             (100.00%) | total_pruned =       0 | shape = torch.Size([128])
1.7.1.7.2.bias       | nonzeros =       0 /     128             (  0.00%) | total_pruned =     128 | shape = torch.Size([128])
1.7.1.7.3.1.weight   | nonzeros =   73728 /   73728             (100.00%) | total_pruned =       0 | shape = torch.Size([64, 128, 3, 3])
1.7.1.7.3.1.bias     | nonzeros =      64 /      64             (100.00%) | total_pruned =       0 | shape = torch.Size([64])
1.7.1.7.4.weight     | nonzeros =      64 /      64             (100.00%) | total_pruned =       0 | shape = torch.Size([64])
1.7.1.7.4.bias       | nonzeros =       0 /      64             (  0.00%) | total_pruned =      64 | shape = torch.Size([64])
1.7.2.weight         | nonzeros =      64 /      64             (100.00%) | total_pruned =       0 | shape = torch.Size([64])
1.7.2.bias           | nonzeros =       0 /      64             (  0.00%) | total_pruned =      64 | shape = torch.Size([64])
1.7.3.1.weight       | nonzeros =   18432 /   18432             (100.00%) | total_pruned =       0 | shape = torch.Size([32, 64, 3, 3])
1.7.3.1.bias         | nonzeros =      32 /      32             (100.00%) | total_pruned =       0 | shape = torch.Size([32])
1.7.4.weight         | nonzeros =      32 /      32             (100.00%) | total_pruned =       0 | shape = torch.Size([32])
1.7.4.bias           | nonzeros =       0 /      32             (  0.00%) | total_pruned =      32 | shape = torch.Size([32])
2.weight             | nonzeros =      32 /      32             (100.00%) | total_pruned =       0 | shape = torch.Size([32])
2.bias               | nonzeros =       0 /      32             (  0.00%) | total_pruned =      32 | shape = torch.Size([32])
3.1.weight           | nonzeros =    4608 /    4608             (100.00%) | total_pruned =       0 | shape = torch.Size([16, 32, 3, 3])
3.1.bias             | nonzeros =      16 /      16             (100.00%) | total_pruned =       0 | shape = torch.Size([16])
4.weight             | nonzeros =      16 /      16             (100.00%) | total_pruned =       0 | shape = torch.Size([16])
4.bias               | nonzeros =       0 /      16             (  0.00%) | total_pruned =      16 | shape = torch.Size([16])
6.1.weight           | nonzeros =      48 /      48             (100.00%) | total_pruned =       0 | shape = torch.Size([3, 16, 1, 1])
6.1.bias             | nonzeros =       3 /       3             (100.00%) | total_pruned =       0 | shape = torch.Size([3])
alive: 3006771, pruned : 2096, total: 3008867, Compression rate :       1.00x  (  0.07% pruned)
Initial PSNR of output image is:  7.092556141737221
epoch:  0 loss:  0.1953190267086029 PSNR:  7.092556141737221
epoch:  1000 loss:  0.0034544910304248333 PSNR:  24.616159598940797
epoch:  2000 loss:  0.000786892487667501 PSNR:  31.04084632933258
epoch:  3000 loss:  0.00041351327672600746 PSNR:  33.835104502373014
epoch:  4000 loss:  0.0003137114108540118 PSNR:  35.03469684104927
epoch:  5000 loss:  0.00024919951101765037 PSNR:  36.03452763469078
epoch:  6000 loss:  0.0001601401309017092 PSNR:  37.95499860292099
epoch:  7000 loss:  0.0001871701970230788 PSNR:  37.27763471318855
epoch:  8000 loss:  0.00017108202155213803 PSNR:  37.66795626642072
epoch:  9000 loss:  0.0001334509433945641 PSNR:  38.746783517408026
epoch:  10000 loss:  0.00010293293598806486 PSNR:  39.87445608832553
epoch:  11000 loss:  8.498334500472993e-05 PSNR:  40.7066629031931
epoch:  12000 loss:  8.082193380687386e-05 PSNR:  40.92470723412803
epoch:  13000 loss:  7.697875844314694e-05 PSNR:  41.13629056682314
epoch:  14000 loss:  7.378426380455494e-05 PSNR:  41.32036208786489
epoch:  15000 loss:  0.010386448353528976 PSNR:  19.835330119586448
epoch:  16000 loss:  0.003665005322545767 PSNR:  24.359254730829356
epoch:  17000 loss:  0.002228958997875452 PSNR:  26.51897920375849
epoch:  18000 loss:  0.0015218725893646479 PSNR:  28.176218046879008
epoch:  19000 loss:  0.0010947955306619406 PSNR:  29.606670303809857
epoch:  20000 loss:  0.0009614957380108535 PSNR:  30.1705261021187
epoch:  21000 loss:  0.0007703462615609169 PSNR:  31.133140535089083
epoch:  22000 loss:  0.0006221342482604086 PSNR:  32.06115890248548
epoch:  23000 loss:  0.0005324799567461014 PSNR:  32.73696735003578
epoch:  24000 loss:  0.0004263434966560453 PSNR:  33.70240416549774
epoch:  25000 loss:  0.00042199468589387834 PSNR:  33.74692988047104
epoch:  26000 loss:  0.0003943677875213325 PSNR:  34.040985980759906
epoch:  27000 loss:  0.00027720569050870836 PSNR:  35.57197767530977
epoch:  28000 loss:  0.00025846922653727233 PSNR:  35.87591205690986
epoch:  29000 loss:  0.000289087271085009 PSNR:  35.38971030498987
epoch:  30000 loss:  0.0002550585486460477 PSNR:  35.933601158983755
epoch:  31000 loss:  0.00018788446323014796 PSNR:  37.261090979838514
epoch:  32000 loss:  0.00019481897470541298 PSNR:  37.1036871415278
epoch:  33000 loss:  0.0001688663032837212 PSNR:  37.7245700382126
epoch:  34000 loss:  0.000157950387801975 PSNR:  38.014791834375195
epoch:  35000 loss:  0.0001492776209488511 PSNR:  38.260052949334494
epoch:  36000 loss:  0.00013942431542091072 PSNR:  38.55661615218659
epoch:  37000 loss:  0.00021599156025331467 PSNR:  36.6556321832603
epoch:  38000 loss:  0.00012523062468972057 PSNR:  39.02289553946434
epoch:  39000 loss:  0.0001587499282322824 PSNR:  37.99286502181816
Pruning Iteration: 2/3
Pruning with threshold : 0.46720215678215027
1.1.1.weight         | nonzeros =    3572 /   12800             ( 27.91%) | total_pruned =    9228 | shape = torch.Size([16, 32, 5, 5])
1.1.1.bias           | nonzeros =       0 /      16             (  0.00%) | total_pruned =      16 | shape = torch.Size([16])
1.2.weight           | nonzeros =      15 /      16             ( 93.75%) | total_pruned =       1 | shape = torch.Size([16])
1.2.bias             | nonzeros =       0 /      16             (  0.00%) | total_pruned =      16 | shape = torch.Size([16])
1.4.1.weight         | nonzeros =    1547 /    6400             ( 24.17%) | total_pruned =    4853 | shape = torch.Size([16, 16, 5, 5])
1.4.1.bias           | nonzeros =       0 /      16             (  0.00%) | total_pruned =      16 | shape = torch.Size([16])
1.5.weight           | nonzeros =      14 /      16             ( 87.50%) | total_pruned =       2 | shape = torch.Size([16])
1.5.bias             | nonzeros =       0 /      16             (  0.00%) | total_pruned =      16 | shape = torch.Size([16])
1.7.1.1.1.weight     | nonzeros =    2485 /   12800             ( 19.41%) | total_pruned =   10315 | shape = torch.Size([32, 16, 5, 5])
1.7.1.1.1.bias       | nonzeros =       0 /      32             (  0.00%) | total_pruned =      32 | shape = torch.Size([32])
1.7.1.2.weight       | nonzeros =      31 /      32             ( 96.88%) | total_pruned =       1 | shape = torch.Size([32])
1.7.1.2.bias         | nonzeros =       0 /      32             (  0.00%) | total_pruned =      32 | shape = torch.Size([32])
1.7.1.4.1.weight     | nonzeros =    4332 /   25600             ( 16.92%) | total_pruned =   21268 | shape = torch.Size([32, 32, 5, 5])
1.7.1.4.1.bias       | nonzeros =       0 /      32             (  0.00%) | total_pruned =      32 | shape = torch.Size([32])
1.7.1.5.weight       | nonzeros =      32 /      32             (100.00%) | total_pruned =       0 | shape = torch.Size([32])
1.7.1.5.bias         | nonzeros =       0 /      32             (  0.00%) | total_pruned =      32 | shape = torch.Size([32])
1.7.1.7.1.1.1.weight | nonzeros =    7742 /   51200             ( 15.12%) | total_pruned =   43458 | shape = torch.Size([64, 32, 5, 5])
1.7.1.7.1.1.1.bias   | nonzeros =       0 /      64             (  0.00%) | total_pruned =      64 | shape = torch.Size([64])
1.7.1.7.1.2.weight   | nonzeros =      62 /      64             ( 96.88%) | total_pruned =       2 | shape = torch.Size([64])
1.7.1.7.1.2.bias     | nonzeros =       0 /      64             (  0.00%) | total_pruned =      64 | shape = torch.Size([64])
1.7.1.7.1.4.1.weight | nonzeros =   14040 /  102400             ( 13.71%) | total_pruned =   88360 | shape = torch.Size([64, 64, 5, 5])
1.7.1.7.1.4.1.bias   | nonzeros =       0 /      64             (  0.00%) | total_pruned =      64 | shape = torch.Size([64])
1.7.1.7.1.5.weight   | nonzeros =      62 /      64             ( 96.88%) | total_pruned =       2 | shape = torch.Size([64])
1.7.1.7.1.5.bias     | nonzeros =       0 /      64             (  0.00%) | total_pruned =      64 | shape = torch.Size([64])
1.7.1.7.1.7.1.1.1.weight | nonzeros =   24292 /  204800             ( 11.86%) | total_pruned =  180508 | shape = torch.Size([128, 64, 5, 5])
1.7.1.7.1.7.1.1.1.bias | nonzeros =       0 /     128             (  0.00%) | total_pruned =     128 | shape = torch.Size([128])
1.7.1.7.1.7.1.2.weight | nonzeros =     122 /     128             ( 95.31%) | total_pruned =       6 | shape = torch.Size([128])
1.7.1.7.1.7.1.2.bias | nonzeros =       0 /     128             (  0.00%) | total_pruned =     128 | shape = torch.Size([128])
1.7.1.7.1.7.1.4.1.weight | nonzeros =   50096 /  409600             ( 12.23%) | total_pruned =  359504 | shape = torch.Size([128, 128, 5, 5])
1.7.1.7.1.7.1.4.1.bias | nonzeros =       0 /     128             (  0.00%) | total_pruned =     128 | shape = torch.Size([128])
1.7.1.7.1.7.1.5.weight | nonzeros =     123 /     128             ( 96.09%) | total_pruned =       5 | shape = torch.Size([128])
1.7.1.7.1.7.1.5.bias | nonzeros =       0 /     128             (  0.00%) | total_pruned =     128 | shape = torch.Size([128])
1.7.1.7.1.7.1.7.1.1.1.weight | nonzeros =   51440 /  409600             ( 12.56%) | total_pruned =  358160 | shape = torch.Size([128, 128, 5, 5])
1.7.1.7.1.7.1.7.1.1.1.bias | nonzeros =       0 /     128             (  0.00%) | total_pruned =     128 | shape = torch.Size([128])
1.7.1.7.1.7.1.7.1.2.weight | nonzeros =     123 /     128             ( 96.09%) | total_pruned =       5 | shape = torch.Size([128])
1.7.1.7.1.7.1.7.1.2.bias | nonzeros =       0 /     128             (  0.00%) | total_pruned =     128 | shape = torch.Size([128])
1.7.1.7.1.7.1.7.1.4.1.weight | nonzeros =   65006 /  409600             ( 15.87%) | total_pruned =  344594 | shape = torch.Size([128, 128, 5, 5])
1.7.1.7.1.7.1.7.1.4.1.bias | nonzeros =       0 /     128             (  0.00%) | total_pruned =     128 | shape = torch.Size([128])
1.7.1.7.1.7.1.7.1.5.weight | nonzeros =     121 /     128             ( 94.53%) | total_pruned =       7 | shape = torch.Size([128])
1.7.1.7.1.7.1.7.1.5.bias | nonzeros =       0 /     128             (  0.00%) | total_pruned =     128 | shape = torch.Size([128])
1.7.1.7.1.7.1.7.1.7.1.1.1.weight | nonzeros =   75485 /  409600             ( 18.43%) | total_pruned =  334115 | shape = torch.Size([128, 128, 5, 5])
1.7.1.7.1.7.1.7.1.7.1.1.1.bias | nonzeros =       0 /     128             (  0.00%) | total_pruned =     128 | shape = torch.Size([128])
1.7.1.7.1.7.1.7.1.7.1.2.weight | nonzeros =      85 /     128             ( 66.41%) | total_pruned =      43 | shape = torch.Size([128])
1.7.1.7.1.7.1.7.1.7.1.2.bias | nonzeros =       0 /     128             (  0.00%) | total_pruned =     128 | shape = torch.Size([128])
1.7.1.7.1.7.1.7.1.7.1.4.1.weight | nonzeros =  104569 /  409600             ( 25.53%) | total_pruned =  305031 | shape = torch.Size([128, 128, 5, 5])
1.7.1.7.1.7.1.7.1.7.1.4.1.bias | nonzeros =       0 /     128             (  0.00%) | total_pruned =     128 | shape = torch.Size([128])
1.7.1.7.1.7.1.7.1.7.1.5.weight | nonzeros =     128 /     128             (100.00%) | total_pruned =       0 | shape = torch.Size([128])
1.7.1.7.1.7.1.7.1.7.1.5.bias | nonzeros =       0 /     128             (  0.00%) | total_pruned =     128 | shape = torch.Size([128])
1.7.1.7.1.7.1.7.1.7.2.weight | nonzeros =      91 /     128             ( 71.09%) | total_pruned =      37 | shape = torch.Size([128])
1.7.1.7.1.7.1.7.1.7.2.bias | nonzeros =       0 /     128             (  0.00%) | total_pruned =     128 | shape = torch.Size([128])
1.7.1.7.1.7.1.7.1.7.3.1.weight | nonzeros =   48316 /  147456             ( 32.77%) | total_pruned =   99140 | shape = torch.Size([128, 128, 3, 3])
1.7.1.7.1.7.1.7.1.7.3.1.bias | nonzeros =       0 /     128             (  0.00%) | total_pruned =     128 | shape = torch.Size([128])
1.7.1.7.1.7.1.7.1.7.4.weight | nonzeros =     128 /     128             (100.00%) | total_pruned =       0 | shape = torch.Size([128])
1.7.1.7.1.7.1.7.1.7.4.bias | nonzeros =       0 /     128             (  0.00%) | total_pruned =     128 | shape = torch.Size([128])
1.7.1.7.1.7.1.7.2.weight | nonzeros =      98 /     128             ( 76.56%) | total_pruned =      30 | shape = torch.Size([128])
1.7.1.7.1.7.1.7.2.bias | nonzeros =       0 /     128             (  0.00%) | total_pruned =     128 | shape = torch.Size([128])
1.7.1.7.1.7.1.7.3.1.weight | nonzeros =   52602 /  147456             ( 35.67%) | total_pruned =   94854 | shape = torch.Size([128, 128, 3, 3])
1.7.1.7.1.7.1.7.3.1.bias | nonzeros =       0 /     128             (  0.00%) | total_pruned =     128 | shape = torch.Size([128])
1.7.1.7.1.7.1.7.4.weight | nonzeros =     128 /     128             (100.00%) | total_pruned =       0 | shape = torch.Size([128])
1.7.1.7.1.7.1.7.4.bias | nonzeros =       0 /     128             (  0.00%) | total_pruned =     128 | shape = torch.Size([128])
1.7.1.7.1.7.2.weight | nonzeros =     121 /     128             ( 94.53%) | total_pruned =       7 | shape = torch.Size([128])
1.7.1.7.1.7.2.bias   | nonzeros =       0 /     128             (  0.00%) | total_pruned =     128 | shape = torch.Size([128])
1.7.1.7.1.7.3.1.weight | nonzeros =   56884 /  147456             ( 38.58%) | total_pruned =   90572 | shape = torch.Size([128, 128, 3, 3])
1.7.1.7.1.7.3.1.bias | nonzeros =       0 /     128             (  0.00%) | total_pruned =     128 | shape = torch.Size([128])
1.7.1.7.1.7.4.weight | nonzeros =     128 /     128             (100.00%) | total_pruned =       0 | shape = torch.Size([128])
1.7.1.7.1.7.4.bias   | nonzeros =       0 /     128             (  0.00%) | total_pruned =     128 | shape = torch.Size([128])
1.7.1.7.2.weight     | nonzeros =     126 /     128             ( 98.44%) | total_pruned =       2 | shape = torch.Size([128])
1.7.1.7.2.bias       | nonzeros =       0 /     128             (  0.00%) | total_pruned =     128 | shape = torch.Size([128])
1.7.1.7.3.1.weight   | nonzeros =   28277 /   73728             ( 38.35%) | total_pruned =   45451 | shape = torch.Size([64, 128, 3, 3])
1.7.1.7.3.1.bias     | nonzeros =       0 /      64             (  0.00%) | total_pruned =      64 | shape = torch.Size([64])
1.7.1.7.4.weight     | nonzeros =      64 /      64             (100.00%) | total_pruned =       0 | shape = torch.Size([64])
1.7.1.7.4.bias       | nonzeros =       0 /      64             (  0.00%) | total_pruned =      64 | shape = torch.Size([64])
1.7.2.weight         | nonzeros =      64 /      64             (100.00%) | total_pruned =       0 | shape = torch.Size([64])
1.7.2.bias           | nonzeros =       0 /      64             (  0.00%) | total_pruned =      64 | shape = torch.Size([64])
1.7.3.1.weight       | nonzeros =    6881 /   18432             ( 37.33%) | total_pruned =   11551 | shape = torch.Size([32, 64, 3, 3])
1.7.3.1.bias         | nonzeros =       0 /      32             (  0.00%) | total_pruned =      32 | shape = torch.Size([32])
1.7.4.weight         | nonzeros =      32 /      32             (100.00%) | total_pruned =       0 | shape = torch.Size([32])
1.7.4.bias           | nonzeros =       0 /      32             (  0.00%) | total_pruned =      32 | shape = torch.Size([32])
2.weight             | nonzeros =      32 /      32             (100.00%) | total_pruned =       0 | shape = torch.Size([32])
2.bias               | nonzeros =       0 /      32             (  0.00%) | total_pruned =      32 | shape = torch.Size([32])
3.1.weight           | nonzeros =    1804 /    4608             ( 39.15%) | total_pruned =    2804 | shape = torch.Size([16, 32, 3, 3])
3.1.bias             | nonzeros =       0 /      16             (  0.00%) | total_pruned =      16 | shape = torch.Size([16])
4.weight             | nonzeros =      16 /      16             (100.00%) | total_pruned =       0 | shape = torch.Size([16])
4.bias               | nonzeros =       0 /      16             (  0.00%) | total_pruned =      16 | shape = torch.Size([16])
6.1.weight           | nonzeros =      36 /      48             ( 75.00%) | total_pruned =      12 | shape = torch.Size([3, 16, 1, 1])
6.1.bias             | nonzeros =       2 /       3             ( 66.67%) | total_pruned =       1 | shape = torch.Size([3])
alive: 601354, pruned : 2407513, total: 3008867, Compression rate :       5.00x  ( 80.01% pruned)
Initial PSNR of output image is:  7.275958616047264
epoch:  0 loss:  0.18724237382411957 PSNR:  7.275958616047264
epoch:  1000 loss:  0.002445413265377283 PSNR:  26.11647777601112
epoch:  2000 loss:  0.000838762556668371 PSNR:  30.763609651824563
epoch:  3000 loss:  0.00044906415860168636 PSNR:  33.47691577985673
epoch:  4000 loss:  0.00027103268075734377 PSNR:  35.66978292686621
epoch:  5000 loss:  0.0002840445376932621 PSNR:  35.466135134897286
epoch:  6000 loss:  0.0004006608505733311 PSNR:  33.97223059787781
epoch:  7000 loss:  0.00017146306345239282 PSNR:  37.658294211984334
epoch:  8000 loss:  0.00021900991850998253 PSNR:  36.595361875519245
epoch:  9000 loss:  0.00019886203517671674 PSNR:  37.01448088499457
epoch:  10000 loss:  0.00017307046800851822 PSNR:  37.61777031923154
epoch:  11000 loss:  0.006742163561284542 PSNR:  21.712008659124336
epoch:  12000 loss:  0.0033275652676820755 PSNR:  24.77873508574276
epoch:  13000 loss:  0.0019277258543297648 PSNR:  27.14954780365109
epoch:  14000 loss:  0.0014410208677873015 PSNR:  28.413298352680115
epoch:  15000 loss:  0.001126305665820837 PSNR:  29.483439556300475
epoch:  16000 loss:  0.0008603221504017711 PSNR:  30.653389247166256
epoch:  17000 loss:  0.0007141865789890289 PSNR:  31.46188421526329
epoch:  18000 loss:  0.0005801193183287978 PSNR:  32.36482759171175
epoch:  19000 loss:  0.0009609198896214366 PSNR:  30.17312764654894
epoch:  20000 loss:  0.0004765131452586502 PSNR:  33.21925087735342
epoch:  21000 loss:  0.0005322876386344433 PSNR:  32.73853666863203
epoch:  22000 loss:  0.0005130585050210357 PSNR:  32.89833059380499
epoch:  23000 loss:  0.0004364833584986627 PSNR:  33.60032251774556
epoch:  24000 loss:  0.0003698708605952561 PSNR:  34.319498480318494
epoch:  25000 loss:  0.000324598397128284 PSNR:  34.886536679964046
epoch:  26000 loss:  0.0002718154282774776 PSNR:  35.65725896295165
epoch:  27000 loss:  0.00027952296659350395 PSNR:  35.53582412706926
epoch:  28000 loss:  0.0003058949369005859 PSNR:  35.14427752613808
epoch:  29000 loss:  0.000297450867947191 PSNR:  35.26584674500605
epoch:  30000 loss:  0.00023140401754062623 PSNR:  36.356292145210524
epoch:  31000 loss:  0.00019608692673500627 PSNR:  37.07551424570799
epoch:  32000 loss:  0.00023152504581958055 PSNR:  36.35402103067284
epoch:  33000 loss:  0.00017516982916276902 PSNR:  37.56540765738072
epoch:  34000 loss:  0.00018073510727845132 PSNR:  37.429574088471824
epoch:  35000 loss:  0.0002220669121015817 PSNR:  36.535162032872734
epoch:  36000 loss:  0.00016852053522597998 PSNR:  37.73347132709701
epoch:  37000 loss:  0.00020175965619273484 PSNR:  36.95165639503638
epoch:  38000 loss:  0.00015766284195706248 PSNR:  38.02270809649761
epoch:  39000 loss:  0.00015324135893024504 PSNR:  38.14624087870324
Pruning Iteration: 3/3
Pruning with threshold : 0.5472666978836059
1.1.1.weight         | nonzeros =     828 /   12800             (  6.47%) | total_pruned =   11972 | shape = torch.Size([16, 32, 5, 5])
1.1.1.bias           | nonzeros =       0 /      16             (  0.00%) | total_pruned =      16 | shape = torch.Size([16])
1.2.weight           | nonzeros =      10 /      16             ( 62.50%) | total_pruned =       6 | shape = torch.Size([16])
1.2.bias             | nonzeros =       0 /      16             (  0.00%) | total_pruned =      16 | shape = torch.Size([16])
1.4.1.weight         | nonzeros =     340 /    6400             (  5.31%) | total_pruned =    6060 | shape = torch.Size([16, 16, 5, 5])
1.4.1.bias           | nonzeros =       0 /      16             (  0.00%) | total_pruned =      16 | shape = torch.Size([16])
1.5.weight           | nonzeros =      12 /      16             ( 75.00%) | total_pruned =       4 | shape = torch.Size([16])
1.5.bias             | nonzeros =       0 /      16             (  0.00%) | total_pruned =      16 | shape = torch.Size([16])
1.7.1.1.1.weight     | nonzeros =     550 /   12800             (  4.30%) | total_pruned =   12250 | shape = torch.Size([32, 16, 5, 5])
1.7.1.1.1.bias       | nonzeros =       0 /      32             (  0.00%) | total_pruned =      32 | shape = torch.Size([32])
1.7.1.2.weight       | nonzeros =      27 /      32             ( 84.38%) | total_pruned =       5 | shape = torch.Size([32])
1.7.1.2.bias         | nonzeros =       0 /      32             (  0.00%) | total_pruned =      32 | shape = torch.Size([32])
1.7.1.4.1.weight     | nonzeros =     778 /   25600             (  3.04%) | total_pruned =   24822 | shape = torch.Size([32, 32, 5, 5])
1.7.1.4.1.bias       | nonzeros =       0 /      32             (  0.00%) | total_pruned =      32 | shape = torch.Size([32])
1.7.1.5.weight       | nonzeros =      24 /      32             ( 75.00%) | total_pruned =       8 | shape = torch.Size([32])
1.7.1.5.bias         | nonzeros =       0 /      32             (  0.00%) | total_pruned =      32 | shape = torch.Size([32])
1.7.1.7.1.1.1.weight | nonzeros =    1157 /   51200             (  2.26%) | total_pruned =   50043 | shape = torch.Size([64, 32, 5, 5])
1.7.1.7.1.1.1.bias   | nonzeros =       0 /      64             (  0.00%) | total_pruned =      64 | shape = torch.Size([64])
1.7.1.7.1.2.weight   | nonzeros =      51 /      64             ( 79.69%) | total_pruned =      13 | shape = torch.Size([64])
1.7.1.7.1.2.bias     | nonzeros =       0 /      64             (  0.00%) | total_pruned =      64 | shape = torch.Size([64])
1.7.1.7.1.4.1.weight | nonzeros =    2000 /  102400             (  1.95%) | total_pruned =  100400 | shape = torch.Size([64, 64, 5, 5])
1.7.1.7.1.4.1.bias   | nonzeros =       0 /      64             (  0.00%) | total_pruned =      64 | shape = torch.Size([64])
1.7.1.7.1.5.weight   | nonzeros =      55 /      64             ( 85.94%) | total_pruned =       9 | shape = torch.Size([64])
1.7.1.7.1.5.bias     | nonzeros =       0 /      64             (  0.00%) | total_pruned =      64 | shape = torch.Size([64])
1.7.1.7.1.7.1.1.1.weight | nonzeros =    2980 /  204800             (  1.46%) | total_pruned =  201820 | shape = torch.Size([128, 64, 5, 5])
1.7.1.7.1.7.1.1.1.bias | nonzeros =       0 /     128             (  0.00%) | total_pruned =     128 | shape = torch.Size([128])
1.7.1.7.1.7.1.2.weight | nonzeros =     108 /     128             ( 84.38%) | total_pruned =      20 | shape = torch.Size([128])
1.7.1.7.1.7.1.2.bias | nonzeros =       0 /     128             (  0.00%) | total_pruned =     128 | shape = torch.Size([128])
1.7.1.7.1.7.1.4.1.weight | nonzeros =    6022 /  409600             (  1.47%) | total_pruned =  403578 | shape = torch.Size([128, 128, 5, 5])
1.7.1.7.1.7.1.4.1.bias | nonzeros =       0 /     128             (  0.00%) | total_pruned =     128 | shape = torch.Size([128])
1.7.1.7.1.7.1.5.weight | nonzeros =     106 /     128             ( 82.81%) | total_pruned =      22 | shape = torch.Size([128])
1.7.1.7.1.7.1.5.bias | nonzeros =       0 /     128             (  0.00%) | total_pruned =     128 | shape = torch.Size([128])
1.7.1.7.1.7.1.7.1.1.1.weight | nonzeros =    6906 /  409600             (  1.69%) | total_pruned =  402694 | shape = torch.Size([128, 128, 5, 5])
1.7.1.7.1.7.1.7.1.1.1.bias | nonzeros =       0 /     128             (  0.00%) | total_pruned =     128 | shape = torch.Size([128])
1.7.1.7.1.7.1.7.1.2.weight | nonzeros =     107 /     128             ( 83.59%) | total_pruned =      21 | shape = torch.Size([128])
1.7.1.7.1.7.1.7.1.2.bias | nonzeros =       0 /     128             (  0.00%) | total_pruned =     128 | shape = torch.Size([128])
1.7.1.7.1.7.1.7.1.4.1.weight | nonzeros =   11572 /  409600             (  2.83%) | total_pruned =  398028 | shape = torch.Size([128, 128, 5, 5])
1.7.1.7.1.7.1.7.1.4.1.bias | nonzeros =       0 /     128             (  0.00%) | total_pruned =     128 | shape = torch.Size([128])
1.7.1.7.1.7.1.7.1.5.weight | nonzeros =     102 /     128             ( 79.69%) | total_pruned =      26 | shape = torch.Size([128])
1.7.1.7.1.7.1.7.1.5.bias | nonzeros =       0 /     128             (  0.00%) | total_pruned =     128 | shape = torch.Size([128])
1.7.1.7.1.7.1.7.1.7.1.1.1.weight | nonzeros =   12719 /  409600             (  3.11%) | total_pruned =  396881 | shape = torch.Size([128, 128, 5, 5])
1.7.1.7.1.7.1.7.1.7.1.1.1.bias | nonzeros =       0 /     128             (  0.00%) | total_pruned =     128 | shape = torch.Size([128])
1.7.1.7.1.7.1.7.1.7.1.2.weight | nonzeros =      56 /     128             ( 43.75%) | total_pruned =      72 | shape = torch.Size([128])
1.7.1.7.1.7.1.7.1.7.1.2.bias | nonzeros =       0 /     128             (  0.00%) | total_pruned =     128 | shape = torch.Size([128])
1.7.1.7.1.7.1.7.1.7.1.4.1.weight | nonzeros =   17334 /  409600             (  4.23%) | total_pruned =  392266 | shape = torch.Size([128, 128, 5, 5])
1.7.1.7.1.7.1.7.1.7.1.4.1.bias | nonzeros =       0 /     128             (  0.00%) | total_pruned =     128 | shape = torch.Size([128])
1.7.1.7.1.7.1.7.1.7.1.5.weight | nonzeros =     128 /     128             (100.00%) | total_pruned =       0 | shape = torch.Size([128])
1.7.1.7.1.7.1.7.1.7.1.5.bias | nonzeros =       0 /     128             (  0.00%) | total_pruned =     128 | shape = torch.Size([128])
1.7.1.7.1.7.1.7.1.7.2.weight | nonzeros =      81 /     128             ( 63.28%) | total_pruned =      47 | shape = torch.Size([128])
1.7.1.7.1.7.1.7.1.7.2.bias | nonzeros =       0 /     128             (  0.00%) | total_pruned =     128 | shape = torch.Size([128])
1.7.1.7.1.7.1.7.1.7.3.1.weight | nonzeros =   10614 /  147456             (  7.20%) | total_pruned =  136842 | shape = torch.Size([128, 128, 3, 3])
1.7.1.7.1.7.1.7.1.7.3.1.bias | nonzeros =       0 /     128             (  0.00%) | total_pruned =     128 | shape = torch.Size([128])
1.7.1.7.1.7.1.7.1.7.4.weight | nonzeros =     128 /     128             (100.00%) | total_pruned =       0 | shape = torch.Size([128])
1.7.1.7.1.7.1.7.1.7.4.bias | nonzeros =       0 /     128             (  0.00%) | total_pruned =     128 | shape = torch.Size([128])
1.7.1.7.1.7.1.7.2.weight | nonzeros =      95 /     128             ( 74.22%) | total_pruned =      33 | shape = torch.Size([128])
1.7.1.7.1.7.1.7.2.bias | nonzeros =       0 /     128             (  0.00%) | total_pruned =     128 | shape = torch.Size([128])
1.7.1.7.1.7.1.7.3.1.weight | nonzeros =   14600 /  147456             (  9.90%) | total_pruned =  132856 | shape = torch.Size([128, 128, 3, 3])
1.7.1.7.1.7.1.7.3.1.bias | nonzeros =       0 /     128             (  0.00%) | total_pruned =     128 | shape = torch.Size([128])
1.7.1.7.1.7.1.7.4.weight | nonzeros =     128 /     128             (100.00%) | total_pruned =       0 | shape = torch.Size([128])
1.7.1.7.1.7.1.7.4.bias | nonzeros =       0 /     128             (  0.00%) | total_pruned =     128 | shape = torch.Size([128])
1.7.1.7.1.7.2.weight | nonzeros =     121 /     128             ( 94.53%) | total_pruned =       7 | shape = torch.Size([128])
1.7.1.7.1.7.2.bias   | nonzeros =       0 /     128             (  0.00%) | total_pruned =     128 | shape = torch.Size([128])
1.7.1.7.1.7.3.1.weight | nonzeros =   18268 /  147456             ( 12.39%) | total_pruned =  129188 | shape = torch.Size([128, 128, 3, 3])
1.7.1.7.1.7.3.1.bias | nonzeros =       0 /     128             (  0.00%) | total_pruned =     128 | shape = torch.Size([128])
1.7.1.7.1.7.4.weight | nonzeros =     128 /     128             (100.00%) | total_pruned =       0 | shape = torch.Size([128])
1.7.1.7.1.7.4.bias   | nonzeros =       0 /     128             (  0.00%) | total_pruned =     128 | shape = torch.Size([128])
1.7.1.7.2.weight     | nonzeros =     126 /     128             ( 98.44%) | total_pruned =       2 | shape = torch.Size([128])
1.7.1.7.2.bias       | nonzeros =       0 /     128             (  0.00%) | total_pruned =     128 | shape = torch.Size([128])
1.7.1.7.3.1.weight   | nonzeros =    9029 /   73728             ( 12.25%) | total_pruned =   64699 | shape = torch.Size([64, 128, 3, 3])
1.7.1.7.3.1.bias     | nonzeros =       0 /      64             (  0.00%) | total_pruned =      64 | shape = torch.Size([64])
1.7.1.7.4.weight     | nonzeros =      64 /      64             (100.00%) | total_pruned =       0 | shape = torch.Size([64])
1.7.1.7.4.bias       | nonzeros =       0 /      64             (  0.00%) | total_pruned =      64 | shape = torch.Size([64])
1.7.2.weight         | nonzeros =      63 /      64             ( 98.44%) | total_pruned =       1 | shape = torch.Size([64])
1.7.2.bias           | nonzeros =       0 /      64             (  0.00%) | total_pruned =      64 | shape = torch.Size([64])
1.7.3.1.weight       | nonzeros =    2195 /   18432             ( 11.91%) | total_pruned =   16237 | shape = torch.Size([32, 64, 3, 3])
1.7.3.1.bias         | nonzeros =       0 /      32             (  0.00%) | total_pruned =      32 | shape = torch.Size([32])
1.7.4.weight         | nonzeros =      32 /      32             (100.00%) | total_pruned =       0 | shape = torch.Size([32])
1.7.4.bias           | nonzeros =       0 /      32             (  0.00%) | total_pruned =      32 | shape = torch.Size([32])
2.weight             | nonzeros =      32 /      32             (100.00%) | total_pruned =       0 | shape = torch.Size([32])
2.bias               | nonzeros =       0 /      32             (  0.00%) | total_pruned =      32 | shape = torch.Size([32])
3.1.weight           | nonzeros =     556 /    4608             ( 12.07%) | total_pruned =    4052 | shape = torch.Size([16, 32, 3, 3])
3.1.bias             | nonzeros =       0 /      16             (  0.00%) | total_pruned =      16 | shape = torch.Size([16])
4.weight             | nonzeros =      16 /      16             (100.00%) | total_pruned =       0 | shape = torch.Size([16])
4.bias               | nonzeros =       0 /      16             (  0.00%) | total_pruned =      16 | shape = torch.Size([16])
6.1.weight           | nonzeros =      22 /      48             ( 45.83%) | total_pruned =      26 | shape = torch.Size([3, 16, 1, 1])
6.1.bias             | nonzeros =       0 /       3             (  0.00%) | total_pruned =       3 | shape = torch.Size([3])
alive: 120270, pruned : 2888597, total: 3008867, Compression rate :      25.02x  ( 96.00% pruned)
Initial PSNR of output image is:  7.397991391775989
epoch:  0 loss:  0.18205425143241882 PSNR:  7.397991391775989
epoch:  1000 loss:  0.0015200487105175853 PSNR:  28.181425944899075
epoch:  2000 loss:  0.000816871877759695 PSNR:  30.878461788143756
epoch:  3000 loss:  0.0009866607142612338 PSNR:  30.05832214941269
epoch:  4000 loss:  0.0006108326488174498 PSNR:  32.14077840858444
epoch:  5000 loss:  0.00046253783511929214 PSNR:  33.3485273662988
epoch:  6000 loss:  0.0005871984176337719 PSNR:  32.31215166465934
epoch:  7000 loss:  0.0006403280422091484 PSNR:  31.935975179605297
epoch:  8000 loss:  0.0004027097893413156 PSNR:  33.95008001459691
epoch:  9000 loss:  0.0004938349593430758 PSNR:  33.0641827131495
epoch:  10000 loss:  0.0004513772146310657 PSNR:  33.45460451750439
epoch:  11000 loss:  0.0003780790138989687 PSNR:  34.224174618629476
epoch:  12000 loss:  0.00043997447937726974 PSNR:  33.56572542667071
epoch:  13000 loss:  0.00037999905180186033 PSNR:  34.202174537991624
epoch:  14000 loss:  0.0003781065752264112 PSNR:  34.22385770244662
epoch:  15000 loss:  0.00042702985228970647 PSNR:  33.69541674980209
epoch:  16000 loss:  0.0003856558760162443 PSNR:  34.13800047156406
epoch:  17000 loss:  0.0002969226334244013 PSNR:  35.273567388875975
epoch:  18000 loss:  0.0002959792036563158 PSNR:  35.28738802639022
epoch:  19000 loss:  0.00034906979999504983 PSNR:  34.5708772283533
epoch:  20000 loss:  0.00030664572841487825 PSNR:  35.13363080670825
epoch:  21000 loss:  0.00033205351792275906 PSNR:  34.78791876226681
epoch:  22000 loss:  0.00032023395760916173 PSNR:  34.94532696327573
epoch:  23000 loss:  0.00028307747561484575 PSNR:  35.48094864537828
epoch:  24000 loss:  0.00030791133758611977 PSNR:  35.11574442818366
epoch:  25000 loss:  0.00033066546893678606 PSNR:  34.8061123210514
epoch:  26000 loss:  0.00033229353721253574 PSNR:  34.78478067208648
epoch:  27000 loss:  0.0002905204601120204 PSNR:  35.36823363709579
epoch:  28000 loss:  0.0003116547013632953 PSNR:  35.06326357874202
epoch:  29000 loss:  0.0002864436828531325 PSNR:  35.429607069886984
epoch:  30000 loss:  0.0003031854867003858 PSNR:  35.18291550258184
epoch:  31000 loss:  0.00026945414720103145 PSNR:  35.695151277381626
epoch:  32000 loss:  0.00026621107826940715 PSNR:  35.74773875491087
epoch:  33000 loss:  0.00038081101956777275 PSNR:  34.19290559264199
epoch:  34000 loss:  0.00030228003743104637 PSNR:  35.195905326759906
epoch:  35000 loss:  0.00026743882335722446 PSNR:  35.727755944258
epoch:  36000 loss:  0.00032378791365772486 PSNR:  34.89739366607114
epoch:  37000 loss:  0.000270871096290648 PSNR:  35.67237287880091
epoch:  38000 loss:  0.00024989384110085666 PSNR:  36.02244548550483
epoch:  39000 loss:  0.00027413558564148843 PSNR:  35.620345848742076
Experiment done
